    1 C-              0.129E-009
    2 E               0.372E+000
    3 C2-             0.118E-067
    4 C3-             0.518E-075
    5 C4-             0.599E-076
    6 C5-             0.163E-085
    7 C6-             0.687E-087
    8 C7-             0.213E-089
    9 C8-             0.125E-089
   10 C10-            0.679E-086
   11 C2H-            0.294E-007
   12 C3H-            0.170E-073
   13 C3N-            0.659E-020
   14 C4H-            0.684E-072
   15 C5H-            0.203E-080
   16 C6H-            0.748E-076
   17 C7H-            0.749E-085
   18 C8H-            0.358E-085
   19 C9-             0.271E-089
   20 C9H-            0.229E-089
   21 CH-             0.114E-073
   22 O-              0.962E-014
   23 OH-             0.204E-008
   24 S-              0.452E-011
   25 CN-             0.618E-009
   26 H-              0.215E-007
   27 C10H-           0.420E-086
   28 C5N-            0.833E-081
   29 O2-             0.382E-090
   30 C               0.283E+001
   31 C2              0.716E-001
   32 CH2             0.799E-001
   33 C2H2            0.282E+004
   34 CH              0.117E-003
   35 C2H             0.706E-002
   36 CO2             0.244E-003
   37 CO              0.515E+005
   38 H2O             0.166E+003
   39 H2CO            0.217E-005
   40 N               0.200E+000
   41 CN              0.150E-001
   42 NH              0.303E-003
   43 HCN             0.263E+004
   44 O2              0.110E-009
   45 O               0.812E+000
   46 OH              0.107E+000
   47 HCO             0.433E-005
   48 C4              0.724E-009
   49 C3              0.570E-008
   50 C5              0.213E-018
   51 C6              0.136E-019
   52 C7              0.397E-022
   53 C8              0.261E-022
   54 C9              0.581E-022
   55 C10             0.157E-018
   56 C3H             0.175E-006
   57 C4H             0.689E-005
   58 C4N             0.368E-072
   59 C5H             0.878E-014
   60 C6H             0.758E-009
   61 C7H             0.124E-017
   62 C8H             0.629E-018
   63 C9H             0.485E-022
   64 C10H            0.969E-019
   65 CS              0.683E+003
   66 CH3             0.480E-001
   67 CH3CN           0.678E-011
   68 CH3OH           0.554E-014
   69 OCS             0.516E-011
   70 CH4             0.225E+003
   71 H               0.985E+001
   72 H2              0.644E+008
   73 NH2             0.726E-003
   74 NH3             0.386E+001
   75 C10H2           0.313E-025
   76 H2CCC           0.146E-020
   77 HC3N            0.511E-007
   78 HC4H            0.340E-003
   79 C5H2            0.190E-010
   80 HC5N            0.174E-012
   81 C6H2            0.231E-009
   82 C7H2            0.209E-015
   83 C8H2            0.146E-017
   84 C9H2            0.628E-027
   85 HS              0.338E-002
   86 C2N             0.113E-014
   87 C3N             0.671E-011
   88 C5N             0.151E-013
   89 C7N             0.321E-081
   90 HC7N            0.683E-078
   91 C9N             0.240E-085
   92 HC9N            0.205E-085
   93 NO              0.973E-007
   94 NS              0.462E-017
   95 NO2             0.352E-021
   96 SO2             0.294E-026
   97 C2O             0.371E-020
   98 SO              0.274E-007
   99 HNC             0.227E-004
  100 C2H4            0.441E+001
  101 C2H5            0.657E-011
  102 C2H5OH          0.787E-071
  103 C2S             0.278E-015
  104 C3O             0.347E-020
  105 C3S             0.638E-065
  106 C4H3            0.717E-011
  107 C4S             0.683E-025
  108 C6H6            0.231E-009
  109 CCP             0.450E-077
  110 CCL             0.581E-085
  111 CH2CCH2         0.130E-020
  112 CH2CCH          0.233E-002
  113 CH2CN           0.449E-011
  114 CH2CO           0.452E-005
  115 CH3CCH          0.160E-015
  116 CH3CHCH2        0.136E-016
  117 CH3CHO          0.244E-015
  118 CH3COCH3        0.134E-153
  119 CH3OCH3         0.412E-088
  120 CP              0.202E-003
  121 CLO             0.714E-098
  122 FE              0.000E+000
  123 H2S             0.257E+000
  124 H2SIO           0.259E-106
  125 HCOOCH3         0.647E-100
  126 HCP             0.161E+001
  127 HPO             0.245E-085
  128 MG              0.000E+000
  129 NCCN            0.695E-009
  130 NA              0.000E+000
  131 P               0.230E-007
  132 PH              0.119E-009
  133 PO              0.116E-014
  134 SI              0.190E+000
  135 SIC2            0.120E+004
  136 SIC2H           0.695E-002
  137 SIC3            0.140E-072
  138 SIC             0.107E-019
  139 SICH2           0.236E-011
  140 SICH3           0.208E-076
  141 SIH2            0.209E-045
  142 SIH3            0.570E-040
  143 SIN             0.175E-024
  144 SIS             0.385E+003
  145 S               0.633E-001
  146 N2              0.258E+004
  147 C2H3            0.442E-005
  148 CH3CH3          0.543E-021
  149 PN              0.103E-076
  150 CL              0.143E-003
  151 C3H2            0.184E-006
  152 C4P             0.779E-082
  153 CH3C4H          0.633E-070
  154 CH3C6H          0.298E-075
  155 H2CS            0.116E-014
  156 H2S2            0.287E-136
  157 HC2P            0.681E-080
  158 HCSI            0.240E-015
  159 HCL             0.209E+002
  160 HNSI            0.167E-074
  161 HS2             0.105E-077
  162 N2O             0.332E-016
  163 PH2             0.126E-077
  164 S2              0.381E-016
  165 SIC2H2          0.564E-066
  166 SIC3H           0.156E-076
  167 SIC4            0.140E-072
  168 SIH4            0.155E-105
  169 SIH             0.430E-011
  170 SINC            0.183E-133
  171 SIO             0.323E+003
  172 F               0.293E-004
  173 HE              0.109E+008
  174 HCNO            0.230E-074
  175 HNCO            0.203E-030
  176 HONC            0.839E-213
  177 HNO             0.374E-008
  178 HCOOH           0.785E-035
  179 C11             0.110E-023
  180 C2H5CN          0.185E-023
  181 C3P             0.101E-017
  182 CH2CHCCH        0.781E-016
  183 CH2CHCHCH2      0.163E-012
  184 CH2CHCN         0.402E-005
  185 CH2NH           0.593E-008
  186 CH2PH           0.189E-085
  187 CH3C3N          0.300E-076
  188 CH3C5N          0.763E-151
  189 CH3C7N          0.310E-216
  190 CNO             0.239E-214
  191 H2CN            0.582E-007
  192 H2O2            0.201E-023
  193 HCS             0.217E-011
  194 HF              0.109E+001
  195 HNC3            0.123E-006
  196 HOCN            0.275E-032
  197 NH2CN           0.760E-067
  198 O2H             0.105E-019
  199 OCN             0.470E-004
  200 SIO2            0.113E-004
  201 HCO+            0.240E-003
  202 H+              0.250E-005
  203 HOC+            0.211E-009
  204 C+              0.170E-004
  205 C10H+           0.160E-016
  206 C2H4+           0.318E-003
  207 C2H5+           0.702E-004
  208 C2H5OH+         0.180E-075
  209 C2O+            0.116E-018
  210 C2S+            0.231E-011
  211 C3O+            0.330E-032
  212 C3S+            0.251E-016
  213 C4H3+           0.496E-001
  214 C4S+            0.101E-014
  215 C6H6+           0.187E-018
  216 CCP+            0.154E-008
  217 CCL+            0.249E-007
  218 CH2+            0.842E-008
  219 C3H4+           0.182E-004
  220 CH2CCH+         0.214E-004
  221 CH2CN+          0.262E-008
  222 CH2CO+          0.151E-007
  223 C3H6+           0.260E-026
  224 CH3CHO+         0.683E-020
  225 CH3COCH3+       0.528E-159
  226 CH3OCH3+        0.434E-093
  227 CH+             0.102E-007
  228 CP+             0.611E-016
  229 CLO+            0.159E-107
  230 FE+             0.000E+000
  231 H2CO+           0.493E-009
  232 H2S+            0.458E-004
  233 H2SIO+          0.739E-050
  234 C4H2+           0.713E-003
  235 COOCH4+         0.707E-167
  236 HCP+            0.282E-012
  237 HPO+            0.474E-012
  238 MG+             0.000E+000
  239 C2N+            0.378E-008
  240 CNC+            0.873E-005
  241 NH3+            0.146E-004
  242 NO+             0.505E-007
  243 NS+             0.554E-009
  244 NA+             0.000E+000
  245 OCS+            0.170E-008
  246 P+              0.833E-010
  247 PH+             0.325E-015
  248 PO+             0.528E-013
  249 SO+             0.974E-009
  250 SI+             0.125E-003
  251 SIC2+           0.933E-008
  252 SIC2H+          0.349E-003
  253 SIC3+           0.177E-009
  254 SIC+            0.958E-006
  255 SICH2+          0.489E-009
  256 SICH3+          0.167E-009
  257 SIH2+           0.384E-018
  258 SIH3+           0.696E-045
  259 SIN+            0.403E-011
  260 SIS+            0.144E-005
  261 C2+             0.456E-009
  262 S+              0.647E-005
  263 CN+             0.227E-010
  264 CO+             0.376E-010
  265 N2+             0.860E-011
  266 O2+             0.438E-012
  267 C2H+            0.486E-009
  268 C2H2+           0.235E-002
  269 C2H3+           0.179E+000
  270 C5H2+           0.748E-005
  271 C6H2+           0.768E-009
  272 C7H2+           0.309E-011
  273 C3H3+           0.592E-004
  274 CO2+            0.425E-018
  275 HC3N+           0.511E-010
  276 HCN+            0.289E-010
  277 C2N2+           0.183E-015
  278 C3+             0.797E-014
  279 C5+             0.166E-017
  280 CH3CH3+         0.785E-019
  281 PN+             0.711E-087
  282 H2O+            0.109E-006
  283 NH2+            0.811E-011
  284 O+              0.978E-012
  285 OH+             0.455E-011
  286 CH3+            0.768E-004
  287 CH4+            0.809E-006
  288 CH3OH+          0.758E-019
  289 N+              0.336E-007
  290 SO2+            0.147E-039
  291 CS+             0.613E-006
  292 CL+             0.829E-008
  293 C10+            0.125E-024
  294 C10H2+          0.112E-016
  295 C3H2+           0.409E-004
  296 C3H+            0.473E-004
  297 C4+             0.598E-011
  298 C4H+            0.434E-010
  299 C4P+            0.334E-092
  300 C5H+            0.767E-012
  301 C6+             0.673E-018
  302 C6H+            0.328E-012
  303 C7+             0.145E-018
  304 C7H+            0.281E-014
  305 C8+             0.838E-025
  306 C8H2+           0.194E-012
  307 C8H+            0.689E-016
  308 C9+             0.941E-027
  309 C9H2+           0.112E-012
  310 C9H+            0.307E-018
  311 CH3C4H+         0.371E-005
  312 C7H4+           0.412E-008
  313 CH3CN+          0.531E-012
  314 H2CS+           0.570E-009
  315 H2S2+           0.121E-010
  316 HC2P+           0.357E-010
  317 HC5N+           0.588E-014
  318 HC7N+           0.443E-017
  319 HC9N+           0.138E-018
  320 HCSI+           0.102E-008
  321 HCL+            0.213E-003
  322 HNSI+           0.579E-025
  323 HS2+            0.150E-010
  324 HS+             0.105E-006
  325 N2O+            0.237E-021
  326 NH+             0.685E-014
  327 PH2+            0.233E-017
  328 S2+             0.461E-010
  329 SIC2H2+         0.612E-006
  330 SIC3H+          0.258E-009
  331 SIC4+           0.210E-008
  332 SIH4+           0.200E-049
  333 SIH+            0.587E-007
  334 SINC+           0.674E-006
  335 SIO+            0.376E-005
  336 H2+             0.570E-008
  337 F+              0.707E-013
  338 HE+             0.672E-006
  339 C3N+            0.448E-013
  340 HCNO+           0.368E-147
  341 HNCO+           0.296E-012
  342 HONC+           0.173E-285
  343 HNO+            0.116E-010
  344 HCOOH+          0.740E-040
  345 NO2+            0.975E-021
  346 CH2CHCNH+       0.322E-009
  347 HCS+            0.416E-002
  348 C10H3+          0.101E-024
  349 C11+            0.814E-021
  350 C2H5CNH+        0.789E-021
  351 C2H5OH2+        0.527E-068
  352 C2H7+           0.126E-029
  353 C2NH+           0.709E-006
  354 C3H2O+          0.160E-063
  355 C3H5+           0.111E-002
  356 C3H7+           0.205E-023
  357 C4H4+           0.637E-018
  358 C4H5+           0.246E-004
  359 C4H7+           0.138E-007
  360 C4N+            0.104E-016
  361 C5H3+           0.194E-004
  362 C5H5+           0.599E-003
  363 C5N+            0.135E-017
  364 C6H3+           0.165E-005
  365 C6H4+           0.913E-007
  366 C6H5+           0.241E-002
  367 C6H7+           0.552E-007
  368 C7H3+           0.270E-010
  369 C7H5+           0.403E-008
  370 C7N+            0.301E-020
  371 C8H3+           0.267E-010
  372 C8H4+           0.526E-012
  373 C8H5+           0.616E-071
  374 C9H3+           0.259E-012
  375 C9H4+           0.232E-014
  376 C9H5+           0.178E-074
  377 C9N+            0.329E-024
  378 CF+             0.853E-008
  379 CH2CHCN+        0.473E-010
  380 CH2NH2+         0.455E-015
  381 CH3C3N+         0.542E-013
  382 CH3C3NH+        0.303E-009
  383 CH3C5NH+        0.182E-083
  384 CH3C7NH+        0.727E-149
  385 CH3CHOH+        0.105E-012
  386 CH3CNH+         0.159E-008
  387 CH3CO+          0.835E-012
  388 CH3COCH4+       0.288E-086
  389 CH3CS+          0.563E-009
  390 CH3OCH4+        0.810E-085
  391 CH3OH2+         0.227E-020
  392 CH4N+           0.173E-007
  393 CH5+            0.390E-004
  394 H2C4N+          0.542E-013
  395 H2C7N+          0.406E-016
  396 H2C9N+          0.319E-018
  397 H2CCL+          0.789E-018
  398 H2CNO+          0.130E-145
  399 H2CL+           0.200E-006
  400 H2F+            0.353E-007
  401 H2NC+           0.109E-007
  402 H2NCO+          0.122E-070
  403 H2NO+           0.705E-017
  404 H2OCN+          0.733E-104
  405 H2PO+           0.323E-018
  406 H3+             0.238E-004
  407 H3C3O+          0.753E-062
  408 H3C5N+          0.590E-009
  409 H3C7N+          0.560E-014
  410 H3C9N+          0.137E-020
  411 H3CO+           0.126E-009
  412 H3CS+           0.493E-007
  413 H3O+            0.196E-002
  414 H3S+            0.303E-005
  415 H3S2+           0.338E-069
  416 H3SIO+          0.110E-061
  417 H5C2O2+         0.146E-032
  418 HC2O+           0.153E-005
  419 HC2S+           0.250E-005
  420 HC3NH+          0.103E-003
  421 HC3O+           0.752E-008
  422 HC3S+           0.471E-009
  423 HC4N+           0.542E-013
  424 HC4S+           0.203E-006
  425 HC5NH+          0.346E-010
  426 HCNH+           0.110E+000
  427 HCNOH+          0.130E-145
  428 HCO2+           0.303E-009
  429 HCOOH2+         0.637E-043
  430 HF+             0.207E-013
  431 HN2O+           0.395E-024
  432 HNCOH+          0.122E-070
  433 HNS+            0.188E-016
  434 HOCN+           0.104E-071
  435 HOCS+           0.423E-016
  436 HPN+            0.589E-084
  437 HSO+            0.344E-012
  438 HSO2+           0.181E-035
  439 HSIO2+          0.438E-012
  440 HSIS+           0.289E-004
  441 HEH+            0.840E-010
  442 N2H+            0.204E-005
  443 NCCNCH3+        0.251E-019
  444 NCCNH+          0.171E-011
  445 NH2CNH+         0.174E-074
  446 NH4+            0.418E-003
  447 O2H+            0.408E-019
  448 OCN+            0.293E-013
  449 PC2H2+          0.541E-013
  450 PC2H3+          0.618E-019
  451 PC2H4+          0.704E-021
  452 PC3H+           0.390E-016
  453 PC4H+           0.943E-015
  454 PCH2+           0.407E-006
  455 PCH3+           0.395E-017
  456 PCH4+           0.244E-018
  457 PH3+            0.585E-074
  458 PNH2+           0.595E-014
  459 PNH3+           0.410E-019
  460 SIC2H3+         0.119E-007
  461 SIC3H2+         0.188E-009
  462 SIC4H+          0.145E-005
  463 SICH4+          0.169E-009
  464 SIF+            0.389E-007
  465 SIH5+           0.175E-103
  466 SINCH+          0.169E-066
  467 SINH2+          0.154E-007
  468 SIOH+           0.178E-001
