C- 0.197E-009
E 0.279E+000
C2- 0.325E-014
C3- 0.862E-011
C4- 0.568E-011
C5- 0.181E-010
C6- 0.151E-011
C7- 0.330E-013
C8- 0.241E-013
C10- 0.421E-018
C2H- 0.186E-005
C3H- 0.867E-011
C3N- 0.179E-009
C4H- 0.919E-011
C5H- 0.336E-007
C6H- 0.187E-008
C7H- 0.448E-010
C8H- 0.369E-013
C9- 0.847E-014
C9H- 0.184E-012
CH- 0.177E-011
O- 0.558E-013
OH- 0.421E-008
S- 0.828E-011
CN- 0.144E-005
H- 0.215E-007
C10H- 0.145E-018
C5N- 0.636E-013
O2- 0.553E-027
C 0.208E+001
C2 0.517E-001
CH2 0.459E-001
C2H2 0.813E+003
CH 0.269E-004
C2H 0.165E-001
CO2 0.996E-004
CO 0.149E+005
H2O 0.476E+002
H2CO 0.125E-005
N 0.144E+000
CN 0.504E-001
NH 0.209E-003
HCN 0.760E+003
O2 0.413E-009
O 0.181E+001
OH 0.843E-001
HCO 0.306E-005
C4 0.139E-007
C3 0.295E-002
C5 0.715E-008
C6 0.957E-010
C7 0.227E-011
C8 0.162E-011
C9 0.214E-012
C10 0.235E-014
C3H 0.295E-002
C4H 0.178E-004
C4N 0.169E-012
C5H 0.783E-005
C6H 0.316E-006
C7H 0.252E-008
C8H 0.730E-011
C9H 0.129E-010
C10H 0.400E-014
CS 0.197E+003
CH3 0.996E-002
CH3CN 0.377E-004
CH3OH 0.119E-008
OCS 0.124E-004
CH4 0.650E+002
H 0.452E+001
H2 0.186E+008
NH2 0.667E-003
NH3 0.111E+001
C10H2 0.564E-017
H2CCC 0.315E-005
HC3N 0.552E-005
HC4H 0.613E-003
C5H2 0.624E-004
HC5N 0.242E-010
C6H2 0.107E-003
C7H2 0.234E-008
C8H2 0.575E-011
C9H2 0.129E-010
HS 0.136E-003
C2N 0.285E-009
C3N 0.407E-005
C5N 0.689E-011
C7N 0.419E-015
HC7N 0.248E-012
C9N 0.154E-017
HC9N 0.138E-017
NO 0.110E-006
NS 0.141E-010
NO2 0.294E-021
SO2 0.356E-018
C2O 0.270E-011
SO 0.908E-008
HNC 0.381E-003
C2H4 0.127E+001
C2H5 0.221E-012
C2H5OH 0.113E-013
C2S 0.240E-006
C3O 0.297E-009
C3S 0.538E-007
C4H3 0.146E-007
C4S 0.368E-011
C6H6 0.978E-004
CCP 0.169E-009
CCL 0.167E-009
CH2CCH2 0.120E-008
CH2CCH 0.144E-002
CH2CN 0.126E-010
CH2CO 0.389E-006
CH3CCH 0.231E-006
CH3CHCH2 0.184E-016
CH3CHO 0.670E-008
CH3COCH3 0.294E-019
CH3OCH3 0.163E-020
CP 0.146E-003
CLO 0.954E-024
FE 0.000E+000
H2S 0.742E-001
H2SIO 0.102E-024
HCOOCH3 0.526E-021
HCP 0.464E+000
HPO 0.488E-016
MG 0.000E+000
NCCN 0.283E-008
NA 0.000E+000
P 0.422E-007
PH 0.763E-008
PO 0.283E-010
SI 0.137E+000
SIC2 0.347E+003
SIC2H 0.453E-002
SIC3 0.109E-004
SIC 0.404E-003
SICH2 0.723E-011
SICH3 0.156E-013
SIH2 0.243E-014
SIH3 0.267E-018
SIN 0.120E-008
SIS 0.111E+003
S 0.532E-001
N2 0.743E+003
C2H3 0.745E-005
CH3CH3 0.119E-021
PN 0.299E-013
CL 0.432E-003
C3H2 0.498E-005
C4P 0.131E-020
CH3C4H 0.136E-004
CH3C6H 0.303E-009
H2CS 0.155E-007
H2S2 0.191E-011
HC2P 0.175E-012
HCSI 0.286E-006
HCL 0.604E+001
HNSI 0.116E-008
HS2 0.192E-011
N2O 0.677E-016
PH2 0.416E-021
S2 0.985E-011
SIC2H2 0.149E-005
SIC3H 0.238E-011
SIC4 0.109E-004
SIH4 0.195E-016
SIH 0.228E-008
SINC 0.272E-011
SIO 0.931E+002
F 0.356E-007
HE 0.316E+007
HCNO 0.166E-018
HNCO 0.109E-009
HONC 0.515E-027
HNO 0.141E-007
HCOOH 0.900E-009
C11 0.190E-018
C2H5CN 0.281E-014
C3P 0.639E-017
CH2CHCCH 0.477E-009
CH2CHCHCH2 0.549E-013
CH2CHCN 0.728E-005
CH2NH 0.197E-008
CH2PH 0.359E-015
CH3C3N 0.325E-010
CH3C5N 0.410E-021
CH3C7N 0.546E-023
CNO 0.134E-033
H2CN 0.242E-007
H2O2 0.280E-024
HCS 0.107E-010
HF 0.316E+000
HNC3 0.236E-006
HOCN 0.109E-009
NH2CN 0.218E-009
O2H 0.146E-020
OCN 0.852E-005
SIO2 0.429E-005
HCO+ 0.209E-003
H+ 0.224E-005
HOC+ 0.941E-009
C+ 0.931E-004
C10H+ 0.669E-013
C2H4+ 0.246E-003
C2H5+ 0.416E-004
C2H5OH+ 0.302E-017
C2O+ 0.375E-018
C2S+ 0.673E-011
C3O+ 0.439E-021
C3S+ 0.141E-009
C4H3+ 0.284E-001
C4S+ 0.425E-013
C6H6+ 0.715E-011
CCP+ 0.243E-007
CCL+ 0.431E-006
CH2+ 0.846E-008
C3H4+ 0.136E-004
CH2CCH+ 0.116E-004
CH2CN+ 0.149E-007
CH2CO+ 0.227E-007
C3H6+ 0.530E-025
CH3CHO+ 0.285E-011
CH3COCH3+ 0.337E-023
CH3OCH3+ 0.344E-024
CH+ 0.922E-008
CP+ 0.749E-015
CLO+ 0.844E-032
FE+ 0.000E+000
H2CO+ 0.907E-009
H2S+ 0.331E-004
H2SIO+ 0.143E-016
C4H2+ 0.507E-003
COOCH4+ 0.951E-028
HCP+ 0.123E-011
HPO+ 0.667E-010
MG+ 0.000E+000
C2N+ 0.665E-008
CNC+ 0.799E-004
NH3+ 0.200E-004
NO+ 0.396E-007
NS+ 0.721E-009
NA+ 0.000E+000
OCS+ 0.120E-007
P+ 0.151E-009
PH+ 0.727E-014
PO+ 0.106E-010
SO+ 0.331E-008
SI+ 0.197E-003
SIC2+ 0.179E-007
SIC2H+ 0.940E-003
SIC3+ 0.395E-008
SIC+ 0.377E-005
SICH2+ 0.128E-004
SICH3+ 0.298E-009
SIH2+ 0.574E-008
SIH3+ 0.131E-012
SIN+ 0.270E-010
SIS+ 0.235E-004
C2+ 0.108E-008
S+ 0.140E-004
CN+ 0.261E-010
CO+ 0.375E-010
N2+ 0.848E-011
O2+ 0.194E-011
C2H+ 0.112E-008
C2H2+ 0.235E-002
C2H3+ 0.143E+000
C5H2+ 0.100E-004
C6H2+ 0.143E-007
C7H2+ 0.898E-009
C3H3+ 0.364E-004
CO2+ 0.593E-018
HC3N+ 0.580E-009
HCN+ 0.337E-010
C2N2+ 0.248E-015
C3+ 0.355E-012
C5+ 0.101E-015
CH3CH3+ 0.129E-019
PN+ 0.183E-021
H2O+ 0.108E-006
NH2+ 0.255E-010
O+ 0.119E-011
OH+ 0.955E-011
CH3+ 0.543E-004
CH4+ 0.765E-006
CH3OH+ 0.200E-012
N+ 0.332E-007
SO2+ 0.717E-031
CS+ 0.613E-006
CL+ 0.166E-007
C10+ 0.336E-019
C10H2+ 0.616E-013
C3H2+ 0.602E-004
C3H+ 0.876E-004
C4+ 0.225E-010
C4H+ 0.115E-009
C4P+ 0.490E-029
C5H+ 0.539E-008
C6+ 0.172E-013
C6H+ 0.262E-011
C7+ 0.173E-011
C7H+ 0.178E-010
C8+ 0.338E-015
C8H2+ 0.634E-010
C8H+ 0.369E-012
C9+ 0.244E-016
C9H2+ 0.491E-010
C9H+ 0.698E-014
CH3C4H+ 0.194E-005
C7H4+ 0.979E-008
CH3CN+ 0.147E-011
H2CS+ 0.546E-009
H2S2+ 0.190E-010
HC2P+ 0.650E-008
HC5N+ 0.194E-013
HC7N+ 0.397E-014
HC9N+ 0.179E-015
HCSI+ 0.208E-008
HCL+ 0.154E-003
HNSI+ 0.262E-014
HS2+ 0.520E-010
HS+ 0.144E-007
N2O+ 0.107E-020
NH+ 0.131E-013
PH2+ 0.316E-014
S2+ 0.415E-009
SIC2H2+ 0.868E-006
SIC3H+ 0.424E-009
SIC4+ 0.270E-008
SIH4+ 0.776E-027
SIH+ 0.782E-007
SINC+ 0.101E-005
SIO+ 0.375E-005
H2+ 0.570E-008
F+ 0.815E-013
HE+ 0.662E-006
C3N+ 0.173E-012
HCNO+ 0.106E-031
HNCO+ 0.300E-012
HONC+ 0.807E-040
HNO+ 0.746E-010
HCOOH+ 0.128E-012
NO2+ 0.484E-019
CH2CHCNH+ 0.756E-009
HCS+ 0.344E-002
C10H3+ 0.701E-017
C11+ 0.134E-016
C2H5CNH+ 0.520E-013
C2H5OH2+ 0.107E-012
C2H7+ 0.315E-029
C2NH+ 0.100E-005
C3H2O+ 0.937E-011
C3H5+ 0.650E-003
C3H7+ 0.675E-023
C4H4+ 0.127E-011
C4H5+ 0.143E-004
C4H7+ 0.761E-008
C4N+ 0.166E-014
C5H3+ 0.119E-003
C5H5+ 0.481E-003
C5N+ 0.318E-013
C6H3+ 0.947E-006
C6H4+ 0.115E-005
C6H5+ 0.981E-003
C6H7+ 0.773E-003
C7H3+ 0.340E-007
C7H5+ 0.946E-008
C7N+ 0.105E-015
C8H3+ 0.110E-008
C8H4+ 0.969E-009
C8H5+ 0.179E-015
C9H3+ 0.418E-009
C9H4+ 0.229E-009
C9H5+ 0.147E-015
C9N+ 0.364E-019
CF+ 0.155E-006
CH2CHCN+ 0.112E-009
CH2NH2+ 0.849E-009
CH3C3N+ 0.957E-013
CH3C3NH+ 0.907E-009
CH3C5NH+ 0.448E-020
CH3C7NH+ 0.677E-022
CH3CHOH+ 0.507E-007
CH3CNH+ 0.321E-003
CH3CO+ 0.403E-007
CH3COCH4+ 0.179E-017
CH3CS+ 0.452E-008
CH3OCH4+ 0.859E-019
CH3OH2+ 0.472E-008
CH4N+ 0.852E-007
CH5+ 0.388E-004
H2C4N+ 0.957E-013
H2C7N+ 0.163E-012
H2C9N+ 0.177E-014
H2CCL+ 0.307E-008
H2CNO+ 0.177E-008
H2CL+ 0.173E-006
H2F+ 0.607E-006
H2NC+ 0.129E-006
H2NCO+ 0.587E-025
H2NO+ 0.590E-016
H2OCN+ 0.178E-008
H2PO+ 0.207E-014
H3+ 0.218E-004
H3C3O+ 0.559E-008
H3C5N+ 0.144E-008
H3C7N+ 0.521E-013
H3C9N+ 0.533E-015
H3CO+ 0.175E-009
H3CS+ 0.362E-006
H3O+ 0.142E-002
H3S+ 0.215E-005
H3S2+ 0.802E-010
H3SIO+ 0.806E-021
H5C2O2+ 0.489E-019
HC2O+ 0.509E-005
HC2S+ 0.132E-004
HC3NH+ 0.866E-004
HC3O+ 0.133E-007
HC3S+ 0.855E-009
HC4N+ 0.957E-013
HC4S+ 0.236E-006
HC5NH+ 0.498E-009
HCNH+ 0.795E-001
HCNOH+ 0.587E-025
HCO2+ 0.725E-009
HCOOH2+ 0.111E-007
HF+ 0.238E-013
HN2O+ 0.152E-023
HNCOH+ 0.355E-008
HNS+ 0.238E-015
HOCN+ 0.135E-014
HOCS+ 0.615E-011
HPN+ 0.248E-019
HSO+ 0.688E-012
HSO2+ 0.170E-025
HSIO2+ 0.470E-012
HSIS+ 0.576E-004
HEH+ 0.840E-010
N2H+ 0.184E-005
NCCNCH3+ 0.218E-018
NCCNH+ 0.401E-011
NH2CNH+ 0.228E-015
NH4+ 0.721E-003
O2H+ 0.415E-018
OCN+ 0.450E-013
PC2H2+ 0.101E-010
PC2H3+ 0.222E-017
PC2H4+ 0.287E-015
PC3H+ 0.261E-015
PC4H+ 0.312E-014
PCH2+ 0.153E-005
PCH3+ 0.136E-015
PCH4+ 0.146E-013
PH3+ 0.705E-020
PNH2+ 0.113E-011
PNH3+ 0.230E-015
SIC2H3+ 0.622E-004
SIC3H2+ 0.372E-009
SIC4H+ 0.473E-003
SICH4+ 0.302E-009
SIF+ 0.170E-006
SIH5+ 0.145E-016
SINCH+ 0.116E-009
SINH2+ 0.666E-007
SIOH+ 0.130E-001
