C- 0.252E-010
E 0.566E-001
C2- 0.518E-013
C3- 0.830E-011
C4- 0.648E-008
C5- 0.168E-005
C6- 0.125E-006
C7- 0.140E-006
C8- 0.512E-008
C10- 0.532E-010
C2H- 0.124E-015
C3H- 0.475E-013
C3N- 0.253E-010
C4H- 0.360E-010
C5H- 0.239E-007
C6H- 0.114E-005
C7H- 0.130E-007
C8H- 0.111E-009
C9- 0.432E-008
C9H- 0.624E-010
CH- 0.636E-019
O- 0.496E-010
OH- 0.523E-011
S- 0.339E-013
CN- 0.728E-010
H- 0.273E-011
C10H- 0.232E-012
C5N- 0.483E-008
O2- 0.714E-044
C 0.556E-002
C2 0.183E-005
CH2 0.503E-006
C2H2 0.283E-009
CH 0.321E-005
C2H 0.820E-007
CO2 0.222E-011
CO 0.138E-001
H2O 0.237E-008
H2CO 0.453E-011
N 0.894E-002
CN 0.295E-007
NH 0.190E-009
HCN 0.765E-010
O2 0.265E-010
O 0.459E-001
OH 0.107E-007
HCO 0.412E-009
C4 0.259E-007
C3 0.485E-007
C5 0.491E-005
C6 0.628E-007
C7 0.246E-007
C8 0.253E-008
C9 0.756E-009
C10 0.270E-010
C3H 0.155E-007
C4H 0.396E-009
C4N 0.965E-010
C5H 0.484E-007
C6H 0.149E-005
C7H 0.567E-008
C8H 0.139E-009
C9H 0.241E-010
C10H 0.290E-012
CS 0.402E-008
CH3 0.129E-008
CH3CN 0.415E-015
CH3OH 0.731E-020
OCS 0.121E-013
CH4 0.752E-011
H 0.496E-001
H2 0.739E+002
NH2 0.298E-010
NH3 0.696E-014
C10H2 0.140E-013
H2CCC 0.198E-011
HC3N 0.882E-013
HC4H 0.508E-012
C5H2 0.368E-008
HC5N 0.764E-010
C6H2 0.193E-007
C7H2 0.340E-009
C8H2 0.440E-011
C9H2 0.235E-011
HS 0.580E-009
C2N 0.351E-010
C3N 0.134E-008
C5N 0.551E-008
C7N 0.313E-009
HC7N 0.307E-012
C9N 0.450E-011
HC9N 0.173E-014
NO 0.140E-010
NS 0.142E-011
NO2 0.582E-015
SO2 0.155E-018
C2O 0.462E-011
SO 0.308E-012
HNC 0.953E-010
C2H4 0.134E-013
C2H5 0.976E-016
C2H5OH 0.146E-028
C2S 0.143E-008
C3O 0.154E-014
C3S 0.302E-010
C4H3 0.667E-012
C4S 0.157E-012
C6H6 0.165E-009
CCP 0.539E-015
CCL 0.158E-013
CH2CCH2 0.174E-012
CH2CCH 0.549E-011
CH2CN 0.107E-013
CH2CO 0.535E-012
CH3CCH 0.116E-011
CH3CHCH2 0.667E-013
CH3CHO 0.455E-019
CH3COCH3 0.653E-029
CH3OCH3 0.135E-029
CP 0.367E-014
CLO 0.187E-036
FE 0.000E+000
H2S 0.204E-012
H2SIO 0.225E-026
HCOOCH3 0.136E-033
HCP 0.242E-015
HPO 0.169E-019
MG 0.000E+000
NCCN 0.431E-009
NA 0.000E+000
P 0.851E-009
PH 0.479E-011
PO 0.581E-013
SI 0.852E-006
SIC2 0.640E-009
SIC2H 0.929E-013
SIC3 0.474E-011
SIC 0.975E-008
SICH2 0.623E-016
SICH3 0.683E-016
SIH2 0.519E-018
SIH3 0.304E-024
SIN 0.376E-011
SIS 0.101E-016
S 0.230E-005
N2 0.308E-005
C2H3 0.305E-010
CH3CH3 0.724E-014
PN 0.106E-009
CL 0.237E-004
C3H2 0.216E-010
C4P 0.210E-021
CH3C4H 0.116E-012
CH3C6H 0.139E-009
H2CS 0.225E-014
H2S2 0.152E-019
HC2P 0.133E-020
HCSI 0.303E-008
HCL 0.204E-007
HNSI 0.269E-014
HS2 0.314E-017
N2O 0.636E-019
PH2 0.101E-017
S2 0.205E-015
SIC2H2 0.785E-014
SIC3H 0.804E-013
SIC4 0.730E-009
SIH4 0.697E-027
SIH 0.536E-010
SINC 0.165E-016
SIO 0.215E-010
F 0.126E-005
HE 0.126E+002
HCNO 0.272E-016
HNCO 0.499E-014
HONC 0.318E-022
HNO 0.169E-010
HCOOH 0.577E-021
C11 0.281E-015
C2H5CN 0.771E-024
C3P 0.349E-020
CH2CHCCH 0.162E-011
CH2CHCHCH2 0.934E-020
CH2CHCN 0.671E-019
CH2NH 0.161E-020
CH2PH 0.306E-024
CH3C3N 0.160E-016
CH3C5N 0.284E-017
CH3C7N 0.116E-019
CNO 0.191E-022
H2CN 0.810E-012
H2O2 0.179E-041
HCS 0.280E-010
HF 0.118E-010
HNC3 0.848E-017
HOCN 0.502E-014
NH2CN 0.355E-022
O2H 0.616E-022
OCN 0.126E-010
SIO2 0.453E-013
HCO+ 0.123E-009
H+ 0.129E-005
HOC+ 0.264E-010
C+ 0.531E-001
C10H+ 0.315E-014
C2H4+ 0.194E-011
C2H5+ 0.114E-017
C2H5OH+ 0.179E-030
C2O+ 0.144E-013
C2S+ 0.173E-011
C3O+ 0.740E-018
C3S+ 0.117E-011
C4H3+ 0.133E-015
C4S+ 0.289E-013
C6H6+ 0.153E-006
CCP+ 0.973E-018
CCL+ 0.728E-010
CH2+ 0.380E-007
C3H4+ 0.377E-014
CH2CCH+ 0.897E-012
CH2CN+ 0.178E-015
CH2CO+ 0.501E-014
C3H6+ 0.131E-016
CH3CHO+ 0.116E-021
CH3COCH3+ 0.858E-031
CH3OCH3+ 0.202E-031
CH+ 0.244E-007
CP+ 0.262E-017
CLO+ 0.881E-039
FE+ 0.000E+000
H2CO+ 0.757E-012
H2S+ 0.269E-010
H2SIO+ 0.371E-023
C4H2+ 0.388E-012
COOCH4+ 0.128E-035
HCP+ 0.158E-017
HPO+ 0.959E-016
MG+ 0.000E+000
C2N+ 0.115E-011
CNC+ 0.881E-012
NH3+ 0.136E-011
NO+ 0.934E-013
NS+ 0.234E-013
NA+ 0.000E+000
OCS+ 0.183E-015
P+ 0.185E-005
PH+ 0.144E-013
PO+ 0.132E-014
SO+ 0.721E-012
SI+ 0.220E-002
SIC2+ 0.436E-011
SIC2H+ 0.913E-011
SIC3+ 0.204E-011
SIC+ 0.123E-009
SICH2+ 0.112E-009
SICH3+ 0.781E-019
SIH2+ 0.550E-011
SIH3+ 0.214E-019
SIN+ 0.544E-013
SIS+ 0.781E-015
C2+ 0.706E-008
S+ 0.122E-002
CN+ 0.624E-012
CO+ 0.169E-010
N2+ 0.127E-013
O2+ 0.670E-013
C2H+ 0.353E-008
C2H2+ 0.592E-008
C2H3+ 0.136E-008
C5H2+ 0.172E-014
C6H2+ 0.173E-010
C7H2+ 0.306E-012
C3H3+ 0.222E-012
CO2+ 0.207E-020
HC3N+ 0.205E-015
HCN+ 0.124E-011
C2N2+ 0.361E-013
C3+ 0.636E-010
C5+ 0.148E-010
CH3CH3+ 0.290E-016
PN+ 0.134E-016
H2O+ 0.535E-010
NH2+ 0.372E-011
O+ 0.125E-010
OH+ 0.674E-010
CH3+ 0.574E-007
CH4+ 0.128E-014
CH3OH+ 0.515E-023
N+ 0.522E-010
SO2+ 0.440E-025
CS+ 0.139E-009
CL+ 0.353E-006
C10+ 0.319E-012
C10H2+ 0.460E-016
C3H2+ 0.243E-012
C3H+ 0.215E-010
C4+ 0.344E-010
C4H+ 0.119E-010
C4P+ 0.160E-028
C5H+ 0.458E-011
C6+ 0.130E-008
C6H+ 0.265E-010
C7+ 0.212E-009
C7H+ 0.354E-010
C8+ 0.209E-010
C8H2+ 0.143E-012
C8H+ 0.345E-012
C9+ 0.140E-011
C9H2+ 0.210E-014
C9H+ 0.445E-013
CH3C4H+ 0.360E-017
C7H4+ 0.166E-017
CH3CN+ 0.552E-016
H2CS+ 0.149E-015
H2S2+ 0.316E-025
HC2P+ 0.128E-016
HC5N+ 0.129E-015
HC7N+ 0.190E-012
HC9N+ 0.272E-014
HCSI+ 0.896E-010
HCL+ 0.274E-010
HNSI+ 0.387E-016
HS2+ 0.279E-017
HS+ 0.468E-013
N2O+ 0.824E-011
NH+ 0.284E-011
PH2+ 0.121E-012
S2+ 0.142E-016
SIC2H2+ 0.396E-014
SIC3H+ 0.311E-014
SIC4+ 0.520E-013
SIH4+ 0.345E-033
SIH+ 0.525E-013
SINC+ 0.151E-013
SIO+ 0.928E-012
H2+ 0.560E-008
F+ 0.586E-017
HE+ 0.105E-005
C3N+ 0.539E-015
HCNO+ 0.273E-023
HNCO+ 0.312E-016
HONC+ 0.686E-029
HNO+ 0.125E-014
HCOOH+ 0.284E-023
NO2+ 0.139E-017
CH2CHCNH+ 0.147E-021
HCS+ 0.230E-010
C10H3+ 0.125E-021
C11+ 0.746E-014
C2H5CNH+ 0.143E-025
C2H5OH2+ 0.382E-029
C2H7+ 0.263E-026
C2NH+ 0.197E-012
C3H2O+ 0.163E-015
C3H5+ 0.203E-012
C3H7+ 0.918E-014
C4H4+ 0.187E-020
C4H5+ 0.497E-019
C4H7+ 0.136E-025
C4N+ 0.376E-015
C5H3+ 0.225E-013
C5H5+ 0.739E-018
C5N+ 0.500E-016
C6H3+ 0.997E-016
C6H4+ 0.482E-023
C6H5+ 0.244E-011
C6H7+ 0.613E-013
C7H3+ 0.247E-013
C7H5+ 0.268E-013
C7N+ 0.383E-012
C8H3+ 0.155E-016
C8H4+ 0.119E-018
C8H5+ 0.380E-031
C9H3+ 0.179E-018
C9H4+ 0.522E-020
C9H5+ 0.645E-029
C9N+ 0.550E-014
CF+ 0.834E-012
CH2CHCN+ 0.103E-017
CH2NH2+ 0.149E-031
CH3C3N+ 0.882E-019
CH3C3NH+ 0.396E-019
CH3C5NH+ 0.409E-019
CH3C7NH+ 0.164E-021
CH3CHOH+ 0.143E-023
CH3CNH+ 0.111E-016
CH3CO+ 0.174E-013
CH3COCH4+ 0.398E-029
CH3CS+ 0.155E-018
CH3OCH4+ 0.847E-031
CH3OH2+ 0.150E-020
CH4N+ 0.918E-019
CH5+ 0.296E-011
H2C4N+ 0.151E-018
H2C7N+ 0.313E-015
H2C9N+ 0.448E-017
H2CCL+ 0.472E-016
H2CNO+ 0.144E-022
H2CL+ 0.141E-013
H2F+ 0.124E-017
H2NC+ 0.984E-012
H2NCO+ 0.659E-016
H2NO+ 0.139E-018
H2OCN+ 0.659E-016
H2PO+ 0.599E-023
H3+ 0.696E-007
H3C3O+ 0.199E-015
H3C5N+ 0.197E-022
H3C7N+ 0.108E-018
H3C9N+ 0.492E-023
H3CO+ 0.403E-017
H3CS+ 0.330E-016
H3O+ 0.329E-010
H3S+ 0.477E-019
H3S2+ 0.380E-021
H3SIO+ 0.815E-032
H5C2O2+ 0.845E-035
HC2O+ 0.319E-012
HC2S+ 0.242E-011
HC3NH+ 0.338E-017
HC3O+ 0.532E-017
HC3S+ 0.171E-014
HC4N+ 0.260E-018
HC4S+ 0.567E-017
HC5NH+ 0.174E-016
HCNH+ 0.117E-011
HCNOH+ 0.663E-023
HCO2+ 0.158E-019
HCOOH2+ 0.799E-023
HF+ 0.127E-017
HN2O+ 0.349E-022
HNCOH+ 0.132E-015
HNS+ 0.875E-019
HOCN+ 0.312E-016
HOCS+ 0.824E-021
HPN+ 0.436E-018
HSO+ 0.150E-017
HSO2+ 0.300E-026
HSIO2+ 0.120E-021
HSIS+ 0.263E-018
HEH+ 0.809E-010
N2H+ 0.253E-013
NCCNCH3+ 0.187E-020
NCCNH+ 0.227E-013
NH2CNH+ 0.706E-031
NH4+ 0.668E-016
O2H+ 0.657E-020
OCN+ 0.767E-016
PC2H2+ 0.518E-021
PC2H3+ 0.286E-029
PC2H4+ 0.300E-028
PC3H+ 0.383E-023
PC4H+ 0.753E-023
PCH2+ 0.338E-017
PCH3+ 0.107E-026
PCH4+ 0.953E-026
PH3+ 0.117E-019
PNH2+ 0.101E-021
PNH3+ 0.436E-028
SIC2H3+ 0.721E-016
SIC3H2+ 0.714E-015
SIC4H+ 0.603E-017
SICH4+ 0.134E-019
SIF+ 0.136E-013
SIH5+ 0.935E-028
SINCH+ 0.581E-018
SINH2+ 0.546E-016
SIOH+ 0.488E-012
