C- 0.186E-010
E 0.542E-001
C2- 0.382E-013
C3- 0.627E-011
C4- 0.497E-008
C5- 0.132E-005
C6- 0.802E-007
C7- 0.802E-007
C8- 0.235E-008
C10- 0.226E-010
C2H- 0.841E-016
C3H- 0.330E-013
C3N- 0.166E-010
C4H- 0.253E-010
C5H- 0.170E-007
C6H- 0.865E-006
C7H- 0.776E-008
C8H- 0.500E-010
C9- 0.191E-008
C9H- 0.242E-010
CH- 0.422E-019
O- 0.504E-010
OH- 0.472E-011
S- 0.258E-013
CN- 0.501E-010
H- 0.232E-011
C10H- 0.815E-013
C5N- 0.325E-008
O2- 0.509E-043
C 0.421E-002
C2 0.134E-005
CH2 0.396E-006
C2H2 0.199E-009
CH 0.258E-005
C2H 0.559E-007
CO2 0.162E-011
CO 0.778E-002
H2O 0.214E-008
H2CO 0.331E-011
N 0.779E-002
CN 0.200E-007
NH 0.159E-009
HCN 0.532E-010
O2 0.232E-010
O 0.442E-001
OH 0.953E-008
HCO 0.359E-009
C4 0.196E-007
C3 0.365E-007
C5 0.389E-005
C6 0.404E-007
C7 0.142E-007
C8 0.117E-008
C9 0.336E-009
C10 0.115E-010
C3H 0.112E-007
C4H 0.268E-009
C4N 0.633E-010
C5H 0.344E-007
C6H 0.113E-005
C7H 0.338E-008
C8H 0.627E-010
C9H 0.938E-011
C10H 0.102E-012
CS 0.238E-008
CH3 0.998E-009
CH3CN 0.221E-015
CH3OH 0.528E-020
OCS 0.502E-014
CH4 0.532E-011
H 0.433E-001
H2 0.644E+002
NH2 0.237E-010
NH3 0.502E-014
C10H2 0.435E-014
H2CCC 0.112E-011
HC3N 0.509E-013
HC4H 0.309E-012
C5H2 0.230E-008
HC5N 0.454E-010
C6H2 0.129E-007
C7H2 0.179E-009
C8H2 0.177E-011
C9H2 0.801E-012
HS 0.445E-009
C2N 0.207E-010
C3N 0.852E-009
C5N 0.375E-008
C7N 0.153E-009
HC7N 0.160E-012
C9N 0.173E-011
HC9N 0.590E-015
NO 0.956E-011
NS 0.942E-012
NO2 0.278E-015
SO2 0.135E-018
C2O 0.305E-011
SO 0.328E-012
HNC 0.665E-010
C2H4 0.485E-014
C2H5 0.278E-016
C2H5OH 0.394E-029
C2S 0.602E-009
C3O 0.485E-015
C3S 0.111E-010
C4H3 0.388E-012
C4S 0.526E-013
C6H6 0.995E-010
CCP 0.292E-015
CCL 0.108E-013
CH2CCH2 0.102E-012
CH2CCH 0.303E-011
CH2CN 0.593E-014
CH2CO 0.270E-012
CH3CCH 0.641E-012
CH3CHCH2 0.271E-013
CH3CHO 0.964E-020
CH3COCH3 0.818E-030
CH3OCH3 0.815E-030
CP 0.216E-014
CLO 0.621E-037
FE 0.000E+000
H2S 0.157E-012
H2SIO 0.622E-027
HCOOCH3 0.752E-034
HCP 0.119E-015
HPO 0.108E-019
MG 0.000E+000
NCCN 0.215E-009
NA 0.000E+000
P 0.730E-009
PH 0.380E-011
PO 0.454E-013
SI 0.665E-006
SIC2 0.380E-009
SIC2H 0.518E-013
SIC3 0.282E-011
SIC 0.672E-008
SICH2 0.364E-016
SICH3 0.242E-016
SIH2 0.362E-018
SIH3 0.866E-025
SIN 0.226E-011
SIS 0.609E-017
S 0.180E-005
N2 0.150E-005
C2H3 0.192E-010
CH3CH3 0.285E-014
PN 0.908E-010
CL 0.207E-004
C3H2 0.120E-010
C4P 0.107E-021
CH3C4H 0.477E-013
CH3C6H 0.863E-010
H2CS 0.135E-014
H2S2 0.943E-020
HC2P 0.346E-021
HCSI 0.200E-008
HCL 0.200E-007
HNSI 0.173E-014
HS2 0.861E-018
N2O 0.495E-019
PH2 0.715E-018
S2 0.130E-015
SIC2H2 0.379E-014
SIC3H 0.370E-013
SIC4 0.446E-009
SIH4 0.444E-027
SIH 0.409E-010
SINC 0.104E-016
SIO 0.149E-010
F 0.110E-005
HE 0.109E+002
HCNO 0.156E-016
HNCO 0.271E-014
HONC 0.136E-022
HNO 0.825E-011
HCOOH 0.385E-021
C11 0.807E-016
C2H5CN 0.337E-024
C3P 0.611E-021
CH2CHCCH 0.968E-012
CH2CHCHCH2 0.230E-020
CH2CHCN 0.288E-019
CH2NH 0.925E-021
CH2PH 0.173E-024
CH3C3N 0.591E-017
CH3C5N 0.143E-017
CH3C7N 0.511E-020
CNO 0.970E-023
H2CN 0.530E-012
H2O2 0.955E-043
HCS 0.119E-010
HF 0.638E-011
HNC3 0.434E-017
HOCN 0.273E-014
NH2CN 0.175E-022
O2H 0.438E-022
OCN 0.707E-011
SIO2 0.133E-013
HCO+ 0.884E-010
H+ 0.123E-005
HOC+ 0.206E-010
C+ 0.511E-001
C10H+ 0.115E-014
C2H4+ 0.126E-011
C2H5+ 0.412E-018
C2H5OH+ 0.467E-031
C2O+ 0.957E-014
C2S+ 0.936E-012
C3O+ 0.247E-018
C3S+ 0.755E-012
C4H3+ 0.733E-016
C4S+ 0.178E-013
C6H6+ 0.132E-006
CCP+ 0.523E-018
CCL+ 0.717E-010
CH2+ 0.342E-007
C3H4+ 0.215E-014
CH2CCH+ 0.518E-012
CH2CN+ 0.101E-015
CH2CO+ 0.258E-014
C3H6+ 0.515E-017
CH3CHO+ 0.246E-022
CH3COCH3+ 0.101E-031
CH3OCH3+ 0.124E-031
CH+ 0.220E-007
CP+ 0.165E-017
CLO+ 0.295E-039
FE+ 0.000E+000
H2CO+ 0.598E-012
H2S+ 0.211E-010
H2SIO+ 0.263E-023
C4H2+ 0.236E-012
COOCH4+ 0.712E-036
HCP+ 0.943E-018
HPO+ 0.787E-016
MG+ 0.000E+000
C2N+ 0.779E-012
CNC+ 0.524E-012
NH3+ 0.111E-011
NO+ 0.674E-013
NS+ 0.170E-013
NA+ 0.000E+000
OCS+ 0.930E-016
P+ 0.161E-005
PH+ 0.113E-013
PO+ 0.106E-014
SO+ 0.588E-012
SI+ 0.191E-002
SIC2+ 0.294E-011
SIC2H+ 0.550E-011
SIC3+ 0.134E-011
SIC+ 0.970E-010
SICH2+ 0.761E-010
SICH3+ 0.298E-019
SIH2+ 0.429E-011
SIH3+ 0.154E-019
SIN+ 0.388E-013
SIS+ 0.533E-015
C2+ 0.579E-008
S+ 0.107E-002
CN+ 0.553E-012
CO+ 0.150E-010
N2+ 0.743E-014
O2+ 0.644E-013
C2H+ 0.271E-008
C2H2+ 0.409E-008
C2H3+ 0.617E-009
C5H2+ 0.109E-014
C6H2+ 0.119E-010
C7H2+ 0.167E-012
C3H3+ 0.127E-012
CO2+ 0.172E-020
HC3N+ 0.120E-015
HCN+ 0.107E-011
C2N2+ 0.197E-013
C3+ 0.436E-010
C5+ 0.116E-010
CH3CH3+ 0.114E-016
PN+ 0.114E-016
H2O+ 0.506E-010
NH2+ 0.340E-011
O+ 0.138E-010
OH+ 0.689E-010
CH3+ 0.462E-007
CH4+ 0.926E-015
CH3OH+ 0.380E-023
N+ 0.571E-010
SO2+ 0.385E-025
CS+ 0.105E-009
CL+ 0.237E-006
C10+ 0.137E-012
C10H2+ 0.147E-016
C3H2+ 0.122E-012
C3H+ 0.132E-010
C4+ 0.258E-010
C4H+ 0.815E-011
C4P+ 0.816E-029
C5H+ 0.319E-011
C6+ 0.102E-008
C6H+ 0.184E-010
C7+ 0.158E-009
C7H+ 0.236E-010
C8+ 0.121E-010
C8H2+ 0.710E-013
C8H+ 0.182E-012
C9+ 0.644E-012
C9H2+ 0.740E-015
C9H+ 0.181E-013
CH3C4H+ 0.253E-017
C7H4+ 0.997E-018
CH3CN+ 0.337E-016
H2CS+ 0.103E-015
H2S2+ 0.995E-026
HC2P+ 0.809E-017
HC5N+ 0.852E-016
HC7N+ 0.925E-013
HC9N+ 0.104E-014
HCSI+ 0.678E-010
HCL+ 0.303E-010
HNSI+ 0.288E-016
HS2+ 0.196E-017
HS+ 0.354E-013
N2O+ 0.718E-011
NH+ 0.280E-011
PH2+ 0.984E-013
S2+ 0.980E-017
SIC2H2+ 0.227E-014
SIC3H+ 0.157E-014
SIC4+ 0.320E-013
SIH4+ 0.100E-033
SIH+ 0.407E-013
SINC+ 0.905E-014
SIO+ 0.778E-012
H2+ 0.559E-008
F+ 0.390E-017
HE+ 0.111E-005
C3N+ 0.355E-015
HCNO+ 0.188E-023
HNCO+ 0.190E-016
HONC+ 0.343E-029
HNO+ 0.107E-014
HCOOH+ 0.194E-023
NO2+ 0.693E-018
CH2CHCNH+ 0.651E-022
HCS+ 0.155E-010
C10H3+ 0.360E-022
C11+ 0.310E-014
C2H5CNH+ 0.633E-026
C2H5OH2+ 0.131E-029
C2H7+ 0.784E-027
C2NH+ 0.111E-012
C3H2O+ 0.696E-016
C3H5+ 0.113E-012
C3H7+ 0.493E-014
C4H4+ 0.998E-021
C4H5+ 0.230E-019
C4H7+ 0.239E-026
C4N+ 0.219E-015
C5H3+ 0.134E-013
C5H5+ 0.482E-018
C5N+ 0.335E-016
C6H3+ 0.497E-016
C6H4+ 0.198E-023
C6H5+ 0.190E-011
C6H7+ 0.426E-013
C7H3+ 0.153E-013
C7H5+ 0.161E-013
C7N+ 0.208E-012
C8H3+ 0.575E-017
C8H4+ 0.396E-019
C8H5+ 0.143E-031
C9H3+ 0.568E-019
C9H4+ 0.132E-020
C9H5+ 0.262E-029
C9N+ 0.233E-014
CF+ 0.448E-012
CH2CHCN+ 0.516E-018
CH2NH2+ 0.667E-032
CH3C3N+ 0.464E-019
CH3C3NH+ 0.187E-019
CH3C5NH+ 0.212E-019
CH3C7NH+ 0.746E-022
CH3CHOH+ 0.915E-024
CH3CNH+ 0.602E-017
CH3CO+ 0.847E-014
CH3COCH4+ 0.663E-030
CH3CS+ 0.522E-019
CH3OCH4+ 0.522E-031
CH3OH2+ 0.111E-020
CH4N+ 0.614E-019
CH5+ 0.225E-011
H2C4N+ 0.835E-019
H2C7N+ 0.138E-015
H2C9N+ 0.154E-017
H2CCL+ 0.391E-016
H2CNO+ 0.295E-021
H2CL+ 0.427E-012
H2F+ 0.700E-018
H2NC+ 0.709E-012
H2NCO+ 0.359E-016
H2NO+ 0.633E-019
H2OCN+ 0.359E-016
H2PO+ 0.456E-023
H3+ 0.622E-007
H3C3O+ 0.556E-016
H3C5N+ 0.118E-022
H3C7N+ 0.583E-019
H3C9N+ 0.199E-023
H3CO+ 0.313E-017
H3CS+ 0.209E-016
H3O+ 0.278E-010
H3S+ 0.328E-019
H3S2+ 0.247E-021
H3SIO+ 0.525E-032
H5C2O2+ 0.479E-035
HC2O+ 0.204E-012
HC2S+ 0.118E-011
HC3NH+ 0.175E-017
HC3O+ 0.296E-017
HC3S+ 0.862E-015
HC4N+ 0.150E-018
HC4S+ 0.309E-017
HC5NH+ 0.102E-016
HCNH+ 0.897E-012
HCNOH+ 0.403E-023
HCO2+ 0.106E-019
HCOOH2+ 0.552E-023
HF+ 0.816E-018
HN2O+ 0.284E-022
HNCOH+ 0.719E-016
HNS+ 0.622E-019
HOCN+ 0.190E-016
HOCS+ 0.725E-021
HPN+ 0.348E-018
HSO+ 0.114E-017
HSO2+ 0.236E-026
HSIO2+ 0.322E-022
HSIS+ 0.164E-018
HEH+ 0.805E-010
N2H+ 0.128E-013
NCCNCH3+ 0.772E-021
NCCNH+ 0.110E-013
NH2CNH+ 0.320E-031
NH4+ 0.496E-016
O2H+ 0.567E-020
OCN+ 0.479E-016
PC2H2+ 0.162E-021
PC2H3+ 0.815E-030
PC2H4+ 0.874E-029
PC3H+ 0.169E-023
PC4H+ 0.404E-023
PCH2+ 0.200E-017
PCH3+ 0.611E-027
PCH4+ 0.561E-026
PH3+ 0.861E-020
PNH2+ 0.664E-022
PNH3+ 0.266E-028
SIC2H3+ 0.381E-016
SIC3H2+ 0.358E-015
SIC4H+ 0.343E-017
SICH4+ 0.836E-020
SIF+ 0.667E-014
SIH5+ 0.610E-028
SINCH+ 0.380E-018
SINH2+ 0.363E-016
SIOH+ 0.371E-012
