C- 0.120E-010
E 0.512E-001
C2- 0.270E-013
C3- 0.447E-011
C4- 0.367E-008
C5- 0.103E-005
C6- 0.495E-007
C7- 0.439E-007
C8- 0.969E-009
C10- 0.889E-011
C2H- 0.539E-016
C3H- 0.215E-013
C3N- 0.108E-010
C4H- 0.170E-010
C5H- 0.117E-007
C6H- 0.646E-006
C7H- 0.415E-008
C8H- 0.194E-010
C9- 0.771E-009
C9H- 0.859E-011
CH- 0.260E-019
O- 0.496E-010
OH- 0.415E-011
S- 0.193E-013
CN- 0.342E-010
H- 0.197E-011
C10H- 0.253E-013
C5N- 0.212E-008
O2- -0.101E-049
C 0.282E-002
C2 0.963E-006
CH2 0.305E-006
C2H2 0.974E-010
CH 0.204E-005
C2H 0.372E-007
CO2 0.103E-011
CO 0.351E-002
H2O 0.185E-008
H2CO 0.232E-011
N 0.678E-002
CN 0.128E-007
NH 0.134E-009
HCN 0.360E-010
O2 0.193E-010
O 0.418E-001
OH 0.829E-008
HCO 0.218E-009
C4 0.143E-007
C3 0.265E-007
C5 0.304E-005
C6 0.251E-007
C7 0.782E-008
C8 0.482E-009
C9 0.137E-009
C10 0.455E-011
C3H 0.795E-008
C4H 0.170E-009
C4N 0.388E-010
C5H 0.237E-007
C6H 0.852E-006
C7H 0.181E-008
C8H 0.243E-010
C9H 0.333E-011
C10H 0.316E-013
CS 0.143E-008
CH3 0.761E-009
CH3CN 0.119E-015
CH3OH 0.362E-020
OCS 0.185E-014
CH4 0.374E-011
H 0.378E-001
H2 0.561E+002
NH2 0.189E-010
NH3 0.366E-014
C10H2 0.118E-014
H2CCC 0.603E-012
HC3N 0.286E-013
HC4H 0.178E-012
C5H2 0.142E-008
HC5N 0.260E-010
C6H2 0.838E-008
C7H2 0.848E-010
C8H2 0.621E-012
C9H2 0.247E-012
HS 0.336E-009
C2N 0.119E-010
C3N 0.534E-009
C5N 0.250E-008
C7N 0.713E-010
HC7N 0.752E-013
C9N 0.598E-012
HC9N 0.183E-015
NO 0.656E-011
NS 0.621E-012
NO2 0.121E-015
SO2 0.786E-019
C2O 0.198E-011
SO 0.135E-012
HNC 0.455E-010
C2H4 0.431E-014
C2H5 0.341E-016
C2H5OH 0.454E-029
C2S 0.251E-009
C3O 0.212E-015
C3S 0.394E-011
C4H3 0.218E-012
C4S 0.160E-013
C6H6 0.596E-010
CCP 0.143E-015
CCL 0.728E-014
CH2CCH2 0.606E-013
CH2CCH 0.162E-011
CH2CN 0.322E-014
CH2CO 0.116E-012
CH3CCH 0.341E-012
CH3CHCH2 0.204E-013
CH3CHO 0.162E-019
CH3COCH3 0.180E-029
CH3OCH3 0.467E-030
CP 0.115E-014
CLO 0.186E-037
FE 0.000E+000
H2S 0.119E-012
H2SIO 0.157E-027
HCOOCH3 0.389E-034
HCP 0.629E-016
HPO 0.700E-020
MG 0.000E+000
NCCN 0.102E-009
NA 0.000E+000
P 0.609E-009
PH 0.299E-011
PO 0.345E-013
SI 0.510E-006
SIC2 0.221E-009
SIC2H 0.283E-013
SIC3 0.159E-011
SIC 0.461E-008
SICH2 0.207E-016
SICH3 0.803E-017
SIH2 0.252E-018
SIH3 0.236E-025
SIN 0.135E-011
SIS 0.371E-017
S 0.139E-005
N2 0.674E-006
C2H3 0.120E-010
CH3CH3 0.225E-014
PN 0.775E-010
CL 0.179E-004
C3H2 0.644E-011
C4P 0.533E-022
CH3C4H 0.184E-013
CH3C6H 0.520E-010
H2CS 0.803E-015
H2S2 0.579E-020
HC2P 0.345E-021
HCSI 0.129E-008
HCL 0.136E-007
HNSI 0.111E-014
HS2 0.209E-018
N2O 0.365E-019
PH2 0.498E-018
S2 0.809E-016
SIC2H2 0.184E-014
SIC3H 0.170E-013
SIC4 0.260E-009
SIH4 0.283E-027
SIH 0.306E-010
SINC 0.637E-017
SIO 0.996E-011
F 0.954E-006
HE 0.954E+001
HCNO 0.637E-017
HNCO 0.120E-014
HONC 0.910E-023
HNO 0.382E-011
HCOOH 0.244E-021
C11 0.175E-016
C2H5CN 0.145E-024
C3P 0.117E-021
CH2CHCCH 0.573E-012
CH2CHCHCH2 0.205E-020
CH2CHCN 0.123E-019
CH2NH 0.519E-021
CH2PH 0.974E-025
CH3C3N 0.235E-017
CH3C5N 0.696E-018
CH3C7N 0.207E-020
CNO 0.696E-023
H2CN 0.339E-012
H2O2 0.345E-044
HCS 0.465E-011
HF 0.270E-011
HNC3 0.220E-017
HOCN 0.120E-014
NH2CN 0.848E-023
O2H 0.259E-022
OCN 0.390E-011
SIO2 0.336E-014
HCO+ 0.624E-010
H+ 0.118E-005
HOC+ 0.158E-010
C+ 0.486E-001
C10H+ 0.385E-015
C2H4+ 0.822E-012
C2H5+ 0.356E-018
C2H5OH+ 0.589E-031
C2O+ 0.625E-014
C2S+ 0.514E-012
C3O+ 0.115E-018
C3S+ 0.488E-012
C4H3+ 0.405E-016
C4S+ 0.103E-013
C6H6+ 0.113E-006
CCP+ 0.260E-018
CCL+ 0.491E-010
CH2+ 0.305E-007
C3H4+ 0.120E-014
CH2CCH+ 0.294E-012
CH2CN+ 0.551E-016
CH2CO+ 0.114E-014
C3H6+ 0.391E-017
CH3CHO+ 0.428E-022
CH3COCH3+ 0.247E-031
CH3OCH3+ 0.731E-032
CH+ 0.195E-007
CP+ 0.930E-018
CLO+ 0.889E-040
FE+ 0.000E+000
H2CO+ 0.470E-012
H2S+ 0.167E-010
H2SIO+ 0.190E-023
C4H2+ 0.142E-012
COOCH4+ 0.371E-036
HCP+ 0.509E-018
HPO+ 0.625E-016
MG+ 0.000E+000
C2N+ 0.524E-012
CNC+ 0.310E-012
NH3+ 0.925E-012
NO+ 0.497E-013
NS+ 0.126E-013
NA+ 0.000E+000
OCS+ 0.473E-016
P+ 0.140E-005
PH+ 0.879E-014
PO+ 0.843E-015
SO+ 0.469E-012
SI+ 0.167E-002
SIC2+ 0.192E-011
SIC2H+ 0.326E-011
SIC3+ 0.873E-012
SIC+ 0.750E-010
SICH2+ 0.514E-010
SICH3+ 0.115E-019
SIH2+ 0.338E-011
SIH3+ 0.113E-019
SIN+ 0.281E-013
SIS+ 0.360E-015
C2+ 0.463E-008
S+ 0.929E-003
CN+ 0.484E-012
CO+ 0.130E-010
N2+ 0.412E-014
O2+ 0.606E-013
C2H+ 0.205E-008
C2H2+ 0.279E-008
C2H3+ 0.551E-009
C5H2+ 0.691E-015
C6H2+ 0.813E-011
C7H2+ 0.829E-013
C3H3+ 0.714E-013
CO2+ 0.126E-020
HC3N+ 0.713E-016
HCN+ 0.909E-012
C2N2+ 0.102E-013
C3+ 0.291E-010
C5+ 0.871E-011
CH3CH3+ 0.966E-017
PN+ 0.991E-017
H2O+ 0.477E-010
NH2+ 0.314E-011
O+ 0.150E-010
OH+ 0.698E-010
CH3+ 0.373E-007
CH4+ 0.677E-015
CH3OH+ 0.269E-023
N+ 0.630E-010
SO2+ 0.230E-025
CS+ 0.783E-010
CL+ 0.305E-006
C10+ 0.545E-013
C10H2+ 0.417E-017
C3H2+ 0.721E-013
C3H+ 0.793E-011
C4+ 0.189E-010
C4H+ 0.550E-011
C4P+ 0.410E-029
C5H+ 0.214E-011
C6+ 0.782E-009
C6H+ 0.128E-010
C7+ 0.116E-009
C7H+ 0.154E-010
C8+ 0.649E-011
C8H2+ 0.331E-013
C8H+ 0.858E-013
C9+ 0.269E-012
C9H2+ 0.239E-015
C9H+ 0.677E-014
CH3C4H+ 0.181E-017
C7H4+ 0.602E-018
CH3CN+ 0.207E-016
H2CS+ 0.713E-016
H2S2+ 0.345E-026
HC2P+ 0.357E-017
HC5N+ 0.554E-016
HC7N+ 0.434E-013
HC9N+ 0.363E-015
HCSI+ 0.506E-010
HCL+ 0.195E-010
HNSI+ 0.217E-016
HS2+ 0.137E-017
HS+ 0.239E-013
N2O+ 0.625E-011
NH+ 0.278E-011
PH2+ 0.808E-013
S2+ 0.676E-017
SIC2H2+ 0.131E-014
SIC3H+ 0.778E-015
SIC4+ 0.186E-013
SIH4+ 0.299E-034
SIH+ 0.318E-013
SINC+ 0.546E-014
SIO+ 0.637E-012
H2+ 0.557E-008
F+ 0.205E-017
HE+ 0.118E-005
C3N+ 0.234E-015
HCNO+ 0.932E-024
HNCO+ 0.934E-017
HONC+ 0.276E-029
HNO+ 0.927E-015
HCOOH+ 0.128E-023
NO2+ 0.318E-018
CH2CHCNH+ 0.292E-022
HCS+ 0.104E-010
C10H3+ 0.902E-023
C11+ 0.119E-014
C2H5CNH+ 0.288E-026
C2H5OH2+ 0.113E-029
C2H7+ 0.506E-027
C2NH+ 0.729E-013
C3H2O+ 0.239E-016
C3H5+ 0.627E-013
C3H7+ 0.266E-014
C4H4+ 0.526E-021
C4H5+ 0.105E-019
C4H7+ 0.183E-026
C4N+ 0.124E-015
C5H3+ 0.795E-014
C5H5+ 0.320E-018
C5N+ 0.217E-016
C6H3+ 0.254E-016
C6H4+ 0.844E-024
C6H5+ 0.150E-011
C6H7+ 0.304E-013
C7H3+ 0.917E-014
C7H5+ 0.960E-014
C7N+ 0.107E-012
C8H3+ 0.394E-017
C8H4+ 0.241E-019
C8H5+ 0.514E-032
C9H3+ 0.260E-019
C9H4+ 0.594E-021
C9H5+ 0.101E-029
C9N+ 0.895E-015
CF+ 0.189E-012
CH2CHCN+ 0.258E-018
CH2NH2+ 0.293E-032
CH3C3N+ 0.245E-019
CH3C3NH+ 0.897E-020
CH3C5NH+ 0.108E-019
CH3C7NH+ 0.312E-022
CH3CHOH+ 0.416E-024
CH3CNH+ 0.333E-017
CH3CO+ 0.335E-014
CH3COCH4+ 0.104E-029
CH3CS+ 0.396E-019
CH3OCH4+ 0.309E-031
CH3OH2+ 0.805E-021
CH4N+ 0.417E-019
CH5+ 0.174E-011
H2C4N+ 0.461E-019
H2C7N+ 0.589E-016
H2C9N+ 0.492E-018
H2CCL+ 0.228E-016
H2CNO+ 0.246E-023
H2CL+ 0.299E-014
H2F+ 0.316E-018
H2NC+ 0.518E-012
H2NCO+ 0.160E-016
H2NO+ 0.280E-019
H2OCN+ 0.160E-016
H2PO+ 0.340E-023
H3+ 0.561E-007
H3C3O+ 0.261E-016
H3C5N+ 0.738E-023
H3C7N+ 0.317E-019
H3C9N+ 0.732E-024
H3CO+ 0.242E-017
H3CS+ 0.133E-016
H3O+ 0.238E-010
H3S+ 0.204E-019
H3S2+ 0.162E-021
H3SIO+ 0.348E-032
H5C2O2+ 0.256E-035
HC2O+ 0.143E-012
HC2S+ 0.584E-012
HC3NH+ 0.896E-018
HC3O+ 0.172E-017
HC3S+ 0.428E-015
HC4N+ 0.868E-019
HC4S+ 0.161E-017
HC5NH+ 0.594E-017
HCNH+ 0.688E-012
HCNOH+ 0.178E-023
HCO2+ 0.683E-020
HCOOH2+ 0.362E-023
HF+ 0.417E-018
HN2O+ 0.224E-022
HNCOH+ 0.320E-016
HNS+ 0.450E-019
HOCN+ 0.933E-017
HOCS+ 0.256E-021
HPN+ 0.284E-018
HSO+ 0.863E-018
HSO2+ 0.129E-026
HSIO2+ 0.765E-023
HSIS+ 0.104E-018
HEH+ 0.801E-010
N2H+ 0.623E-014
NCCNCH3+ 0.306E-021
NCCNH+ 0.518E-014
NH2CNH+ 0.145E-031
NH4+ 0.383E-016
O2H+ 0.474E-020
OCN+ 0.240E-016
PC2H2+ 0.136E-021
PC2H3+ 0.602E-030
PC2H4+ 0.690E-029
PC3H+ 0.872E-024
PC4H+ 0.212E-023
PCH2+ 0.114E-017
PCH3+ 0.348E-027
PCH4+ 0.337E-026
PH3+ 0.637E-020
PNH2+ 0.446E-022
PNH3+ 0.167E-028
SIC2H3+ 0.199E-016
SIC3H2+ 0.176E-015
SIC4H+ 0.191E-017
SICH4+ 0.527E-020
SIF+ 0.260E-014
SIH5+ 0.412E-028
SINCH+ 0.246E-018
SINH2+ 0.247E-016
SIOH+ 0.278E-012
