C- 0.629E-011
E 0.473E-001
C2- 0.187E-013
C3- 0.309E-011
C4- 0.266E-008
C5- 0.792E-006
C6- 0.301E-007
C7- 0.234E-007
C8- 0.365E-009
C10- 0.366E-011
C2H- 0.339E-016
C3H- 0.136E-013
C3N- 0.716E-011
C4H- 0.112E-010
C5H- 0.800E-008
C6H- 0.485E-006
C7H- 0.195E-008
C8H- 0.645E-011
C9- 0.301E-009
C9H- 0.298E-011
CH- 0.154E-019
O- 0.461E-010
OH- 0.349E-011
S- 0.144E-013
CN- 0.238E-010
H- 0.166E-011
C10H- 0.800E-014
C5N- 0.137E-008
O2- 0.304E-050
C 0.154E-002
C2 0.684E-006
CH2 0.235E-006
C2H2 0.609E-010
CH 0.161E-005
C2H 0.249E-007
CO2 0.633E-012
CO 0.134E-002
H2O 0.154E-008
H2CO 0.161E-011
N 0.591E-002
CN 0.848E-008
NH 0.114E-009
HCN 0.248E-010
O2 0.153E-010
O 0.381E-001
OH 0.716E-008
HCO 0.156E-009
C4 0.102E-007
C3 0.191E-007
C5 0.238E-005
C6 0.154E-007
C7 0.420E-008
C8 0.182E-009
C9 0.538E-010
C10 0.189E-011
C3H 0.564E-008
C4H 0.106E-009
C4N 0.230E-010
C5H 0.163E-007
C6H 0.641E-006
C7H 0.854E-009
C8H 0.807E-011
C9H 0.116E-011
C10H 0.100E-013
CS 0.888E-009
CH3 0.584E-009
CH3CN 0.683E-016
CH3OH 0.245E-020
OCS 0.655E-015
CH4 0.271E-011
H 0.330E-001
H2 0.488E+002
NH2 0.155E-010
NH3 0.283E-014
C10H2 0.319E-015
H2CCC 0.336E-012
HC3N 0.166E-013
HC4H 0.103E-012
C5H2 0.886E-009
HC5N 0.151E-010
C6H2 0.555E-008
C7H2 0.362E-010
C8H2 0.190E-012
C9H2 0.757E-013
HS 0.257E-009
C2N 0.692E-011
C3N 0.339E-009
C5N 0.166E-008
C7N 0.328E-010
HC7N 0.321E-013
C9N 0.202E-012
HC9N 0.569E-016
NO 0.463E-011
NS 0.419E-012
NO2 0.512E-016
SO2 0.534E-019
C2O 0.125E-011
SO 0.944E-013
HNC 0.317E-010
C2H4 0.239E-014
C2H5 0.187E-016
C2H5OH 0.241E-029
C2S 0.114E-009
C3O 0.607E-016
C3S 0.151E-011
C4H3 0.125E-012
C4S 0.480E-014
C6H6 0.372E-010
CCP 0.766E-016
CCL 0.509E-014
CH2CCH2 0.370E-013
CH2CCH 0.914E-012
CH2CN 0.183E-014
CH2CO 0.479E-013
CH3CCH 0.192E-012
CH3CHCH2 0.113E-013
CH3CHO 0.807E-020
CH3COCH3 0.745E-030
CH3OCH3 0.270E-030
CP 0.563E-015
CLO 0.549E-038
FE 0.000E+000
H2S 0.919E-013
H2SIO 0.440E-028
HCOOCH3 0.203E-034
HCP 0.342E-016
HPO 0.461E-020
MG 0.000E+000
NCCN 0.481E-010
NA 0.000E+000
P 0.502E-009
PH 0.238E-011
PO 0.258E-013
SI 0.395E-006
SIC2 0.132E-009
SIC2H 0.162E-013
SIC3 0.881E-012
SIC 0.325E-008
SICH2 0.121E-016
SICH3 0.279E-017
SIH2 0.183E-018
SIH3 0.752E-026
SIN 0.831E-012
SIS 0.239E-017
S 0.108E-005
N2 0.294E-006
C2H3 0.777E-011
CH3CH3 0.125E-014
PN 0.661E-010
CL 0.156E-004
C3H2 0.361E-011
C4P 0.272E-022
CH3C4H 0.725E-014
CH3C6H 0.316E-010
H2CS 0.496E-015
H2S2 0.371E-020
HC2P 0.165E-021
HCSI 0.843E-009
HCL 0.116E-007
HNSI 0.742E-015
HS2 0.525E-019
N2O 0.269E-019
PH2 0.351E-018
S2 0.516E-016
SIC2H2 0.952E-015
SIC3H 0.836E-014
SIC4 0.149E-009
SIH4 0.193E-027
SIH 0.232E-010
SINC 0.398E-017
SIO 0.669E-011
F 0.831E-006
HE 0.830E+001
HCNO 0.250E-017
HNCO 0.451E-015
HONC 0.373E-023
HNO 0.179E-011
HCOOH 0.154E-021
C11 0.314E-017
C2H5CN 0.692E-025
C3P 0.346E-022
CH2CHCCH 0.353E-012
CH2CHCHCH2 0.891E-021
CH2CHCN 0.590E-020
CH2NH 0.311E-021
CH2PH 0.582E-025
CH3C3N 0.108E-017
CH3C5N 0.353E-018
CH3C7N 0.790E-021
CNO 0.315E-023
H2CN 0.220E-012
H2O2 0.107E-045
HCS 0.180E-011
HF 0.135E-011
HNC3 0.119E-017
HOCN 0.453E-015
NH2CN 0.443E-023
O2H 0.152E-022
OCN 0.223E-011
SIO2 0.806E-015
HCO+ 0.459E-010
H+ 0.113E-005
HOC+ 0.124E-010
C+ 0.450E-001
C10H+ 0.131E-015
C2H4+ 0.564E-012
C2H5+ 0.195E-018
C2H5OH+ 0.324E-031
C2O+ 0.396E-014
C2S+ 0.300E-012
C3O+ 0.341E-019
C3S+ 0.324E-012
C4H3+ 0.225E-016
C4S+ 0.607E-014
C6H6+ 0.976E-007
CCP+ 0.139E-018
CCL+ 0.423E-010
CH2+ 0.270E-007
C3H4+ 0.725E-015
CH2CCH+ 0.173E-012
CH2CN+ 0.319E-016
CH2CO+ 0.492E-015
C3H6+ 0.213E-017
CH3CHO+ 0.223E-022
CH3COCH3+ 0.102E-031
CH3OCH3+ 0.439E-032
CH+ 0.172E-007
CP+ 0.483E-018
CLO+ 0.263E-040
FE+ 0.000E+000
H2CO+ 0.370E-012
H2S+ 0.136E-010
H2SIO+ 0.142E-023
C4H2+ 0.889E-013
COOCH4+ 0.193E-036
HCP+ 0.256E-018
HPO+ 0.493E-016
MG+ 0.000E+000
C2N+ 0.359E-012
CNC+ 0.191E-012
NH3+ 0.807E-012
NO+ 0.383E-013
NS+ 0.972E-014
NA+ 0.000E+000
OCS+ 0.262E-016
P+ 0.122E-005
PH+ 0.687E-014
PO+ 0.673E-015
SO+ 0.381E-012
SI+ 0.145E-002
SIC2+ 0.126E-011
SIC2H+ 0.198E-011
SIC3+ 0.583E-012
SIC+ 0.581E-010
SICH2+ 0.358E-010
SICH3+ 0.505E-020
SIH2+ 0.273E-011
SIH3+ 0.869E-020
SIN+ 0.215E-013
SIS+ 0.253E-015
C2+ 0.369E-008
S+ 0.809E-003
CN+ 0.424E-012
CO+ 0.111E-010
N2+ 0.223E-014
O2+ 0.558E-013
C2H+ 0.155E-008
C2H2+ 0.196E-008
C2H3+ 0.337E-009
C5H2+ 0.455E-015
C6H2+ 0.577E-011
C7H2+ 0.381E-013
C3H3+ 0.422E-013
CO2+ 0.898E-021
HC3N+ 0.448E-016
HCN+ 0.776E-012
C2N2+ 0.532E-014
C3+ 0.195E-010
C5+ 0.629E-011
CH3CH3+ 0.568E-017
PN+ 0.874E-017
H2O+ 0.448E-010
NH2+ 0.295E-011
O+ 0.157E-010
OH+ 0.693E-010
CH3+ 0.305E-007
CH4+ 0.520E-015
CH3OH+ 0.193E-023
N+ 0.695E-010
SO2+ 0.163E-025
CS+ 0.589E-010
CL+ 0.267E-006
C10+ 0.215E-013
C10H2+ 0.121E-017
C3H2+ 0.389E-013
C3H+ 0.488E-011
C4+ 0.137E-010
C4H+ 0.375E-011
C4P+ 0.217E-029
C5H+ 0.143E-011
C6+ 0.600E-009
C6H+ 0.902E-011
C7+ 0.862E-010
C7H+ 0.101E-010
C8+ 0.316E-011
C8H2+ 0.149E-013
C8H+ 0.362E-013
C9+ 0.106E-012
C9H2+ 0.785E-016
C9H+ 0.247E-014
CH3C4H+ 0.137E-017
C7H4+ 0.372E-018
CH3CN+ 0.135E-016
H2CS+ 0.507E-016
H2S2+ 0.160E-026
HC2P+ 0.208E-017
HC5N+ 0.369E-016
HC7N+ 0.208E-013
HC9N+ 0.128E-015
HCSI+ 0.380E-010
HCL+ 0.179E-010
HNSI+ 0.169E-016
HS2+ 0.992E-018
HS+ 0.177E-013
N2O+ 0.545E-011
NH+ 0.275E-011
PH2+ 0.679E-013
S2+ 0.488E-017
SIC2H2+ 0.798E-015
SIC3H+ 0.411E-015
SIC4+ 0.109E-013
SIH4+ 0.116E-034
SIH+ 0.256E-013
SINC+ 0.347E-014
SIO+ 0.525E-012
H2+ 0.556E-008
F+ 0.126E-017
HE+ 0.123E-005
C3N+ 0.159E-015
HCNO+ 0.440E-024
HNCO+ 0.394E-017
HONC+ 0.134E-029
HNO+ 0.816E-015
HCOOH+ 0.862E-024
NO2+ 0.145E-018
CH2CHCNH+ 0.146E-022
HCS+ 0.726E-011
C10H3+ 0.210E-023
C11+ 0.480E-015
C2H5CNH+ 0.145E-026
C2H5OH2+ 0.635E-030
C2H7+ 0.236E-027
C2NH+ 0.461E-013
C3H2O+ 0.733E-017
C3H5+ 0.369E-013
C3H7+ 0.156E-014
C4H4+ 0.297E-021
C4H5+ 0.526E-020
C4H7+ 0.656E-027
C4N+ 0.722E-016
C5H3+ 0.488E-014
C5H5+ 0.224E-018
C5N+ 0.141E-016
C6H3+ 0.143E-016
C6H4+ 0.371E-024
C6H5+ 0.121E-011
C6H7+ 0.227E-013
C7H3+ 0.551E-014
C7H5+ 0.594E-014
C7N+ 0.548E-013
C8H3+ 0.196E-017
C8H4+ 0.110E-019
C8H5+ 0.191E-032
C9H3+ 0.880E-020
C9H4+ 0.170E-021
C9H5+ 0.415E-030
C9N+ 0.337E-015
CF+ 0.938E-013
CH2CHCN+ 0.141E-018
CH2NH2+ 0.147E-032
CH3C3N+ 0.137E-019
CH3C3NH+ 0.468E-020
CH3C5NH+ 0.575E-020
CH3C7NH+ 0.122E-022
CH3CHOH+ 0.252E-024
CH3CNH+ 0.201E-017
CH3CO+ 0.117E-014
CH3COCH4+ 0.458E-030
CH3CS+ 0.202E-019
CH3OCH4+ 0.188E-031
CH3OH2+ 0.584E-021
CH4N+ 0.303E-019
CH5+ 0.139E-011
H2C4N+ 0.268E-019
H2C7N+ 0.263E-016
H2C9N+ 0.162E-018
H2CCL+ 0.174E-016
H2CNO+ 0.150E-023
H2CL+ 0.554E-014
H2F+ 0.173E-018
H2NC+ 0.393E-012
H2NCO+ 0.625E-017
H2NO+ 0.131E-019
H2OCN+ 0.625E-017
H2PO+ 0.258E-023
H3+ 0.519E-007
H3C3O+ 0.706E-017
H3C5N+ 0.502E-023
H3C7N+ 0.183E-019
H3C9N+ 0.257E-024
H3CO+ 0.188E-017
H3CS+ 0.892E-017
H3O+ 0.207E-010
H3S+ 0.143E-019
H3S2+ 0.113E-021
H3SIO+ 0.245E-032
H5C2O2+ 0.140E-035
HC2O+ 0.953E-013
HC2S+ 0.316E-012
HC3NH+ 0.491E-018
HC3O+ 0.101E-017
HC3S+ 0.226E-015
HC4N+ 0.523E-019
HC4S+ 0.858E-018
HC5NH+ 0.365E-017
HCNH+ 0.542E-012
HCNOH+ 0.774E-024
HCO2+ 0.463E-020
HCOOH2+ 0.245E-023
HF+ 0.250E-018
HN2O+ 0.175E-022
HNCOH+ 0.125E-016
HNS+ 0.343E-019
HOCN+ 0.394E-017
HOCS+ 0.158E-021
HPN+ 0.242E-018
HSO+ 0.669E-018
HSO2+ 0.859E-027
HSIO2+ 0.181E-023
HSIS+ 0.693E-019
HEH+ 0.798E-010
N2H+ 0.305E-014
NCCNCH3+ 0.126E-021
NCCNH+ 0.251E-014
NH2CNH+ 0.746E-032
NH4+ 0.316E-016
O2H+ 0.391E-020
OCN+ 0.103E-016
PC2H2+ 0.693E-022
PC2H3+ 0.276E-030
PC2H4+ 0.340E-029
PC3H+ 0.415E-024
PC4H+ 0.116E-023
PCH2+ 0.667E-018
PCH3+ 0.209E-027
PCH4+ 0.218E-026
PH3+ 0.484E-020
PNH2+ 0.325E-022
PNH3+ 0.117E-028
SIC2H3+ 0.111E-016
SIC3H2+ 0.939E-016
SIC4H+ 0.110E-017
SICH4+ 0.355E-020
SIF+ 0.123E-014
SIH5+ 0.299E-028
SINCH+ 0.165E-018
SINH2+ 0.179E-016
SIOH+ 0.214E-012
