C- 0.265E-011
E 0.426E-001
C2- 0.126E-013
C3- 0.206E-011
C4- 0.188E-008
C5- 0.604E-006
C6- 0.177E-007
C7- 0.117E-007
C8- 0.120E-009
C10- 0.167E-011
C2H- 0.208E-016
C3H- 0.832E-014
C3N- 0.477E-011
C4H- 0.723E-011
C5H- 0.537E-008
C6H- 0.362E-006
C7H- 0.773E-009
C8H- 0.177E-011
C9- 0.110E-009
C9H- 0.977E-012
CH- 0.870E-020
O- 0.408E-010
OH- 0.284E-011
S- 0.105E-013
CN- 0.166E-010
H- 0.140E-011
C10H- 0.284E-014
C5N- 0.861E-009
O2- 0.217E-047
C 0.694E-003
C2 0.477E-006
CH2 0.179E-006
C2H2 0.357E-010
CH 0.124E-005
C2H 0.167E-007
CO2 0.363E-012
CO 0.434E-003
H2O 0.124E-008
H2CO 0.110E-011
N 0.515E-002
CN 0.548E-008
NH 0.987E-010
HCN 0.170E-010
O2 0.116E-010
O 0.339E-001
OH 0.608E-008
HCO 0.975E-010
C4 0.704E-008
C3 0.136E-007
C5 0.186E-005
C6 0.915E-008
C7 0.213E-008
C8 0.606E-010
C9 0.199E-010
C10 0.880E-012
C3H 0.398E-008
C4H 0.636E-010
C4N 0.130E-010
C5H 0.111E-007
C6H 0.484E-006
C7H 0.341E-009
C8H 0.223E-011
C9H 0.381E-012
C10H 0.358E-014
CS 0.558E-009
CH3 0.446E-009
CH3CN 0.421E-016
CH3OH 0.161E-020
OCS 0.219E-015
CH4 0.200E-011
H 0.288E-001
H2 0.425E+002
NH2 0.130E-010
NH3 0.231E-014
C10H2 0.937E-016
H2CCC 0.188E-012
HC3N 0.968E-014
HC4H 0.581E-013
C5H2 0.560E-009
HC5N 0.860E-011
C6H2 0.368E-008
C7H2 0.130E-010
C8H2 0.477E-013
C9H2 0.220E-013
HS 0.196E-009
C2N 0.402E-011
C3N 0.214E-009
C5N 0.109E-008
C7N 0.142E-010
HC7N 0.117E-013
C9N 0.635E-013
HC9N 0.169E-016
NO 0.329E-011
NS 0.287E-012
NO2 0.211E-016
SO2 0.307E-019
C2O 0.798E-012
SO 0.488E-013
HNC 0.221E-010
C2H4 0.170E-014
C2H5 0.148E-016
C2H5OH 0.193E-029
C2S 0.560E-010
C3O 0.181E-016
C3S 0.626E-012
C4H3 0.729E-013
C4S 0.140E-014
C6H6 0.242E-010
CCP 0.409E-016
CCL 0.362E-014
CH2CCH2 0.236E-013
CH2CCH 0.535E-012
CH2CN 0.107E-014
CH2CO 0.202E-013
CH3CCH 0.112E-012
CH3CHCH2 0.758E-014
CH3CHO 0.648E-020
CH3COCH3 0.602E-030
CH3OCH3 0.155E-030
CP 0.247E-015
CLO 0.156E-038
FE 0.000E+000
H2S 0.707E-013
H2SIO 0.153E-028
HCOOCH3 0.104E-034
HCP 0.187E-016
HPO 0.301E-020
MG 0.000E+000
NCCN 0.224E-010
NA 0.000E+000
P 0.402E-009
PH 0.189E-011
PO 0.188E-013
SI 0.300E-006
SIC2 0.788E-010
SIC2H 0.956E-014
SIC3 0.469E-012
SIC 0.233E-008
SICH2 0.699E-017
SICH3 0.103E-017
SIH2 0.136E-018
SIH3 0.311E-026
SIN 0.524E-012
SIS 0.160E-017
S 0.820E-006
N2 0.121E-006
C2H3 0.515E-011
CH3CH3 0.856E-015
PN 0.563E-010
CL 0.136E-004
C3H2 0.207E-011
C4P 0.141E-022
CH3C4H 0.287E-014
CH3C6H 0.191E-010
H2CS 0.312E-015
H2S2 0.243E-020
HC2P 0.115E-021
HCSI 0.552E-009
HCL 0.905E-008
HNSI 0.516E-015
HS2 0.149E-019
N2O 0.190E-019
PH2 0.247E-018
S2 0.329E-016
SIC2H2 0.519E-015
SIC3H 0.437E-014
SIC4 0.825E-010
SIH4 0.138E-027
SIH 0.175E-010
SINC 0.248E-017
SIO 0.446E-011
F 0.723E-006
HE 0.723E+001
HCNO 0.831E-018
HNCO 0.143E-015
HONC 0.154E-023
HNO 0.840E-012
HCOOH 0.969E-022
C11 0.493E-018
C2H5CN 0.358E-025
C3P 0.143E-022
CH2CHCCH 0.226E-012
CH2CHCHCH2 0.534E-021
CH2CHCN 0.312E-020
CH2NH 0.193E-021
CH2PH 0.364E-025
CH3C3N 0.557E-018
CH3C5N 0.182E-018
CH3C7N 0.264E-021
CNO 0.138E-023
H2CN 0.142E-012
H2O2 0.265E-047
HCS 0.676E-012
HF 0.644E-012
HNC3 0.680E-018
HOCN 0.144E-015
NH2CN 0.240E-023
O2H 0.789E-023
OCN 0.130E-011
SIO2 0.172E-015
HCO+ 0.348E-010
H+ 0.108E-005
HOC+ 0.974E-011
C+ 0.406E-001
C10H+ 0.488E-016
C2H4+ 0.408E-012
C2H5+ 0.139E-018
C2H5OH+ 0.278E-031
C2O+ 0.253E-014
C2S+ 0.183E-012
C3O+ 0.105E-019
C3S+ 0.221E-012
C4H3+ 0.130E-016
C4S+ 0.352E-014
C6H6+ 0.841E-007
CCP+ 0.749E-019
CCL+ 0.331E-010
CH2+ 0.237E-007
C3H4+ 0.464E-015
CH2CCH+ 0.106E-012
CH2CN+ 0.190E-016
CH2CO+ 0.220E-015
C3H6+ 0.141E-017
CH3CHO+ 0.191E-022
CH3COCH3+ 0.861E-032
CH3OCH3+ 0.266E-032
CH+ 0.151E-007
CP+ 0.227E-018
CLO+ 0.748E-041
FE+ 0.000E+000
H2CO+ 0.298E-012
H2S+ 0.114E-010
H2SIO+ 0.112E-023
C4H2+ 0.578E-013
COOCH4+ 0.997E-037
HCP+ 0.118E-018
HPO+ 0.384E-016
MG+ 0.000E+000
C2N+ 0.249E-012
CNC+ 0.120E-012
NH3+ 0.739E-012
NO+ 0.307E-013
NS+ 0.782E-014
NA+ 0.000E+000
OCS+ 0.158E-016
P+ 0.106E-005
PH+ 0.537E-014
PO+ 0.540E-015
SO+ 0.313E-012
SI+ 0.126E-002
SIC2+ 0.820E-012
SIC2H+ 0.123E-011
SIC3+ 0.397E-012
SIC+ 0.446E-010
SICH2+ 0.257E-010
SICH3+ 0.262E-020
SIH2+ 0.226E-011
SIH3+ 0.705E-020
SIN+ 0.171E-013
SIS+ 0.182E-015
C2+ 0.289E-008
S+ 0.705E-003
CN+ 0.370E-012
CO+ 0.950E-011
N2+ 0.118E-014
O2+ 0.511E-013
C2H+ 0.118E-008
C2H2+ 0.142E-008
C2H3+ 0.247E-009
C5H2+ 0.313E-015
C6H2+ 0.421E-011
C7H2+ 0.153E-013
C3H3+ 0.262E-013
CO2+ 0.597E-021
HC3N+ 0.295E-016
HCN+ 0.666E-012
C2N2+ 0.277E-014
C3+ 0.129E-010
C5+ 0.438E-011
CH3CH3+ 0.427E-017
PN+ 0.792E-017
H2O+ 0.427E-010
NH2+ 0.284E-011
O+ 0.160E-010
OH+ 0.686E-010
CH3+ 0.255E-007
CH4+ 0.419E-015
CH3OH+ 0.138E-023
N+ 0.771E-010
SO2+ 0.101E-025
CS+ 0.442E-010
CL+ 0.271E-006
C10+ 0.855E-014
C10H2+ 0.391E-018
C3H2+ 0.227E-013
C3H+ 0.306E-011
C4+ 0.980E-011
C4H+ 0.258E-011
C4P+ 0.119E-029
C5H+ 0.941E-012
C6+ 0.460E-009
C6H+ 0.655E-011
C7+ 0.641E-010
C7H+ 0.675E-011
C8+ 0.136E-011
C8H2+ 0.655E-014
C8H+ 0.131E-013
C9+ 0.388E-013
C9H2+ 0.251E-016
C9H+ 0.864E-015
CH3C4H+ 0.108E-017
C7H4+ 0.237E-018
CH3CN+ 0.949E-017
H2CS+ 0.369E-016
H2S2+ 0.934E-027
HC2P+ 0.116E-017
HC5N+ 0.252E-016
HC7N+ 0.971E-014
HC9N+ 0.434E-016
HCSI+ 0.287E-010
HCL+ 0.153E-010
HNSI+ 0.137E-016
HS2+ 0.738E-018
HS+ 0.132E-013
N2O+ 0.474E-011
NH+ 0.273E-011
PH2+ 0.586E-013
S2+ 0.361E-017
SIC2H2+ 0.512E-015
SIC3H+ 0.227E-015
SIC4+ 0.635E-014
SIH4+ 0.621E-035
SIH+ 0.211E-013
SINC+ 0.229E-014
SIO+ 0.434E-012
H2+ 0.555E-008
F+ 0.729E-018
HE+ 0.128E-005
C3N+ 0.111E-015
HCNO+ 0.175E-024
HNCO+ 0.142E-017
HONC+ 0.656E-030
HNO+ 0.745E-015
HCOOH+ 0.592E-024
NO2+ 0.662E-019
CH2CHCNH+ 0.817E-023
HCS+ 0.518E-011
C10H3+ 0.438E-024
C11+ 0.218E-015
C2H5CNH+ 0.823E-027
C2H5OH2+ 0.490E-030
C2H7+ 0.147E-027
C2NH+ 0.318E-013
C3H2O+ 0.200E-017
C3H5+ 0.231E-013
C3H7+ 0.100E-014
C4H4+ 0.179E-021
C4H5+ 0.286E-020
C4H7+ 0.363E-027
C4N+ 0.422E-016
C5H3+ 0.313E-014
C5H5+ 0.166E-018
C5N+ 0.910E-017
C6H3+ 0.890E-017
C6H4+ 0.175E-024
C6H5+ 0.100E-011
C6H7+ 0.179E-013
C7H3+ 0.331E-014
C7H5+ 0.383E-014
C7N+ 0.267E-013
C8H3+ 0.119E-017
C8H4+ 0.609E-020
C8H5+ 0.743E-033
C9H3+ 0.316E-020
C9H4+ 0.506E-022
C9H5+ 0.180E-030
C9N+ 0.119E-015
CF+ 0.444E-013
CH2CHCN+ 0.838E-019
CH2NH2+ 0.815E-033
CH3C3N+ 0.827E-020
CH3C3NH+ 0.270E-020
CH3C5NH+ 0.316E-020
CH3C7NH+ 0.430E-023
CH3CHOH+ 0.154E-024
CH3CNH+ 0.133E-017
CH3CO+ 0.360E-015
CH3COCH4+ 0.348E-030
CH3CS+ 0.133E-019
CH3OCH4+ 0.116E-031
CH3OH2+ 0.427E-021
CH4N+ 0.236E-019
CH5+ 0.116E-011
H2C4N+ 0.166E-019
H2C7N+ 0.118E-016
H2C9N+ 0.526E-019
H2CCL+ 0.126E-016
H2CNO+ 0.384E-024
H2CL+ 0.165E-014
H2F+ 0.928E-019
H2NC+ 0.312E-012
H2NCO+ 0.215E-017
H2NO+ 0.651E-020
H2OCN+ 0.215E-017
H2PO+ 0.198E-023
H3+ 0.493E-007
H3C3O+ 0.200E-017
H3C5N+ 0.374E-023
H3C7N+ 0.113E-019
H3C9N+ 0.819E-025
H3CO+ 0.149E-017
H3CS+ 0.628E-017
H3O+ 0.188E-010
H3S+ 0.103E-019
H3S2+ 0.825E-022
H3SIO+ 0.187E-032
H5C2O2+ 0.776E-036
HC2O+ 0.671E-013
HC2S+ 0.183E-012
HC3NH+ 0.287E-018
HC3O+ 0.628E-018
HC3S+ 0.125E-015
HC4N+ 0.332E-019
HC4S+ 0.463E-018
HC5NH+ 0.235E-017
HCNH+ 0.440E-012
HCNOH+ 0.292E-024
HCO2+ 0.326E-020
HCOOH2+ 0.170E-023
HF+ 0.142E-018
HN2O+ 0.135E-022
HNCOH+ 0.430E-017
HNS+ 0.271E-019
HOCN+ 0.142E-017
HOCS+ 0.763E-022
HPN+ 0.218E-018
HSO+ 0.531E-018
HSO2+ 0.512E-027
HSIO2+ 0.401E-024
HSIS+ 0.478E-019
HEH+ 0.795E-010
N2H+ 0.151E-014
NCCNCH3+ 0.535E-022
NCCNH+ 0.124E-014
NH2CNH+ 0.420E-032
NH4+ 0.283E-016
O2H+ 0.318E-020
OCN+ 0.373E-017
PC2H2+ 0.472E-022
PC2H3+ 0.169E-030
PC2H4+ 0.230E-029
PC3H+ 0.213E-024
PC4H+ 0.661E-024
PCH2+ 0.406E-018
PCH3+ 0.132E-027
PCH4+ 0.152E-026
PH3+ 0.379E-020
PNH2+ 0.257E-022
PNH3+ 0.915E-029
SIC2H3+ 0.651E-017
SIC3H2+ 0.532E-016
SIC4H+ 0.639E-018
SICH4+ 0.252E-020
SIF+ 0.567E-015
SIH5+ 0.235E-028
SINCH+ 0.114E-018
SINH2+ 0.137E-016
SIOH+ 0.168E-012
