C- 0.100E-011
E 0.376E-001
C2- 0.842E-014
C3- 0.136E-011
C4- 0.133E-008
C5- 0.460E-006
C6- 0.104E-007
C7- 0.560E-008
C8- 0.370E-010
C10- 0.884E-012
C2H- 0.128E-016
C3H- 0.508E-014
C3N- 0.322E-011
C4H- 0.466E-011
C5H- 0.360E-008
C6H- 0.272E-006
C7H- 0.276E-009
C8H- 0.481E-012
C9- 0.389E-010
C9H- 0.313E-012
CH- 0.492E-020
O- 0.350E-010
OH- 0.226E-011
S- 0.755E-014
CN- 0.116E-010
H- 0.118E-011
C10H- 0.126E-014
C5N- 0.535E-009
O2- 0.323E-046
C 0.284E-003
C2 0.331E-006
CH2 0.136E-006
C2H2 0.258E-010
CH 0.957E-006
C2H 0.113E-007
CO2 0.215E-012
CO 0.127E-003
H2O 0.987E-009
H2CO 0.751E-012
N 0.448E-002
CN 0.363E-008
NH 0.862E-010
HCN 0.119E-010
O2 0.869E-011
O 0.298E-001
OH 0.518E-008
HCO 0.727E-010
C4 0.483E-008
C3 0.972E-008
C5 0.146E-005
C6 0.550E-008
C7 0.104E-008
C8 0.190E-010
C9 0.719E-011
C10 0.474E-012
C3H 0.283E-008
C4H 0.381E-010
C4N 0.718E-011
C5H 0.754E-008
C6H 0.367E-006
C7H 0.123E-009
C8H 0.608E-012
C9H 0.123E-012
C10H 0.160E-014
CS 0.357E-009
CH3 0.342E-009
CH3CN 0.274E-016
CH3OH 0.106E-020
OCS 0.738E-016
CH4 0.151E-011
H 0.252E-001
H2 0.370E+002
NH2 0.111E-010
NH3 0.198E-014
C10H2 0.347E-016
H2CCC 0.109E-012
HC3N 0.577E-014
HC4H 0.337E-013
C5H2 0.362E-009
HC5N 0.491E-011
C6H2 0.248E-008
C7H2 0.427E-011
C8H2 0.115E-013
C9H2 0.629E-014
HS 0.150E-009
C2N 0.237E-011
C3N 0.136E-009
C5N 0.721E-009
C7N 0.591E-011
HC7N 0.387E-014
C9N 0.195E-013
HC9N 0.496E-017
NO 0.239E-011
NS 0.201E-012
NO2 0.917E-017
SO2 0.218E-019
C2O 0.513E-012
SO 0.434E-013
HNC 0.157E-010
C2H4 0.868E-015
C2H5 0.658E-017
C2H5OH 0.900E-030
C2S 0.307E-010
C3O 0.500E-017
C3S 0.289E-012
C4H3 0.446E-013
C4S 0.417E-015
C6H6 0.167E-010
CCP 0.241E-016
CCL 0.269E-014
CH2CCH2 0.160E-013
CH2CCH 0.333E-012
CH2CN 0.653E-015
CH2CO 0.964E-014
CH3CCH 0.688E-013
CH3CHCH2 0.414E-014
CH3CHO 0.220E-020
CH3COCH3 0.143E-030
CH3OCH3 0.901E-031
CP 0.112E-015
CLO 0.446E-039
FE 0.000E+000
H2S 0.548E-013
H2SIO 0.744E-029
HCOOCH3 0.548E-035
HCP 0.108E-016
HPO 0.198E-020
MG 0.000E+000
NCCN 0.105E-010
NA 0.000E+000
P 0.318E-009
PH 0.151E-011
PO 0.136E-013
SI 0.229E-006
SIC2 0.483E-010
SIC2H 0.587E-014
SIC3 0.248E-012
SIC 0.170E-008
SICH2 0.409E-017
SICH3 0.447E-018
SIH2 0.103E-018
SIH3 0.180E-026
SIN 0.341E-012
SIS 0.111E-017
S 0.624E-006
N2 0.477E-007
C2H3 0.352E-011
CH3CH3 0.456E-015
PN 0.479E-010
CL 0.118E-004
C3H2 0.123E-011
C4P 0.754E-023
CH3C4H 0.120E-014
CH3C6H 0.118E-010
H2CS 0.202E-015
H2S2 0.166E-020
HC2P 0.436E-022
HCSI 0.367E-009
HCL 0.885E-008
HNSI 0.374E-015
HS2 0.603E-020
N2O 0.134E-019
PH2 0.175E-018
S2 0.214E-016
SIC2H2 0.302E-015
SIC3H 0.247E-014
SIC4 0.446E-010
SIH4 0.103E-027
SIH 0.133E-010
SINC 0.157E-017
SIO 0.303E-011
F 0.630E-006
HE 0.630E+001
HCNO 0.286E-018
HNCO 0.417E-016
HONC 0.476E-024
HNO 0.421E-012
HCOOH 0.623E-022
C11 0.863E-019
C2H5CN 0.200E-025
C3P 0.693E-023
CH2CHCCH 0.154E-012
CH2CHCHCH2 0.192E-021
CH2CHCN 0.183E-020
CH2NH 0.125E-021
CH2PH 0.240E-025
CH3C3N 0.324E-018
CH3C5N 0.954E-019
CH3C7N 0.813E-022
CNO 0.459E-024
H2CN 0.920E-013
H2O2 0.886E-049
HCS 0.258E-012
HF 0.351E-012
HNC3 0.412E-018
HOCN 0.420E-016
NH2CN 0.139E-023
O2H 0.417E-023
OCN 0.785E-012
SIO2 0.344E-016
HCO+ 0.276E-010
H+ 0.103E-005
HOC+ 0.778E-011
C+ 0.359E-001
C10H+ 0.215E-016
C2H4+ 0.308E-012
C2H5+ 0.699E-019
C2H5OH+ 0.135E-031
C2O+ 0.163E-014
C2S+ 0.117E-012
C3O+ 0.295E-020
C3S+ 0.154E-012
C4H3+ 0.779E-017
C4S+ 0.208E-014
C6H6+ 0.726E-007
CCP+ 0.440E-019
CCL+ 0.326E-010
CH2+ 0.207E-007
C3H4+ 0.321E-015
CH2CCH+ 0.675E-013
CH2CN+ 0.119E-016
CH2CO+ 0.114E-015
C3H6+ 0.747E-018
CH3CHO+ 0.697E-023
CH3COCH3+ 0.196E-032
CH3OCH3+ 0.166E-032
CH+ 0.132E-007
CP+ 0.111E-018
CLO+ 0.215E-041
FE+ 0.000E+000
H2CO+ 0.244E-012
H2S+ 0.965E-011
H2SIO+ 0.919E-024
C4H2+ 0.389E-013
COOCH4+ 0.525E-037
HCP+ 0.572E-019
HPO+ 0.301E-016
MG+ 0.000E+000
C2N+ 0.177E-012
CNC+ 0.787E-013
NH3+ 0.698E-012
NO+ 0.256E-013
NS+ 0.650E-014
NA+ 0.000E+000
OCS+ 0.103E-016
P+ 0.926E-006
PH+ 0.423E-014
PO+ 0.441E-015
SO+ 0.264E-012
SI+ 0.110E-002
SIC2+ 0.539E-012
SIC2H+ 0.781E-012
SIC3+ 0.278E-012
SIC+ 0.344E-010
SICH2+ 0.189E-010
SICH3+ 0.161E-020
SIH2+ 0.191E-011
SIH3+ 0.592E-020
SIN+ 0.142E-013
SIS+ 0.134E-015
C2+ 0.227E-008
S+ 0.614E-003
CN+ 0.324E-012
CO+ 0.816E-011
N2+ 0.646E-015
O2+ 0.472E-013
C2H+ 0.900E-009
C2H2+ 0.105E-008
C2H3+ 0.137E-009
C5H2+ 0.224E-015
C6H2+ 0.317E-011
C7H2+ 0.579E-014
C3H3+ 0.170E-013
CO2+ 0.408E-021
HC3N+ 0.203E-016
HCN+ 0.575E-012
C2N2+ 0.147E-014
C3+ 0.868E-011
C5+ 0.300E-011
CH3CH3+ 0.248E-017
PN+ 0.727E-017
H2O+ 0.411E-010
NH2+ 0.277E-011
O+ 0.161E-010
OH+ 0.677E-010
CH3+ 0.215E-007
CH4+ 0.350E-015
CH3OH+ 0.101E-023
N+ 0.856E-010
SO2+ 0.780E-026
CS+ 0.335E-010
CL+ 0.206E-006
C10+ 0.369E-014
C10H2+ 0.162E-018
C3H2+ 0.139E-013
C3H+ 0.198E-011
C4+ 0.703E-011
C4H+ 0.181E-011
C4P+ 0.689E-030
C5H+ 0.623E-012
C6+ 0.354E-009
C6H+ 0.486E-011
C7+ 0.482E-010
C7H+ 0.463E-011
C8+ 0.553E-012
C8H2+ 0.308E-014
C8H+ 0.436E-014
C9+ 0.141E-013
C9H2+ 0.803E-017
C9H+ 0.304E-015
CH3C4H+ 0.892E-018
C7H4+ 0.155E-018
CH3CN+ 0.703E-017
H2CS+ 0.273E-016
H2S2+ 0.639E-027
HC2P+ 0.817E-018
HC5N+ 0.177E-016
HC7N+ 0.448E-014
HC9N+ 0.147E-016
HCSI+ 0.218E-010
HCL+ 0.177E-010
HNSI+ 0.113E-016
HS2+ 0.564E-018
HS+ 0.106E-013
N2O+ 0.413E-011
NH+ 0.270E-011
PH2+ 0.514E-013
S2+ 0.275E-017
SIC2H2+ 0.345E-015
SIC3H+ 0.133E-015
SIC4+ 0.375E-014
SIH4+ 0.437E-035
SIH+ 0.177E-013
SINC+ 0.158E-014
SIO+ 0.364E-012
H2+ 0.554E-008
F+ 0.474E-018
HE+ 0.131E-005
C3N+ 0.786E-016
HCNO+ 0.714E-025
HNCO+ 0.475E-018
HONC+ 0.238E-030
HNO+ 0.698E-015
HCOOH+ 0.423E-024
NO2+ 0.323E-019
CH2CHCNH+ 0.504E-023
HCS+ 0.379E-011
C10H3+ 0.985E-025
C11+ 0.115E-015
C2H5CNH+ 0.508E-027
C2H5OH2+ 0.283E-030
C2H7+ 0.733E-028
C2NH+ 0.217E-013
C3H2O+ 0.520E-018
C3H5+ 0.153E-013
C3H7+ 0.691E-015
C4H4+ 0.117E-021
C4H5+ 0.169E-020
C4H7+ 0.115E-027
C4N+ 0.252E-016
C5H3+ 0.213E-014
C5H5+ 0.131E-018
C5N+ 0.595E-017
C6H3+ 0.608E-017
C6H4+ 0.862E-025
C6H5+ 0.843E-012
C6H7+ 0.146E-013
C7H3+ 0.202E-014
C7H5+ 0.263E-014
C7N+ 0.126E-013
C8H3+ 0.572E-018
C8H4+ 0.279E-020
C8H5+ 0.313E-033
C9H3+ 0.104E-020
C9H4+ 0.106E-022
C9H5+ 0.858E-031
C9N+ 0.415E-016
CF+ 0.240E-013
CH2CHCN+ 0.539E-019
CH2NH2+ 0.504E-033
CH3C3N+ 0.530E-020
CH3C3NH+ 0.168E-020
CH3C5NH+ 0.179E-020
CH3C7NH+ 0.141E-023
CH3CHOH+ 0.121E-024
CH3CNH+ 0.942E-018
CH3CO+ 0.104E-015
CH3COCH4+ 0.107E-030
CH3CS+ 0.670E-020
CH3OCH4+ 0.741E-032
CH3OH2+ 0.318E-021
CH4N+ 0.193E-019
CH5+ 0.996E-012
H2C4N+ 0.108E-019
H2C7N+ 0.530E-017
H2C9N+ 0.174E-019
H2CCL+ 0.118E-016
H2CNO+ 0.152E-023
H2CL+ 0.476E-013
H2F+ 0.575E-019
H2NC+ 0.255E-012
H2NCO+ 0.696E-018
H2NO+ 0.356E-020
H2OCN+ 0.696E-018
H2PO+ 0.155E-023
H3+ 0.476E-007
H3C3O+ 0.388E-018
H3C5N+ 0.296E-023
H3C7N+ 0.754E-020
H3C9N+ 0.249E-025
H3CO+ 0.121E-017
H3CS+ 0.460E-017
H3O+ 0.175E-010
H3S+ 0.815E-020
H3S2+ 0.632E-022
H3SIO+ 0.151E-032
H5C2O2+ 0.446E-036
HC2O+ 0.468E-013
HC2S+ 0.114E-012
HC3NH+ 0.178E-018
HC3O+ 0.410E-018
HC3S+ 0.734E-016
HC4N+ 0.219E-019
HC4S+ 0.260E-018
HC5NH+ 0.159E-017
HCNH+ 0.366E-012
HCNOH+ 0.115E-024
HCO2+ 0.244E-020
HCOOH2+ 0.123E-023
HF+ 0.917E-019
HN2O+ 0.105E-022
HNCOH+ 0.139E-017
HNS+ 0.222E-019
HOCN+ 0.475E-018
HOCS+ 0.653E-022
HPN+ 0.203E-018
HSO+ 0.433E-018
HSO2+ 0.386E-027
HSIO2+ 0.860E-025
HSIS+ 0.342E-019
HEH+ 0.793E-010
N2H+ 0.782E-015
NCCNCH3+ 0.236E-022
NCCNH+ 0.639E-015
NH2CNH+ 0.261E-032
NH4+ 0.265E-016
O2H+ 0.260E-020
OCN+ 0.124E-017
PC2H2+ 0.228E-022
PC2H3+ 0.739E-031
PC2H4+ 0.112E-029
PC3H+ 0.115E-024
PC4H+ 0.392E-024
PCH2+ 0.269E-018
PCH3+ 0.875E-028
PCH4+ 0.112E-026
PH3+ 0.303E-020
PNH2+ 0.217E-022
PNH3+ 0.771E-029
SIC2H3+ 0.406E-017
SIC3H2+ 0.326E-016
SIC4H+ 0.378E-018
SICH4+ 0.187E-020
SIF+ 0.305E-015
SIH5+ 0.195E-028
SINCH+ 0.807E-019
SINH2+ 0.111E-016
SIOH+ 0.136E-012
