C- 0.377E-012
E 0.330E-001
C2- 0.555E-014
C3- 0.883E-012
C4- 0.925E-009
C5- 0.348E-006
C6- 0.621E-008
C7- 0.259E-008
C8- 0.108E-010
C10- 0.491E-012
C2H- 0.781E-017
C3H- 0.305E-014
C3N- 0.218E-011
C4H- 0.296E-011
C5H- 0.238E-008
C6H- 0.205E-006
C7H- 0.920E-010
C8H- 0.143E-012
C9- 0.129E-010
C9H- 0.934E-013
CH- 0.274E-020
O- 0.296E-010
OH- 0.177E-011
S- 0.533E-014
CN- 0.817E-011
H- 0.997E-012
C10H- 0.622E-015
C5N- 0.325E-009
O2- -0.222E-047
C 0.117E-003
C2 0.228E-006
CH2 0.103E-006
C2H2 0.158E-010
CH 0.728E-006
C2H 0.762E-008
CO2 0.121E-012
CO 0.329E-004
H2O 0.769E-009
H2CO 0.504E-012
N 0.390E-002
CN 0.232E-008
NH 0.754E-010
HCN 0.819E-011
O2 0.637E-011
O 0.260E-001
OH 0.438E-008
HCO 0.444E-010
C4 0.327E-008
C3 0.692E-008
C5 0.114E-005
C6 0.334E-008
C7 0.494E-009
C8 0.564E-011
C9 0.244E-011
C10 0.270E-012
C3H 0.200E-008
C4H 0.223E-010
C4N 0.384E-011
C5H 0.507E-008
C6H 0.280E-006
C7H 0.416E-010
C8H 0.183E-012
C9H 0.368E-013
C10H 0.790E-015
CS 0.228E-009
CH3 0.259E-009
CH3CN 0.183E-016
CH3OH 0.683E-021
OCS 0.249E-016
CH4 0.115E-011
H 0.220E-001
H2 0.323E+002
NH2 0.961E-011
NH3 0.172E-014
C10H2 0.146E-016
H2CCC 0.630E-013
HC3N 0.342E-014
HC4H 0.194E-013
C5H2 0.233E-009
HC5N 0.272E-011
C6H2 0.165E-008
C7H2 0.131E-011
C8H2 0.294E-014
C9H2 0.167E-014
HS 0.115E-009
C2N 0.141E-011
C3N 0.867E-010
C5N 0.467E-009
C7N 0.233E-011
HC7N 0.119E-014
C9N 0.555E-014
HC9N 0.136E-017
NO 0.173E-011
NS 0.140E-012
NO2 0.422E-017
SO2 0.121E-019
C2O 0.336E-012
SO 0.220E-013
HNC 0.110E-010
C2H4 0.664E-015
C2H5 0.560E-017
C2H5OH 0.808E-030
C2S 0.178E-010
C3O 0.193E-017
C3S 0.141E-012
C4H3 0.282E-013
C4S 0.124E-015
C6H6 0.122E-010
CCP 0.135E-016
CCL 0.199E-014
CH2CCH2 0.114E-013
CH2CCH 0.209E-012
CH2CN 0.401E-015
CH2CO 0.510E-014
CH3CCH 0.428E-013
CH3CHCH2 0.298E-014
CH3CHO 0.186E-020
CH3COCH3 0.123E-030
CH3OCH3 0.514E-031
CP 0.532E-016
CLO 0.123E-039
FE 0.000E+000
H2S 0.422E-013
H2SIO 0.452E-029
HCOOCH3 0.282E-035
HCP 0.648E-017
HPO 0.128E-020
MG 0.000E+000
NCCN 0.490E-011
NA 0.000E+000
P 0.248E-009
PH 0.120E-011
PO 0.976E-014
SI 0.172E-006
SIC2 0.295E-010
SIC2H 0.364E-014
SIC3 0.127E-012
SIC 0.125E-008
SICH2 0.233E-017
SICH3 0.227E-018
SIH2 0.791E-019
SIH3 0.126E-026
SIN 0.221E-012
SIS 0.779E-018
S 0.470E-006
N2 0.174E-007
C2H3 0.243E-011
CH3CH3 0.336E-015
PN 0.407E-010
CL 0.103E-004
C3H2 0.742E-012
C4P 0.402E-023
CH3C4H 0.513E-015
CH3C6H 0.730E-011
H2CS 0.131E-015
H2S2 0.113E-020
HC2P 0.327E-022
HCSI 0.242E-009
HCL 0.699E-008
HNSI 0.275E-015
HS2 0.331E-020
N2O 0.925E-020
PH2 0.124E-018
S2 0.138E-016
SIC2H2 0.181E-015
SIC3H 0.145E-014
SIC4 0.230E-010
SIH4 0.774E-028
SIH 0.101E-010
SINC 0.987E-018
SIO 0.205E-011
F 0.549E-006
HE 0.549E+001
HCNO 0.846E-019
HNCO 0.109E-016
HONC 0.179E-024
HNO 0.227E-012
HCOOH 0.399E-022
C11 0.167E-019
C2H5CN 0.114E-025
C3P 0.347E-023
CH2CHCCH 0.111E-012
CH2CHCHCH2 0.122E-021
CH2CHCN 0.111E-020
CH2NH 0.814E-022
CH2PH 0.160E-025
CH3C3N 0.201E-018
CH3C5N 0.490E-019
CH3C7N 0.231E-022
CNO 0.180E-024
H2CN 0.589E-013
H2O2 0.959E-050
HCS 0.996E-013
HF 0.169E-012
HNC3 0.252E-018
HOCN 0.110E-016
NH2CN 0.803E-024
O2H 0.200E-023
OCN 0.482E-012
SIO2 0.591E-017
HCO+ 0.219E-010
H+ 0.984E-006
HOC+ 0.618E-011
C+ 0.315E-001
C10H+ 0.106E-016
C2H4+ 0.236E-012
C2H5+ 0.544E-019
C2H5OH+ 0.133E-031
C2O+ 0.107E-014
C2S+ 0.760E-013
C3O+ 0.116E-020
C3S+ 0.109E-012
C4H3+ 0.490E-017
C4S+ 0.121E-014
C6H6+ 0.626E-007
CCP+ 0.248E-019
CCL+ 0.259E-010
CH2+ 0.180E-007
C3H4+ 0.229E-015
CH2CCH+ 0.433E-013
CH2CN+ 0.733E-017
CH2CO+ 0.656E-016
C3H6+ 0.531E-018
CH3CHO+ 0.646E-023
CH3COCH3+ 0.176E-032
CH3OCH3+ 0.102E-032
CH+ 0.114E-007
CP+ 0.556E-019
CLO+ 0.594E-042
FE+ 0.000E+000
H2CO+ 0.200E-012
H2S+ 0.827E-011
H2SIO+ 0.768E-024
C4H2+ 0.264E-013
COOCH4+ 0.271E-037
HCP+ 0.287E-019
HPO+ 0.233E-016
MG+ 0.000E+000
C2N+ 0.125E-012
CNC+ 0.518E-013
NH3+ 0.672E-012
NO+ 0.216E-013
NS+ 0.548E-014
NA+ 0.000E+000
OCS+ 0.707E-017
P+ 0.807E-006
PH+ 0.330E-014
PO+ 0.361E-015
SO+ 0.221E-012
SI+ 0.959E-003
SIC2+ 0.351E-012
SIC2H+ 0.497E-012
SIC3+ 0.195E-012
SIC+ 0.263E-010
SICH2+ 0.140E-010
SICH3+ 0.108E-020
SIH2+ 0.162E-011
SIH3+ 0.505E-020
SIN+ 0.120E-013
SIS+ 0.991E-016
C2+ 0.177E-008
S+ 0.535E-003
CN+ 0.282E-012
CO+ 0.695E-011
N2+ 0.380E-015
O2+ 0.437E-013
C2H+ 0.687E-009
C2H2+ 0.784E-009
C2H3+ 0.104E-009
C5H2+ 0.162E-015
C6H2+ 0.240E-011
C7H2+ 0.214E-014
C3H3+ 0.112E-013
CO2+ 0.262E-021
HC3N+ 0.140E-016
HCN+ 0.495E-012
C2N2+ 0.775E-015
C3+ 0.578E-011
C5+ 0.203E-011
CH3CH3+ 0.206E-017
PN+ 0.674E-017
H2O+ 0.399E-010
NH2+ 0.273E-011
O+ 0.162E-010
OH+ 0.669E-010
CH3+ 0.182E-007
CH4+ 0.296E-015
CH3OH+ 0.723E-024
N+ 0.955E-010
SO2+ 0.477E-026
CS+ 0.252E-010
CL+ 0.209E-006
C10+ 0.173E-014
C10H2+ 0.770E-019
C3H2+ 0.904E-014
C3H+ 0.129E-011
C4+ 0.501E-011
C4H+ 0.128E-011
C4P+ 0.401E-030
C5H+ 0.410E-012
C6+ 0.271E-009
C6H+ 0.364E-011
C7+ 0.364E-010
C7H+ 0.322E-011
C8+ 0.219E-012
C8H2+ 0.158E-014
C8H+ 0.141E-014
C9+ 0.496E-014
C9H2+ 0.241E-017
C9H+ 0.103E-015
CH3C4H+ 0.746E-018
C7H4+ 0.104E-018
CH3CN+ 0.530E-017
H2CS+ 0.203E-016
H2S2+ 0.456E-027
HC2P+ 0.489E-018
HC5N+ 0.124E-016
HC7N+ 0.198E-014
HC9N+ 0.470E-017
HCSI+ 0.165E-010
HCL+ 0.156E-010
HNSI+ 0.953E-017
HS2+ 0.432E-018
HS+ 0.826E-014
N2O+ 0.360E-011
NH+ 0.268E-011
PH2+ 0.456E-013
S2+ 0.210E-017
SIC2H2+ 0.236E-015
SIC3H+ 0.795E-016
SIC4+ 0.218E-014
SIH4+ 0.348E-035
SIH+ 0.149E-013
SINC+ 0.109E-014
SIO+ 0.305E-012
H2+ 0.554E-008
F+ 0.270E-018
HE+ 0.132E-005
C3N+ 0.558E-016
HCNO+ 0.248E-025
HNCO+ 0.144E-018
HONC+ 0.105E-030
HNO+ 0.663E-015
HCOOH+ 0.304E-024
NO2+ 0.169E-019
CH2CHCNH+ 0.319E-023
HCS+ 0.278E-011
C10H3+ 0.264E-025
C11+ 0.645E-016
C2H5CNH+ 0.323E-027
C2H5OH2+ 0.252E-030
C2H7+ 0.530E-028
C2NH+ 0.158E-013
C3H2O+ 0.120E-018
C3H5+ 0.103E-013
C3H7+ 0.486E-015
C4H4+ 0.810E-022
C4H5+ 0.103E-020
C4H7+ 0.725E-028
C4N+ 0.150E-016
C5H3+ 0.152E-014
C5H5+ 0.108E-018
C5N+ 0.388E-017
C6H3+ 0.432E-017
C6H4+ 0.437E-025
C6H5+ 0.717E-012
C6H7+ 0.122E-013
C7H3+ 0.124E-014
C7H5+ 0.189E-014
C7N+ 0.568E-014
C8H3+ 0.374E-018
C8H4+ 0.168E-020
C8H5+ 0.139E-033
C9H3+ 0.440E-021
C9H4+ 0.286E-023
C9H5+ 0.433E-031
C9N+ 0.135E-016
CF+ 0.114E-013
CH2CHCN+ 0.353E-019
CH2NH2+ 0.319E-033
CH3C3N+ 0.347E-020
CH3C3NH+ 0.108E-020
CH3C5NH+ 0.995E-021
CH3C7NH+ 0.436E-024
CH3CHOH+ 0.823E-025
CH3CNH+ 0.686E-018
CH3CO+ 0.266E-016
CH3COCH4+ 0.890E-031
CH3CS+ 0.487E-020
CH3OCH4+ 0.468E-032
CH3OH2+ 0.234E-021
CH4N+ 0.161E-019
CH5+ 0.865E-012
H2C4N+ 0.715E-020
H2C7N+ 0.231E-017
H2C9N+ 0.546E-020
H2CCL+ 0.901E-017
H2CNO+ 0.284E-024
H2CL+ 0.238E-013
H2F+ 0.316E-019
H2NC+ 0.211E-012
H2NCO+ 0.206E-018
H2NO+ 0.214E-020
H2OCN+ 0.206E-018
H2PO+ 0.122E-023
H3+ 0.464E-007
H3C3O+ 0.931E-019
H3C5N+ 0.242E-023
H3C7N+ 0.532E-020
H3C9N+ 0.725E-026
H3CO+ 0.980E-018
H3CS+ 0.341E-017
H3O+ 0.166E-010
H3S+ 0.634E-020
H3S2+ 0.489E-022
H3SIO+ 0.126E-032
H5C2O2+ 0.252E-036
HC2O+ 0.342E-013
HC2S+ 0.721E-013
HC3NH+ 0.112E-018
HC3O+ 0.272E-018
HC3S+ 0.437E-016
HC4N+ 0.147E-019
HC4S+ 0.146E-018
HC5NH+ 0.108E-017
HCNH+ 0.306E-012
HCNOH+ 0.391E-025
HCO2+ 0.184E-020
HCOOH2+ 0.886E-024
HF+ 0.518E-019
HN2O+ 0.807E-023
HNCOH+ 0.412E-018
HNS+ 0.184E-019
HOCN+ 0.144E-018
HOCS+ 0.324E-022
HPN+ 0.191E-018
HSO+ 0.354E-018
HSO2+ 0.234E-027
HSIO2+ 0.162E-025
HSIS+ 0.246E-019
HEH+ 0.792E-010
N2H+ 0.440E-015
NCCNCH3+ 0.104E-022
NCCNH+ 0.329E-015
NH2CNH+ 0.165E-032
NH4+ 0.256E-016
O2H+ 0.211E-020
OCN+ 0.362E-018
PC2H2+ 0.171E-022
PC2H3+ 0.498E-031
PC2H4+ 0.853E-030
PC3H+ 0.655E-025
PC4H+ 0.233E-024
PCH2+ 0.185E-018
PCH3+ 0.582E-028
PCH4+ 0.843E-027
PH3+ 0.243E-020
PNH2+ 0.187E-022
PNH3+ 0.674E-029
SIC2H3+ 0.256E-017
SIC3H2+ 0.204E-016
SIC4H+ 0.217E-018
SICH4+ 0.141E-020
SIF+ 0.146E-015
SIH5+ 0.165E-028
SINCH+ 0.573E-019
SINH2+ 0.908E-017
SIOH+ 0.110E-012
