C- 0.168E-012
E 0.288E-001
C2- 0.366E-014
C3- 0.571E-012
C4- 0.643E-009
C5- 0.262E-006
C6- 0.380E-008
C7- 0.123E-008
C8- 0.326E-011
C10- 0.278E-012
C2H- 0.477E-017
C3H- 0.182E-014
C3N- 0.148E-011
C4H- 0.187E-011
C5H- 0.157E-008
C6H- 0.154E-006
C7H- 0.328E-010
C8H- 0.526E-013
C9- 0.424E-011
C9H- 0.270E-013
CH- 0.152E-020
O- 0.248E-010
OH- 0.137E-011
S- 0.375E-014
CN- 0.572E-011
H- 0.845E-012
C10H- 0.319E-015
C5N- 0.195E-009
O2- -0.245E-047
C 0.570E-004
C2 0.158E-006
CH2 0.772E-007
C2H2 0.988E-011
CH 0.552E-006
C2H 0.517E-008
CO2 0.674E-013
CO 0.773E-005
H2O 0.597E-009
H2CO 0.337E-012
N 0.340E-002
CN 0.148E-008
NH 0.660E-010
HCN 0.566E-011
O2 0.465E-011
O 0.227E-001
OH 0.370E-008
HCO 0.270E-010
C4 0.222E-008
C3 0.496E-008
C5 0.890E-006
C6 0.209E-008
C7 0.241E-009
C8 0.174E-011
C9 0.824E-012
C10 0.156E-012
C3H 0.142E-008
C4H 0.130E-010
C4N 0.204E-011
C5H 0.340E-008
C6H 0.214E-006
C7H 0.151E-010
C8H 0.680E-013
C9H 0.107E-013
C10H 0.405E-015
CS 0.146E-009
CH3 0.196E-009
CH3CN 0.123E-016
CH3OH 0.438E-021
OCS 0.892E-017
CH4 0.874E-012
H 0.192E-001
H2 0.281E+002
NH2 0.832E-011
NH3 0.151E-014
C10H2 0.647E-017
H2CCC 0.367E-013
HC3N 0.204E-014
HC4H 0.114E-013
C5H2 0.151E-009
HC5N 0.149E-011
C6H2 0.111E-008
C7H2 0.432E-012
C8H2 0.920E-015
C9H2 0.427E-015
HS 0.874E-010
C2N 0.846E-012
C3N 0.554E-010
C5N 0.301E-009
C7N 0.930E-012
HC7N 0.387E-015
C9N 0.156E-014
HC9N 0.361E-018
NO 0.126E-011
NS 0.981E-013
NO2 0.217E-017
SO2 0.663E-020
C2O 0.222E-012
SO 0.112E-013
HNC 0.780E-011
C2H4 0.500E-015
C2H5 0.462E-017
C2H5OH 0.706E-030
C2S 0.109E-010
C3O 0.911E-018
C3S 0.727E-013
C4H3 0.186E-013
C4S 0.383E-016
C6H6 0.924E-011
CCP 0.763E-017
CCL 0.149E-014
CH2CCH2 0.853E-014
CH2CCH 0.136E-012
CH2CN 0.250E-015
CH2CO 0.293E-014
CH3CCH 0.275E-013
CH3CHCH2 0.213E-014
CH3CHO 0.149E-020
CH3COCH3 0.973E-031
CH3OCH3 0.292E-031
CP 0.280E-016
CLO 0.338E-040
FE 0.000E+000
H2S 0.325E-013
H2SIO 0.305E-029
HCOOCH3 0.144E-035
HCP 0.403E-017
HPO 0.832E-021
MG 0.000E+000
NCCN 0.228E-011
NA 0.000E+000
P 0.192E-009
PH 0.952E-012
PO 0.694E-014
SI 0.130E-006
SIC2 0.181E-010
SIC2H 0.228E-014
SIC3 0.641E-013
SIC 0.916E-009
SICH2 0.133E-017
SICH3 0.134E-018
SIH2 0.607E-019
SIH3 0.971E-027
SIN 0.144E-012
SIS 0.551E-018
S 0.354E-006
N2 0.594E-008
C2H3 0.170E-011
CH3CH3 0.246E-015
PN 0.345E-010
CL 0.892E-005
C3H2 0.453E-012
C4P 0.216E-023
CH3C4H 0.233E-015
CH3C6H 0.458E-011
H2CS 0.857E-016
H2S2 0.774E-021
HC2P 0.239E-022
HCSI 0.159E-009
HCL 0.553E-008
HNSI 0.204E-015
HS2 0.213E-020
N2O 0.634E-020
PH2 0.877E-019
S2 0.892E-017
SIC2H2 0.111E-015
SIC3H 0.888E-015
SIC4 0.114E-010
SIH4 0.588E-028
SIH 0.761E-011
SINC 0.621E-018
SIO 0.140E-011
F 0.478E-006
HE 0.478E+001
HCNO 0.253E-019
HNCO 0.274E-017
HONC 0.672E-025
HNO 0.137E-012
HCOOH 0.258E-022
C11 0.396E-020
C2H5CN 0.658E-026
C3P 0.177E-023
CH2CHCCH 0.833E-013
CH2CHCHCH2 0.748E-022
CH2CHCN 0.692E-021
CH2NH 0.533E-022
CH2PH 0.108E-025
CH3C3N 0.131E-018
CH3C5N 0.248E-019
CH3C7N 0.683E-023
CNO 0.725E-025
H2CN 0.377E-013
H2O2 0.201E-050
HCS 0.410E-013
HF 0.809E-013
HNC3 0.157E-018
HOCN 0.276E-017
NH2CN 0.469E-024
O2H 0.949E-024
OCN 0.303E-012
SIO2 0.902E-018
HCO+ 0.177E-010
H+ 0.941E-006
HOC+ 0.492E-011
C+ 0.275E-001
C10H+ 0.563E-017
C2H4+ 0.183E-012
C2H5+ 0.422E-019
C2H5OH+ 0.128E-031
C2O+ 0.705E-015
C2S+ 0.502E-013
C3O+ 0.554E-021
C3S+ 0.769E-013
C4H3+ 0.321E-017
C4S+ 0.704E-015
C6H6+ 0.541E-007
CCP+ 0.142E-019
CCL+ 0.206E-010
CH2+ 0.156E-007
C3H4+ 0.170E-015
CH2CCH+ 0.281E-013
CH2CN+ 0.455E-017
CH2CO+ 0.413E-016
C3H6+ 0.374E-018
CH3CHO+ 0.568E-023
CH3COCH3+ 0.146E-032
CH3OCH3+ 0.630E-033
CH+ 0.985E-008
CP+ 0.301E-019
CLO+ 0.163E-042
FE+ 0.000E+000
H2CO+ 0.165E-012
H2S+ 0.711E-011
H2SIO+ 0.647E-024
C4H2+ 0.182E-013
COOCH4+ 0.138E-037
HCP+ 0.155E-019
HPO+ 0.181E-016
MG+ 0.000E+000
C2N+ 0.883E-013
CNC+ 0.347E-013
NH3+ 0.650E-012
NO+ 0.186E-013
NS+ 0.467E-014
NA+ 0.000E+000
OCS+ 0.497E-017
P+ 0.703E-006
PH+ 0.258E-014
PO+ 0.297E-015
SO+ 0.186E-012
SI+ 0.835E-003
SIC2+ 0.229E-012
SIC2H+ 0.317E-012
SIC3+ 0.138E-012
SIC+ 0.200E-010
SICH2+ 0.103E-010
SICH3+ 0.768E-021
SIH2+ 0.139E-011
SIH3+ 0.434E-020
SIN+ 0.103E-013
SIS+ 0.735E-016
C2+ 0.138E-008
S+ 0.466E-003
CN+ 0.245E-012
CO+ 0.593E-011
N2+ 0.260E-015
O2+ 0.408E-013
C2H+ 0.527E-009
C2H2+ 0.589E-009
C2H3+ 0.777E-010
C5H2+ 0.118E-015
C6H2+ 0.182E-011
C7H2+ 0.895E-015
C3H3+ 0.753E-014
CO2+ 0.166E-021
HC3N+ 0.979E-017
HCN+ 0.426E-012
C2N2+ 0.409E-015
C3+ 0.387E-011
C5+ 0.137E-011
CH3CH3+ 0.170E-017
PN+ 0.625E-017
H2O+ 0.388E-010
NH2+ 0.270E-011
O+ 0.162E-010
OH+ 0.661E-010
CH3+ 0.154E-007
CH4+ 0.252E-015
CH3OH+ 0.520E-024
N+ 0.107E-009
SO2+ 0.290E-026
CS+ 0.190E-010
CL+ 0.208E-006
C10+ 0.918E-015
C10H2+ 0.387E-019
C3H2+ 0.603E-014
C3H+ 0.843E-012
C4+ 0.358E-011
C4H+ 0.903E-012
C4P+ 0.237E-030
C5H+ 0.271E-012
C6+ 0.209E-009
C6H+ 0.274E-011
C7+ 0.276E-010
C7H+ 0.228E-011
C8+ 0.931E-013
C8H2+ 0.893E-015
C8H+ 0.509E-015
C9+ 0.180E-014
C9H2+ 0.698E-018
C9H+ 0.353E-016
CH3C4H+ 0.629E-018
C7H4+ 0.706E-019
CH3CN+ 0.406E-017
H2CS+ 0.150E-016
H2S2+ 0.336E-027
HC2P+ 0.300E-018
HC5N+ 0.876E-017
HC7N+ 0.891E-015
HC9N+ 0.148E-017
HCSI+ 0.124E-010
HCL+ 0.141E-010
HNSI+ 0.806E-017
HS2+ 0.332E-018
HS+ 0.659E-014
N2O+ 0.313E-011
NH+ 0.266E-011
PH2+ 0.405E-013
S2+ 0.161E-017
SIC2H2+ 0.165E-015
SIC3H+ 0.483E-016
SIC4+ 0.127E-014
SIH4+ 0.293E-035
SIH+ 0.126E-013
SINC+ 0.766E-015
SIO+ 0.256E-012
H2+ 0.553E-008
F+ 0.151E-018
HE+ 0.132E-005
C3N+ 0.399E-016
HCNO+ 0.866E-026
HNCO+ 0.425E-019
HONC+ 0.462E-031
HNO+ 0.635E-015
HCOOH+ 0.221E-024
NO2+ 0.994E-020
CH2CHCNH+ 0.207E-023
HCS+ 0.204E-011
C10H3+ 0.923E-026
C11+ 0.369E-016
C2H5CNH+ 0.210E-027
C2H5OH2+ 0.223E-030
C2H7+ 0.387E-028
C2NH+ 0.117E-013
C3H2O+ 0.257E-019
C3H5+ 0.700E-014
C3H7+ 0.349E-015
C4H4+ 0.587E-022
C4H5+ 0.647E-021
C4H7+ 0.448E-028
C4N+ 0.892E-017
C5H3+ 0.114E-014
C5H5+ 0.932E-019
C5N+ 0.254E-017
C6H3+ 0.317E-017
C6H4+ 0.226E-025
C6H5+ 0.613E-012
C6H7+ 0.102E-013
C7H3+ 0.771E-015
C7H5+ 0.142E-014
C7N+ 0.259E-014
C8H3+ 0.245E-018
C8H4+ 0.102E-020
C8H5+ 0.656E-034
C9H3+ 0.213E-021
C9H4+ 0.826E-024
C9H5+ 0.233E-031
C9N+ 0.430E-017
CF+ 0.542E-014
CH2CHCN+ 0.236E-019
CH2NH2+ 0.208E-033
CH3C3N+ 0.231E-020
CH3C3NH+ 0.710E-021
CH3C5NH+ 0.549E-021
CH3C7NH+ 0.143E-024
CH3CHOH+ 0.579E-025
CH3CNH+ 0.509E-018
CH3CO+ 0.624E-017
CH3COCH4+ 0.700E-031
CH3CS+ 0.351E-020
CH3OCH4+ 0.295E-032
CH3OH2+ 0.173E-021
CH4N+ 0.135E-019
CH5+ 0.754E-012
H2C4N+ 0.482E-020
H2C7N+ 0.103E-017
H2C9N+ 0.170E-020
H2CCL+ 0.692E-017
H2CNO+ 0.729E-025
H2CL+ 0.164E-013
H2F+ 0.172E-019
H2NC+ 0.175E-012
H2NCO+ 0.596E-019
H2NO+ 0.144E-020
H2OCN+ 0.596E-019
H2PO+ 0.957E-024
H3+ 0.454E-007
H3C3O+ 0.201E-019
H3C5N+ 0.202E-023
H3C7N+ 0.395E-020
H3C9N+ 0.227E-026
H3CO+ 0.799E-018
H3CS+ 0.254E-017
H3O+ 0.158E-010
H3S+ 0.505E-020
H3S2+ 0.382E-022
H3SIO+ 0.105E-032
H5C2O2+ 0.143E-036
HC2O+ 0.252E-013
HC2S+ 0.467E-013
HC3NH+ 0.716E-019
HC3O+ 0.183E-018
HC3S+ 0.265E-016
HC4N+ 0.100E-019
HC4S+ 0.844E-019
HC5NH+ 0.740E-018
HCNH+ 0.257E-012
HCNOH+ 0.134E-025
HCO2+ 0.141E-020
HCOOH2+ 0.645E-024
HF+ 0.288E-019
HN2O+ 0.619E-023
HNCOH+ 0.119E-018
HNS+ 0.153E-019
HOCN+ 0.425E-019
HOCS+ 0.162E-022
HPN+ 0.181E-018
HSO+ 0.292E-018
HSO2+ 0.142E-027
HSIO2+ 0.272E-026
HSIS+ 0.178E-019
HEH+ 0.790E-010
N2H+ 0.289E-015
NCCNCH3+ 0.462E-023
NCCNH+ 0.170E-015
NH2CNH+ 0.106E-032
NH4+ 0.251E-016
O2H+ 0.171E-020
OCN+ 0.965E-019
PC2H2+ 0.127E-022
PC2H3+ 0.330E-031
PC2H4+ 0.645E-030
PC3H+ 0.382E-025
PC4H+ 0.140E-024
PCH2+ 0.131E-018
PCH3+ 0.390E-028
PCH4+ 0.642E-027
PH3+ 0.195E-020
PNH2+ 0.164E-022
PNH3+ 0.599E-029
SIC2H3+ 0.164E-017
SIC3H2+ 0.132E-016
SIC4H+ 0.121E-018
SICH4+ 0.107E-020
SIF+ 0.697E-016
SIH5+ 0.141E-028
SINCH+ 0.409E-019
SINH2+ 0.753E-017
SIOH+ 0.899E-013
