C- 0.922E-013
E 0.251E-001
C2- 0.243E-014
C3- 0.369E-012
C4- 0.448E-009
C5- 0.197E-006
C6- 0.239E-008
C7- 0.624E-009
C8- 0.107E-011
C10- 0.158E-012
C2H- 0.293E-017
C3H- 0.108E-014
C3N- 0.100E-011
C4H- 0.118E-011
C5H- 0.103E-008
C6H- 0.117E-006
C7H- 0.135E-010
C8H- 0.234E-013
C9- 0.146E-011
C9H- 0.790E-014
CH- 0.848E-021
O- 0.207E-010
OH- 0.106E-011
S- 0.265E-014
CN- 0.399E-011
H- 0.718E-012
C10H- 0.165E-015
C5N- 0.117E-009
O2- 0.691E-048
C 0.346E-004
C2 0.110E-006
CH2 0.581E-007
C2H2 0.675E-011
CH 0.418E-006
C2H 0.354E-008
CO2 0.387E-013
CO 0.168E-005
H2O 0.464E-009
H2CO 0.226E-012
N 0.296E-002
CN 0.963E-009
NH 0.577E-010
HCN 0.394E-011
O2 0.340E-011
O 0.198E-001
OH 0.314E-008
HCO 0.180E-010
C4 0.151E-008
C3 0.359E-008
C5 0.698E-006
C6 0.135E-008
C7 0.126E-009
C8 0.588E-012
C9 0.292E-012
C10 0.916E-013
C3H 0.101E-008
C4H 0.765E-011
C4N 0.108E-011
C5H 0.228E-008
C6H 0.164E-006
C7H 0.638E-011
C8H 0.306E-013
C9H 0.315E-014
C10H 0.210E-015
CS 0.943E-010
CH3 0.148E-009
CH3CN 0.841E-017
CH3OH 0.282E-021
OCS 0.354E-017
CH4 0.668E-012
H 0.167E-001
H2 0.245E+002
NH2 0.722E-011
NH3 0.134E-014
C10H2 0.292E-017
H2CCC 0.218E-013
HC3N 0.122E-014
HC4H 0.687E-014
C5H2 0.983E-010
HC5N 0.814E-012
C6H2 0.747E-009
C7H2 0.169E-012
C8H2 0.354E-015
C9H2 0.110E-015
HS 0.669E-010
C2N 0.514E-012
C3N 0.357E-010
C5N 0.194E-009
C7N 0.394E-012
HC7N 0.145E-015
C9N 0.454E-015
HC9N 0.970E-019
NO 0.927E-012
NS 0.686E-013
NO2 0.123E-017
SO2 0.409E-020
C2O 0.147E-012
SO 0.745E-014
HNC 0.554E-011
C2H4 0.324E-015
C2H5 0.293E-017
C2H5OH 0.496E-030
C2S 0.683E-011
C3O 0.499E-018
C3S 0.387E-013
C4H3 0.127E-013
C4S 0.128E-016
C6H6 0.726E-011
CCP 0.450E-017
CCL 0.112E-014
CH2CCH2 0.663E-014
CH2CCH 0.907E-013
CH2CN 0.157E-015
CH2CO 0.177E-014
CH3CCH 0.183E-013
CH3CHCH2 0.139E-014
CH3CHO 0.817E-021
CH3COCH3 0.448E-031
CH3OCH3 0.167E-031
CP 0.160E-016
CLO 0.926E-041
FE 0.000E+000
H2S 0.251E-013
H2SIO 0.213E-029
HCOOCH3 0.740E-036
HCP 0.257E-017
HPO 0.540E-021
MG 0.000E+000
NCCN 0.106E-011
NA 0.000E+000
P 0.149E-009
PH 0.758E-012
PO 0.493E-014
SI 0.989E-007
SIC2 0.112E-010
SIC2H 0.144E-014
SIC3 0.324E-013
SIC 0.672E-009
SICH2 0.767E-018
SICH3 0.879E-019
SIH2 0.467E-019
SIH3 0.767E-027
SIN 0.935E-013
SIS 0.392E-018
S 0.268E-006
N2 0.191E-008
C2H3 0.119E-011
CH3CH3 0.160E-015
PN 0.291E-010
CL 0.777E-005
C3H2 0.283E-012
C4P 0.118E-023
CH3C4H 0.114E-015
CH3C6H 0.292E-011
H2CS 0.564E-016
H2S2 0.535E-021
HC2P 0.132E-022
HCSI 0.105E-009
HCL 0.488E-008
HNSI 0.152E-015
HS2 0.144E-020
N2O 0.436E-020
PH2 0.622E-019
S2 0.585E-017
SIC2H2 0.688E-016
SIC3H 0.559E-015
SIC4 0.548E-011
SIH4 0.449E-028
SIH 0.578E-011
SINC 0.393E-018
SIO 0.961E-012
F 0.416E-006
HE 0.416E+001
HCNO 0.892E-020
HNCO 0.738E-018
HONC 0.264E-025
HNO 0.908E-013
HCOOH 0.169E-022
C11 0.120E-020
C2H5CN 0.386E-026
C3P 0.917E-024
CH2CHCCH 0.651E-013
CH2CHCHCH2 0.366E-022
CH2CHCN 0.439E-021
CH2NH 0.352E-022
CH2PH 0.732E-026
CH3C3N 0.874E-019
CH3C5N 0.125E-019
CH3C7N 0.230E-023
CNO 0.315E-025
H2CN 0.241E-013
H2O2 0.468E-051
HCS 0.186E-013
HF 0.399E-013
HNC3 0.984E-019
HOCN 0.744E-018
NH2CN 0.279E-024
O2H 0.469E-024
OCN 0.195E-012
SIO2 0.123E-018
HCO+ 0.144E-010
H+ 0.900E-006
HOC+ 0.395E-011
C+ 0.240E-001
C10H+ 0.317E-017
C2H4+ 0.143E-012
C2H5+ 0.276E-019
C2H5OH+ 0.943E-032
C2O+ 0.467E-015
C2S+ 0.336E-013
C3O+ 0.307E-021
C3S+ 0.548E-013
C4H3+ 0.215E-017
C4S+ 0.414E-015
C6H6+ 0.467E-007
CCP+ 0.845E-020
CCL+ 0.184E-010
CH2+ 0.135E-007
C3H4+ 0.132E-015
CH2CCH+ 0.185E-013
CH2CN+ 0.288E-017
CH2CO+ 0.274E-016
C3H6+ 0.238E-018
CH3CHO+ 0.342E-023
CH3COCH3+ 0.677E-033
CH3OCH3+ 0.392E-033
CH+ 0.853E-008
CP+ 0.174E-019
CLO+ 0.447E-043
FE+ 0.000E+000
H2CO+ 0.136E-012
H2S+ 0.613E-011
H2SIO+ 0.547E-024
C4H2+ 0.126E-013
COOCH4+ 0.711E-038
HCP+ 0.892E-020
HPO+ 0.140E-016
MG+ 0.000E+000
C2N+ 0.631E-013
CNC+ 0.235E-013
NH3+ 0.630E-012
NO+ 0.163E-013
NS+ 0.399E-014
NA+ 0.000E+000
OCS+ 0.356E-017
P+ 0.612E-006
PH+ 0.202E-014
PO+ 0.246E-015
SO+ 0.158E-012
SI+ 0.727E-003
SIC2+ 0.150E-012
SIC2H+ 0.204E-012
SIC3+ 0.983E-013
SIC+ 0.153E-010
SICH2+ 0.768E-011
SICH3+ 0.561E-021
SIH2+ 0.119E-011
SIH3+ 0.373E-020
SIN+ 0.881E-014
SIS+ 0.548E-016
C2+ 0.109E-008
S+ 0.406E-003
CN+ 0.213E-012
CO+ 0.508E-011
N2+ 0.209E-015
O2+ 0.383E-013
C2H+ 0.407E-009
C2H2+ 0.447E-009
C2H3+ 0.504E-010
C5H2+ 0.871E-016
C6H2+ 0.139E-011
C7H2+ 0.457E-015
C3H3+ 0.513E-014
CO2+ 0.108E-021
HC3N+ 0.689E-017
HCN+ 0.367E-012
C2N2+ 0.217E-015
C3+ 0.262E-011
C5+ 0.932E-012
CH3CH3+ 0.123E-017
PN+ 0.580E-017
H2O+ 0.378E-010
NH2+ 0.266E-011
O+ 0.162E-010
OH+ 0.653E-010
CH3+ 0.131E-007
CH4+ 0.215E-015
CH3OH+ 0.375E-024
N+ 0.120E-009
SO2+ 0.198E-026
CS+ 0.143E-010
CL+ 0.183E-006
C10+ 0.540E-015
C10H2+ 0.198E-019
C3H2+ 0.409E-014
C3H+ 0.559E-012
C4+ 0.257E-011
C4H+ 0.645E-012
C4P+ 0.141E-030
C5H+ 0.181E-012
C6+ 0.161E-009
C6H+ 0.207E-011
C7+ 0.212E-010
C7H+ 0.164E-011
C8+ 0.444E-013
C8H2+ 0.540E-015
C8H+ 0.219E-015
C9+ 0.701E-015
C9H2+ 0.204E-018
C9H+ 0.128E-016
CH3C4H+ 0.533E-018
C7H4+ 0.489E-019
CH3CN+ 0.314E-017
H2CS+ 0.112E-016
H2S2+ 0.251E-027
HC2P+ 0.202E-018
HC5N+ 0.623E-017
HC7N+ 0.427E-015
HC9N+ 0.487E-018
HCSI+ 0.941E-011
HCL+ 0.154E-010
HNSI+ 0.683E-017
HS2+ 0.256E-018
HS+ 0.538E-014
N2O+ 0.273E-011
NH+ 0.264E-011
PH2+ 0.361E-013
S2+ 0.124E-017
SIC2H2+ 0.116E-015
SIC3H+ 0.300E-016
SIC4+ 0.746E-015
SIH4+ 0.250E-035
SIH+ 0.107E-013
SINC+ 0.541E-015
SIO+ 0.217E-012
H2+ 0.552E-008
F+ 0.866E-019
HE+ 0.131E-005
C3N+ 0.287E-016
HCNO+ 0.352E-026
HNCO+ 0.138E-019
HONC+ 0.210E-031
HNO+ 0.609E-015
HCOOH+ 0.163E-024
NO2+ 0.653E-020
CH2CHCNH+ 0.137E-023
HCS+ 0.151E-011
C10H3+ 0.387E-026
C11+ 0.213E-016
C2H5CNH+ 0.138E-027
C2H5OH2+ -0.401E-030
C2H7+ 0.251E-028
C2NH+ 0.848E-014
C3H2O+ 0.512E-020
C3H5+ 0.485E-014
C3H7+ 0.255E-015
C4H4+ 0.443E-022
C4H5+ 0.421E-021
C4H7+ 0.209E-028
C4N+ 0.533E-017
C5H3+ 0.877E-015
C5H5+ 0.823E-019
C5N+ 0.168E-017
C6H3+ 0.236E-017
C6H4+ 0.118E-025
C6H5+ 0.525E-012
C6H7+ 0.857E-014
C7H3+ 0.487E-015
C7H5+ 0.110E-014
C7N+ 0.125E-014
C8H3+ 0.141E-018
C8H4+ 0.566E-021
C8H5+ 0.326E-034
C9H3+ 0.112E-021
C9H4+ 0.249E-024
C9H5+ 0.133E-031
C9N+ 0.143E-017
CF+ 0.264E-014
CH2CHCN+ 0.161E-019
CH2NH2+ 0.139E-033
CH3C3N+ 0.156E-020
CH3C3NH+ 0.473E-021
CH3C5NH+ 0.303E-021
CH3C7NH+ 0.538E-025
CH3CHOH+ 0.433E-025
CH3CNH+ 0.383E-018
CH3CO+ 0.136E-017
CH3COCH4+ 0.365E-031
CH3CS+ 0.222E-020
CH3OCH4+ 0.187E-032
CH3OH2+ 0.128E-021
CH4N+ 0.114E-019
CH5+ 0.658E-012
H2C4N+ 0.328E-020
H2C7N+ 0.487E-018
H2C9N+ 0.553E-021
H2CCL+ 0.593E-017
H2CNO+ 0.943E-025
H2CL+ 0.608E-013
H2F+ 0.961E-020
H2NC+ 0.145E-012
H2NCO+ 0.190E-019
H2NO+ 0.108E-020
H2OCN+ 0.190E-019
H2PO+ 0.756E-024
H3+ 0.445E-007
H3C3O+ 0.346E-020
H3C5N+ 0.169E-023
H3C7N+ 0.303E-020
H3C9N+ 0.825E-027
H3CO+ 0.655E-018
H3CS+ 0.191E-017
H3O+ 0.151E-010
H3S+ 0.413E-020
H3S2+ 0.300E-022
H3SIO+ 0.891E-033
H5C2O2+ 0.811E-037
HC2O+ 0.185E-013
HC2S+ 0.307E-013
HC3NH+ 0.465E-019
HC3O+ 0.125E-018
HC3S+ 0.165E-016
HC4N+ 0.690E-020
HC4S+ 0.499E-019
HC5NH+ 0.513E-018
HCNH+ 0.217E-012
HCNOH+ 0.533E-026
HCO2+ 0.110E-020
HCOOH2+ 0.477E-024
HF+ 0.164E-019
HN2O+ 0.477E-023
HNCOH+ 0.380E-019
HNS+ 0.128E-019
HOCN+ 0.138E-019
HOCS+ 0.106E-022
HPN+ 0.172E-018
HSO+ 0.243E-018
HSO2+ 0.964E-028
HSIO2+ 0.412E-027
HSIS+ 0.130E-019
HEH+ 0.788E-010
N2H+ 0.225E-015
NCCNCH3+ 0.206E-023
NCCNH+ 0.889E-016
NH2CNH+ 0.697E-033
NH4+ 0.247E-016
O2H+ 0.140E-020
OCN+ 0.237E-019
PC2H2+ 0.798E-023
PC2H3+ 0.187E-031
PC2H4+ 0.415E-030
PC3H+ 0.227E-025
PC4H+ 0.854E-025
PCH2+ 0.951E-019
PCH3+ 0.263E-028
PCH4+ 0.492E-027
PH3+ 0.157E-020
PNH2+ 0.145E-022
PNH3+ 0.539E-029
SIC2H3+ 0.107E-017
SIC3H2+ 0.880E-017
SIC4H+ 0.651E-019
SICH4+ 0.815E-021
SIF+ 0.344E-016
SIH5+ 0.121E-028
SINCH+ 0.294E-019
SINH2+ 0.627E-017
SIOH+ 0.740E-013
