C- 0.578E-013
E 0.219E-001
C2- 0.161E-014
C3- 0.236E-012
C4- 0.311E-009
C5- 0.148E-006
C6- 0.153E-008
C7- 0.337E-009
C8- 0.399E-012
C10- 0.896E-013
C2H- 0.180E-017
C3H- 0.637E-015
C3N- 0.680E-012
C4H- 0.736E-012
C5H- 0.675E-009
C6H- 0.884E-007
C7H- 0.637E-011
C8H- 0.116E-013
C9- 0.552E-012
C9H- 0.244E-014
CH- 0.471E-021
O- 0.172E-010
OH- 0.807E-012
S- 0.186E-014
CN- 0.277E-011
H- 0.612E-012
C10H- 0.842E-016
C5N- 0.692E-010
O2- -0.601E-049
C 0.241E-004
C2 0.770E-007
CH2 0.435E-007
C2H2 0.434E-011
CH 0.316E-006
C2H 0.243E-008
CO2 0.215E-013
CO 0.335E-006
H2O 0.358E-009
H2CO 0.150E-012
N 0.258E-002
CN 0.616E-009
NH 0.503E-010
HCN 0.273E-011
O2 0.248E-011
O 0.172E-001
OH 0.265E-008
HCO 0.110E-010
C4 0.102E-008
C3 0.261E-008
C5 0.548E-006
C6 0.887E-009
C7 0.703E-010
C8 0.225E-012
C9 0.115E-012
C10 0.534E-013
C3H 0.726E-009
C4H 0.448E-011
C4N 0.569E-012
C5H 0.152E-008
C6H 0.126E-006
C7H 0.307E-011
C8H 0.154E-013
C9H 0.984E-015
C10H 0.108E-015
CS 0.608E-010
CH3 0.112E-009
CH3CN 0.575E-017
CH3OH 0.180E-021
OCS 0.152E-017
CH4 0.509E-012
H 0.146E-001
H2 0.213E+002
NH2 0.625E-011
NH3 0.118E-014
C10H2 0.130E-017
H2CCC 0.130E-013
HC3N 0.723E-015
HC4H 0.420E-014
C5H2 0.634E-010
HC5N 0.437E-012
C6H2 0.502E-009
C7H2 0.770E-013
C8H2 0.154E-015
C9H2 0.295E-016
HS 0.510E-010
C2N 0.315E-012
C3N 0.229E-010
C5N 0.125E-009
C7N 0.178E-012
HC7N 0.612E-016
C9N 0.144E-015
HC9N 0.274E-019
NO 0.679E-012
NS 0.477E-013
NO2 0.749E-018
SO2 0.223E-020
C2O 0.982E-013
SO 0.377E-014
HNC 0.393E-011
C2H4 0.242E-015
C2H5 0.237E-017
C2H5OH 0.414E-030
C2S 0.434E-011
C3O 0.295E-018
C3S 0.207E-013
C4H3 0.885E-014
C4S 0.470E-017
C6H6 0.583E-011
CCP 0.258E-017
CCL 0.826E-015
CH2CCH2 0.527E-014
CH2CCH 0.618E-013
CH2CN 0.994E-016
CH2CO 0.109E-014
CH3CCH 0.124E-013
CH3CHCH2 0.991E-015
CH3CHO 0.631E-021
CH3COCH3 0.335E-031
CH3OCH3 0.604E-032
CP 0.929E-017
CLO 0.247E-041
FE 0.000E+000
H2S 0.194E-013
H2SIO 0.150E-029
HCOOCH3 0.374E-036
HCP 0.164E-017
HPO 0.348E-021
MG 0.000E+000
NCCN 0.492E-012
NA 0.000E+000
P 0.116E-009
PH 0.602E-012
PO 0.348E-014
SI 0.751E-007
SIC2 0.686E-011
SIC2H 0.911E-015
SIC3 0.162E-013
SIC 0.491E-009
SICH2 0.439E-018
SICH3 0.602E-019
SIH2 0.358E-019
SIH3 0.607E-027
SIN 0.603E-013
SIS 0.279E-018
S 0.203E-006
N2 0.565E-009
C2H3 0.843E-012
CH3CH3 0.117E-015
PN 0.246E-010
CL 0.675E-005
C3H2 0.178E-012
C4P 0.641E-024
CH3C4H 0.612E-016
CH3C6H 0.189E-011
H2CS 0.370E-016
H2S2 0.369E-021
HC2P 0.948E-023
HCSI 0.691E-010
HCL 0.387E-008
HNSI 0.113E-015
HS2 0.984E-021
N2O 0.298E-020
PH2 0.440E-019
S2 0.384E-017
SIC2H2 0.430E-016
SIC3H 0.359E-015
SIC4 0.250E-011
SIH4 0.342E-028
SIH 0.437E-011
SINC 0.249E-018
SIO 0.661E-012
F 0.363E-006
HE 0.362E+001
HCNO 0.375E-020
HNCO 0.248E-018
HONC 0.127E-025
HNO 0.640E-013
HCOOH 0.110E-022
C11 0.416E-021
C2H5CN 0.226E-026
C3P 0.477E-024
CH2CHCCH 0.521E-013
CH2CHCHCH2 0.220E-022
CH2CHCN 0.277E-021
CH2NH 0.409E-023
CH2PH 0.495E-026
CH3C3N 0.589E-019
CH3C5N 0.616E-020
CH3C7N 0.878E-024
CNO 0.170E-025
H2CN 0.154E-013
H2O2 0.105E-051
HCS 0.919E-014
HF 0.185E-013
HNC3 0.619E-019
HOCN 0.250E-018
NH2CN 0.164E-024
O2H 0.225E-024
OCN 0.127E-012
SIO2 0.144E-019
HCO+ 0.117E-010
H+ 0.862E-006
HOC+ 0.316E-011
C+ 0.209E-001
C10H+ 0.183E-017
C2H4+ 0.113E-012
C2H5+ 0.217E-019
C2H5OH+ 0.895E-032
C2O+ 0.312E-015
C2S+ 0.226E-013
C3O+ 0.183E-021
C3S+ 0.392E-013
C4H3+ 0.148E-017
C4S+ 0.242E-015
C6H6+ 0.404E-007
CCP+ 0.492E-020
CCL+ 0.147E-010
CH2+ 0.117E-007
C3H4+ 0.105E-015
CH2CCH+ 0.122E-013
CH2CN+ 0.180E-017
CH2CO+ 0.185E-016
C3H6+ 0.167E-018
CH3CHO+ 0.292E-023
CH3COCH3+ 0.531E-033
CH3OCH3+ 0.148E-033
CH+ 0.736E-008
CP+ 0.101E-019
CLO+ 0.119E-043
FE+ 0.000E+000
H2CO+ 0.112E-012
H2S+ 0.528E-011
H2SIO+ 0.462E-024
C4H2+ 0.881E-014
COOCH4+ 0.359E-038
HCP+ 0.517E-020
HPO+ 0.108E-016
MG+ 0.000E+000
C2N+ 0.451E-013
CNC+ 0.161E-013
NH3+ 0.612E-012
NO+ 0.143E-013
NS+ 0.341E-014
NA+ 0.000E+000
OCS+ 0.256E-017
P+ 0.533E-006
PH+ 0.158E-014
PO+ 0.204E-015
SO+ 0.133E-012
SI+ 0.633E-003
SIC2+ 0.979E-013
SIC2H+ 0.131E-012
SIC3+ 0.703E-013
SIC+ 0.116E-010
SICH2+ 0.569E-011
SICH3+ 0.413E-021
SIH2+ 0.102E-011
SIH3+ 0.321E-020
SIN+ 0.757E-014
SIS+ 0.407E-016
C2+ 0.858E-009
S+ 0.354E-003
CN+ 0.185E-012
CO+ 0.434E-011
N2+ 0.187E-015
O2+ 0.360E-013
C2H+ 0.315E-009
C2H2+ 0.340E-009
C2H3+ 0.384E-010
C5H2+ 0.639E-016
C6H2+ 0.106E-011
C7H2+ 0.269E-015
C3H3+ 0.352E-014
CO2+ 0.673E-022
HC3N+ 0.484E-017
HCN+ 0.316E-012
C2N2+ 0.114E-015
C3+ 0.178E-011
C5+ 0.636E-012
CH3CH3+ 0.101E-017
PN+ 0.538E-017
H2O+ 0.368E-010
NH2+ 0.263E-011
O+ 0.162E-010
OH+ 0.646E-010
CH3+ 0.110E-007
CH4+ 0.183E-015
CH3OH+ 0.268E-024
N+ 0.134E-009
SO2+ 0.120E-026
CS+ 0.108E-010
CL+ 0.179E-006
C10+ 0.336E-015
C10H2+ 0.100E-019
C3H2+ 0.280E-014
C3H+ 0.372E-012
C4+ 0.185E-011
C4H+ 0.463E-012
C4P+ 0.845E-031
C5H+ 0.121E-012
C6+ 0.124E-009
C6H+ 0.158E-011
C7+ 0.163E-010
C7H+ 0.118E-011
C8+ 0.234E-013
C8H2+ 0.338E-015
C8H+ 0.109E-015
C9+ 0.305E-015
C9H2+ 0.623E-019
C9H+ 0.505E-017
CH3C4H+ 0.452E-018
C7H4+ 0.343E-019
CH3CN+ 0.244E-017
H2CS+ 0.827E-017
H2S2+ 0.188E-027
HC2P+ 0.128E-018
HC5N+ 0.442E-017
HC7N+ 0.219E-015
HC9N+ 0.175E-018
HCSI+ 0.709E-011
HCL+ 0.142E-010
HNSI+ 0.579E-017
HS2+ 0.198E-018
HS+ 0.439E-014
N2O+ 0.238E-011
NH+ 0.261E-011
PH2+ 0.321E-013
S2+ 0.956E-018
SIC2H2+ 0.817E-016
SIC3H+ 0.187E-016
SIC4+ 0.437E-015
SIH4+ 0.215E-035
SIH+ 0.903E-014
SINC+ 0.382E-015
SIO+ 0.183E-012
H2+ 0.551E-008
F+ 0.463E-019
HE+ 0.129E-005
C3N+ 0.205E-016
HCNO+ 0.169E-026
HNCO+ 0.571E-020
HONC+ 0.117E-031
HNO+ 0.585E-015
HCOOH+ 0.120E-024
NO2+ 0.458E-020
CH2CHCNH+ 0.908E-024
HCS+ 0.112E-011
C10H3+ 0.175E-026
C11+ 0.122E-016
C2H5CNH+ 0.907E-028
C2H5OH2+ 0.150E-030
C2H7+ 0.187E-028
C2NH+ 0.635E-014
C3H2O+ 0.940E-021
C3H5+ 0.336E-014
C3H7+ 0.186E-015
C4H4+ 0.341E-022
C4H5+ 0.279E-021
C4H7+ 0.131E-028
C4N+ 0.317E-017
C5H3+ 0.692E-015
C5H5+ 0.738E-019
C5N+ 0.112E-017
C6H3+ 0.177E-017
C6H4+ 0.629E-026
C6H5+ 0.450E-012
C6H7+ 0.722E-014
C7H3+ 0.311E-015
C7H5+ 0.878E-015
C7N+ 0.650E-015
C8H3+ 0.948E-019
C8H4+ 0.355E-021
C8H5+ 0.168E-034
C9H3+ 0.640E-022
C9H4+ 0.101E-024
C9H5+ 0.788E-032
C9N+ 0.518E-018
CF+ 0.121E-014
CH2CHCN+ 0.110E-019
CH2NH2+ 0.192E-034
CH3C3N+ 0.106E-020
CH3C3NH+ 0.317E-021
CH3C5NH+ 0.164E-021
CH3C7NH+ 0.229E-025
CH3CHOH+ 0.326E-025
CH3CNH+ 0.289E-018
CH3CO+ 0.270E-018
CH3COCH4+ 0.276E-031
CH3CS+ 0.159E-020
CH3OCH4+ 0.117E-032
CH3OH2+ 0.940E-022
CH4N+ 0.958E-020
CH5+ 0.573E-012
H2C4N+ 0.225E-020
H2C7N+ 0.247E-018
H2C9N+ 0.196E-021
H2CCL+ 0.456E-017
H2CNO+ 0.395E-025
H2CL+ 0.528E-013
H2F+ 0.502E-020
H2NC+ 0.121E-012
H2NCO+ 0.772E-020
H2NO+ 0.852E-021
H2OCN+ 0.772E-020
H2PO+ 0.595E-024
H3+ 0.436E-007
H3C3O+ 0.646E-021
H3C5N+ 0.143E-023
H3C7N+ 0.239E-020
H3C9N+ 0.336E-027
H3CO+ 0.537E-018
H3CS+ 0.143E-017
H3O+ 0.145E-010
H3S+ 0.336E-020
H3S2+ 0.235E-022
H3SIO+ 0.753E-033
H5C2O2+ 0.454E-037
HC2O+ 0.138E-013
HC2S+ 0.203E-013
HC3NH+ 0.303E-019
HC3O+ 0.858E-019
HC3S+ 0.103E-016
HC4N+ 0.477E-020
HC4S+ 0.299E-019
HC5NH+ 0.355E-018
HCNH+ 0.182E-012
HCNOH+ 0.253E-026
HCO2+ 0.858E-021
HCOOH2+ 0.351E-024
HF+ 0.871E-020
HN2O+ 0.365E-023
HNCOH+ 0.154E-019
HNS+ 0.107E-019
HOCN+ 0.571E-020
HOCS+ 0.533E-023
HPN+ 0.164E-018
HSO+ 0.202E-018
HSO2+ 0.584E-028
HSIO2+ 0.533E-028
HSIS+ 0.949E-020
HEH+ 0.786E-010
N2H+ 0.196E-015
NCCNCH3+ 0.911E-024
NCCNH+ 0.460E-016
NH2CNH+ 0.454E-033
NH4+ 0.244E-016
O2H+ 0.114E-020
OCN+ 0.535E-020
PC2H2+ 0.588E-023
PC2H3+ 0.123E-031
PC2H4+ 0.312E-030
PC3H+ 0.136E-025
PC4H+ 0.522E-025
PCH2+ 0.690E-019
PCH3+ 0.176E-028
PCH4+ 0.377E-027
PH3+ 0.127E-020
PNH2+ 0.128E-022
PNH3+ 0.485E-029
SIC2H3+ 0.707E-018
SIC3H2+ 0.600E-017
SIC4H+ 0.334E-019
SICH4+ 0.622E-021
SIF+ 0.160E-016
SIH5+ 0.104E-028
SINCH+ 0.212E-019
SINH2+ 0.523E-017
SIOH+ 0.607E-013
