C- 0.156E-009
E 0.245E+000
C2- 0.357E-014
C3- 0.103E-010
C4- 0.771E-011
C5- 0.265E-010
C6- 0.239E-011
C7- 0.581E-013
C8- 0.395E-013
C10- 0.896E-018
C2H- 0.187E-005
C3H- 0.104E-010
C3N- 0.221E-009
C4H- 0.123E-010
C5H- 0.497E-007
C6H- 0.262E-008
C7H- 0.703E-010
C8H- 0.636E-013
C9- 0.145E-013
C9H- 0.348E-012
CH- 0.240E-011
O- 0.514E-013
OH- 0.415E-008
S- 0.667E-011
CN- 0.144E-005
H- 0.211E-007
C10H- 0.315E-018
C5N- 0.106E-012
O2- 0.434E-027
C 0.181E+001
C2 0.450E-001
CH2 0.403E-001
C2H2 0.708E+003
CH 0.287E-004
C2H 0.182E-001
CO2 0.709E-004
CO 0.129E+005
H2O 0.414E+002
H2CO 0.909E-006
N 0.126E+000
CN 0.580E-001
NH 0.181E-003
HCN 0.661E+003
O2 0.371E-009
O 0.166E+001
OH 0.659E-001
HCO 0.233E-005
C4 0.142E-007
C3 0.293E-002
C5 0.882E-008
C6 0.126E-009
C7 0.310E-011
C8 0.222E-011
C9 0.308E-012
C10 0.200E-014
C3H 0.293E-002
C4H 0.156E-004
C4N 0.209E-012
C5H 0.961E-005
C6H 0.362E-006
C7H 0.325E-008
C8H 0.105E-010
C9H 0.201E-010
C10H 0.451E-014
CS 0.171E+003
CH3 0.826E-002
CH3CN 0.409E-004
CH3OH 0.122E-008
OCS 0.131E-004
CH4 0.566E+002
H 0.377E+001
H2 0.162E+008
NH2 0.588E-003
NH3 0.969E+000
C10H2 0.889E-017
H2CCC 0.302E-005
HC3N 0.629E-005
HC4H 0.590E-003
C5H2 0.725E-004
HC5N 0.273E-010
C6H2 0.118E-003
C7H2 0.300E-008
C8H2 0.835E-011
C9H2 0.202E-010
HS 0.124E-003
C2N 0.346E-009
C3N 0.416E-005
C5N 0.881E-011
C7N 0.636E-015
HC7N 0.398E-012
C9N 0.284E-017
HC9N 0.254E-017
NO 0.736E-007
NS 0.165E-010
NO2 0.674E-021
SO2 0.575E-018
C2O 0.354E-011
SO 0.759E-008
HNC 0.416E-003
C2H4 0.111E+001
C2H5 0.176E-012
C2H5OH 0.120E-013
C2S 0.289E-006
C3O 0.368E-009
C3S 0.578E-007
C4H3 0.148E-007
C4S 0.546E-011
C6H6 0.108E-003
CCP 0.203E-009
CCL 0.198E-009
CH2CCH2 0.116E-008
CH2CCH 0.116E-002
CH2CN 0.120E-010
CH2CO 0.238E-006
CH3CCH 0.259E-006
CH3CHCH2 0.157E-016
CH3CHO 0.719E-008
CH3COCH3 0.425E-019
CH3OCH3 0.205E-020
CP 0.127E-003
CLO 0.458E-024
FE 0.000E+000
H2S 0.646E-001
H2SIO 0.195E-024
HCOOCH3 0.783E-021
HCP 0.404E+000
HPO 0.604E-016
MG 0.000E+000
NCCN 0.323E-008
NA 0.000E+000
P 0.370E-007
PH 0.765E-008
PO 0.299E-010
SI 0.120E+000
SIC2 0.302E+003
SIC2H 0.354E-002
SIC3 0.135E-004
SIC 0.417E-003
SICH2 0.699E-011
SICH3 0.195E-013
SIH2 0.333E-014
SIH3 0.374E-018
SIN 0.147E-008
SIS 0.967E+002
S 0.459E-001
N2 0.647E+003
C2H3 0.706E-005
CH3CH3 0.155E-021
PN 0.358E-013
CL 0.495E-003
C3H2 0.480E-005
C4P 0.228E-020
CH3C4H 0.158E-004
CH3C6H 0.384E-009
H2CS 0.185E-007
H2S2 0.236E-011
HC2P 0.209E-012
HCSI 0.363E-006
HCL 0.526E+001
HNSI 0.142E-008
HS2 0.238E-011
N2O 0.396E-016
PH2 0.612E-021
S2 0.127E-010
SIC2H2 0.186E-005
SIC3H 0.341E-011
SIC4 0.135E-004
SIH4 0.240E-016
SIH 0.223E-008
SINC 0.340E-011
SIO 0.811E+002
F 0.363E-007
HE 0.275E+007
HCNO 0.221E-018
HNCO 0.131E-009
HONC 0.863E-027
HNO 0.112E-007
HCOOH 0.973E-009
C11 0.202E-018
C2H5CN 0.374E-014
C3P 0.433E-017
CH2CHCCH 0.547E-009
CH2CHCHCH2 0.422E-013
CH2CHCN 0.694E-005
CH2NH 0.189E-008
CH2PH 0.438E-015
CH3C3N 0.369E-010
CH3C5N 0.727E-021
CH3C7N 0.108E-022
CNO 0.233E-033
H2CN 0.175E-007
H2O2 0.247E-024
HCS 0.122E-010
HF 0.275E+000
HNC3 0.187E-006
HOCN 0.131E-009
NH2CN 0.253E-009
O2H 0.102E-020
OCN 0.536E-005
SIO2 0.285E-005
HCO+ 0.193E-003
H+ 0.209E-005
HOC+ 0.948E-009
C+ 0.926E-004
C10H+ 0.600E-013
C2H4+ 0.219E-003
C2H5+ 0.338E-004
C2H5OH+ 0.324E-017
C2O+ 0.425E-018
C2S+ 0.667E-011
C3O+ 0.629E-021
C3S+ 0.158E-009
C4H3+ 0.226E-001
C4S+ 0.432E-013
C6H6+ 0.943E-011
CCP+ 0.247E-007
CCL+ 0.443E-006
CH2+ 0.699E-008
C3H4+ 0.120E-004
CH2CCH+ 0.792E-005
CH2CN+ 0.136E-007
CH2CO+ 0.174E-007
C3H6+ 0.458E-025
CH3CHO+ 0.312E-011
CH3COCH3+ 0.487E-023
CH3OCH3+ 0.455E-024
CH+ 0.725E-008
CP+ 0.743E-015
CLO+ 0.450E-032
FE+ 0.000E+000
H2CO+ 0.592E-009
H2S+ 0.288E-004
H2SIO+ 0.149E-016
C4H2+ 0.443E-003
COOCH4+ 0.171E-027
HCP+ 0.122E-011
HPO+ 0.659E-010
MG+ 0.000E+000
C2N+ 0.584E-008
CNC+ 0.783E-004
NH3+ 0.207E-004
NO+ 0.342E-007
NS+ 0.547E-009
NA+ 0.000E+000
OCS+ 0.111E-007
P+ 0.149E-009
PH+ 0.657E-014
PO+ 0.107E-010
SO+ 0.265E-008
SI+ 0.173E-003
SIC2+ 0.159E-007
SIC2H+ 0.879E-003
SIC3+ 0.410E-008
SIC+ 0.325E-005
SICH2+ 0.137E-004
SICH3+ 0.258E-009
SIH2+ 0.578E-008
SIH3+ 0.151E-012
SIN+ 0.195E-010
SIS+ 0.239E-004
C2+ 0.108E-008
S+ 0.125E-004
CN+ 0.265E-010
CO+ 0.375E-010
N2+ 0.846E-011
O2+ 0.179E-011
C2H+ 0.112E-008
C2H2+ 0.235E-002
C2H3+ 0.132E+000
C5H2+ 0.721E-005
C6H2+ 0.158E-007
C7H2+ 0.875E-009
C3H3+ 0.293E-004
CO2+ 0.484E-018
HC3N+ 0.761E-009
HCN+ 0.343E-010
C2N2+ 0.257E-015
C3+ 0.443E-012
C5+ 0.104E-015
CH3CH3+ 0.121E-019
PN+ 0.255E-021
H2O+ 0.108E-006
NH2+ 0.258E-010
O+ 0.121E-011
OH+ 0.883E-011
CH3+ 0.399E-004
CH4+ 0.760E-006
CH3OH+ 0.206E-012
N+ 0.331E-007
SO2+ 0.135E-030
CS+ 0.612E-006
CL+ 0.172E-007
C10+ 0.552E-019
C10H2+ 0.559E-013
C3H2+ 0.481E-004
C3H+ 0.722E-004
C4+ 0.180E-010
C4H+ 0.909E-010
C4P+ 0.977E-029
C5H+ 0.544E-008
C6+ 0.195E-013
C6H+ 0.257E-011
C7+ 0.193E-011
C7H+ 0.227E-010
C8+ 0.449E-015
C8H2+ 0.705E-010
C8H+ 0.419E-012
C9+ 0.350E-016
C9H2+ 0.430E-010
C9H+ 0.917E-014
CH3C4H+ 0.148E-005
C7H4+ 0.841E-008
CH3CN+ 0.147E-011
H2CS+ 0.404E-009
H2S2+ 0.139E-010
HC2P+ 0.645E-008
HC5N+ 0.143E-013
HC7N+ 0.340E-014
HC9N+ 0.140E-015
HCSI+ 0.162E-008
HCL+ 0.134E-003
HNSI+ 0.262E-014
HS2+ 0.460E-010
HS+ 0.102E-007
N2O+ 0.623E-021
NH+ 0.131E-013
PH2+ 0.353E-014
S2+ 0.404E-009
SIC2H2+ 0.689E-006
SIC3H+ 0.303E-009
SIC4+ 0.206E-008
SIH4+ 0.123E-026
SIH+ 0.594E-007
SINC+ 0.757E-006
SIO+ 0.375E-005
H2+ 0.570E-008
F+ 0.827E-013
HE+ 0.661E-006
C3N+ 0.152E-012
HCNO+ 0.165E-031
HNCO+ 0.270E-012
HONC+ 0.158E-039
HNO+ 0.720E-010
HCOOH+ 0.139E-012
NO2+ 0.491E-019
CH2CHCNH+ 0.619E-009
HCS+ 0.304E-002
C10H3+ 0.103E-016
C11+ 0.112E-016
C2H5CNH+ 0.555E-013
C2H5OH2+ 0.107E-012
C2H7+ 0.422E-029
C2NH+ 0.797E-006
C3H2O+ 0.978E-011
C3H5+ 0.522E-003
C3H7+ 0.518E-023
C4H4+ 0.143E-011
C4H5+ 0.112E-004
C4H7+ 0.589E-008
C4N+ 0.214E-014
C5H3+ 0.119E-003
C5H5+ 0.390E-003
C5N+ 0.280E-013
C6H3+ 0.731E-006
C6H4+ 0.107E-005
C6H5+ 0.673E-003
C6H7+ 0.747E-003
C7H3+ 0.301E-007
C7H5+ 0.825E-008
C7N+ 0.118E-015
C8H3+ 0.112E-008
C8H4+ 0.101E-008
C8H5+ 0.245E-015
C9H3+ 0.410E-009
C9H4+ 0.232E-009
C9H5+ 0.217E-015
C9N+ 0.425E-019
CF+ 0.161E-006
CH2CHCN+ 0.105E-009
CH2NH2+ 0.869E-009
CH3C3N+ 0.838E-013
CH3C3NH+ 0.766E-009
CH3C5NH+ 0.648E-020
CH3C7NH+ 0.112E-021
CH3CHOH+ 0.492E-007
CH3CNH+ 0.298E-003
CH3CO+ 0.380E-007
CH3COCH4+ 0.210E-017
CH3CS+ 0.434E-008
CH3OCH4+ 0.949E-019
CH3OH2+ 0.419E-008
CH4N+ 0.774E-007
CH5+ 0.388E-004
H2C4N+ 0.839E-013
H2C7N+ 0.134E-012
H2C9N+ 0.161E-014
H2CCL+ 0.298E-008
H2CNO+ 0.176E-008
H2CL+ 0.152E-006
H2F+ 0.598E-006
H2NC+ 0.131E-006
H2NCO+ 0.863E-025
H2NO+ 0.467E-016
H2OCN+ 0.177E-008
H2PO+ 0.215E-014
H3+ 0.215E-004
H3C3O+ 0.581E-008
H3C5N+ 0.110E-008
H3C7N+ 0.438E-013
H3C9N+ 0.502E-015
H3CO+ 0.142E-009
H3CS+ 0.344E-006
H3O+ 0.124E-002
H3S+ 0.177E-005
H3S2+ 0.822E-010
H3SIO+ 0.850E-021
H5C2O2+ 0.513E-019
HC2O+ 0.419E-005
HC2S+ 0.124E-004
HC3NH+ 0.767E-004
HC3O+ 0.996E-008
HC3S+ 0.598E-009
HC4N+ 0.839E-013
HC4S+ 0.161E-006
HC5NH+ 0.437E-009
HCNH+ 0.652E-001
HCNOH+ 0.863E-025
HCO2+ 0.582E-009
HCOOH2+ 0.111E-007
HF+ 0.242E-013
HN2O+ 0.822E-024
HNCOH+ 0.354E-008
HNS+ 0.262E-015
HOCN+ 0.135E-014
HOCS+ 0.703E-011
HPN+ 0.317E-019
HSO+ 0.595E-012
HSO2+ 0.307E-025
HSIO2+ 0.381E-012
HSIS+ 0.540E-004
HEH+ 0.840E-010
N2H+ 0.180E-005
NCCNCH3+ 0.191E-018
NCCNH+ 0.407E-011
NH2CNH+ 0.288E-015
NH4+ 0.687E-003
O2H+ 0.405E-018
OCN+ 0.403E-013
PC2H2+ 0.100E-010
PC2H3+ 0.211E-017
PC2H4+ 0.295E-015
PC3H+ 0.182E-015
PC4H+ 0.240E-014
PCH2+ 0.146E-005
PCH3+ 0.127E-015
PCH4+ 0.148E-013
PH3+ 0.101E-019
PNH2+ 0.112E-011
PNH3+ 0.237E-015
SIC2H3+ 0.648E-004
SIC3H2+ 0.328E-009
SIC4H+ 0.481E-003
SICH4+ 0.262E-009
SIF+ 0.163E-006
SIH5+ 0.170E-016
SINCH+ 0.122E-009
SINH2+ 0.634E-007
SIOH+ 0.113E-001
