C- 0.384E-013
E 0.191E-001
C2- 0.107E-014
C3- 0.151E-012
C4- 0.215E-009
C5- 0.111E-006
C6- 0.990E-009
C7- 0.192E-009
C8- 0.172E-012
C10- 0.504E-013
C2H- 0.111E-017
C3H- 0.373E-015
C3N- 0.459E-012
C4H- 0.456E-012
C5H- 0.439E-009
C6H- 0.669E-007
C7H- 0.327E-011
C8H- 0.619E-014
C9- 0.240E-012
C9H- 0.853E-015
CH- 0.261E-021
O- 0.142E-010
OH- 0.612E-012
S- 0.130E-014
CN- 0.191E-011
H- 0.524E-012
C10H- 0.427E-016
C5N- 0.408E-010
O2- -0.146E-049
C 0.177E-004
C2 0.543E-007
CH2 0.325E-007
C2H2 0.284E-011
CH 0.239E-006
C2H 0.167E-008
CO2 0.120E-013
CO 0.669E-007
H2O 0.277E-009
H2CO 0.992E-013
N 0.225E-002
CN 0.394E-009
NH 0.436E-010
HCN 0.190E-011
O2 0.180E-011
O 0.150E-001
OH 0.224E-008
HCO 0.673E-011
C4 0.697E-009
C3 0.191E-008
C5 0.430E-006
C6 0.591E-009
C7 0.415E-010
C8 0.997E-013
C9 0.518E-013
C10 0.310E-013
C3H 0.522E-009
C4H 0.263E-011
C4N 0.299E-012
C5H 0.101E-008
C6H 0.976E-007
C7H 0.162E-011
C8H 0.830E-014
C9H 0.349E-015
C10H 0.548E-016
CS 0.393E-010
CH3 0.840E-010
CH3CN 0.394E-017
CH3OH 0.114E-021
OCS 0.699E-018
CH4 0.387E-012
H 0.128E-001
H2 0.186E+002
NH2 0.539E-011
NH3 0.105E-014
C10H2 0.574E-018
H2CCC 0.789E-014
HC3N 0.428E-015
HC4H 0.262E-014
C5H2 0.408E-010
HC5N 0.233E-012
C6H2 0.337E-009
C7H2 0.389E-013
C8H2 0.722E-016
C9H2 0.892E-017
HS 0.390E-010
C2N 0.195E-012
C3N 0.147E-010
C5N 0.797E-010
C7N 0.860E-013
HC7N 0.282E-016
C9N 0.530E-016
HC9N 0.883E-020
NO 0.498E-012
NS 0.330E-013
NO2 0.471E-018
SO2 0.121E-020
C2O 0.658E-013
SO 0.191E-014
HNC 0.279E-011
C2H4 0.179E-015
C2H5 0.187E-017
C2H5OH 0.348E-030
C2S 0.278E-011
C3O 0.179E-018
C3S 0.112E-013
C4H3 0.627E-014
C4S 0.195E-017
C6H6 0.475E-011
CCP 0.149E-017
CCL 0.608E-015
CH2CCH2 0.427E-014
CH2CCH 0.433E-013
CH2CN 0.631E-016
CH2CO 0.673E-015
CH3CCH 0.868E-014
CH3CHCH2 0.703E-015
CH3CHO 0.471E-021
CH3COCH3 0.238E-031
CH3OCH3 0.526E-032
CP 0.549E-017
CLO 0.647E-042
FE 0.000E+000
H2S 0.149E-013
H2SIO 0.104E-029
HCOOCH3 0.187E-036
HCP 0.106E-017
HPO 0.224E-021
MG 0.000E+000
NCCN 0.226E-012
NA 0.000E+000
P 0.896E-010
PH 0.478E-012
PO 0.245E-014
SI 0.572E-007
SIC2 0.423E-011
SIC2H 0.579E-015
SIC3 0.811E-014
SIC 0.357E-009
SICH2 0.251E-018
SICH3 0.421E-019
SIH2 0.273E-019
SIH3 0.480E-027
SIN 0.387E-013
SIS 0.198E-018
S 0.154E-006
N2 0.154E-009
C2H3 0.598E-012
CH3CH3 0.847E-016
PN 0.207E-010
CL 0.586E-005
C3H2 0.113E-012
C4P 0.351E-024
CH3C4H 0.365E-016
CH3C6H 0.123E-011
H2CS 0.243E-016
H2S2 0.254E-021
HC2P 0.668E-023
HCSI 0.453E-010
HCL 0.307E-008
HNSI 0.835E-016
HS2 0.675E-021
N2O 0.204E-020
PH2 0.312E-019
S2 0.253E-017
SIC2H2 0.271E-016
SIC3H 0.235E-015
SIC4 0.109E-011
SIH4 0.260E-028
SIH 0.331E-011
SINC 0.158E-018
SIO 0.457E-012
F 0.316E-006
HE 0.316E+001
HCNO 0.198E-020
HNCO 0.116E-018
HONC 0.706E-026
HNO 0.465E-013
HCOOH 0.723E-023
C11 0.154E-021
C2H5CN 0.133E-026
C3P 0.251E-024
CH2CHCCH 0.424E-013
CH2CHCHCH2 0.130E-022
CH2CHCN 0.176E-021
CH2NH 0.220E-023
CH2PH 0.335E-026
CH3C3N 0.400E-019
CH3C5N 0.300E-020
CH3C7N 0.366E-024
CNO 0.104E-025
H2CN 0.975E-014
H2O2 0.239E-052
HCS 0.486E-014
HF 0.847E-014
HNC3 0.390E-019
HOCN 0.117E-018
NH2CN 0.968E-025
O2H 0.109E-024
OCN 0.835E-013
SIO2 0.146E-020
HCO+ 0.958E-011
H+ 0.826E-006
HOC+ 0.253E-011
C+ 0.182E-001
C10H+ 0.107E-017
C2H4+ 0.889E-013
C2H5+ 0.170E-019
C2H5OH+ 0.830E-032
C2O+ 0.209E-015
C2S+ 0.153E-013
C3O+ 0.112E-021
C3S+ 0.282E-013
C4H3+ 0.103E-017
C4S+ 0.142E-015
C6H6+ 0.349E-007
CCP+ 0.288E-020
CCL+ 0.118E-010
CH2+ 0.101E-007
C3H4+ 0.859E-016
CH2CCH+ 0.812E-014
CH2CN+ 0.113E-017
CH2CO+ 0.127E-016
C3H6+ 0.117E-018
CH3CHO+ 0.240E-023
CH3COCH3+ 0.395E-033
CH3OCH3+ 0.148E-033
CH+ 0.635E-008
CP+ 0.593E-020
CLO+ 0.312E-044
FE+ 0.000E+000
H2CO+ 0.924E-013
H2S+ 0.455E-011
H2SIO+ 0.390E-024
C4H2+ 0.618E-014
COOCH4+ 0.180E-038
HCP+ 0.303E-020
HPO+ 0.837E-017
MG+ 0.000E+000
C2N+ 0.323E-013
CNC+ 0.110E-013
NH3+ 0.592E-012
NO+ 0.127E-013
NS+ 0.291E-014
NA+ 0.000E+000
OCS+ 0.184E-017
P+ 0.464E-006
PH+ 0.123E-014
PO+ 0.169E-015
SO+ 0.113E-012
SI+ 0.552E-003
SIC2+ 0.640E-013
SIC2H+ 0.843E-013
SIC3+ 0.505E-013
SIC+ 0.880E-011
SICH2+ 0.420E-011
SICH3+ 0.304E-021
SIH2+ 0.869E-012
SIH3+ 0.276E-020
SIN+ 0.650E-014
SIS+ 0.303E-016
C2+ 0.680E-009
S+ 0.308E-003
CN+ 0.160E-012
CO+ 0.370E-011
N2+ 0.177E-015
O2+ 0.340E-013
C2H+ 0.245E-009
C2H2+ 0.260E-009
C2H3+ 0.284E-010
C5H2+ 0.468E-016
C6H2+ 0.811E-012
C7H2+ 0.174E-015
C3H3+ 0.243E-014
CO2+ 0.417E-022
HC3N+ 0.339E-017
HCN+ 0.271E-012
C2N2+ 0.597E-016
C3+ 0.121E-011
C5+ 0.437E-012
CH3CH3+ 0.830E-018
PN+ 0.498E-017
H2O+ 0.359E-010
NH2+ 0.259E-011
O+ 0.162E-010
OH+ 0.638E-010
CH3+ 0.932E-008
CH4+ 0.155E-015
CH3OH+ 0.192E-024
N+ 0.151E-009
SO2+ 0.724E-027
CS+ 0.814E-011
CL+ 0.174E-006
C10+ 0.216E-015
C10H2+ 0.503E-020
C3H2+ 0.193E-014
C3H+ 0.249E-012
C4+ 0.134E-011
C4H+ 0.335E-012
C4P+ 0.509E-031
C5H+ 0.820E-013
C6+ 0.961E-010
C6H+ 0.120E-011
C7+ 0.126E-010
C7H+ 0.861E-012
C8+ 0.132E-013
C8H2+ 0.216E-015
C8H+ 0.595E-016
C9+ 0.154E-015
C9H2+ 0.215E-019
C9H+ 0.231E-017
CH3C4H+ 0.383E-018
C7H4+ 0.244E-019
CH3CN+ 0.190E-017
H2CS+ 0.611E-017
H2S2+ 0.141E-027
HC2P+ 0.822E-019
HC5N+ 0.315E-017
HC7N+ 0.120E-015
HC9N+ 0.721E-019
HCSI+ 0.533E-011
HCL+ 0.133E-010
HNSI+ 0.491E-017
HS2+ 0.152E-018
HS+ 0.361E-014
N2O+ 0.207E-011
NH+ 0.257E-011
PH2+ 0.286E-013
S2+ 0.736E-018
SIC2H2+ 0.579E-016
SIC3H+ 0.119E-016
SIC4+ 0.257E-015
SIH4+ 0.184E-035
SIH+ 0.763E-014
SINC+ 0.271E-015
SIO+ 0.154E-012
H2+ 0.549E-008
F+ 0.242E-019
HE+ 0.127E-005
C3N+ 0.147E-016
HCNO+ 0.102E-026
HNCO+ 0.325E-020
HONC+ 0.741E-032
HNO+ 0.561E-015
HCOOH+ 0.889E-025
NO2+ 0.334E-020
CH2CHCNH+ 0.605E-024
HCS+ 0.825E-012
C10H3+ 0.811E-027
C11+ 0.701E-017
C2H5CNH+ 0.596E-028
C2H5OH2+ 0.131E-030
C2H7+ 0.139E-028
C2NH+ 0.474E-014
C3H2O+ 0.173E-021
C3H5+ 0.235E-014
C3H7+ 0.137E-015
C4H4+ 0.267E-022
C4H5+ 0.189E-021
C4H7+ 0.793E-029
C4N+ 0.188E-017
C5H3+ 0.554E-015
C5H5+ 0.668E-019
C5N+ 0.752E-018
C6H3+ 0.134E-017
C6H4+ 0.336E-026
C6H5+ 0.386E-012
C6H7+ 0.608E-014
C7H3+ 0.201E-015
C7H5+ 0.708E-015
C7N+ 0.359E-015
C8H3+ 0.623E-019
C8H4+ 0.222E-021
C8H5+ 0.897E-035
C9H3+ 0.373E-022
C9H4+ 0.445E-025
C9H5+ 0.485E-032
C9N+ 0.217E-018
CF+ 0.550E-015
CH2CHCN+ 0.750E-020
CH2NH2+ 0.108E-034
CH3C3N+ 0.725E-021
CH3C3NH+ 0.214E-021
CH3C5NH+ 0.881E-022
CH3C7NH+ 0.107E-025
CH3CHOH+ 0.241E-025
CH3CNH+ 0.219E-018
CH3CO+ 0.537E-019
CH3COCH4+ 0.200E-031
CH3CS+ 0.113E-020
CH3OCH4+ 0.733E-033
CH3OH2+ 0.689E-022
CH4N+ 0.800E-020
CH5+ 0.497E-012
H2C4N+ 0.155E-020
H2C7N+ 0.134E-018
H2C9N+ 0.801E-022
H2CCL+ 0.349E-017
H2CNO+ 0.257E-025
H2CL+ 0.525E-013
H2F+ 0.257E-020
H2NC+ 0.100E-012
H2NCO+ 0.431E-020
H2NO+ 0.697E-021
H2OCN+ 0.431E-020
H2PO+ 0.468E-024
H3+ 0.427E-007
H3C3O+ 0.117E-021
H3C5N+ 0.121E-023
H3C7N+ 0.190E-020
H3C9N+ 0.148E-027
H3CO+ 0.439E-018
H3CS+ 0.107E-017
H3O+ 0.138E-010
H3S+ 0.276E-020
H3S2+ 0.184E-022
H3SIO+ 0.635E-033
H5C2O2+ 0.253E-037
HC2O+ 0.104E-013
HC2S+ 0.135E-013
HC3NH+ 0.199E-019
HC3O+ 0.592E-019
HC3S+ 0.655E-017
HC4N+ 0.332E-020
HC4S+ 0.183E-019
HC5NH+ 0.246E-018
HCNH+ 0.153E-012
HCNOH+ 0.150E-026
HCO2+ 0.672E-021
HCOOH2+ 0.259E-024
HF+ 0.454E-020
HN2O+ 0.280E-023
HNCOH+ 0.862E-020
HNS+ 0.898E-020
HOCN+ 0.325E-020
HOCS+ 0.267E-023
HPN+ 0.155E-018
HSO+ 0.169E-018
HSO2+ 0.352E-028
HSIO2+ 0.598E-029
HSIS+ 0.695E-020
HEH+ 0.784E-010
N2H+ 0.180E-015
NCCNCH3+ 0.398E-024
NCCNH+ 0.236E-016
NH2CNH+ 0.297E-033
NH4+ 0.241E-016
O2H+ 0.923E-021
OCN+ 0.120E-020
PC2H2+ 0.426E-023
PC2H3+ 0.799E-032
PC2H4+ 0.232E-030
PC3H+ 0.816E-026
PC4H+ 0.321E-025
PCH2+ 0.503E-019
PCH3+ 0.118E-028
PCH4+ 0.288E-027
PH3+ 0.102E-020
PNH2+ 0.114E-022
PNH3+ 0.437E-029
SIC2H3+ 0.470E-018
SIC3H2+ 0.420E-017
SIC4H+ 0.164E-019
SICH4+ 0.475E-021
SIF+ 0.730E-017
SIH5+ 0.897E-029
SINCH+ 0.152E-019
SINH2+ 0.436E-017
SIOH+ 0.499E-013
