C- 0.260E-013
E 0.166E-001
C2- 0.717E-015
C3- 0.954E-013
C4- 0.149E-009
C5- 0.825E-007
C6- 0.645E-009
C7- 0.113E-009
C8- 0.834E-013
C10- 0.283E-013
C2H- 0.690E-018
C3H- 0.217E-015
C3N- 0.308E-012
C4H- 0.282E-012
C5H- 0.285E-009
C6H- 0.507E-007
C7H- 0.176E-011
C8H- 0.343E-014
C9- 0.118E-012
C9H- 0.344E-015
CH- 0.146E-021
O- 0.117E-010
OH- 0.460E-012
S- 0.912E-015
CN- 0.131E-011
H- 0.449E-012
C10H- 0.215E-016
C5N- 0.240E-010
O2- -0.222E-050
C 0.134E-004
C2 0.386E-007
CH2 0.243E-007
C2H2 0.198E-011
CH 0.180E-006
C2H 0.116E-008
CO2 0.685E-014
CO 0.169E-007
H2O 0.215E-009
H2CO 0.656E-013
N 0.196E-002
CN 0.257E-009
NH 0.378E-010
HCN 0.133E-011
O2 0.132E-011
O 0.131E-001
OH 0.190E-008
HCO 0.449E-011
C4 0.477E-009
C3 0.141E-008
C5 0.338E-006
C6 0.399E-009
C7 0.255E-010
C8 0.500E-013
C9 0.264E-013
C10 0.181E-013
C3H 0.378E-009
C4H 0.155E-011
C4N 0.158E-012
C5H 0.672E-009
C6H 0.757E-007
C7H 0.891E-012
C8H 0.467E-014
C9H 0.143E-015
C10H 0.278E-016
CS 0.255E-010
CH3 0.631E-010
CH3CN 0.272E-017
CH3OH 0.731E-022
OCS 0.337E-018
CH4 0.295E-012
H 0.111E-001
H2 0.162E+002
NH2 0.464E-011
NH3 0.928E-015
C10H2 0.252E-018
H2CCC 0.487E-014
HC3N 0.252E-015
HC4H 0.167E-014
C5H2 0.262E-010
HC5N 0.124E-012
C6H2 0.227E-009
C7H2 0.211E-013
C8H2 0.353E-016
C9H2 0.312E-017
HS 0.298E-010
C2N 0.122E-012
C3N 0.950E-011
C5N 0.511E-010
C7N 0.434E-013
HC7N 0.137E-016
C9N 0.221E-016
HC9N 0.328E-020
NO 0.367E-012
NS 0.228E-013
NO2 0.302E-018
SO2 0.744E-021
C2O 0.442E-013
SO 0.127E-014
HNC 0.199E-011
C2H4 0.118E-015
C2H5 0.120E-017
C2H5OH 0.242E-030
C2S 0.179E-011
C3O 0.111E-018
C3S 0.607E-014
C4H3 0.450E-014
C4S 0.912E-018
C6H6 0.391E-011
CCP 0.892E-018
CCL 0.449E-015
CH2CCH2 0.349E-014
CH2CCH 0.313E-013
CH2CN 0.404E-016
CH2CO 0.420E-015
CH3CCH 0.625E-014
CH3CHCH2 0.464E-015
CH3CHO 0.261E-021
CH3COCH3 0.110E-031
CH3OCH3 0.296E-032
CP 0.332E-017
CLO 0.167E-042
FE 0.000E+000
H2S 0.115E-013
H2SIO 0.726E-030
HCOOCH3 0.939E-037
HCP 0.683E-018
HPO 0.144E-021
MG 0.000E+000
NCCN 0.103E-012
NA 0.000E+000
P 0.696E-010
PH 0.380E-012
PO 0.172E-014
SI 0.437E-007
SIC2 0.262E-011
SIC2H 0.370E-015
SIC3 0.412E-014
SIC 0.259E-009
SICH2 0.145E-018
SICH3 0.296E-019
SIH2 0.209E-019
SIH3 0.378E-027
SIN 0.248E-013
SIS 0.141E-018
S 0.117E-006
N2 0.392E-010
C2H3 0.427E-012
CH3CH3 0.558E-016
PN 0.174E-010
CL 0.510E-005
C3H2 0.738E-013
C4P 0.194E-024
CH3C4H 0.243E-016
CH3C6H 0.819E-012
H2CS 0.160E-016
H2S2 0.176E-021
HC2P 0.373E-023
HCSI 0.297E-010
HCL 0.271E-008
HNSI 0.621E-016
HS2 0.465E-021
N2O 0.140E-020
PH2 0.221E-019
S2 0.169E-017
SIC2H2 0.172E-016
SIC3H 0.158E-015
SIC4 0.454E-012
SIH4 0.198E-028
SIH 0.251E-011
SINC 0.101E-018
SIO 0.318E-012
F 0.275E-006
HE 0.275E+001
HCNO 0.126E-020
HNCO 0.678E-019
HONC 0.417E-026
HNO 0.344E-013
HCOOH 0.479E-023
C11 0.583E-022
C2H5CN 0.786E-027
C3P 0.133E-024
CH2CHCCH 0.348E-013
CH2CHCHCH2 0.642E-023
CH2CHCN 0.113E-021
CH2NH 0.144E-023
CH2PH 0.227E-026
CH3C3N 0.274E-019
CH3C5N 0.145E-020
CH3C7N 0.160E-024
CNO 0.671E-026
H2CN 0.620E-014
H2O2 0.575E-053
HCS 0.268E-014
HF 0.394E-014
HNC3 0.248E-019
HOCN 0.686E-019
NH2CN 0.579E-025
O2H 0.547E-025
OCN 0.554E-013
SIO2 0.133E-021
HCO+ 0.788E-011
H+ 0.792E-006
HOC+ 0.204E-011
C+ 0.158E-001
C10H+ 0.636E-018
C2H4+ 0.707E-013
C2H5+ 0.115E-019
C2H5OH+ 0.626E-032
C2O+ 0.140E-015
C2S+ 0.105E-013
C3O+ 0.696E-022
C3S+ 0.204E-013
C4H3+ 0.721E-018
C4S+ 0.841E-016
C6H6+ 0.302E-007
CCP+ 0.175E-020
CCL+ 0.105E-010
CH2+ 0.871E-008
C3H4+ 0.725E-016
CH2CCH+ 0.546E-014
CH2CN+ 0.715E-018
CH2CO+ 0.875E-017
C3H6+ 0.754E-019
CH3CHO+ 0.147E-023
CH3COCH3+ 0.184E-033
CH3OCH3+ 0.918E-034
CH+ 0.549E-008
CP+ 0.359E-020
CLO+ 0.807E-045
FE+ 0.000E+000
H2CO+ 0.760E-013
H2S+ 0.392E-011
H2SIO+ 0.329E-024
C4H2+ 0.439E-014
COOCH4+ 0.904E-039
HCP+ 0.183E-020
HPO+ 0.650E-017
MG+ 0.000E+000
C2N+ 0.232E-013
CNC+ 0.764E-014
NH3+ 0.572E-012
NO+ 0.114E-013
NS+ 0.249E-014
NA+ 0.000E+000
OCS+ 0.133E-017
P+ 0.404E-006
PH+ 0.962E-015
PO+ 0.142E-015
SO+ 0.957E-013
SI+ 0.480E-003
SIC2+ 0.422E-013
SIC2H+ 0.546E-013
SIC3+ 0.365E-013
SIC+ 0.668E-011
SICH2+ 0.311E-011
SICH3+ 0.225E-021
SIH2+ 0.743E-012
SIH3+ 0.237E-020
SIN+ 0.559E-014
SIS+ 0.226E-016
C2+ 0.544E-009
S+ 0.268E-003
CN+ 0.139E-012
CO+ 0.318E-011
N2+ 0.172E-015
O2+ 0.322E-013
C2H+ 0.192E-009
C2H2+ 0.200E-009
C2H3+ 0.191E-010
C5H2+ 0.343E-016
C6H2+ 0.621E-012
C7H2+ 0.118E-015
C3H3+ 0.171E-014
CO2+ 0.264E-022
HC3N+ 0.238E-017
HCN+ 0.233E-012
C2N2+ 0.310E-016
C3+ 0.836E-012
C5+ 0.303E-012
CH3CH3+ 0.610E-018
PN+ 0.461E-017
H2O+ 0.349E-010
NH2+ 0.255E-011
O+ 0.162E-010
OH+ 0.631E-010
CH3+ 0.786E-008
CH4+ 0.132E-015
CH3OH+ 0.138E-024
N+ 0.170E-009
SO2+ 0.494E-027
CS+ 0.614E-011
CL+ 0.153E-006
C10+ 0.141E-015
C10H2+ 0.252E-020
C3H2+ 0.134E-014
C3H+ 0.169E-012
C4+ 0.976E-012
C4H+ 0.244E-012
C4P+ 0.310E-031
C5H+ 0.560E-013
C6+ 0.745E-010
C6H+ 0.915E-012
C7+ 0.977E-011
C7H+ 0.631E-012
C8+ 0.781E-014
C8H2+ 0.141E-015
C8H+ 0.346E-016
C9+ 0.871E-016
C9H2+ 0.856E-020
C9H+ 0.121E-017
CH3C4H+ 0.325E-018
C7H4+ 0.177E-019
CH3CN+ 0.150E-017
H2CS+ 0.451E-017
H2S2+ 0.106E-027
HC2P+ 0.567E-019
HC5N+ 0.225E-017
HC7N+ 0.685E-016
HC9N+ 0.340E-019
HCSI+ 0.401E-011
HCL+ 0.167E-010
HNSI+ 0.416E-017
HS2+ 0.117E-018
HS+ 0.299E-014
N2O+ 0.180E-011
NH+ 0.253E-011
PH2+ 0.255E-013
S2+ 0.568E-018
SIC2H2+ 0.414E-016
SIC3H+ 0.773E-017
SIC4+ 0.152E-015
SIH4+ 0.158E-035
SIH+ 0.643E-014
SINC+ 0.193E-015
SIO+ 0.131E-012
H2+ 0.548E-008
F+ 0.129E-019
HE+ 0.123E-005
C3N+ 0.105E-016
HCNO+ 0.734E-027
HNCO+ 0.225E-020
HONC+ 0.496E-032
HNO+ 0.539E-015
HCOOH+ 0.665E-025
NO2+ 0.250E-020
CH2CHCNH+ 0.408E-024
HCS+ 0.611E-012
C10H3+ 0.383E-027
C11+ 0.403E-017
C2H5CNH+ 0.395E-028
C2H5OH2+ 0.102E-030
C2H7+ 0.940E-029
C2NH+ 0.353E-014
C3H2O+ 0.407E-022
C3H5+ 0.166E-014
C3H7+ 0.101E-015
C4H4+ 0.211E-022
C4H5+ 0.132E-021
C4H7+ 0.389E-029
C4N+ 0.111E-017
C5H3+ 0.449E-015
C5H5+ 0.607E-019
C5N+ 0.509E-018
C6H3+ 0.101E-017
C6H4+ 0.183E-026
C6H5+ 0.331E-012
C6H7+ 0.512E-014
C7H3+ 0.132E-015
C7H5+ 0.577E-015
C7N+ 0.208E-015
C8H3+ 0.374E-019
C8H4+ 0.134E-021
C8H5+ 0.495E-035
C9H3+ 0.222E-022
C9H4+ 0.193E-025
C9H5+ 0.309E-032
C9N+ 0.103E-018
CF+ 0.253E-015
CH2CHCN+ 0.521E-020
CH2NH2+ 0.752E-035
CH3C3N+ 0.500E-021
CH3C3NH+ 0.146E-021
CH3C5NH+ 0.471E-022
CH3C7NH+ 0.518E-026
CH3CHOH+ 0.191E-025
CH3CNH+ 0.167E-018
CH3CO+ 0.135E-019
CH3COCH4+ 0.105E-031
CH3CS+ 0.726E-021
CH3OCH4+ 0.460E-033
CH3OH2+ 0.507E-022
CH4N+ 0.668E-020
CH5+ 0.430E-012
H2C4N+ 0.108E-020
H2C7N+ 0.760E-019
H2C9N+ 0.373E-022
H2CCL+ 0.297E-017
H2CNO+ 0.657E-025
H2CL+ 0.174E-012
H2F+ 0.133E-020
H2NC+ 0.831E-013
H2NCO+ 0.293E-020
H2NO+ 0.579E-021
H2OCN+ 0.293E-020
H2PO+ 0.371E-024
H3+ 0.418E-007
H3C3O+ 0.241E-022
H3C5N+ 0.103E-023
H3C7N+ 0.153E-020
H3C9N+ 0.687E-028
H3CO+ 0.360E-018
H3CS+ 0.800E-018
H3O+ 0.133E-010
H3S+ 0.229E-020
H3S2+ 0.144E-022
H3SIO+ 0.534E-033
H5C2O2+ 0.142E-037
HC2O+ 0.774E-014
HC2S+ 0.908E-014
HC3NH+ 0.132E-019
HC3O+ 0.413E-019
HC3S+ 0.426E-017
HC4N+ 0.234E-020
HC4S+ 0.115E-019
HC5NH+ 0.172E-018
HCNH+ 0.128E-012
HCNOH+ 0.107E-026
HCO2+ 0.534E-021
HCOOH2+ 0.193E-024
HF+ 0.239E-020
HN2O+ 0.215E-023
HNCOH+ 0.586E-020
HNS+ 0.754E-020
HOCN+ 0.225E-020
HOCS+ 0.177E-023
HPN+ 0.146E-018
HSO+ 0.142E-018
HSO2+ 0.241E-028
HSIO2+ 0.603E-030
HSIS+ 0.512E-020
HEH+ 0.781E-010
N2H+ 0.170E-015
NCCNCH3+ 0.173E-024
NCCNH+ 0.120E-016
NH2CNH+ 0.196E-033
NH4+ 0.239E-016
O2H+ 0.754E-021
OCN+ 0.341E-021
PC2H2+ 0.272E-023
PC2H3+ 0.458E-032
PC2H4+ 0.151E-030
PC3H+ 0.497E-026
PC4H+ 0.200E-025
PCH2+ 0.368E-019
PCH3+ 0.794E-029
PCH4+ 0.221E-027
PH3+ 0.821E-021
PNH2+ 0.101E-022
PNH3+ 0.395E-029
SIC2H3+ 0.317E-018
SIC3H2+ 0.303E-017
SIC4H+ 0.768E-020
SICH4+ 0.363E-021
SIF+ 0.340E-017
SIH5+ 0.769E-029
SINCH+ 0.110E-019
SINH2+ 0.364E-017
SIOH+ 0.413E-013
