C- 0.177E-013
E 0.145E-001
C2- 0.480E-015
C3- 0.599E-013
C4- 0.102E-009
C5- 0.612E-007
C6- 0.420E-009
C7- 0.677E-010
C8- 0.430E-013
C10- 0.157E-013
C2H- 0.431E-018
C3H- 0.126E-015
C3N- 0.206E-012
C4H- 0.172E-012
C5H- 0.184E-009
C6H- 0.384E-007
C7H- 0.953E-012
C8H- 0.193E-014
C9- 0.609E-013
C9H- 0.150E-015
CH- 0.816E-022
O- 0.957E-011
OH- 0.343E-012
S- 0.637E-015
CN- 0.887E-012
H- 0.386E-012
C10H- 0.107E-016
C5N- 0.140E-010
O2- 0.352E-053
C 0.102E-004
C2 0.275E-007
CH2 0.181E-007
C2H2 0.133E-011
CH 0.136E-006
C2H 0.813E-009
CO2 0.380E-014
CO 0.673E-008
H2O 0.166E-009
H2CO 0.431E-013
N 0.170E-002
CN 0.164E-009
NH 0.325E-010
HCN 0.930E-012
O2 0.957E-012
O 0.114E-001
OH 0.161E-008
HCO 0.276E-011
C4 0.326E-009
C3 0.104E-008
C5 0.265E-006
C6 0.269E-009
C7 0.159E-010
C8 0.268E-013
C9 0.143E-013
C10 0.104E-013
C3H 0.274E-009
C4H 0.918E-012
C4N 0.829E-013
C5H 0.444E-009
C6H 0.587E-007
C7H 0.498E-012
C8H 0.267E-014
C9H 0.634E-016
C10H 0.139E-016
CS 0.165E-010
CH3 0.472E-010
CH3CN 0.188E-017
CH3OH 0.466E-022
OCS 0.165E-018
CH4 0.224E-012
H 0.971E-002
H2 0.141E+002
NH2 0.399E-011
NH3 0.823E-015
C10H2 0.109E-018
H2CCC 0.305E-014
HC3N 0.148E-015
HC4H 0.109E-014
C5H2 0.167E-010
HC5N 0.651E-013
C6H2 0.152E-009
C7H2 0.119E-013
C8H2 0.176E-016
C9H2 0.119E-017
HS 0.227E-010
C2N 0.771E-013
C3N 0.608E-011
C5N 0.326E-010
C7N 0.223E-013
HC7N 0.668E-017
C9N 0.984E-017
HC9N 0.133E-020
NO 0.269E-012
NS 0.157E-013
NO2 0.194E-018
SO2 0.402E-021
C2O 0.299E-013
SO 0.642E-015
HNC 0.141E-011
C2H4 0.867E-016
C2H5 0.941E-018
C2H5OH 0.200E-030
C2S 0.115E-011
C3O 0.689E-019
C3S 0.328E-014
C4H3 0.324E-014
C4S 0.467E-018
C6H6 0.324E-011
CCP 0.521E-018
CCL 0.326E-015
CH2CCH2 0.288E-014
CH2CCH 0.230E-013
CH2CN 0.259E-016
CH2CO 0.263E-015
CH3CCH 0.460E-014
CH3CHCH2 0.330E-015
CH3CHO 0.191E-021
CH3COCH3 0.748E-032
CH3OCH3 0.165E-032
CP 0.200E-017
CLO 0.414E-043
FE 0.000E+000
H2S 0.888E-014
H2SIO 0.501E-030
HCOOCH3 0.466E-037
HCP 0.440E-018
HPO 0.926E-022
MG 0.000E+000
NCCN 0.463E-013
NA 0.000E+000
P 0.539E-010
PH 0.301E-012
PO 0.121E-014
SI 0.334E-007
SIC2 0.162E-011
SIC2H 0.236E-015
SIC3 0.211E-014
SIC 0.186E-009
SICH2 0.829E-019
SICH3 0.208E-019
SIH2 0.159E-019
SIH3 0.296E-027
SIN 0.158E-013
SIS 0.101E-018
S 0.895E-007
N2 0.908E-011
C2H3 0.306E-012
CH3CH3 0.406E-016
PN 0.145E-010
CL 0.443E-005
C3H2 0.488E-013
C4P 0.108E-024
CH3C4H 0.177E-016
CH3C6H 0.550E-012
H2CS 0.105E-016
H2S2 0.121E-021
HC2P 0.260E-023
HCSI 0.194E-010
HCL 0.216E-008
HNSI 0.460E-016
HS2 0.319E-021
N2O 0.964E-021
PH2 0.157E-019
S2 0.112E-017
SIC2H2 0.110E-016
SIC3H 0.108E-015
SIC4 0.178E-012
SIH4 0.150E-028
SIH 0.191E-011
SINC 0.641E-019
SIO 0.222E-012
F 0.240E-006
HE 0.239E+001
HCNO 0.812E-021
HNCO 0.431E-019
HONC 0.267E-026
HNO 0.255E-013
HCOOH 0.317E-023
C11 0.219E-022
C2H5CN 0.464E-027
C3P 0.713E-025
CH2CHCCH 0.288E-013
CH2CHCHCH2 0.374E-023
CH2CHCN 0.719E-022
CH2NH 0.768E-024
CH2PH 0.153E-026
CH3C3N 0.188E-019
CH3C5N 0.688E-021
CH3C7N 0.708E-025
CNO 0.457E-026
H2CN 0.392E-014
H2O2 0.134E-053
HCS 0.151E-014
HF 0.176E-014
HNC3 0.158E-019
HOCN 0.437E-019
NH2CN 0.342E-025
O2H 0.269E-025
OCN 0.368E-013
SIO2 0.129E-022
HCO+ 0.648E-011
H+ 0.761E-006
HOC+ 0.164E-011
C+ 0.138E-001
C10H+ 0.377E-018
C2H4+ 0.564E-013
C2H5+ 0.910E-020
C2H5OH+ 0.576E-032
C2O+ 0.950E-016
C2S+ 0.718E-014
C3O+ 0.436E-022
C3S+ 0.148E-013
C4H3+ 0.510E-018
C4S+ 0.497E-016
C6H6+ 0.262E-007
CCP+ 0.104E-020
CCL+ 0.849E-011
CH2+ 0.752E-008
C3H4+ 0.625E-016
CH2CCH+ 0.369E-014
CH2CN+ 0.450E-018
CH2CO+ 0.607E-017
C3H6+ 0.528E-019
CH3CHO+ 0.119E-023
CH3COCH3+ 0.132E-033
CH3OCH3+ 0.566E-034
CH+ 0.473E-008
CP+ 0.214E-020
CLO+ 0.200E-045
FE+ 0.000E+000
H2CO+ 0.624E-013
H2S+ 0.338E-011
H2SIO+ 0.277E-024
C4H2+ 0.314E-014
COOCH4+ 0.448E-039
HCP+ 0.109E-020
HPO+ 0.504E-017
MG+ 0.000E+000
C2N+ 0.167E-013
CNC+ 0.530E-014
NH3+ 0.552E-012
NO+ 0.103E-013
NS+ 0.213E-014
NA+ 0.000E+000
OCS+ 0.960E-018
P+ 0.352E-006
PH+ 0.751E-015
PO+ 0.118E-015
SO+ 0.810E-013
SI+ 0.418E-003
SIC2+ 0.277E-013
SIC2H+ 0.353E-013
SIC3+ 0.265E-013
SIC+ 0.505E-011
SICH2+ 0.229E-011
SICH3+ 0.166E-021
SIH2+ 0.637E-012
SIH3+ 0.203E-020
SIN+ 0.479E-014
SIS+ 0.168E-016
C2+ 0.435E-009
S+ 0.234E-003
CN+ 0.120E-012
CO+ 0.272E-011
N2+ 0.167E-015
O2+ 0.306E-013
C2H+ 0.151E-009
C2H2+ 0.155E-009
C2H3+ 0.141E-010
C5H2+ 0.250E-016
C6H2+ 0.473E-012
C7H2+ 0.828E-016
C3H3+ 0.121E-014
CO2+ 0.162E-022
HC3N+ 0.166E-017
HCN+ 0.199E-012
C2N2+ 0.158E-016
C3+ 0.579E-012
C5+ 0.211E-012
CH3CH3+ 0.499E-018
PN+ 0.425E-017
H2O+ 0.341E-010
NH2+ 0.250E-011
O+ 0.162E-010
OH+ 0.623E-010
CH3+ 0.661E-008
CH4+ 0.111E-015
CH3OH+ 0.985E-025
N+ 0.191E-009
SO2+ 0.298E-027
CS+ 0.462E-011
CL+ 0.147E-006
C10+ 0.915E-016
C10H2+ 0.124E-020
C3H2+ 0.936E-015
C3H+ 0.115E-012
C4+ 0.713E-012
C4H+ 0.179E-012
C4P+ 0.190E-031
C5H+ 0.385E-013
C6+ 0.576E-010
C6H+ 0.698E-012
C7+ 0.759E-011
C7H+ 0.465E-012
C8+ 0.471E-014
C8H2+ 0.931E-016
C8H+ 0.209E-016
C9+ 0.524E-016
C9H2+ 0.372E-020
C9H+ 0.683E-018
CH3C4H+ 0.277E-018
C7H4+ 0.129E-019
CH3CN+ 0.118E-017
H2CS+ 0.332E-017
H2S2+ 0.804E-028
HC2P+ 0.373E-019
HC5N+ 0.160E-017
HC7N+ 0.400E-016
HC9N+ 0.170E-019
HCSI+ 0.301E-011
HCL+ 0.168E-010
HNSI+ 0.353E-017
HS2+ 0.905E-019
HS+ 0.248E-014
N2O+ 0.157E-011
NH+ 0.248E-011
PH2+ 0.227E-013
S2+ 0.437E-018
SIC2H2+ 0.296E-016
SIC3H+ 0.509E-017
SIC4+ 0.897E-016
SIH4+ 0.135E-035
SIH+ 0.541E-014
SINC+ 0.137E-015
SIO+ 0.111E-012
H2+ 0.547E-008
F+ 0.652E-020
HE+ 0.120E-005
C3N+ 0.748E-017
HCNO+ 0.536E-027
HNCO+ 0.166E-020
HONC+ 0.359E-032
HNO+ 0.517E-015
HCOOH+ 0.497E-025
NO2+ 0.189E-020
CH2CHCNH+ 0.277E-024
HCS+ 0.451E-012
C10H3+ 0.180E-027
C11+ 0.229E-017
C2H5CNH+ 0.262E-028
C2H5OH2+ 0.884E-031
C2H7+ 0.711E-029
C2NH+ 0.267E-014
C3H2O+ 0.151E-022
C3H5+ 0.117E-014
C3H7+ 0.755E-016
C4H4+ 0.168E-022
C4H5+ 0.940E-022
C4H7+ 0.236E-029
C4N+ 0.648E-018
C5H3+ 0.365E-015
C5H5+ 0.552E-019
C5N+ 0.348E-018
C6H3+ 0.764E-018
C6H4+ 0.100E-026
C6H5+ 0.284E-012
C6H7+ 0.433E-014
C7H3+ 0.879E-016
C7H5+ 0.473E-015
C7N+ 0.123E-015
C8H3+ 0.248E-019
C8H4+ 0.868E-022
C8H5+ 0.280E-035
C9H3+ 0.134E-022
C9H4+ 0.956E-026
C9H5+ 0.201E-032
C9N+ 0.522E-019
CF+ 0.112E-015
CH2CHCN+ 0.363E-020
CH2NH2+ 0.432E-035
CH3C3N+ 0.348E-021
CH3C3NH+ 0.100E-021
CH3C5NH+ 0.248E-022
CH3C7NH+ 0.255E-026
CH3CHOH+ 0.145E-025
CH3CNH+ 0.129E-018
CH3CO+ 0.534E-020
CH3COCH4+ 0.740E-032
CH3CS+ 0.516E-021
CH3OCH4+ 0.287E-033
CH3OH2+ 0.372E-022
CH4N+ 0.554E-020
CH5+ 0.372E-012
H2C4N+ 0.758E-021
H2C7N+ 0.440E-019
H2C9N+ 0.185E-022
H2CCL+ 0.227E-017
H2CNO+ 0.621E-025
H2CL+ 0.194E-012
H2F+ 0.662E-021
H2NC+ 0.687E-013
H2NCO+ 0.213E-020
H2NO+ 0.483E-021
H2OCN+ 0.213E-020
H2PO+ 0.293E-024
H3+ 0.410E-007
H3C3O+ 0.873E-023
H3C5N+ 0.873E-024
H3C7N+ 0.124E-020
H3C9N+ 0.321E-028
H3CO+ 0.296E-018
H3CS+ 0.597E-018
H3O+ 0.127E-010
H3S+ 0.190E-020
H3S2+ 0.113E-022
H3SIO+ 0.450E-033
H5C2O2+ 0.784E-038
HC2O+ 0.587E-014
HC2S+ 0.613E-014
HC3NH+ 0.879E-020
HC3O+ 0.290E-019
HC3S+ 0.280E-017
HC4N+ 0.165E-020
HC4S+ 0.737E-020
HC5NH+ 0.119E-018
HCNH+ 0.107E-012
HCNOH+ 0.774E-027
HCO2+ 0.422E-021
HCOOH2+ 0.144E-024
HF+ 0.121E-020
HN2O+ 0.165E-023
HNCOH+ 0.426E-020
HNS+ 0.633E-020
HOCN+ 0.166E-020
HOCS+ 0.890E-024
HPN+ 0.138E-018
HSO+ 0.119E-018
HSO2+ 0.146E-028
HSIO2+ 0.644E-031
HSIS+ 0.377E-020
HEH+ 0.778E-010
N2H+ 0.161E-015
NCCNCH3+ 0.737E-025
NCCNH+ 0.604E-017
NH2CNH+ 0.129E-033
NH4+ 0.237E-016
O2H+ 0.614E-021
OCN+ 0.152E-021
PC2H2+ 0.197E-023
PC2H3+ 0.297E-032
PC2H4+ 0.112E-030
PC3H+ 0.304E-026
PC4H+ 0.125E-025
PCH2+ 0.269E-019
PCH3+ 0.531E-029
PCH4+ 0.168E-027
PH3+ 0.662E-021
PNH2+ 0.893E-023
PNH3+ 0.357E-029
SIC2H3+ 0.217E-018
SIC3H2+ 0.223E-017
SIC4H+ 0.339E-020
SICH4+ 0.277E-021
SIF+ 0.152E-017
SIH5+ 0.659E-029
SINCH+ 0.797E-020
SINH2+ 0.303E-017
SIOH+ 0.341E-013
