C- 0.121E-013
E 0.126E-001
C2- 0.323E-015
C3- 0.373E-013
C4- 0.697E-010
C5- 0.452E-007
C6- 0.274E-009
C7- 0.410E-010
C8- 0.229E-013
C10- 0.868E-014
C2H- 0.271E-018
C3H- 0.730E-016
C3N- 0.137E-012
C4H- 0.104E-012
C5H- 0.118E-009
C6H- 0.291E-007
C7H- 0.523E-012
C8H- 0.111E-014
C9- 0.323E-013
C9H- 0.684E-016
CH- 0.459E-022
O- 0.781E-011
OH- 0.254E-012
S- 0.445E-015
CN- 0.598E-012
H- 0.332E-012
C10H- 0.527E-017
C5N- 0.815E-011
O2- -0.217E-053
C 0.777E-005
C2 0.198E-007
CH2 0.135E-007
C2H2 0.939E-012
CH 0.102E-006
C2H 0.572E-009
CO2 0.216E-014
CO 0.381E-008
H2O 0.125E-009
H2CO 0.283E-013
N 0.148E-002
CN 0.107E-009
NH 0.279E-010
HCN 0.652E-012
O2 0.692E-012
O 0.991E-002
OH 0.132E-008
HCO 0.184E-011
C4 0.223E-009
C3 0.774E-009
C5 0.207E-006
C6 0.183E-009
C7 0.101E-010
C8 0.148E-013
C9 0.791E-014
C10 0.601E-014
C3H 0.200E-009
C4H 0.545E-012
C4N 0.436E-013
C5H 0.292E-009
C6H 0.455E-007
C7H 0.282E-012
C8H 0.156E-014
C9H 0.293E-016
C10H 0.686E-017
CS 0.107E-010
CH3 0.353E-010
CH3CN 0.130E-017
CH3OH 0.295E-022
OCS 0.822E-019
CH4 0.170E-012
H 0.847E-002
H2 0.123E+002
NH2 0.342E-011
NH3 0.729E-015
C10H2 0.469E-019
H2CCC 0.195E-014
HC3N 0.859E-016
HC4H 0.725E-015
C5H2 0.106E-010
HC5N 0.340E-013
C6H2 0.102E-009
C7H2 0.701E-014
C8H2 0.891E-017
C9H2 0.475E-018
HS 0.174E-010
C2N 0.491E-013
C3N 0.389E-011
C5N 0.207E-010
C7N 0.117E-013
HC7N 0.331E-017
C9N 0.451E-017
HC9N 0.559E-021
NO 0.196E-012
NS 0.108E-013
NO2 0.125E-018
SO2 0.246E-021
C2O 0.202E-013
SO 0.427E-015
HNC 0.101E-011
C2H4 0.576E-016
C2H5 0.608E-018
C2H5OH 0.115E-030
C2S 0.749E-012
C3O 0.432E-019
C3S 0.178E-014
C4H3 0.234E-014
C4S 0.257E-018
C6H6 0.269E-011
CCP 0.316E-018
CCL 0.238E-015
CH2CCH2 0.238E-014
CH2CCH 0.174E-013
CH2CN 0.168E-016
CH2CO 0.165E-015
CH3CCH 0.347E-014
CH3CHCH2 0.220E-015
CH3CHO 0.106E-021
CH3COCH3 0.342E-032
CH3OCH3 0.923E-033
CP 0.122E-017
CLO 0.999E-044
FE 0.000E+000
H2S 0.684E-014
H2SIO 0.343E-030
HCOOCH3 0.229E-037
HCP 0.284E-018
HPO 0.595E-022
MG 0.000E+000
NCCN 0.205E-013
NA 0.000E+000
P 0.418E-010
PH 0.239E-012
PO 0.846E-015
SI 0.256E-007
SIC2 0.101E-011
SIC2H 0.152E-015
SIC3 0.111E-014
SIC 0.134E-009
SICH2 0.478E-019
SICH3 0.145E-019
SIH2 0.119E-019
SIH3 0.229E-027
SIN 0.999E-014
SIS 0.716E-019
S 0.685E-007
N2 0.199E-011
C2H3 0.220E-012
CH3CH3 0.270E-016
PN 0.121E-010
CL 0.386E-005
C3H2 0.329E-013
C4P 0.604E-025
CH3C4H 0.139E-016
CH3C6H 0.374E-012
H2CS 0.691E-017
H2S2 0.840E-022
HC2P 0.145E-023
HCSI 0.126E-010
HCL 0.191E-008
HNSI 0.341E-016
HS2 0.220E-021
N2O 0.655E-021
PH2 0.111E-019
S2 0.750E-018
SIC2H2 0.708E-017
SIC3H 0.755E-016
SIC4 0.663E-013
SIH4 0.111E-028
SIH 0.145E-011
SINC 0.411E-019
SIO 0.155E-012
F 0.209E-006
HE 0.209E+001
HCNO 0.566E-021
HNCO 0.236E-019
HONC 0.167E-026
HNO 0.189E-013
HCOOH 0.207E-023
C11 0.826E-023
C2H5CN 0.274E-027
C3P 0.386E-025
CH2CHCCH 0.239E-013
CH2CHCHCH2 0.186E-023
CH2CHCN 0.462E-022
CH2NH 0.500E-024
CH2PH 0.103E-026
CH3C3N 0.130E-019
CH3C5N 0.323E-021
CH3C7N 0.315E-025
CNO 0.308E-026
H2CN 0.248E-014
H2O2 0.334E-054
HCS 0.864E-015
HF 0.813E-015
HNC3 0.100E-019
HOCN 0.240E-019
NH2CN 0.204E-025
O2H 0.138E-025
OCN 0.245E-013
SIO2 0.269E-023
HCO+ 0.499E-011
H+ 0.732E-006
HOC+ 0.158E-011
C+ 0.120E-001
C10H+ 0.225E-018
C2H4+ 0.452E-013
C2H5+ 0.620E-020
C2H5OH+ 0.349E-032
C2O+ 0.643E-016
C2S+ 0.496E-014
C3O+ 0.275E-022
C3S+ 0.108E-013
C4H3+ 0.361E-018
C4S+ 0.295E-016
C6H6+ 0.227E-007
CCP+ 0.637E-021
CCL+ 0.761E-011
CH2+ 0.647E-008
C3H4+ 0.548E-016
CH2CCH+ 0.251E-014
CH2CN+ 0.286E-018
CH2CO+ 0.424E-017
C3H6+ 0.342E-019
CH3CHO+ 0.732E-024
CH3COCH3+ 0.610E-034
CH3OCH3+ 0.349E-034
CH+ 0.408E-008
CP+ 0.131E-020
CLO+ 0.484E-046
FE+ 0.000E+000
H2CO+ 0.510E-013
H2S+ 0.291E-011
H2SIO+ 0.228E-024
C4H2+ 0.226E-014
COOCH4+ 0.221E-039
HCP+ 0.665E-021
HPO+ 0.380E-017
MG+ 0.000E+000
C2N+ 0.121E-013
CNC+ 0.370E-014
NH3+ 0.530E-012
NO+ 0.877E-014
NS+ 0.181E-014
NA+ 0.000E+000
OCS+ 0.692E-018
P+ 0.307E-006
PH+ 0.586E-015
PO+ 0.967E-016
SO+ 0.668E-013
SI+ 0.364E-003
SIC2+ 0.183E-013
SIC2H+ 0.229E-013
SIC3+ 0.194E-013
SIC+ 0.381E-011
SICH2+ 0.168E-011
SICH3+ 0.122E-021
SIH2+ 0.545E-012
SIH3+ 0.171E-020
SIN+ 0.409E-014
SIS+ 0.126E-016
C2+ 0.351E-009
S+ 0.203E-003
CN+ 0.103E-012
CO+ 0.227E-011
N2+ 0.162E-015
O2+ 0.265E-013
C2H+ 0.120E-009
C2H2+ 0.120E-009
C2H3+ 0.959E-011
C5H2+ 0.164E-016
C6H2+ 0.361E-012
C7H2+ 0.592E-016
C3H3+ 0.861E-015
CO2+ 0.101E-022
HC3N+ 0.115E-017
HCN+ 0.170E-012
C2N2+ 0.797E-017
C3+ 0.404E-012
C5+ 0.148E-012
CH3CH3+ 0.369E-018
PN+ 0.392E-017
H2O+ 0.301E-010
NH2+ 0.244E-011
O+ 0.162E-010
OH+ 0.569E-010
CH3+ 0.554E-008
CH4+ 0.937E-016
CH3OH+ 0.700E-025
N+ 0.215E-009
SO2+ 0.204E-027
CS+ 0.348E-011
CL+ 0.130E-006
C10+ 0.595E-016
C10H2+ 0.603E-021
C3H2+ 0.658E-015
C3H+ 0.787E-013
C4+ 0.525E-012
C4H+ 0.133E-012
C4P+ 0.117E-031
C5H+ 0.267E-013
C6+ 0.445E-010
C6H+ 0.532E-012
C7+ 0.591E-011
C7H+ 0.344E-012
C8+ 0.288E-014
C8H2+ 0.623E-016
C8H+ 0.130E-016
C9+ 0.324E-016
C9H2+ 0.169E-020
C9H+ 0.399E-018
CH3C4H+ 0.235E-018
C7H4+ 0.960E-020
CH3CN+ 0.933E-018
H2CS+ 0.243E-017
H2S2+ 0.598E-028
HC2P+ 0.260E-019
HC5N+ 0.102E-017
HC7N+ 0.237E-016
HC9N+ 0.880E-020
HCSI+ 0.225E-011
HCL+ 0.247E-010
HNSI+ 0.299E-017
HS2+ 0.697E-019
HS+ 0.196E-014
N2O+ 0.137E-011
NH+ 0.242E-011
PH2+ 0.202E-013
S2+ 0.337E-018
SIC2H2+ 0.213E-016
SIC3H+ 0.342E-017
SIC4+ 0.533E-016
SIH4+ 0.105E-035
SIH+ 0.450E-014
SINC+ 0.978E-016
SIO+ 0.914E-013
H2+ 0.545E-008
F+ 0.339E-020
HE+ 0.116E-005
C3N+ 0.531E-017
HCNO+ 0.421E-027
HNCO+ 0.111E-020
HONC+ 0.248E-032
HNO+ 0.450E-015
HCOOH+ 0.367E-025
NO2+ 0.141E-020
CH2CHCNH+ 0.189E-024
HCS+ 0.333E-012
C10H3+ 0.772E-028
C11+ 0.130E-017
C2H5CNH+ 0.173E-028
C2H5OH2+ 0.614E-031
C2H7+ 0.452E-029
C2NH+ 0.201E-014
C3H2O+ 0.803E-023
C3H5+ 0.836E-015
C3H7+ 0.566E-016
C4H4+ 0.115E-022
C4H5+ 0.683E-022
C4H7+ 0.117E-029
C4N+ 0.377E-018
C5H3+ 0.297E-015
C5H5+ 0.502E-019
C5N+ 0.239E-018
C6H3+ 0.513E-018
C6H4+ 0.553E-027
C6H5+ 0.244E-012
C6H7+ 0.365E-014
C7H3+ 0.591E-016
C7H5+ 0.388E-015
C7N+ 0.735E-016
C8H3+ 0.150E-019
C8H4+ 0.551E-022
C8H5+ 0.162E-035
C9H3+ 0.819E-023
C9H4+ 0.458E-026
C9H5+ 0.134E-032
C9N+ 0.273E-019
CF+ 0.509E-016
CH2CHCN+ 0.255E-020
CH2NH2+ 0.267E-035
CH3C3N+ 0.243E-021
CH3C3NH+ 0.690E-022
CH3C5NH+ 0.129E-022
CH3C7NH+ 0.126E-026
CH3CHOH+ 0.103E-025
CH3CNH+ 0.990E-019
CH3CO+ 0.299E-020
CH3COCH4+ 0.385E-032
CH3CS+ 0.332E-021
CH3OCH4+ 0.177E-033
CH3OH2+ 0.264E-022
CH4N+ 0.457E-020
CH5+ 0.319E-012
H2C4N+ 0.535E-021
H2C7N+ 0.258E-019
H2C9N+ 0.948E-023
H2CCL+ 0.192E-017
H2CNO+ 0.147E-024
H2CL+ 0.546E-012
H2F+ 0.331E-021
H2NC+ 0.566E-013
H2NCO+ 0.134E-020
H2NO+ 0.345E-021
H2OCN+ 0.134E-020
H2PO+ 0.226E-024
H3+ 0.357E-007
H3C3O+ 0.406E-023
H3C5N+ 0.742E-024
H3C7N+ 0.101E-020
H3C9N+ 0.153E-028
H3CO+ 0.240E-018
H3CS+ 0.445E-018
H3O+ 0.108E-010
H3S+ 0.148E-020
H3S2+ 0.887E-023
H3SIO+ 0.370E-033
H5C2O2+ 0.421E-038
HC2O+ 0.443E-014
HC2S+ 0.416E-014
HC3NH+ 0.589E-020
HC3O+ 0.205E-019
HC3S+ 0.189E-017
HC4N+ 0.118E-020
HC4S+ 0.482E-020
HC5NH+ 0.740E-019
HCNH+ 0.896E-013
HCNOH+ 0.597E-027
HCO2+ 0.305E-021
HCOOH2+ 0.976E-025
HF+ 0.622E-021
HN2O+ 0.124E-023
HNCOH+ 0.268E-020
HNS+ 0.527E-020
HOCN+ 0.111E-020
HOCS+ 0.590E-024
HPN+ 0.111E-018
HSO+ 0.863E-019
HSO2+ 0.958E-029
HSIO2+ 0.126E-031
HSIS+ 0.278E-020
HEH+ 0.775E-010
N2H+ 0.153E-015
NCCNCH3+ 0.309E-025
NCCNH+ 0.299E-017
NH2CNH+ 0.707E-034
NH4+ 0.234E-016
O2H+ 0.497E-021
OCN+ 0.960E-022
PC2H2+ 0.126E-023
PC2H3+ 0.171E-032
PC2H4+ 0.734E-031
PC3H+ 0.187E-026
PC4H+ 0.789E-026
PCH2+ 0.197E-019
PCH3+ 0.354E-029
PCH4+ 0.128E-027
PH3+ 0.532E-021
PNH2+ 0.790E-023
PNH3+ 0.322E-029
SIC2H3+ 0.150E-018
SIC3H2+ 0.169E-017
SIC4H+ 0.122E-020
SICH4+ 0.211E-021
SIF+ 0.699E-018
SIH5+ 0.553E-029
SINCH+ 0.579E-020
SINH2+ 0.253E-017
SIOH+ 0.275E-013
