C- 0.827E-014
E 0.110E-001
C2- 0.217E-015
C3- 0.229E-013
C4- 0.472E-010
C5- 0.332E-007
C6- 0.178E-009
C7- 0.248E-010
C8- 0.122E-013
C10- 0.470E-014
C2H- 0.171E-018
C3H- 0.420E-016
C3N- 0.899E-013
C4H- 0.626E-013
C5H- 0.754E-010
C6H- 0.219E-007
C7H- 0.285E-012
C8H- 0.642E-015
C9- 0.170E-013
C9H- 0.310E-016
CH- 0.258E-022
O- 0.635E-011
OH- 0.187E-012
S- 0.310E-015
CN- 0.399E-012
H- 0.287E-012
C10H- 0.254E-017
C5N- 0.468E-011
O2- 0.773E-054
C 0.595E-005
C2 0.142E-007
CH2 0.997E-008
C2H2 0.620E-012
CH 0.763E-007
C2H 0.403E-009
CO2 0.116E-014
CO 0.241E-008
H2O 0.101E-009
H2CO 0.184E-013
N 0.129E-002
CN 0.674E-010
NH 0.238E-010
HCN 0.457E-012
O2 0.506E-012
O 0.863E-002
OH 0.115E-008
HCO 0.106E-011
C4 0.153E-009
C3 0.576E-009
C5 0.162E-006
C6 0.124E-009
C7 0.641E-011
C8 0.821E-014
C9 0.438E-014
C10 0.341E-014
C3H 0.147E-009
C4H 0.324E-012
C4N 0.227E-013
C5H 0.191E-009
C6H 0.353E-007
C7H 0.159E-012
C8H 0.919E-015
C9H 0.135E-016
C10H 0.332E-017
CS 0.691E-011
CH3 0.262E-010
CH3CN 0.903E-018
CH3OH 0.190E-022
OCS 0.408E-019
CH4 0.128E-012
H 0.740E-002
H2 0.107E+002
NH2 0.291E-011
NH3 0.644E-015
C10H2 0.196E-019
H2CCC 0.126E-014
HC3N 0.495E-016
HC4H 0.488E-015
C5H2 0.665E-011
HC5N 0.174E-013
C6H2 0.682E-010
C7H2 0.427E-014
C8H2 0.455E-017
C9H2 0.189E-018
HS 0.132E-010
C2N 0.316E-013
C3N 0.247E-011
C5N 0.131E-010
C7N 0.608E-014
HC7N 0.163E-017
C9N 0.206E-017
HC9N 0.235E-021
NO 0.145E-012
NS 0.732E-014
NO2 0.802E-019
SO2 0.116E-021
C2O 0.138E-013
SO 0.164E-015
HNC 0.718E-012
C2H4 0.457E-016
C2H5 0.552E-018
C2H5OH 0.131E-030
C2S 0.485E-012
C3O 0.272E-019
C3S 0.704E-016
C4H3 0.169E-014
C4S 0.147E-018
C6H6 0.223E-011
CCP 0.181E-018
CCL 0.168E-015
CH2CCH2 0.197E-014
CH2CCH 0.133E-013
CH2CN 0.109E-016
CH2CO 0.104E-015
CH3CCH 0.266E-014
CH3CHCH2 0.165E-015
CH3CHO 0.949E-022
CH3COCH3 0.313E-032
CH3OCH3 0.513E-033
CP 0.733E-018
CLO 0.228E-044
FE 0.000E+000
H2S 0.527E-014
H2SIO 0.233E-030
HCOOCH3 0.113E-037
HCP 0.183E-018
HPO 0.381E-022
MG 0.000E+000
NCCN 0.883E-014
NA 0.000E+000
P 0.324E-010
PH 0.189E-012
PO 0.590E-015
SI 0.196E-007
SIC2 0.629E-012
SIC2H 0.971E-016
SIC3 0.585E-015
SIC 0.954E-010
SICH2 0.273E-019
SICH3 0.101E-019
SIH2 0.912E-020
SIH3 0.178E-027
SIN 0.626E-014
SIS 0.507E-019
S 0.523E-007
N2 0.425E-012
C2H3 0.158E-012
CH3CH3 0.211E-016
PN 0.101E-010
CL 0.334E-005
C3H2 0.225E-013
C4P 0.338E-025
CH3C4H 0.115E-016
CH3C6H 0.256E-012
H2CS 0.451E-017
H2S2 0.578E-022
HC2P 0.120E-023
HCSI 0.818E-011
HCL 0.137E-008
HNSI 0.252E-016
HS2 0.151E-021
N2O 0.458E-021
PH2 0.785E-020
S2 0.500E-018
SIC2H2 0.459E-017
SIC3H 0.534E-016
SIC4 0.229E-013
SIH4 0.856E-029
SIH 0.109E-011
SINC 0.262E-019
SIO 0.110E-012
F 0.182E-006
HE 0.182E+001
HCNO 0.365E-021
HNCO 0.184E-019
HONC 0.120E-026
HNO 0.139E-013
HCOOH 0.138E-023
C11 0.304E-023
C2H5CN 0.161E-027
C3P 0.209E-025
CH2CHCCH 0.198E-013
CH2CHCHCH2 0.121E-023
CH2CHCN 0.294E-022
CH2NH 0.217E-024
CH2PH 0.689E-027
CH3C3N 0.901E-020
CH3C5N 0.148E-021
CH3C7N 0.138E-025
CNO 0.222E-026
H2CN 0.155E-014
H2O2 0.770E-055
HCS 0.495E-015
HF 0.369E-015
HNC3 0.640E-020
HOCN 0.187E-019
NH2CN 0.119E-025
O2H 0.678E-026
OCN 0.163E-013
SIO2 0.126E-023
HCO+ 0.414E-011
H+ 0.706E-006
HOC+ 0.130E-011
C+ 0.105E-001
C10H+ 0.133E-018
C2H4+ 0.362E-013
C2H5+ 0.570E-020
C2H5OH+ 0.463E-032
C2O+ 0.438E-016
C2S+ 0.343E-014
C3O+ 0.174E-022
C3S+ 0.791E-014
C4H3+ 0.257E-018
C4S+ 0.175E-016
C6H6+ 0.196E-007
CCP+ 0.374E-021
CCL+ 0.556E-011
CH2+ 0.556E-008
C3H4+ 0.486E-016
CH2CCH+ 0.171E-014
CH2CN+ 0.178E-018
CH2CO+ 0.296E-017
C3H6+ 0.254E-019
CH3CHO+ 0.729E-024
CH3COCH3+ 0.608E-034
CH3OCH3+ 0.215E-034
CH+ 0.350E-008
CP+ 0.777E-021
CLO+ 0.111E-046
FE+ 0.000E+000
H2CO+ 0.416E-013
H2S+ 0.251E-011
H2SIO+ 0.194E-024
C4H2+ 0.163E-014
COOCH4+ 0.109E-039
HCP+ 0.394E-021
HPO+ 0.305E-017
MG+ 0.000E+000
C2N+ 0.873E-014
CNC+ 0.258E-014
NH3+ 0.508E-012
NO+ 0.855E-014
NS+ 0.153E-014
NA+ 0.000E+000
OCS+ 0.497E-018
P+ 0.267E-006
PH+ 0.456E-015
PO+ 0.832E-016
SO+ 0.581E-013
SI+ 0.317E-003
SIC2+ 0.121E-013
SIC2H+ 0.149E-013
SIC3+ 0.142E-013
SIC+ 0.287E-011
SICH2+ 0.123E-011
SICH3+ 0.897E-022
SIH2+ 0.466E-012
SIH3+ 0.147E-020
SIN+ 0.348E-014
SIS+ 0.933E-017
C2+ 0.283E-009
S+ 0.177E-003
CN+ 0.883E-013
CO+ 0.199E-011
N2+ 0.157E-015
O2+ 0.277E-013
C2H+ 0.946E-010
C2H2+ 0.936E-010
C2H3+ 0.767E-011
C5H2+ 0.131E-016
C6H2+ 0.274E-012
C7H2+ 0.430E-016
C3H3+ 0.616E-015
CO2+ 0.598E-023
HC3N+ 0.798E-018
HCN+ 0.145E-012
C2N2+ 0.390E-017
C3+ 0.283E-012
C5+ 0.105E-012
CH3CH3+ 0.328E-018
PN+ 0.361E-017
H2O+ 0.323E-010
NH2+ 0.239E-011
O+ 0.162E-010
OH+ 0.609E-010
CH3+ 0.463E-008
CH4+ 0.783E-016
CH3OH+ 0.506E-025
N+ 0.242E-009
SO2+ 0.108E-027
CS+ 0.261E-011
CL+ 0.133E-006
C10+ 0.382E-016
C10H2+ 0.287E-021
C3H2+ 0.463E-015
C3H+ 0.540E-013
C4+ 0.387E-012
C4H+ 0.985E-013
C4P+ 0.729E-032
C5H+ 0.187E-013
C6+ 0.343E-010
C6H+ 0.404E-012
C7+ 0.460E-011
C7H+ 0.254E-012
C8+ 0.177E-014
C8H2+ 0.421E-016
C8H+ 0.824E-017
C9+ 0.201E-016
C9H2+ 0.769E-021
C9H+ 0.234E-018
CH3C4H+ 0.200E-018
C7H4+ 0.720E-020
CH3CN+ 0.738E-018
H2CS+ 0.177E-017
H2S2+ 0.462E-028
HC2P+ 0.168E-019
HC5N+ 0.808E-018
HC7N+ 0.141E-016
HC9N+ 0.452E-020
HCSI+ 0.168E-011
HCL+ 0.193E-010
HNSI+ 0.253E-017
HS2+ 0.536E-019
HS+ 0.172E-014
N2O+ 0.119E-011
NH+ 0.236E-011
PH2+ 0.180E-013
S2+ 0.259E-018
SIC2H2+ 0.153E-016
SIC3H+ 0.233E-017
SIC4+ 0.317E-016
SIH4+ 0.969E-036
SIH+ 0.381E-014
SINC+ 0.696E-016
SIO+ 0.796E-013
H2+ 0.543E-008
F+ 0.173E-020
HE+ 0.111E-005
C3N+ 0.374E-017
HCNO+ 0.305E-027
HNCO+ 0.946E-021
HONC+ 0.202E-032
HNO+ 0.474E-015
HCOOH+ 0.277E-025
NO2+ 0.111E-020
CH2CHCNH+ 0.128E-024
HCS+ 0.244E-012
C10H3+ 0.392E-028
C11+ 0.730E-018
C2H5CNH+ 0.114E-028
C2H5OH2+ 0.647E-031
C2H7+ 0.402E-029
C2NH+ 0.154E-014
C3H2O+ 0.477E-023
C3H5+ 0.595E-015
C3H7+ 0.422E-016
C4H4+ 0.107E-022
C4H5+ 0.501E-022
C4H7+ 0.835E-030
C4N+ 0.217E-018
C5H3+ 0.243E-015
C5H5+ 0.456E-019
C5N+ 0.166E-018
C6H3+ 0.435E-018
C6H4+ 0.308E-027
C6H5+ 0.210E-012
C6H7+ 0.308E-014
C7H3+ 0.401E-016
C7H5+ 0.319E-015
C7N+ 0.441E-016
C8H3+ 0.107E-019
C8H4+ 0.375E-022
C8H5+ 0.953E-036
C9H3+ 0.504E-023
C9H4+ 0.259E-026
C9H5+ 0.905E-033
C9N+ 0.142E-019
CF+ 0.227E-016
CH2CHCN+ 0.178E-020
CH2NH2+ 0.143E-035
CH3C3N+ 0.171E-021
CH3C3NH+ 0.478E-022
CH3C5NH+ 0.660E-023
CH3C7NH+ 0.618E-027
CH3CHOH+ 0.863E-026
CH3CNH+ 0.762E-019
CH3CO+ 0.186E-020
CH3COCH4+ 0.339E-032
CH3CS+ 0.255E-021
CH3OCH4+ 0.111E-033
CH3OH2+ 0.199E-022
CH4N+ 0.373E-020
CH5+ 0.272E-012
H2C4N+ 0.379E-021
H2C7N+ 0.152E-019
H2C9N+ 0.481E-023
H2CCL+ 0.131E-017
H2CNO+ 0.701E-025
H2CL+ 0.295E-012
H2F+ 0.167E-021
H2NC+ 0.465E-013
H2NCO+ 0.117E-020
H2NO+ 0.333E-021
H2OCN+ 0.117E-020
H2PO+ 0.185E-024
H3+ 0.393E-007
H3C3O+ 0.254E-023
H3C5N+ 0.631E-024
H3C7N+ 0.821E-021
H3C9N+ 0.719E-029
H3CO+ 0.197E-018
H3CS+ 0.329E-018
H3O+ 0.116E-010
H3S+ 0.131E-020
H3S2+ 0.693E-023
H3SIO+ 0.315E-033
H5C2O2+ 0.237E-038
HC2O+ 0.339E-014
HC2S+ 0.283E-014
HC3NH+ 0.396E-020
HC3O+ 0.146E-019
HC3S+ 0.129E-017
HC4N+ 0.844E-021
HC4S+ 0.319E-020
HC5NH+ 0.573E-019
HCNH+ 0.746E-013
HCNOH+ 0.434E-027
HCO2+ 0.251E-021
HCOOH2+ 0.758E-025
HF+ 0.315E-021
HN2O+ 0.983E-024
HNCOH+ 0.234E-020
HNS+ 0.444E-020
HOCN+ 0.946E-021
HOCS+ 0.227E-024
HPN+ 0.120E-018
HSO+ 0.838E-019
HSO2+ 0.535E-029
HSIO2+ 0.759E-032
HSIS+ 0.205E-020
HEH+ 0.773E-010
N2H+ 0.144E-015
NCCNCH3+ 0.125E-025
NCCNH+ 0.144E-017
NH2CNH+ 0.548E-034
NH4+ 0.232E-016
O2H+ 0.407E-021
OCN+ 0.676E-022
PC2H2+ 0.998E-024
PC2H3+ 0.121E-032
PC2H4+ 0.594E-031
PC3H+ 0.115E-026
PC4H+ 0.499E-026
PCH2+ 0.143E-019
PCH3+ 0.234E-029
PCH4+ 0.969E-028
PH3+ 0.427E-021
PNH2+ 0.698E-023
PNH3+ 0.290E-029
SIC2H3+ 0.104E-018
SIC3H2+ 0.129E-017
SIC4H+ 0.552E-021
SICH4+ 0.160E-021
SIF+ 0.316E-018
SIH5+ 0.478E-029
SINCH+ 0.420E-020
SINH2+ 0.211E-017
SIOH+ 0.233E-013
