C- 0.566E-014
E 0.955E-002
C2- 0.146E-015
C3- 0.140E-013
C4- 0.318E-010
C5- 0.242E-007
C6- 0.115E-009
C7- 0.151E-010
C8- 0.653E-014
C10- 0.252E-014
C2H- 0.109E-018
C3H- 0.243E-016
C3N- 0.587E-013
C4H- 0.372E-013
C5H- 0.478E-010
C6H- 0.165E-007
C7H- 0.156E-012
C8H- 0.376E-015
C9- 0.891E-014
C9H- 0.140E-016
CH- 0.146E-022
O- 0.513E-011
OH- 0.136E-012
S- 0.215E-015
CN- 0.264E-012
H- 0.248E-012
C10H- 0.121E-017
C5N- 0.267E-011
O2- 0.178E-055
C 0.458E-005
C2 0.103E-007
CH2 0.737E-008
C2H2 0.432E-012
CH 0.572E-007
C2H 0.286E-009
CO2 0.641E-015
CO 0.157E-008
H2O 0.787E-010
H2CO 0.119E-013
N 0.113E-002
CN 0.432E-010
NH 0.202E-010
HCN 0.322E-012
O2 0.368E-012
O 0.752E-002
OH 0.978E-009
HCO 0.663E-012
C4 0.104E-009
C3 0.431E-009
C5 0.126E-006
C6 0.839E-010
C7 0.411E-011
C8 0.458E-014
C9 0.242E-014
C10 0.193E-014
C3H 0.108E-009
C4H 0.194E-012
C4N 0.118E-013
C5H 0.124E-009
C6H 0.274E-007
C7H 0.905E-013
C8H 0.549E-015
C9H 0.620E-017
C10H 0.159E-017
CS 0.447E-011
CH3 0.194E-010
CH3CN 0.632E-018
CH3OH 0.122E-022
OCS 0.205E-019
CH4 0.963E-013
H 0.645E-002
H2 0.931E+001
NH2 0.247E-011
NH3 0.570E-015
C10H2 0.813E-020
H2CCC 0.842E-015
HC3N 0.283E-016
HC4H 0.334E-015
C5H2 0.416E-011
HC5N 0.888E-014
C6H2 0.455E-010
C7H2 0.270E-014
C8H2 0.235E-017
C9H2 0.748E-019
HS 0.101E-010
C2N 0.205E-013
C3N 0.156E-011
C5N 0.821E-011
C7N 0.319E-014
HC7N 0.807E-018
C9N 0.934E-018
HC9N 0.988E-022
NO 0.107E-012
NS 0.499E-014
NO2 0.513E-019
SO2 0.625E-022
C2O 0.942E-014
SO 0.831E-016
HNC 0.513E-012
C2H4 0.331E-016
C2H5 0.418E-018
C2H5OH 0.105E-030
C2S 0.316E-012
C3O 0.173E-019
C3S 0.523E-015
C4H3 0.122E-014
C4S 0.865E-019
C6H6 0.185E-011
CCP 0.108E-018
CCL 0.120E-015
CH2CCH2 0.164E-014
CH2CCH 0.104E-013
CH2CN 0.710E-017
CH2CO 0.654E-016
CH3CCH 0.207E-014
CH3CHCH2 0.117E-015
CH3CHO 0.656E-022
CH3COCH3 0.195E-032
CH3OCH3 0.287E-033
CP 0.447E-018
CLO 0.501E-045
FE 0.000E+000
H2S 0.406E-014
H2SIO 0.157E-030
HCOOCH3 0.554E-038
HCP 0.118E-018
HPO 0.245E-022
MG 0.000E+000
NCCN 0.373E-014
NA 0.000E+000
P 0.251E-010
PH 0.150E-012
PO 0.412E-015
SI 0.150E-007
SIC2 0.394E-012
SIC2H 0.625E-016
SIC3 0.317E-015
SIC 0.677E-010
SICH2 0.156E-019
SICH3 0.696E-020
SIH2 0.689E-020
SIH3 0.137E-027
SIN 0.391E-014
SIS 0.359E-019
S 0.401E-007
N2 0.111E-012
C2H3 0.114E-012
CH3CH3 0.152E-016
PN 0.837E-011
CL 0.290E-005
C3H2 0.158E-013
C4P 0.192E-025
CH3C4H 0.968E-017
CH3C6H 0.177E-012
H2CS 0.294E-017
H2S2 0.400E-022
HC2P 0.807E-024
HCSI 0.531E-011
HCL 0.109E-008
HNSI 0.187E-016
HS2 0.104E-021
N2O 0.318E-021
PH2 0.557E-020
S2 0.335E-018
SIC2H2 0.301E-017
SIC3H 0.385E-016
SIC4 0.746E-014
SIH4 0.646E-029
SIH 0.830E-012
SINC 0.169E-019
SIO 0.782E-013
F 0.158E-006
HE 0.158E+001
HCNO 0.250E-021
HNCO 0.121E-019
HONC 0.823E-027
HNO 0.103E-013
HCOOH 0.932E-024
C11 0.111E-023
C2H5CN 0.958E-028
C3P 0.114E-025
CH2CHCCH 0.165E-013
CH2CHCHCH2 0.682E-024
CH2CHCN 0.189E-022
CH2NH 0.115E-024
CH2PH 0.462E-027
CH3C3N 0.627E-020
CH3C5N 0.673E-022
CH3C7N 0.610E-026
CNO 0.157E-026
H2CN 0.973E-015
H2O2 0.190E-055
HCS 0.286E-015
HF 0.182E-015
HNC3 0.410E-020
HOCN 0.123E-019
NH2CN 0.702E-026
O2H 0.347E-026
OCN 0.109E-013
SIO2 0.722E-024
HCO+ 0.342E-011
H+ 0.683E-006
HOC+ 0.105E-011
C+ 0.912E-002
C10H+ 0.787E-019
C2H4+ 0.292E-013
C2H5+ 0.453E-020
C2H5OH+ 0.413E-032
C2O+ 0.299E-016
C2S+ 0.239E-014
C3O+ 0.112E-022
C3S+ 0.582E-014
C4H3+ 0.183E-018
C4S+ 0.105E-016
C6H6+ 0.170E-007
CCP+ 0.226E-021
CCL+ 0.453E-011
CH2+ 0.478E-008
C3H4+ 0.437E-016
CH2CCH+ 0.118E-014
CH2CN+ 0.112E-018
CH2CO+ 0.208E-017
C3H6+ 0.177E-019
CH3CHO+ 0.560E-024
CH3COCH3+ 0.399E-034
CH3OCH3+ 0.133E-034
CH+ 0.301E-008
CP+ 0.472E-021
CLO+ 0.244E-047
FE+ 0.000E+000
H2CO+ 0.339E-013
H2S+ 0.216E-011
H2SIO+ 0.163E-024
C4H2+ 0.119E-014
COOCH4+ 0.535E-040
HCP+ 0.239E-021
HPO+ 0.239E-017
MG+ 0.000E+000
C2N+ 0.634E-014
CNC+ 0.181E-014
NH3+ 0.485E-012
NO+ 0.788E-014
NS+ 0.130E-014
NA+ 0.000E+000
OCS+ 0.357E-018
P+ 0.233E-006
PH+ 0.356E-015
PO+ 0.701E-016
SO+ 0.494E-013
SI+ 0.277E-003
SIC2+ 0.803E-014
SIC2H+ 0.970E-014
SIC3+ 0.104E-013
SIC+ 0.216E-011
SICH2+ 0.904E-012
SICH3+ 0.660E-022
SIH2+ 0.399E-012
SIH3+ 0.125E-020
SIN+ 0.295E-014
SIS+ 0.696E-017
C2+ 0.230E-009
S+ 0.154E-003
CN+ 0.755E-013
CO+ 0.170E-011
N2+ 0.152E-015
O2+ 0.264E-013
C2H+ 0.754E-010
C2H2+ 0.733E-010
C2H3+ 0.564E-011
C5H2+ 0.945E-017
C6H2+ 0.208E-012
C7H2+ 0.317E-016
C3H3+ 0.447E-015
CO2+ 0.361E-023
HC3N+ 0.549E-018
HCN+ 0.123E-012
C2N2+ 0.187E-017
C3+ 0.199E-012
C5+ 0.752E-013
CH3CH3+ 0.266E-018
PN+ 0.332E-017
H2O+ 0.315E-010
NH2+ 0.232E-011
O+ 0.162E-010
OH+ 0.601E-010
CH3+ 0.387E-008
CH4+ 0.654E-016
CH3OH+ 0.365E-025
N+ 0.271E-009
SO2+ 0.655E-028
CS+ 0.195E-011
CL+ 0.126E-006
C10+ 0.244E-016
C10H2+ 0.135E-021
C3H2+ 0.329E-015
C3H+ 0.375E-013
C4+ 0.287E-012
C4H+ 0.739E-013
C4P+ 0.458E-032
C5H+ 0.133E-013
C6+ 0.264E-010
C6H+ 0.308E-012
C7+ 0.358E-011
C7H+ 0.189E-012
C8+ 0.110E-014
C8H2+ 0.288E-016
C8H+ 0.537E-017
C9+ 0.124E-016
C9H2+ 0.349E-021
C9H+ 0.138E-018
CH3C4H+ 0.170E-018
C7H4+ 0.547E-020
CH3CN+ 0.589E-018
H2CS+ 0.129E-017
H2S2+ 0.352E-028
HC2P+ 0.115E-019
HC5N+ 0.573E-018
HC7N+ 0.844E-017
HC9N+ 0.232E-020
HCSI+ 0.125E-011
HCL+ 0.222E-010
HNSI+ 0.215E-017
HS2+ 0.413E-019
HS+ 0.144E-014
N2O+ 0.104E-011
NH+ 0.228E-011
PH2+ 0.161E-013
S2+ 0.199E-018
SIC2H2+ 0.111E-016
SIC3H+ 0.163E-017
SIC4+ 0.190E-016
SIH4+ 0.819E-036
SIH+ 0.318E-014
SINC+ 0.497E-016
SIO+ 0.676E-013
H2+ 0.541E-008
F+ 0.954E-021
HE+ 0.107E-005
C3N+ 0.262E-017
HCNO+ 0.234E-027
HNCO+ 0.717E-021
HONC+ 0.155E-032
HNO+ 0.454E-015
HCOOH+ 0.211E-025
NO2+ 0.865E-021
CH2CHCNH+ 0.887E-025
HCS+ 0.180E-012
C10H3+ 0.181E-028
C11+ 0.407E-018
C2H5CNH+ 0.757E-029
C2H5OH2+ 0.555E-031
C2H7+ 0.308E-029
C2NH+ 0.118E-014
C3H2O+ 0.294E-023
C3H5+ 0.429E-015
C3H7+ 0.319E-016
C4H4+ 0.851E-023
C4H5+ 0.376E-022
C4H7+ 0.497E-030
C4N+ 0.124E-018
C5H3+ 0.198E-015
C5H5+ 0.412E-019
C5N+ 0.117E-018
C6H3+ 0.328E-018
C6H4+ 0.175E-027
C6H5+ 0.180E-012
C6H7+ 0.260E-014
C7H3+ 0.274E-016
C7H5+ 0.262E-015
C7N+ 0.267E-016
C8H3+ 0.706E-020
C8H4+ 0.253E-022
C8H5+ 0.572E-036
C9H3+ 0.314E-023
C9H4+ 0.142E-026
C9H5+ 0.622E-033
C9N+ 0.733E-020
CF+ 0.110E-016
CH2CHCN+ 0.126E-020
CH2NH2+ 0.843E-036
CH3C3N+ 0.121E-021
CH3C3NH+ 0.335E-022
CH3C5NH+ 0.336E-023
CH3C7NH+ 0.305E-027
CH3CHOH+ 0.682E-026
CH3CNH+ 0.593E-019
CH3CO+ 0.120E-020
CH3COCH4+ 0.224E-032
CH3CS+ 0.179E-021
CH3OCH4+ 0.694E-034
CH3OH2+ 0.147E-022
CH4N+ 0.304E-020
CH5+ 0.233E-012
H2C4N+ 0.272E-021
H2C7N+ 0.904E-020
H2C9N+ 0.244E-023
H2CCL+ 0.997E-018
H2CNO+ 0.822E-025
H2CL+ 0.406E-012
H2F+ 0.904E-022
H2NC+ 0.382E-013
H2NCO+ 0.871E-021
H2NO+ 0.276E-021
H2OCN+ 0.870E-021
H2PO+ 0.148E-024
H3+ 0.384E-007
H3C3O+ 0.149E-023
H3C5N+ 0.538E-024
H3C7N+ 0.668E-021
H3C9N+ 0.344E-029
H3CO+ 0.161E-018
H3CS+ 0.244E-018
H3O+ 0.111E-010
H3S+ 0.110E-020
H3S2+ 0.544E-023
H3SIO+ 0.264E-033
H5C2O2+ 0.130E-038
HC2O+ 0.260E-014
HC2S+ 0.194E-014
HC3NH+ 0.269E-020
HC3O+ 0.105E-019
HC3S+ 0.900E-018
HC4N+ 0.610E-021
HC4S+ 0.214E-020
HC5NH+ 0.397E-019
HCNH+ 0.621E-013
HCNOH+ 0.331E-027
HCO2+ 0.201E-021
HCOOH2+ 0.575E-025
HF+ 0.172E-021
HN2O+ 0.764E-024
HNCOH+ 0.174E-020
HNS+ 0.371E-020
HOCN+ 0.716E-021
HOCS+ 0.116E-024
HPN+ 0.112E-018
HSO+ 0.707E-019
HSO2+ 0.326E-029
HSIO2+ 0.481E-032
HSIS+ 0.152E-020
HEH+ 0.769E-010
N2H+ 0.136E-015
NCCNCH3+ 0.499E-026
NCCNH+ 0.679E-018
NH2CNH+ 0.358E-034
NH4+ 0.230E-016
O2H+ 0.332E-021
OCN+ 0.486E-022
PC2H2+ 0.709E-024
PC2H3+ 0.767E-033
PC2H4+ 0.432E-031
PC3H+ 0.716E-027
PC4H+ 0.319E-026
PCH2+ 0.105E-019
PCH3+ 0.155E-029
PCH4+ 0.735E-028
PH3+ 0.344E-021
PNH2+ 0.618E-023
PNH3+ 0.263E-029
SIC2H3+ 0.742E-019
SIC3H2+ 0.101E-017
SIC4H+ 0.202E-021
SICH4+ 0.121E-021
SIF+ 0.155E-018
SIH5+ 0.407E-029
SINCH+ 0.306E-020
SINH2+ 0.176E-017
SIOH+ 0.194E-013
