C- 0.389E-014
E 0.832E-002
C2- 0.984E-016
C3- 0.842E-014
C4- 0.212E-010
C5- 0.175E-007
C6- 0.747E-010
C7- 0.920E-011
C8- 0.348E-014
C10- 0.134E-014
C2H- 0.698E-019
C3H- 0.141E-016
C3N- 0.380E-013
C4H- 0.220E-013
C5H- 0.302E-010
C6H- 0.124E-007
C7H- 0.859E-013
C8H- 0.222E-015
C9- 0.463E-014
C9H- 0.625E-017
CH- 0.831E-023
O- 0.413E-011
OH- 0.985E-013
S- 0.149E-015
CN- 0.173E-012
H- 0.214E-012
C10H- 0.412E-018
C5N- 0.151E-011
O2- -0.107E-055
C 0.355E-005
C2 0.749E-008
CH2 0.544E-008
C2H2 0.311E-012
CH 0.428E-007
C2H 0.204E-009
CO2 0.365E-015
CO 0.103E-008
H2O 0.623E-010
H2CO 0.775E-014
N 0.981E-003
CN 0.280E-010
NH 0.171E-010
HCN 0.227E-012
O2 0.268E-012
O 0.655E-002
OH 0.834E-009
HCO 0.445E-012
C4 0.716E-010
C3 0.322E-009
C5 0.978E-007
C6 0.571E-010
C7 0.265E-011
C8 0.256E-014
C9 0.133E-014
C10 0.108E-014
C3H 0.798E-010
C4H 0.117E-012
C4N 0.617E-014
C5H 0.802E-010
C6H 0.213E-007
C7H 0.518E-013
C8H 0.332E-015
C9H 0.282E-017
C10H 0.603E-018
CS 0.290E-011
CH3 0.144E-010
CH3CN 0.441E-018
CH3OH 0.790E-023
OCS 0.104E-019
CH4 0.723E-013
H 0.563E-002
H2 0.810E+001
NH2 0.209E-011
NH3 0.503E-015
C10H2 0.282E-020
H2CCC 0.575E-015
HC3N 0.161E-016
HC4H 0.232E-015
C5H2 0.259E-011
HC5N 0.449E-014
C6H2 0.303E-010
C7H2 0.176E-014
C8H2 0.123E-017
C9H2 0.293E-019
HS 0.771E-011
C2N 0.133E-013
C3N 0.984E-012
C5N 0.514E-011
C7N 0.169E-014
HC7N 0.402E-018
C9N 0.421E-018
HC9N 0.412E-022
NO 0.787E-013
NS 0.339E-014
NO2 0.328E-019
SO2 0.382E-022
C2O 0.644E-014
SO 0.551E-016
HNC 0.367E-012
C2H4 0.223E-016
C2H5 0.273E-018
C2H5OH 0.750E-031
C2S 0.206E-012
C3O 0.111E-019
C3S 0.286E-015
C4H3 0.882E-015
C4S 0.521E-019
C6H6 0.154E-011
CCP 0.664E-019
CCL 0.857E-016
CH2CCH2 0.136E-014
CH2CCH 0.823E-014
CH2CN 0.466E-017
CH2CO 0.414E-016
CH3CCH 0.164E-014
CH3CHCH2 0.788E-016
CH3CHO 0.370E-022
CH3COCH3 0.889E-033
CH3OCH3 0.161E-033
CP 0.277E-018
CLO 0.105E-045
FE 0.000E+000
H2S 0.313E-014
H2SIO 0.106E-030
HCOOCH3 0.273E-038
HCP 0.757E-019
HPO 0.158E-022
MG 0.000E+000
NCCN 0.154E-014
NA 0.000E+000
P 0.195E-010
PH 0.119E-012
PO 0.287E-015
SI 0.116E-007
SIC2 0.249E-012
SIC2H 0.404E-016
SIC3 0.176E-015
SIC 0.479E-010
SICH2 0.899E-020
SICH3 0.478E-020
SIH2 0.519E-020
SIH3 0.105E-027
SIN 0.243E-014
SIS 0.254E-019
S 0.308E-007
N2 0.445E-013
C2H3 0.828E-013
CH3CH3 0.103E-016
PN 0.692E-011
CL 0.252E-005
C3H2 0.113E-013
C4P 0.110E-025
CH3C4H 0.828E-017
CH3C6H 0.124E-012
H2CS 0.192E-017
H2S2 0.277E-022
HC2P 0.457E-024
HCSI 0.344E-011
HCL 0.968E-009
HNSI 0.138E-016
HS2 0.717E-022
N2O 0.223E-021
PH2 0.395E-020
S2 0.226E-018
SIC2H2 0.199E-017
SIC3H 0.280E-016
SIC4 0.227E-014
SIH4 0.486E-029
SIH 0.630E-012
SINC 0.109E-019
SIO 0.560E-013
F 0.138E-006
HE 0.138E+001
HCNO 0.181E-021
HNCO 0.790E-020
HONC 0.551E-027
HNO 0.754E-014
HCOOH 0.635E-024
C11 0.313E-024
C2H5CN 0.566E-028
C3P 0.630E-026
CH2CHCCH 0.137E-013
CH2CHCHCH2 0.342E-024
CH2CHCN 0.123E-022
CH2NH 0.739E-025
CH2PH 0.308E-027
CH3C3N 0.438E-020
CH3C5N 0.302E-022
CH3C7N 0.269E-026
CNO 0.108E-026
H2CN 0.609E-015
H2O2 0.498E-056
HCS 0.166E-015
HF 0.100E-015
HNC3 0.264E-020
HOCN 0.806E-020
NH2CN 0.417E-026
O2H 0.184E-026
OCN 0.726E-014
SIO2 0.426E-024
HCO+ 0.284E-011
H+ 0.661E-006
HOC+ 0.852E-012
C+ 0.794E-002
C10H+ 0.438E-019
C2H4+ 0.236E-013
C2H5+ 0.316E-020
C2H5OH+ 0.321E-032
C2O+ 0.205E-016
C2S+ 0.168E-014
C3O+ 0.720E-023
C3S+ 0.431E-014
C4H3+ 0.130E-018
C4S+ 0.631E-017
C6H6+ 0.147E-007
CCP+ 0.140E-021
CCL+ 0.411E-011
CH2+ 0.410E-008
C3H4+ 0.395E-016
CH2CCH+ 0.817E-015
CH2CN+ 0.715E-019
CH2CO+ 0.147E-017
C3H6+ 0.117E-019
CH3CHO+ 0.349E-024
CH3COCH3+ 0.185E-034
CH3OCH3+ 0.831E-035
CH+ 0.259E-008
CP+ 0.293E-021
CLO+ 0.513E-048
FE+ 0.000E+000
H2CO+ 0.275E-013
H2S+ 0.186E-011
H2SIO+ 0.136E-024
C4H2+ 0.876E-015
COOCH4+ 0.264E-040
HCP+ 0.148E-021
HPO+ 0.189E-017
MG+ 0.000E+000
C2N+ 0.461E-014
CNC+ 0.127E-014
NH3+ 0.460E-012
NO+ 0.732E-014
NS+ 0.109E-014
NA+ 0.000E+000
OCS+ 0.257E-018
P+ 0.203E-006
PH+ 0.278E-015
PO+ 0.595E-016
SO+ 0.421E-013
SI+ 0.241E-003
SIC2+ 0.536E-014
SIC2H+ 0.637E-014
SIC3+ 0.772E-014
SIC+ 0.162E-011
SICH2+ 0.661E-012
SICH3+ 0.483E-022
SIH2+ 0.342E-012
SIH3+ 0.106E-020
SIN+ 0.248E-014
SIS+ 0.519E-017
C2+ 0.187E-009
S+ 0.134E-003
CN+ 0.644E-013
CO+ 0.146E-011
N2+ 0.145E-015
O2+ 0.253E-013
C2H+ 0.602E-010
C2H2+ 0.576E-010
C2H3+ 0.387E-011
C5H2+ 0.678E-017
C6H2+ 0.157E-012
C7H2+ 0.236E-016
C3H3+ 0.327E-015
CO2+ 0.224E-023
HC3N+ 0.376E-018
HCN+ 0.105E-012
C2N2+ 0.879E-018
C3+ 0.142E-012
C5+ 0.544E-013
CH3CH3+ 0.199E-018
PN+ 0.305E-017
H2O+ 0.306E-010
NH2+ 0.224E-011
O+ 0.162E-010
OH+ 0.594E-010
CH3+ 0.322E-008
CH4+ 0.544E-016
CH3OH+ 0.266E-025
N+ 0.303E-009
SO2+ 0.451E-028
CS+ 0.146E-011
CL+ 0.111E-006
C10+ 0.155E-016
C10H2+ 0.535E-022
C3H2+ 0.235E-015
C3H+ 0.262E-013
C4+ 0.214E-012
C4H+ 0.558E-013
C4P+ 0.291E-032
C5H+ 0.950E-014
C6+ 0.203E-010
C6H+ 0.234E-012
C7+ 0.279E-011
C7H+ 0.141E-012
C8+ 0.687E-015
C8H2+ 0.199E-016
C8H+ 0.357E-017
C9+ 0.769E-017
C9H2+ 0.157E-021
C9H+ 0.817E-019
CH3C4H+ 0.145E-018
C7H4+ 0.421E-020
CH3CN+ 0.471E-018
H2CS+ 0.942E-018
H2S2+ 0.269E-028
HC2P+ 0.815E-020
HC5N+ 0.404E-018
HC7N+ 0.510E-017
HC9N+ 0.118E-020
HCSI+ 0.930E-012
HCL+ 0.367E-010
HNSI+ 0.182E-017
HS2+ 0.319E-019
HS+ 0.120E-014
N2O+ 0.904E-012
NH+ 0.219E-011
PH2+ 0.143E-013
S2+ 0.153E-018
SIC2H2+ 0.801E-017
SIC3H+ 0.116E-017
SIC4+ 0.115E-016
SIH4+ 0.690E-036
SIH+ 0.265E-014
SINC+ 0.355E-016
SIO+ 0.577E-013
H2+ 0.538E-008
F+ 0.585E-021
HE+ 0.103E-005
C3N+ 0.183E-017
HCNO+ 0.190E-027
HNCO+ 0.543E-021
HONC+ 0.115E-032
HNO+ 0.434E-015
HCOOH+ 0.162E-025
NO2+ 0.683E-021
CH2CHCNH+ 0.616E-025
HCS+ 0.132E-012
C10H3+ 0.729E-029
C11+ 0.224E-018
C2H5CNH+ 0.501E-029
C2H5OH2+ 0.441E-031
C2H7+ 0.218E-029
C2NH+ 0.898E-015
C3H2O+ 0.183E-023
C3H5+ 0.312E-015
C3H7+ 0.243E-016
C4H4+ 0.678E-023
C4H5+ 0.284E-022
C4H7+ 0.253E-030
C4N+ 0.706E-019
C5H3+ 0.162E-015
C5H5+ 0.371E-019
C5N+ 0.831E-019
C6H3+ 0.247E-018
C6H4+ 0.996E-028
C6H5+ 0.155E-012
C6H7+ 0.220E-014
C7H3+ 0.190E-016
C7H5+ 0.215E-015
C7N+ 0.163E-016
C8H3+ 0.432E-020
C8H4+ 0.170E-022
C8H5+ 0.347E-036
C9H3+ 0.198E-023
C9H4+ 0.761E-027
C9H5+ 0.433E-033
C9N+ 0.376E-020
CF+ 0.591E-017
CH2CHCN+ 0.903E-021
CH2NH2+ 0.615E-036
CH3C3N+ 0.866E-022
CH3C3NH+ 0.236E-022
CH3C5NH+ 0.169E-023
CH3C7NH+ 0.151E-027
CH3CHOH+ 0.555E-026
CH3CNH+ 0.462E-019
CH3CO+ 0.769E-021
CH3COCH4+ 0.116E-032
CH3CS+ 0.117E-021
CH3OCH4+ 0.436E-034
CH3OH2+ 0.109E-022
CH4N+ 0.245E-020
CH5+ 0.198E-012
H2C4N+ 0.196E-021
H2C7N+ 0.541E-020
H2C9N+ 0.123E-023
H2CCL+ 0.838E-018
H2CNO+ 0.176E-024
H2CL+ 0.107E-011
H2F+ 0.541E-022
H2NC+ 0.312E-013
H2NCO+ 0.648E-021
H2NO+ 0.227E-021
H2OCN+ 0.648E-021
H2PO+ 0.120E-024
H3+ 0.376E-007
H3C3O+ 0.809E-024
H3C5N+ 0.458E-024
H3C7N+ 0.543E-021
H3C9N+ 0.166E-029
H3CO+ 0.132E-018
H3CS+ 0.180E-018
H3O+ 0.107E-010
H3S+ 0.916E-021
H3S2+ 0.427E-023
H3SIO+ 0.220E-033
H5C2O2+ 0.721E-039
HC2O+ 0.199E-014
HC2S+ 0.134E-014
HC3NH+ 0.184E-020
HC3O+ 0.755E-020
HC3S+ 0.642E-018
HC4N+ 0.444E-021
HC4S+ 0.146E-020
HC5NH+ 0.273E-019
HCNH+ 0.516E-013
HCNOH+ 0.267E-027
HCO2+ 0.162E-021
HCOOH2+ 0.440E-025
HF+ 0.105E-021
HN2O+ 0.599E-024
HNCOH+ 0.130E-020
HNS+ 0.309E-020
HOCN+ 0.542E-021
HOCS+ 0.777E-025
HPN+ 0.104E-018
HSO+ 0.600E-019
HSO2+ 0.226E-029
HSIO2+ 0.313E-032
HSIS+ 0.113E-020
HEH+ 0.764E-010
N2H+ 0.127E-015
NCCNCH3+ 0.194E-026
NCCNH+ 0.313E-018
NH2CNH+ 0.235E-034
NH4+ 0.227E-016
O2H+ 0.271E-021
OCN+ 0.349E-022
PC2H2+ 0.461E-024
PC2H3+ 0.447E-033
PC2H4+ 0.287E-031
PC3H+ 0.447E-027
PC4H+ 0.206E-026
PCH2+ 0.761E-020
PCH3+ 0.103E-029
PCH4+ 0.554E-028
PH3+ 0.277E-021
PNH2+ 0.545E-023
PNH3+ 0.237E-029
SIC2H3+ 0.534E-019
SIC3H2+ 0.796E-018
SIC4H+ 0.694E-022
SICH4+ 0.919E-022
SIF+ 0.849E-019
SIH5+ 0.345E-029
SINCH+ 0.224E-020
SINH2+ 0.147E-017
SIOH+ 0.162E-013
