C- 0.267E-014
E 0.725E-002
C2- 0.663E-016
C3- 0.500E-014
C4- 0.140E-010
C5- 0.126E-007
C6- 0.480E-010
C7- 0.560E-011
C8- 0.184E-014
C10- 0.698E-015
C2H- 0.449E-019
C3H- 0.824E-017
C3N- 0.243E-013
C4H- 0.128E-013
C5H- 0.189E-010
C6H- 0.922E-008
C7H- 0.470E-013
C8H- 0.132E-015
C9- 0.236E-014
C9H- 0.273E-017
CH- 0.474E-023
O- 0.331E-011
OH- 0.708E-013
S- 0.104E-015
CN- 0.112E-012
H- 0.186E-012
C10H- 0.260E-018
C5N- 0.848E-012
O2- -0.865E-057
C 0.275E-005
C2 0.545E-008
CH2 0.400E-008
C2H2 0.219E-012
CH 0.319E-007
C2H 0.146E-009
CO2 0.201E-015
CO 0.672E-009
H2O 0.493E-010
H2CO 0.500E-014
N 0.854E-003
CN 0.179E-010
NH 0.143E-010
HCN 0.160E-012
O2 0.195E-012
O 0.570E-002
OH 0.708E-009
HCO 0.281E-012
C4 0.490E-010
C3 0.241E-009
C5 0.755E-007
C6 0.387E-010
C7 0.171E-011
C8 0.143E-014
C9 0.720E-015
C10 0.594E-015
C3H 0.592E-010
C4H 0.708E-013
C4N 0.319E-014
C5H 0.514E-010
C6H 0.165E-007
C7H 0.296E-013
C8H 0.202E-015
C9H 0.126E-017
C10H 0.348E-018
CS 0.187E-011
CH3 0.106E-010
CH3CN 0.309E-018
CH3OH 0.512E-023
OCS 0.526E-020
CH4 0.540E-013
H 0.492E-002
H2 0.706E+001
NH2 0.175E-011
NH3 0.443E-015
C10H2 0.133E-020
H2CCC 0.401E-015
HC3N 0.903E-017
HC4H 0.162E-015
C5H2 0.160E-011
HC5N 0.224E-014
C6H2 0.201E-010
C7H2 0.117E-014
C8H2 0.645E-018
C9H2 0.112E-019
HS 0.589E-011
C2N 0.877E-014
C3N 0.614E-012
C5N 0.319E-011
C7N 0.889E-015
HC7N 0.200E-018
C9N 0.186E-018
HC9N 0.169E-022
NO 0.579E-013
NS 0.229E-014
NO2 0.208E-019
SO2 0.204E-022
C2O 0.442E-014
SO 0.279E-016
HNC 0.262E-012
C2H4 0.161E-016
C2H5 0.205E-018
C2H5OH 0.597E-031
C2S 0.135E-012
C3O 0.712E-020
C3S 0.157E-015
C4H3 0.636E-015
C4S 0.317E-019
C6H6 0.127E-011
CCP 0.399E-019
CCL 0.601E-016
CH2CCH2 0.112E-014
CH2CCH 0.656E-014
CH2CN 0.307E-017
CH2CO 0.262E-016
CH3CCH 0.130E-014
CH3CHCH2 0.558E-016
CH3CHO 0.252E-022
CH3COCH3 0.537E-033
CH3OCH3 0.902E-034
CP 0.171E-018
CLO 0.208E-046
FE 0.000E+000
H2S 0.241E-014
H2SIO 0.707E-031
HCOOCH3 0.134E-038
HCP 0.485E-019
HPO 0.102E-022
MG 0.000E+000
NCCN 0.613E-015
NA 0.000E+000
P 0.151E-010
PH 0.946E-013
PO 0.200E-015
SI 0.890E-008
SIC2 0.158E-012
SIC2H 0.261E-016
SIC3 0.991E-016
SIC 0.336E-010
SICH2 0.515E-020
SICH3 0.326E-020
SIH2 0.390E-020
SIH3 0.796E-028
SIN 0.150E-014
SIS 0.179E-019
S 0.236E-007
N2 0.259E-013
C2H3 0.600E-013
CH3CH3 0.742E-017
PN 0.570E-011
CL 0.219E-005
C3H2 0.822E-014
C4P 0.627E-026
CH3C4H 0.710E-017
CH3C6H 0.870E-013
H2CS 0.124E-017
H2S2 0.191E-022
HC2P 0.303E-024
HCSI 0.222E-011
HCL 0.776E-009
HNSI 0.102E-016
HS2 0.494E-022
N2O 0.157E-021
PH2 0.280E-020
S2 0.152E-018
SIC2H2 0.133E-017
SIC3H 0.205E-016
SIC4 0.638E-015
SIH4 0.364E-029
SIH 0.477E-012
SINC 0.702E-020
SIO 0.402E-013
F 0.120E-006
HE 0.120E+001
HCNO 0.126E-021
HNCO 0.517E-020
HONC 0.385E-027
HNO 0.550E-014
HCOOH 0.433E-024
C11 0.145E-024
C2H5CN 0.334E-028
C3P 0.349E-026
CH2CHCCH 0.113E-013
CH2CHCHCH2 0.191E-024
CH2CHCN 0.790E-023
CH2NH 0.387E-025
CH2PH 0.205E-027
CH3C3N 0.306E-020
CH3C5N 0.133E-022
CH3C7N 0.118E-026
CNO 0.771E-027
H2CN 0.379E-015
H2O2 0.127E-056
HCS 0.966E-016
HF 0.613E-016
HNC3 0.170E-020
HOCN 0.528E-020
NH2CN 0.244E-026
O2H 0.964E-027
OCN 0.483E-014
SIO2 0.253E-024
HCO+ 0.234E-011
H+ 0.641E-006
HOC+ 0.692E-012
C+ 0.692E-002
C10H+ 0.273E-019
C2H4+ 0.191E-013
C2H5+ 0.252E-020
C2H5OH+ 0.284E-032
C2O+ 0.140E-016
C2S+ 0.118E-014
C3O+ 0.466E-023
C3S+ 0.319E-014
C4H3+ 0.923E-019
C4S+ 0.383E-017
C6H6+ 0.128E-007
CCP+ 0.855E-022
CCL+ 0.338E-011
CH2+ 0.351E-008
C3H4+ 0.359E-016
CH2CCH+ 0.569E-015
CH2CN+ 0.452E-019
CH2CO+ 0.104E-017
C3H6+ 0.811E-020
CH3CHO+ 0.265E-024
CH3COCH3+ 0.118E-034
CH3OCH3+ 0.518E-035
CH+ 0.222E-008
CP+ 0.179E-021
CLO+ 0.101E-048
FE+ 0.000E+000
H2CO+ 0.223E-013
H2S+ 0.161E-011
H2SIO+ 0.113E-024
C4H2+ 0.646E-015
COOCH4+ 0.129E-040
HCP+ 0.900E-022
HPO+ 0.150E-017
MG+ 0.000E+000
C2N+ 0.336E-014
CNC+ 0.893E-015
NH3+ 0.435E-012
NO+ 0.683E-014
NS+ 0.916E-015
NA+ 0.000E+000
OCS+ 0.184E-018
P+ 0.177E-006
PH+ 0.216E-015
PO+ 0.503E-016
SO+ 0.359E-013
SI+ 0.210E-003
SIC2+ 0.358E-014
SIC2H+ 0.418E-014
SIC3+ 0.572E-014
SIC+ 0.121E-011
SICH2+ 0.481E-012
SICH3+ 0.352E-022
SIH2+ 0.292E-012
SIH3+ 0.899E-021
SIN+ 0.208E-014
SIS+ 0.387E-017
C2+ 0.153E-009
S+ 0.117E-003
CN+ 0.546E-013
CO+ 0.125E-011
N2+ 0.139E-015
O2+ 0.242E-013
C2H+ 0.482E-010
C2H2+ 0.453E-010
C2H3+ 0.284E-011
C5H2+ 0.482E-017
C6H2+ 0.118E-012
C7H2+ 0.176E-016
C3H3+ 0.241E-015
CO2+ 0.135E-023
HC3N+ 0.256E-018
HCN+ 0.887E-013
C2N2+ 0.398E-018
C3+ 0.101E-012
C5+ 0.397E-013
CH3CH3+ 0.161E-018
PN+ 0.280E-017
H2O+ 0.298E-010
NH2+ 0.215E-011
O+ 0.162E-010
OH+ 0.586E-010
CH3+ 0.267E-008
CH4+ 0.449E-016
CH3OH+ 0.194E-025
N+ 0.338E-009
SO2+ 0.274E-028
CS+ 0.109E-011
CL+ 0.105E-006
C10+ 0.967E-017
C10H2+ 0.286E-022
C3H2+ 0.168E-015
C3H+ 0.183E-013
C4+ 0.160E-012
C4H+ 0.423E-013
C4P+ 0.186E-032
C5H+ 0.688E-014
C6+ 0.155E-010
C6H+ 0.176E-012
C7+ 0.217E-011
C7H+ 0.105E-012
C8+ 0.431E-015
C8H2+ 0.138E-016
C8H+ 0.240E-017
C9+ 0.470E-017
C9H2+ 0.695E-022
C9H+ 0.479E-019
CH3C4H+ 0.123E-018
C7H4+ 0.326E-020
CH3CN+ 0.377E-018
H2CS+ 0.682E-018
H2S2+ 0.206E-028
HC2P+ 0.564E-020
HC5N+ 0.284E-018
HC7N+ 0.308E-017
HC9N+ 0.588E-021
HCSI+ 0.689E-012
HCL+ 0.450E-010
HNSI+ 0.155E-017
HS2+ 0.245E-019
HS+ 0.100E-014
N2O+ 0.787E-012
NH+ 0.210E-011
PH2+ 0.127E-013
S2+ 0.118E-018
SIC2H2+ 0.581E-017
SIC3H+ 0.843E-018
SIC4+ 0.698E-017
SIH4+ 0.578E-036
SIH+ 0.220E-014
SINC+ 0.253E-016
SIO+ 0.492E-013
H2+ 0.536E-008
F+ 0.397E-021
HE+ 0.981E-006
C3N+ 0.127E-017
HCNO+ 0.147E-027
HNCO+ 0.410E-021
HONC+ 0.889E-033
HNO+ 0.414E-015
HCOOH+ 0.125E-025
NO2+ 0.546E-021
CH2CHCNH+ 0.429E-025
HCS+ 0.965E-013
C10H3+ 0.371E-029
C11+ 0.122E-018
C2H5CNH+ 0.331E-029
C2H5OH2+ 0.377E-031
C2H7+ 0.168E-029
C2NH+ 0.690E-015
C3H2O+ 0.114E-023
C3H5+ 0.227E-015
C3H7+ 0.185E-016
C4H4+ 0.539E-023
C4H5+ 0.215E-022
C4H7+ 0.150E-030
C4N+ 0.396E-019
C5H3+ 0.132E-015
C5H5+ 0.333E-019
C5N+ 0.597E-019
C6H3+ 0.185E-018
C6H4+ 0.574E-028
C6H5+ 0.133E-012
C6H7+ 0.186E-014
C7H3+ 0.132E-016
C7H5+ 0.176E-015
C7N+ 0.996E-017
C8H3+ 0.283E-020
C8H4+ 0.117E-022
C8H5+ 0.212E-036
C9H3+ 0.125E-023
C9H4+ 0.440E-027
C9H5+ 0.303E-033
C9N+ 0.190E-020
CF+ 0.353E-017
CH2CHCN+ 0.646E-021
CH2NH2+ 0.370E-036
CH3C3N+ 0.621E-022
CH3C3NH+ 0.167E-022
CH3C5NH+ 0.832E-024
CH3C7NH+ 0.742E-028
CH3CHOH+ 0.443E-026
CH3CNH+ 0.360E-019
CH3CO+ 0.493E-021
CH3COCH4+ 0.748E-033
CH3CS+ 0.819E-022
CH3OCH4+ 0.273E-034
CH3OH2+ 0.805E-023
CH4N+ 0.196E-020
CH5+ 0.167E-012
H2C4N+ 0.142E-021
H2C7N+ 0.325E-020
H2C9N+ 0.607E-024
H2CCL+ 0.635E-018
H2CNO+ 0.197E-024
H2CL+ 0.145E-011
H2F+ 0.358E-022
H2NC+ 0.255E-013
H2NCO+ 0.481E-021
H2NO+ 0.186E-021
H2OCN+ 0.480E-021
H2PO+ 0.971E-025
H3+ 0.367E-007
H3C3O+ 0.475E-024
H3C5N+ 0.390E-024
H3C7N+ 0.440E-021
H3C9N+ 0.796E-030
H3CO+ 0.107E-018
H3CS+ 0.132E-018
H3O+ 0.102E-010
H3S+ 0.764E-021
H3S2+ 0.334E-023
H3SIO+ 0.183E-033
H5C2O2+ 0.396E-039
HC2O+ 0.153E-014
HC2S+ 0.924E-015
HC3NH+ 0.126E-020
HC3O+ 0.548E-020
HC3S+ 0.466E-018
HC4N+ 0.325E-021
HC4S+ 0.100E-020
HC5NH+ 0.187E-019
HCNH+ 0.427E-013
HCNOH+ 0.206E-027
HCO2+ 0.130E-021
HCOOH2+ 0.337E-025
HF+ 0.703E-022
HN2O+ 0.471E-024
HNCOH+ 0.961E-021
HNS+ 0.257E-020
HOCN+ 0.409E-021
HOCS+ 0.401E-025
HPN+ 0.962E-019
HSO+ 0.508E-019
HSO2+ 0.139E-029
HSIO2+ 0.205E-032
HSIS+ 0.836E-021
HEH+ 0.760E-010
N2H+ 0.118E-015
NCCNCH3+ 0.722E-027
NCCNH+ 0.139E-018
NH2CNH+ 0.152E-034
NH4+ 0.224E-016
O2H+ 0.221E-021
OCN+ 0.250E-022
PC2H2+ 0.326E-024
PC2H3+ 0.283E-033
PC2H4+ 0.207E-031
PC3H+ 0.280E-027
PC4H+ 0.133E-026
PCH2+ 0.552E-020
PCH3+ 0.675E-030
PCH4+ 0.416E-028
PH3+ 0.223E-021
PNH2+ 0.480E-023
PNH3+ 0.213E-029
SIC2H3+ 0.388E-019
SIC3H2+ 0.634E-018
SIC4H+ 0.219E-022
SICH4+ 0.693E-022
SIF+ 0.515E-019
SIH5+ 0.292E-029
SINCH+ 0.163E-020
SINH2+ 0.122E-017
SIOH+ 0.135E-013
