C- 0.184E-014
E 0.631E-002
C2- 0.446E-016
C3- 0.293E-014
C4- 0.916E-011
C5- 0.893E-008
C6- 0.307E-010
C7- 0.340E-011
C8- 0.967E-015
C10- 0.356E-015
C2H- 0.289E-019
C3H- 0.485E-017
C3N- 0.154E-013
C4H- 0.738E-014
C5H- 0.117E-010
C6H- 0.683E-008
C7H- 0.255E-013
C8H- 0.784E-016
C9- 0.118E-014
C9H- 0.117E-017
CH- 0.270E-023
O- 0.264E-011
OH- 0.505E-013
S- 0.715E-016
CN- 0.715E-013
H- 0.161E-012
C10H- 0.116E-018
C5N- 0.470E-012
O2- -0.992E-058
C 0.214E-005
C2 0.396E-008
CH2 0.225E-008
C2H2 0.152E-012
CH 0.231E-007
C2H 0.104E-009
CO2 0.107E-015
CO 0.438E-009
H2O 0.391E-010
H2CO 0.317E-014
N 0.744E-003
CN 0.112E-010
NH 0.119E-010
HCN 0.102E-012
O2 0.141E-012
O 0.497E-002
OH 0.600E-009
HCO 0.169E-012
C4 0.335E-010
C3 0.180E-009
C5 0.580E-007
C6 0.262E-010
C7 0.111E-011
C8 0.791E-015
C9 0.385E-015
C10 0.322E-015
C3H 0.439E-010
C4H 0.432E-013
C4N 0.164E-014
C5H 0.327E-010
C6H 0.127E-007
C7H 0.168E-013
C8H 0.123E-015
C9H 0.553E-018
C10H 0.157E-018
CS 0.120E-011
CH3 0.769E-011
CH3CN 0.214E-018
CH3OH 0.328E-023
OCS 0.256E-020
CH4 0.397E-013
H 0.429E-002
H2 0.615E+001
NH2 0.146E-011
NH3 0.389E-015
C10H2 0.518E-021
H2CCC 0.285E-015
HC3N 0.502E-017
HC4H 0.114E-015
C5H2 0.978E-012
HC5N 0.110E-014
C6H2 0.133E-010
C7H2 0.790E-015
C8H2 0.340E-018
C9H2 0.421E-020
HS 0.449E-011
C2N 0.578E-014
C3N 0.380E-012
C5N 0.195E-011
C7N 0.467E-015
HC7N 0.995E-019
C9N 0.810E-019
HC9N 0.681E-023
NO 0.425E-013
NS 0.155E-014
NO2 0.131E-019
SO2 0.952E-023
C2O 0.303E-014
SO 0.108E-016
HNC 0.173E-012
C2H4 0.123E-016
C2H5 0.172E-018
C2H5OH 0.515E-031
C2S 0.882E-013
C3O 0.459E-020
C3S 0.873E-016
C4H3 0.457E-015
C4S 0.194E-019
C6H6 0.105E-011
CCP 0.234E-019
CCL 0.413E-016
CH2CCH2 0.925E-015
CH2CCH 0.525E-014
CH2CN 0.202E-017
CH2CO 0.165E-016
CH3CCH 0.104E-014
CH3CHCH2 0.409E-016
CH3CHO 0.200E-022
CH3COCH3 0.402E-033
CH3OCH3 0.492E-034
CP 0.104E-018
CLO 0.381E-047
FE 0.000E+000
H2S 0.186E-014
H2SIO 0.469E-031
HCOOCH3 0.638E-039
HCP 0.307E-019
HPO 0.664E-023
MG 0.000E+000
NCCN 0.235E-015
NA 0.000E+000
P 0.117E-010
PH 0.750E-013
PO 0.139E-015
SI 0.686E-008
SIC2 0.100E-012
SIC2H 0.168E-016
SIC3 0.569E-016
SIC 0.232E-010
SICH2 0.292E-020
SICH3 0.220E-020
SIH2 0.291E-020
SIH3 0.602E-028
SIN 0.921E-015
SIS 0.126E-019
S 0.182E-007
N2 0.177E-013
C2H3 0.433E-013
CH3CH3 0.566E-017
PN 0.467E-011
CL 0.190E-005
C3H2 0.606E-014
C4P 0.360E-026
CH3C4H 0.609E-017
CH3C6H 0.614E-013
H2CS 0.799E-018
H2S2 0.132E-022
HC2P 0.229E-024
HCSI 0.139E-011
HCL 0.562E-009
HNSI 0.756E-017
HS2 0.340E-022
N2O 0.110E-021
PH2 0.199E-020
S2 0.102E-018
SIC2H2 0.893E-018
SIC3H 0.151E-016
SIC4 0.164E-015
SIH4 0.272E-029
SIH 0.362E-012
SINC 0.428E-020
SIO 0.289E-013
F 0.105E-006
HE 0.105E+001
HCNO 0.816E-022
HNCO 0.337E-020
HONC 0.275E-027
HNO 0.399E-014
HCOOH 0.294E-024
C11 0.507E-025
C2H5CN 0.192E-028
C3P 0.193E-026
CH2CHCCH 0.933E-014
CH2CHCHCH2 0.112E-024
CH2CHCN 0.508E-023
CH2NH 0.165E-025
CH2PH 0.135E-027
CH3C3N 0.214E-020
CH3C5N 0.568E-023
CH3C7N 0.510E-027
CNO 0.565E-027
H2CN 0.234E-015
H2O2 0.316E-057
HCS 0.538E-016
HF 0.416E-016
HNC3 0.109E-020
HOCN 0.345E-020
NH2CN 0.141E-026
O2H 0.501E-027
OCN 0.320E-014
SIO2 0.151E-024
HCO+ 0.191E-011
H+ 0.624E-006
HOC+ 0.559E-012
C+ 0.603E-002
C10H+ 0.159E-019
C2H4+ 0.154E-013
C2H5+ 0.226E-020
C2H5OH+ 0.277E-032
C2O+ 0.962E-017
C2S+ 0.830E-015
C3O+ 0.303E-023
C3S+ 0.237E-014
C4H3+ 0.657E-019
C4S+ 0.233E-017
C6H6+ 0.111E-007
CCP+ 0.511E-022
CCL+ 0.253E-011
CH2+ 0.297E-008
C3H4+ 0.326E-016
CH2CCH+ 0.396E-015
CH2CN+ 0.280E-019
CH2CO+ 0.733E-018
C3H6+ 0.588E-020
CH3CHO+ 0.235E-024
CH3COCH3+ 0.961E-035
CH3OCH3+ 0.315E-035
CH+ 0.185E-008
CP+ 0.108E-021
CLO+ 0.186E-049
FE+ 0.000E+000
H2CO+ 0.177E-013
H2S+ 0.139E-011
H2SIO+ 0.934E-025
C4H2+ 0.479E-015
COOCH4+ 0.619E-041
HCP+ 0.542E-022
HPO+ 0.119E-017
MG+ 0.000E+000
C2N+ 0.231E-014
CNC+ 0.563E-015
NH3+ 0.409E-012
NO+ 0.639E-014
NS+ 0.764E-015
NA+ 0.000E+000
OCS+ 0.128E-018
P+ 0.154E-006
PH+ 0.169E-015
PO+ 0.425E-016
SO+ 0.304E-013
SI+ 0.183E-003
SIC2+ 0.237E-014
SIC2H+ 0.273E-014
SIC3+ 0.425E-014
SIC+ 0.880E-012
SICH2+ 0.336E-012
SICH3+ 0.252E-022
SIH2+ 0.250E-012
SIH3+ 0.759E-021
SIN+ 0.173E-014
SIS+ 0.288E-017
C2+ 0.124E-009
S+ 0.102E-003
CN+ 0.455E-013
CO+ 0.107E-011
N2+ 0.131E-015
O2+ 0.231E-013
C2H+ 0.384E-010
C2H2+ 0.354E-010
C2H3+ 0.220E-011
C5H2+ 0.340E-017
C6H2+ 0.887E-013
C7H2+ 0.131E-016
C3H3+ 0.177E-015
CO2+ 0.784E-024
HC3N+ 0.172E-018
HCN+ 0.739E-013
C2N2+ 0.174E-018
C3+ 0.720E-013
C5+ 0.293E-013
CH3CH3+ 0.139E-018
PN+ 0.256E-017
H2O+ 0.290E-010
NH2+ 0.206E-011
O+ 0.162E-010
OH+ 0.578E-010
CH3+ 0.218E-008
CH4+ 0.364E-016
CH3OH+ 0.139E-025
N+ 0.375E-009
SO2+ 0.147E-028
CS+ 0.792E-012
CL+ 0.103E-006
C10+ 0.594E-017
C10H2+ 0.127E-022
C3H2+ 0.120E-015
C3H+ 0.128E-013
C4+ 0.120E-012
C4H+ 0.322E-013
C4P+ 0.119E-032
C5H+ 0.503E-014
C6+ 0.117E-010
C6H+ 0.133E-012
C7+ 0.168E-011
C7H+ 0.788E-013
C8+ 0.271E-015
C8H2+ 0.963E-017
C8H+ 0.163E-017
C9+ 0.284E-017
C9H2+ 0.303E-022
C9H+ 0.279E-019
CH3C4H+ 0.105E-018
C7H4+ 0.255E-020
CH3CN+ 0.299E-018
H2CS+ 0.487E-018
H2S2+ 0.158E-028
HC2P+ 0.382E-020
HC5N+ 0.197E-018
HC7N+ 0.187E-017
HC9N+ 0.288E-021
HCSI+ 0.491E-012
HCL+ 0.428E-010
HNSI+ 0.131E-017
HS2+ 0.189E-019
HS+ 0.835E-015
N2O+ 0.686E-012
NH+ 0.200E-011
PH2+ 0.114E-013
S2+ 0.910E-019
SIC2H2+ 0.419E-017
SIC3H+ 0.620E-018
SIC4+ 0.428E-017
SIH4+ 0.483E-036
SIH+ 0.183E-014
SINC+ 0.168E-016
SIO+ 0.417E-013
H2+ 0.533E-008
F+ 0.298E-021
HE+ 0.936E-006
C3N+ 0.869E-018
HCNO+ 0.106E-027
HNCO+ 0.308E-021
HONC+ 0.709E-033
HNO+ 0.394E-015
HCOOH+ 0.957E-026
NO2+ 0.442E-021
CH2CHCNH+ 0.299E-025
HCS+ 0.686E-013
C10H3+ 0.164E-029
C11+ 0.656E-019
C2H5CNH+ 0.213E-029
C2H5OH2+ 0.338E-031
C2H7+ 0.138E-029
C2NH+ 0.529E-015
C3H2O+ 0.703E-024
C3H5+ 0.165E-015
C3H7+ 0.140E-016
C4H4+ 0.426E-023
C4H5+ 0.161E-022
C4H7+ 0.999E-031
C4N+ 0.220E-019
C5H3+ 0.107E-015
C5H5+ 0.298E-019
C5N+ 0.433E-019
C6H3+ 0.138E-018
C6H4+ 0.333E-028
C6H5+ 0.115E-012
C6H7+ 0.157E-014
C7H3+ 0.922E-017
C7H5+ 0.144E-015
C7N+ 0.610E-017
C8H3+ 0.194E-020
C8H4+ 0.813E-023
C8H5+ 0.130E-036
C9H3+ 0.786E-024
C9H4+ 0.268E-027
C9H5+ 0.212E-033
C9N+ 0.940E-021
CF+ 0.235E-017
CH2CHCN+ 0.462E-021
CH2NH2+ 0.183E-036
CH3C3N+ 0.447E-022
CH3C3NH+ 0.119E-022
CH3C5NH+ 0.399E-024
CH3C7NH+ 0.360E-028
CH3CHOH+ 0.348E-026
CH3CNH+ 0.279E-019
CH3CO+ 0.310E-021
CH3COCH4+ 0.565E-033
CH3CS+ 0.606E-022
CH3OCH4+ 0.166E-034
CH3OH2+ 0.586E-023
CH4N+ 0.153E-020
CH5+ 0.139E-012
H2C4N+ 0.103E-021
H2C7N+ 0.195E-020
H2C9N+ 0.295E-024
H2CCL+ 0.428E-018
H2CNO+ 0.141E-024
H2CL+ 0.122E-011
H2F+ 0.263E-022
H2NC+ 0.204E-013
H2NCO+ 0.355E-021
H2NO+ 0.151E-021
H2OCN+ 0.355E-021
H2PO+ 0.787E-025
H3+ 0.358E-007
H3C3O+ 0.295E-024
H3C5N+ 0.332E-024
H3C7N+ 0.356E-021
H3C9N+ 0.380E-030
H3CO+ 0.855E-019
H3CS+ 0.953E-019
H3O+ 0.976E-011
H3S+ 0.637E-021
H3S2+ 0.262E-023
H3SIO+ 0.152E-033
H5C2O2+ 0.210E-039
HC2O+ 0.118E-014
HC2S+ 0.639E-015
HC3NH+ 0.871E-021
HC3O+ 0.399E-020
HC3S+ 0.343E-018
HC4N+ 0.238E-021
HC4S+ 0.692E-021
HC5NH+ 0.127E-019
HCNH+ 0.348E-013
HCNOH+ 0.150E-027
HCO2+ 0.102E-021
HCOOH2+ 0.255E-025
HF+ 0.523E-022
HN2O+ 0.370E-024
HNCOH+ 0.710E-021
HNS+ 0.212E-020
HOCN+ 0.308E-021
HOCS+ 0.157E-025
HPN+ 0.884E-019
HSO+ 0.428E-019
HSO2+ 0.752E-030
HSIO2+ 0.135E-032
HSIS+ 0.621E-021
HEH+ 0.756E-010
N2H+ 0.109E-015
NCCNCH3+ 0.255E-027
NCCNH+ 0.597E-019
NH2CNH+ 0.973E-035
NH4+ 0.220E-016
O2H+ 0.180E-021
OCN+ 0.177E-022
PC2H2+ 0.246E-024
PC2H3+ 0.191E-033
PC2H4+ 0.160E-031
PC3H+ 0.175E-027
PC4H+ 0.864E-027
PCH2+ 0.394E-020
PCH3+ 0.436E-030
PCH4+ 0.307E-028
PH3+ 0.179E-021
PNH2+ 0.421E-023
PNH3+ 0.191E-029
SIC2H3+ 0.284E-019
SIC3H2+ 0.508E-018
SIC4H+ 0.639E-023
SICH4+ 0.514E-022
SIF+ 0.347E-019
SIH5+ 0.246E-029
SINCH+ 0.107E-020
SINH2+ 0.102E-017
SIOH+ 0.112E-013
