C- 0.127E-014
E 0.550E-002
C2- 0.299E-016
C3- 0.170E-014
C4- 0.592E-011
C5- 0.629E-008
C6- 0.195E-010
C7- 0.206E-011
C8- 0.505E-015
C10- 0.179E-015
C2H- 0.187E-019
C3H- 0.289E-017
C3N- 0.969E-014
C4H- 0.421E-014
C5H- 0.725E-011
C6H- 0.503E-008
C7H- 0.139E-013
C8H- 0.468E-016
C9- 0.584E-015
C9H- 0.490E-018
CH- 0.154E-023
O- 0.210E-011
OH- 0.358E-013
S- 0.493E-016
CN- 0.452E-013
H- 0.140E-012
C10H- 0.512E-019
C5N- 0.258E-012
O2- 0.414E-054
C 0.167E-005
C2 0.288E-008
CH2 0.213E-008
C2H2 0.109E-012
CH 0.176E-007
C2H 0.754E-010
CO2 0.592E-016
CO 0.289E-009
H2O 0.314E-010
H2CO 0.206E-014
N 0.648E-003
CN 0.720E-011
NH 0.985E-011
HCN 0.802E-013
O2 0.103E-012
O 0.433E-002
OH 0.511E-009
HCO 0.110E-012
C4 0.229E-010
C3 0.134E-009
C5 0.442E-007
C6 0.176E-010
C7 0.720E-012
C8 0.438E-015
C9 0.203E-015
C10 0.172E-015
C3H 0.327E-010
C4H 0.266E-013
C4N 0.841E-015
C5H 0.206E-010
C6H 0.978E-008
C7H 0.963E-014
C8H 0.759E-016
C9H 0.239E-018
C10H 0.698E-019
CS 0.774E-012
CH3 0.568E-011
CH3CN 0.151E-018
CH3OH 0.218E-023
OCS 0.135E-020
CH4 0.297E-013
H 0.375E-002
H2 0.535E+001
NH2 0.121E-011
NH3 0.341E-015
C10H2 0.198E-021
H2CCC 0.208E-015
HC3N 0.276E-017
HC4H 0.801E-016
C5H2 0.595E-012
HC5N 0.538E-015
C6H2 0.872E-011
C7H2 0.541E-015
C8H2 0.180E-018
C9H2 0.155E-020
HS 0.343E-011
C2N 0.385E-014
C3N 0.233E-012
C5N 0.119E-011
C7N 0.246E-015
HC7N 0.499E-019
C9N 0.347E-019
HC9N 0.271E-023
NO 0.314E-013
NS 0.104E-014
NO2 0.822E-020
SO2 0.507E-023
C2O 0.209E-014
SO 0.545E-017
HNC 0.133E-012
C2H4 0.877E-017
C2H5 0.127E-018
C2H5OH 0.400E-031
C2S 0.578E-013
C3O 0.298E-020
C3S 0.491E-016
C4H3 0.328E-015
C4S 0.120E-019
C6H6 0.865E-012
CCP 0.142E-019
CCL 0.286E-016
CH2CCH2 0.761E-015
CH2CCH 0.423E-014
CH2CN 0.134E-017
CH2CO 0.105E-016
CH3CCH 0.837E-015
CH3CHCH2 0.288E-016
CH3CHO 0.132E-022
CH3COCH3 0.232E-033
CH3OCH3 0.283E-034
CP 0.641E-019
CLO 0.656E-048
FE 0.000E+000
H2S 0.143E-014
H2SIO 0.309E-031
HCOOCH3 0.316E-039
HCP 0.197E-019
HPO 0.434E-023
MG 0.000E+000
NCCN 0.870E-016
NA 0.000E+000
P 0.910E-011
PH 0.595E-013
PO 0.970E-016
SI 0.529E-008
SIC2 0.641E-013
SIC2H 0.108E-016
SIC3 0.335E-016
SIC 0.162E-010
SICH2 0.168E-020
SICH3 0.148E-020
SIH2 0.217E-020
SIH3 0.454E-028
SIN 0.564E-015
SIS 0.884E-020
S 0.140E-007
N2 0.129E-013
C2H3 0.316E-013
CH3CH3 0.405E-017
PN 0.381E-011
CL 0.164E-005
C3H2 0.454E-014
C4P 0.208E-026
CH3C4H 0.519E-017
CH3C6H 0.435E-013
H2CS 0.516E-018
H2S2 0.914E-023
HC2P 0.148E-024
HCSI 0.915E-012
HCL 0.453E-009
HNSI 0.559E-017
HS2 0.234E-022
N2O 0.785E-022
PH2 0.141E-020
S2 0.692E-019
SIC2H2 0.605E-018
SIC3H 0.111E-016
SIC4 0.388E-016
SIH4 0.203E-029
SIH 0.275E-012
SINC 0.276E-020
SIO 0.209E-013
F 0.911E-007
HE 0.911E+000
HCNO 0.580E-022
HNCO 0.219E-020
HONC 0.194E-027
HNO 0.288E-014
HCOOH 0.204E-024
C11 0.175E-025
C2H5CN 0.115E-028
C3P 0.108E-026
CH2CHCCH 0.769E-014
CH2CHCHCH2 0.629E-025
CH2CHCN 0.329E-023
CH2NH 0.853E-026
CH2PH 0.890E-028
CH3C3N 0.150E-020
CH3C5N 0.245E-023
CH3C7N 0.225E-027
CNO 0.408E-027
H2CN 0.145E-015
H2O2 0.836E-058
HCS 0.329E-016
HF 0.305E-016
HNC3 0.706E-021
HOCN 0.225E-020
NH2CN 0.820E-027
O2H 0.271E-027
OCN 0.212E-014
SIO2 0.912E-025
HCO+ 0.160E-011
H+ 0.610E-006
HOC+ 0.459E-012
C+ 0.525E-002
C10H+ 0.914E-020
C2H4+ 0.126E-013
C2H5+ 0.178E-020
C2H5OH+ 0.240E-032
C2O+ 0.663E-017
C2S+ 0.589E-015
C3O+ 0.198E-023
C3S+ 0.177E-014
C4H3+ 0.466E-019
C4S+ 0.144E-017
C6H6+ 0.962E-008
CCP+ 0.314E-022
CCL+ 0.211E-011
CH2+ 0.256E-008
C3H4+ 0.298E-016
CH2CCH+ 0.279E-015
CH2CN+ 0.180E-019
CH2CO+ 0.520E-018
C3H6+ 0.406E-020
CH3CHO+ 0.172E-024
CH3COCH3+ 0.587E-035
CH3OCH3+ 0.202E-035
CH+ 0.162E-008
CP+ 0.667E-022
CLO+ 0.321E-050
FE+ 0.000E+000
H2CO+ 0.144E-013
H2S+ 0.119E-011
H2SIO+ 0.771E-025
C4H2+ 0.356E-015
COOCH4+ 0.306E-041
HCP+ 0.333E-022
HPO+ 0.958E-018
MG+ 0.000E+000
C2N+ 0.179E-014
CNC+ 0.443E-015
NH3+ 0.382E-012
NO+ 0.603E-014
NS+ 0.634E-015
NA+ 0.000E+000
OCS+ 0.936E-019
P+ 0.134E-006
PH+ 0.131E-015
PO+ 0.361E-016
SO+ 0.259E-013
SI+ 0.159E-003
SIC2+ 0.162E-014
SIC2H+ 0.182E-014
SIC3+ 0.316E-014
SIC+ 0.672E-012
SICH2+ 0.254E-012
SICH3+ 0.185E-022
SIH2+ 0.214E-012
SIH3+ 0.638E-021
SIN+ 0.143E-014
SIS+ 0.215E-017
C2+ 0.102E-009
S+ 0.888E-004
CN+ 0.389E-013
CO+ 0.919E-012
N2+ 0.124E-015
O2+ 0.222E-013
C2H+ 0.310E-010
C2H2+ 0.281E-010
C2H3+ 0.161E-011
C5H2+ 0.238E-017
C6H2+ 0.664E-013
C7H2+ 0.991E-017
C3H3+ 0.132E-015
CO2+ 0.470E-024
HC3N+ 0.115E-018
HCN+ 0.630E-013
C2N2+ 0.731E-019
C3+ 0.518E-013
C5+ 0.219E-013
CH3CH3+ 0.111E-018
PN+ 0.234E-017
H2O+ 0.282E-010
NH2+ 0.196E-011
O+ 0.162E-010
OH+ 0.571E-010
CH3+ 0.182E-008
CH4+ 0.300E-016
CH3OH+ 0.104E-025
N+ 0.413E-009
SO2+ 0.897E-029
CS+ 0.604E-012
CL+ 0.960E-007
C10+ 0.361E-017
C10H2+ 0.551E-023
C3H2+ 0.863E-016
C3H+ 0.907E-014
C4+ 0.898E-013
C4H+ 0.246E-013
C4P+ 0.773E-033
C5H+ 0.372E-014
C6+ 0.885E-011
C6H+ 0.991E-013
C7+ 0.130E-011
C7H+ 0.589E-013
C8+ 0.171E-015
C8H2+ 0.675E-017
C8H+ 0.112E-017
C9+ 0.170E-017
C9H2+ 0.131E-022
C9H+ 0.161E-019
CH3C4H+ 0.893E-019
C7H4+ 0.200E-020
CH3CN+ 0.241E-018
H2CS+ 0.354E-018
H2S2+ 0.122E-028
HC2P+ 0.270E-020
HC5N+ 0.137E-018
HC7N+ 0.114E-017
HC9N+ 0.139E-021
HCSI+ 0.376E-012
HCL+ 0.558E-010
HNSI+ 0.111E-017
HS2+ 0.145E-019
HS+ 0.697E-015
N2O+ 0.597E-012
NH+ 0.188E-011
PH2+ 0.101E-013
S2+ 0.700E-019
SIC2H2+ 0.306E-017
SIC3H+ 0.463E-018
SIC4+ 0.265E-017
SIH4+ 0.402E-036
SIH+ 0.151E-014
SINC+ 0.129E-016
SIO+ 0.356E-013
H2+ 0.529E-008
F+ 0.243E-021
HE+ 0.892E-006
C3N+ 0.592E-018
HCNO+ 0.840E-028
HNCO+ 0.231E-021
HONC+ 0.552E-033
HNO+ 0.376E-015
HCOOH+ 0.751E-026
NO2+ 0.364E-021
CH2CHCNH+ 0.210E-025
HCS+ 0.513E-013
C10H3+ 0.715E-030
C11+ 0.347E-019
C2H5CNH+ 0.143E-029
C2H5OH2+ 0.301E-031
C2H7+ 0.107E-029
C2NH+ 0.411E-015
C3H2O+ 0.444E-024
C3H5+ 0.121E-015
C3H7+ 0.107E-016
C4H4+ 0.337E-023
C4H5+ 0.125E-022
C4H7+ 0.584E-031
C4N+ 0.121E-019
C5H3+ 0.864E-016
C5H5+ 0.265E-019
C5N+ 0.318E-019
C6H3+ 0.102E-018
C6H4+ 0.197E-028
C6H5+ 0.987E-013
C6H7+ 0.133E-014
C7H3+ 0.647E-017
C7H5+ 0.117E-015
C7N+ 0.375E-017
C8H3+ 0.126E-020
C8H4+ 0.570E-023
C8H5+ 0.801E-037
C9H3+ 0.500E-024
C9H4+ 0.160E-027
C9H5+ 0.149E-033
C9N+ 0.459E-021
CF+ 0.169E-017
CH2CHCN+ 0.334E-021
CH2NH2+ 0.114E-036
CH3C3N+ 0.323E-022
CH3C3NH+ 0.847E-023
CH3C5NH+ 0.193E-024
CH3C7NH+ 0.179E-028
CH3CHOH+ 0.272E-026
CH3CNH+ 0.219E-019
CH3CO+ 0.201E-021
CH3COCH4+ 0.352E-033
CH3CS+ 0.420E-022
CH3OCH4+ 0.107E-034
CH3OH2+ 0.442E-023
CH4N+ 0.122E-020
CH5+ 0.118E-012
H2C4N+ 0.753E-022
H2C7N+ 0.118E-020
H2C9N+ 0.141E-024
H2CCL+ 0.329E-018
H2CNO+ 0.168E-024
H2CL+ 0.179E-011
H2F+ 0.210E-022
H2NC+ 0.167E-013
H2NCO+ 0.262E-021
H2NO+ 0.122E-021
H2OCN+ 0.262E-021
H2PO+ 0.647E-025
H3+ 0.350E-007
H3C3O+ 0.174E-024
H3C5N+ 0.283E-024
H3C7N+ 0.287E-021
H3C9N+ 0.185E-030
H3CO+ 0.701E-019
H3CS+ 0.702E-019
H3O+ 0.935E-011
H3S+ 0.531E-021
H3S2+ 0.205E-023
H3SIO+ 0.125E-033
H5C2O2+ 0.118E-039
HC2O+ 0.914E-015
HC2S+ 0.445E-015
HC3NH+ 0.606E-021
HC3O+ 0.292E-020
HC3S+ 0.256E-018
HC4N+ 0.176E-021
HC4S+ 0.479E-021
HC5NH+ 0.861E-020
HCNH+ 0.290E-013
HCNOH+ 0.118E-027
HCO2+ 0.830E-022
HCOOH2+ 0.200E-025
HF+ 0.422E-022
HN2O+ 0.295E-024
HNCOH+ 0.524E-021
HNS+ 0.174E-020
HOCN+ 0.231E-021
HOCS+ 0.847E-026
HPN+ 0.808E-019
HSO+ 0.364E-019
HSO2+ 0.468E-030
HSIO2+ 0.897E-033
HSIS+ 0.461E-021
HEH+ 0.750E-010
N2H+ 0.100E-015
NCCNCH3+ 0.890E-028
NCCNH+ 0.247E-019
NH2CNH+ 0.627E-035
NH4+ 0.216E-016
O2H+ 0.146E-021
OCN+ 0.126E-022
PC2H2+ 0.171E-024
PC2H3+ 0.119E-033
PC2H4+ 0.114E-031
PC3H+ 0.110E-027
PC4H+ 0.564E-027
PCH2+ 0.288E-020
PCH3+ 0.287E-030
PCH4+ 0.232E-028
PH3+ 0.144E-021
PNH2+ 0.369E-023
PNH3+ 0.171E-029
SIC2H3+ 0.212E-019
SIC3H2+ 0.409E-018
SIC4H+ 0.174E-023
SICH4+ 0.390E-022
SIF+ 0.253E-019
SIH5+ 0.207E-029
SINCH+ 0.874E-021
SINH2+ 0.852E-018
SIOH+ 0.941E-014
