C- 0.159E-009
E 0.235E+000
C2- 0.434E-014
C3- 0.119E-010
C4- 0.100E-010
C5- 0.372E-010
C6- 0.357E-011
C7- 0.966E-013
C8- 0.611E-013
C10- 0.174E-017
C2H- 0.187E-005
C3H- 0.120E-010
C3N- 0.264E-009
C4H- 0.185E-010
C5H- 0.696E-007
C6H- 0.348E-008
C7H- 0.104E-009
C8H- 0.103E-012
C9- 0.234E-013
C9H- 0.607E-012
CH- 0.319E-011
O- 0.558E-013
OH- 0.414E-008
S- 0.684E-011
CN- 0.142E-005
H- 0.209E-007
C10H- 0.622E-018
C5N- 0.162E-012
O2- 0.526E-027
C 0.173E+001
C2 0.431E-001
CH2 0.388E-001
C2H2 0.617E+003
CH 0.314E-004
C2H 0.200E-001
CO2 0.601E-004
CO 0.113E+005
H2O 0.360E+002
H2CO 0.821E-006
N 0.121E+000
CN 0.669E-001
NH 0.173E-003
HCN 0.576E+003
O2 0.399E-009
O 0.163E+001
OH 0.559E-001
HCO 0.208E-005
C4 0.162E-007
C3 0.287E-002
C5 0.109E-007
C6 0.161E-009
C7 0.432E-011
C8 0.293E-011
C9 0.427E-012
C10 0.274E-014
C3H 0.287E-002
C4H 0.162E-004
C4N 0.251E-012
C5H 0.114E-004
C6H 0.410E-006
C7H 0.404E-008
C8H 0.144E-010
C9H 0.296E-010
C10H 0.674E-014
CS 0.149E+003
CH3 0.770E-002
CH3CN 0.446E-004
CH3OH 0.123E-008
OCS 0.138E-004
CH4 0.493E+002
H 0.351E+001
H2 0.141E+008
NH2 0.567E-003
NH3 0.844E+000
C10H2 0.149E-016
H2CCC 0.322E-005
HC3N 0.714E-005
HC4H 0.625E-003
C5H2 0.816E-004
HC5N 0.345E-010
C6H2 0.132E-003
C7H2 0.371E-008
C8H2 0.116E-010
C9H2 0.298E-010
HS 0.117E-003
C2N 0.410E-009
C3N 0.422E-005
C5N 0.112E-010
C7N 0.907E-015
HC7N 0.615E-012
C9N 0.487E-017
HC9N 0.435E-017
NO 0.654E-007
NS 0.186E-010
NO2 0.153E-020
SO2 0.898E-018
C2O 0.457E-011
SO 0.775E-008
HNC 0.449E-003
C2H4 0.963E+000
C2H5 0.171E-012
C2H5OH 0.126E-013
C2S 0.339E-006
C3O 0.443E-009
C3S 0.616E-007
C4H3 0.151E-007
C4S 0.780E-011
C6H6 0.120E-003
CCP 0.235E-009
CCL 0.226E-009
CH2CCH2 0.124E-008
CH2CCH 0.112E-002
CH2CN 0.136E-010
CH2CO 0.179E-006
CH3CCH 0.285E-006
CH3CHCH2 0.159E-016
CH3CHO 0.768E-008
CH3COCH3 0.578E-019
CH3OCH3 0.257E-020
CP 0.122E-003
CLO 0.248E-024
FE 0.000E+000
H2S 0.563E-001
H2SIO 0.353E-024
HCOOCH3 0.110E-020
HCP 0.352E+000
HPO 0.726E-016
MG 0.000E+000
NCCN 0.407E-008
NA 0.000E+000
P 0.391E-007
PH 0.761E-008
PO 0.310E-010
SI 0.115E+000
SIC2 0.263E+003
SIC2H 0.333E-002
SIC3 0.162E-004
SIC 0.427E-003
SICH2 0.767E-011
SICH3 0.236E-013
SIH2 0.440E-014
SIH3 0.500E-018
SIN 0.174E-008
SIS 0.843E+002
S 0.438E-001
N2 0.564E+003
C2H3 0.742E-005
CH3CH3 0.199E-021
PN 0.416E-013
CL 0.570E-003
C3H2 0.514E-005
C4P 0.374E-020
CH3C4H 0.177E-004
CH3C6H 0.469E-009
H2CS 0.215E-007
H2S2 0.282E-011
HC2P 0.243E-012
HCSI 0.447E-006
HCL 0.458E+001
HNSI 0.169E-008
HS2 0.284E-011
N2O 0.376E-016
PH2 0.880E-021
S2 0.158E-010
SIC2H2 0.225E-005
SIC3H 0.464E-011
SIC4 0.162E-004
SIH4 0.287E-016
SIH 0.254E-008
SINC 0.412E-011
SIO 0.706E+002
F 0.371E-007
HE 0.239E+007
HCNO 0.292E-018
HNCO 0.152E-009
HONC 0.140E-026
HNO 0.117E-007
HCOOH 0.104E-008
C11 0.325E-018
C2H5CN 0.509E-014
C3P 0.511E-017
CH2CHCCH 0.679E-009
CH2CHCHCH2 0.371E-013
CH2CHCN 0.732E-005
CH2NH 0.202E-008
CH2PH 0.518E-015
CH3C3N 0.406E-010
CH3C5N 0.119E-020
CH3C7N 0.197E-022
CNO 0.395E-033
H2CN 0.172E-007
H2O2 0.217E-024
HCS 0.163E-010
HF 0.239E+000
HNC3 0.196E-006
HOCN 0.152E-009
NH2CN 0.294E-009
O2H 0.108E-020
OCN 0.399E-005
SIO2 0.229E-005
HCO+ 0.187E-003
H+ 0.204E-005
HOC+ 0.107E-008
C+ 0.103E-003
C10H+ 0.755E-013
C2H4+ 0.211E-003
C2H5+ 0.315E-004
C2H5OH+ 0.376E-017
C2O+ 0.542E-018
C2S+ 0.732E-011
C3O+ 0.980E-021
C3S+ 0.175E-009
C4H3+ 0.209E-001
C4S+ 0.523E-013
C6H6+ 0.132E-010
CCP+ 0.260E-007
CCL+ 0.471E-006
CH2+ 0.648E-008
C3H4+ 0.116E-004
CH2CCH+ 0.690E-005
CH2CN+ 0.127E-007
CH2CO+ 0.163E-007
C3H6+ 0.574E-025
CH3CHO+ 0.366E-011
CH3COCH3+ 0.729E-023
CH3OCH3+ 0.641E-024
CH+ 0.634E-008
CP+ 0.911E-015
CLO+ 0.345E-032
FE+ 0.000E+000
H2CO+ 0.551E-009
H2S+ 0.276E-004
H2SIO+ 0.183E-016
C4H2+ 0.423E-003
COOCH4+ 0.287E-027
HCP+ 0.136E-011
HPO+ 0.648E-010
MG+ 0.000E+000
C2N+ 0.614E-008
CNC+ 0.832E-004
NH3+ 0.214E-004
NO+ 0.327E-007
NS+ 0.553E-009
NA+ 0.000E+000
OCS+ 0.121E-007
P+ 0.151E-009
PH+ 0.711E-014
PO+ 0.106E-010
SO+ 0.274E-008
SI+ 0.181E-003
SIC2+ 0.169E-007
SIC2H+ 0.855E-003
SIC3+ 0.443E-008
SIC+ 0.349E-005
SICH2+ 0.144E-004
SICH3+ 0.271E-009
SIH2+ 0.576E-008
SIH3+ 0.172E-012
SIN+ 0.212E-010
SIS+ 0.251E-004
C2+ 0.118E-008
S+ 0.132E-004
CN+ 0.269E-010
CO+ 0.375E-010
N2+ 0.845E-011
O2+ 0.194E-011
C2H+ 0.122E-008
C2H2+ 0.235E-002
C2H3+ 0.128E+000
C5H2+ 0.715E-005
C6H2+ 0.191E-007
C7H2+ 0.999E-009
C3H3+ 0.275E-004
CO2+ 0.470E-018
HC3N+ 0.102E-008
HCN+ 0.349E-010
C2N2+ 0.266E-015
C3+ 0.623E-012
C5+ 0.142E-015
CH3CH3+ 0.140E-019
PN+ 0.345E-021
H2O+ 0.108E-006
NH2+ 0.286E-010
O+ 0.123E-011
OH+ 0.871E-011
CH3+ 0.358E-004
CH4+ 0.755E-006
CH3OH+ 0.227E-012
N+ 0.331E-007
SO2+ 0.246E-030
CS+ 0.613E-006
CL+ 0.200E-007
C10+ 0.104E-018
C10H2+ 0.708E-013
C3H2+ 0.492E-004
C3H+ 0.748E-004
C4+ 0.202E-010
C4H+ 0.995E-010
C4P+ 0.186E-028
C5H+ 0.590E-008
C6+ 0.257E-013
C6H+ 0.318E-011
C7+ 0.267E-011
C7H+ 0.306E-010
C8+ 0.667E-015
C8H2+ 0.863E-010
C8H+ 0.533E-012
C9+ 0.532E-016
C9H2+ 0.479E-010
C9H+ 0.131E-013
CH3C4H+ 0.135E-005
C7H4+ 0.879E-008
CH3CN+ 0.166E-011
H2CS+ 0.388E-009
H2S2+ 0.140E-010
HC2P+ 0.635E-008
HC5N+ 0.156E-013
HC7N+ 0.413E-014
HC9N+ 0.165E-015
HCSI+ 0.176E-008
HCL+ 0.128E-003
HNSI+ 0.286E-014
HS2+ 0.462E-010
HS+ 0.965E-008
N2O+ 0.650E-021
NH+ 0.141E-013
PH2+ 0.378E-014
S2+ 0.410E-009
SIC2H2+ 0.702E-006
SIC3H+ 0.318E-009
SIC4+ 0.208E-008
SIH4+ 0.186E-026
SIH+ 0.600E-007
SINC+ 0.758E-006
SIO+ 0.375E-005
H2+ 0.570E-008
F+ 0.840E-013
HE+ 0.660E-006
C3N+ 0.172E-012
HCNO+ 0.253E-031
HNCO+ 0.267E-012
HONC+ 0.298E-039
HNO+ 0.806E-010
HCOOH+ 0.164E-012
NO2+ 0.622E-019
CH2CHCNH+ 0.675E-009
HCS+ 0.292E-002
C10H3+ 0.156E-016
C11+ 0.151E-016
C2H5CNH+ 0.629E-013
C2H5OH2+ 0.101E-012
C2H7+ 0.598E-029
C2NH+ 0.812E-006
C3H2O+ 0.101E-010
C3H5+ 0.485E-003
C3H7+ 0.561E-023
C4H4+ 0.159E-011
C4H5+ 0.103E-004
C4H7+ 0.544E-008
C4N+ 0.314E-014
C5H3+ 0.119E-003
C5H5+ 0.355E-003
C5N+ 0.318E-013
C6H3+ 0.689E-006
C6H4+ 0.100E-005
C6H5+ 0.597E-003
C6H7+ 0.705E-003
C7H3+ 0.315E-007
C7H5+ 0.849E-008
C7N+ 0.168E-015
C8H3+ 0.135E-008
C8H4+ 0.122E-008
C8H5+ 0.326E-015
C9H3+ 0.485E-009
C9H4+ 0.275E-009
C9H5+ 0.306E-015
C9N+ 0.647E-019
CF+ 0.172E-006
CH2CHCN+ 0.118E-009
CH2NH2+ 0.871E-009
CH3C3N+ 0.881E-013
CH3C3NH+ 0.717E-009
CH3C5NH+ 0.878E-020
CH3C7NH+ 0.174E-021
CH3CHOH+ 0.460E-007
CH3CNH+ 0.271E-003
CH3CO+ 0.353E-007
CH3COCH4+ 0.237E-017
CH3CS+ 0.433E-008
CH3OCH4+ 0.992E-019
CH3OH2+ 0.366E-008
CH4N+ 0.713E-007
CH5+ 0.387E-004
H2C4N+ 0.882E-013
H2C7N+ 0.149E-012
H2C9N+ 0.204E-014
H2CCL+ 0.285E-008
H2CNO+ 0.174E-008
H2CL+ 0.147E-006
H2F+ 0.587E-006
H2NC+ 0.140E-006
H2NCO+ 0.126E-024
H2NO+ 0.535E-016
H2OCN+ 0.175E-008
H2PO+ 0.222E-014
H3+ 0.213E-004
H3C3O+ 0.600E-008
H3C5N+ 0.107E-008
H3C7N+ 0.480E-013
H3C9N+ 0.634E-015
H3CO+ 0.141E-009
H3CS+ 0.339E-006
H3O+ 0.118E-002
H3S+ 0.167E-005
H3S2+ 0.832E-010
H3SIO+ 0.104E-020
H5C2O2+ 0.573E-019
HC2O+ 0.436E-005
HC2S+ 0.124E-004
HC3NH+ 0.747E-004
HC3O+ 0.101E-007
HC3S+ 0.618E-009
HC4N+ 0.881E-013
HC4S+ 0.158E-006
HC5NH+ 0.465E-009
HCNH+ 0.617E-001
HCNOH+ 0.126E-024
HCO2+ 0.549E-009
HCOOH2+ 0.110E-007
HF+ 0.246E-013
HN2O+ 0.838E-024
HNCOH+ 0.349E-008
HNS+ 0.323E-015
HOCN+ 0.135E-014
HOCS+ 0.813E-011
HPN+ 0.418E-019
HSO+ 0.627E-012
HSO2+ 0.543E-025
HSIO2+ 0.387E-012
HSIS+ 0.527E-004
HEH+ 0.840E-010
N2H+ 0.178E-005
NCCNCH3+ 0.225E-018
NCCNH+ 0.415E-011
NH2CNH+ 0.363E-015
NH4+ 0.676E-003
O2H+ 0.484E-018
OCN+ 0.410E-013
PC2H2+ 0.986E-011
PC2H3+ 0.241E-017
PC2H4+ 0.301E-015
PC3H+ 0.216E-015
PC4H+ 0.267E-014
PCH2+ 0.142E-005
PCH3+ 0.143E-015
PCH4+ 0.150E-013
PH3+ 0.138E-019
PNH2+ 0.110E-011
PNH3+ 0.243E-015
SIC2H3+ 0.664E-004
SIC3H2+ 0.353E-009
SIC4H+ 0.482E-003
SICH4+ 0.275E-009
SIF+ 0.165E-006
SIH5+ 0.194E-016
SINCH+ 0.127E-009
SINH2+ 0.643E-007
SIOH+ 0.109E-001
