C- 0.877E-015
E 0.479E-002
C2- 0.200E-016
C3- 0.969E-015
C4- 0.379E-011
C5- 0.438E-008
C6- 0.123E-010
C7- 0.125E-011
C8- 0.262E-015
C10- 0.878E-016
C2H- 0.121E-019
C3H- 0.175E-017
C3N- 0.601E-014
C4H- 0.238E-014
C5H- 0.445E-011
C6H- 0.368E-008
C7H- 0.750E-014
C8H- 0.279E-016
C9- 0.283E-015
C9H- 0.201E-018
CH- 0.883E-024
O- 0.166E-011
OH- 0.253E-013
S- 0.339E-016
CN- 0.282E-013
H- 0.121E-012
C10H- 0.219E-019
C5N- 0.140E-012
O2- -0.199E-055
C 0.131E-005
C2 0.209E-008
CH2 0.155E-008
C2H2 0.784E-013
CH 0.130E-007
C2H 0.543E-010
CO2 0.327E-016
CO 0.190E-009
H2O 0.254E-010
H2CO 0.131E-014
N 0.564E-003
CN 0.460E-011
NH 0.809E-011
HCN 0.568E-013
O2 0.746E-013
O 0.377E-002
OH 0.435E-009
HCO 0.714E-013
C4 0.156E-010
C3 0.997E-010
C5 0.335E-007
C6 0.119E-010
C7 0.467E-012
C8 0.242E-015
C9 0.105E-015
C10 0.906E-016
C3H 0.244E-010
C4H 0.166E-013
C4N 0.429E-015
C5H 0.129E-010
C6H 0.750E-008
C7H 0.550E-014
C8H 0.468E-016
C9H 0.101E-018
C10H 0.303E-019
CS 0.496E-012
CH3 0.414E-011
CH3CN 0.106E-018
CH3OH 0.143E-023
OCS 0.691E-021
CH4 0.219E-013
H 0.327E-002
H2 0.466E+001
NH2 0.100E-011
NH3 0.298E-015
C10H2 0.742E-022
H2CCC 0.154E-015
HC3N 0.150E-017
HC4H 0.566E-016
C5H2 0.359E-012
HC5N 0.259E-015
C6H2 0.571E-011
C7H2 0.374E-015
C8H2 0.952E-019
C9H2 0.557E-021
HS 0.262E-011
C2N 0.256E-014
C3N 0.142E-012
C5N 0.719E-012
C7N 0.129E-015
HC7N 0.252E-019
C9N 0.146E-019
HC9N 0.106E-023
NO 0.232E-013
NS 0.702E-015
NO2 0.513E-020
SO2 0.270E-023
C2O 0.143E-014
SO 0.276E-017
HNC 0.946E-013
C2H4 0.623E-017
C2H5 0.922E-019
C2H5OH 0.310E-031
C2S 0.379E-013
C3O 0.193E-020
C3S 0.281E-016
C4H3 0.234E-015
C4S 0.742E-020
C6H6 0.710E-012
CCP 0.863E-020
CCL 0.196E-016
CH2CCH2 0.624E-015
CH2CCH 0.341E-014
CH2CN 0.890E-018
CH2CO 0.662E-017
CH3CCH 0.673E-015
CH3CHCH2 0.202E-016
CH3CHO 0.861E-023
CH3COCH3 0.130E-033
CH3OCH3 0.159E-034
CP 0.396E-019
CLO 0.105E-048
FE 0.000E+000
H2S 0.110E-014
H2SIO 0.203E-031
HCOOCH3 0.154E-039
HCP 0.125E-019
HPO 0.286E-023
MG 0.000E+000
NCCN 0.309E-016
NA 0.000E+000
P 0.706E-011
PH 0.471E-013
PO 0.676E-016
SI 0.408E-008
SIC2 0.411E-013
SIC2H 0.699E-017
SIC3 0.201E-016
SIC 0.112E-010
SICH2 0.962E-021
SICH3 0.990E-021
SIH2 0.161E-020
SIH3 0.340E-028
SIN 0.343E-015
SIS 0.618E-020
S 0.108E-007
N2 0.955E-014
C2H3 0.229E-013
CH3CH3 0.290E-017
PN 0.309E-011
CL 0.143E-005
C3H2 0.344E-014
C4P 0.120E-026
CH3C4H 0.440E-017
CH3C6H 0.309E-013
H2CS 0.331E-018
H2S2 0.632E-023
HC2P 0.951E-025
HCSI 0.586E-012
HCL 0.367E-009
HNSI 0.414E-017
HS2 0.162E-022
N2O 0.563E-022
PH2 0.100E-020
S2 0.468E-019
SIC2H2 0.412E-018
SIC3H 0.821E-017
SIC4 0.837E-017
SIH4 0.151E-029
SIH 0.208E-012
SINC 0.190E-020
SIO 0.153E-013
F 0.793E-007
HE 0.793E+000
HCNO 0.406E-022
HNCO 0.142E-020
HONC 0.135E-027
HNO 0.207E-014
HCOOH 0.142E-024
C11 0.593E-026
C2H5CN 0.671E-029
C3P 0.602E-027
CH2CHCCH 0.631E-014
CH2CHCHCH2 0.340E-025
CH2CHCN 0.212E-023
CH2NH 0.439E-026
CH2PH 0.583E-028
CH3C3N 0.105E-020
CH3C5N 0.102E-023
CH3C7N 0.988E-028
CNO 0.292E-027
H2CN 0.891E-016
H2O2 0.226E-058
HCS 0.193E-016
HF 0.233E-016
HNC3 0.458E-021
HOCN 0.146E-020
NH2CN 0.476E-027
O2H 0.147E-027
OCN 0.140E-014
SIO2 0.553E-025
HCO+ 0.132E-011
H+ 0.597E-006
HOC+ 0.376E-012
C+ 0.457E-002
C10H+ 0.521E-020
C2H4+ 0.102E-013
C2H5+ 0.140E-020
C2H5OH+ 0.206E-032
C2O+ 0.455E-017
C2S+ 0.417E-015
C3O+ 0.129E-023
C3S+ 0.132E-014
C4H3+ 0.330E-019
C4S+ 0.897E-018
C6H6+ 0.835E-008
CCP+ 0.193E-022
CCL+ 0.177E-011
CH2+ 0.218E-008
C3H4+ 0.271E-016
CH2CCH+ 0.196E-015
CH2CN+ 0.114E-019
CH2CO+ 0.368E-018
C3H6+ 0.280E-020
CH3CHO+ 0.125E-024
CH3COCH3+ 0.345E-035
CH3OCH3+ 0.127E-035
CH+ 0.138E-008
CP+ 0.411E-022
CLO+ 0.514E-051
FE+ 0.000E+000
H2CO+ 0.116E-013
H2S+ 0.103E-011
H2SIO+ 0.635E-025
C4H2+ 0.266E-015
COOCH4+ 0.149E-041
HCP+ 0.204E-022
HPO+ 0.776E-018
MG+ 0.000E+000
C2N+ 0.131E-014
CNC+ 0.313E-015
NH3+ 0.355E-012
NO+ 0.572E-014
NS+ 0.524E-015
NA+ 0.000E+000
OCS+ 0.665E-019
P+ 0.117E-006
PH+ 0.102E-015
PO+ 0.307E-016
SO+ 0.221E-013
SI+ 0.139E-003
SIC2+ 0.109E-014
SIC2H+ 0.121E-014
SIC3+ 0.236E-014
SIC+ 0.500E-012
SICH2+ 0.184E-012
SICH3+ 0.133E-022
SIH2+ 0.184E-012
SIH3+ 0.534E-021
SIN+ 0.117E-014
SIS+ 0.160E-017
C2+ 0.834E-010
S+ 0.774E-004
CN+ 0.326E-013
CO+ 0.789E-012
N2+ 0.116E-015
O2+ 0.213E-013
C2H+ 0.248E-010
C2H2+ 0.221E-010
C2H3+ 0.117E-011
C5H2+ 0.166E-017
C6H2+ 0.494E-013
C7H2+ 0.744E-017
C3H3+ 0.983E-016
CO2+ 0.281E-024
HC3N+ 0.762E-019
HCN+ 0.529E-013
C2N2+ 0.295E-019
C3+ 0.373E-013
C5+ 0.165E-013
CH3CH3+ 0.886E-019
PN+ 0.214E-017
H2O+ 0.274E-010
NH2+ 0.185E-011
O+ 0.162E-010
OH+ 0.563E-010
CH3+ 0.149E-008
CH4+ 0.243E-016
CH3OH+ 0.767E-026
N+ 0.452E-009
SO2+ 0.552E-029
CS+ 0.448E-012
CL+ 0.891E-007
C10+ 0.215E-017
C10H2+ 0.234E-023
C3H2+ 0.619E-016
C3H+ 0.641E-014
C4+ 0.674E-013
C4H+ 0.189E-013
C4P+ 0.503E-033
C5H+ 0.278E-014
C6+ 0.663E-011
C6H+ 0.736E-013
C7+ 0.999E-012
C7H+ 0.439E-013
C8+ 0.108E-015
C8H2+ 0.474E-017
C8H+ 0.774E-018
C9+ 0.100E-017
C9H2+ 0.568E-023
C9H+ 0.918E-020
CH3C4H+ 0.761E-019
C7H4+ 0.158E-020
CH3CN+ 0.193E-018
H2CS+ 0.253E-018
H2S2+ 0.943E-029
HC2P+ 0.190E-020
HC5N+ 0.940E-019
HC7N+ 0.695E-018
HC9N+ 0.659E-022
HCSI+ 0.277E-012
HCL+ 0.735E-010
HNSI+ 0.941E-018
HS2+ 0.112E-019
HS+ 0.580E-015
N2O+ 0.520E-012
NH+ 0.177E-011
PH2+ 0.901E-014
S2+ 0.539E-019
SIC2H2+ 0.221E-017
SIC3H+ 0.350E-018
SIC4+ 0.166E-017
SIH4+ 0.333E-036
SIH+ 0.124E-014
SINC+ 0.916E-017
SIO+ 0.304E-013
H2+ 0.525E-008
F+ 0.206E-021
HE+ 0.848E-006
C3N+ 0.400E-018
HCNO+ 0.654E-028
HNCO+ 0.173E-021
HONC+ 0.423E-033
HNO+ 0.358E-015
HCOOH+ 0.590E-026
NO2+ 0.306E-021
CH2CHCNH+ 0.147E-025
HCS+ 0.373E-013
C10H3+ 0.308E-030
C11+ 0.180E-019
C2H5CNH+ 0.932E-030
C2H5OH2+ 0.232E-031
C2H7+ 0.819E-030
C2NH+ 0.316E-015
C3H2O+ 0.279E-024
C3H5+ 0.886E-016
C3H7+ 0.821E-017
C4H4+ 0.265E-023
C4H5+ 0.946E-023
C4H7+ 0.337E-031
C4N+ 0.661E-020
C5H3+ 0.697E-016
C5H5+ 0.234E-019
C5N+ 0.235E-019
C6H3+ 0.757E-019
C6H4+ 0.117E-028
C6H5+ 0.850E-013
C6H7+ 0.113E-014
C7H3+ 0.455E-017
C7H5+ 0.954E-016
C7N+ 0.232E-017
C8H3+ 0.809E-021
C8H4+ 0.398E-023
C8H5+ 0.492E-037
C9H3+ 0.317E-024
C9H4+ 0.957E-028
C9H5+ 0.104E-033
C9N+ 0.220E-021
CF+ 0.127E-017
CH2CHCN+ 0.241E-021
CH2NH2+ 0.724E-037
CH3C3N+ 0.234E-022
CH3C3NH+ 0.605E-023
CH3C5NH+ 0.912E-025
CH3C7NH+ 0.886E-029
CH3CHOH+ 0.239E-026
CH3CNH+ 0.171E-019
CH3CO+ 0.128E-021
CH3COCH4+ 0.212E-033
CH3CS+ 0.289E-022
CH3OCH4+ 0.674E-035
CH3OH2+ 0.330E-023
CH4N+ 0.948E-021
CH5+ 0.979E-013
H2C4N+ 0.550E-022
H2C7N+ 0.718E-021
H2C9N+ 0.660E-025
H2CCL+ 0.250E-018
H2CNO+ 0.199E-024
H2CL+ 0.266E-011
H2F+ 0.174E-022
H2NC+ 0.135E-013
H2NCO+ 0.192E-021
H2NO+ 0.983E-022
H2OCN+ 0.193E-021
H2PO+ 0.536E-025
H3+ 0.341E-007
H3C3O+ 0.101E-024
H3C5N+ 0.241E-024
H3C7N+ 0.231E-021
H3C9N+ 0.902E-031
H3CO+ 0.565E-019
H3CS+ 0.508E-019
H3O+ 0.896E-011
H3S+ 0.442E-021
H3S2+ 0.161E-023
H3SIO+ 0.103E-033
H5C2O2+ 0.648E-040
HC2O+ 0.705E-015
HC2S+ 0.310E-015
HC3NH+ 0.424E-021
HC3O+ 0.214E-020
HC3S+ 0.194E-018
HC4N+ 0.130E-021
HC4S+ 0.333E-021
HC5NH+ 0.579E-020
HCNH+ 0.238E-013
HCNOH+ 0.916E-028
HCO2+ 0.667E-022
HCOOH2+ 0.156E-025
HF+ 0.355E-022
HN2O+ 0.236E-024
HNCOH+ 0.385E-021
HNS+ 0.143E-020
HOCN+ 0.173E-021
HOCS+ 0.459E-026
HPN+ 0.735E-019
HSO+ 0.310E-019
HSO2+ 0.293E-030
HSIO2+ 0.599E-033
HSIS+ 0.343E-021
HEH+ 0.744E-010
N2H+ 0.913E-016
NCCNCH3+ 0.293E-028
NCCNH+ 0.981E-020
NH2CNH+ 0.402E-035
NH4+ 0.212E-016
O2H+ 0.119E-021
OCN+ 0.887E-023
PC2H2+ 0.119E-024
PC2H3+ 0.739E-034
PC2H4+ 0.809E-032
PC3H+ 0.691E-028
PC4H+ 0.368E-027
PCH2+ 0.207E-020
PCH3+ 0.186E-030
PCH4+ 0.172E-028
PH3+ 0.116E-021
PNH2+ 0.323E-023
PNH3+ 0.153E-029
SIC2H3+ 0.159E-019
SIC3H2+ 0.329E-018
SIC4H+ 0.451E-024
SICH4+ 0.291E-022
SIF+ 0.193E-019
SIH5+ 0.173E-029
SINCH+ 0.641E-021
SINH2+ 0.711E-018
SIOH+ 0.789E-014
