C- 0.606E-015
E 0.417E-002
C2- 0.133E-016
C3- 0.545E-015
C4- 0.239E-011
C5- 0.302E-008
C6- 0.772E-011
C7- 0.750E-012
C8- 0.135E-015
C10- 0.421E-016
C2H- 0.785E-020
C3H- 0.107E-017
C3N- 0.368E-014
C4H- 0.133E-014
C5H- 0.271E-011
C6H- 0.267E-008
C7H- 0.403E-014
C8H- 0.166E-016
C9- 0.134E-015
C9H- 0.803E-019
CH- 0.503E-024
O- 0.131E-011
OH- 0.177E-013
S- 0.233E-016
CN- 0.174E-013
H- 0.105E-012
C10H- 0.917E-020
C5N- 0.750E-013
O2- 0.246E-060
C 0.103E-005
C2 0.152E-008
CH2 0.112E-008
C2H2 0.562E-013
CH 0.963E-008
C2H 0.391E-010
CO2 0.180E-016
CO 0.125E-009
H2O 0.207E-010
H2CO 0.833E-015
N 0.491E-003
CN 0.294E-011
NH 0.660E-011
HCN 0.402E-013
O2 0.542E-013
O 0.328E-002
OH 0.371E-009
HCO 0.468E-013
C4 0.106E-010
C3 0.737E-010
C5 0.252E-007
C6 0.796E-011
C7 0.303E-012
C8 0.133E-015
C9 0.536E-016
C10 0.467E-016
C3H 0.181E-010
C4H 0.104E-013
C4N 0.217E-015
C5H 0.802E-011
C6H 0.572E-008
C7H 0.313E-014
C8H 0.289E-016
C9H 0.416E-019
C10H 0.128E-019
CS 0.318E-012
CH3 0.300E-011
CH3CN 0.735E-019
CH3OH 0.948E-024
OCS 0.353E-021
CH4 0.161E-013
H 0.286E-002
H2 0.406E+001
NH2 0.820E-012
NH3 0.260E-015
C10H2 0.270E-022
H2CCC 0.115E-015
HC3N 0.810E-018
HC4H 0.399E-016
C5H2 0.215E-012
HC5N 0.123E-015
C6H2 0.373E-011
C7H2 0.259E-015
C8H2 0.503E-019
C9H2 0.195E-021
HS 0.200E-011
C2N 0.170E-014
C3N 0.854E-013
C5N 0.429E-012
C7N 0.677E-016
HC7N 0.128E-019
C9N 0.599E-020
HC9N 0.406E-024
NO 0.171E-013
NS 0.472E-015
NO2 0.318E-020
SO2 0.143E-023
C2O 0.981E-015
SO 0.140E-017
HNC 0.673E-013
C2H4 0.442E-017
C2H5 0.667E-019
C2H5OH 0.239E-031
C2S 0.248E-013
C3O 0.126E-020
C3S 0.163E-016
C4H3 0.167E-015
C4S 0.459E-020
C6H6 0.581E-012
CCP 0.525E-020
CCL 0.134E-016
CH2CCH2 0.510E-015
CH2CCH 0.275E-014
CH2CN 0.591E-018
CH2CO 0.417E-017
CH3CCH 0.542E-015
CH3CHCH2 0.142E-016
CH3CHO 0.556E-023
CH3COCH3 0.708E-034
CH3OCH3 0.895E-035
CP 0.244E-019
CLO 0.153E-049
FE 0.000E+000
H2S 0.847E-015
H2SIO 0.133E-031
HCOOCH3 0.749E-040
HCP 0.791E-020
HPO 0.190E-023
MG 0.000E+000
NCCN 0.105E-016
NA 0.000E+000
P 0.548E-011
PH 0.374E-013
PO 0.471E-016
SI 0.315E-008
SIC2 0.264E-013
SIC2H 0.449E-017
SIC3 0.124E-016
SIC 0.764E-011
SICH2 0.550E-021
SICH3 0.656E-021
SIH2 0.119E-020
SIH3 0.253E-028
SIN 0.208E-015
SIS 0.431E-020
S 0.829E-008
N2 0.720E-014
C2H3 0.165E-013
CH3CH3 0.206E-017
PN 0.250E-011
CL 0.124E-005
C3H2 0.263E-014
C4P 0.697E-027
CH3C4H 0.370E-017
CH3C6H 0.219E-013
H2CS 0.211E-018
H2S2 0.438E-023
HC2P 0.604E-025
HCSI 0.374E-012
HCL 0.298E-009
HNSI 0.306E-017
HS2 0.112E-022
N2O 0.406E-022
PH2 0.711E-021
S2 0.317E-019
SIC2H2 0.282E-018
SIC3H 0.605E-017
SIC4 0.163E-017
SIH4 0.111E-029
SIH 0.158E-012
SINC 0.123E-020
SIO 0.111E-013
F 0.691E-007
HE 0.691E+000
HCNO 0.284E-022
HNCO 0.918E-021
HONC 0.932E-028
HNO 0.147E-014
HCOOH 0.994E-025
C11 0.197E-026
C2H5CN 0.389E-029
C3P 0.337E-027
CH2CHCCH 0.516E-014
CH2CHCHCH2 0.186E-051
CH2CHCN 0.137E-023
CH2NH 0.224E-026
CH2PH 0.381E-028
CH3C3N 0.728E-021
CH3C5N 0.421E-024
CH3C7N 0.435E-028
CNO 0.208E-027
H2CN 0.545E-016
H2O2 0.622E-059
HCS 0.113E-016
HF 0.181E-016
HNC3 0.297E-021
HOCN 0.945E-021
NH2CN 0.276E-027
O2H 0.804E-028
OCN 0.923E-015
SIO2 0.337E-025
HCO+ 0.109E-011
H+ 0.587E-006
HOC+ 0.309E-012
C+ 0.398E-002
C10H+ 0.292E-020
C2H4+ 0.821E-014
C2H5+ 0.109E-020
C2H5OH+ 0.177E-032
C2O+ 0.312E-017
C2S+ 0.295E-015
C3O+ 0.845E-024
C3S+ 0.979E-015
C4H3+ 0.233E-019
C4S+ 0.564E-018
C6H6+ 0.725E-008
CCP+ 0.118E-022
CCL+ 0.151E-011
CH2+ 0.186E-008
C3H4+ 0.246E-016
CH2CCH+ 0.138E-015
CH2CN+ 0.724E-020
CH2CO+ 0.260E-018
C3H6+ 0.192E-020
CH3CHO+ 0.898E-025
CH3COCH3+ 0.199E-035
CH3OCH3+ 0.799E-036
CH+ 0.118E-008
CP+ 0.253E-022
CLO+ 0.752E-052
FE+ 0.000E+000
H2CO+ 0.922E-014
H2S+ 0.887E-012
H2SIO+ 0.521E-025
C4H2+ 0.198E-015
COOCH4+ 0.727E-042
HCP+ 0.125E-022
HPO+ 0.633E-018
MG+ 0.000E+000
C2N+ 0.954E-015
CNC+ 0.221E-015
NH3+ 0.327E-012
NO+ 0.546E-014
NS+ 0.430E-015
NA+ 0.000E+000
OCS+ 0.472E-019
P+ 0.102E-006
PH+ 0.799E-016
PO+ 0.261E-016
SO+ 0.189E-013
SI+ 0.121E-003
SIC2+ 0.739E-015
SIC2H+ 0.805E-015
SIC3+ 0.175E-014
SIC+ 0.370E-012
SICH2+ 0.132E-012
SICH3+ 0.956E-023
SIH2+ 0.157E-012
SIH3+ 0.446E-021
SIN+ 0.956E-015
SIS+ 0.119E-017
C2+ 0.680E-010
S+ 0.674E-004
CN+ 0.272E-013
CO+ 0.677E-012
N2+ 0.107E-015
O2+ 0.205E-013
C2H+ 0.198E-010
C2H2+ 0.174E-010
C2H3+ 0.843E-012
C5H2+ 0.114E-017
C6H2+ 0.367E-013
C7H2+ 0.558E-017
C3H3+ 0.734E-016
CO2+ 0.168E-024
HC3N+ 0.501E-019
HCN+ 0.442E-013
C2N2+ 0.113E-019
C3+ 0.268E-013
C5+ 0.125E-013
CH3CH3+ 0.704E-019
PN+ 0.195E-017
H2O+ 0.267E-010
NH2+ 0.174E-011
O+ 0.163E-010
OH+ 0.556E-010
CH3+ 0.122E-008
CH4+ 0.293E-016
CH3OH+ 0.570E-026
N+ 0.492E-009
SO2+ 0.343E-029
CS+ 0.331E-012
CL+ 0.827E-007
C10+ 0.126E-017
C10H2+ 0.970E-024
C3H2+ 0.444E-016
C3H+ 0.453E-014
C4+ 0.506E-013
C4H+ 0.144E-013
C4P+ 0.329E-033
C5H+ 0.209E-014
C6+ 0.493E-011
C6H+ 0.543E-013
C7+ 0.766E-012
C7H+ 0.327E-013
C8+ 0.685E-016
C8H2+ 0.333E-017
C8H+ 0.536E-018
C9+ 0.580E-018
C9H2+ 0.247E-023
C9H+ 0.517E-020
CH3C4H+ 0.648E-019
C7H4+ 0.125E-020
CH3CN+ 0.154E-018
H2CS+ 0.181E-018
H2S2+ 0.732E-029
HC2P+ 0.134E-020
HC5N+ 0.642E-019
HC7N+ 0.426E-018
HC9N+ 0.305E-022
HCSI+ 0.203E-012
HCL+ 0.968E-010
HNSI+ 0.797E-018
HS2+ 0.862E-020
HS+ 0.483E-015
N2O+ 0.453E-012
NH+ 0.164E-011
PH2+ 0.804E-014
S2+ 0.415E-019
SIC2H2+ 0.160E-017
SIC3H+ 0.267E-018
SIC4+ 0.105E-017
SIH4+ 0.275E-036
SIH+ 0.102E-014
SINC+ 0.652E-017
SIO+ 0.260E-013
H2+ 0.521E-008
F+ 0.178E-021
HE+ 0.805E-006
C3N+ 0.268E-018
HCNO+ 0.509E-028
HNCO+ 0.129E-021
HONC+ 0.322E-033
HNO+ 0.341E-015
HCOOH+ 0.466E-026
NO2+ 0.262E-021
CH2CHCNH+ 0.104E-025
HCS+ 0.270E-013
C10H3+ 0.130E-030
C11+ 0.918E-020
C2H5CNH+ 0.603E-030
C2H5OH2+ 0.201E-031
C2H7+ 0.630E-030
C2NH+ 0.243E-015
C3H2O+ 0.175E-024
C3H5+ 0.650E-016
C3H7+ 0.628E-017
C4H4+ 0.207E-023
C4H5+ 0.716E-023
C4H7+ 0.192E-031
C4N+ 0.356E-020
C5H3+ 0.560E-016
C5H5+ 0.206E-019
C5N+ 0.176E-019
C6H3+ 0.557E-019
C6H4+ 0.695E-029
C6H5+ 0.732E-013
C6H7+ 0.952E-015
C7H3+ 0.320E-017
C7H5+ 0.772E-016
C7N+ 0.143E-017
C8H3+ 0.513E-021
C8H4+ 0.277E-023
C8H5+ 0.302E-037
C9H3+ 0.201E-024
C9H4+ 0.577E-028
C9H5+ 0.729E-034
C9N+ 0.103E-021
CF+ 0.981E-018
CH2CHCN+ 0.174E-021
CH2NH2+ 0.470E-037
CH3C3N+ 0.169E-022
CH3C3NH+ 0.432E-023
CH3C5NH+ 0.423E-025
CH3C7NH+ 0.440E-029
CH3CHOH+ 0.187E-026
CH3CNH+ 0.133E-019
CH3CO+ 0.817E-022
CH3COCH4+ 0.126E-033
CH3CS+ 0.199E-022
CH3OCH4+ 0.424E-035
CH3OH2+ 0.247E-023
CH4N+ 0.729E-021
CH5+ 0.810E-013
H2C4N+ 0.402E-022
H2C7N+ 0.437E-021
H2C9N+ 0.303E-025
H2CCL+ 0.190E-018
H2CNO+ 0.233E-024
H2CL+ 0.397E-011
H2F+ 0.147E-022
H2NC+ 0.108E-013
H2NCO+ 0.141E-021
H2NO+ 0.784E-022
H2OCN+ 0.141E-021
H2PO+ 0.447E-025
H3+ 0.332E-007
H3C3O+ 0.586E-025
H3C5N+ 0.204E-024
H3C7N+ 0.185E-021
H3C9N+ 0.443E-031
H3CO+ 0.453E-019
H3CS+ 0.366E-019
H3O+ 0.859E-011
H3S+ 0.368E-021
H3S2+ 0.126E-023
H3SIO+ 0.847E-034
H5C2O2+ 0.355E-040
HC2O+ 0.542E-015
HC2S+ 0.216E-015
HC3NH+ 0.298E-021
HC3O+ 0.157E-020
HC3S+ 0.148E-018
HC4N+ 0.957E-022
HC4S+ 0.231E-021
HC5NH+ 0.386E-020
HCNH+ 0.195E-013
HCNOH+ 0.711E-028
HCO2+ 0.535E-022
HCOOH2+ 0.122E-025
HF+ 0.304E-022
HN2O+ 0.191E-024
HNCOH+ 0.282E-021
HNS+ 0.116E-020
HOCN+ 0.128E-021
HOCS+ 0.256E-026
HPN+ 0.664E-019
HSO+ 0.264E-019
HSO2+ 0.186E-030
HSIO2+ 0.401E-033
HSIS+ 0.255E-021
HEH+ 0.737E-010
N2H+ 0.825E-016
NCCNCH3+ 0.914E-029
NCCNH+ 0.371E-020
NH2CNH+ 0.257E-035
NH4+ 0.207E-016
O2H+ 0.964E-022
OCN+ 0.622E-023
PC2H2+ 0.818E-025
PC2H3+ 0.456E-034
PC2H4+ 0.571E-032
PC3H+ 0.434E-028
PC4H+ 0.241E-027
PCH2+ 0.148E-020
PCH3+ 0.120E-030
PCH4+ 0.126E-028
PH3+ 0.932E-022
PNH2+ 0.282E-023
PNH3+ 0.136E-029
SIC2H3+ 0.119E-019
SIC3H2+ 0.266E-018
SIC4H+ 0.120E-024
SICH4+ 0.216E-022
SIF+ 0.150E-019
SIH5+ 0.145E-029
SINCH+ 0.471E-021
SINH2+ 0.592E-018
SIOH+ 0.662E-014
