C- 0.420E-015
E 0.363E-002
C2- 0.879E-017
C3- 0.302E-015
C4- 0.149E-011
C5- 0.205E-008
C6- 0.478E-011
C7- 0.448E-012
C8- 0.693E-016
C10- 0.197E-016
C2H- 0.506E-020
C3H- 0.663E-018
C3N- 0.223E-014
C4H- 0.732E-015
C5H- 0.163E-011
C6H- 0.191E-008
C7H- 0.215E-014
C8H- 0.983E-017
C9- 0.616E-016
C9H- 0.311E-019
CH- 0.285E-024
O- 0.103E-011
OH- 0.123E-013
S- 0.160E-016
CN- 0.105E-013
H- 0.915E-013
C10H- 0.372E-020
C5N- 0.396E-013
O2- 0.464E-058
C 0.808E-006
C2 0.109E-008
CH2 0.810E-009
C2H2 0.400E-013
CH 0.710E-008
C2H 0.281E-010
CO2 0.969E-017
CO 0.829E-010
H2O 0.168E-010
H2CO 0.526E-015
N 0.428E-003
CN 0.186E-011
NH 0.535E-011
HCN 0.285E-013
O2 0.392E-013
O 0.286E-002
OH 0.315E-009
HCO 0.300E-013
C4 0.723E-011
C3 0.541E-010
C5 0.187E-007
C6 0.529E-011
C7 0.196E-012
C8 0.731E-016
C9 0.267E-016
C10 0.235E-016
C3H 0.134E-010
C4H 0.663E-014
C4N 0.109E-015
C5H 0.492E-011
C6H 0.433E-008
C7H 0.178E-014
C8H 0.178E-016
C9H 0.167E-019
C10H 0.528E-020
CS 0.203E-012
CH3 0.217E-011
CH3CN 0.510E-019
CH3OH 0.626E-024
OCS 0.180E-021
CH4 0.117E-013
H 0.249E-002
H2 0.354E+001
NH2 0.669E-012
NH3 0.227E-015
C10H2 0.954E-023
H2CCC 0.875E-016
HC3N 0.431E-018
HC4H 0.281E-016
C5H2 0.127E-012
HC5N 0.577E-016
C6H2 0.242E-011
C7H2 0.180E-015
C8H2 0.266E-019
C9H2 0.667E-022
HS 0.153E-011
C2N 0.114E-014
C3N 0.507E-013
C5N 0.253E-012
C7N 0.352E-016
HC7N 0.662E-020
C9N 0.240E-020
HC9N 0.152E-024
NO 0.127E-013
NS 0.316E-015
NO2 0.196E-020
SO2 0.662E-024
C2O 0.670E-015
SO 0.549E-018
HNC 0.478E-013
C2H4 0.322E-017
C2H5 0.523E-019
C2H5OH 0.193E-031
C2S 0.162E-013
C3O 0.815E-021
C3S 0.961E-017
C4H3 0.118E-015
C4S 0.283E-020
C6H6 0.473E-012
CCP 0.312E-020
CCL 0.893E-017
CH2CCH2 0.415E-015
CH2CCH 0.221E-014
CH2CN 0.392E-018
CH2CO 0.261E-017
CH3CCH 0.436E-015
CH3CHCH2 0.101E-016
CH3CHO 0.400E-023
CH3COCH3 0.458E-034
CH3OCH3 0.501E-035
CP 0.149E-019
CLO 0.203E-050
FE 0.000E+000
H2S 0.652E-015
H2SIO 0.861E-032
HCOOCH3 0.361E-040
HCP 0.498E-020
HPO 0.127E-023
MG 0.000E+000
NCCN 0.335E-017
NA 0.000E+000
P 0.425E-011
PH 0.296E-013
PO 0.328E-016
SI 0.243E-008
SIC2 0.169E-013
SIC2H 0.287E-017
SIC3 0.773E-017
SIC 0.519E-011
SICH2 0.313E-021
SICH3 0.432E-021
SIH2 0.880E-021
SIH3 0.188E-028
SIN 0.125E-015
SIS 0.299E-020
S 0.639E-008
N2 0.548E-014
C2H3 0.119E-013
CH3CH3 0.152E-017
PN 0.201E-011
CL 0.107E-005
C3H2 0.202E-014
C4P 0.403E-027
CH3C4H 0.308E-017
CH3C6H 0.156E-013
H2CS 0.133E-018
H2S2 0.303E-023
HC2P 0.421E-025
HCSI 0.238E-012
HCL 0.220E-009
HNSI 0.226E-017
HS2 0.771E-023
N2O 0.293E-022
PH2 0.504E-021
S2 0.214E-019
SIC2H2 0.194E-018
SIC3H 0.443E-017
SIC4 0.283E-018
SIH4 0.821E-030
SIH 0.120E-012
SINC 0.797E-021
SIO 0.815E-014
F 0.602E-007
HE 0.602E+000
HCNO 0.188E-022
HNCO 0.589E-021
HONC 0.653E-028
HNO 0.105E-014
HCOOH 0.695E-025
C11 0.517E-027
C2H5CN 0.223E-029
C3P 0.188E-027
CH2CHCCH 0.420E-014
CH2CHCHCH2 0.866E-052
CH2CHCN 0.877E-024
CH2NH 0.934E-027
CH2PH 0.246E-028
CH3C3N 0.504E-021
CH3C5N 0.169E-024
CH3C7N 0.192E-028
CNO 0.152E-027
H2CN 0.332E-016
H2O2 0.170E-059
HCS 0.663E-017
HF 0.142E-016
HNC3 0.193E-021
HOCN 0.607E-021
NH2CN 0.158E-027
O2H 0.439E-028
OCN 0.604E-015
SIO2 0.206E-025
HCO+ 0.894E-012
H+ 0.579E-006
HOC+ 0.253E-012
C+ 0.347E-002
C10H+ 0.161E-020
C2H4+ 0.659E-014
C2H5+ 0.935E-021
C2H5OH+ 0.161E-032
C2O+ 0.213E-017
C2S+ 0.209E-015
C3O+ 0.552E-024
C3S+ 0.726E-015
C4H3+ 0.164E-019
C4S+ 0.358E-018
C6H6+ 0.629E-008
CCP+ 0.713E-023
CCL+ 0.117E-011
CH2+ 0.157E-008
C3H4+ 0.224E-016
CH2CCH+ 0.974E-016
CH2CN+ 0.457E-020
CH2CO+ 0.183E-018
C3H6+ 0.135E-020
CH3CHO+ 0.722E-025
CH3COCH3+ 0.140E-035
CH3OCH3+ 0.501E-036
CH+ 0.100E-008
CP+ 0.154E-022
CLO+ 0.100E-052
FE+ 0.000E+000
H2CO+ 0.732E-014
H2S+ 0.765E-012
H2SIO+ 0.426E-025
C4H2+ 0.148E-015
COOCH4+ 0.351E-042
HCP+ 0.759E-023
HPO+ 0.516E-018
MG+ 0.000E+000
C2N+ 0.696E-015
CNC+ 0.156E-015
NH3+ 0.301E-012
NO+ 0.520E-014
NS+ 0.352E-015
NA+ 0.000E+000
OCS+ 0.333E-019
P+ 0.885E-007
PH+ 0.623E-016
PO+ 0.222E-016
SO+ 0.161E-013
SI+ 0.105E-003
SIC2+ 0.500E-015
SIC2H+ 0.536E-015
SIC3+ 0.130E-014
SIC+ 0.273E-012
SICH2+ 0.952E-013
SICH3+ 0.682E-023
SIH2+ 0.134E-012
SIH3+ 0.371E-021
SIN+ 0.775E-015
SIS+ 0.890E-018
C2+ 0.552E-010
S+ 0.587E-004
CN+ 0.226E-013
CO+ 0.578E-012
N2+ 0.990E-016
O2+ 0.197E-013
C2H+ 0.158E-010
C2H2+ 0.136E-010
C2H3+ 0.633E-012
C5H2+ 0.781E-018
C6H2+ 0.271E-013
C7H2+ 0.417E-017
C3H3+ 0.548E-016
CO2+ 0.978E-025
HC3N+ 0.325E-019
HCN+ 0.369E-013
C2N2+ 0.413E-020
C3+ 0.193E-013
C5+ 0.957E-014
CH3CH3+ 0.585E-019
PN+ 0.178E-017
H2O+ 0.259E-010
NH2+ 0.162E-011
O+ 0.163E-010
OH+ 0.548E-010
CH3+ 0.994E-009
CH4+ 0.239E-016
CH3OH+ 0.423E-026
N+ 0.530E-009
SO2+ 0.187E-029
CS+ 0.244E-012
CL+ 0.795E-007
C10+ 0.719E-018
C10H2+ 0.390E-024
C3H2+ 0.317E-016
C3H+ 0.320E-014
C4+ 0.378E-013
C4H+ 0.110E-013
C4P+ 0.215E-033
C5H+ 0.159E-014
C6+ 0.363E-011
C6H+ 0.397E-013
C7+ 0.583E-012
C7H+ 0.242E-013
C8+ 0.433E-016
C8H2+ 0.233E-017
C8H+ 0.371E-018
C9+ 0.329E-018
C9H2+ 0.109E-023
C9H+ 0.286E-020
CH3C4H+ 0.552E-019
C7H4+ 0.997E-021
CH3CN+ 0.122E-018
H2CS+ 0.128E-018
H2S2+ 0.569E-029
HC2P+ 0.930E-021
HC5N+ 0.434E-019
HC7N+ 0.261E-018
HC9N+ 0.138E-022
HCSI+ 0.149E-012
HCL+ 0.106E-009
HNSI+ 0.676E-018
HS2+ 0.664E-020
HS+ 0.401E-015
N2O+ 0.395E-012
NH+ 0.152E-011
PH2+ 0.716E-014
S2+ 0.319E-019
SIC2H2+ 0.115E-017
SIC3H+ 0.205E-018
SIC4+ 0.670E-018
SIH4+ 0.227E-036
SIH+ 0.834E-015
SINC+ 0.462E-017
SIO+ 0.222E-013
H2+ 0.516E-008
F+ 0.154E-021
HE+ 0.764E-006
C3N+ 0.177E-018
HCNO+ 0.374E-028
HNCO+ 0.951E-022
HONC+ 0.250E-033
HNO+ 0.324E-015
HCOOH+ 0.369E-026
NO2+ 0.226E-021
CH2CHCNH+ 0.726E-026
HCS+ 0.195E-013
C10H3+ 0.542E-031
C11+ 0.457E-020
C2H5CNH+ 0.388E-030
C2H5OH2+ 0.172E-031
C2H7+ 0.507E-030
C2NH+ 0.186E-015
C3H2O+ 0.109E-024
C3H5+ 0.476E-016
C3H7+ 0.478E-017
C4H4+ 0.161E-023
C4H5+ 0.539E-023
C4H7+ 0.120E-031
C4N+ 0.190E-020
C5H3+ 0.448E-016
C5H5+ 0.180E-019
C5N+ 0.132E-019
C6H3+ 0.408E-019
C6H4+ 0.416E-029
C6H5+ 0.630E-013
C6H7+ 0.806E-015
C7H3+ 0.224E-017
C7H5+ 0.622E-016
C7N+ 0.889E-018
C8H3+ 0.336E-021
C8H4+ 0.192E-023
C8H5+ 0.185E-037
C9H3+ 0.126E-024
C9H4+ 0.358E-028
C9H5+ 0.505E-034
C9N+ 0.469E-022
CF+ 0.761E-018
CH2CHCN+ 0.126E-021
CH2NH2+ 0.258E-037
CH3C3N+ 0.122E-022
CH3C3NH+ 0.308E-023
CH3C5NH+ 0.192E-025
CH3C7NH+ 0.220E-029
CH3CHOH+ 0.151E-026
CH3CNH+ 0.103E-019
CH3CO+ 0.519E-022
CH3COCH4+ 0.849E-034
CH3CS+ 0.141E-022
CH3OCH4+ 0.265E-035
CH3OH2+ 0.184E-023
CH4N+ 0.556E-021
CH5+ 0.667E-013
H2C4N+ 0.293E-022
H2C7N+ 0.267E-021
H2C9N+ 0.135E-025
H2CCL+ 0.131E-018
H2CNO+ 0.199E-024
H2CL+ 0.422E-011
H2F+ 0.126E-022
H2NC+ 0.868E-014
H2NCO+ 0.102E-021
H2NO+ 0.621E-022
H2OCN+ 0.102E-021
H2PO+ 0.373E-025
H3+ 0.323E-007
H3C3O+ 0.356E-025
H3C5N+ 0.174E-024
H3C7N+ 0.147E-021
H3C9N+ 0.218E-031
H3CO+ 0.362E-019
H3CS+ 0.262E-019
H3O+ 0.822E-011
H3S+ 0.305E-021
H3S2+ 0.985E-024
H3SIO+ 0.692E-034
H5C2O2+ 0.192E-040
HC2O+ 0.416E-015
HC2S+ 0.150E-015
HC3NH+ 0.211E-021
HC3O+ 0.115E-020
HC3S+ 0.114E-018
HC4N+ 0.705E-022
HC4S+ 0.160E-021
HC5NH+ 0.256E-020
HCNH+ 0.159E-013
HCNOH+ 0.526E-028
HCO2+ 0.427E-022
HCOOH2+ 0.957E-026
HF+ 0.262E-022
HN2O+ 0.154E-024
HNCOH+ 0.205E-021
HNS+ 0.944E-021
HOCN+ 0.950E-022
HOCS+ 0.114E-026
HPN+ 0.596E-019
HSO+ 0.224E-019
HSO2+ 0.105E-030
HSIO2+ 0.270E-033
HSIS+ 0.190E-021
HEH+ 0.729E-010
N2H+ 0.744E-016
NCCNCH3+ 0.269E-029
NCCNH+ 0.133E-020
NH2CNH+ 0.163E-035
NH4+ 0.203E-016
O2H+ 0.780E-022
OCN+ 0.435E-023
PC2H2+ 0.588E-025
PC2H3+ 0.293E-034
PC2H4+ 0.420E-032
PC3H+ 0.271E-028
PC4H+ 0.157E-027
PCH2+ 0.105E-020
PCH3+ 0.769E-031
PCH4+ 0.926E-029
PH3+ 0.749E-022
PNH2+ 0.246E-023
PNH3+ 0.121E-029
SIC2H3+ 0.904E-020
SIC3H2+ 0.214E-018
SIC4H+ 0.385E-025
SICH4+ 0.159E-022
SIF+ 0.118E-019
SIH5+ 0.120E-029
SINCH+ 0.345E-021
SINH2+ 0.494E-018
SIOH+ 0.553E-014
