C- 0.291E-015
E 0.317E-002
C2- 0.577E-017
C3- 0.165E-015
C4- 0.914E-012
C5- 0.138E-008
C6- 0.294E-011
C7- 0.266E-012
C8- 0.354E-016
C10- 0.898E-017
C2H- 0.325E-020
C3H- 0.415E-018
C3N- 0.133E-014
C4H- 0.398E-015
C5H- 0.974E-012
C6H- 0.136E-008
C7H- 0.114E-014
C8H- 0.580E-017
C9- 0.277E-016
C9H- 0.118E-019
CH- 0.161E-024
O- 0.806E-012
OH- 0.855E-014
S- 0.110E-016
CN- 0.630E-014
H- 0.796E-013
C10H- 0.147E-020
C5N- 0.207E-013
O2- -0.605E-058
C 0.639E-006
C2 0.784E-009
CH2 0.581E-009
C2H2 0.286E-013
CH 0.522E-008
C2H 0.201E-010
CO2 0.536E-017
CO 0.551E-010
H2O 0.139E-010
H2CO 0.331E-015
N 0.373E-003
CN 0.119E-011
NH 0.431E-011
HCN 0.202E-013
O2 0.284E-013
O 0.249E-002
OH 0.269E-009
HCO 0.200E-013
C4 0.490E-011
C3 0.395E-010
C5 0.138E-007
C6 0.350E-011
C7 0.126E-012
C8 0.402E-016
C9 0.130E-016
C10 0.116E-016
C3H 0.994E-011
C4H 0.425E-014
C4N 0.545E-016
C5H 0.298E-011
C6H 0.326E-008
C7H 0.101E-014
C8H 0.109E-016
C9H 0.657E-020
C10H 0.212E-020
CS 0.129E-012
CH3 0.156E-011
CH3CN 0.351E-019
CH3OH 0.416E-024
OCS 0.922E-022
CH4 0.846E-014
H 0.218E-002
H2 0.308E+001
NH2 0.543E-012
NH3 0.197E-015
C10H2 0.329E-023
H2CCC 0.671E-016
HC3N 0.227E-018
HC4H 0.198E-016
C5H2 0.751E-013
HC5N 0.267E-016
C6H2 0.157E-011
C7H2 0.125E-015
C8H2 0.140E-019
C9H2 0.223E-022
HS 0.117E-011
C2N 0.754E-015
C3N 0.299E-013
C5N 0.147E-012
C7N 0.183E-016
HC7N 0.348E-020
C9N 0.938E-021
HC9N 0.559E-025
NO 0.940E-014
NS 0.212E-015
NO2 0.121E-020
SO2 0.351E-024
C2O 0.455E-015
SO 0.280E-018
HNC 0.339E-013
C2H4 0.224E-017
C2H5 0.369E-019
C2H5OH 0.146E-031
C2S 0.106E-013
C3O 0.527E-021
C3S 0.577E-017
C4H3 0.835E-016
C4S 0.174E-020
C6H6 0.383E-012
CCP 0.190E-020
CCL 0.598E-017
CH2CCH2 0.336E-015
CH2CCH 0.178E-014
CH2CN 0.259E-018
CH2CO 0.163E-017
CH3CCH 0.350E-015
CH3CHCH2 0.697E-017
CH3CHO 0.250E-023
CH3COCH3 0.237E-034
CH3OCH3 0.280E-035
CP 0.918E-020
CLO 0.264E-051
FE 0.000E+000
H2S 0.502E-015
H2SIO 0.557E-032
HCOOCH3 0.174E-040
HCP 0.312E-020
HPO 0.864E-024
MG 0.000E+000
NCCN 0.102E-017
NA 0.000E+000
P 0.330E-011
PH 0.235E-013
PO 0.229E-016
SI 0.188E-008
SIC2 0.109E-013
SIC2H 0.182E-017
SIC3 0.492E-017
SIC 0.350E-011
SICH2 0.179E-021
SICH3 0.283E-021
SIH2 0.647E-021
SIH3 0.139E-028
SIN 0.753E-016
SIS 0.208E-020
S 0.493E-008
N2 0.420E-014
C2H3 0.850E-014
CH3CH3 0.107E-017
PN 0.161E-011
CL 0.928E-006
C3H2 0.156E-014
C4P 0.232E-027
CH3C4H 0.254E-017
CH3C6H 0.110E-013
H2CS 0.839E-019
H2S2 0.210E-023
HC2P 0.260E-025
HCSI 0.151E-012
HCL 0.181E-009
HNSI 0.167E-017
HS2 0.533E-023
N2O 0.214E-022
PH2 0.358E-021
S2 0.145E-019
SIC2H2 0.133E-018
SIC3H 0.324E-017
SIC4 0.440E-019
SIH4 0.603E-030
SIH 0.909E-013
SINC 0.517E-021
SIO 0.599E-014
F 0.524E-007
HE 0.524E+000
HCNO 0.132E-022
HNCO 0.376E-021
HONC 0.443E-028
HNO 0.738E-015
HCOOH 0.491E-025
C11 0.201E-027
C2H5CN 0.127E-029
C3P 0.105E-027
CH2CHCCH 0.340E-014
CH2CHCHCH2 0.339E-052
CH2CHCN 0.561E-024
CH2NH 0.472E-027
CH2PH 0.159E-028
CH3C3N 0.348E-021
CH3C5N 0.671E-025
CH3C7N 0.863E-029
CNO 0.107E-027
H2CN 0.201E-016
H2O2 0.524E-060
HCS 0.390E-017
HF 0.112E-016
HNC3 0.126E-021
HOCN 0.389E-021
NH2CN 0.914E-028
O2H 0.243E-028
OCN 0.394E-015
SIO2 0.127E-025
HCO+ 0.734E-012
H+ 0.573E-006
HOC+ 0.209E-012
C+ 0.302E-002
C10H+ 0.874E-021
C2H4+ 0.527E-014
C2H5+ 0.717E-021
C2H5OH+ 0.135E-032
C2O+ 0.144E-017
C2S+ 0.147E-015
C3O+ 0.359E-024
C3S+ 0.537E-015
C4H3+ 0.115E-019
C4S+ 0.230E-018
C6H6+ 0.546E-008
CCP+ 0.436E-023
CCL+ 0.102E-011
CH2+ 0.133E-008
C3H4+ 0.202E-016
CH2CCH+ 0.685E-016
CH2CN+ 0.291E-020
CH2CO+ 0.128E-018
C3H6+ 0.915E-021
CH3CHO+ 0.503E-025
CH3COCH3+ 0.766E-036
CH3OCH3+ 0.314E-036
CH+ 0.849E-009
CP+ 0.947E-023
CLO+ 0.128E-053
FE+ 0.000E+000
H2CO+ 0.578E-014
H2S+ 0.659E-012
H2SIO+ 0.347E-025
C4H2+ 0.109E-015
COOCH4+ 0.169E-042
HCP+ 0.464E-023
HPO+ 0.426E-018
MG+ 0.000E+000
C2N+ 0.508E-015
CNC+ 0.110E-015
NH3+ 0.275E-012
NO+ 0.501E-014
NS+ 0.286E-015
NA+ 0.000E+000
OCS+ 0.234E-019
P+ 0.771E-007
PH+ 0.486E-016
PO+ 0.189E-016
SO+ 0.137E-013
SI+ 0.916E-004
SIC2+ 0.339E-015
SIC2H+ 0.357E-015
SIC3+ 0.961E-015
SIC+ 0.202E-012
SICH2+ 0.683E-013
SICH3+ 0.484E-023
SIH2+ 0.115E-012
SIH3+ 0.308E-021
SIN+ 0.624E-015
SIS+ 0.664E-018
C2+ 0.447E-010
S+ 0.511E-004
CN+ 0.188E-013
CO+ 0.496E-012
N2+ 0.908E-016
O2+ 0.190E-013
C2H+ 0.125E-010
C2H2+ 0.106E-010
C2H3+ 0.450E-012
C5H2+ 0.528E-018
C6H2+ 0.200E-013
C7H2+ 0.311E-017
C3H3+ 0.409E-016
CO2+ 0.585E-025
HC3N+ 0.209E-019
HCN+ 0.307E-013
C2N2+ 0.143E-020
C3+ 0.138E-013
C5+ 0.736E-014
CH3CH3+ 0.456E-019
PN+ 0.161E-017
H2O+ 0.253E-010
NH2+ 0.151E-011
O+ 0.163E-010
OH+ 0.541E-010
CH3+ 0.804E-009
CH4+ 0.194E-016
CH3OH+ 0.316E-026
N+ 0.567E-009
SO2+ 0.118E-029
CS+ 0.179E-012
CL+ 0.735E-007
C10+ 0.403E-018
C10H2+ 0.153E-024
C3H2+ 0.225E-016
C3H+ 0.225E-014
C4+ 0.281E-013
C4H+ 0.842E-014
C4P+ 0.141E-033
C5H+ 0.121E-014
C6+ 0.264E-011
C6H+ 0.288E-013
C7+ 0.440E-012
C7H+ 0.179E-013
C8+ 0.273E-016
C8H2+ 0.163E-017
C8H+ 0.257E-018
C9+ 0.184E-018
C9H2+ 0.498E-024
C9H+ 0.156E-020
CH3C4H+ 0.471E-019
C7H4+ 0.792E-021
CH3CN+ 0.964E-019
H2CS+ 0.904E-019
H2S2+ 0.444E-029
HC2P+ 0.653E-021
HC5N+ 0.292E-019
HC7N+ 0.161E-018
HC9N+ 0.608E-023
HCSI+ 0.109E-012
HCL+ 0.140E-009
HNSI+ 0.572E-018
HS2+ 0.511E-020
HS+ 0.332E-015
N2O+ 0.344E-012
NH+ 0.140E-011
PH2+ 0.638E-014
S2+ 0.246E-019
SIC2H2+ 0.823E-018
SIC3H+ 0.158E-018
SIC4+ 0.432E-018
SIH4+ 0.186E-036
SIH+ 0.680E-015
SINC+ 0.328E-017
SIO+ 0.190E-013
H2+ 0.511E-008
F+ 0.134E-021
HE+ 0.723E-006
C3N+ 0.116E-018
HCNO+ 0.290E-028
HNCO+ 0.699E-022
HONC+ 0.186E-033
HNO+ 0.309E-015
HCOOH+ 0.294E-026
NO2+ 0.200E-021
CH2CHCNH+ 0.509E-026
HCS+ 0.140E-013
C10H3+ 0.223E-031
C11+ 0.223E-020
C2H5CNH+ 0.246E-030
C2H5OH2+ 0.142E-031
C2H7+ 0.386E-030
C2NH+ 0.142E-015
C3H2O+ 0.686E-025
C3H5+ 0.348E-016
C3H7+ 0.363E-017
C4H4+ 0.125E-023
C4H5+ 0.403E-023
C4H7+ 0.662E-032
C4N+ 0.999E-021
C5H3+ 0.357E-016
C5H5+ 0.157E-019
C5N+ 0.998E-020
C6H3+ 0.298E-019
C6H4+ 0.249E-029
C6H5+ 0.543E-013
C6H7+ 0.683E-015
C7H3+ 0.157E-017
C7H5+ 0.499E-016
C7N+ 0.553E-018
C8H3+ 0.207E-021
C8H4+ 0.131E-023
C8H5+ 0.112E-037
C9H3+ 0.787E-025
C9H4+ 0.216E-028
C9H5+ 0.348E-034
C9N+ 0.209E-022
CF+ 0.591E-018
CH2CHCN+ 0.906E-022
CH2NH2+ 0.179E-037
CH3C3N+ 0.879E-023
CH3C3NH+ 0.219E-023
CH3C5NH+ 0.860E-026
CH3C7NH+ 0.112E-029
CH3CHOH+ 0.122E-026
CH3CNH+ 0.793E-020
CH3CO+ 0.330E-022
CH3COCH4+ 0.482E-034
CH3CS+ 0.953E-023
CH3OCH4+ 0.166E-035
CH3OH2+ 0.138E-023
CH4N+ 0.420E-021
CH5+ 0.544E-013
H2C4N+ 0.213E-022
H2C7N+ 0.163E-021
H2C9N+ 0.590E-026
H2CCL+ 0.100E-018
H2CNO+ 0.227E-024
H2CL+ 0.625E-011
H2F+ 0.107E-022
H2NC+ 0.691E-014
H2NCO+ 0.738E-022
H2NO+ 0.489E-022
H2OCN+ 0.740E-022
H2PO+ 0.315E-025
H3+ 0.314E-007
H3C3O+ 0.204E-025
H3C5N+ 0.147E-024
H3C7N+ 0.117E-021
H3C9N+ 0.109E-031
H3CO+ 0.288E-019
H3CS+ 0.186E-019
H3O+ 0.790E-011
H3S+ 0.253E-021
H3S2+ 0.771E-024
H3SIO+ 0.564E-034
H5C2O2+ 0.105E-040
HC2O+ 0.318E-015
HC2S+ 0.104E-015
HC3NH+ 0.150E-021
HC3O+ 0.836E-021
HC3S+ 0.880E-019
HC4N+ 0.518E-022
HC4S+ 0.110E-021
HC5NH+ 0.168E-020
HCNH+ 0.129E-013
HCNOH+ 0.405E-028
HCO2+ 0.342E-022
HCOOH2+ 0.759E-026
HF+ 0.226E-022
HN2O+ 0.126E-024
HNCOH+ 0.148E-021
HNS+ 0.763E-021
HOCN+ 0.699E-022
HOCS+ 0.688E-027
HPN+ 0.531E-019
HSO+ 0.192E-019
HSO2+ 0.681E-031
HSIO2+ 0.182E-033
HSIS+ 0.142E-021
HEH+ 0.721E-010
N2H+ 0.666E-016
NCCNCH3+ 0.746E-030
NCCNH+ 0.451E-021
NH2CNH+ 0.104E-035
NH4+ 0.198E-016
O2H+ 0.631E-022
OCN+ 0.304E-023
PC2H2+ 0.398E-025
PC2H3+ 0.178E-034
PC2H4+ 0.290E-032
PC3H+ 0.169E-028
PC4H+ 0.102E-027
PCH2+ 0.748E-021
PCH3+ 0.490E-031
PCH4+ 0.673E-029
PH3+ 0.602E-022
PNH2+ 0.214E-023
PNH3+ 0.108E-029
SIC2H3+ 0.686E-020
SIC3H2+ 0.172E-018
SIC4H+ 0.173E-025
SICH4+ 0.117E-022
SIF+ 0.925E-020
SIH5+ 0.998E-030
SINCH+ 0.253E-021
SINH2+ 0.412E-018
SIOH+ 0.465E-014
