C- 0.203E-015
E 0.276E-002
C2- 0.375E-017
C3- 0.885E-016
C4- 0.554E-012
C5- 0.913E-009
C6- 0.178E-011
C7- 0.157E-012
C8- 0.181E-016
C10- 0.397E-017
C2H- 0.207E-020
C3H- 0.261E-018
C3N- 0.782E-015
C4H- 0.214E-015
C5H- 0.576E-012
C6H- 0.951E-009
C7H- 0.604E-015
C8H- 0.339E-017
C9- 0.121E-016
C9H- 0.430E-020
CH- 0.900E-025
O- 0.630E-012
OH- 0.590E-014
S- 0.752E-017
CN- 0.371E-014
H- 0.692E-013
C10H- 0.561E-021
C5N- 0.106E-013
O2- 0.292E-060
C 0.505E-006
C2 0.558E-009
CH2 0.415E-009
C2H2 0.203E-013
CH 0.382E-008
C2H 0.143E-010
CO2 0.290E-017
CO 0.367E-010
H2O 0.108E-010
H2CO 0.207E-015
N 0.325E-003
CN 0.756E-012
NH 0.346E-011
HCN 0.143E-013
O2 0.202E-013
O 0.217E-002
OH 0.223E-009
HCO 0.131E-013
C4 0.331E-011
C3 0.285E-010
C5 0.100E-007
C6 0.230E-011
C7 0.808E-013
C8 0.221E-016
C9 0.620E-017
C10 0.557E-017
C3H 0.730E-011
C4H 0.274E-014
C4N 0.269E-016
C5H 0.179E-011
C6H 0.243E-008
C7H 0.571E-015
C8H 0.669E-017
C9H 0.251E-020
C10H 0.824E-021
CS 0.818E-013
CH3 0.111E-011
CH3CN 0.241E-019
CH3OH 0.259E-024
OCS 0.471E-022
CH4 0.609E-014
H 0.190E-002
H2 0.268E+001
NH2 0.440E-012
NH3 0.172E-015
C10H2 0.109E-023
H2CCC 0.517E-016
HC3N 0.118E-018
HC4H 0.138E-016
C5H2 0.439E-013
HC5N 0.122E-016
C6H2 0.102E-011
C7H2 0.869E-016
C8H2 0.730E-020
C9H2 0.723E-023
HS 0.890E-012
C2N 0.500E-015
C3N 0.173E-013
C5N 0.845E-013
C7N 0.938E-017
HC7N 0.187E-020
C9N 0.357E-021
HC9N 0.200E-025
NO 0.692E-014
NS 0.142E-015
NO2 0.738E-021
SO2 0.162E-024
C2O 0.307E-015
SO 0.112E-018
HNC 0.239E-013
C2H4 0.160E-017
C2H5 0.279E-019
C2H5OH 0.113E-031
C2S 0.684E-014
C3O 0.339E-021
C3S 0.351E-017
C4H3 0.586E-016
C4S 0.106E-020
C6H6 0.309E-012
CCP 0.113E-020
CCL 0.392E-017
CH2CCH2 0.271E-015
CH2CCH 0.143E-014
CH2CN 0.171E-018
CH2CO 0.101E-017
CH3CCH 0.280E-015
CH3CHCH2 0.488E-017
CH3CHO 0.172E-023
CH3COCH3 0.142E-034
CH3OCH3 0.148E-035
CP 0.559E-020
CLO 0.498E-052
FE 0.000E+000
H2S 0.386E-015
H2SIO 0.359E-032
HCOOCH3 0.785E-041
HCP 0.195E-020
HPO 0.588E-024
MG 0.000E+000
NCCN 0.289E-018
NA 0.000E+000
P 0.256E-011
PH 0.186E-013
PO 0.159E-016
SI 0.146E-008
SIC2 0.695E-014
SIC2H 0.115E-017
SIC3 0.317E-017
SIC 0.235E-011
SICH2 0.102E-021
SICH3 0.183E-021
SIH2 0.474E-021
SIH3 0.102E-028
SIN 0.451E-016
SIS 0.143E-020
S 0.381E-008
N2 0.323E-014
C2H3 0.604E-014
CH3CH3 0.775E-018
PN 0.127E-011
CL 0.802E-006
C3H2 0.121E-014
C4P 0.133E-027
CH3C4H 0.208E-017
CH3C6H 0.774E-014
H2CS 0.525E-019
H2S2 0.145E-023
HC2P 0.174E-025
HCSI 0.959E-013
HCL 0.135E-009
HNSI 0.123E-017
HS2 0.368E-023
N2O 0.146E-022
PH2 0.255E-021
S2 0.985E-020
SIC2H2 0.914E-019
SIC3H 0.235E-017
SIC4 0.600E-020
SIH4 0.442E-030
SIH 0.690E-013
SINC 0.335E-021
SIO 0.431E-014
F 0.456E-007
HE 0.456E+000
HCNO 0.868E-023
HNCO 0.238E-021
HONC 0.303E-028
HNO 0.519E-015
HCOOH 0.331E-025
C11 0.616E-028
C2H5CN 0.711E-030
C3P 0.579E-028
CH2CHCCH 0.274E-014
CH2CHCHCH2 0.147E-052
CH2CHCN 0.357E-024
CH2NH 0.195E-027
CH2PH 0.101E-028
CH3C3N 0.237E-021
CH3C5N 0.260E-025
CH3C7N 0.393E-029
CNO 0.764E-028
H2CN 0.121E-016
H2O2 0.185E-060
HCS 0.229E-017
HF 0.869E-017
HNC3 0.827E-022
HOCN 0.247E-021
NH2CN 0.525E-028
O2H 0.134E-028
OCN 0.255E-015
SIO2 0.775E-026
HCO+ 0.598E-012
H+ 0.569E-006
HOC+ 0.166E-012
C+ 0.263E-002
C10H+ 0.463E-021
C2H4+ 0.419E-014
C2H5+ 0.594E-021
C2H5OH+ 0.117E-032
C2O+ 0.975E-018
C2S+ 0.103E-015
C3O+ 0.233E-024
C3S+ 0.394E-015
C4H3+ 0.806E-020
C4S+ 0.148E-018
C6H6+ 0.475E-008
CCP+ 0.262E-023
CCL+ 0.817E-012
CH2+ 0.113E-008
C3H4+ 0.182E-016
CH2CCH+ 0.480E-016
CH2CN+ 0.184E-020
CH2CO+ 0.894E-019
C3H6+ 0.632E-021
CH3CHO+ 0.386E-025
CH3COCH3+ 0.496E-036
CH3OCH3+ 0.187E-036
CH+ 0.718E-009
CP+ 0.574E-023
CLO+ 0.216E-054
FE+ 0.000E+000
H2CO+ 0.455E-014
H2S+ 0.568E-012
H2SIO+ 0.282E-025
C4H2+ 0.810E-016
COOCH4+ 0.770E-043
HCP+ 0.280E-023
HPO+ 0.332E-018
MG+ 0.000E+000
C2N+ 0.370E-015
CNC+ 0.777E-016
NH3+ 0.251E-012
NO+ 0.481E-014
NS+ 0.233E-015
NA+ 0.000E+000
OCS+ 0.164E-019
P+ 0.671E-007
PH+ 0.379E-016
PO+ 0.157E-016
SO+ 0.114E-013
SI+ 0.797E-004
SIC2+ 0.230E-015
SIC2H+ 0.238E-015
SIC3+ 0.706E-015
SIC+ 0.148E-012
SICH2+ 0.489E-013
SICH3+ 0.342E-023
SIH2+ 0.985E-013
SIH3+ 0.254E-021
SIN+ 0.501E-015
SIS+ 0.495E-018
C2+ 0.359E-010
S+ 0.445E-004
CN+ 0.155E-013
CO+ 0.415E-012
N2+ 0.830E-016
O2+ 0.183E-013
C2H+ 0.987E-011
C2H2+ 0.822E-011
C2H3+ 0.331E-012
C5H2+ 0.353E-018
C6H2+ 0.147E-013
C7H2+ 0.231E-017
C3H3+ 0.304E-016
CO2+ 0.341E-025
HC3N+ 0.133E-019
HCN+ 0.255E-013
C2N2+ 0.461E-021
C3+ 0.985E-014
C5+ 0.567E-014
CH3CH3+ 0.370E-019
PN+ 0.146E-017
H2O+ 0.246E-010
NH2+ 0.140E-011
O+ 0.163E-010
OH+ 0.534E-010
CH3+ 0.649E-009
CH4+ 0.156E-016
CH3OH+ 0.221E-026
N+ 0.601E-009
SO2+ 0.659E-030
CS+ 0.131E-012
CL+ 0.700E-007
C10+ 0.220E-018
C10H2+ 0.579E-025
C3H2+ 0.160E-016
C3H+ 0.158E-014
C4+ 0.208E-013
C4H+ 0.640E-014
C4P+ 0.921E-034
C5H+ 0.923E-015
C6+ 0.190E-011
C6H+ 0.207E-013
C7+ 0.330E-012
C7H+ 0.131E-013
C8+ 0.171E-016
C8H2+ 0.113E-017
C8H+ 0.178E-018
C9+ 0.101E-018
C9H2+ 0.238E-024
C9H+ 0.836E-021
CH3C4H+ 0.402E-019
C7H4+ 0.630E-021
CH3CN+ 0.756E-019
H2CS+ 0.635E-019
H2S2+ 0.348E-029
HC2P+ 0.454E-021
HC5N+ 0.195E-019
HC7N+ 0.992E-019
HC9N+ 0.261E-023
HCSI+ 0.791E-013
HCL+ 0.159E-009
HNSI+ 0.485E-018
HS2+ 0.393E-020
HS+ 0.274E-015
N2O+ 0.299E-012
NH+ 0.128E-011
PH2+ 0.568E-014
S2+ 0.189E-019
SIC2H2+ 0.585E-018
SIC3H+ 0.123E-018
SIC4+ 0.280E-018
SIH4+ 0.152E-036
SIH+ 0.552E-015
SINC+ 0.232E-017
SIO+ 0.157E-013
H2+ 0.504E-008
F+ 0.115E-021
HE+ 0.685E-006
C3N+ 0.756E-019
HCNO+ 0.212E-028
HNCO+ 0.510E-022
HONC+ 0.141E-033
HNO+ 0.293E-015
HCOOH+ 0.225E-026
NO2+ 0.179E-021
CH2CHCNH+ 0.356E-026
HCS+ 0.100E-013
C10H3+ 0.905E-032
C11+ 0.106E-020
C2H5CNH+ 0.155E-030
C2H5OH2+ 0.120E-031
C2H7+ 0.305E-030
C2NH+ 0.108E-015
C3H2O+ 0.428E-025
C3H5+ 0.253E-016
C3H7+ 0.274E-017
C4H4+ 0.957E-024
C4H5+ 0.299E-023
C4H7+ 0.394E-032
C4N+ 0.520E-021
C5H3+ 0.283E-016
C5H5+ 0.136E-019
C5N+ 0.756E-020
C6H3+ 0.217E-019
C6H4+ 0.149E-029
C6H5+ 0.468E-013
C6H7+ 0.578E-015
C7H3+ 0.109E-017
C7H5+ 0.398E-016
C7N+ 0.345E-018
C8H3+ 0.131E-021
C8H4+ 0.892E-024
C8H5+ 0.674E-038
C9H3+ 0.487E-025
C9H4+ 0.133E-028
C9H5+ 0.237E-034
C9N+ 0.904E-023
CF+ 0.456E-018
CH2CHCN+ 0.650E-022
CH2NH2+ 0.972E-038
CH3C3N+ 0.630E-023
CH3C3NH+ 0.155E-023
CH3C5NH+ 0.377E-026
CH3C7NH+ 0.577E-030
CH3CHOH+ 0.984E-027
CH3CNH+ 0.607E-020
CH3CO+ 0.209E-022
CH3COCH4+ 0.305E-034
CH3CS+ 0.661E-023
CH3OCH4+ 0.971E-036
CH3OH2+ 0.981E-024
CH4N+ 0.314E-021
CH5+ 0.442E-013
H2C4N+ 0.155E-022
H2C7N+ 0.100E-021
H2C9N+ 0.251E-026
H2CCL+ 0.700E-019
H2CNO+ 0.202E-024
H2CL+ 0.711E-011
H2F+ 0.905E-023
H2NC+ 0.547E-014
H2NCO+ 0.529E-022
H2NO+ 0.383E-022
H2OCN+ 0.530E-022
H2PO+ 0.250E-025
H3+ 0.305E-007
H3C3O+ 0.122E-025
H3C5N+ 0.125E-024
H3C7N+ 0.924E-022
H3C9N+ 0.555E-032
H3CO+ 0.226E-019
H3CS+ 0.132E-019
H3O+ 0.757E-011
H3S+ 0.209E-021
H3S2+ 0.604E-024
H3SIO+ 0.458E-034
H5C2O2+ 0.529E-041
HC2O+ 0.241E-015
HC2S+ 0.718E-016
HC3NH+ 0.107E-021
HC3O+ 0.608E-021
HC3S+ 0.682E-019
HC4N+ 0.379E-022
HC4S+ 0.759E-022
HC5NH+ 0.110E-020
HCNH+ 0.105E-013
HCNOH+ 0.298E-028
HCO2+ 0.264E-022
HCOOH2+ 0.564E-026
HF+ 0.193E-022
HN2O+ 0.977E-025
HNCOH+ 0.106E-021
HNS+ 0.616E-021
HOCN+ 0.510E-022
HOCS+ 0.344E-027
HPN+ 0.470E-019
HSO+ 0.164E-019
HSO2+ 0.397E-031
HSIO2+ 0.122E-033
HSIS+ 0.106E-021
HEH+ 0.712E-010
N2H+ 0.595E-016
NCCNCH3+ 0.193E-030
NCCNH+ 0.144E-021
NH2CNH+ 0.659E-036
NH4+ 0.194E-016
O2H+ 0.500E-022
OCN+ 0.212E-023
PC2H2+ 0.278E-025
PC2H3+ 0.111E-034
PC2H4+ 0.208E-032
PC3H+ 0.105E-028
PC4H+ 0.663E-028
PCH2+ 0.528E-021
PCH3+ 0.310E-031
PCH4+ 0.487E-029
PH3+ 0.484E-022
PNH2+ 0.187E-023
PNH3+ 0.963E-030
SIC2H3+ 0.522E-020
SIC3H2+ 0.138E-018
SIC4H+ 0.101E-025
SICH4+ 0.855E-023
SIF+ 0.721E-020
SIH5+ 0.825E-030
SINCH+ 0.186E-021
SINH2+ 0.344E-018
SIOH+ 0.379E-014
