C- 0.141E-015
E 0.240E-002
C2- 0.240E-017
C3- 0.467E-016
C4- 0.330E-012
C5- 0.595E-009
C6- 0.107E-011
C7- 0.912E-013
C8- 0.919E-017
C10- 0.170E-017
C2H- 0.131E-020
C3H- 0.165E-018
C3N- 0.453E-015
C4H- 0.113E-015
C5H- 0.336E-012
C6H- 0.658E-009
C7H- 0.316E-015
C8H- 0.196E-017
C9- 0.514E-017
C9H- 0.152E-020
CH- 0.499E-025
O- 0.490E-012
OH- 0.405E-014
S- 0.514E-017
CN- 0.215E-014
H- 0.602E-013
C10H- 0.207E-021
C5N- 0.537E-014
O2- 0.256E-060
C 0.401E-006
C2 0.393E-009
CH2 0.295E-009
C2H2 0.143E-013
CH 0.279E-008
C2H 0.101E-010
CO2 0.154E-017
CO 0.246E-010
H2O 0.939E-011
H2CO 0.129E-015
N 0.283E-003
CN 0.478E-012
NH 0.277E-011
HCN 0.101E-013
O2 0.148E-013
O 0.189E-002
OH 0.193E-009
HCO 0.854E-014
C4 0.223E-011
C3 0.204E-010
C5 0.720E-008
C6 0.149E-011
C7 0.513E-013
C8 0.122E-016
C9 0.287E-017
C10 0.260E-017
C3H 0.532E-011
C4H 0.178E-014
C4N 0.131E-016
C5H 0.106E-011
C6H 0.179E-008
C7H 0.322E-015
C8H 0.407E-017
C9H 0.926E-021
C10H 0.310E-021
CS 0.516E-013
CH3 0.791E-012
CH3CN 0.163E-019
CH3OH 0.182E-024
OCS 0.240E-022
CH4 0.434E-014
H 0.166E-002
H2 0.234E+001
NH2 0.355E-012
NH3 0.151E-015
C10H2 0.351E-024
H2CCC 0.400E-016
HC3N 0.608E-019
HC4H 0.965E-017
C5H2 0.254E-013
HC5N 0.547E-017
C6H2 0.656E-012
C7H2 0.601E-016
C8H2 0.380E-020
C9H2 0.229E-023
HS 0.680E-012
C2N 0.329E-015
C3N 0.990E-014
C5N 0.478E-013
C7N 0.478E-017
HC7N 0.102E-020
C9N 0.131E-021
HC9N 0.696E-026
NO 0.520E-014
NS 0.946E-016
NO2 0.450E-021
SO2 0.648E-025
C2O 0.206E-015
SO 0.380E-019
HNC 0.169E-013
C2H4 0.115E-017
C2H5 0.222E-019
C2H5OH 0.897E-032
C2S 0.439E-014
C3O 0.217E-021
C3S 0.216E-017
C4H3 0.409E-016
C4S 0.648E-021
C6H6 0.248E-012
CCP 0.658E-021
CCL 0.251E-017
CH2CCH2 0.217E-015
CH2CCH 0.114E-014
CH2CN 0.112E-018
CH2CO 0.621E-018
CH3CCH 0.223E-015
CH3CHCH2 0.343E-017
CH3CHO 0.126E-023
CH3COCH3 0.949E-035
CH3OCH3 0.857E-036
CP 0.337E-020
CLO 0.288E-052
FE 0.000E+000
H2S 0.297E-015
H2SIO 0.229E-032
HCOOCH3 0.393E-041
HCP 0.121E-020
HPO 0.410E-024
MG 0.000E+000
NCCN 0.766E-019
NA 0.000E+000
P 0.199E-011
PH 0.148E-013
PO 0.111E-016
SI 0.113E-008
SIC2 0.442E-014
SIC2H 0.722E-018
SIC3 0.207E-017
SIC 0.156E-011
SICH2 0.576E-022
SICH3 0.118E-021
SIH2 0.345E-021
SIH3 0.747E-029
SIN 0.269E-016
SIS 0.985E-021
S 0.294E-008
N2 0.250E-014
C2H3 0.426E-014
CH3CH3 0.573E-018
PN 0.100E-011
CL 0.691E-006
C3H2 0.941E-015
C4P 0.759E-028
CH3C4H 0.168E-017
CH3C6H 0.542E-014
H2CS 0.326E-019
H2S2 0.100E-023
HC2P 0.123E-025
HCSI 0.605E-013
HCL 0.924E-010
HNSI 0.910E-018
HS2 0.254E-023
N2O 0.114E-022
PH2 0.181E-021
S2 0.668E-020
SIC2H2 0.626E-019
SIC3H 0.170E-017
SIC4 0.708E-021
SIH4 0.322E-030
SIH 0.523E-013
SINC 0.217E-021
SIO 0.324E-014
F 0.398E-007
HE 0.397E+000
HCNO 0.541E-023
HNCO 0.150E-021
HONC 0.206E-028
HNO 0.364E-015
HCOOH 0.244E-025
C11 0.183E-028
C2H5CN 0.394E-030
C3P 0.319E-028
CH2CHCCH 0.220E-014
CH2CHCHCH2 0.677E-053
CH2CHCN 0.225E-024
CH2NH 0.658E-028
CH2PH 0.644E-029
CH3C3N 0.161E-021
CH3C5N 0.985E-026
CH3C7N 0.182E-029
CNO 0.552E-028
H2CN 0.723E-017
H2O2 0.878E-061
HCS 0.134E-017
HF 0.682E-017
HNC3 0.543E-022
HOCN 0.155E-021
NH2CN 0.300E-028
O2H 0.741E-029
OCN 0.164E-015
SIO2 0.483E-026
HCO+ 0.493E-012
H+ 0.568E-006
HOC+ 0.140E-012
C+ 0.229E-002
C10H+ 0.239E-021
C2H4+ 0.330E-014
C2H5+ 0.521E-021
C2H5OH+ 0.107E-032
C2O+ 0.654E-018
C2S+ 0.721E-016
C3O+ 0.150E-024
C3S+ 0.287E-015
C4H3+ 0.560E-020
C4S+ 0.959E-019
C6H6+ 0.412E-008
CCP+ 0.155E-023
CCL+ 0.608E-012
CH2+ 0.950E-009
C3H4+ 0.163E-016
CH2CCH+ 0.335E-016
CH2CN+ 0.116E-020
CH2CO+ 0.618E-019
C3H6+ 0.442E-021
CH3CHO+ 0.317E-025
CH3COCH3+ 0.367E-036
CH3OCH3+ 0.121E-036
CH+ 0.605E-009
CP+ 0.343E-023
CLO+ 0.108E-054
FE+ 0.000E+000
H2CO+ 0.356E-014
H2S+ 0.490E-012
H2SIO+ 0.228E-025
C4H2+ 0.595E-016
COOCH4+ 0.383E-043
HCP+ 0.167E-023
HPO+ 0.290E-018
MG+ 0.000E+000
C2N+ 0.269E-015
CNC+ 0.548E-016
NH3+ 0.228E-012
NO+ 0.462E-014
NS+ 0.189E-015
NA+ 0.000E+000
OCS+ 0.115E-019
P+ 0.585E-007
PH+ 0.295E-016
PO+ 0.136E-016
SO+ 0.992E-014
SI+ 0.695E-004
SIC2+ 0.155E-015
SIC2H+ 0.158E-015
SIC3+ 0.515E-015
SIC+ 0.109E-012
SICH2+ 0.349E-013
SICH3+ 0.240E-023
SIH2+ 0.843E-013
SIH3+ 0.209E-021
SIN+ 0.401E-015
SIS+ 0.369E-018
C2+ 0.286E-010
S+ 0.388E-004
CN+ 0.128E-013
CO+ 0.360E-012
N2+ 0.755E-016
O2+ 0.175E-013
C2H+ 0.771E-011
C2H2+ 0.632E-011
C2H3+ 0.248E-012
C5H2+ 0.233E-018
C6H2+ 0.108E-013
C7H2+ 0.170E-017
C3H3+ 0.226E-016
CO2+ 0.195E-025
HC3N+ 0.836E-020
HCN+ 0.211E-013
C2N2+ 0.139E-021
C3+ 0.698E-014
C5+ 0.438E-014
CH3CH3+ 0.309E-019
PN+ 0.132E-017
H2O+ 0.238E-010
NH2+ 0.130E-011
O+ 0.163E-010
OH+ 0.525E-010
CH3+ 0.520E-009
CH4+ 0.124E-016
CH3OH+ 0.174E-026
N+ 0.632E-009
SO2+ 0.326E-030
CS+ 0.951E-013
CL+ 0.683E-007
C10+ 0.116E-018
C10H2+ 0.212E-025
C3H2+ 0.112E-016
C3H+ 0.110E-014
C4+ 0.153E-013
C4H+ 0.482E-014
C4P+ 0.601E-034
C5H+ 0.705E-015
C6+ 0.135E-011
C6H+ 0.147E-013
C7+ 0.245E-012
C7H+ 0.953E-014
C8+ 0.107E-016
C8H2+ 0.784E-018
C8H+ 0.122E-018
C9+ 0.536E-019
C9H2+ 0.119E-024
C9H+ 0.438E-021
CH3C4H+ 0.343E-019
C7H4+ 0.499E-021
CH3CN+ 0.588E-019
H2CS+ 0.444E-019
H2S2+ 0.273E-029
HC2P+ 0.312E-021
HC5N+ 0.129E-019
HC7N+ 0.612E-019
HC9N+ 0.108E-023
HCSI+ 0.574E-013
HCL+ 0.161E-009
HNSI+ 0.411E-018
HS2+ 0.303E-020
HS+ 0.226E-015
N2O+ 0.261E-012
NH+ 0.117E-011
PH2+ 0.507E-014
S2+ 0.146E-019
SIC2H2+ 0.412E-018
SIC3H+ 0.952E-019
SIC4+ 0.183E-018
SIH4+ 0.123E-036
SIH+ 0.447E-015
SINC+ 0.164E-017
SIO+ 0.137E-013
H2+ 0.498E-008
F+ 0.999E-022
HE+ 0.647E-006
C3N+ 0.484E-019
HCNO+ 0.147E-028
HNCO+ 0.369E-022
HONC+ 0.107E-033
HNO+ 0.277E-015
HCOOH+ 0.187E-026
NO2+ 0.160E-021
CH2CHCNH+ 0.246E-026
HCS+ 0.717E-014
C10H3+ 0.363E-032
C11+ 0.489E-021
C2H5CNH+ 0.957E-031
C2H5OH2+ 0.101E-031
C2H7+ 0.248E-030
C2NH+ 0.812E-016
C3H2O+ 0.267E-025
C3H5+ 0.183E-016
C3H7+ 0.206E-017
C4H4+ 0.731E-024
C4H5+ 0.220E-023
C4H7+ 0.247E-032
C4N+ 0.268E-021
C5H3+ 0.223E-016
C5H5+ 0.117E-019
C5N+ 0.572E-020
C6H3+ 0.158E-019
C6H4+ 0.886E-030
C6H5+ 0.404E-013
C6H7+ 0.490E-015
C7H3+ 0.757E-018
C7H5+ 0.316E-016
C7N+ 0.215E-018
C8H3+ 0.834E-022
C8H4+ 0.595E-024
C8H5+ 0.402E-038
C9H3+ 0.297E-025
C9H4+ 0.836E-029
C9H5+ 0.161E-034
C9N+ 0.379E-023
CF+ 0.354E-018
CH2CHCN+ 0.463E-022
CH2NH2+ 0.566E-038
CH3C3N+ 0.449E-023
CH3C3NH+ 0.109E-023
CH3C5NH+ 0.162E-026
CH3C7NH+ 0.303E-030
CH3CHOH+ 0.783E-027
CH3CNH+ 0.461E-020
CH3CO+ 0.133E-022
CH3COCH4+ 0.208E-034
CH3CS+ 0.467E-023
CH3OCH4+ 0.637E-036
CH3OH2+ 0.769E-024
CH4N+ 0.234E-021
CH5+ 0.357E-013
H2C4N+ 0.111E-022
H2C7N+ 0.617E-022
H2C9N+ 0.103E-026
H2CCL+ 0.449E-019
H2CNO+ 0.150E-024
H2CL+ 0.667E-011
H2F+ 0.769E-023
H2NC+ 0.431E-014
H2NCO+ 0.376E-022
H2NO+ 0.299E-022
H2OCN+ 0.377E-022
H2PO+ 0.225E-025
H3+ 0.295E-007
H3C3O+ 0.756E-026
H3C5N+ 0.105E-024
H3C7N+ 0.726E-022
H3C9N+ 0.287E-032
H3CO+ 0.179E-019
H3CS+ 0.925E-020
H3O+ 0.722E-011
H3S+ 0.172E-021
H3S2+ 0.473E-024
H3SIO+ 0.371E-034
H5C2O2+ 0.300E-041
HC2O+ 0.182E-015
HC2S+ 0.492E-016
HC3NH+ 0.774E-022
HC3O+ 0.439E-021
HC3S+ 0.529E-019
HC4N+ 0.276E-022
HC4S+ 0.520E-022
HC5NH+ 0.709E-021
HCNH+ 0.850E-014
HCNOH+ 0.210E-028
HCO2+ 0.216E-022
HCOOH2+ 0.472E-026
HF+ 0.166E-022
HN2O+ 0.840E-025
HNCOH+ 0.755E-022
HNS+ 0.496E-021
HOCN+ 0.369E-022
HOCS+ 0.148E-027
HPN+ 0.412E-019
HSO+ 0.139E-019
HSO2+ 0.208E-031
HSIO2+ 0.830E-034
HSIS+ 0.788E-022
HEH+ 0.701E-010
N2H+ 0.528E-016
NCCNCH3+ 0.464E-031
NCCNH+ 0.426E-022
NH2CNH+ 0.415E-036
NH4+ 0.191E-016
O2H+ 0.407E-022
OCN+ 0.148E-023
PC2H2+ 0.199E-025
PC2H3+ 0.712E-035
PC2H4+ 0.152E-032
PC3H+ 0.645E-029
PC4H+ 0.427E-028
PCH2+ 0.370E-021
PCH3+ 0.194E-031
PCH4+ 0.350E-029
PH3+ 0.389E-022
PNH2+ 0.163E-023
PNH3+ 0.862E-030
SIC2H3+ 0.397E-020
SIC3H2+ 0.110E-018
SIC4H+ 0.649E-026
SICH4+ 0.621E-023
SIF+ 0.565E-020
SIH5+ 0.680E-030
SINCH+ 0.136E-021
SINH2+ 0.286E-018
SIOH+ 0.325E-014
