C- 0.983E-016
E 0.209E-002
C2- 0.153E-017
C3- 0.244E-016
C4- 0.195E-012
C5- 0.383E-009
C6- 0.633E-012
C7- 0.527E-013
C8- 0.470E-017
C10- 0.711E-018
C2H- 0.821E-021
C3H- 0.104E-018
C3N- 0.258E-015
C4H- 0.589E-016
C5H- 0.194E-012
C6H- 0.448E-009
C7H- 0.166E-015
C8H- 0.113E-017
C9- 0.213E-017
C9H- 0.522E-021
CH- 0.274E-025
O- 0.381E-012
OH- 0.277E-014
S- 0.351E-017
CN- 0.122E-014
H- 0.524E-013
C10H- 0.742E-022
C5N- 0.268E-014
O2- 0.288E-060
C 0.319E-006
C2 0.275E-009
CH2 0.208E-009
C2H2 0.101E-013
CH 0.204E-008
C2H 0.714E-011
CO2 0.877E-018
CO 0.167E-010
H2O 0.792E-011
H2CO 0.802E-016
N 0.246E-003
CN 0.313E-012
NH 0.221E-011
HCN 0.719E-014
O2 0.107E-013
O 0.165E-002
OH 0.166E-009
HCO 0.584E-014
C4 0.150E-011
C3 0.145E-010
C5 0.511E-008
C6 0.962E-012
C7 0.325E-013
C8 0.677E-017
C9 0.130E-017
C10 0.118E-017
C3H 0.385E-011
C4H 0.115E-014
C4N 0.637E-017
C5H 0.619E-012
C6H 0.131E-008
C7H 0.182E-015
C8H 0.246E-017
C9H 0.334E-021
C10H 0.114E-021
CS 0.326E-013
CH3 0.560E-012
CH3CN 0.110E-019
CH3OH 0.122E-024
OCS 0.123E-022
CH4 0.308E-014
H 0.145E-002
H2 0.204E+001
NH2 0.287E-012
NH3 0.132E-015
C10H2 0.110E-024
H2CCC 0.310E-016
HC3N 0.311E-019
HC4H 0.671E-017
C5H2 0.147E-013
HC5N 0.243E-017
C6H2 0.425E-012
C7H2 0.415E-016
C8H2 0.195E-020
C9H2 0.725E-024
HS 0.519E-012
C2N 0.215E-015
C3N 0.560E-014
C5N 0.267E-013
C7N 0.242E-017
HC7N 0.580E-021
C9N 0.472E-022
HC9N 0.237E-026
NO 0.392E-014
NS 0.633E-016
NO2 0.275E-021
SO2 0.393E-025
C2O 0.137E-015
SO 0.253E-019
HNC 0.119E-013
C2H4 0.760E-018
C2H5 0.140E-019
C2H5OH 0.638E-032
C2S 0.280E-014
C3O 0.138E-021
C3S 0.135E-017
C4H3 0.285E-016
C4S 0.393E-021
C6H6 0.198E-012
CCP 0.402E-021
CCL 0.166E-017
CH2CCH2 0.174E-015
CH2CCH 0.906E-015
CH2CN 0.731E-019
CH2CO 0.378E-018
CH3CCH 0.177E-015
CH3CHCH2 0.228E-017
CH3CHO 0.686E-024
CH3COCH3 0.391E-035
CH3OCH3 0.474E-036
CP 0.207E-020
CLO 0.264E-052
FE 0.000E+000
H2S 0.229E-015
H2SIO 0.147E-032
HCOOCH3 0.187E-041
HCP 0.745E-021
HPO 0.287E-024
MG 0.000E+000
NCCN 0.191E-019
NA 0.000E+000
P 0.154E-011
PH 0.117E-013
PO 0.779E-017
SI 0.871E-009
SIC2 0.280E-014
SIC2H 0.449E-018
SIC3 0.136E-017
SIC 0.104E-011
SICH2 0.327E-022
SICH3 0.756E-022
SIH2 0.251E-021
SIH3 0.545E-029
SIN 0.161E-016
SIS 0.677E-021
S 0.227E-008
N2 0.194E-014
C2H3 0.298E-014
CH3CH3 0.379E-018
PN 0.787E-012
CL 0.600E-006
C3H2 0.731E-015
C4P 0.431E-028
CH3C4H 0.134E-017
CH3C6H 0.377E-014
H2CS 0.201E-019
H2S2 0.696E-024
HC2P 0.672E-026
HCSI 0.382E-013
HCL 0.863E-010
HNSI 0.673E-018
HS2 0.176E-023
N2O 0.848E-023
PH2 0.129E-021
S2 0.454E-020
SIC2H2 0.429E-019
SIC3H 0.122E-017
SIC4 0.737E-022
SIH4 0.235E-030
SIH 0.397E-013
SINC 0.141E-021
SIO 0.240E-014
F 0.346E-007
HE 0.346E+000
HCNO 0.395E-023
HNCO 0.931E-022
HONC 0.133E-028
HNO 0.256E-015
HCOOH 0.174E-025
C11 0.534E-029
C2H5CN 0.215E-030
C3P 0.175E-028
CH2CHCCH 0.176E-014
CH2CHCHCH2 0.216E-053
CH2CHCN 0.142E-024
CH2NH 0.403E-028
CH2PH 0.407E-029
CH3C3N 0.108E-021
CH3C5N 0.368E-026
CH3C7N 0.865E-030
CNO 0.369E-028
H2CN 0.431E-017
H2O2 0.572E-061
HCS 0.786E-018
HF 0.531E-017
HNC3 0.360E-022
HOCN 0.770E-022
NH2CN 0.179E-028
O2H 0.418E-029
OCN 0.105E-015
SIO2 0.301E-026
HCO+ 0.404E-012
H+ 0.567E-006
HOC+ 0.117E-012
C+ 0.200E-002
C10H+ 0.121E-021
C2H4+ 0.257E-014
C2H5+ 0.356E-021
C2H5OH+ 0.825E-033
C2O+ 0.434E-018
C2S+ 0.500E-016
C3O+ 0.960E-025
C3S+ 0.208E-015
C4H3+ 0.388E-020
C4S+ 0.623E-019
C6H6+ 0.358E-008
CCP+ 0.951E-024
CCL+ 0.605E-012
CH2+ 0.800E-009
C3H4+ 0.146E-016
CH2CCH+ 0.233E-016
CH2CN+ 0.739E-021
CH2CO+ 0.424E-019
C3H6+ 0.285E-021
CH3CHO+ 0.191E-025
CH3COCH3+ 0.156E-036
CH3OCH3+ 0.752E-037
CH+ 0.509E-009
CP+ 0.211E-023
CLO+ 0.927E-055
FE+ 0.000E+000
H2CO+ 0.277E-014
H2S+ 0.422E-012
H2SIO+ 0.184E-025
C4H2+ 0.434E-016
COOCH4+ 0.182E-043
HCP+ 0.102E-023
HPO+ 0.245E-018
MG+ 0.000E+000
C2N+ 0.195E-015
CNC+ 0.388E-016
NH3+ 0.208E-012
NO+ 0.454E-014
NS+ 0.153E-015
NA+ 0.000E+000
OCS+ 0.801E-020
P+ 0.509E-007
PH+ 0.230E-016
PO+ 0.117E-016
SO+ 0.851E-014
SI+ 0.605E-004
SIC2+ 0.105E-015
SIC2H+ 0.105E-015
SIC3+ 0.373E-015
SIC+ 0.796E-013
SICH2+ 0.249E-013
SICH3+ 0.167E-023
SIH2+ 0.722E-013
SIH3+ 0.172E-021
SIN+ 0.320E-015
SIS+ 0.275E-018
C2+ 0.226E-010
S+ 0.338E-004
CN+ 0.105E-013
CO+ 0.310E-012
N2+ 0.687E-016
O2+ 0.171E-013
C2H+ 0.598E-011
C2H2+ 0.482E-011
C2H3+ 0.165E-012
C5H2+ 0.152E-018
C6H2+ 0.794E-014
C7H2+ 0.126E-017
C3H3+ 0.168E-016
CO2+ 0.120E-025
HC3N+ 0.521E-020
HCN+ 0.175E-013
C2N2+ 0.394E-022
C3+ 0.492E-014
C5+ 0.337E-014
CH3CH3+ 0.224E-019
PN+ 0.119E-017
H2O+ 0.234E-010
NH2+ 0.120E-011
O+ 0.164E-010
OH+ 0.522E-010
CH3+ 0.415E-009
CH4+ 0.985E-017
CH3OH+ 0.131E-026
N+ 0.658E-009
SO2+ 0.245E-030
CS+ 0.691E-013
CL+ 0.611E-007
C10+ 0.602E-019
C10H2+ 0.755E-026
C3H2+ 0.782E-017
C3H+ 0.763E-015
C4+ 0.111E-013
C4H+ 0.362E-014
C4P+ 0.392E-034
C5H+ 0.537E-015
C6+ 0.952E-012
C6H+ 0.103E-013
C7+ 0.180E-012
C7H+ 0.688E-014
C8+ 0.664E-017
C8H2+ 0.541E-018
C8H+ 0.839E-019
C9+ 0.282E-019
C9H2+ 0.631E-025
C9H+ 0.226E-021
CH3C4H+ 0.292E-019
C7H4+ 0.395E-021
CH3CN+ 0.453E-019
H2CS+ 0.309E-019
H2S2+ 0.216E-029
HC2P+ 0.217E-021
HC5N+ 0.845E-020
HC7N+ 0.380E-019
HC9N+ 0.439E-024
HCSI+ 0.416E-013
HCL+ 0.241E-009
HNSI+ 0.348E-018
HS2+ 0.233E-020
HS+ 0.186E-015
N2O+ 0.227E-012
NH+ 0.107E-011
PH2+ 0.451E-014
S2+ 0.112E-019
SIC2H2+ 0.288E-018
SIC3H+ 0.740E-019
SIC4+ 0.119E-018
SIH4+ 0.100E-036
SIH+ 0.360E-015
SINC+ 0.115E-017
SIO+ 0.118E-013
H2+ 0.490E-008
F+ 0.858E-022
HE+ 0.611E-006
C3N+ 0.308E-019
HCNO+ 0.119E-028
HNCO+ 0.265E-022
HONC+ 0.747E-034
HNO+ 0.267E-015
HCOOH+ 0.151E-026
NO2+ 0.149E-021
CH2CHCNH+ 0.171E-026
HCS+ 0.511E-014
C10H3+ 0.145E-032
C11+ 0.221E-021
C2H5CNH+ 0.584E-031
C2H5OH2+ 0.805E-032
C2H7+ 0.178E-030
C2NH+ 0.605E-016
C3H2O+ 0.166E-025
C3H5+ 0.132E-016
C3H7+ 0.154E-017
C4H4+ 0.555E-024
C4H5+ 0.160E-023
C4H7+ 0.119E-032
C4N+ 0.137E-021
C5H3+ 0.175E-016
C5H5+ 0.997E-020
C5N+ 0.432E-020
C6H3+ 0.115E-019
C6H4+ 0.521E-030
C6H5+ 0.348E-013
C6H7+ 0.415E-015
C7H3+ 0.522E-018
C7H5+ 0.250E-016
C7N+ 0.135E-018
C8H3+ 0.467E-022
C8H4+ 0.390E-024
C8H5+ 0.238E-038
C9H3+ 0.179E-025
C9H4+ 0.495E-029
C9H5+ 0.108E-034
C9N+ 0.155E-023
CF+ 0.273E-018
CH2CHCN+ 0.331E-022
CH2NH2+ 0.523E-038
CH3C3N+ 0.318E-023
CH3C3NH+ 0.763E-024
CH3C5NH+ 0.684E-027
CH3C7NH+ 0.163E-030
CH3CHOH+ 0.635E-027
CH3CNH+ 0.347E-020
CH3CO+ 0.845E-023
CH3COCH4+ 0.983E-035
CH3CS+ 0.296E-023
CH3OCH4+ 0.396E-036
CH3OH2+ 0.582E-024
CH4N+ 0.173E-021
CH5+ 0.285E-013
H2C4N+ 0.796E-023
H2C7N+ 0.381E-022
H2C9N+ 0.414E-027
H2CCL+ 0.382E-019
H2CNO+ 0.199E-024
H2CL+ 0.126E-010
H2F+ 0.648E-023
H2NC+ 0.338E-014
H2NCO+ 0.265E-022
H2NO+ 0.233E-022
H2OCN+ 0.266E-022
H2PO+ 0.194E-025
H3+ 0.285E-007
H3C3O+ 0.409E-026
H3C5N+ 0.891E-025
H3C7N+ 0.568E-022
H3C9N+ 0.152E-032
H3CO+ 0.140E-019
H3CS+ 0.644E-020
H3O+ 0.703E-011
H3S+ 0.142E-021
H3S2+ 0.370E-024
H3SIO+ 0.299E-034
H5C2O2+ 0.162E-041
HC2O+ 0.136E-015
HC2S+ 0.336E-016
HC3NH+ 0.564E-022
HC3O+ 0.315E-021
HC3S+ 0.411E-019
HC4N+ 0.199E-022
HC4S+ 0.355E-022
HC5NH+ 0.457E-021
HCNH+ 0.687E-014
HCNOH+ 0.165E-028
HCO2+ 0.174E-022
HCOOH2+ 0.381E-026
HF+ 0.142E-022
HN2O+ 0.703E-025
HNCOH+ 0.533E-022
HNS+ 0.399E-021
HOCN+ 0.265E-022
HOCS+ 0.136E-027
HPN+ 0.358E-019
HSO+ 0.121E-019
HSO2+ 0.163E-031
HSIO2+ 0.564E-034
HSIS+ 0.589E-022
HEH+ 0.690E-010
N2H+ 0.469E-016
NCCNCH3+ 0.104E-031
NCCNH+ 0.119E-022
NH2CNH+ 0.271E-036
NH4+ 0.188E-016
O2H+ 0.328E-022
OCN+ 0.104E-023
PC2H2+ 0.126E-025
PC2H3+ 0.404E-035
PC2H4+ 0.982E-033
PC3H+ 0.394E-029
PC4H+ 0.274E-028
PCH2+ 0.258E-021
PCH3+ 0.121E-031
PCH4+ 0.249E-029
PH3+ 0.313E-022
PNH2+ 0.143E-023
PNH3+ 0.773E-030
SIC2H3+ 0.302E-020
SIC3H2+ 0.875E-019
SIC4H+ 0.431E-026
SICH4+ 0.447E-023
SIF+ 0.440E-020
SIH5+ 0.558E-030
SINCH+ 0.100E-021
SINH2+ 0.239E-018
SIOH+ 0.274E-014
