C- 0.687E-016
E 0.182E-002
C2- 0.957E-018
C3- 0.125E-016
C4- 0.113E-012
C5- 0.242E-009
C6- 0.369E-012
C7- 0.300E-013
C8- 0.240E-017
C10- 0.286E-018
C2H- 0.509E-021
C3H- 0.656E-019
C3N- 0.145E-015
C4H- 0.302E-016
C5H- 0.111E-012
C6H- 0.301E-009
C7H- 0.863E-016
C8H- 0.641E-018
C9- 0.847E-018
C9H- 0.172E-021
CH- 0.149E-025
O- 0.295E-012
OH- 0.189E-014
S- 0.239E-017
CN- 0.685E-015
H- 0.456E-013
C10H- 0.255E-022
C5N- 0.131E-014
O2- 0.273E-060
C 0.254E-006
C2 0.190E-009
CH2 0.146E-009
C2H2 0.697E-014
CH 0.148E-008
C2H 0.497E-011
CO2 0.479E-018
CO 0.113E-010
H2O 0.661E-011
H2CO 0.495E-016
N 0.215E-003
CN 0.203E-012
NH 0.177E-011
HCN 0.510E-014
O2 0.771E-014
O 0.143E-002
OH 0.141E-009
HCO 0.390E-014
C4 0.996E-012
C3 0.101E-010
C5 0.357E-008
C6 0.611E-012
C7 0.203E-013
C8 0.377E-017
C9 0.567E-018
C10 0.521E-018
C3H 0.276E-011
C4H 0.749E-015
C4N 0.305E-017
C5H 0.356E-012
C6H 0.943E-009
C7H 0.103E-015
C8H 0.148E-017
C9H 0.116E-021
C10H 0.401E-022
CS 0.204E-013
CH3 0.393E-012
CH3CN 0.729E-020
CH3OH 0.805E-025
OCS 0.626E-023
CH4 0.216E-014
H 0.127E-002
H2 0.177E+001
NH2 0.232E-012
NH3 0.117E-015
C10H2 0.330E-025
H2CCC 0.241E-016
HC3N 0.158E-019
HC4H 0.463E-017
C5H2 0.847E-014
HC5N 0.106E-017
C6H2 0.277E-012
C7H2 0.285E-016
C8H2 0.997E-021
C9H2 0.228E-024
HS 0.397E-012
C2N 0.139E-015
C3N 0.311E-014
C5N 0.146E-013
C7N 0.121E-017
HC7N 0.336E-021
C9N 0.164E-022
HC9N 0.783E-027
NO 0.296E-014
NS 0.422E-016
NO2 0.168E-021
SO2 0.181E-025
C2O 0.896E-016
SO 0.116E-019
HNC 0.837E-014
C2H4 0.519E-018
C2H5 0.998E-020
C2H5OH 0.472E-032
C2S 0.177E-014
C3O 0.869E-022
C3S 0.849E-018
C4H3 0.197E-016
C4S 0.237E-021
C6H6 0.157E-012
CCP 0.236E-021
CCL 0.106E-017
CH2CCH2 0.138E-015
CH2CCH 0.717E-015
CH2CN 0.473E-019
CH2CO 0.227E-018
CH3CCH 0.140E-015
CH3CHCH2 0.154E-017
CH3CHO 0.438E-024
CH3COCH3 0.209E-035
CH3OCH3 0.258E-036
CP 0.124E-020
CLO 0.272E-052
FE 0.000E+000
H2S 0.176E-015
H2SIO 0.932E-033
HCOOCH3 0.875E-042
HCP 0.457E-021
HPO 0.203E-024
MG 0.000E+000
NCCN 0.436E-020
NA 0.000E+000
P 0.120E-011
PH 0.929E-014
PO 0.545E-017
SI 0.675E-009
SIC2 0.175E-014
SIC2H 0.275E-018
SIC3 0.903E-018
SIC 0.681E-012
SICH2 0.185E-022
SICH3 0.480E-022
SIH2 0.182E-021
SIH3 0.395E-029
SIN 0.965E-017
SIS 0.463E-021
S 0.176E-008
N2 0.151E-014
C2H3 0.205E-014
CH3CH3 0.264E-018
PN 0.612E-012
CL 0.519E-006
C3H2 0.568E-015
C4P 0.242E-028
CH3C4H 0.106E-017
CH3C6H 0.261E-014
H2CS 0.123E-019
H2S2 0.482E-024
HC2P 0.420E-026
HCSI 0.240E-013
HCL 0.668E-010
HNSI 0.497E-018
HS2 0.122E-023
N2O 0.626E-023
PH2 0.915E-022
S2 0.308E-020
SIC2H2 0.293E-019
SIC3H 0.870E-018
SIC4 0.656E-023
SIH4 0.170E-030
SIH 0.301E-013
SINC 0.917E-022
SIO 0.177E-014
F 0.302E-007
HE 0.301E+000
HCNO 0.257E-023
HNCO 0.574E-022
HONC 0.871E-029
HNO 0.179E-015
HCOOH 0.124E-025
C11 0.150E-029
C2H5CN 0.115E-030
C3P 0.947E-029
CH2CHCCH 0.140E-014
CH2CHCHCH2 0.819E-054
CH2CHCN 0.880E-025
CH2NH 0.165E-028
CH2PH 0.254E-029
CH3C3N 0.710E-022
CH3C5N 0.134E-026
CH3C7N 0.418E-030
CNO 0.254E-028
H2CN 0.254E-017
H2O2 0.442E-061
HCS 0.460E-018
HF 0.411E-017
HNC3 0.240E-022
HOCN 0.599E-022
NH2CN 0.105E-028
O2H 0.234E-029
OCN 0.665E-016
SIO2 0.187E-026
HCO+ 0.330E-012
H+ 0.569E-006
HOC+ 0.959E-013
C+ 0.174E-002
C10H+ 0.593E-022
C2H4+ 0.198E-014
C2H5+ 0.278E-021
C2H5OH+ 0.684E-033
C2O+ 0.285E-018
C2S+ 0.343E-016
C3O+ 0.607E-025
C3S+ 0.149E-015
C4H3+ 0.267E-020
C4S+ 0.404E-019
C6H6+ 0.311E-008
CCP+ 0.564E-024
CCL+ 0.510E-012
CH2+ 0.671E-009
C3H4+ 0.130E-016
CH2CCH+ 0.161E-016
CH2CN+ 0.465E-021
CH2CO+ 0.286E-019
C3H6+ 0.189E-021
CH3CHO+ 0.136E-025
CH3COCH3+ 0.901E-037
CH3OCH3+ 0.459E-037
CH+ 0.426E-009
CP+ 0.127E-023
CLO+ 0.936E-055
FE+ 0.000E+000
H2CO+ 0.214E-014
H2S+ 0.364E-012
H2SIO+ 0.148E-025
C4H2+ 0.313E-016
COOCH4+ 0.853E-044
HCP+ 0.606E-024
HPO+ 0.205E-018
MG+ 0.000E+000
C2N+ 0.140E-015
CNC+ 0.274E-016
NH3+ 0.189E-012
NO+ 0.442E-014
NS+ 0.124E-015
NA+ 0.000E+000
OCS+ 0.555E-020
P+ 0.443E-007
PH+ 0.179E-016
PO+ 0.995E-017
SO+ 0.725E-014
SI+ 0.527E-004
SIC2+ 0.699E-016
SIC2H+ 0.687E-016
SIC3+ 0.267E-015
SIC+ 0.580E-013
SICH2+ 0.176E-013
SICH3+ 0.115E-023
SIH2+ 0.618E-013
SIH3+ 0.140E-021
SIN+ 0.256E-015
SIS+ 0.205E-018
C2+ 0.177E-010
S+ 0.294E-004
CN+ 0.861E-014
CO+ 0.264E-012
N2+ 0.626E-016
O2+ 0.165E-013
C2H+ 0.458E-011
C2H2+ 0.363E-011
C2H3+ 0.117E-012
C5H2+ 0.982E-019
C6H2+ 0.587E-014
C7H2+ 0.921E-018
C3H3+ 0.123E-016
CO2+ 0.704E-026
HC3N+ 0.319E-020
HCN+ 0.144E-013
C2N2+ 0.102E-022
C3+ 0.343E-014
C5+ 0.259E-014
CH3CH3+ 0.174E-019
PN+ 0.106E-017
H2O+ 0.227E-010
NH2+ 0.111E-011
O+ 0.164E-010
OH+ 0.516E-010
CH3+ 0.329E-009
CH4+ 0.771E-017
CH3OH+ 0.970E-027
N+ 0.679E-009
SO2+ 0.144E-030
CS+ 0.499E-013
CL+ 0.576E-007
C10+ 0.301E-019
C10H2+ 0.258E-026
C3H2+ 0.539E-017
C3H+ 0.523E-015
C4+ 0.801E-014
C4H+ 0.268E-014
C4P+ 0.253E-034
C5H+ 0.406E-015
C6+ 0.659E-012
C6H+ 0.718E-014
C7+ 0.130E-012
C7H+ 0.490E-014
C8+ 0.408E-017
C8H2+ 0.369E-018
C8H+ 0.572E-019
C9+ 0.144E-019
C9H2+ 0.346E-025
C9H+ 0.113E-021
CH3C4H+ 0.250E-019
C7H4+ 0.311E-021
CH3CN+ 0.345E-019
H2CS+ 0.213E-019
H2S2+ 0.171E-029
HC2P+ 0.148E-021
HC5N+ 0.551E-020
HC7N+ 0.236E-019
HC9N+ 0.171E-024
HCSI+ 0.300E-013
HCL+ 0.279E-009
HNSI+ 0.295E-018
HS2+ 0.179E-020
HS+ 0.152E-015
N2O+ 0.198E-012
NH+ 0.975E-012
PH2+ 0.402E-014
S2+ 0.861E-020
SIC2H2+ 0.199E-018
SIC3H+ 0.574E-019
SIC4+ 0.779E-019
SIH4+ 0.807E-037
SIH+ 0.290E-015
SINC+ 0.810E-018
SIO+ 0.100E-013
H2+ 0.482E-008
F+ 0.733E-022
HE+ 0.576E-006
C3N+ 0.193E-019
HCNO+ 0.859E-029
HNCO+ 0.188E-022
HONC+ 0.536E-034
HNO+ 0.255E-015
HCOOH+ 0.121E-026
NO2+ 0.137E-021
CH2CHCNH+ 0.118E-026
HCS+ 0.362E-014
C10H3+ 0.569E-033
C11+ 0.960E-022
C2H5CNH+ 0.349E-031
C2H5OH2+ 0.652E-032
C2H7+ 0.136E-030
C2NH+ 0.446E-016
C3H2O+ 0.103E-025
C3H5+ 0.943E-017
C3H7+ 0.113E-017
C4H4+ 0.418E-024
C4H5+ 0.115E-023
C4H7+ 0.647E-033
C4N+ 0.696E-022
C5H3+ 0.137E-016
C5H5+ 0.846E-020
C5N+ 0.325E-020
C6H3+ 0.835E-020
C6H4+ 0.302E-030
C6H5+ 0.300E-013
C6H7+ 0.352E-015
C7H3+ 0.357E-018
C7H5+ 0.196E-016
C7N+ 0.845E-019
C8H3+ 0.273E-022
C8H4+ 0.249E-024
C8H5+ 0.139E-038
C9H3+ 0.106E-025
C9H4+ 0.304E-029
C9H5+ 0.714E-035
C9N+ 0.613E-024
CF+ 0.209E-018
CH2CHCN+ 0.234E-022
CH2NH2+ 0.358E-038
CH3C3N+ 0.223E-023
CH3C3NH+ 0.527E-024
CH3C5NH+ 0.282E-027
CH3C7NH+ 0.894E-031
CH3CHOH+ 0.500E-027
CH3CNH+ 0.257E-020
CH3CO+ 0.537E-023
CH3COCH4+ 0.563E-035
CH3CS+ 0.197E-023
CH3OCH4+ 0.241E-036
CH3OH2+ 0.434E-024
CH4N+ 0.127E-021
CH5+ 0.226E-013
H2C4N+ 0.563E-023
H2C7N+ 0.235E-022
H2C9N+ 0.160E-027
H2CCL+ 0.273E-019
H2CNO+ 0.178E-024
H2CL+ 0.151E-010
H2F+ 0.543E-023
H2NC+ 0.264E-014
H2NCO+ 0.184E-022
H2NO+ 0.181E-022
H2OCN+ 0.186E-022
H2PO+ 0.166E-025
H3+ 0.275E-007
H3C3O+ 0.237E-026
H3C5N+ 0.751E-025
H3C7N+ 0.442E-022
H3C9N+ 0.812E-033
H3CO+ 0.109E-019
H3CS+ 0.445E-020
H3O+ 0.675E-011
H3S+ 0.116E-021
H3S2+ 0.290E-024
H3SIO+ 0.240E-034
H5C2O2+ 0.857E-042
HC2O+ 0.100E-015
HC2S+ 0.226E-016
HC3NH+ 0.414E-022
HC3O+ 0.223E-021
HC3S+ 0.319E-019
HC4N+ 0.142E-022
HC4S+ 0.241E-022
HC5NH+ 0.292E-021
HCNH+ 0.554E-014
HCNOH+ 0.119E-028
HCO2+ 0.138E-022
HCOOH2+ 0.303E-026
HF+ 0.120E-022
HN2O+ 0.582E-025
HNCOH+ 0.372E-022
HNS+ 0.323E-021
HOCN+ 0.188E-022
HOCS+ 0.839E-028
HPN+ 0.308E-019
HSO+ 0.103E-019
HSO2+ 0.102E-031
HSIO2+ 0.381E-034
HSIS+ 0.439E-022
HEH+ 0.678E-010
N2H+ 0.417E-016
NCCNCH3+ 0.213E-032
NCCNH+ 0.303E-023
NH2CNH+ 0.175E-036
NH4+ 0.186E-016
O2H+ 0.261E-022
OCN+ 0.737E-024
PC2H2+ 0.838E-026
PC2H3+ 0.241E-035
PC2H4+ 0.669E-033
PC3H+ 0.238E-029
PC4H+ 0.173E-028
PCH2+ 0.179E-021
PCH3+ 0.750E-032
PCH4+ 0.176E-029
PH3+ 0.252E-022
PNH2+ 0.126E-023
PNH3+ 0.696E-030
SIC2H3+ 0.229E-020
SIC3H2+ 0.693E-019
SIC4H+ 0.286E-026
SICH4+ 0.320E-023
SIF+ 0.341E-020
SIH5+ 0.455E-030
SINCH+ 0.732E-022
SINH2+ 0.199E-018
SIOH+ 0.230E-014
