C- 0.481E-016
E 0.159E-002
C2- 0.590E-018
C3- 0.627E-017
C4- 0.641E-013
C5- 0.150E-009
C6- 0.211E-012
C7- 0.168E-013
C8- 0.123E-017
C10- 0.111E-018
C2H- 0.310E-021
C3H- 0.409E-019
C3N- 0.796E-016
C4H- 0.152E-016
C5H- 0.620E-013
C6H- 0.198E-009
C7H- 0.448E-016
C8H- 0.359E-018
C9- 0.324E-018
C9H- 0.543E-022
CH- 0.796E-026
O- 0.228E-012
OH- 0.129E-014
S- 0.163E-017
CN- 0.376E-015
H- 0.397E-013
C10H- 0.840E-023
C5N- 0.628E-015
O2- 0.263E-060
C 0.203E-006
C2 0.129E-009
CH2 0.102E-009
C2H2 0.478E-014
CH 0.107E-008
C2H 0.342E-011
CO2 0.255E-018
CO 0.773E-011
H2O 0.547E-011
H2CO 0.304E-016
N 0.187E-003
CN 0.130E-012
NH 0.118E-011
HCN 0.360E-014
O2 0.552E-014
O 0.125E-002
OH 0.119E-009
HCO 0.258E-014
C4 0.659E-012
C3 0.695E-011
C5 0.245E-008
C6 0.383E-012
C7 0.125E-013
C8 0.211E-017
C9 0.239E-018
C10 0.221E-018
C3H 0.195E-011
C4H 0.484E-015
C4N 0.144E-017
C5H 0.201E-012
C6H 0.670E-009
C7H 0.579E-016
C8H 0.882E-018
C9H 0.388E-022
C10H 0.136E-022
CS 0.127E-013
CH3 0.275E-012
CH3CN 0.477E-020
CH3OH 0.526E-025
OCS 0.318E-023
CH4 0.151E-014
H 0.111E-002
H2 0.154E+001
NH2 0.350E-012
NH3 0.203E-015
C10H2 0.946E-026
H2CCC 0.186E-016
HC3N 0.794E-020
HC4H 0.318E-017
C5H2 0.486E-014
HC5N 0.454E-018
C6H2 0.181E-012
C7H2 0.195E-016
C8H2 0.507E-021
C9H2 0.727E-025
HS 0.303E-012
C2N 0.892E-016
C3N 0.169E-014
C5N 0.786E-014
C7N 0.600E-018
HC7N 0.200E-021
C9N 0.544E-023
HC9N 0.249E-027
NO 0.230E-014
NS 0.281E-016
NO2 0.107E-021
SO2 0.631E-026
C2O 0.581E-016
SO 0.493E-020
HNC 0.586E-014
C2H4 0.360E-018
C2H5 0.785E-020
C2H5OH 0.357E-032
C2S 0.110E-014
C3O 0.541E-022
C3S 0.537E-018
C4H3 0.135E-016
C4S 0.142E-021
C6H6 0.124E-012
CCP 0.134E-021
CCL 0.650E-018
CH2CCH2 0.109E-015
CH2CCH 0.565E-015
CH2CN 0.302E-019
CH2CO 0.135E-018
CH3CCH 0.110E-015
CH3CHCH2 0.105E-017
CH3CHO 0.317E-024
CH3COCH3 0.137E-035
CH3OCH3 0.138E-036
CP 0.738E-021
CLO 0.291E-052
FE 0.000E+000
H2S 0.135E-015
H2SIO 0.590E-033
HCOOCH3 0.403E-042
HCP 0.278E-021
HPO 0.145E-024
MG 0.000E+000
NCCN 0.909E-021
NA 0.000E+000
P 0.928E-012
PH 0.737E-014
PO 0.381E-017
SI 0.522E-009
SIC2 0.109E-014
SIC2H 0.167E-018
SIC3 0.598E-018
SIC 0.444E-012
SICH2 0.105E-022
SICH3 0.301E-022
SIH2 0.131E-021
SIH3 0.285E-029
SIN 0.578E-017
SIS 0.315E-021
S 0.136E-008
N2 0.120E-014
C2H3 0.140E-014
CH3CH3 0.191E-018
PN 0.471E-012
CL 0.445E-006
C3H2 0.440E-015
C4P 0.134E-028
CH3C4H 0.828E-018
CH3C6H 0.179E-014
H2CS 0.744E-020
H2S2 0.333E-024
HC2P 0.292E-026
HCSI 0.150E-013
HCL 0.433E-010
HNSI 0.369E-018
HS2 0.839E-024
N2O 0.459E-023
PH2 0.650E-022
S2 0.209E-020
SIC2H2 0.199E-019
SIC3H 0.616E-018
SIC4 0.517E-024
SIH4 0.122E-030
SIH 0.228E-013
SINC 0.593E-022
SIO 0.130E-014
F 0.263E-007
HE 0.263E+000
HCNO 0.151E-023
HNCO 0.350E-022
HONC 0.569E-029
HNO 0.137E-015
HCOOH 0.872E-026
C11 0.404E-030
C2H5CN 0.604E-031
C3P 0.507E-029
CH2CHCCH 0.110E-014
CH2CHCHCH2 0.353E-054
CH2CHCN 0.539E-025
CH2NH 0.461E-029
CH2PH 0.157E-029
CH3C3N 0.462E-022
CH3C5N 0.475E-027
CH3C7N 0.205E-030
CNO 0.179E-028
H2CN 0.149E-017
H2O2 0.377E-061
HCS 0.268E-018
HF 0.317E-017
HNC3 0.160E-022
HOCN 0.365E-022
NH2CN 0.909E-029
O2H 0.131E-029
OCN 0.416E-016
SIO2 0.115E-026
HCO+ 0.268E-012
H+ 0.573E-006
HOC+ 0.785E-013
C+ 0.151E-002
C10H+ 0.281E-022
C2H4+ 0.150E-014
C2H5+ 0.243E-021
C2H5OH+ 0.599E-033
C2O+ 0.185E-018
C2S+ 0.233E-016
C3O+ 0.380E-025
C3S+ 0.105E-015
C4H3+ 0.182E-020
C4S+ 0.261E-019
C6H6+ 0.270E-008
CCP+ 0.325E-024
CCL+ 0.373E-012
CH2+ 0.562E-009
C3H4+ 0.115E-016
CH2CCH+ 0.110E-016
CH2CN+ 0.289E-021
CH2CO+ 0.192E-019
C3H6+ 0.129E-021
CH3CHO+ 0.111E-025
CH3COCH3+ 0.664E-037
CH3OCH3+ 0.277E-037
CH+ 0.356E-009
CP+ 0.742E-024
CLO+ 0.101E-054
FE+ 0.000E+000
H2CO+ 0.165E-014
H2S+ 0.314E-012
H2SIO+ 0.118E-025
C4H2+ 0.224E-016
COOCH4+ 0.393E-044
HCP+ 0.354E-024
HPO+ 0.170E-018
MG+ 0.000E+000
C2N+ 0.101E-015
CNC+ 0.192E-016
NH3+ 0.429E-012
NO+ 0.426E-014
NS+ 0.885E-016
NA+ 0.000E+000
OCS+ 0.383E-020
P+ 0.386E-007
PH+ 0.140E-016
PO+ 0.842E-017
SO+ 0.614E-014
SI+ 0.459E-004
SIC2+ 0.464E-016
SIC2H+ 0.448E-016
SIC3+ 0.188E-015
SIC+ 0.422E-013
SICH2+ 0.125E-013
SICH3+ 0.792E-024
SIH2+ 0.529E-013
SIH3+ 0.114E-021
SIN+ 0.169E-015
SIS+ 0.153E-018
C2+ 0.136E-010
S+ 0.256E-004
CN+ 0.654E-014
CO+ 0.224E-012
N2+ 0.570E-016
O2+ 0.158E-013
C2H+ 0.346E-011
C2H2+ 0.270E-011
C2H3+ 0.856E-013
C5H2+ 0.625E-019
C6H2+ 0.437E-014
C7H2+ 0.674E-018
C3H3+ 0.905E-017
CO2+ 0.401E-026
HC3N+ 0.193E-020
HCN+ 0.119E-013
C2N2+ 0.243E-023
C3+ 0.236E-014
C5+ 0.197E-014
CH3CH3+ 0.143E-019
PN+ 0.945E-018
H2O+ 0.220E-010
NH2+ 0.286E-011
O+ 0.165E-010
OH+ 0.507E-010
CH3+ 0.259E-009
CH4+ 0.599E-017
CH3OH+ 0.712E-027
N+ 0.696E-009
SO2+ 0.664E-031
CS+ 0.359E-013
CL+ 0.566E-007
C10+ 0.145E-019
C10H2+ 0.848E-027
C3H2+ 0.367E-017
C3H+ 0.355E-015
C4+ 0.569E-014
C4H+ 0.197E-014
C4P+ 0.162E-034
C5H+ 0.305E-015
C6+ 0.448E-012
C6H+ 0.492E-014
C7+ 0.931E-013
C7H+ 0.345E-014
C8+ 0.248E-017
C8H2+ 0.250E-018
C8H+ 0.387E-019
C9+ 0.717E-020
C9H2+ 0.194E-025
C9H+ 0.557E-022
CH3C4H+ 0.213E-019
C7H4+ 0.244E-021
CH3CN+ 0.259E-019
H2CS+ 0.146E-019
H2S2+ 0.135E-029
HC2P+ 0.990E-022
HC5N+ 0.357E-020
HC7N+ 0.146E-019
HC9N+ 0.643E-025
HCSI+ 0.216E-013
HCL+ 0.272E-009
HNSI+ 0.250E-018
HS2+ 0.138E-020
HS+ 0.124E-015
N2O+ 0.172E-012
NH+ 0.890E-012
PH2+ 0.358E-014
S2+ 0.662E-020
SIC2H2+ 0.135E-018
SIC3H+ 0.444E-019
SIC4+ 0.507E-019
SIH4+ 0.649E-037
SIH+ 0.232E-015
SINC+ 0.567E-018
SIO+ 0.849E-014
H2+ 0.472E-008
F+ 0.622E-022
HE+ 0.544E-006
C3N+ 0.119E-019
HCNO+ 0.560E-029
HNCO+ 0.132E-022
HONC+ 0.395E-034
HNO+ 0.299E-015
HCOOH+ 0.962E-027
NO2+ 0.147E-021
CH2CHCNH+ 0.796E-027
HCS+ 0.255E-014
C10H3+ 0.222E-033
C11+ 0.403E-022
C2H5CNH+ 0.205E-031
C2H5OH2+ 0.530E-032
C2H7+ 0.109E-030
C2NH+ 0.326E-016
C3H2O+ 0.631E-026
C3H5+ 0.667E-017
C3H7+ 0.827E-018
C4H4+ 0.312E-024
C4H5+ 0.821E-024
C4H7+ 0.390E-033
C4N+ 0.351E-022
C5H3+ 0.106E-016
C5H5+ 0.713E-020
C5N+ 0.242E-020
C6H3+ 0.610E-020
C6H4+ 0.173E-030
C6H5+ 0.259E-013
C6H7+ 0.299E-015
C7H3+ 0.242E-018
C7H5+ 0.153E-016
C7N+ 0.528E-019
C8H3+ 0.165E-022
C8H4+ 0.155E-024
C8H5+ 0.802E-039
C9H3+ 0.613E-026
C9H4+ 0.191E-029
C9H5+ 0.468E-035
C9N+ 0.232E-024
CF+ 0.160E-018
CH2CHCN+ 0.162E-022
CH2NH2+ 0.197E-038
CH3C3N+ 0.154E-023
CH3C3NH+ 0.360E-024
CH3C5NH+ 0.114E-027
CH3C7NH+ 0.498E-031
CH3CHOH+ 0.385E-027
CH3CNH+ 0.189E-020
CH3CO+ 0.341E-023
CH3COCH4+ 0.377E-035
CH3CS+ 0.135E-023
CH3OCH4+ 0.145E-036
CH3OH2+ 0.318E-024
CH4N+ 0.151E-021
CH5+ 0.178E-013
H2C4N+ 0.394E-023
H2C7N+ 0.145E-022
H2C9N+ 0.594E-028
H2CCL+ 0.167E-019
H2CNO+ 0.121E-024
H2CL+ 0.133E-010
H2F+ 0.452E-023
H2NC+ 0.204E-014
H2NCO+ 0.127E-022
H2NO+ 0.148E-022
H2OCN+ 0.128E-022
H2PO+ 0.141E-025
H3+ 0.265E-007
H3C3O+ 0.147E-026
H3C5N+ 0.633E-025
H3C7N+ 0.341E-022
H3C9N+ 0.441E-033
H3CO+ 0.836E-020
H3CS+ 0.305E-020
H3O+ 0.642E-011
H3S+ 0.948E-022
H3S2+ 0.227E-024
H3SIO+ 0.192E-034
H5C2O2+ 0.445E-042
HC2O+ 0.733E-016
HC2S+ 0.151E-016
HC3NH+ 0.306E-022
HC3O+ 0.157E-021
HC3S+ 0.247E-019
HC4N+ 0.101E-022
HC4S+ 0.163E-022
HC5NH+ 0.185E-021
HCNH+ 0.446E-014
HCNOH+ 0.797E-029
HCO2+ 0.108E-022
HCOOH2+ 0.239E-026
HF+ 0.101E-022
HN2O+ 0.478E-025
HNCOH+ 0.256E-022
HNS+ 0.639E-021
HOCN+ 0.132E-022
HOCS+ 0.394E-028
HPN+ 0.263E-019
HSO+ 0.872E-020
HSO2+ 0.526E-032
HSIO2+ 0.256E-034
HSIS+ 0.328E-022
HEH+ 0.664E-010
N2H+ 0.426E-016
NCCNCH3+ 0.395E-033
NCCNH+ 0.708E-024
NH2CNH+ 0.137E-036
NH4+ 0.448E-016
O2H+ 0.207E-022
OCN+ 0.525E-024
PC2H2+ 0.582E-026
PC2H3+ 0.150E-035
PC2H4+ 0.476E-033
PC3H+ 0.142E-029
PC4H+ 0.108E-028
PCH2+ 0.123E-021
PCH3+ 0.460E-032
PCH4+ 0.123E-029
PH3+ 0.202E-022
PNH2+ 0.202E-023
PNH3+ 0.114E-029
SIC2H3+ 0.173E-020
SIC3H2+ 0.545E-019
SIC4H+ 0.190E-026
SICH4+ 0.227E-023
SIF+ 0.263E-020
SIH5+ 0.371E-030
SINCH+ 0.535E-022
SINH2+ 0.170E-018
SIOH+ 0.191E-014
