C- 0.337E-016
E 0.138E-002
C2- 0.358E-018
C3- 0.311E-017
C4- 0.360E-013
C5- 0.912E-010
C6- 0.119E-012
C7- 0.931E-014
C8- 0.631E-018
C10- 0.413E-019
C2H- 0.187E-021
C3H- 0.252E-019
C3N- 0.430E-016
C4H- 0.750E-017
C5H- 0.343E-013
C6H- 0.128E-009
C7H- 0.233E-016
C8H- 0.200E-018
C9- 0.120E-018
C9H- 0.166E-022
CH- 0.420E-026
O- 0.176E-012
OH- 0.871E-015
S- 0.111E-017
CN- 0.202E-015
H- 0.345E-013
C10H- 0.267E-023
C5N- 0.296E-015
O2- 0.253E-060
C 0.163E-006
C2 0.869E-010
CH2 0.710E-010
C2H2 0.326E-014
CH 0.773E-009
C2H 0.233E-011
CO2 0.143E-018
CO 0.532E-011
H2O 0.462E-011
H2CO 0.186E-016
N 0.163E-003
CN 0.861E-013
NH 0.922E-012
HCN 0.255E-014
O2 0.397E-014
O 0.109E-002
OH 0.102E-009
HCO 0.174E-014
C4 0.432E-012
C3 0.471E-011
C5 0.166E-008
C6 0.238E-012
C7 0.763E-014
C8 0.119E-017
C9 0.978E-019
C10 0.910E-019
C3H 0.136E-011
C4H 0.311E-015
C4N 0.672E-018
C5H 0.112E-012
C6H 0.470E-009
C7H 0.329E-016
C8H 0.522E-018
C9H 0.126E-022
C10H 0.445E-023
CS 0.792E-014
CH3 0.191E-012
CH3CN 0.309E-020
CH3OH 0.347E-025
OCS 0.161E-023
CH4 0.104E-014
H 0.967E-003
H2 0.134E+001
NH2 0.269E-012
NH3 0.171E-015
C10H2 0.262E-026
H2CCC 0.144E-016
HC3N 0.401E-020
HC4H 0.218E-017
C5H2 0.280E-014
HC5N 0.192E-018
C6H2 0.120E-012
C7H2 0.133E-016
C8H2 0.254E-021
C9H2 0.245E-025
HS 0.231E-012
C2N 0.564E-016
C3N 0.909E-015
C5N 0.416E-014
C7N 0.295E-018
HC7N 0.121E-021
C9N 0.176E-023
HC9N 0.771E-028
NO 0.175E-014
NS 0.188E-016
NO2 0.655E-022
SO2 0.333E-026
C2O 0.372E-016
SO 0.316E-020
HNC 0.410E-014
C2H4 0.235E-018
C2H5 0.505E-020
C2H5OH 0.252E-032
C2S 0.678E-015
C3O 0.333E-022
C3S 0.341E-018
C4H3 0.925E-017
C4S 0.844E-022
C6H6 0.973E-013
CCP 0.788E-022
CCL 0.411E-018
CH2CCH2 0.854E-016
CH2CCH 0.442E-015
CH2CN 0.191E-019
CH2CO 0.791E-019
CH3CCH 0.862E-016
CH3CHCH2 0.683E-018
CH3CHO 0.179E-024
CH3COCH3 0.600E-036
CH3OCH3 0.740E-037
CP 0.443E-021
CLO 0.285E-052
FE 0.000E+000
H2S 0.104E-015
H2SIO 0.373E-033
HCOOCH3 0.186E-042
HCP 0.168E-021
HPO 0.105E-024
MG 0.000E+000
NCCN 0.174E-021
NA 0.000E+000
P 0.721E-012
PH 0.585E-014
PO 0.267E-017
SI 0.405E-009
SIC2 0.665E-015
SIC2H 0.998E-019
SIC3 0.398E-018
SIC 0.289E-012
SICH2 0.590E-023
SICH3 0.188E-022
SIH2 0.945E-022
SIH3 0.206E-029
SIN 0.349E-017
SIS 0.215E-021
S 0.105E-008
N2 0.940E-015
C2H3 0.940E-015
CH3CH3 0.126E-018
PN 0.360E-012
CL 0.385E-006
C3H2 0.340E-015
C4P 0.735E-029
CH3C4H 0.639E-018
CH3C6H 0.122E-014
H2CS 0.448E-020
H2S2 0.231E-024
HC2P 0.164E-026
HCSI 0.939E-014
HCL 0.382E-010
HNSI 0.273E-018
HS2 0.581E-024
N2O 0.343E-023
PH2 0.463E-022
S2 0.142E-020
SIC2H2 0.135E-019
SIC3H 0.433E-018
SIC4 0.464E-025
SIH4 0.882E-031
SIH 0.173E-013
SINC 0.385E-022
SIO 0.962E-015
F 0.229E-007
HE 0.229E+000
HCNO 0.102E-023
HNCO 0.210E-022
HONC 0.355E-029
HNO 0.962E-016
HCOOH 0.622E-026
C11 0.106E-030
C2H5CN 0.311E-031
C3P 0.269E-029
CH2CHCCH 0.864E-015
CH2CHCHCH2 0.111E-054
CH2CHCN 0.329E-025
CH2NH 0.228E-029
CH2PH 0.970E-030
CH3C3N 0.296E-022
CH3C5N 0.166E-027
CH3C7N 0.103E-030
CNO 0.117E-028
H2CN 0.869E-018
H2O2 0.323E-061
HCS 0.156E-018
HF 0.244E-017
HNC3 0.108E-022
HOCN 0.220E-022
NH2CN 0.537E-029
O2H 0.746E-030
OCN 0.258E-016
SIO2 0.718E-027
HCO+ 0.218E-012
H+ 0.578E-006
HOC+ 0.649E-013
C+ 0.132E-002
C10H+ 0.129E-022
C2H4+ 0.113E-014
C2H5+ 0.171E-021
C2H5OH+ 0.463E-033
C2O+ 0.118E-018
C2S+ 0.156E-016
C3O+ 0.236E-025
C3S+ 0.734E-016
C4H3+ 0.124E-020
C4S+ 0.168E-019
C6H6+ 0.235E-008
CCP+ 0.193E-024
CCL+ 0.355E-012
CH2+ 0.469E-009
C3H4+ 0.101E-016
CH2CCH+ 0.749E-017
CH2CN+ 0.181E-021
CH2CO+ 0.127E-019
C3H6+ 0.822E-022
CH3CHO+ 0.696E-026
CH3COCH3+ 0.306E-037
CH3OCH3+ 0.167E-037
CH+ 0.296E-009
CP+ 0.443E-024
CLO+ 0.955E-055
FE+ 0.000E+000
H2CO+ 0.126E-014
H2S+ 0.270E-012
H2SIO+ 0.945E-026
C4H2+ 0.158E-016
COOCH4+ 0.181E-044
HCP+ 0.210E-024
HPO+ 0.144E-018
MG+ 0.000E+000
C2N+ 0.717E-016
CNC+ 0.136E-016
NH3+ 0.366E-012
NO+ 0.420E-014
NS+ 0.717E-016
NA+ 0.000E+000
OCS+ 0.264E-020
P+ 0.336E-007
PH+ 0.109E-016
PO+ 0.719E-017
SO+ 0.525E-014
SI+ 0.400E-004
SIC2+ 0.306E-016
SIC2H+ 0.291E-016
SIC3+ 0.131E-015
SIC+ 0.306E-013
SICH2+ 0.880E-014
SICH3+ 0.540E-024
SIH2+ 0.453E-013
SIH3+ 0.928E-022
SIN+ 0.134E-015
SIS+ 0.114E-018
C2+ 0.104E-010
S+ 0.223E-004
CN+ 0.532E-014
CO+ 0.191E-012
N2+ 0.520E-016
O2+ 0.155E-013
C2H+ 0.259E-011
C2H2+ 0.198E-011
C2H3+ 0.566E-013
C5H2+ 0.394E-019
C6H2+ 0.329E-014
C7H2+ 0.492E-018
C3H3+ 0.661E-017
CO2+ 0.242E-026
HC3N+ 0.116E-020
HCN+ 0.978E-014
C2N2+ 0.530E-024
C3+ 0.161E-014
C5+ 0.149E-014
CH3CH3+ 0.103E-019
PN+ 0.836E-018
H2O+ 0.216E-010
NH2+ 0.251E-011
O+ 0.166E-010
OH+ 0.504E-010
CH3+ 0.203E-009
CH4+ 0.461E-017
CH3OH+ 0.528E-027
N+ 0.707E-009
SO2+ 0.470E-031
CS+ 0.257E-013
CL+ 0.519E-007
C10+ 0.679E-020
C10H2+ 0.270E-027
C3H2+ 0.247E-017
C3H+ 0.238E-015
C4+ 0.399E-014
C4H+ 0.143E-014
C4P+ 0.103E-034
C5H+ 0.227E-015
C6+ 0.301E-012
C6H+ 0.334E-014
C7+ 0.656E-013
C7H+ 0.240E-014
C8+ 0.150E-017
C8H2+ 0.168E-018
C8H+ 0.261E-019
C9+ 0.352E-020
C9H2+ 0.111E-025
C9H+ 0.269E-022
CH3C4H+ 0.182E-019
C7H4+ 0.190E-021
CH3CN+ 0.192E-019
H2CS+ 0.997E-020
H2S2+ 0.108E-029
HC2P+ 0.666E-022
HC5N+ 0.230E-020
HC7N+ 0.905E-020
HC9N+ 0.234E-025
HCSI+ 0.155E-013
HCL+ 0.352E-009
HNSI+ 0.212E-018
HS2+ 0.106E-020
HS+ 0.101E-015
N2O+ 0.150E-012
NH+ 0.813E-012
PH2+ 0.319E-014
S2+ 0.510E-020
SIC2H2+ 0.910E-019
SIC3H+ 0.343E-019
SIC4+ 0.328E-019
SIH4+ 0.521E-037
SIH+ 0.185E-015
SINC+ 0.397E-018
SIO+ 0.725E-014
H2+ 0.462E-008
F+ 0.527E-022
HE+ 0.512E-006
C3N+ 0.728E-020
HCNO+ 0.420E-029
HNCO+ 0.914E-023
HONC+ 0.266E-034
HNO+ 0.279E-015
HCOOH+ 0.774E-027
NO2+ 0.135E-021
CH2CHCNH+ 0.540E-027
HCS+ 0.179E-014
C10H3+ 0.860E-034
C11+ 0.164E-022
C2H5CNH+ 0.118E-031
C2H5OH2+ 0.416E-032
C2H7+ 0.786E-031
C2NH+ 0.234E-016
C3H2O+ 0.387E-026
C3H5+ 0.469E-017
C3H7+ 0.600E-018
C4H4+ 0.231E-024
C4H5+ 0.579E-024
C4H7+ 0.186E-033
C4N+ 0.178E-022
C5H3+ 0.817E-017
C5H5+ 0.598E-020
C5N+ 0.178E-020
C6H3+ 0.451E-020
C6H4+ 0.972E-031
C6H5+ 0.224E-013
C6H7+ 0.253E-015
C7H3+ 0.163E-018
C7H5+ 0.119E-016
C7N+ 0.331E-019
C8H3+ 0.877E-023
C8H4+ 0.941E-025
C8H5+ 0.458E-039
C9H3+ 0.350E-026
C9H4+ 0.117E-029
C9H5+ 0.304E-035
C9N+ 0.855E-025
CF+ 0.121E-018
CH2CHCN+ 0.113E-022
CH2NH2+ 0.169E-038
CH3C3N+ 0.106E-023
CH3C3NH+ 0.244E-024
CH3C5NH+ 0.449E-028
CH3C7NH+ 0.283E-031
CH3CHOH+ 0.302E-027
CH3CNH+ 0.137E-020
CH3CO+ 0.217E-023
CH3COCH4+ 0.184E-035
CH3CS+ 0.849E-024
CH3OCH4+ 0.872E-037
CH3OH2+ 0.238E-024
CH4N+ 0.104E-021
CH5+ 0.139E-013
H2C4N+ 0.273E-023
H2C7N+ 0.897E-023
H2C9N+ 0.214E-028
H2CCL+ 0.132E-019
H2CNO+ 0.124E-024
H2CL+ 0.197E-010
H2F+ 0.376E-023
H2NC+ 0.157E-014
H2NCO+ 0.861E-023
H2NO+ 0.115E-022
H2OCN+ 0.872E-023
H2PO+ 0.122E-025
H3+ 0.255E-007
H3C3O+ 0.804E-027
H3C5N+ 0.533E-025
H3C7N+ 0.263E-022
H3C9N+ 0.243E-033
H3CO+ 0.642E-020
H3CS+ 0.207E-020
H3O+ 0.624E-011
H3S+ 0.772E-022
H3S2+ 0.178E-024
H3SIO+ 0.153E-034
H5C2O2+ 0.233E-042
HC2O+ 0.528E-016
HC2S+ 0.996E-017
HC3NH+ 0.229E-022
HC3O+ 0.109E-021
HC3S+ 0.191E-019
HC4N+ 0.704E-023
HC4S+ 0.109E-022
HC5NH+ 0.118E-021
HCNH+ 0.357E-014
HCNOH+ 0.583E-029
HCO2+ 0.860E-023
HCOOH2+ 0.192E-026
HF+ 0.850E-023
HN2O+ 0.401E-025
HNCOH+ 0.175E-022
HNS+ 0.483E-021
HOCN+ 0.912E-023
HOCS+ 0.329E-028
HPN+ 0.222E-019
HSO+ 0.755E-020
HSO2+ 0.396E-032
HSIO2+ 0.173E-034
HSIS+ 0.245E-022
HEH+ 0.649E-010
N2H+ 0.376E-016
NCCNCH3+ 0.672E-034
NCCNH+ 0.152E-024
NH2CNH+ 0.890E-037
NH4+ 0.419E-016
O2H+ 0.164E-022
OCN+ 0.377E-024
PC2H2+ 0.366E-026
PC2H3+ 0.845E-036
PC2H4+ 0.306E-033
PC3H+ 0.838E-030
PC4H+ 0.672E-029
PCH2+ 0.845E-022
PCH3+ 0.280E-032
PCH4+ 0.857E-030
PH3+ 0.163E-022
PNH2+ 0.169E-023
PNH3+ 0.977E-030
SIC2H3+ 0.131E-020
SIC3H2+ 0.427E-019
SIC4H+ 0.126E-026
SICH4+ 0.160E-023
SIF+ 0.202E-020
SIH5+ 0.301E-030
SINCH+ 0.392E-022
SINH2+ 0.142E-018
SIOH+ 0.160E-014
