C- 0.124E-009
E 0.205E+000
C2- 0.449E-014
C3- 0.135E-010
C4- 0.125E-010
C5- 0.503E-010
C6- 0.510E-011
C7- 0.153E-012
C8- 0.901E-013
C10- 0.315E-017
C2H- 0.185E-005
C3H- 0.136E-010
C3N- 0.307E-009
C4H- 0.221E-010
C5H- 0.936E-007
C6H- 0.443E-008
C7H- 0.145E-009
C8H- 0.157E-012
C9- 0.359E-013
C9H- 0.992E-012
CH- 0.419E-011
O- 0.502E-013
OH- 0.410E-008
S- 0.547E-011
CN- 0.138E-005
H- 0.205E-007
C10H- 0.114E-017
C5N- 0.235E-012
O2- 0.399E-027
C 0.151E+001
C2 0.376E-001
CH2 0.339E-001
C2H2 0.537E+003
CH 0.345E-004
C2H 0.220E-001
CO2 0.437E-004
CO 0.982E+004
H2O 0.313E+002
H2CO 0.598E-006
N 0.105E+000
CN 0.772E-001
NH 0.150E-003
HCN 0.502E+003
O2 0.354E-009
O 0.146E+001
OH 0.418E-001
HCO 0.159E-005
C4 0.164E-007
C3 0.279E-002
C5 0.127E-007
C6 0.198E-009
C7 0.552E-011
C8 0.374E-011
C9 0.569E-012
C10 0.233E-014
C3H 0.279E-002
C4H 0.144E-004
C4N 0.296E-012
C5H 0.132E-004
C6H 0.444E-006
C7H 0.486E-008
C8H 0.191E-010
C9H 0.415E-010
C10H 0.744E-014
CS 0.130E+003
CH3 0.655E-002
CH3CN 0.465E-004
CH3OH 0.121E-008
OCS 0.143E-004
CH4 0.429E+002
H 0.297E+001
H2 0.123E+008
NH2 0.498E-003
NH3 0.735E+000
C10H2 0.216E-016
H2CCC 0.315E-005
HC3N 0.807E-005
HC4H 0.602E-003
C5H2 0.893E-004
HC5N 0.391E-010
C6H2 0.140E-003
C7H2 0.444E-008
C8H2 0.155E-010
C9H2 0.419E-010
HS 0.105E-003
C2N 0.474E-009
C3N 0.426E-005
C5N 0.133E-010
C7N 0.123E-014
HC7N 0.920E-012
C9N 0.780E-017
HC9N 0.696E-017
NO 0.423E-007
NS 0.205E-010
NO2 0.339E-020
SO2 0.135E-017
C2O 0.582E-011
SO 0.627E-008
HNC 0.475E-003
C2H4 0.839E+000
C2H5 0.159E-012
C2H5OH 0.130E-013
C2S 0.386E-006
C3O 0.520E-009
C3S 0.653E-007
C4H3 0.151E-007
C4S 0.107E-010
C6H6 0.128E-003
CCP 0.266E-009
CCL 0.252E-009
CH2CCH2 0.122E-008
CH2CCH 0.911E-003
CH2CN 0.131E-010
CH2CO 0.116E-006
CH3CCH 0.307E-006
CH3CHCH2 0.138E-016
CH3CHO 0.797E-008
CH3COCH3 0.749E-019
CH3OCH3 0.300E-020
CP 0.106E-003
CLO 0.110E-024
FE 0.000E+000
H2S 0.490E-001
H2SIO 0.611E-024
HCOOCH3 0.147E-020
HCP 0.307E+000
HPO 0.852E-016
MG 0.000E+000
NCCN 0.458E-008
NA 0.000E+000
P 0.343E-007
PH 0.750E-008
PO 0.317E-010
SI 0.101E+000
SIC2 0.229E+003
SIC2H 0.261E-002
SIC3 0.188E-004
SIC 0.436E-003
SICH2 0.768E-011
SICH3 0.279E-013
SIH2 0.564E-014
SIH3 0.646E-018
SIN 0.202E-008
SIS 0.734E+002
S 0.378E-001
N2 0.491E+003
C2H3 0.695E-005
CH3CH3 0.247E-021
PN 0.472E-013
CL 0.658E-003
C3H2 0.506E-005
C4P 0.583E-020
CH3C4H 0.193E-004
CH3C6H 0.556E-009
H2CS 0.243E-007
H2S2 0.328E-011
HC2P 0.275E-012
HCSI 0.535E-006
HCL 0.399E+001
HNSI 0.195E-008
HS2 0.331E-011
N2O 0.215E-016
PH2 0.124E-020
S2 0.190E-010
SIC2H2 0.263E-005
SIC3H 0.606E-011
SIC4 0.188E-004
SIH4 0.333E-016
SIH 0.241E-008
SINC 0.486E-011
SIO 0.615E+002
F 0.379E-007
HE 0.209E+007
HCNO 0.380E-018
HNCO 0.172E-009
HONC 0.223E-026
HNO 0.914E-008
HCOOH 0.109E-008
C11 0.329E-018
C2H5CN 0.626E-014
C3P 0.347E-017
CH2CHCCH 0.739E-009
CH2CHCHCH2 0.292E-013
CH2CHCN 0.688E-005
CH2NH 0.198E-008
CH2PH 0.597E-015
CH3C3N 0.433E-010
CH3C5N 0.180E-020
CH3C7N 0.336E-022
CNO 0.658E-033
H2CN 0.127E-007
H2O2 0.190E-024
HCS 0.207E-010
HF 0.209E+000
HNC3 0.156E-006
HOCN 0.172E-009
NH2CN 0.340E-009
O2H 0.788E-021
OCN 0.248E-005
SIO2 0.150E-005
HCO+ 0.172E-003
H+ 0.190E-005
HOC+ 0.105E-008
C+ 0.995E-004
C10H+ 0.667E-013
C2H4+ 0.188E-003
C2H5+ 0.254E-004
C2H5OH+ 0.390E-017
C2O+ 0.656E-018
C2S+ 0.725E-011
C3O+ 0.129E-020
C3S+ 0.188E-009
C4H3+ 0.165E-001
C4S+ 0.542E-013
C6H6+ 0.163E-010
CCP+ 0.259E-007
CCL+ 0.475E-006
CH2+ 0.529E-008
C3H4+ 0.102E-004
CH2CCH+ 0.481E-005
CH2CN+ 0.115E-007
CH2CO+ 0.122E-007
C3H6+ 0.487E-025
CH3CHO+ 0.386E-011
CH3COCH3+ 0.945E-023
CH3OCH3+ 0.773E-024
CH+ 0.475E-008
CP+ 0.877E-015
CLO+ 0.216E-032
FE+ 0.000E+000
H2CO+ 0.357E-009
H2S+ 0.241E-004
H2SIO+ 0.183E-016
C4H2+ 0.370E-003
COOCH4+ 0.456E-027
HCP+ 0.130E-011
HPO+ 0.632E-010
MG+ 0.000E+000
C2N+ 0.539E-008
CNC+ 0.805E-004
NH3+ 0.221E-004
NO+ 0.282E-007
NS+ 0.420E-009
NA+ 0.000E+000
OCS+ 0.112E-007
P+ 0.149E-009
PH+ 0.626E-014
PO+ 0.105E-010
SO+ 0.215E-008
SI+ 0.159E-003
SIC2+ 0.150E-007
SIC2H+ 0.802E-003
SIC3+ 0.453E-008
SIC+ 0.293E-005
SICH2+ 0.151E-004
SICH3+ 0.235E-009
SIH2+ 0.568E-008
SIH3+ 0.193E-012
SIN+ 0.153E-010
SIS+ 0.252E-004
C2+ 0.118E-008
S+ 0.117E-004
CN+ 0.273E-010
CO+ 0.374E-010
N2+ 0.843E-011
O2+ 0.175E-011
C2H+ 0.123E-008
C2H2+ 0.235E-002
C2H3+ 0.117E+000
C5H2+ 0.511E-005
C6H2+ 0.203E-007
C7H2+ 0.961E-009
C3H3+ 0.223E-004
CO2+ 0.391E-018
HC3N+ 0.135E-008
HCN+ 0.355E-010
C2N2+ 0.276E-015
C3+ 0.755E-012
C5+ 0.145E-015
CH3CH3+ 0.145E-019
PN+ 0.448E-021
H2O+ 0.108E-006
NH2+ 0.288E-010
O+ 0.124E-011
OH+ 0.785E-011
CH3+ 0.262E-004
CH4+ 0.750E-006
CH3OH+ 0.226E-012
N+ 0.330E-007
SO2+ 0.433E-030
CS+ 0.613E-006
CL+ 0.210E-007
C10+ 0.157E-018
C10H2+ 0.631E-013
C3H2+ 0.390E-004
C3H+ 0.608E-004
C4+ 0.160E-010
C4H+ 0.789E-010
C4P+ 0.329E-028
C5H+ 0.583E-008
C6+ 0.286E-013
C6H+ 0.321E-011
C7+ 0.278E-011
C7H+ 0.367E-010
C8+ 0.816E-015
C8H2+ 0.930E-010
C8H+ 0.573E-012
C9+ 0.708E-016
C9H2+ 0.416E-010
C9H+ 0.163E-013
CH3C4H+ 0.103E-005
C7H4+ 0.777E-008
CH3CN+ 0.169E-011
H2CS+ 0.286E-009
H2S2+ 0.105E-010
HC2P+ 0.619E-008
HC5N+ 0.115E-013
HC7N+ 0.352E-014
HC9N+ 0.129E-015
HCSI+ 0.138E-008
HCL+ 0.112E-003
HNSI+ 0.279E-014
HS2+ 0.412E-010
HS+ 0.721E-008
N2O+ 0.370E-021
NH+ 0.141E-013
PH2+ 0.417E-014
S2+ 0.396E-009
SIC2H2+ 0.555E-006
SIC3H+ 0.236E-009
SIC4+ 0.158E-008
SIH4+ 0.269E-026
SIH+ 0.454E-007
SINC+ 0.573E-006
SIO+ 0.375E-005
H2+ 0.570E-008
F+ 0.853E-013
HE+ 0.659E-006
C3N+ 0.152E-012
HCNO+ 0.384E-031
HNCO+ 0.240E-012
HONC+ 0.554E-039
HNO+ 0.756E-010
HCOOH+ 0.173E-012
NO2+ 0.598E-019
CH2CHCNH+ 0.549E-009
HCS+ 0.257E-002
C10H3+ 0.211E-016
C11+ 0.123E-016
C2H5CNH+ 0.638E-013
C2H5OH2+ 0.999E-013
C2H7+ 0.756E-029
C2NH+ 0.640E-006
C3H2O+ 0.104E-010
C3H5+ 0.387E-003
C3H7+ 0.431E-023
C4H4+ 0.175E-011
C4H5+ 0.809E-005
C4H7+ 0.421E-008
C4N+ 0.393E-014
C5H3+ 0.118E-003
C5H5+ 0.291E-003
C5N+ 0.274E-013
C6H3+ 0.535E-006
C6H4+ 0.917E-006
C6H5+ 0.408E-003
C6H7+ 0.665E-003
C7H3+ 0.277E-007
C7H5+ 0.768E-008
C7N+ 0.179E-015
C8H3+ 0.134E-008
C8H4+ 0.121E-008
C8H5+ 0.423E-015
C9H3+ 0.463E-009
C9H4+ 0.267E-009
C9H5+ 0.417E-015
C9N+ 0.711E-019
CF+ 0.175E-006
CH2CHCN+ 0.113E-009
CH2NH2+ 0.858E-009
CH3C3N+ 0.773E-013
CH3C3NH+ 0.597E-009
CH3C5NH+ 0.112E-019
CH3C7NH+ 0.258E-021
CH3CHOH+ 0.440E-007
CH3CNH+ 0.244E-003
CH3CO+ 0.323E-007
CH3COCH4+ 0.259E-017
CH3CS+ 0.412E-008
CH3OCH4+ 0.102E-018
CH3OH2+ 0.316E-008
CH4N+ 0.638E-007
CH5+ 0.387E-004
H2C4N+ 0.773E-013
H2C7N+ 0.122E-012
H2C9N+ 0.182E-014
H2CCL+ 0.268E-008
H2CNO+ 0.170E-008
H2CL+ 0.129E-006
H2F+ 0.568E-006
H2NC+ 0.140E-006
H2NCO+ 0.181E-024
H2NO+ 0.416E-016
H2OCN+ 0.171E-008
H2PO+ 0.227E-014
H3+ 0.210E-004
H3C3O+ 0.614E-008
H3C5N+ 0.813E-009
H3C7N+ 0.406E-013
H3C9N+ 0.577E-015
H3CO+ 0.115E-009
H3CS+ 0.319E-006
H3O+ 0.102E-002
H3S+ 0.137E-005
H3S2+ 0.832E-010
H3SIO+ 0.105E-020
H5C2O2+ 0.607E-019
HC2O+ 0.351E-005
HC2S+ 0.116E-004
HC3NH+ 0.661E-004
HC3O+ 0.756E-008
HC3S+ 0.442E-009
HC4N+ 0.773E-013
HC4S+ 0.108E-006
HC5NH+ 0.404E-009
HCNH+ 0.506E-001
HCNOH+ 0.181E-024
HCO2+ 0.416E-009
HCOOH2+ 0.109E-007
HF+ 0.249E-013
HN2O+ 0.447E-024
HNCOH+ 0.341E-008
HNS+ 0.360E-015
HOCN+ 0.136E-014
HOCS+ 0.913E-011
HPN+ 0.509E-019
HSO+ 0.543E-012
HSO2+ 0.915E-025
HSIO2+ 0.357E-012
HSIS+ 0.497E-004
HEH+ 0.840E-010
N2H+ 0.174E-005
NCCNCH3+ 0.194E-018
NCCNH+ 0.421E-011
NH2CNH+ 0.450E-015
NH4+ 0.635E-003
O2H+ 0.462E-018
OCN+ 0.369E-013
PC2H2+ 0.962E-011
PC2H3+ 0.243E-017
PC2H4+ 0.304E-015
PC3H+ 0.150E-015
PC4H+ 0.206E-014
PCH2+ 0.135E-005
PCH3+ 0.142E-015
PCH4+ 0.150E-013
PH3+ 0.189E-019
PNH2+ 0.108E-011
PNH3+ 0.246E-015
SIC2H3+ 0.671E-004
SIC3H2+ 0.331E-009
SIC4H+ 0.475E-003
SICH4+ 0.237E-009
SIF+ 0.158E-006
SIH5+ 0.219E-016
SINCH+ 0.131E-009
SINH2+ 0.612E-007
SIOH+ 0.949E-002
