C- 0.237E-016
E 0.120E-002
C2- 0.213E-018
C3- 0.151E-017
C4- 0.198E-013
C5- 0.544E-010
C6- 0.661E-013
C7- 0.506E-014
C8- 0.324E-018
C10- 0.148E-019
C2H- 0.111E-021
C3H- 0.154E-019
C3N- 0.227E-016
C4H- 0.363E-017
C5H- 0.186E-013
C6H- 0.814E-010
C7H- 0.122E-016
C8H- 0.109E-018
C9- 0.427E-019
C9H- 0.482E-023
CH- 0.218E-026
O- 0.135E-012
OH- 0.588E-015
S- 0.755E-018
CN- 0.106E-015
H- 0.301E-013
C10H- 0.808E-024
C5N- 0.137E-015
O2- 0.242E-060
C 0.131E-006
C2 0.574E-010
CH2 0.490E-010
C2H2 0.219E-014
CH 0.557E-009
C2H 0.156E-011
CO2 0.783E-019
CO 0.369E-011
H2O 0.387E-011
H2CO 0.113E-016
N 0.142E-003
CN 0.567E-013
NH 0.733E-012
HCN 0.180E-014
O2 0.284E-014
O 0.946E-003
OH 0.864E-010
HCO 0.116E-014
C4 0.281E-012
C3 0.314E-011
C5 0.110E-008
C6 0.145E-012
C7 0.459E-014
C8 0.670E-018
C9 0.384E-019
C10 0.359E-019
C3H 0.931E-012
C4H 0.198E-015
C4N 0.309E-018
C5H 0.615E-013
C6H 0.323E-009
C7H 0.188E-016
C8H 0.306E-018
C9H 0.390E-023
C10H 0.140E-023
CS 0.490E-014
CH3 0.131E-012
CH3CN 0.196E-020
CH3OH 0.226E-025
OCS 0.814E-024
CH4 0.715E-015
H 0.845E-003
H2 0.117E+001
NH2 0.215E-012
NH3 0.151E-015
C10H2 0.694E-027
H2CCC 0.111E-016
HC3N 0.204E-020
HC4H 0.148E-017
C5H2 0.162E-014
HC5N 0.798E-019
C6H2 0.809E-013
C7H2 0.897E-017
C8H2 0.127E-021
C9H2 0.877E-026
HS 0.177E-012
C2N 0.352E-016
C3N 0.478E-015
C5N 0.216E-014
C7N 0.143E-018
HC7N 0.749E-022
C9N 0.542E-024
HC9N 0.230E-028
NO 0.135E-014
NS 0.125E-016
NO2 0.406E-022
SO2 0.133E-026
C2O 0.234E-016
SO 0.202E-020
HNC 0.287E-014
C2H4 0.155E-018
C2H5 0.355E-020
C2H5OH 0.179E-032
C2S 0.410E-015
C3O 0.202E-022
C3S 0.217E-018
C4H3 0.629E-017
C4S 0.499E-022
C6H6 0.759E-013
CCP 0.448E-022
CCL 0.251E-018
CH2CCH2 0.666E-016
CH2CCH 0.345E-015
CH2CN 0.119E-019
CH2CO 0.456E-019
CH3CCH 0.671E-016
CH3CHCH2 0.446E-018
CH3CHO 0.113E-024
CH3COCH3 0.317E-036
CH3OCH3 0.390E-037
CP 0.262E-021
CLO 0.287E-052
FE 0.000E+000
H2S 0.802E-016
H2SIO 0.234E-033
HCOOCH3 0.842E-043
HCP 0.101E-021
HPO 0.762E-025
MG 0.000E+000
NCCN 0.300E-022
NA 0.000E+000
P 0.559E-012
PH 0.464E-014
PO 0.187E-017
SI 0.313E-009
SIC2 0.401E-015
SIC2H 0.588E-019
SIC3 0.265E-018
SIC 0.186E-012
SICH2 0.332E-023
SICH3 0.116E-022
SIH2 0.677E-022
SIH3 0.147E-029
SIN 0.212E-017
SIS 0.146E-021
S 0.813E-009
N2 0.742E-015
C2H3 0.622E-015
CH3CH3 0.858E-019
PN 0.272E-012
CL 0.331E-006
C3H2 0.262E-015
C4P 0.397E-029
CH3C4H 0.488E-018
CH3C6H 0.820E-015
H2CS 0.267E-020
H2S2 0.160E-024
HC2P 0.101E-026
HCSI 0.585E-014
HCL 0.285E-010
HNSI 0.202E-018
HS2 0.402E-024
N2O 0.254E-023
PH2 0.329E-022
S2 0.968E-021
SIC2H2 0.906E-020
SIC3H 0.302E-018
SIC4 0.106E-025
SIH4 0.633E-031
SIH 0.132E-013
SINC 0.250E-022
SIO 0.709E-015
F 0.199E-007
HE 0.199E+000
HCNO 0.621E-024
HNCO 0.125E-022
HONC 0.220E-029
HNO 0.684E-016
HCOOH 0.440E-026
C11 0.266E-031
C2H5CN 0.157E-031
C3P 0.141E-029
CH2CHCCH 0.674E-015
CH2CHCHCH2 0.386E-055
CH2CHCN 0.198E-025
CH2NH 0.744E-030
CH2PH 0.592E-030
CH3C3N 0.186E-022
CH3C5N 0.564E-028
CH3C7N 0.520E-031
CNO 0.775E-029
H2CN 0.503E-018
H2O2 0.286E-061
HCS 0.902E-019
HF 0.186E-017
HNC3 0.739E-023
HOCN 0.131E-022
NH2CN 0.329E-029
O2H 0.426E-030
OCN 0.158E-016
SIO2 0.445E-027
HCO+ 0.177E-012
H+ 0.585E-006
HOC+ 0.533E-013
C+ 0.115E-002
C10H+ 0.569E-023
C2H4+ 0.834E-015
C2H5+ 0.133E-021
C2H5OH+ 0.372E-033
C2O+ 0.745E-019
C2S+ 0.103E-016
C3O+ 0.144E-025
C3S+ 0.504E-016
C4H3+ 0.832E-021
C4S+ 0.107E-019
C6H6+ 0.204E-008
CCP+ 0.111E-024
CCL+ 0.296E-012
CH2+ 0.391E-009
C3H4+ 0.881E-017
CH2CCH+ 0.504E-017
CH2CN+ 0.112E-021
CH2CO+ 0.823E-020
C3H6+ 0.533E-022
CH3CHO+ 0.491E-026
CH3COCH3+ 0.177E-037
CH3OCH3+ 0.990E-038
CH+ 0.245E-009
CP+ 0.259E-024
CLO+ 0.950E-055
FE+ 0.000E+000
H2CO+ 0.960E-015
H2S+ 0.233E-012
H2SIO+ 0.751E-026
C4H2+ 0.110E-016
COOCH4+ 0.823E-045
HCP+ 0.122E-024
HPO+ 0.121E-018
MG+ 0.000E+000
C2N+ 0.507E-016
CNC+ 0.957E-017
NH3+ 0.323E-012
NO+ 0.409E-014
NS+ 0.583E-016
NA+ 0.000E+000
OCS+ 0.180E-020
P+ 0.293E-007
PH+ 0.851E-017
PO+ 0.610E-017
SO+ 0.445E-014
SI+ 0.348E-004
SIC2+ 0.199E-016
SIC2H+ 0.186E-016
SIC3+ 0.902E-016
SIC+ 0.222E-013
SICH2+ 0.620E-014
SICH3+ 0.365E-024
SIH2+ 0.388E-013
SIH3+ 0.751E-022
SIN+ 0.107E-015
SIS+ 0.850E-019
C2+ 0.779E-011
S+ 0.194E-004
CN+ 0.433E-014
CO+ 0.162E-012
N2+ 0.476E-016
O2+ 0.149E-013
C2H+ 0.190E-011
C2H2+ 0.143E-011
C2H3+ 0.388E-013
C5H2+ 0.245E-019
C6H2+ 0.251E-014
C7H2+ 0.359E-018
C3H3+ 0.480E-017
CO2+ 0.141E-026
HC3N+ 0.680E-021
HCN+ 0.800E-014
C2N2+ 0.104E-024
C3+ 0.108E-014
C5+ 0.111E-014
CH3CH3+ 0.786E-020
PN+ 0.734E-018
H2O+ 0.210E-010
NH2+ 0.226E-011
O+ 0.167E-010
OH+ 0.497E-010
CH3+ 0.158E-009
CH4+ 0.351E-017
CH3OH+ 0.386E-027
N+ 0.713E-009
SO2+ 0.265E-031
CS+ 0.184E-013
CL+ 0.494E-007
C10+ 0.304E-020
C10H2+ 0.822E-028
C3H2+ 0.164E-017
C3H+ 0.158E-015
C4+ 0.275E-014
C4H+ 0.102E-014
C4P+ 0.647E-035
C5H+ 0.167E-015
C6+ 0.198E-012
C6H+ 0.223E-014
C7+ 0.454E-013
C7H+ 0.165E-014
C8+ 0.894E-018
C8H2+ 0.112E-018
C8H+ 0.175E-019
C9+ 0.169E-020
C9H2+ 0.633E-026
C9H+ 0.128E-022
CH3C4H+ 0.156E-019
C7H4+ 0.147E-021
CH3CN+ 0.140E-019
H2CS+ 0.676E-020
H2S2+ 0.861E-030
HC2P+ 0.439E-022
HC5N+ 0.147E-020
HC7N+ 0.559E-020
HC9N+ 0.816E-026
HCSI+ 0.111E-013
HCL+ 0.385E-009
HNSI+ 0.179E-018
HS2+ 0.816E-021
HS+ 0.820E-016
N2O+ 0.131E-012
NH+ 0.747E-012
PH2+ 0.284E-014
S2+ 0.392E-020
SIC2H2+ 0.603E-019
SIC3H+ 0.264E-019
SIC4+ 0.210E-019
SIH4+ 0.416E-037
SIH+ 0.147E-015
SINC+ 0.277E-018
SIO+ 0.614E-014
H2+ 0.451E-008
F+ 0.443E-022
HE+ 0.482E-006
C3N+ 0.438E-020
HCNO+ 0.284E-029
HNCO+ 0.623E-023
HONC+ 0.183E-034
HNO+ 0.261E-015
HCOOH+ 0.619E-027
NO2+ 0.124E-021
CH2CHCNH+ 0.361E-027
HCS+ 0.125E-014
C10H3+ 0.330E-034
C11+ 0.642E-023
C2H5CNH+ 0.667E-032
C2H5OH2+ 0.325E-032
C2H7+ 0.590E-031
C2NH+ 0.166E-016
C3H2O+ 0.234E-026
C3H5+ 0.326E-017
C3H7+ 0.429E-018
C4H4+ 0.170E-024
C4H5+ 0.404E-024
C4H7+ 0.973E-034
C4N+ 0.904E-023
C5H3+ 0.627E-017
C5H5+ 0.498E-020
C5N+ 0.130E-020
C6H3+ 0.336E-020
C6H4+ 0.534E-031
C6H5+ 0.193E-013
C6H7+ 0.215E-015
C7H3+ 0.109E-018
C7H5+ 0.921E-017
C7N+ 0.207E-019
C8H3+ 0.477E-023
C8H4+ 0.552E-025
C8H5+ 0.258E-039
C9H3+ 0.194E-026
C9H4+ 0.740E-030
C9H5+ 0.195E-035
C9N+ 0.301E-025
CF+ 0.920E-019
CH2CHCN+ 0.778E-023
CH2NH2+ 0.118E-038
CH3C3N+ 0.712E-024
CH3C3NH+ 0.162E-024
CH3C5NH+ 0.173E-028
CH3C7NH+ 0.162E-031
CH3CHOH+ 0.230E-027
CH3CNH+ 0.972E-021
CH3CO+ 0.138E-023
CH3COCH4+ 0.103E-035
CH3CS+ 0.548E-024
CH3OCH4+ 0.515E-037
CH3OH2+ 0.175E-024
CH4N+ 0.744E-022
CH5+ 0.108E-013
H2C4N+ 0.186E-023
H2C7N+ 0.552E-023
H2C9N+ 0.740E-029
H2CCL+ 0.900E-020
H2CNO+ 0.976E-025
H2CL+ 0.216E-010
H2F+ 0.310E-023
H2NC+ 0.120E-014
H2NCO+ 0.576E-023
H2NO+ 0.896E-023
H2OCN+ 0.585E-023
H2PO+ 0.104E-025
H3+ 0.244E-007
H3C3O+ 0.465E-027
H3C5N+ 0.448E-025
H3C7N+ 0.201E-022
H3C9N+ 0.134E-033
H3CO+ 0.488E-020
H3CS+ 0.139E-020
H3O+ 0.599E-011
H3S+ 0.627E-022
H3S2+ 0.139E-024
H3SIO+ 0.122E-034
H5C2O2+ 0.119E-042
HC2O+ 0.374E-016
HC2S+ 0.648E-017
HC3NH+ 0.173E-022
HC3O+ 0.746E-022
HC3S+ 0.147E-019
HC4N+ 0.485E-023
HC4S+ 0.730E-023
HC5NH+ 0.741E-022
HCNH+ 0.286E-014
HCNOH+ 0.395E-029
HCO2+ 0.676E-023
HCOOH2+ 0.153E-026
HF+ 0.710E-023
HN2O+ 0.333E-025
HNCOH+ 0.117E-022
HNS+ 0.378E-021
HOCN+ 0.622E-023
HOCS+ 0.206E-028
HPN+ 0.184E-019
HSO+ 0.643E-020
HSO2+ 0.248E-032
HSIO2+ 0.116E-034
HSIS+ 0.183E-022
HEH+ 0.633E-010
N2H+ 0.334E-016
NCCNCH3+ 0.102E-034
NCCNH+ 0.293E-025
NH2CNH+ 0.590E-037
NH4+ 0.408E-016
O2H+ 0.130E-022
OCN+ 0.274E-024
PC2H2+ 0.237E-026
PC2H3+ 0.491E-036
PC2H4+ 0.203E-033
PC3H+ 0.487E-030
PC4H+ 0.410E-029
PCH2+ 0.575E-022
PCH3+ 0.169E-032
PCH4+ 0.591E-030
PH3+ 0.131E-022
PNH2+ 0.150E-023
PNH3+ 0.882E-030
SIC2H3+ 0.986E-021
SIC3H2+ 0.333E-019
SIC4H+ 0.828E-027
SICH4+ 0.112E-023
SIF+ 0.155E-020
SIH5+ 0.244E-030
SINCH+ 0.287E-022
SINH2+ 0.119E-018
SIOH+ 0.134E-014
