C- 0.167E-016
E 0.105E-002
C2- 0.125E-018
C3- 0.724E-018
C4- 0.107E-013
C5- 0.317E-010
C6- 0.360E-013
C7- 0.270E-014
C8- 0.166E-018
C10- 0.507E-020
C2H- 0.646E-022
C3H- 0.921E-020
C3N- 0.118E-016
C4H- 0.172E-017
C5H- 0.989E-014
C6H- 0.505E-010
C7H- 0.639E-017
C8H- 0.593E-019
C9- 0.146E-019
C9H- 0.135E-023
CH- 0.111E-026
O- 0.104E-012
OH- 0.396E-015
S- 0.513E-018
CN- 0.549E-016
H- 0.262E-013
C10H- 0.234E-024
C5N- 0.617E-016
O2- 0.232E-060
C 0.105E-006
C2 0.373E-010
CH2 0.335E-010
C2H2 0.145E-014
CH 0.400E-009
C2H 0.103E-011
CO2 0.431E-019
CO 0.257E-011
H2O 0.325E-011
H2CO 0.680E-017
N 0.123E-003
CN 0.377E-013
NH 0.583E-012
HCN 0.127E-014
O2 0.202E-014
O 0.824E-003
OH 0.733E-010
HCO 0.772E-015
C4 0.180E-012
C3 0.205E-011
C5 0.715E-009
C6 0.869E-013
C7 0.271E-014
C8 0.379E-018
C9 0.145E-019
C10 0.136E-019
C3H 0.628E-012
C4H 0.124E-015
C4N 0.140E-018
C5H 0.330E-013
C6H 0.219E-009
C7H 0.108E-016
C8H 0.178E-018
C9H 0.116E-023
C10H 0.419E-024
CS 0.302E-014
CH3 0.898E-013
CH3CN 0.122E-020
CH3OH 0.146E-025
OCS 0.409E-024
CH4 0.484E-015
H 0.739E-003
H2 0.102E+001
NH2 0.172E-012
NH3 0.134E-015
C10H2 0.175E-027
H2CCC 0.855E-017
HC3N 0.105E-020
HC4H 0.998E-018
C5H2 0.950E-015
HC5N 0.326E-019
C6H2 0.553E-013
C7H2 0.604E-017
C8H2 0.625E-022
C9H2 0.338E-026
HS 0.135E-012
C2N 0.215E-016
C3N 0.246E-015
C5N 0.109E-014
C7N 0.682E-019
HC7N 0.468E-022
C9N 0.161E-024
HC9N 0.656E-029
NO 0.104E-014
NS 0.833E-017
NO2 0.252E-022
SO2 0.535E-027
C2O 0.145E-016
SO 0.140E-020
HNC 0.199E-014
C2H4 0.101E-018
C2H5 0.243E-020
C2H5OH 0.124E-032
C2S 0.244E-015
C3O 0.120E-022
C3S 0.139E-018
C4H3 0.425E-017
C4S 0.293E-022
C6H6 0.589E-013
CCP 0.252E-022
CCL 0.151E-018
CH2CCH2 0.517E-016
CH2CCH 0.267E-015
CH2CN 0.733E-020
CH2CO 0.258E-019
CH3CCH 0.520E-016
CH3CHCH2 0.287E-018
CH3CHO 0.691E-025
CH3COCH3 0.158E-036
CH3OCH3 0.202E-037
CP 0.154E-021
CLO 0.284E-052
FE 0.000E+000
H2S 0.617E-016
H2SIO 0.147E-033
HCOOCH3 0.376E-043
HCP 0.604E-022
HPO 0.558E-025
MG 0.000E+000
NCCN 0.464E-023
NA 0.000E+000
P 0.434E-012
PH 0.367E-014
PO 0.131E-017
SI 0.243E-009
SIC2 0.238E-015
SIC2H 0.341E-019
SIC3 0.176E-018
SIC 0.120E-012
SICH2 0.186E-023
SICH3 0.710E-023
SIH2 0.484E-022
SIH3 0.105E-029
SIN 0.130E-017
SIS 0.986E-022
S 0.629E-009
N2 0.589E-015
C2H3 0.404E-015
CH3CH3 0.572E-019
PN 0.204E-012
CL 0.284E-006
C3H2 0.201E-015
C4P 0.211E-029
CH3C4H 0.368E-018
CH3C6H 0.548E-015
H2CS 0.158E-020
H2S2 0.111E-024
HC2P 0.602E-027
HCSI 0.363E-014
HCL 0.218E-010
HNSI 0.150E-018
HS2 0.278E-024
N2O 0.188E-023
PH2 0.234E-022
S2 0.659E-021
SIC2H2 0.607E-020
SIC3H 0.210E-018
SIC4 0.534E-026
SIH4 0.452E-031
SIH 0.997E-014
SINC 0.162E-022
SIO 0.522E-015
F 0.174E-007
HE 0.173E+000
HCNO 0.375E-024
HNCO 0.728E-023
HONC 0.133E-029
HNO 0.488E-016
HCOOH 0.311E-026
C11 0.642E-032
C2H5CN 0.766E-032
C3P 0.723E-030
CH2CHCCH 0.523E-015
CH2CHCHCH2 0.125E-055
CH2CHCN 0.118E-025
CH2NH 0.240E-030
CH2PH 0.356E-030
CH3C3N 0.114E-022
CH3C5N 0.187E-028
CH3C7N 0.263E-031
CNO 0.504E-029
H2CN 0.288E-018
H2O2 0.257E-061
HCS 0.520E-019
HF 0.142E-017
HNC3 0.508E-023
HOCN 0.765E-023
NH2CN 0.204E-029
O2H 0.246E-030
OCN 0.956E-017
SIO2 0.276E-027
HCO+ 0.143E-012
H+ 0.593E-006
HOC+ 0.436E-013
C+ 0.100E-002
C10H+ 0.241E-023
C2H4+ 0.603E-015
C2H5+ 0.100E-021
C2H5OH+ 0.291E-033
C2O+ 0.461E-019
C2S+ 0.671E-017
C3O+ 0.861E-026
C3S+ 0.340E-016
C4H3+ 0.555E-021
C4S+ 0.670E-020
C6H6+ 0.178E-008
CCP+ 0.632E-025
CCL+ 0.252E-012
CH2+ 0.324E-009
C3H4+ 0.766E-017
CH2CCH+ 0.336E-017
CH2CN+ 0.681E-022
CH2CO+ 0.525E-020
C3H6+ 0.339E-022
CH3CHO+ 0.336E-026
CH3COCH3+ 0.966E-038
CH3OCH3+ 0.577E-038
CH+ 0.202E-009
CP+ 0.150E-024
CLO+ 0.927E-055
FE+ 0.000E+000
H2CO+ 0.722E-015
H2S+ 0.201E-012
H2SIO+ 0.595E-026
C4H2+ 0.752E-017
COOCH4+ 0.367E-045
HCP+ 0.704E-025
HPO+ 0.101E-018
MG+ 0.000E+000
C2N+ 0.355E-016
CNC+ 0.672E-017
NH3+ 0.284E-012
NO+ 0.399E-014
NS+ 0.476E-016
NA+ 0.000E+000
OCS+ 0.123E-020
P+ 0.255E-007
PH+ 0.663E-017
PO+ 0.518E-017
SO+ 0.378E-014
SI+ 0.303E-004
SIC2+ 0.128E-016
SIC2H+ 0.118E-016
SIC3+ 0.609E-016
SIC+ 0.160E-013
SICH2+ 0.434E-014
SICH3+ 0.244E-024
SIH2+ 0.331E-013
SIH3+ 0.605E-022
SIN+ 0.854E-016
SIS+ 0.634E-019
C2+ 0.574E-011
S+ 0.169E-004
CN+ 0.352E-014
CO+ 0.137E-012
N2+ 0.438E-016
O2+ 0.144E-013
C2H+ 0.137E-011
C2H2+ 0.101E-011
C2H3+ 0.259E-013
C5H2+ 0.152E-019
C6H2+ 0.195E-014
C7H2+ 0.261E-018
C3H3+ 0.346E-017
CO2+ 0.829E-027
HC3N+ 0.394E-021
HCN+ 0.653E-014
C2N2+ 0.183E-025
C3+ 0.713E-015
C5+ 0.814E-015
CH3CH3+ 0.585E-020
PN+ 0.640E-018
H2O+ 0.204E-010
NH2+ 0.204E-011
O+ 0.168E-010
OH+ 0.492E-010
CH3+ 0.122E-009
CH4+ 0.264E-017
CH3OH+ 0.280E-027
N+ 0.714E-009
SO2+ 0.157E-031
CS+ 0.130E-013
CL+ 0.468E-007
C10+ 0.131E-020
C10H2+ 0.241E-028
C3H2+ 0.107E-017
C3H+ 0.102E-015
C4+ 0.186E-014
C4H+ 0.715E-015
C4P+ 0.401E-035
C5H+ 0.121E-015
C6+ 0.127E-012
C6H+ 0.147E-014
C7+ 0.309E-013
C7H+ 0.111E-014
C8+ 0.524E-018
C8H2+ 0.742E-019
C8H+ 0.116E-019
C9+ 0.801E-021
C9H2+ 0.363E-026
C9H+ 0.598E-023
CH3C4H+ 0.133E-019
C7H4+ 0.114E-021
CH3CN+ 0.998E-020
H2CS+ 0.454E-020
H2S2+ 0.688E-030
HC2P+ 0.285E-022
HC5N+ 0.936E-021
HC7N+ 0.343E-020
HC9N+ 0.273E-026
HCSI+ 0.793E-014
HCL+ 0.426E-009
HNSI+ 0.152E-018
HS2+ 0.628E-021
HS+ 0.661E-016
N2O+ 0.114E-012
NH+ 0.688E-012
PH2+ 0.253E-014
S2+ 0.302E-020
SIC2H2+ 0.391E-019
SIC3H+ 0.203E-019
SIC4+ 0.133E-019
SIH4+ 0.331E-037
SIH+ 0.117E-015
SINC+ 0.193E-018
SIO+ 0.520E-014
H2+ 0.439E-008
F+ 0.372E-022
HE+ 0.454E-006
C3N+ 0.260E-020
HCNO+ 0.191E-029
HNCO+ 0.418E-023
HONC+ 0.122E-034
HNO+ 0.245E-015
HCOOH+ 0.494E-027
NO2+ 0.114E-021
CH2CHCNH+ 0.238E-027
HCS+ 0.871E-015
C10H3+ 0.125E-034
C11+ 0.240E-023
C2H5CNH+ 0.364E-032
C2H5OH2+ 0.248E-032
C2H7+ 0.434E-031
C2NH+ 0.116E-016
C3H2O+ 0.140E-026
C3H5+ 0.224E-017
C3H7+ 0.303E-018
C4H4+ 0.124E-024
C4H5+ 0.277E-024
C4H7+ 0.483E-034
C4N+ 0.466E-023
C5H3+ 0.477E-017
C5H5+ 0.412E-020
C5N+ 0.932E-021
C6H3+ 0.253E-020
C6H4+ 0.285E-031
C6H5+ 0.167E-013
C6H7+ 0.182E-015
C7H3+ 0.721E-019
C7H5+ 0.706E-017
C7N+ 0.128E-019
C8H3+ 0.249E-023
C8H4+ 0.312E-025
C8H5+ 0.143E-039
C9H3+ 0.105E-026
C9H4+ 0.475E-030
C9H5+ 0.123E-035
C9N+ 0.102E-025
CF+ 0.694E-019
CH2CHCN+ 0.529E-023
CH2NH2+ 0.856E-039
CH3C3N+ 0.472E-024
CH3C3NH+ 0.106E-024
CH3C5NH+ 0.651E-029
CH3C7NH+ 0.933E-032
CH3CHOH+ 0.173E-027
CH3CNH+ 0.677E-021
CH3CO+ 0.876E-024
CH3COCH4+ 0.552E-036
CH3CS+ 0.347E-024
CH3OCH4+ 0.299E-037
CH3OH2+ 0.127E-024
CH4N+ 0.527E-022
CH5+ 0.826E-014
H2C4N+ 0.124E-023
H2C7N+ 0.337E-023
H2C9N+ 0.245E-029
H2CCL+ 0.619E-020
H2CNO+ 0.772E-025
H2CL+ 0.244E-010
H2F+ 0.254E-023
H2NC+ 0.913E-015
H2NCO+ 0.379E-023
H2NO+ 0.700E-023
H2OCN+ 0.386E-023
H2PO+ 0.895E-026
H3+ 0.233E-007
H3C3O+ 0.263E-027
H3C5N+ 0.375E-025
H3C7N+ 0.152E-022
H3C9N+ 0.732E-034
H3CO+ 0.367E-020
H3CS+ 0.928E-021
H3O+ 0.574E-011
H3S+ 0.506E-022
H3S2+ 0.109E-024
H3SIO+ 0.966E-035
H5C2O2+ 0.602E-043
HC2O+ 0.260E-016
HC2S+ 0.414E-017
HC3NH+ 0.132E-022
HC3O+ 0.501E-022
HC3S+ 0.113E-019
HC4N+ 0.328E-023
HC4S+ 0.485E-023
HC5NH+ 0.464E-022
HCNH+ 0.228E-014
HCNOH+ 0.264E-029
HCO2+ 0.529E-023
HCOOH2+ 0.121E-026
HF+ 0.590E-023
HN2O+ 0.277E-025
HNCOH+ 0.772E-023
HNS+ 0.296E-021
HOCN+ 0.418E-023
HOCS+ 0.135E-028
HPN+ 0.151E-019
HSO+ 0.549E-020
HSO2+ 0.162E-032
HSIO2+ 0.776E-035
HSIS+ 0.137E-022
HEH+ 0.615E-010
N2H+ 0.298E-016
NCCNCH3+ 0.137E-035
NCCNH+ 0.508E-026
NH2CNH+ 0.396E-037
NH4+ 0.399E-016
O2H+ 0.101E-022
OCN+ 0.200E-024
PC2H2+ 0.151E-026
PC2H3+ 0.279E-036
PC2H4+ 0.132E-033
PC3H+ 0.278E-030
PC4H+ 0.246E-029
PCH2+ 0.387E-022
PCH3+ 0.100E-032
PCH4+ 0.401E-030
PH3+ 0.105E-022
PNH2+ 0.132E-023
PNH3+ 0.798E-030
SIC2H3+ 0.739E-021
SIC3H2+ 0.258E-019
SIC4H+ 0.544E-027
SICH4+ 0.772E-024
SIF+ 0.118E-020
SIH5+ 0.196E-030
SINCH+ 0.210E-022
SINH2+ 0.991E-019
SIOH+ 0.111E-014
