C- 0.118E-016
E 0.914E-003
C2- 0.714E-019
C3- 0.341E-018
C4- 0.572E-014
C5- 0.181E-010
C6- 0.193E-013
C7- 0.142E-014
C8- 0.852E-019
C10- 0.166E-020
C2H- 0.369E-022
C3H- 0.542E-020
C3N- 0.597E-017
C4H- 0.798E-018
C5H- 0.516E-014
C6H- 0.307E-010
C7H- 0.339E-017
C8H- 0.318E-019
C9- 0.474E-020
C9H- 0.360E-024
CH- 0.553E-027
O- 0.798E-013
OH- 0.267E-015
S- 0.348E-018
CN- 0.276E-016
H- 0.228E-013
C10H- 0.645E-025
C5N- 0.272E-016
O2- 0.137E-060
C 0.851E-007
C2 0.238E-010
CH2 0.228E-010
C2H2 0.949E-015
CH 0.286E-009
C2H 0.666E-012
CO2 0.241E-019
CO 0.180E-011
H2O 0.275E-011
H2CO 0.409E-017
N 0.107E-003
CN 0.254E-013
NH 0.463E-012
HCN 0.897E-015
O2 0.145E-014
O 0.718E-003
OH 0.624E-010
HCO 0.513E-015
C4 0.114E-012
C3 0.132E-011
C5 0.455E-009
C6 0.515E-013
C7 0.158E-014
C8 0.214E-018
C9 0.523E-020
C10 0.494E-020
C3H 0.416E-012
C4H 0.768E-016
C4N 0.624E-019
C5H 0.174E-013
C6H 0.145E-009
C7H 0.630E-017
C8H 0.103E-018
C9H 0.334E-024
C10H 0.120E-024
CS 0.185E-014
CH3 0.611E-013
CH3CN 0.748E-021
CH3OH 0.946E-026
OCS 0.205E-024
CH4 0.325E-015
H 0.646E-003
H2 0.889E+000
NH2 0.136E-012
NH3 0.118E-015
C10H2 0.422E-028
H2CCC 0.655E-017
HC3N 0.554E-021
HC4H 0.671E-018
C5H2 0.565E-015
HC5N 0.131E-019
C6H2 0.386E-013
C7H2 0.405E-017
C8H2 0.306E-022
C9H2 0.138E-026
HS 0.103E-012
C2N 0.130E-016
C3N 0.124E-015
C5N 0.543E-015
C7N 0.323E-019
HC7N 0.295E-022
C9N 0.455E-025
HC9N 0.180E-029
NO 0.809E-015
NS 0.555E-017
NO2 0.157E-022
SO2 0.246E-027
C2O 0.880E-017
SO 0.103E-020
HNC 0.139E-014
C2H4 0.637E-019
C2H5 0.155E-020
C2H5OH 0.846E-033
C2S 0.143E-015
C3O 0.707E-023
C3S 0.890E-019
C4H3 0.285E-017
C4S 0.171E-022
C6H6 0.454E-013
CCP 0.142E-022
CCL 0.914E-019
CH2CCH2 0.399E-016
CH2CCH 0.206E-015
CH2CN 0.444E-020
CH2CO 0.144E-019
CH3CCH 0.400E-016
CH3CHCH2 0.181E-018
CH3CHO 0.389E-025
CH3COCH3 0.695E-037
CH3OCH3 0.104E-037
CP 0.908E-022
CLO 0.169E-052
FE 0.000E+000
H2S 0.475E-016
H2SIO 0.920E-034
HCOOCH3 0.167E-043
HCP 0.358E-022
HPO 0.411E-025
MG 0.000E+000
NCCN 0.644E-024
NA 0.000E+000
P 0.337E-012
PH 0.292E-014
PO 0.924E-018
SI 0.188E-009
SIC2 0.139E-015
SIC2H 0.194E-019
SIC3 0.117E-018
SIC 0.765E-013
SICH2 0.104E-023
SICH3 0.431E-023
SIH2 0.345E-022
SIH3 0.751E-030
SIN 0.809E-018
SIS 0.666E-022
S 0.487E-009
N2 0.470E-015
C2H3 0.258E-015
CH3CH3 0.369E-019
PN 0.151E-012
CL 0.245E-006
C3H2 0.154E-015
C4P 0.111E-029
CH3C4H 0.275E-018
CH3C6H 0.364E-015
H2CS 0.922E-021
H2S2 0.768E-025
HC2P 0.336E-027
HCSI 0.225E-014
HCL 0.188E-010
HNSI 0.111E-018
HS2 0.192E-024
N2O 0.141E-023
PH2 0.167E-022
S2 0.448E-021
SIC2H2 0.405E-020
SIC3H 0.145E-018
SIC4 0.304E-026
SIH4 0.322E-031
SIH 0.756E-014
SINC 0.105E-022
SIO 0.385E-015
F 0.151E-007
HE 0.151E+000
HCNO 0.235E-024
HNCO 0.417E-023
HONC 0.786E-030
HNO 0.348E-016
HCOOH 0.220E-026
C11 0.149E-032
C2H5CN 0.367E-032
C3P 0.367E-030
CH2CHCCH 0.403E-015
CH2CHCHCH2 0.357E-056
CH2CHCN 0.697E-026
CH2NH 0.893E-031
CH2PH 0.213E-030
CH3C3N 0.688E-023
CH3C5N 0.606E-029
CH3C7N 0.134E-031
CNO 0.315E-029
H2CN 0.164E-018
H2O2 0.145E-061
HCS 0.299E-019
HF 0.108E-017
HNC3 0.353E-023
HOCN 0.440E-023
NH2CN 0.127E-029
O2H 0.145E-030
OCN 0.570E-017
SIO2 0.171E-027
HCO+ 0.116E-012
H+ 0.602E-006
HOC+ 0.359E-013
C+ 0.871E-003
C10H+ 0.983E-024
C2H4+ 0.429E-015
C2H5+ 0.701E-022
C2H5OH+ 0.219E-033
C2O+ 0.280E-019
C2S+ 0.429E-017
C3O+ 0.510E-026
C3S+ 0.225E-016
C4H3+ 0.367E-021
C4S+ 0.415E-020
C6H6+ 0.155E-008
CCP+ 0.360E-025
CCL+ 0.233E-012
CH2+ 0.268E-009
C3H4+ 0.662E-017
CH2CCH+ 0.222E-017
CH2CN+ 0.413E-022
CH2CO+ 0.330E-020
C3H6+ 0.210E-022
CH3CHO+ 0.211E-026
CH3COCH3+ 0.455E-038
CH3OCH3+ 0.335E-038
CH+ 0.166E-009
CP+ 0.873E-025
CLO+ 0.536E-055
FE+ 0.000E+000
H2CO+ 0.542E-015
H2S+ 0.173E-012
H2SIO+ 0.470E-026
C4H2+ 0.508E-017
COOCH4+ 0.163E-045
HCP+ 0.406E-025
HPO+ 0.855E-019
MG+ 0.000E+000
C2N+ 0.246E-016
CNC+ 0.473E-017
NH3+ 0.248E-012
NO+ 0.393E-014
NS+ 0.390E-016
NA+ 0.000E+000
OCS+ 0.833E-021
P+ 0.222E-007
PH+ 0.517E-017
PO+ 0.440E-017
SO+ 0.322E-014
SI+ 0.264E-004
SIC2+ 0.812E-017
SIC2H+ 0.733E-017
SIC3+ 0.403E-016
SIC+ 0.115E-013
SICH2+ 0.304E-014
SICH3+ 0.162E-024
SIH2+ 0.284E-013
SIH3+ 0.487E-022
SIN+ 0.688E-016
SIS+ 0.472E-019
C2+ 0.415E-011
S+ 0.147E-004
CN+ 0.286E-014
CO+ 0.116E-012
N2+ 0.403E-016
O2+ 0.140E-013
C2H+ 0.973E-012
C2H2+ 0.709E-012
C2H3+ 0.166E-013
C5H2+ 0.934E-020
C6H2+ 0.154E-014
C7H2+ 0.190E-018
C3H3+ 0.249E-017
CO2+ 0.494E-027
HC3N+ 0.225E-021
HCN+ 0.531E-014
C2N2+ 0.289E-026
C3+ 0.463E-015
C5+ 0.588E-015
CH3CH3+ 0.416E-020
PN+ 0.553E-018
H2O+ 0.200E-010
NH2+ 0.182E-011
O+ 0.170E-010
OH+ 0.489E-010
CH3+ 0.938E-010
CH4+ 0.197E-017
CH3OH+ 0.204E-027
N+ 0.711E-009
SO2+ 0.110E-031
CS+ 0.921E-014
CL+ 0.435E-007
C10+ 0.541E-021
C10H2+ 0.687E-029
C3H2+ 0.687E-018
C3H+ 0.657E-016
C4+ 0.124E-014
C4H+ 0.494E-015
C4P+ 0.245E-035
C5H+ 0.861E-016
C6+ 0.804E-013
C6H+ 0.956E-015
C7+ 0.206E-013
C7H+ 0.736E-015
C8+ 0.304E-018
C8H2+ 0.488E-019
C8H+ 0.768E-020
C9+ 0.379E-021
C9H2+ 0.208E-026
C9H+ 0.280E-023
CH3C4H+ 0.114E-019
C7H4+ 0.870E-022
CH3CN+ 0.702E-020
H2CS+ 0.303E-020
H2S2+ 0.552E-030
HC2P+ 0.184E-022
HC5N+ 0.592E-021
HC7N+ 0.210E-020
HC9N+ 0.874E-027
HCSI+ 0.565E-014
HCL+ 0.504E-009
HNSI+ 0.128E-018
HS2+ 0.483E-021
HS+ 0.531E-016
N2O+ 0.991E-013
NH+ 0.635E-012
PH2+ 0.226E-014
S2+ 0.232E-020
SIC2H2+ 0.250E-019
SIC3H+ 0.155E-019
SIC4+ 0.836E-020
SIH4+ 0.263E-037
SIH+ 0.922E-016
SINC+ 0.134E-018
SIO+ 0.442E-014
H2+ 0.426E-008
F+ 0.310E-022
HE+ 0.427E-006
C3N+ 0.152E-020
HCNO+ 0.133E-029
HNCO+ 0.276E-023
HONC+ 0.783E-035
HNO+ 0.231E-015
HCOOH+ 0.395E-027
NO2+ 0.105E-021
CH2CHCNH+ 0.157E-027
HCS+ 0.605E-015
C10H3+ 0.467E-035
C11+ 0.864E-024
C2H5CNH+ 0.195E-032
C2H5OH2+ 0.188E-032
C2H7+ 0.307E-031
C2NH+ 0.792E-017
C3H2O+ 0.828E-027
C3H5+ 0.153E-017
C3H7+ 0.212E-018
C4H4+ 0.895E-025
C4H5+ 0.188E-024
C4H7+ 0.220E-034
C4N+ 0.246E-023
C5H3+ 0.362E-017
C5H5+ 0.339E-020
C5N+ 0.657E-021
C6H3+ 0.194E-020
C6H4+ 0.149E-031
C6H5+ 0.144E-013
C6H7+ 0.155E-015
C7H3+ 0.474E-019
C7H5+ 0.540E-017
C7N+ 0.793E-020
C8H3+ 0.122E-023
C8H4+ 0.170E-025
C8H5+ 0.782E-040
C9H3+ 0.559E-027
C9H4+ 0.310E-030
C9H5+ 0.775E-036
C9N+ 0.328E-026
CF+ 0.522E-019
CH2CHCN+ 0.358E-023
CH2NH2+ 0.702E-039
CH3C3N+ 0.308E-024
CH3C3NH+ 0.685E-025
CH3C5NH+ 0.240E-029
CH3C7NH+ 0.539E-032
CH3CHOH+ 0.130E-027
CH3CNH+ 0.464E-021
CH3CO+ 0.557E-024
CH3COCH4+ 0.266E-036
CH3CS+ 0.212E-024
CH3OCH4+ 0.173E-037
CH3OH2+ 0.928E-025
CH4N+ 0.367E-022
CH5+ 0.629E-014
H2C4N+ 0.822E-024
H2C7N+ 0.206E-023
H2C9N+ 0.778E-030
H2CCL+ 0.459E-020
H2CNO+ 0.662E-025
H2CL+ 0.312E-010
H2F+ 0.208E-023
H2NC+ 0.690E-015
H2NCO+ 0.245E-023
H2NO+ 0.547E-023
H2OCN+ 0.251E-023
H2PO+ 0.773E-026
H3+ 0.222E-007
H3C3O+ 0.142E-027
H3C5N+ 0.315E-025
H3C7N+ 0.115E-022
H3C9N+ 0.400E-034
H3CO+ 0.276E-020
H3CS+ 0.613E-021
H3O+ 0.556E-011
H3S+ 0.408E-022
H3S2+ 0.851E-025
H3SIO+ 0.764E-035
H5C2O2+ 0.303E-043
HC2O+ 0.178E-016
HC2S+ 0.261E-017
HC3NH+ 0.102E-022
HC3O+ 0.333E-022
HC3S+ 0.865E-020
HC4N+ 0.219E-023
HC4S+ 0.320E-023
HC5NH+ 0.290E-022
HCNH+ 0.182E-014
HCNOH+ 0.178E-029
HCO2+ 0.416E-023
HCOOH2+ 0.967E-027
HF+ 0.489E-023
HN2O+ 0.232E-025
HNCOH+ 0.502E-023
HNS+ 0.230E-021
HOCN+ 0.276E-023
HOCS+ 0.103E-028
HPN+ 0.123E-019
HSO+ 0.471E-020
HSO2+ 0.120E-032
HSIO2+ 0.518E-035
HSIS+ 0.102E-022
HEH+ 0.596E-010
N2H+ 0.266E-016
NCCNCH3+ 0.165E-036
NCCNH+ 0.791E-027
NH2CNH+ 0.268E-037
NH4+ 0.389E-016
O2H+ 0.792E-023
OCN+ 0.148E-024
PC2H2+ 0.921E-027
PC2H3+ 0.153E-036
PC2H4+ 0.824E-034
PC3H+ 0.157E-030
PC4H+ 0.146E-029
PCH2+ 0.260E-022
PCH3+ 0.595E-033
PCH4+ 0.272E-030
PH3+ 0.848E-023
PNH2+ 0.116E-023
PNH3+ 0.718E-030
SIC2H3+ 0.552E-021
SIC3H2+ 0.199E-019
SIC4H+ 0.358E-027
SICH4+ 0.530E-024
SIF+ 0.896E-021
SIH5+ 0.158E-030
SINCH+ 0.153E-022
SINH2+ 0.828E-019
SIOH+ 0.930E-015
