C- 0.808E-017
E 0.796E-003
C2- 0.397E-019
C3- 0.157E-018
C4- 0.297E-014
C5- 0.100E-010
C6- 0.100E-013
C7- 0.724E-015
C8- 0.433E-019
C10- 0.510E-021
C2H- 0.208E-022
C3H- 0.311E-020
C3N- 0.293E-017
C4H- 0.360E-018
C5H- 0.262E-014
C6H- 0.181E-010
C7H- 0.179E-017
C8H- 0.168E-019
C9- 0.145E-020
C9H- 0.904E-025
CH- 0.272E-027
O- 0.612E-013
OH- 0.179E-015
S- 0.234E-018
CN- 0.135E-016
H- 0.199E-013
C10H- 0.166E-025
C5N- 0.115E-016
O2- 0.766E-061
C 0.669E-007
C2 0.148E-010
CH2 0.157E-010
C2H2 0.615E-015
CH 0.208E-009
C2H 0.426E-012
CO2 0.137E-019
CO 0.128E-011
H2O 0.233E-011
H2CO 0.250E-017
N 0.937E-004
CN 0.175E-013
NH 0.374E-012
HCN 0.649E-015
O2 0.105E-014
O 0.625E-003
OH 0.532E-010
HCO 0.349E-015
C4 0.713E-013
C3 0.828E-012
C5 0.283E-009
C6 0.298E-013
C7 0.902E-015
C8 0.121E-018
C9 0.179E-020
C10 0.170E-020
C3H 0.270E-012
C4H 0.470E-016
C4N 0.272E-019
C5H 0.896E-014
C6H 0.945E-010
C7H 0.369E-017
C8H 0.591E-019
C9H 0.911E-025
C10H 0.324E-025
CS 0.115E-014
CH3 0.421E-013
CH3CN 0.458E-021
CH3OH 0.629E-026
OCS 0.104E-024
CH4 0.222E-015
H 0.565E-003
H2 0.774E+000
NH2 0.110E-012
NH3 0.101E-015
C10H2 0.948E-029
H2CCC 0.500E-017
HC3N 0.300E-021
HC4H 0.448E-018
C5H2 0.342E-015
HC5N 0.511E-020
C6H2 0.273E-013
C7H2 0.270E-017
C8H2 0.147E-022
C9H2 0.585E-027
HS 0.784E-013
C2N 0.785E-017
C3N 0.608E-016
C5N 0.261E-015
C7N 0.151E-019
HC7N 0.188E-022
C9N 0.121E-025
HC9N 0.473E-030
NO 0.643E-015
NS 0.368E-017
NO2 0.988E-023
SO2 0.100E-027
C2O 0.537E-017
SO 0.762E-021
HNC 0.987E-015
C2H4 0.393E-019
C2H5 0.990E-021
C2H5OH 0.544E-033
C2S 0.816E-016
C3O 0.414E-023
C3S 0.568E-019
C4H3 0.191E-017
C4S 0.995E-023
C6H6 0.349E-013
CCP 0.790E-023
CCL 0.575E-019
CH2CCH2 0.306E-016
CH2CCH 0.158E-015
CH2CN 0.267E-020
CH2CO 0.786E-020
CH3CCH 0.307E-016
CH3CHCH2 0.111E-018
CH3CHO 0.220E-025
CH3COCH3 0.316E-037
CH3OCH3 0.554E-038
CP 0.531E-022
CLO 0.988E-053
FE 0.000E+000
H2S 0.363E-016
H2SIO 0.568E-034
HCOOCH3 0.777E-044
HCP 0.215E-022
HPO 0.301E-025
MG 0.000E+000
NCCN 0.787E-025
NA 0.000E+000
P 0.259E-012
PH 0.226E-014
PO 0.641E-018
SI 0.144E-009
SIC2 0.792E-016
SIC2H 0.108E-019
SIC3 0.772E-019
SIC 0.490E-013
SICH2 0.585E-024
SICH3 0.260E-023
SIH2 0.241E-022
SIH3 0.527E-030
SIN 0.512E-018
SIS 0.449E-022
S 0.373E-009
N2 0.381E-015
C2H3 0.162E-015
CH3CH3 0.234E-019
PN 0.111E-012
CL 0.210E-006
C3H2 0.117E-015
C4P 0.571E-030
CH3C4H 0.203E-018
CH3C6H 0.240E-015
H2CS 0.547E-021
H2S2 0.520E-025
HC2P 0.187E-027
HCSI 0.142E-014
HCL 0.157E-010
HNSI 0.830E-019
HS2 0.130E-024
N2O 0.105E-023
PH2 0.115E-022
S2 0.301E-021
SIC2H2 0.269E-020
SIC3H 0.985E-019
SIC4 0.174E-026
SIH4 0.225E-031
SIH 0.574E-014
SINC 0.676E-023
SIO 0.283E-015
F 0.132E-007
HE 0.132E+000
HCNO 0.141E-024
HNCO 0.235E-023
HONC 0.454E-030
HNO 0.251E-016
HCOOH 0.158E-026
C11 0.314E-033
C2H5CN 0.178E-032
C3P 0.184E-030
CH2CHCCH 0.310E-015
CH2CHCHCH2 0.105E-056
CH2CHCN 0.410E-026
CH2NH 0.268E-031
CH2PH 0.128E-030
CH3C3N 0.406E-023
CH3C5N 0.191E-029
CH3C7N 0.690E-032
CNO 0.194E-029
H2CN 0.962E-019
H2O2 0.799E-062
HCS 0.174E-019
HF 0.820E-018
HNC3 0.251E-023
HOCN 0.249E-023
NH2CN 0.774E-030
O2H 0.905E-031
OCN 0.334E-017
SIO2 0.106E-027
HCO+ 0.960E-013
H+ 0.612E-006
HOC+ 0.300E-013
C+ 0.759E-003
C10H+ 0.382E-024
C2H4+ 0.304E-015
C2H5+ 0.497E-022
C2H5OH+ 0.157E-033
C2O+ 0.171E-019
C2S+ 0.272E-017
C3O+ 0.300E-026
C3S+ 0.146E-016
C4H3+ 0.244E-021
C4S+ 0.254E-020
C6H6+ 0.134E-008
CCP+ 0.204E-025
CCL+ 0.211E-012
CH2+ 0.226E-009
C3H4+ 0.576E-017
CH2CCH+ 0.149E-017
CH2CN+ 0.252E-022
CH2CO+ 0.205E-020
C3H6+ 0.128E-022
CH3CHO+ 0.135E-026
CH3COCH3+ 0.226E-038
CH3OCH3+ 0.202E-038
CH+ 0.139E-009
CP+ 0.502E-025
CLO+ 0.305E-055
FE+ 0.000E+000
H2CO+ 0.420E-015
H2S+ 0.150E-012
H2SIO+ 0.371E-026
C4H2+ 0.341E-017
COOCH4+ 0.758E-046
HCP+ 0.234E-025
HPO+ 0.727E-019
MG+ 0.000E+000
C2N+ 0.174E-016
CNC+ 0.342E-017
NH3+ 0.225E-012
NO+ 0.390E-014
NS+ 0.325E-016
NA+ 0.000E+000
OCS+ 0.583E-021
P+ 0.194E-007
PH+ 0.399E-017
PO+ 0.375E-017
SO+ 0.274E-014
SI+ 0.230E-004
SIC2+ 0.512E-017
SIC2H+ 0.459E-017
SIC3+ 0.262E-016
SIC+ 0.840E-014
SICH2+ 0.218E-014
SICH3+ 0.110E-024
SIH2+ 0.245E-013
SIH3+ 0.387E-022
SIN+ 0.562E-016
SIS+ 0.355E-019
C2+ 0.297E-011
S+ 0.128E-004
CN+ 0.236E-014
CO+ 0.988E-013
N2+ 0.380E-016
O2+ 0.138E-013
C2H+ 0.687E-012
C2H2+ 0.496E-012
C2H3+ 0.109E-013
C5H2+ 0.577E-020
C6H2+ 0.125E-014
C7H2+ 0.140E-018
C3H3+ 0.180E-017
CO2+ 0.301E-027
HC3N+ 0.129E-021
HCN+ 0.444E-014
C2N2+ 0.405E-027
C3+ 0.298E-015
C5+ 0.419E-015
CH3CH3+ 0.294E-020
PN+ 0.472E-018
H2O+ 0.197E-010
NH2+ 0.167E-011
O+ 0.171E-010
OH+ 0.487E-010
CH3+ 0.736E-010
CH4+ 0.150E-017
CH3OH+ 0.154E-027
N+ 0.703E-009
SO2+ 0.723E-032
CS+ 0.658E-014
CL+ 0.410E-007
C10+ 0.212E-021
C10H2+ 0.189E-029
C3H2+ 0.436E-018
C3H+ 0.421E-016
C4+ 0.810E-015
C4H+ 0.336E-015
C4P+ 0.148E-035
C5H+ 0.608E-016
C6+ 0.499E-013
C6H+ 0.617E-015
C7+ 0.135E-013
C7H+ 0.480E-015
C8+ 0.174E-018
C8H2+ 0.319E-019
C8H+ 0.506E-020
C9+ 0.179E-021
C9H2+ 0.120E-026
C9H+ 0.131E-023
CH3C4H+ 0.981E-020
C7H4+ 0.665E-022
CH3CN+ 0.493E-020
H2CS+ 0.207E-020
H2S2+ 0.434E-030
HC2P+ 0.119E-022
HC5N+ 0.376E-021
HC7N+ 0.129E-020
HC9N+ 0.266E-027
HCSI+ 0.409E-014
HCL+ 0.573E-009
HNSI+ 0.110E-018
HS2+ 0.369E-021
HS+ 0.428E-016
N2O+ 0.863E-013
NH+ 0.600E-012
PH2+ 0.199E-014
S2+ 0.177E-020
SIC2H2+ 0.157E-019
SIC3H+ 0.118E-019
SIC4+ 0.518E-020
SIH4+ 0.207E-037
SIH+ 0.727E-016
SINC+ 0.956E-019
SIO+ 0.374E-014
H2+ 0.412E-008
F+ 0.257E-022
HE+ 0.401E-006
C3N+ 0.880E-021
HCNO+ 0.880E-030
HNCO+ 0.180E-023
HONC+ 0.494E-035
HNO+ 0.222E-015
HCOOH+ 0.322E-027
NO2+ 0.100E-021
CH2CHCNH+ 0.105E-027
HCS+ 0.427E-015
C10H3+ 0.175E-035
C11+ 0.295E-024
C2H5CNH+ 0.107E-032
C2H5OH2+ 0.136E-032
C2H7+ 0.216E-031
C2NH+ 0.549E-017
C3H2O+ 0.486E-027
C3H5+ 0.104E-017
C3H7+ 0.146E-018
C4H4+ 0.652E-025
C4H5+ 0.130E-024
C4H7+ 0.102E-034
C4N+ 0.134E-023
C5H3+ 0.276E-017
C5H5+ 0.279E-020
C5N+ 0.462E-021
C6H3+ 0.151E-020
C6H4+ 0.770E-032
C6H5+ 0.125E-013
C6H7+ 0.133E-015
C7H3+ 0.311E-019
C7H5+ 0.412E-017
C7N+ 0.489E-020
C8H3+ 0.596E-024
C8H4+ 0.904E-026
C8H5+ 0.413E-040
C9H3+ 0.292E-027
C9H4+ 0.209E-030
C9H5+ 0.469E-036
C9N+ 0.100E-026
CF+ 0.394E-019
CH2CHCN+ 0.242E-023
CH2NH2+ 0.557E-039
CH3C3N+ 0.204E-024
CH3C3NH+ 0.450E-025
CH3C5NH+ 0.861E-030
CH3C7NH+ 0.316E-032
CH3CHOH+ 0.961E-028
CH3CNH+ 0.322E-021
CH3CO+ 0.362E-024
CH3COCH4+ 0.132E-036
CH3CS+ 0.128E-024
CH3OCH4+ 0.105E-037
CH3OH2+ 0.704E-025
CH4N+ 0.268E-022
CH5+ 0.491E-014
H2C4N+ 0.547E-024
H2C7N+ 0.126E-023
H2C9N+ 0.236E-030
H2CCL+ 0.354E-020
H2CNO+ 0.532E-025
H2CL+ 0.391E-010
H2F+ 0.171E-023
H2NC+ 0.537E-015
H2NCO+ 0.157E-023
H2NO+ 0.432E-023
H2OCN+ 0.162E-023
H2PO+ 0.665E-026
H3+ 0.213E-007
H3C3O+ 0.773E-028
H3C5N+ 0.267E-025
H3C7N+ 0.875E-023
H3C9N+ 0.214E-034
H3CO+ 0.215E-020
H3CS+ 0.414E-021
H3O+ 0.545E-011
H3S+ 0.330E-022
H3S2+ 0.656E-025
H3SIO+ 0.602E-035
H5C2O2+ 0.161E-043
HC2O+ 0.124E-016
HC2S+ 0.164E-017
HC3NH+ 0.815E-023
HC3O+ 0.222E-022
HC3S+ 0.660E-020
HC4N+ 0.146E-023
HC4S+ 0.212E-023
HC5NH+ 0.184E-022
HCNH+ 0.150E-014
HCNOH+ 0.117E-029
HCO2+ 0.338E-023
HCOOH2+ 0.791E-027
HF+ 0.403E-023
HN2O+ 0.196E-025
HNCOH+ 0.324E-023
HNS+ 0.183E-021
HOCN+ 0.179E-023
HOCS+ 0.752E-029
HPN+ 0.988E-020
HSO+ 0.406E-020
HSO2+ 0.850E-033
HSIO2+ 0.351E-035
HSIS+ 0.770E-023
HEH+ 0.576E-010
N2H+ 0.246E-016
NCCNCH3+ 0.181E-037
NCCNH+ 0.110E-027
NH2CNH+ 0.178E-037
NH4+ 0.374E-016
O2H+ 0.633E-023
OCN+ 0.114E-024
PC2H2+ 0.557E-027
PC2H3+ 0.822E-037
PC2H4+ 0.504E-034
PC3H+ 0.870E-031
PC4H+ 0.857E-030
PCH2+ 0.178E-022
PCH3+ 0.356E-033
PCH4+ 0.186E-030
PH3+ 0.665E-023
PNH2+ 0.996E-024
PNH3+ 0.622E-030
SIC2H3+ 0.415E-021
SIC3H2+ 0.153E-019
SIC4H+ 0.233E-027
SICH4+ 0.366E-024
SIF+ 0.681E-021
SIH5+ 0.126E-030
SINCH+ 0.113E-022
SINH2+ 0.705E-019
SIOH+ 0.781E-015
