C- 0.154E-009
E 0.210E+000
C2- 0.578E-014
C3- 0.148E-010
C4- 0.152E-010
C5- 0.657E-010
C6- 0.699E-011
C7- 0.233E-012
C8- 0.127E-012
C10- 0.535E-017
C2H- 0.182E-005
C3H- 0.150E-010
C3N- 0.350E-009
C4H- 0.351E-010
C5H- 0.121E-006
C6H- 0.544E-008
C7H- 0.195E-009
C8H- 0.230E-012
C9- 0.527E-013
C9H- 0.153E-011
CH- 0.539E-011
O- 0.614E-013
OH- 0.412E-008
S- 0.674E-011
CN- 0.134E-005
H- 0.205E-007
C10H- 0.196E-017
C5N- 0.324E-012
O2- 0.669E-027
C 0.156E+001
C2 0.387E-001
CH2 0.350E-001
C2H2 0.468E+003
CH 0.386E-004
C2H 0.243E-001
CO2 0.424E-004
CO 0.855E+004
H2O 0.273E+002
H2CO 0.647E-006
N 0.108E+000
CN 0.892E-001
NH 0.154E-003
HCN 0.437E+003
O2 0.434E-009
O 0.152E+001
OH 0.378E-001
HCO 0.159E-005
C4 0.201E-007
C3 0.268E-002
C5 0.153E-007
C6 0.238E-009
C7 0.754E-011
C8 0.466E-011
C9 0.743E-012
C10 0.427E-014
C3H 0.269E-002
C4H 0.169E-004
C4N 0.344E-012
C5H 0.150E-004
C6H 0.490E-006
C7H 0.567E-008
C8H 0.245E-010
C9H 0.557E-010
C10H 0.126E-013
CS 0.113E+003
CH3 0.666E-002
CH3CN 0.493E-004
CH3OH 0.118E-008
OCS 0.147E-004
CH4 0.374E+002
H 0.302E+001
H2 0.107E+008
NH2 0.515E-003
NH3 0.640E+000
C10H2 0.365E-016
H2CCC 0.366E-005
HC3N 0.911E-005
HC4H 0.684E-003
C5H2 0.956E-004
HC5N 0.499E-010
C6H2 0.152E-003
C7H2 0.516E-008
C8H2 0.201E-010
C9H2 0.564E-010
HS 0.101E-003
C2N 0.539E-009
C3N 0.430E-005
C5N 0.159E-010
C7N 0.161E-014
HC7N 0.134E-011
C9N 0.118E-016
HC9N 0.106E-016
NO 0.469E-007
NS 0.219E-010
NO2 0.726E-020
SO2 0.198E-017
C2O 0.733E-011
SO 0.740E-008
HNC 0.500E-003
C2H4 0.730E+000
C2H5 0.170E-012
C2H5OH 0.135E-013
C2S 0.432E-006
C3O 0.598E-009
C3S 0.690E-007
C4H3 0.155E-007
C4S 0.144E-010
C6H6 0.139E-003
CCP 0.295E-009
CCL 0.273E-009
CH2CCH2 0.143E-008
CH2CCH 0.995E-003
CH2CN 0.164E-010
CH2CO 0.105E-006
CH3CCH 0.326E-006
CH3CHCH2 0.155E-016
CH3CHO 0.834E-008
CH3COCH3 0.931E-019
CH3OCH3 0.356E-020
CP 0.109E-003
CLO 0.648E-025
FE 0.000E+000
H2S 0.427E-001
H2SIO 0.102E-023
HCOOCH3 0.188E-020
HCP 0.267E+000
HPO 0.978E-016
MG 0.000E+000
NCCN 0.619E-008
NA 0.000E+000
P 0.417E-007
PH 0.735E-008
PO 0.320E-010
SI 0.103E+000
SIC2 0.200E+003
SIC2H 0.282E-002
SIC3 0.212E-004
SIC 0.443E-003
SICH2 0.894E-011
SICH3 0.323E-013
SIH2 0.705E-014
SIH3 0.812E-018
SIN 0.229E-008
SIS 0.639E+002
S 0.390E-001
N2 0.427E+003
C2H3 0.788E-005
CH3CH3 0.304E-021
PN 0.524E-013
CL 0.761E-003
C3H2 0.583E-005
C4P 0.871E-020
CH3C4H 0.205E-004
CH3C6H 0.643E-009
H2CS 0.269E-007
H2S2 0.373E-011
HC2P 0.305E-012
HCSI 0.626E-006
HCL 0.347E+001
HNSI 0.222E-008
HS2 0.376E-011
N2O 0.297E-016
PH2 0.171E-020
S2 0.222E-010
SIC2H2 0.301E-005
SIC3H 0.765E-011
SIC4 0.212E-004
SIH4 0.379E-016
SIH 0.302E-008
SINC 0.562E-011
SIO 0.536E+002
F 0.388E-007
HE 0.182E+007
HCNO 0.484E-018
HNCO 0.191E-009
HONC 0.346E-026
HNO 0.116E-007
HCOOH 0.115E-008
C11 0.667E-018
C2H5CN 0.806E-014
C3P 0.618E-017
CH2CHCCH 0.946E-009
CH2CHCHCH2 0.276E-013
CH2CHCN 0.781E-005
CH2NH 0.229E-008
CH2PH 0.675E-015
CH3C3N 0.451E-010
CH3C5N 0.257E-020
CH3C7N 0.542E-022
CNO 0.107E-032
H2CN 0.156E-007
H2O2 0.167E-024
HCS 0.282E-010
HF 0.182E+000
HNC3 0.200E-006
HOCN 0.191E-009
NH2CN 0.392E-009
O2H 0.112E-020
OCN 0.209E-005
SIO2 0.141E-005
HCO+ 0.174E-003
H+ 0.192E-005
HOC+ 0.128E-008
C+ 0.121E-003
C10H+ 0.103E-012
C2H4+ 0.192E-003
C2H5+ 0.263E-004
C2H5OH+ 0.475E-017
C2O+ 0.903E-018
C2S+ 0.858E-011
C3O+ 0.209E-020
C3S+ 0.202E-009
C4H3+ 0.173E-001
C4S+ 0.724E-013
C6H6+ 0.225E-010
CCP+ 0.273E-007
CCL+ 0.509E-006
CH2+ 0.539E-008
C3H4+ 0.104E-004
CH2CCH+ 0.506E-005
CH2CN+ 0.108E-007
CH2CO+ 0.133E-007
C3H6+ 0.781E-025
CH3CHO+ 0.471E-011
CH3COCH3+ 0.139E-022
CH3OCH3+ 0.108E-023
CH+ 0.446E-008
CP+ 0.126E-014
CLO+ 0.218E-032
FE+ 0.000E+000
H2CO+ 0.441E-009
H2S+ 0.248E-004
H2SIO+ 0.250E-016
C4H2+ 0.378E-003
COOCH4+ 0.689E-027
HCP+ 0.158E-011
HPO+ 0.616E-010
MG+ 0.000E+000
C2N+ 0.650E-008
CNC+ 0.893E-004
NH3+ 0.229E-004
NO+ 0.289E-007
NS+ 0.526E-009
NA+ 0.000E+000
OCS+ 0.138E-007
P+ 0.154E-009
PH+ 0.776E-014
PO+ 0.104E-010
SO+ 0.271E-008
SI+ 0.189E-003
SIC2+ 0.183E-007
SIC2H+ 0.796E-003
SIC3+ 0.492E-008
SIC+ 0.371E-005
SICH2+ 0.155E-004
SICH3+ 0.286E-009
SIH2+ 0.556E-008
SIH3+ 0.216E-012
SIN+ 0.224E-010
SIS+ 0.266E-004
C2+ 0.139E-008
S+ 0.141E-004
CN+ 0.278E-010
CO+ 0.375E-010
N2+ 0.841E-011
O2+ 0.214E-011
C2H+ 0.144E-008
C2H2+ 0.235E-002
C2H3+ 0.118E+000
C5H2+ 0.643E-005
C6H2+ 0.260E-007
C7H2+ 0.122E-008
C3H3+ 0.234E-004
CO2+ 0.436E-018
HC3N+ 0.182E-008
HCN+ 0.362E-010
C2N2+ 0.287E-015
C3+ 0.116E-011
C5+ 0.237E-015
CH3CH3+ 0.183E-019
PN+ 0.576E-021
H2O+ 0.108E-006
NH2+ 0.341E-010
O+ 0.127E-011
OH+ 0.813E-011
CH3+ 0.276E-004
CH4+ 0.744E-006
CH3OH+ 0.258E-012
N+ 0.329E-007
SO2+ 0.738E-030
CS+ 0.612E-006
CL+ 0.268E-007
C10+ 0.303E-018
C10H2+ 0.976E-013
C3H2+ 0.481E-004
C3H+ 0.751E-004
C4+ 0.234E-010
C4H+ 0.111E-009
C4P+ 0.569E-028
C5H+ 0.662E-008
C6+ 0.416E-013
C6H+ 0.458E-011
C7+ 0.437E-011
C7H+ 0.498E-010
C8+ 0.128E-014
C8H2+ 0.119E-009
C8H+ 0.777E-012
C9+ 0.109E-015
C9H2+ 0.546E-010
C9H+ 0.240E-013
CH3C4H+ 0.109E-005
C7H4+ 0.906E-008
CH3CN+ 0.205E-011
H2CS+ 0.334E-009
H2S2+ 0.133E-010
HC2P+ 0.600E-008
HC5N+ 0.169E-013
HC7N+ 0.548E-014
HC9N+ 0.204E-015
HCSI+ 0.191E-008
HCL+ 0.115E-003
HNSI+ 0.324E-014
HS2+ 0.452E-010
HS+ 0.862E-008
N2O+ 0.607E-021
NH+ 0.161E-013
PH2+ 0.433E-014
S2+ 0.407E-009
SIC2H2+ 0.684E-006
SIC3H+ 0.326E-009
SIC4+ 0.197E-008
SIH4+ 0.386E-026
SIH+ 0.569E-007
SINC+ 0.706E-006
SIO+ 0.375E-005
H2+ 0.570E-008
F+ 0.866E-013
HE+ 0.658E-006
C3N+ 0.206E-012
HCNO+ 0.571E-031
HNCO+ 0.255E-012
HONC+ 0.100E-038
HNO+ 0.951E-010
HCOOH+ 0.213E-012
NO2+ 0.899E-019
CH2CHCNH+ 0.738E-009
HCS+ 0.262E-002
C10H3+ 0.318E-016
C11+ 0.226E-016
C2H5CNH+ 0.709E-013
C2H5OH2+ 0.915E-013
C2H7+ 0.108E-028
C2NH+ 0.790E-006
C3H2O+ 0.106E-010
C3H5+ 0.404E-003
C3H7+ 0.590E-023
C4H4+ 0.190E-011
C4H5+ 0.843E-005
C4H7+ 0.443E-008
C4N+ 0.629E-014
C5H3+ 0.117E-003
C5H5+ 0.282E-003
C5N+ 0.375E-013
C6H3+ 0.592E-006
C6H4+ 0.851E-006
C6H5+ 0.440E-003
C6H7+ 0.612E-003
C7H3+ 0.321E-007
C7H5+ 0.849E-008
C7N+ 0.291E-015
C8H3+ 0.177E-008
C8H4+ 0.160E-008
C8H5+ 0.539E-015
C9H3+ 0.607E-009
C9H4+ 0.341E-009
C9H5+ 0.554E-015
C9N+ 0.127E-018
CF+ 0.188E-006
CH2CHCN+ 0.146E-009
CH2NH2+ 0.835E-009
CH3C3N+ 0.932E-013
CH3C3NH+ 0.602E-009
CH3C5NH+ 0.137E-019
CH3C7NH+ 0.365E-021
CH3CHOH+ 0.399E-007
CH3CNH+ 0.215E-003
CH3CO+ 0.292E-007
CH3COCH4+ 0.274E-017
CH3CS+ 0.417E-008
CH3OCH4+ 0.983E-019
CH3OH2+ 0.269E-008
CH4N+ 0.584E-007
CH5+ 0.386E-004
H2C4N+ 0.933E-013
H2C7N+ 0.166E-012
H2C9N+ 0.283E-014
H2CCL+ 0.249E-008
H2CNO+ 0.165E-008
H2CL+ 0.135E-006
H2F+ 0.551E-006
H2NC+ 0.151E-006
H2NCO+ 0.258E-024
H2NO+ 0.632E-016
H2OCN+ 0.166E-008
H2PO+ 0.232E-014
H3+ 0.208E-004
H3C3O+ 0.625E-008
H3C5N+ 0.925E-009
H3C7N+ 0.525E-013
H3C9N+ 0.866E-015
H3CO+ 0.134E-009
H3CS+ 0.321E-006
H3O+ 0.105E-002
H3S+ 0.144E-005
H3S2+ 0.826E-010
H3SIO+ 0.142E-020
H5C2O2+ 0.666E-019
HC2O+ 0.437E-005
HC2S+ 0.120E-004
HC3NH+ 0.692E-004
HC3O+ 0.952E-008
HC3S+ 0.606E-009
HC4N+ 0.932E-013
HC4S+ 0.137E-006
HC5NH+ 0.486E-009
HCNH+ 0.532E-001
HCNOH+ 0.258E-024
HCO2+ 0.450E-009
HCOOH2+ 0.106E-007
HF+ 0.253E-013
HN2O+ 0.744E-024
HNCOH+ 0.331E-008
HNS+ 0.462E-015
HOCN+ 0.136E-014
HOCS+ 0.105E-010
HPN+ 0.660E-019
HSO+ 0.661E-012
HSO2+ 0.153E-024
HSIO2+ 0.405E-012
HSIS+ 0.498E-004
HEH+ 0.840E-010
N2H+ 0.172E-005
NCCNCH3+ 0.287E-018
NCCNH+ 0.434E-011
NH2CNH+ 0.560E-015
NH4+ 0.626E-003
O2H+ 0.647E-018
OCN+ 0.413E-013
PC2H2+ 0.934E-011
PC2H3+ 0.302E-017
PC2H4+ 0.305E-015
PC3H+ 0.266E-015
PC4H+ 0.302E-014
PCH2+ 0.131E-005
PCH3+ 0.760E-016
PCH4+ 0.149E-013
PH3+ 0.247E-019
PNH2+ 0.105E-011
PNH3+ 0.249E-015
SIC2H3+ 0.670E-004
SIC3H2+ 0.387E-009
SIC4H+ 0.464E-003
SICH4+ 0.289E-009
SIF+ 0.165E-006
SIH5+ 0.243E-016
SINCH+ 0.134E-009
SINH2+ 0.638E-007
SIOH+ 0.976E-002
