C- 0.148E-009
E 0.198E+000
C2- 0.644E-014
C3- 0.161E-010
C4- 0.180E-010
C5- 0.834E-010
C6- 0.927E-011
C7- 0.341E-012
C8- 0.174E-012
C10- 0.862E-017
C2H- 0.178E-005
C3H- 0.162E-010
C3N- 0.394E-009
C4H- 0.450E-010
C5H- 0.152E-006
C6H- 0.648E-008
C7H- 0.253E-009
C8H- 0.324E-012
C9- 0.745E-013
C9H- 0.226E-011
CH- 0.684E-011
O- 0.629E-013
OH- 0.411E-008
S- 0.653E-011
CN- 0.129E-005
H- 0.202E-007
C10H- 0.319E-017
C5N- 0.426E-012
O2- 0.714E-027
C 0.146E+001
C2 0.363E-001
CH2 0.329E-001
C2H2 0.408E+003
CH 0.432E-004
C2H 0.267E-001
CO2 0.357E-004
CO 0.745E+004
H2O 0.238E+002
H2CO 0.569E-006
N 0.101E+000
CN 0.103E+000
NH 0.145E-003
HCN 0.381E+003
O2 0.443E-009
O 0.144E+001
OH 0.305E-001
HCO 0.137E-005
C4 0.222E-007
C3 0.257E-002
C5 0.177E-007
C6 0.281E-009
C7 0.954E-011
C8 0.565E-011
C9 0.941E-012
C10 0.497E-014
C3H 0.257E-002
C4H 0.171E-004
C4N 0.395E-012
C5H 0.166E-004
C6H 0.520E-006
C7H 0.647E-008
C8H 0.306E-010
C9H 0.722E-010
C10H 0.161E-013
CS 0.986E+002
CH3 0.619E-002
CH3CN 0.503E-004
CH3OH 0.114E-008
OCS 0.150E-004
CH4 0.325E+002
H 0.278E+001
H2 0.931E+007
NH2 0.485E-003
NH3 0.557E+000
C10H2 0.542E-016
H2CCC 0.389E-005
HC3N 0.103E-004
HC4H 0.708E-003
C5H2 0.100E-003
HC5N 0.580E-010
C6H2 0.159E-003
C7H2 0.587E-008
C8H2 0.254E-010
C9H2 0.735E-010
HS 0.934E-004
C2N 0.604E-009
C3N 0.440E-005
C5N 0.181E-010
C7N 0.202E-014
HC7N 0.191E-011
C9N 0.171E-016
HC9N 0.153E-016
NO 0.385E-007
NS 0.231E-010
NO2 0.150E-019
SO2 0.281E-017
C2O 0.912E-011
SO 0.700E-008
HNC 0.518E-003
C2H4 0.636E+000
C2H5 0.172E-012
C2H5OH 0.137E-013
C2S 0.473E-006
C3O 0.676E-009
C3S 0.727E-007
C4H3 0.159E-007
C4S 0.188E-010
C6H6 0.146E-003
CCP 0.321E-009
CCL 0.290E-009
CH2CCH2 0.153E-008
CH2CCH 0.926E-003
CH2CN 0.174E-010
CH2CO 0.822E-007
CH3CCH 0.342E-006
CH3CHCH2 0.150E-016
CH3CHO 0.852E-008
CH3COCH3 0.112E-018
CH3OCH3 0.398E-020
CP 0.102E-003
CLO 0.340E-025
FE 0.000E+000
H2S 0.372E-001
H2SIO 0.163E-023
HCOOCH3 0.232E-020
HCP 0.233E+000
HPO 0.110E-015
MG 0.000E+000
NCCN 0.744E-008
NA 0.000E+000
P 0.422E-007
PH 0.716E-008
PO 0.320E-010
SI 0.971E-001
SIC2 0.174E+003
SIC2H 0.255E-002
SIC3 0.235E-004
SIC 0.450E-003
SICH2 0.955E-011
SICH3 0.367E-013
SIH2 0.864E-014
SIH3 0.995E-018
SIN 0.255E-008
SIS 0.557E+002
S 0.364E-001
N2 0.372E+003
C2H3 0.795E-005
CH3CH3 0.364E-021
PN 0.571E-013
CL 0.880E-003
C3H2 0.618E-005
C4P 0.125E-019
CH3C4H 0.214E-004
CH3C6H 0.727E-009
H2CS 0.293E-007
H2S2 0.415E-011
HC2P 0.332E-012
HCSI 0.718E-006
HCL 0.302E+001
HNSI 0.247E-008
HS2 0.419E-011
N2O 0.253E-016
PH2 0.232E-020
S2 0.253E-010
SIC2H2 0.337E-005
SIC3H 0.939E-011
SIC4 0.235E-004
SIH4 0.423E-016
SIH 0.316E-008
SINC 0.638E-011
SIO 0.467E+002
F 0.397E-007
HE 0.158E+007
HCNO 0.606E-018
HNCO 0.208E-009
HONC 0.527E-026
HNO 0.112E-007
HCOOH 0.118E-008
C11 0.874E-018
C2H5CN 0.953E-014
C3P 0.643E-017
CH2CHCCH 0.107E-008
CH2CHCHCH2 0.235E-013
CH2CHCN 0.789E-005
CH2NH 0.244E-008
CH2PH 0.749E-015
CH3C3N 0.460E-010
CH3C5N 0.349E-020
CH3C7N 0.834E-022
CNO 0.170E-032
H2CN 0.145E-007
H2O2 0.146E-024
HCS 0.364E-010
HF 0.158E+000
HNC3 0.197E-006
HOCN 0.208E-009
NH2CN 0.451E-009
O2H 0.112E-020
OCN 0.148E-005
SIO2 0.109E-005
HCO+ 0.167E-003
H+ 0.185E-005
HOC+ 0.137E-008
C+ 0.128E-003
C10H+ 0.114E-012
C2H4+ 0.182E-003
C2H5+ 0.236E-004
C2H5OH+ 0.521E-017
C2O+ 0.117E-017
C2S+ 0.921E-011
C3O+ 0.291E-020
C3S+ 0.213E-009
C4H3+ 0.154E-001
C4S+ 0.838E-013
C6H6+ 0.279E-010
CCP+ 0.275E-007
CCL+ 0.519E-006
CH2+ 0.491E-008
C3H4+ 0.984E-005
CH2CCH+ 0.432E-005
CH2CN+ 0.980E-008
CH2CO+ 0.118E-007
C3H6+ 0.864E-025
CH3CHO+ 0.519E-011
CH3COCH3+ 0.180E-022
CH3OCH3+ 0.132E-023
CH+ 0.360E-008
CP+ 0.143E-014
CLO+ 0.193E-032
FE+ 0.000E+000
H2CO+ 0.388E-009
H2S+ 0.233E-004
H2SIO+ 0.284E-016
C4H2+ 0.354E-003
COOCH4+ 0.997E-027
HCP+ 0.166E-011
HPO+ 0.597E-010
MG+ 0.000E+000
C2N+ 0.659E-008
CNC+ 0.906E-004
NH3+ 0.236E-004
NO+ 0.269E-007
NS+ 0.498E-009
NA+ 0.000E+000
OCS+ 0.144E-007
P+ 0.155E-009
PH+ 0.788E-014
PO+ 0.102E-010
SO+ 0.260E-008
SI+ 0.190E-003
SIC2+ 0.189E-007
SIC2H+ 0.763E-003
SIC3+ 0.509E-008
SIC+ 0.370E-005
SICH2+ 0.158E-004
SICH3+ 0.287E-009
SIH2+ 0.541E-008
SIH3+ 0.239E-012
SIN+ 0.219E-010
SIS+ 0.269E-004
C2+ 0.149E-008
S+ 0.143E-004
CN+ 0.282E-010
CO+ 0.375E-010
N2+ 0.841E-011
O2+ 0.220E-011
C2H+ 0.155E-008
C2H2+ 0.235E-002
C2H3+ 0.113E+000
C5H2+ 0.588E-005
C6H2+ 0.294E-007
C7H2+ 0.132E-008
C3H3+ 0.213E-004
CO2+ 0.421E-018
HC3N+ 0.244E-008
HCN+ 0.369E-010
C2N2+ 0.299E-015
C3+ 0.154E-011
C5+ 0.295E-015
CH3CH3+ 0.207E-019
PN+ 0.716E-021
H2O+ 0.108E-006
NH2+ 0.369E-010
O+ 0.130E-011
OH+ 0.776E-011
CH3+ 0.242E-004
CH4+ 0.740E-006
CH3OH+ 0.267E-012
N+ 0.329E-007
SO2+ 0.122E-029
CS+ 0.612E-006
CL+ 0.308E-007
C10+ 0.479E-018
C10H2+ 0.108E-012
C3H2+ 0.464E-004
C3H+ 0.731E-004
C4+ 0.243E-010
C4H+ 0.113E-009
C4P+ 0.931E-028
C5H+ 0.690E-008
C6+ 0.513E-013
C6H+ 0.539E-011
C7+ 0.526E-011
C7H+ 0.607E-010
C8+ 0.167E-014
C8H2+ 0.135E-009
C8H+ 0.898E-012
C9+ 0.148E-015
C9H2+ 0.564E-010
C9H+ 0.310E-013
CH3C4H+ 0.960E-006
C7H4+ 0.899E-008
CH3CN+ 0.224E-011
H2CS+ 0.301E-009
H2S2+ 0.126E-010
HC2P+ 0.577E-008
HC5N+ 0.169E-013
HC7N+ 0.607E-014
HC9N+ 0.215E-015
HCSI+ 0.193E-008
HCL+ 0.108E-003
HNSI+ 0.337E-014
HS2+ 0.442E-010
HS+ 0.809E-008
N2O+ 0.558E-021
NH+ 0.172E-013
PH2+ 0.463E-014
S2+ 0.402E-009
SIC2H2+ 0.657E-006
SIC3H+ 0.322E-009
SIC4+ 0.186E-008
SIH4+ 0.534E-026
SIH+ 0.538E-007
SINC+ 0.660E-006
SIO+ 0.375E-005
H2+ 0.570E-008
F+ 0.881E-013
HE+ 0.657E-006
C3N+ 0.219E-012
HCNO+ 0.834E-031
HNCO+ 0.248E-012
HONC+ 0.178E-038
HNO+ 0.101E-009
HCOOH+ 0.236E-012
NO2+ 0.104E-018
CH2CHCNH+ 0.742E-009
HCS+ 0.246E-002
C10H3+ 0.431E-016
C11+ 0.256E-016
C2H5CNH+ 0.717E-013
C2H5OH2+ 0.876E-013
C2H7+ 0.140E-028
C2NH+ 0.760E-006
C3H2O+ 0.108E-010
C3H5+ 0.362E-003
C3H7+ 0.581E-023
C4H4+ 0.206E-011
C4H5+ 0.749E-005
C4H7+ 0.393E-008
C4N+ 0.866E-014
C5H3+ 0.115E-003
C5H5+ 0.248E-003
C5N+ 0.394E-013
C6H3+ 0.542E-006
C6H4+ 0.779E-006
C6H5+ 0.368E-003
C6H7+ 0.564E-003
C7H3+ 0.315E-007
C7H5+ 0.831E-008
C7N+ 0.360E-015
C8H3+ 0.193E-008
C8H4+ 0.175E-008
C8H5+ 0.676E-015
C9H3+ 0.651E-009
C9H4+ 0.362E-009
C9H5+ 0.716E-015
C9N+ 0.166E-018
CF+ 0.193E-006
CH2CHCN+ 0.159E-009
CH2NH2+ 0.802E-009
CH3C3N+ 0.944E-013
CH3C3NH+ 0.543E-009
CH3C5NH+ 0.161E-019
CH3C7NH+ 0.500E-021
CH3CHOH+ 0.371E-007
CH3CNH+ 0.188E-003
CH3CO+ 0.261E-007
CH3COCH4+ 0.283E-017
CH3CS+ 0.405E-008
CH3OCH4+ 0.941E-019
CH3OH2+ 0.227E-008
CH4N+ 0.521E-007
CH5+ 0.386E-004
H2C4N+ 0.944E-013
H2C7N+ 0.167E-012
H2C9N+ 0.314E-014
H2CCL+ 0.230E-008
H2CNO+ 0.159E-008
H2CL+ 0.128E-006
H2F+ 0.529E-006
H2NC+ 0.154E-006
H2NCO+ 0.361E-024
H2NO+ 0.658E-016
H2OCN+ 0.160E-008
H2PO+ 0.234E-014
H3+ 0.205E-004
H3C3O+ 0.633E-008
H3C5N+ 0.836E-009
H3C7N+ 0.529E-013
H3C9N+ 0.951E-015
H3CO+ 0.130E-009
H3CS+ 0.308E-006
H3O+ 0.979E-003
H3S+ 0.131E-005
H3S2+ 0.814E-010
H3SIO+ 0.160E-020
H5C2O2+ 0.696E-019
HC2O+ 0.424E-005
HC2S+ 0.116E-004
HC3NH+ 0.660E-004
HC3O+ 0.893E-008
HC3S+ 0.582E-009
HC4N+ 0.943E-013
HC4S+ 0.124E-006
HC5NH+ 0.481E-009
HCNH+ 0.486E-001
HCNOH+ 0.361E-024
HCO2+ 0.396E-009
HCOOH2+ 0.103E-007
HF+ 0.257E-013
HN2O+ 0.663E-024
HNCOH+ 0.320E-008
HNS+ 0.540E-015
HOCN+ 0.136E-014
HOCS+ 0.117E-010
HPN+ 0.798E-019
HSO+ 0.666E-012
HSO2+ 0.245E-024
HSIO2+ 0.419E-012
HSIS+ 0.482E-004
HEH+ 0.840E-010
N2H+ 0.169E-005
NCCNCH3+ 0.314E-018
NCCNH+ 0.444E-011
NH2CNH+ 0.689E-015
NH4+ 0.593E-003
O2H+ 0.727E-018
OCN+ 0.410E-013
PC2H2+ 0.900E-011
PC2H3+ 0.336E-017
PC2H4+ 0.304E-015
PC3H+ 0.279E-015
PC4H+ 0.310E-014
PCH2+ 0.125E-005
PCH3+ 0.191E-015
PCH4+ 0.148E-013
PH3+ 0.323E-019
PNH2+ 0.101E-011
PNH3+ 0.250E-015
SIC2H3+ 0.663E-004
SIC3H2+ 0.398E-009
SIC4H+ 0.448E-003
SICH4+ 0.290E-009
SIF+ 0.163E-006
SIH5+ 0.267E-016
SINCH+ 0.137E-009
SINH2+ 0.628E-007
SIOH+ 0.916E-002
