C- 0.116E-009
E 0.173E+000
C2- 0.647E-014
C3- 0.171E-010
C4- 0.209E-010
C5- 0.103E-009
C6- 0.120E-010
C7- 0.485E-012
C8- 0.231E-012
C10- 0.133E-016
C2H- 0.173E-005
C3H- 0.173E-010
C3N- 0.439E-009
C4H- 0.486E-010
C5H- 0.186E-006
C6H- 0.753E-008
C7H- 0.319E-009
C8H- 0.442E-012
C9- 0.102E-012
C9H- 0.320E-011
CH- 0.857E-011
O- 0.557E-013
OH- 0.408E-008
S- 0.520E-011
CN- 0.124E-005
H- 0.198E-007
C10H- 0.497E-017
C5N- 0.542E-012
O2- 0.529E-027
C 0.127E+001
C2 0.316E-001
CH2 0.287E-001
C2H2 0.355E+003
CH 0.485E-004
C2H 0.294E-001
CO2 0.275E-004
CO 0.648E+004
H2O 0.207E+002
H2CO 0.423E-006
N 0.883E-001
CN 0.117E+000
NH 0.126E-003
HCN 0.331E+003
O2 0.390E-009
O 0.127E+001
OH 0.225E-001
HCO 0.105E-005
C4 0.227E-007
C3 0.244E-002
C5 0.196E-007
C6 0.324E-009
C7 0.114E-010
C8 0.672E-011
C9 0.116E-011
C10 0.416E-014
C3H 0.245E-002
C4H 0.157E-004
C4N 0.451E-012
C5H 0.181E-004
C6H 0.534E-006
C7H 0.724E-008
C8H 0.375E-010
C9H 0.909E-010
C10H 0.167E-013
CS 0.859E+002
CH3 0.535E-002
CH3CN 0.499E-004
CH3OH 0.109E-008
OCS 0.152E-004
CH4 0.283E+002
H 0.237E+001
H2 0.811E+007
NH2 0.425E-003
NH3 0.485E+000
C10H2 0.725E-016
H2CCC 0.386E-005
HC3N 0.116E-004
HC4H 0.679E-003
C5H2 0.104E-003
HC5N 0.637E-010
C6H2 0.162E-003
C7H2 0.655E-008
C8H2 0.313E-010
C9H2 0.928E-010
HS 0.828E-004
C2N 0.666E-009
C3N 0.462E-005
C5N 0.198E-010
C7N 0.247E-014
HC7N 0.267E-011
C9N 0.238E-016
HC9N 0.213E-016
NO 0.250E-007
NS 0.239E-010
NO2 0.298E-019
SO2 0.387E-017
C2O 0.112E-010
SO 0.555E-008
HNC 0.529E-003
C2H4 0.554E+000
C2H5 0.172E-012
C2H5OH 0.138E-013
C2S 0.511E-006
C3O 0.753E-009
C3S 0.769E-007
C4H3 0.165E-007
C4S 0.239E-010
C6H6 0.148E-003
CCP 0.344E-009
CCL 0.303E-009
CH2CCH2 0.152E-008
CH2CCH 0.766E-003
CH2CN 0.165E-010
CH2CO 0.585E-007
CH3CCH 0.355E-006
CH3CHCH2 0.131E-016
CH3CHO 0.856E-008
CH3COCH3 0.130E-018
CH3OCH3 0.426E-020
CP 0.893E-004
CLO 0.184E-025
FE 0.000E+000
H2S 0.324E-001
H2SIO 0.253E-023
HCOOCH3 0.278E-020
HCP 0.203E+000
HPO 0.123E-015
MG 0.000E+000
NCCN 0.800E-008
NA 0.000E+000
P 0.371E-007
PH 0.694E-008
PO 0.318E-010
SI 0.848E-001
SIC2 0.152E+003
SIC2H 0.200E-002
SIC3 0.254E-004
SIC 0.456E-003
SICH2 0.973E-011
SICH3 0.411E-013
SIH2 0.104E-013
SIH3 0.120E-017
SIN 0.280E-008
SIS 0.485E+002
S 0.314E-001
N2 0.324E+003
C2H3 0.720E-005
CH3CH3 0.427E-021
PN 0.613E-013
CL 0.101E-002
C3H2 0.615E-005
C4P 0.175E-019
CH3C4H 0.220E-004
CH3C6H 0.807E-009
H2CS 0.314E-007
H2S2 0.454E-011
HC2P 0.356E-012
HCSI 0.808E-006
HCL 0.263E+001
HNSI 0.270E-008
HS2 0.460E-011
N2O 0.147E-016
PH2 0.309E-020
S2 0.281E-010
SIC2H2 0.371E-005
SIC3H 0.112E-010
SIC4 0.254E-004
SIH4 0.465E-016
SIH 0.288E-008
SINC 0.714E-011
SIO 0.406E+002
F 0.407E-007
HE 0.138E+007
HCNO 0.744E-018
HNCO 0.223E-009
HONC 0.787E-026
HNO 0.868E-008
HCOOH 0.119E-008
C11 0.819E-018
C2H5CN 0.106E-013
C3P 0.440E-017
CH2CHCCH 0.111E-008
CH2CHCHCH2 0.188E-013
CH2CHCN 0.715E-005
CH2NH 0.242E-008
CH2PH 0.819E-015
CH3C3N 0.462E-010
CH3C5N 0.455E-020
CH3C7N 0.123E-021
CNO 0.265E-032
H2CN 0.109E-007
H2O2 0.128E-024
HCS 0.455E-010
HF 0.138E+000
HNC3 0.157E-006
HOCN 0.223E-009
NH2CN 0.521E-009
O2H 0.926E-021
OCN 0.928E-006
SIO2 0.737E-006
HCO+ 0.117E-003
H+ 0.593E-006
HOC+ 0.130E-008
C+ 0.119E-003
C10H+ 0.973E-013
C2H4+ 0.161E-003
C2H5+ 0.189E-004
C2H5OH+ 0.526E-017
C2O+ 0.144E-017
C2S+ 0.915E-011
C3O+ 0.343E-020
C3S+ 0.221E-009
C4H3+ 0.122E-001
C4S+ 0.874E-013
C6H6+ 0.318E-010
CCP+ 0.266E-007
CCL+ 0.508E-006
CH2+ 0.413E-008
C3H4+ 0.864E-005
CH2CCH+ 0.315E-005
CH2CN+ 0.863E-008
CH2CO+ 0.893E-008
C3H6+ 0.714E-025
CH3CHO+ 0.528E-011
CH3COCH3+ 0.209E-022
CH3OCH3+ 0.145E-023
CH+ 0.255E-008
CP+ 0.132E-014
CLO+ 0.173E-032
FE+ 0.000E+000
H2CO+ 0.263E-009
H2S+ 0.203E-004
H2SIO+ 0.277E-016
C4H2+ 0.309E-003
COOCH4+ 0.139E-026
HCP+ 0.152E-011
HPO+ 0.576E-010
MG+ 0.000E+000
C2N+ 0.579E-008
CNC+ 0.854E-004
NH3+ 0.243E-004
NO+ 0.231E-007
NS+ 0.378E-009
NA+ 0.000E+000
OCS+ 0.133E-007
P+ 0.153E-009
PH+ 0.656E-014
PO+ 0.989E-011
SO+ 0.201E-008
SI+ 0.167E-003
SIC2+ 0.167E-007
SIC2H+ 0.713E-003
SIC3+ 0.508E-008
SIC+ 0.303E-005
SICH2+ 0.160E-004
SICH3+ 0.247E-009
SIH2+ 0.523E-008
SIH3+ 0.265E-012
SIN+ 0.158E-010
SIS+ 0.263E-004
C2+ 0.149E-008
S+ 0.127E-004
CN+ 0.286E-010
CO+ 0.374E-010
N2+ 0.838E-011
O2+ 0.197E-011
C2H+ 0.155E-008
C2H2+ 0.235E-002
C2H3+ 0.103E+000
C5H2+ 0.417E-005
C6H2+ 0.300E-007
C7H2+ 0.125E-008
C3H3+ 0.174E-004
CO2+ 0.371E-018
HC3N+ 0.321E-008
HCN+ 0.298E-009
C2N2+ 0.311E-015
C3+ 0.181E-011
C5+ 0.290E-015
CH3CH3+ 0.195E-019
PN+ 0.846E-021
H2O+ 0.108E-006
NH2+ 0.372E-010
O+ 0.125E-011
OH+ 0.688E-011
CH3+ 0.184E-004
CH4+ 0.734E-006
CH3OH+ 0.257E-012
N+ 0.328E-007
SO2+ 0.196E-029
CS+ 0.612E-006
CL+ 0.322E-007
C10+ 0.644E-018
C10H2+ 0.930E-013
C3H2+ 0.366E-004
C3H+ 0.586E-004
C4+ 0.192E-010
C4H+ 0.897E-010
C4P+ 0.139E-027
C5H+ 0.668E-008
C6+ 0.552E-013
C6H+ 0.548E-011
C7+ 0.509E-011
C7H+ 0.680E-010
C8+ 0.188E-014
C8H2+ 0.139E-009
C8H+ 0.911E-012
C9+ 0.183E-015
C9H2+ 0.483E-010
C9H+ 0.361E-013
CH3C4H+ 0.730E-006
C7H4+ 0.789E-008
CH3CN+ 0.228E-011
H2CS+ 0.220E-009
H2S2+ 0.971E-011
HC2P+ 0.553E-008
HC5N+ 0.124E-013
HC7N+ 0.517E-014
HC9N+ 0.165E-015
HCSI+ 0.152E-008
HCL+ 0.938E-004
HNSI+ 0.322E-014
HS2+ 0.394E-010
HS+ 0.615E-008
N2O+ 0.329E-021
NH+ 0.172E-013
PH2+ 0.498E-014
S2+ 0.383E-009
SIC2H2+ 0.517E-006
SIC3H+ 0.252E-009
SIC4+ 0.142E-008
SIH4+ 0.714E-026
SIH+ 0.394E-007
SINC+ 0.501E-006
SIO+ 0.375E-005
H2+ 0.570E-008
F+ 0.893E-013
HE+ 0.655E-006
C3N+ 0.192E-012
HCNO+ 0.119E-030
HNCO+ 0.223E-012
HONC+ 0.310E-038
HNO+ 0.917E-010
HCOOH+ 0.241E-012
NO2+ 0.955E-019
CH2CHCNH+ 0.587E-009
HCS+ 0.216E-002
C10H3+ 0.535E-016
C11+ 0.201E-016
C2H5CNH+ 0.677E-013
C2H5OH2+ 0.873E-013
C2H7+ 0.161E-028
C2NH+ 0.597E-006
C3H2O+ 0.109E-010
C3H5+ 0.288E-003
C3H7+ 0.443E-023
C4H4+ 0.221E-011
C4H5+ 0.588E-005
C4H7+ 0.304E-008
C4N+ 0.105E-013
C5H3+ 0.110E-003
C5H5+ 0.203E-003
C5N+ 0.332E-013
C6H3+ 0.425E-006
C6H4+ 0.707E-006
C6H5+ 0.251E-003
C6H7+ 0.521E-003
C7H3+ 0.274E-007
C7H5+ 0.750E-008
C7N+ 0.355E-015
C8H3+ 0.182E-008
C8H4+ 0.165E-008
C8H5+ 0.835E-015
C9H3+ 0.600E-009
C9H4+ 0.337E-009
C9H5+ 0.906E-015
C9N+ 0.171E-018
CF+ 0.191E-006
CH2CHCN+ 0.151E-009
CH2NH2+ 0.763E-009
CH3C3N+ 0.828E-013
CH3C3NH+ 0.441E-009
CH3C5NH+ 0.184E-019
CH3C7NH+ 0.667E-021
CH3CHOH+ 0.354E-007
CH3CNH+ 0.164E-003
CH3CO+ 0.231E-007
CH3COCH4+ 0.287E-017
CH3CS+ 0.380E-008
CH3OCH4+ 0.892E-019
CH3OH2+ 0.190E-008
CH4N+ 0.457E-007
CH5+ 0.385E-004
H2C4N+ 0.828E-013
H2C7N+ 0.135E-012
H2C9N+ 0.271E-014
H2CCL+ 0.210E-008
H2CNO+ 0.153E-008
H2CL+ 0.112E-006
H2F+ 0.504E-006
H2NC+ 0.150E-006
H2NCO+ 0.497E-024
H2NO+ 0.509E-016
H2OCN+ 0.154E-008
H2PO+ 0.236E-014
H3+ 0.202E-004
H3C3O+ 0.639E-008
H3C5N+ 0.633E-009
H3C7N+ 0.438E-013
H3C9N+ 0.827E-015
H3CO+ 0.108E-009
H3CS+ 0.285E-006
H3O+ 0.839E-003
H3S+ 0.107E-005
H3S2+ 0.797E-010
H3SIO+ 0.154E-020
H5C2O2+ 0.708E-019
HC2O+ 0.336E-005
HC2S+ 0.107E-004
HC3NH+ 0.584E-004
HC3O+ 0.665E-008
HC3S+ 0.428E-009
HC4N+ 0.827E-013
HC4S+ 0.846E-007
HC5NH+ 0.408E-009
HCNH+ 0.398E-001
HCNOH+ 0.497E-024
HCO2+ 0.232E-009
HCOOH2+ 0.101E-007
HF+ 0.261E-013
HN2O+ 0.349E-024
HNCOH+ 0.307E-008
HNS+ 0.589E-015
HOCN+ 0.136E-014
HOCS+ 0.126E-010
HPN+ 0.913E-019
HSO+ 0.579E-012
HSO2+ 0.378E-024
HSIO2+ 0.412E-012
HSIS+ 0.443E-004
HEH+ 0.840E-010
N2H+ 0.164E-005
NCCNCH3+ 0.262E-018
NCCNH+ 0.449E-011
NH2CNH+ 0.833E-015
NH4+ 0.544E-003
O2H+ 0.682E-018
OCN+ 0.369E-013
PC2H2+ 0.862E-011
PC2H3+ 0.350E-017
PC2H4+ 0.302E-015
PC3H+ 0.193E-015
PC4H+ 0.239E-014
PCH2+ 0.116E-005
PCH3+ 0.194E-015
PCH4+ 0.145E-013
PH3+ 0.421E-019
PNH2+ 0.970E-012
PNH3+ 0.250E-015
SIC2H3+ 0.650E-004
SIC3H2+ 0.378E-009
SIC4H+ 0.429E-003
SICH4+ 0.250E-009
SIF+ 0.153E-006
SIH5+ 0.292E-016
SINCH+ 0.139E-009
SINH2+ 0.590E-007
SIOH+ 0.799E-002
