C- 0.109E-009
E 0.162E+000
C2- 0.726E-014
C3- 0.180E-010
C4- 0.238E-010
C5- 0.126E-009
C6- 0.150E-010
C7- 0.668E-012
C8- 0.298E-012
C10- 0.197E-016
C2H- 0.168E-005
C3H- 0.182E-010
C3N- 0.490E-009
C4H- 0.586E-010
C5H- 0.222E-006
C6H- 0.855E-008
C7H- 0.391E-009
C8H- 0.586E-012
C9- 0.136E-012
C9H- 0.438E-011
CH- 0.106E-010
O- 0.560E-013
OH- 0.408E-008
S- 0.494E-011
CN- 0.119E-005
H- 0.195E-007
C10H- 0.744E-017
C5N- 0.667E-012
O2- 0.544E-027
C 0.119E+001
C2 0.295E-001
CH2 0.268E-001
C2H2 0.309E+003
CH 0.548E-004
C2H 0.324E-001
CO2 0.239E-004
CO 0.565E+004
H2O 0.180E+002
H2CO 0.374E-006
N 0.824E-001
CN 0.132E+000
NH 0.117E-003
HCN 0.289E+003
O2 0.394E-009
O 0.119E+001
OH 0.182E-001
HCO 0.910E-006
C4 0.255E-007
C3 0.232E-002
C5 0.218E-007
C6 0.369E-009
C7 0.138E-010
C8 0.784E-011
C9 0.141E-011
C10 0.468E-014
C3H 0.232E-002
C4H 0.164E-004
C4N 0.516E-012
C5H 0.194E-004
C6H 0.552E-006
C7H 0.796E-008
C8H 0.449E-010
C9H 0.111E-009
C10H 0.202E-013
CS 0.748E+002
CH3 0.498E-002
CH3CN 0.494E-004
CH3OH 0.104E-008
OCS 0.152E-004
CH4 0.247E+002
H 0.217E+001
H2 0.706E+007
NH2 0.399E-003
NH3 0.423E+000
C10H2 0.102E-015
H2CCC 0.412E-005
HC3N 0.131E-004
HC4H 0.698E-003
C5H2 0.106E-003
HC5N 0.729E-010
C6H2 0.165E-003
C7H2 0.718E-008
C8H2 0.378E-010
C9H2 0.114E-009
HS 0.758E-004
C2N 0.728E-009
C3N 0.509E-005
C5N 0.215E-010
C7N 0.294E-014
HC7N 0.371E-011
C9N 0.321E-016
HC9N 0.286E-016
NO 0.207E-007
NS 0.244E-010
NO2 0.569E-019
SO2 0.519E-017
C2O 0.137E-010
SO 0.516E-008
HNC 0.538E-003
C2H4 0.482E+000
C2H5 0.177E-012
C2H5OH 0.139E-013
C2S 0.545E-006
C3O 0.828E-009
C3S 0.822E-007
C4H3 0.180E-007
C4S 0.298E-010
C6H6 0.151E-003
CCP 0.364E-009
CCL 0.312E-009
CH2CCH2 0.163E-008
CH2CCH 0.713E-003
CH2CN 0.172E-010
CH2CO 0.477E-007
CH3CCH 0.366E-006
CH3CHCH2 0.126E-016
CH3CHO 0.860E-008
CH3COCH3 0.148E-018
CH3OCH3 0.453E-020
CP 0.834E-004
CLO 0.124E-025
FE 0.000E+000
H2S 0.282E-001
H2SIO 0.383E-023
HCOOCH3 0.324E-020
HCP 0.176E+000
HPO 0.135E-015
MG 0.000E+000
NCCN 0.921E-008
NA 0.000E+000
P 0.372E-007
PH 0.671E-008
PO 0.313E-010
SI 0.792E-001
SIC2 0.132E+003
SIC2H 0.180E-002
SIC3 0.271E-004
SIC 0.461E-003
SICH2 0.105E-010
SICH3 0.454E-013
SIH2 0.124E-013
SIH3 0.142E-017
SIN 0.303E-008
SIS 0.422E+002
S 0.292E-001
N2 0.282E+003
C2H3 0.702E-005
CH3CH3 0.498E-021
PN 0.649E-013
CL 0.114E-002
C3H2 0.652E-005
C4P 0.238E-019
CH3C4H 0.223E-004
CH3C6H 0.880E-009
H2CS 0.332E-007
H2S2 0.489E-011
HC2P 0.377E-012
HCSI 0.896E-006
HCL 0.229E+001
HNSI 0.293E-008
HS2 0.497E-011
N2O 0.126E-016
PH2 0.406E-020
S2 0.308E-010
SIC2H2 0.402E-005
SIC3H 0.132E-010
SIC4 0.271E-004
SIH4 0.505E-016
SIH 0.293E-008
SINC 0.789E-011
SIO 0.354E+002
F 0.417E-007
HE 0.120E+007
HCNO 0.898E-018
HNCO 0.236E-009
HONC 0.115E-025
HNO 0.821E-008
HCOOH 0.121E-008
C11 0.100E-017
C2H5CN 0.118E-013
C3P 0.445E-017
CH2CHCCH 0.122E-008
CH2CHCHCH2 0.161E-013
CH2CHCN 0.697E-005
CH2NH 0.258E-008
CH2PH 0.883E-015
CH3C3N 0.457E-010
CH3C5N 0.571E-020
CH3C7N 0.177E-021
CNO 0.402E-032
H2CN 0.100E-007
H2O2 0.112E-024
HCS 0.567E-010
HF 0.120E+000
HNC3 0.152E-006
HOCN 0.236E-009
NH2CN 0.603E-009
O2H 0.997E-021
OCN 0.666E-006
SIO2 0.587E-006
HCO+ 0.112E-003
H+ 0.590E-006
HOC+ 0.136E-008
C+ 0.123E-003
C10H+ 0.104E-012
C2H4+ 0.152E-003
C2H5+ 0.168E-004
C2H5OH+ 0.568E-017
C2O+ 0.187E-017
C2S+ 0.977E-011
C3O+ 0.455E-020
C3S+ 0.229E-009
C4H3+ 0.108E-001
C4S+ 0.103E-012
C6H6+ 0.375E-010
CCP+ 0.263E-007
CCL+ 0.508E-006
CH2+ 0.386E-008
C3H4+ 0.809E-005
CH2CCH+ 0.274E-005
CH2CN+ 0.777E-008
CH2CO+ 0.804E-008
C3H6+ 0.764E-025
CH3CHO+ 0.569E-011
CH3COCH3+ 0.254E-022
CH3OCH3+ 0.166E-023
CH+ 0.198E-008
CP+ 0.146E-014
CLO+ 0.174E-032
FE+ 0.000E+000
H2CO+ 0.237E-009
H2S+ 0.189E-004
H2SIO+ 0.310E-016
C4H2+ 0.289E-003
COOCH4+ 0.187E-026
HCP+ 0.157E-011
HPO+ 0.556E-010
MG+ 0.000E+000
C2N+ 0.582E-008
CNC+ 0.851E-004
NH3+ 0.249E-004
NO+ 0.213E-007
NS+ 0.353E-009
NA+ 0.000E+000
OCS+ 0.138E-007
P+ 0.154E-009
PH+ 0.653E-014
PO+ 0.960E-011
SO+ 0.189E-008
SI+ 0.166E-003
SIC2+ 0.170E-007
SIC2H+ 0.683E-003
SIC3+ 0.518E-008
SIC+ 0.294E-005
SICH2+ 0.160E-004
SICH3+ 0.245E-009
SIH2+ 0.503E-008
SIH3+ 0.293E-012
SIN+ 0.151E-010
SIS+ 0.262E-004
C2+ 0.160E-008
S+ 0.128E-004
CN+ 0.291E-010
CO+ 0.373E-010
N2+ 0.837E-011
O2+ 0.199E-011
C2H+ 0.167E-008
C2H2+ 0.235E-002
C2H3+ 0.978E-001
C5H2+ 0.374E-005
C6H2+ 0.330E-007
C7H2+ 0.132E-008
C3H3+ 0.158E-004
CO2+ 0.370E-018
HC3N+ 0.422E-008
HCN+ 0.299E-009
C2N2+ 0.324E-015
C3+ 0.236E-011
C5+ 0.364E-015
CH3CH3+ 0.222E-019
PN+ 0.102E-020
H2O+ 0.108E-006
NH2+ 0.400E-010
O+ 0.127E-011
OH+ 0.661E-011
CH3+ 0.165E-004
CH4+ 0.729E-006
CH3OH+ 0.261E-012
N+ 0.327E-007
SO2+ 0.306E-029
CS+ 0.612E-006
CL+ 0.363E-007
C10+ 0.946E-018
C10H2+ 0.994E-013
C3H2+ 0.347E-004
C3H+ 0.559E-004
C4+ 0.195E-010
C4H+ 0.902E-010
C4P+ 0.215E-027
C5H+ 0.686E-008
C6+ 0.661E-013
C6H+ 0.647E-011
C7+ 0.582E-011
C7H+ 0.795E-010
C8+ 0.233E-014
C8H2+ 0.154E-009
C8H+ 0.102E-011
C9+ 0.237E-015
C9H2+ 0.488E-010
C9H+ 0.447E-013
CH3C4H+ 0.637E-006
C7H4+ 0.773E-008
CH3CN+ 0.248E-011
H2CS+ 0.195E-009
H2S2+ 0.923E-011
HC2P+ 0.527E-008
HC5N+ 0.121E-013
HC7N+ 0.565E-014
HC9N+ 0.169E-015
HCSI+ 0.152E-008
HCL+ 0.875E-004
HNSI+ 0.330E-014
HS2+ 0.383E-010
HS+ 0.577E-008
N2O+ 0.303E-021
NH+ 0.182E-013
PH2+ 0.531E-014
S2+ 0.374E-009
SIC2H2+ 0.489E-006
SIC3H+ 0.252E-009
SIC4+ 0.132E-008
SIH4+ 0.948E-026
SIH+ 0.367E-007
SINC+ 0.463E-006
SIO+ 0.375E-005
H2+ 0.570E-008
F+ 0.907E-013
HE+ 0.654E-006
C3N+ 0.202E-012
HCNO+ 0.168E-030
HNCO+ 0.215E-012
HONC+ 0.529E-038
HNO+ 0.946E-010
HCOOH+ 0.261E-012
NO2+ 0.106E-018
CH2CHCNH+ 0.567E-009
HCS+ 0.202E-002
C10H3+ 0.692E-016
C11+ 0.218E-016
C2H5CNH+ 0.658E-013
C2H5OH2+ 0.843E-013
C2H7+ 0.201E-028
C2NH+ 0.564E-006
C3H2O+ 0.110E-010
C3H5+ 0.257E-003
C3H7+ 0.426E-023
C4H4+ 0.237E-011
C4H5+ 0.518E-005
C4H7+ 0.267E-008
C4N+ 0.142E-013
C5H3+ 0.106E-003
C5H5+ 0.178E-003
C5N+ 0.340E-013
C6H3+ 0.389E-006
C6H4+ 0.645E-006
C6H5+ 0.207E-003
C6H7+ 0.475E-003
C7H3+ 0.265E-007
C7H5+ 0.727E-008
C7N+ 0.416E-015
C8H3+ 0.193E-008
C8H4+ 0.174E-008
C8H5+ 0.102E-014
C9H3+ 0.625E-009
C9H4+ 0.347E-009
C9H5+ 0.112E-014
C9N+ 0.213E-018
CF+ 0.193E-006
CH2CHCN+ 0.160E-009
CH2NH2+ 0.720E-009
CH3C3N+ 0.830E-013
CH3C3NH+ 0.393E-009
CH3C5NH+ 0.205E-019
CH3C7NH+ 0.873E-021
CH3CHOH+ 0.330E-007
CH3CNH+ 0.141E-003
CH3CO+ 0.203E-007
CH3COCH4+ 0.286E-017
CH3CS+ 0.365E-008
CH3OCH4+ 0.822E-019
CH3OH2+ 0.158E-008
CH4N+ 0.403E-007
CH5+ 0.384E-004
H2C4N+ 0.830E-013
H2C7N+ 0.133E-012
H2C9N+ 0.290E-014
H2CCL+ 0.190E-008
H2CNO+ 0.146E-008
H2CL+ 0.105E-006
H2F+ 0.480E-006
H2NC+ 0.150E-006
H2NCO+ 0.673E-024
H2NO+ 0.520E-016
H2OCN+ 0.147E-008
H2PO+ 0.237E-014
H3+ 0.199E-004
H3C3O+ 0.642E-008
H3C5N+ 0.563E-009
H3C7N+ 0.430E-013
H3C9N+ 0.875E-015
H3CO+ 0.105E-009
H3CS+ 0.271E-006
H3O+ 0.776E-003
H3S+ 0.969E-006
H3S2+ 0.777E-010
H3SIO+ 0.169E-020
H5C2O2+ 0.717E-019
HC2O+ 0.319E-005
HC2S+ 0.103E-004
HC3NH+ 0.554E-004
HC3O+ 0.613E-008
HC3S+ 0.409E-009
HC4N+ 0.829E-013
HC4S+ 0.749E-007
HC5NH+ 0.394E-009
HCNH+ 0.361E-001
HCNOH+ 0.673E-024
HCO2+ 0.206E-009
HCOOH2+ 0.970E-008
HF+ 0.265E-013
HN2O+ 0.314E-024
HNCOH+ 0.294E-008
HNS+ 0.676E-015
HOCN+ 0.136E-014
HOCS+ 0.139E-010
HPN+ 0.107E-018
HSO+ 0.578E-012
HSO2+ 0.571E-024
HSIO2+ 0.439E-012
HSIS+ 0.431E-004
HEH+ 0.840E-010
N2H+ 0.160E-005
NCCNCH3+ 0.280E-018
NCCNH+ 0.458E-011
NH2CNH+ 0.102E-014
NH4+ 0.507E-003
O2H+ 0.753E-018
OCN+ 0.364E-013
PC2H2+ 0.824E-011
PC2H3+ 0.391E-017
PC2H4+ 0.299E-015
PC3H+ 0.197E-015
PC4H+ 0.241E-014
PCH2+ 0.110E-005
PCH3+ 0.214E-015
PCH4+ 0.143E-013
PH3+ 0.535E-019
PNH2+ 0.927E-012
PNH3+ 0.249E-015
SIC2H3+ 0.633E-004
SIC3H2+ 0.387E-009
SIC4H+ 0.408E-003
SICH4+ 0.248E-009
SIF+ 0.150E-006
SIH5+ 0.317E-016
SINCH+ 0.140E-009
SINH2+ 0.575E-007
SIOH+ 0.746E-002
