C- 0.120E-009
E 0.159E+000
C2- 0.896E-014
C3- 0.186E-010
C4- 0.266E-010
C5- 0.149E-009
C6- 0.185E-010
C7- 0.897E-012
C8- 0.375E-012
C10- 0.281E-016
C2H- 0.162E-005
C3H- 0.189E-010
C3N- 0.553E-009
C4H- 0.771E-010
C5H- 0.260E-006
C6H- 0.953E-008
C7H- 0.468E-009
C8H- 0.758E-012
C9- 0.177E-012
C9H- 0.581E-011
CH- 0.128E-010
O- 0.628E-013
OH- 0.409E-008
S- 0.546E-011
CN- 0.113E-005
H- 0.193E-007
C10H- 0.107E-016
C5N- 0.798E-012
O2- 0.732E-027
C 0.117E+001
C2 0.292E-001
CH2 0.265E-001
C2H2 0.269E+003
CH 0.624E-004
C2H 0.357E-001
CO2 0.227E-004
CO 0.492E+004
H2O 0.157E+002
H2CO 0.381E-006
N 0.814E-001
CN 0.149E+000
NH 0.116E-003
HCN 0.251E+003
O2 0.443E-009
O 0.118E+001
OH 0.161E-001
HCO 0.852E-006
C4 0.316E-007
C3 0.218E-002
C5 0.245E-007
C6 0.413E-009
C7 0.169E-010
C8 0.900E-011
C9 0.170E-011
C10 0.650E-014
C3H 0.219E-002
C4H 0.190E-004
C4N 0.598E-012
C5H 0.206E-004
C6H 0.575E-006
C7H 0.862E-008
C8H 0.530E-010
C9H 0.133E-009
C10H 0.274E-013
CS 0.652E+002
CH3 0.490E-002
CH3CN 0.487E-004
CH3OH 0.977E-009
OCS 0.150E-004
CH4 0.215E+002
H 0.211E+001
H2 0.615E+007
NH2 0.395E-003
NH3 0.368E+000
C10H2 0.151E-015
H2CCC 0.467E-005
HC3N 0.150E-004
HC4H 0.759E-003
C5H2 0.107E-003
HC5N 0.857E-010
C6H2 0.169E-003
C7H2 0.776E-008
C8H2 0.449E-010
C9H2 0.137E-009
HS 0.715E-004
C2N 0.788E-009
C3N 0.600E-005
C5N 0.231E-010
C7N 0.343E-014
HC7N 0.514E-011
C9N 0.418E-016
HC9N 0.375E-016
NO 0.208E-007
NS 0.246E-010
NO2 0.104E-018
SO2 0.676E-017
C2O 0.164E-010
SO 0.546E-008
HNC 0.543E-003
C2H4 0.420E+000
C2H5 0.185E-012
C2H5OH 0.140E-013
C2S 0.574E-006
C3O 0.899E-009
C3S 0.895E-007
C4H3 0.212E-007
C4S 0.365E-010
C6H6 0.153E-003
CCP 0.380E-009
CCL 0.316E-009
CH2CCH2 0.186E-008
CH2CCH 0.723E-003
CH2CN 0.192E-010
CH2CO 0.430E-007
CH3CCH 0.376E-006
CH3CHCH2 0.129E-016
CH3CHO 0.865E-008
CH3COCH3 0.164E-018
CH3OCH3 0.477E-020
CP 0.824E-004
CLO 0.951E-026
FE 0.000E+000
H2S 0.246E-001
H2SIO 0.563E-023
HCOOCH3 0.368E-020
HCP 0.154E+000
HPO 0.147E-015
MG 0.000E+000
NCCN 0.113E-007
NA 0.000E+000
P 0.417E-007
PH 0.645E-008
PO 0.306E-010
SI 0.781E-001
SIC2 0.115E+003
SIC2H 0.180E-002
SIC3 0.285E-004
SIC 0.465E-003
SICH2 0.120E-010
SICH3 0.496E-013
SIH2 0.147E-013
SIH3 0.165E-017
SIN 0.324E-008
SIS 0.368E+002
S 0.288E-001
N2 0.246E+003
C2H3 0.731E-005
CH3CH3 0.573E-021
PN 0.680E-013
CL 0.129E-002
C3H2 0.725E-005
C4P 0.315E-019
CH3C4H 0.224E-004
CH3C6H 0.947E-009
H2CS 0.347E-007
H2S2 0.521E-011
HC2P 0.394E-012
HCSI 0.978E-006
HCL 0.200E+001
HNSI 0.313E-008
HS2 0.531E-011
N2O 0.146E-016
PH2 0.525E-020
S2 0.332E-010
SIC2H2 0.429E-005
SIC3H 0.151E-010
SIC4 0.285E-004
SIH4 0.544E-016
SIH 0.326E-008
SINC 0.862E-011
SIO 0.308E+002
F 0.428E-007
HE 0.105E+007
HCNO 0.107E-017
HNCO 0.248E-009
HONC 0.165E-025
HNO 0.917E-008
HCOOH 0.122E-008
C11 0.152E-017
C2H5CN 0.131E-013
C3P 0.618E-017
CH2CHCCH 0.140E-008
CH2CHCHCH2 0.143E-013
CH2CHCN 0.727E-005
CH2NH 0.292E-008
CH2PH 0.943E-015
CH3C3N 0.447E-010
CH3C5N 0.698E-020
CH3C7N 0.247E-021
CNO 0.599E-032
H2CN 0.109E-007
H2O2 0.976E-025
HCS 0.697E-010
HF 0.105E+000
HNC3 0.172E-006
HOCN 0.247E-009
NH2CN 0.705E-009
O2H 0.125E-020
OCN 0.532E-006
SIO2 0.530E-006
HCO+ 0.111E-003
H+ 0.586E-006
HOC+ 0.155E-008
C+ 0.139E-003
C10H+ 0.130E-012
C2H4+ 0.150E-003
C2H5+ 0.163E-004
C2H5OH+ 0.646E-017
C2O+ 0.250E-017
C2S+ 0.111E-010
C3O+ 0.648E-020
C3S+ 0.236E-009
C4H3+ 0.105E-001
C4S+ 0.135E-012
C6H6+ 0.451E-010
CCP+ 0.263E-007
CCL+ 0.517E-006
CH2+ 0.394E-008
C3H4+ 0.799E-005
CH2CCH+ 0.274E-005
CH2CN+ 0.717E-008
CH2CO+ 0.834E-008
C3H6+ 0.100E-024
CH3CHO+ 0.643E-011
CH3COCH3+ 0.320E-022
CH3OCH3+ 0.199E-023
CH+ 0.167E-008
CP+ 0.186E-014
CLO+ 0.180E-032
FE+ 0.000E+000
H2CO+ 0.267E-009
H2S+ 0.187E-004
H2SIO+ 0.390E-016
C4H2+ 0.284E-003
COOCH4+ 0.245E-026
HCP+ 0.176E-011
HPO+ 0.535E-010
MG+ 0.000E+000
C2N+ 0.651E-008
CNC+ 0.883E-004
NH3+ 0.257E-004
NO+ 0.209E-007
NS+ 0.390E-009
NA+ 0.000E+000
OCS+ 0.154E-007
P+ 0.158E-009
PH+ 0.732E-014
PO+ 0.929E-011
SO+ 0.210E-008
SI+ 0.184E-003
SIC2+ 0.194E-007
SIC2H+ 0.662E-003
SIC3+ 0.536E-008
SIC+ 0.330E-005
SICH2+ 0.158E-004
SICH3+ 0.273E-009
SIH2+ 0.483E-008
SIH3+ 0.328E-012
SIN+ 0.182E-010
SIS+ 0.265E-004
C2+ 0.180E-008
S+ 0.142E-004
CN+ 0.295E-010
CO+ 0.373E-010
N2+ 0.836E-011
O2+ 0.224E-011
C2H+ 0.189E-008
C2H2+ 0.235E-002
C2H3+ 0.963E-001
C5H2+ 0.404E-005
C6H2+ 0.384E-007
C7H2+ 0.152E-008
C3H3+ 0.155E-004
CO2+ 0.403E-018
HC3N+ 0.554E-008
HCN+ 0.299E-009
C2N2+ 0.340E-015
C3+ 0.336E-011
C5+ 0.549E-015
CH3CH3+ 0.262E-019
PN+ 0.120E-020
H2O+ 0.108E-006
NH2+ 0.455E-010
O+ 0.129E-011
OH+ 0.672E-011
CH3+ 0.169E-004
CH4+ 0.724E-006
CH3OH+ 0.277E-012
N+ 0.326E-007
SO2+ 0.466E-029
CS+ 0.612E-006
CL+ 0.439E-007
C10+ 0.149E-017
C10H2+ 0.124E-012
C3H2+ 0.383E-004
C3H+ 0.617E-004
C4+ 0.243E-010
C4H+ 0.110E-009
C4P+ 0.322E-027
C5H+ 0.738E-008
C6+ 0.862E-013
C6H+ 0.856E-011
C7+ 0.765E-011
C7H+ 0.961E-010
C8+ 0.312E-014
C8H2+ 0.178E-009
C8H+ 0.123E-011
C9+ 0.322E-015
C9H2+ 0.559E-010
C9H+ 0.579E-013
CH3C4H+ 0.621E-006
C7H4+ 0.823E-008
CH3CN+ 0.279E-011
H2CS+ 0.202E-009
H2S2+ 0.102E-010
HC2P+ 0.501E-008
HC5N+ 0.149E-013
HC7N+ 0.749E-014
HC9N+ 0.216E-015
HCSI+ 0.183E-008
HCL+ 0.864E-004
HNSI+ 0.358E-014
HS2+ 0.398E-010
HS+ 0.631E-008
N2O+ 0.403E-021
NH+ 0.202E-013
PH2+ 0.555E-014
S2+ 0.372E-009
SIC2H2+ 0.538E-006
SIC3H+ 0.297E-009
SIC4+ 0.146E-008
SIH4+ 0.126E-025
SIH+ 0.405E-007
SINC+ 0.499E-006
SIO+ 0.375E-005
H2+ 0.570E-008
F+ 0.923E-013
HE+ 0.653E-006
C3N+ 0.244E-012
HCNO+ 0.233E-030
HNCO+ 0.219E-012
HONC+ 0.884E-038
HNO+ 0.109E-009
HCOOH+ 0.297E-012
NO2+ 0.139E-018
CH2CHCNH+ 0.649E-009
HCS+ 0.198E-002
C10H3+ 0.923E-016
C11+ 0.303E-016
C2H5CNH+ 0.655E-013
C2H5OH2+ 0.792E-013
C2H7+ 0.260E-028
C2NH+ 0.622E-006
C3H2O+ 0.111E-010
C3H5+ 0.250E-003
C3H7+ 0.493E-023
C4H4+ 0.252E-011
C4H5+ 0.501E-005
C4H7+ 0.260E-008
C4N+ 0.211E-013
C5H3+ 0.102E-003
C5H5+ 0.162E-003
C5N+ 0.407E-013
C6H3+ 0.406E-006
C6H4+ 0.591E-006
C6H5+ 0.199E-003
C6H7+ 0.428E-003
C7H3+ 0.278E-007
C7H5+ 0.738E-008
C7N+ 0.557E-015
C8H3+ 0.224E-008
C8H4+ 0.201E-008
C8H5+ 0.123E-014
C9H3+ 0.708E-009
C9H4+ 0.384E-009
C9H5+ 0.137E-014
C9N+ 0.308E-018
CF+ 0.197E-006
CH2CHCN+ 0.188E-009
CH2NH2+ 0.675E-009
CH3C3N+ 0.927E-013
CH3C3NH+ 0.381E-009
CH3C5NH+ 0.226E-019
CH3C7NH+ 0.113E-020
CH3CHOH+ 0.301E-007
CH3CNH+ 0.120E-003
CH3CO+ 0.177E-007
CH3COCH4+ 0.281E-017
CH3CS+ 0.357E-008
CH3OCH4+ 0.739E-019
CH3OH2+ 0.131E-008
CH4N+ 0.357E-007
CH5+ 0.384E-004
H2C4N+ 0.927E-013
H2C7N+ 0.153E-012
H2C9N+ 0.364E-014
H2CCL+ 0.171E-008
H2CNO+ 0.140E-008
H2CL+ 0.106E-006
H2F+ 0.457E-006
H2NC+ 0.153E-006
H2NCO+ 0.897E-024
H2NO+ 0.665E-016
H2OCN+ 0.141E-008
H2PO+ 0.238E-014
H3+ 0.197E-004
H3C3O+ 0.644E-008
H3C5N+ 0.567E-009
H3C7N+ 0.483E-013
H3C9N+ 0.107E-014
H3CO+ 0.115E-009
H3CS+ 0.263E-006
H3O+ 0.765E-003
H3S+ 0.954E-006
H3S2+ 0.754E-010
H3SIO+ 0.207E-020
H5C2O2+ 0.720E-019
HC2O+ 0.353E-005
HC2S+ 0.101E-004
HC3NH+ 0.556E-004
HC3O+ 0.669E-008
HC3S+ 0.478E-009
HC4N+ 0.926E-013
HC4S+ 0.816E-007
HC5NH+ 0.420E-009
HCNH+ 0.355E-001
HCNOH+ 0.897E-024
HCO2+ 0.210E-009
HCOOH2+ 0.929E-008
HF+ 0.270E-013
HN2O+ 0.415E-024
HNCOH+ 0.280E-008
HNS+ 0.797E-015
HOCN+ 0.136E-014
HOCS+ 0.153E-010
HPN+ 0.126E-018
HSO+ 0.646E-012
HSO2+ 0.847E-024
HSIO2+ 0.474E-012
HSIS+ 0.424E-004
HEH+ 0.840E-010
N2H+ 0.158E-005
NCCNCH3+ 0.374E-018
NCCNH+ 0.473E-011
NH2CNH+ 0.125E-014
NH4+ 0.477E-003
O2H+ 0.951E-018
OCN+ 0.387E-013
PC2H2+ 0.784E-011
PC2H3+ 0.449E-017
PC2H4+ 0.296E-015
PC3H+ 0.275E-015
PC4H+ 0.300E-014
PCH2+ 0.104E-005
PCH3+ 0.244E-015
PCH4+ 0.140E-013
PH3+ 0.667E-019
PNH2+ 0.885E-012
PNH3+ 0.248E-015
SIC2H3+ 0.613E-004
SIC3H2+ 0.413E-009
SIC4H+ 0.385E-003
SICH4+ 0.276E-009
SIF+ 0.150E-006
SIH5+ 0.345E-016
SINCH+ 0.141E-009
SINH2+ 0.576E-007
SIOH+ 0.737E-002
