C- 0.110E-009
E 0.147E+000
C2- 0.106E-013
C3- 0.191E-010
C4- 0.294E-010
C5- 0.174E-009
C6- 0.223E-010
C7- 0.118E-011
C8- 0.463E-012
C10- 0.391E-016
C2H- 0.157E-005
C3H- 0.194E-010
C3N- 0.641E-009
C4H- 0.874E-010
C5H- 0.299E-006
C6H- 0.104E-007
C7H- 0.550E-009
C8H- 0.960E-012
C9- 0.226E-012
C9H- 0.750E-011
CH- 0.153E-010
O- 0.616E-013
OH- 0.408E-008
S- 0.503E-011
CN- 0.107E-005
H- 0.190E-007
C10H- 0.150E-016
C5N- 0.933E-012
O2- 0.706E-027
C 0.108E+001
C2 0.269E-001
CH2 0.244E-001
C2H2 0.234E+003
CH 0.711E-004
C2H 0.394E-001
CO2 0.200E-004
CO 0.428E+004
H2O 0.137E+002
H2CO 0.334E-006
N 0.751E-001
CN 0.163E+000
NH 0.107E-003
HCN 0.219E+003
O2 0.436E-009
O 0.109E+001
OH 0.133E-001
HCO 0.729E-006
C4 0.381E-007
C3 0.205E-002
C5 0.266E-007
C6 0.457E-009
C7 0.197E-010
C8 0.102E-010
C9 0.200E-011
C10 0.680E-014
C3H 0.206E-002
C4H 0.211E-004
C4N 0.711E-012
C5H 0.215E-004
C6H 0.584E-006
C7H 0.922E-008
C8H 0.616E-010
C9H 0.157E-009
C10H 0.311E-013
CS 0.568E+002
CH3 0.450E-002
CH3CN 0.471E-004
CH3OH 0.917E-009
OCS 0.148E-004
CH4 0.187E+002
H 0.191E+001
H2 0.536E+007
NH2 0.367E-003
NH3 0.321E+000
C10H2 0.204E-015
H2CCC 0.496E-005
HC3N 0.174E-004
HC4H 0.768E-003
C5H2 0.107E-003
HC5N 0.989E-010
C6H2 0.169E-003
C7H2 0.828E-008
C8H2 0.527E-010
C9H2 0.162E-009
HS 0.652E-004
C2N 0.847E-009
C3N 0.767E-005
C5N 0.242E-010
C7N 0.392E-014
HC7N 0.721E-011
C9N 0.532E-016
HC9N 0.479E-016
NO 0.173E-007
NS 0.247E-010
NO2 0.183E-018
SO2 0.859E-017
C2O 0.196E-010
SO 0.494E-008
HNC 0.544E-003
C2H4 0.366E+000
C2H5 0.191E-012
C2H5OH 0.139E-013
C2S 0.599E-006
C3O 0.968E-009
C3S 0.101E-006
C4H3 0.266E-007
C4S 0.439E-010
C6H6 0.152E-003
CCP 0.393E-009
CCL 0.317E-009
CH2CCH2 0.199E-008
CH2CCH 0.661E-003
CH2CN 0.194E-010
CH2CO 0.353E-007
CH3CCH 0.383E-006
CH3CHCH2 0.123E-016
CH3CHO 0.858E-008
CH3COCH3 0.178E-018
CH3OCH3 0.488E-020
CP 0.760E-004
CLO 0.769E-026
FE 0.000E+000
H2S 0.214E-001
H2SIO 0.808E-023
HCOOCH3 0.409E-020
HCP 0.134E+000
HPO 0.158E-015
MG 0.000E+000
NCCN 0.123E-007
NA 0.000E+000
P 0.409E-007
PH 0.619E-008
PO 0.298E-010
SI 0.721E-001
SIC2 0.100E+003
SIC2H 0.158E-002
SIC3 0.296E-004
SIC 0.469E-003
SICH2 0.135E-010
SICH3 0.537E-013
SIH2 0.173E-013
SIH3 0.192E-017
SIN 0.343E-008
SIS 0.320E+002
S 0.265E-001
N2 0.214E+003
C2H3 0.683E-005
CH3CH3 0.653E-021
PN 0.705E-013
CL 0.142E-002
C3H2 0.762E-005
C4P 0.409E-019
CH3C4H 0.222E-004
CH3C6H 0.100E-008
H2CS 0.359E-007
H2S2 0.549E-011
HC2P 0.408E-012
HCSI 0.105E-005
HCL 0.174E+001
HNSI 0.331E-008
HS2 0.561E-011
N2O 0.122E-016
PH2 0.671E-020
S2 0.353E-010
SIC2H2 0.454E-005
SIC3H 0.172E-010
SIC4 0.296E-004
SIH4 0.581E-016
SIH 0.321E-008
SINC 0.932E-011
SIO 0.268E+002
F 0.440E-007
HE 0.911E+006
HCNO 0.125E-017
HNCO 0.257E-009
HONC 0.233E-025
HNO 0.837E-008
HCOOH 0.121E-008
C11 0.170E-017
C2H5CN 0.139E-013
C3P 0.582E-017
CH2CHCCH 0.149E-008
CH2CHCHCH2 0.122E-013
CH2CHCN 0.679E-005
CH2NH 0.310E-008
CH2PH 0.996E-015
CH3C3N 0.433E-010
CH3C5N 0.835E-020
CH3C7N 0.339E-021
CNO 0.876E-032
H2CN 0.975E-008
H2O2 0.851E-025
HCS 0.838E-010
HF 0.911E-001
HNC3 0.161E-006
HOCN 0.256E-009
NH2CN 0.840E-009
O2H 0.137E-020
OCN 0.387E-006
SIO2 0.431E-006
HCO+ 0.142E-003
H+ 0.581E-006
HOC+ 0.158E-008
C+ 0.140E-003
C10H+ 0.130E-012
C2H4+ 0.139E-003
C2H5+ 0.142E-004
C2H5OH+ 0.684E-017
C2O+ 0.318E-017
C2S+ 0.117E-010
C3O+ 0.820E-020
C3S+ 0.241E-009
C4H3+ 0.907E-002
C4S+ 0.168E-012
C6H6+ 0.508E-010
CCP+ 0.255E-007
CCL+ 0.507E-006
CH2+ 0.380E-008
C3H4+ 0.739E-005
CH2CCH+ 0.239E-005
CH2CN+ 0.644E-008
CH2CO+ 0.761E-008
C3H6+ 0.102E-024
CH3CHO+ 0.677E-011
CH3COCH3+ 0.369E-022
CH3OCH3+ 0.217E-023
CH+ 0.126E-008
CP+ 0.199E-014
CLO+ 0.180E-032
FE+ 0.000E+000
H2CO+ 0.240E-009
H2S+ 0.172E-004
H2SIO+ 0.439E-016
C4H2+ 0.261E-003
COOCH4+ 0.312E-026
HCP+ 0.177E-011
HPO+ 0.514E-010
MG+ 0.000E+000
C2N+ 0.639E-008
CNC+ 0.861E-004
NH3+ 0.262E-004
NO+ 0.190E-007
NS+ 0.352E-009
NA+ 0.000E+000
OCS+ 0.154E-007
P+ 0.159E-009
PH+ 0.745E-014
PO+ 0.895E-011
SO+ 0.191E-008
SI+ 0.179E-003
SIC2+ 0.194E-007
SIC2H+ 0.633E-003
SIC3+ 0.539E-008
SIC+ 0.309E-005
SICH2+ 0.156E-004
SICH3+ 0.264E-009
SIH2+ 0.461E-008
SIH3+ 0.374E-012
SIN+ 0.166E-010
SIS+ 0.260E-004
C2+ 0.191E-008
S+ 0.140E-004
CN+ 0.300E-010
CO+ 0.373E-010
N2+ 0.834E-011
O2+ 0.221E-011
C2H+ 0.201E-008
C2H2+ 0.235E-002
C2H3+ 0.906E-001
C5H2+ 0.346E-005
C6H2+ 0.410E-007
C7H2+ 0.155E-008
C3H3+ 0.139E-004
CO2+ 0.406E-018
HC3N+ 0.703E-008
HCN+ 0.299E-009
C2N2+ 0.356E-015
C3+ 0.428E-011
C5+ 0.714E-015
CH3CH3+ 0.332E-019
PN+ 0.140E-020
H2O+ 0.108E-006
NH2+ 0.484E-010
O+ 0.131E-011
OH+ 0.655E-011
CH3+ 0.154E-004
CH4+ 0.719E-006
CH3OH+ 0.275E-012
N+ 0.325E-007
SO2+ 0.690E-029
CS+ 0.612E-006
CL+ 0.131E-010
C10+ 0.204E-017
C10H2+ 0.125E-012
C3H2+ 0.351E-004
C3H+ 0.570E-004
C4+ 0.236E-010
C4H+ 0.106E-009
C4P+ 0.470E-027
C5H+ 0.744E-008
C6+ 0.995E-013
C6H+ 0.102E-010
C7+ 0.828E-011
C7H+ 0.108E-009
C8+ 0.367E-014
C8H2+ 0.191E-009
C8H+ 0.132E-011
C9+ 0.401E-015
C9H2+ 0.542E-010
C9H+ 0.687E-013
CH3C4H+ 0.529E-006
C7H4+ 0.785E-008
CH3CN+ 0.297E-011
H2CS+ 0.173E-009
H2S2+ 0.941E-011
HC2P+ 0.475E-008
HC5N+ 0.138E-013
HC7N+ 0.797E-014
HC9N+ 0.209E-015
HCSI+ 0.177E-008
HCL+ 0.111E-007
HNSI+ 0.358E-014
HS2+ 0.380E-010
HS+ 0.586E-008
N2O+ 0.359E-021
NH+ 0.213E-013
PH2+ 0.601E-014
S2+ 0.360E-009
SIC2H2+ 0.493E-006
SIC3H+ 0.289E-009
SIC4+ 0.131E-008
SIH4+ 0.162E-025
SIH+ 0.378E-007
SINC+ 0.446E-006
SIO+ 0.375E-005
H2+ 0.570E-008
F+ 0.936E-013
HE+ 0.652E-006
C3N+ 0.248E-012
HCNO+ 0.318E-030
HNCO+ 0.209E-012
HONC+ 0.145E-037
HNO+ 0.109E-009
HCOOH+ 0.314E-012
NO2+ 0.148E-018
CH2CHCNH+ 0.591E-009
HCS+ 0.183E-002
C10H3+ 0.115E-015
C11+ 0.304E-016
C2H5CNH+ 0.619E-013
C2H5OH2+ 0.773E-013
C2H7+ 0.326E-028
C2NH+ 0.569E-006
C3H2O+ 0.113E-010
C3H5+ 0.218E-003
C3H7+ 0.453E-023
C4H4+ 0.269E-011
C4H5+ 0.433E-005
C4H7+ 0.223E-008
C4N+ 0.284E-013
C5H3+ 0.962E-004
C5H5+ 0.140E-003
C5N+ 0.400E-013
C6H3+ 0.367E-006
C6H4+ 0.540E-006
C6H5+ 0.159E-003
C6H7+ 0.388E-003
C7H3+ 0.262E-007
C7H5+ 0.700E-008
C7N+ 0.612E-015
C8H3+ 0.229E-008
C8H4+ 0.203E-008
C8H5+ 0.148E-014
C9H3+ 0.708E-009
C9H4+ 0.380E-009
C9H5+ 0.165E-014
C9N+ 0.360E-018
CF+ 0.195E-006
CH2CHCN+ 0.192E-009
CH2NH2+ 0.629E-009
CH3C3N+ 0.908E-013
CH3C3NH+ 0.336E-009
CH3C5NH+ 0.250E-019
CH3C7NH+ 0.148E-020
CH3CHOH+ 0.283E-007
CH3CNH+ 0.102E-003
CH3CO+ 0.154E-007
CH3COCH4+ 0.274E-017
CH3CS+ 0.339E-008
CH3OCH4+ 0.666E-019
CH3OH2+ 0.108E-008
CH4N+ 0.312E-007
CH5+ 0.383E-004
H2C4N+ 0.909E-013
H2C7N+ 0.144E-012
H2C9N+ 0.368E-014
H2CCL+ 0.169E-008
H2CNO+ 0.133E-008
H2CL+ 0.224E-004
H2F+ 0.433E-006
H2NC+ 0.150E-006
H2NCO+ 0.118E-023
H2NO+ 0.650E-016
H2OCN+ 0.134E-008
H2PO+ 0.238E-014
H3+ 0.193E-004
H3C3O+ 0.645E-008
H3C5N+ 0.489E-009
H3C7N+ 0.455E-013
H3C9N+ 0.107E-014
H3CO+ 0.110E-009
H3CS+ 0.248E-006
H3O+ 0.697E-003
H3S+ 0.847E-006
H3S2+ 0.729E-010
H3SIO+ 0.223E-020
H5C2O2+ 0.708E-019
HC2O+ 0.324E-005
HC2S+ 0.961E-005
HC3NH+ 0.521E-004
HC3O+ 0.592E-008
HC3S+ 0.441E-009
HC4N+ 0.907E-013
HC4S+ 0.692E-007
HC5NH+ 0.390E-009
HCNH+ 0.315E-001
HCNOH+ 0.118E-023
HCO2+ 0.248E-009
HCOOH2+ 0.893E-008
HF+ 0.274E-013
HN2O+ 0.381E-024
HNCOH+ 0.266E-008
HNS+ 0.893E-015
HOCN+ 0.136E-014
HOCS+ 0.168E-010
HPN+ 0.144E-018
HSO+ 0.631E-012
HSO2+ 0.121E-023
HSIO2+ 0.509E-012
HSIS+ 0.425E-004
HEH+ 0.840E-010
N2H+ 0.153E-005
NCCNCH3+ 0.385E-018
NCCNH+ 0.482E-011
NH2CNH+ 0.155E-014
NH4+ 0.438E-003
O2H+ 0.101E-017
OCN+ 0.377E-013
PC2H2+ 0.744E-011
PC2H3+ 0.496E-017
PC2H4+ 0.291E-015
PC3H+ 0.261E-015
PC4H+ 0.288E-014
PCH2+ 0.974E-006
PCH3+ 0.265E-015
PCH4+ 0.136E-013
PH3+ 0.830E-019
PNH2+ 0.841E-012
PNH3+ 0.246E-015
SIC2H3+ 0.590E-004
SIC3H2+ 0.414E-009
SIC4H+ 0.362E-003
SICH4+ 0.267E-009
SIF+ 0.145E-006
SIH5+ 0.377E-016
SINCH+ 0.141E-009
SINH2+ 0.554E-007
SIOH+ 0.680E-002
