C- 0.306E-009
E 0.488E+000
C2- 0.140E-016
C3- 0.224E-013
C4- 0.957E-015
C5- 0.161E-014
C6- 0.907E-017
C7- 0.107E-018
C8- 0.878E-019
C10- 0.107E-025
C2H- 0.497E-006
C3H- 0.224E-013
C3N- 0.266E-012
C4H- 0.178E-015
C5H- 0.135E-011
C6H- 0.115E-012
C7H- 0.297E-015
C8H- 0.541E-019
C9- 0.144E-019
C9H- 0.405E-019
CH- 0.117E-013
O- 0.180E-013
OH- 0.465E-008
S- 0.104E-010
CN- 0.380E-006
H- 0.232E-007
C10H- 0.213E-026
C5N- 0.410E-019
O2- 0.383E-037
C 0.371E+001
C2 0.936E-001
CH2 0.953E-001
C2H2 0.246E+004
CH 0.109E-003
C2H 0.776E-002
CO2 0.359E-003
CO 0.449E+005
H2O 0.146E+003
H2CO 0.362E-005
N 0.262E+000
CN 0.171E-001
NH 0.397E-003
HCN 0.229E+004
O2 0.211E-009
O 0.101E+001
OH 0.121E+000
HCO 0.675E-005
C4 0.343E-008
C3 0.577E-003
C5 0.332E-010
C6 0.438E-013
C7 0.590E-015
C8 0.438E-015
C9 0.255E-016
C10 0.114E-015
C3H 0.577E-003
C4H 0.189E-004
C4N 0.370E-015
C5H 0.220E-007
C6H 0.395E-008
C7H 0.121E-011
C8H 0.939E-015
C9H 0.193E-015
C10H 0.720E-016
CS 0.595E+003
CH3 0.607E-001
CH3CN 0.263E-005
CH3OH 0.629E-010
OCS 0.210E-005
CH4 0.196E+003
H 0.130E+002
H2 0.561E+008
NH2 0.928E-003
NH3 0.336E+001
C10H2 0.123E-021
H2CCC 0.328E-007
HC3N 0.686E-006
HC4H 0.492E-003
C5H2 0.180E-006
HC5N 0.331E-011
C6H2 0.444E-005
C7H2 0.136E-011
C8H2 0.746E-015
C9H2 0.168E-015
HS 0.144E-003
C2N 0.150E-011
C3N 0.474E-006
C5N 0.288E-012
C7N 0.379E-020
HC7N 0.216E-016
C9N 0.431E-024
HC9N 0.402E-024
NO 0.220E-006
NS 0.415E-013
NO2 0.781E-021
SO2 0.830E-022
C2O 0.198E-013
SO 0.329E-008
HNC 0.604E-004
C2H4 0.384E+001
C2H5 0.131E-010
C2H5OH 0.550E-015
C2S 0.801E-009
C3O 0.860E-012
C3S 0.854E-008
C4H3 0.190E-008
C4S 0.916E-015
C6H6 0.428E-005
CCP 0.611E-012
CCL 0.640E-012
CH2CCH2 0.118E-010
CH2CCH 0.384E-002
CH2CN 0.109E-010
CH2CO 0.573E-005
CH3CCH 0.444E-008
CH3CHCH2 0.335E-016
CH3CHO 0.360E-009
CH3COCH3 0.109E-023
CH3OCH3 0.207E-023
CP 0.263E-003
CLO 0.480E-024
FE 0.000E+000
H2S 0.224E+000
H2SIO 0.101E-030
HCOOCH3 0.211E-025
HCP 0.140E+001
HPO 0.126E-018
MG 0.000E+000
NCCN 0.101E-008
NA 0.000E+000
P 0.452E-007
PH 0.206E-008
PO 0.135E-011
SI 0.245E+000
SIC2 0.105E+004
SIC2H 0.121E-001
SIC3 0.875E-008
SIC 0.906E-004
SICH2 0.635E-011
SICH3 0.295E-016
SIH2 0.520E-018
SIH3 0.141E-022
SIN 0.264E-011
SIS 0.335E+003
S 0.870E-001
N2 0.224E+004
C2H3 0.642E-005
CH3CH3 0.141E-020
PN 0.106E-015
CL 0.161E-003
C3H2 0.532E-006
C4P 0.768E-026
CH3C4H 0.380E-007
CH3C6H 0.290E-012
H2CS 0.800E-010
H2S2 0.191E-014
HC2P 0.627E-015
HCSI 0.689E-009
HCL 0.182E+002
HNSI 0.248E-011
HS2 0.191E-014
N2O 0.153E-015
PH2 0.117E-023
S2 0.259E-013
SIC2H2 0.124E-007
SIC3H 0.127E-015
SIC4 0.875E-008
SIH4 0.138E-019
SIH 0.156E-009
SINC 0.516E-014
SIO 0.281E+003
F 0.383E-004
HE 0.954E+007
HCNO 0.274E-020
HNCO 0.429E-012
HONC 0.109E-031
HNO 0.906E-008
HCOOH 0.413E-010
C11 0.208E-020
C2H5CN 0.100E-016
C3P 0.756E-017
CH2CHCCH 0.540E-011
CH2CHCHCH2 0.263E-012
CH2CHCN 0.583E-005
CH2NH 0.740E-008
CH2PH 0.102E-017
CH3C3N 0.147E-012
CH3C5N 0.902E-028
CH3C7N 0.103E-029
CNO 0.133E-037
H2CN 0.144E-006
H2O2 0.173E-023
HCS 0.681E-011
HF 0.954E+000
HNC3 0.331E-006
HOCN 0.428E-012
NH2CN 0.209E-010
O2H 0.102E-019
OCN 0.641E-004
SIO2 0.170E-004
HCO+ 0.275E-003
H+ 0.295E-005
HOC+ 0.313E-009
C+ 0.290E-004
C10H+ 0.424E-014
C2H4+ 0.385E-003
C2H5+ 0.957E-004
C2H5OH+ 0.686E-019
C2O+ 0.264E-018
C2S+ 0.365E-011
C3O+ 0.139E-024
C3S+ 0.285E-011
C4H3+ 0.736E-001
C4S+ 0.867E-014
C6H6+ 0.182E-013
CCP+ 0.628E-008
CCL+ 0.103E-006
CH2+ 0.120E-007
C3H4+ 0.227E-004
CH2CCH+ 0.508E-004
CH2CN+ 0.917E-008
CH2CO+ 0.267E-007
C3H6+ 0.169E-025
CH3CHO+ 0.616E-013
CH3COCH3+ 0.750E-028
CH3OCH3+ 0.118E-027
CH+ 0.146E-007
CP+ 0.150E-015
CLO+ 0.798E-033
FE+ 0.000E+000
H2CO+ 0.142E-008
H2S+ 0.596E-004
H2SIO+ 0.106E-018
C4H2+ 0.915E-003
COOCH4+ 0.231E-033
HCP+ 0.449E-012
HPO+ 0.219E-010
MG+ 0.000E+000
C2N+ 0.701E-008
CNC+ 0.317E-004
NH3+ 0.151E-004
NO+ 0.711E-007
NS+ 0.142E-008
NA+ 0.000E+000
OCS+ 0.491E-008
P+ 0.149E-009
PH+ 0.174E-014
PO+ 0.259E-011
SO+ 0.226E-008
SI+ 0.220E-003
SIC2+ 0.177E-007
SIC2H+ 0.888E-003
SIC3+ 0.861E-009
SIC+ 0.217E-005
SICH2+ 0.178E-005
SICH3+ 0.325E-009
SIH2+ 0.100E-008
SIH3+ 0.204E-014
SIN+ 0.208E-010
SIS+ 0.640E-005
C2+ 0.663E-009
S+ 0.123E-004
CN+ 0.230E-010
CO+ 0.375E-010
N2+ 0.859E-011
O2+ 0.756E-012
C2H+ 0.701E-009
C2H2+ 0.235E-002
C2H3+ 0.196E+000
C5H2+ 0.214E-004
C6H2+ 0.185E-008
C7H2+ 0.115E-009
C3H3+ 0.925E-004
CO2+ 0.717E-018
HC3N+ 0.792E-010
HCN+ 0.294E-010
C2N2+ 0.190E-015
C3+ 0.178E-013
C5+ 0.906E-017
CH3CH3+ 0.263E-018
PN+ 0.816E-025
H2O+ 0.110E-006
NH2+ 0.118E-010
O+ 0.100E-011
OH+ 0.539E-011
CH3+ 0.134E-003
CH4+ 0.804E-006
CH3OH+ 0.608E-014
N+ 0.335E-007
SO2+ 0.489E-035
CS+ 0.613E-006
CL+ 0.119E-007
C10+ 0.108E-021
C10H2+ 0.304E-014
C3H2+ 0.886E-004
C3H+ 0.101E-003
C4+ 0.195E-010
C4H+ 0.129E-009
C4P+ 0.503E-035
C5H+ 0.556E-009
C6+ 0.681E-015
C6H+ 0.114E-011
C7+ 0.826E-014
C7H+ 0.548E-013
C8+ 0.449E-019
C8H2+ 0.282E-011
C8H+ 0.139E-014
C9+ 0.177E-020
C9H2+ 0.985E-011
C9H+ 0.821E-017
CH3C4H+ 0.631E-005
C7H4+ 0.162E-007
CH3CN+ 0.971E-012
H2CS+ 0.111E-008
H2S2+ 0.394E-010
HC2P+ 0.175E-008
HC5N+ 0.237E-013
HC7N+ 0.520E-015
HC9N+ 0.358E-016
HCSI+ 0.343E-008
HCL+ 0.278E-003
HNSI+ 0.282E-015
HS2+ 0.548E-010
HS+ 0.187E-006
N2O+ 0.164E-020
NH+ 0.901E-014
PH2+ 0.111E-014
S2+ 0.188E-009
SIC2H2+ 0.136E-005
SIC3H+ 0.977E-009
SIC4+ 0.527E-008
SIH4+ 0.148E-031
SIH+ 0.147E-006
SINC+ 0.210E-005
SIO+ 0.376E-005
H2+ 0.570E-008
F+ 0.719E-013
HE+ 0.671E-006
C3N+ 0.111E-012
HCNO+ 0.510E-034
HNCO+ 0.419E-012
HONC+ 0.497E-045
HNO+ 0.195E-010
HCOOH+ 0.285E-014
NO2+ 0.234E-020
CH2CHCNH+ 0.951E-009
HCS+ 0.561E-002
C10H3+ 0.314E-021
C11+ 0.587E-018
C2H5CNH+ 0.138E-014
C2H5OH2+ 0.332E-013
C2H7+ 0.513E-029
C2NH+ 0.158E-005
C3H2O+ 0.178E-011
C3H5+ 0.162E-002
C3H7+ 0.975E-023
C4H4+ 0.532E-013
C4H5+ 0.406E-004
C4H7+ 0.224E-007
C4N+ 0.395E-016
C5H3+ 0.649E-004
C5H5+ 0.125E-002
C5N+ 0.357E-014
C6H3+ 0.283E-005
C6H4+ 0.550E-006
C6H5+ 0.484E-002
C6H7+ 0.165E-003
C7H3+ 0.676E-008
C7H5+ 0.159E-007
C7N+ 0.209E-018
C8H3+ 0.124E-009
C8H4+ 0.220E-010
C8H5+ 0.317E-018
C9H3+ 0.240E-010
C9H4+ 0.872E-012
C9H5+ 0.391E-019
C9N+ 0.265E-022
CF+ 0.352E-007
CH2CHCN+ 0.102E-009
CH2NH2+ 0.425E-010
CH3C3N+ 0.102E-012
CH3C3NH+ 0.982E-009
CH3C5NH+ 0.687E-025
CH3C7NH+ 0.773E-027
CH3CHOH+ 0.164E-007
CH3CNH+ 0.118E-003
CH3CO+ 0.130E-007
CH3COCH4+ 0.485E-020
CH3CS+ 0.226E-008
CH3OCH4+ 0.419E-021
CH3OH2+ 0.274E-008
CH4N+ 0.682E-007
CH5+ 0.390E-004
H2C4N+ 0.102E-012
H2C7N+ 0.268E-013
H2C9N+ 0.875E-016
H2CCL+ 0.822E-009
H2CNO+ 0.465E-009
H2CL+ 0.282E-006
H2F+ 0.202E-006
H2NC+ 0.403E-007
H2NCO+ 0.770E-028
H2NO+ 0.262E-016
H2OCN+ 0.467E-009
H2PO+ 0.370E-015
H3+ 0.236E-004
H3C3O+ 0.103E-008
H3C5N+ 0.261E-008
H3C7N+ 0.463E-013
H3C9N+ 0.182E-017
H3CO+ 0.271E-009
H3CS+ 0.194E-006
H3O+ 0.244E-002
H3S+ 0.467E-005
H3S2+ 0.642E-011
H3SIO+ 0.167E-023
H5C2O2+ 0.152E-019
HC2O+ 0.331E-005
HC2S+ 0.823E-005
HC3NH+ 0.137E-003
HC3O+ 0.217E-007
HC3S+ 0.183E-008
HC4N+ 0.102E-012
HC4S+ 0.631E-006
HC5NH+ 0.256E-009
HCNH+ 0.172E+000
HCNOH+ 0.770E-028
HCO2+ 0.476E-009
HCOOH2+ 0.272E-008
HF+ 0.210E-013
HN2O+ 0.324E-023
HNCOH+ 0.932E-009
HNS+ 0.579E-016
HOCN+ 0.135E-014
HOCS+ 0.356E-012
HPN+ 0.340E-022
HSO+ 0.700E-012
HSO2+ 0.844E-030
HSIO2+ 0.121E-011
HSIS+ 0.808E-004
HEH+ 0.840E-010
N2H+ 0.202E-005
NCCNCH3+ 0.100E-018
NCCNH+ 0.353E-011
NH2CNH+ 0.391E-017
NH4+ 0.646E-003
O2H+ 0.915E-019
OCN+ 0.563E-013
PC2H2+ 0.270E-011
PC2H3+ 0.637E-018
PC2H4+ 0.558E-016
PC3H+ 0.254E-015
PC4H+ 0.358E-014
PCH2+ 0.106E-005
PCH3+ 0.407E-016
PCH4+ 0.296E-014
PH3+ 0.798E-022
PNH2+ 0.295E-012
PNH3+ 0.430E-016
SIC2H3+ 0.331E-005
SIC3H2+ 0.673E-009
SIC4H+ 0.373E-004
SICH4+ 0.331E-009
SIF+ 0.108E-006
SIH5+ 0.624E-019
SINCH+ 0.153E-010
SINH2+ 0.430E-007
SIOH+ 0.233E-001
