C- 0.991E-010
E 0.135E+000
C2- 0.135E-013
C3- 0.195E-010
C4- 0.320E-010
C5- 0.201E-009
C6- 0.265E-010
C7- 0.151E-011
C8- 0.561E-012
C10- 0.529E-016
C2H- 0.150E-005
C3H- 0.198E-010
C3N- 0.775E-009
C4H- 0.969E-010
C5H- 0.338E-006
C6H- 0.113E-007
C7H- 0.634E-009
C8H- 0.119E-011
C9- 0.283E-012
C9H- 0.946E-011
CH- 0.180E-010
O- 0.600E-013
OH- 0.397E-008
S- 0.459E-011
CN- 0.102E-005
H- 0.154E-007
C10H- 0.205E-016
C5N- 0.107E-011
O2- 0.161E-024
C 0.992E+000
C2 0.248E-001
CH2 0.225E-001
C2H2 0.204E+003
CH 0.814E-004
C2H 0.434E-001
CO2 0.177E-004
CO 0.373E+004
H2O 0.119E+002
H2CO 0.292E-006
N 0.690E-001
CN 0.174E+000
NH 0.982E-004
HCN 0.191E+003
O2 0.127E-006
O 0.101E+001
OH 0.113E-001
HCO 0.627E-006
C4 0.485E-007
C3 0.192E-002
C5 0.285E-007
C6 0.519E-011
C7 0.227E-010
C8 0.113E-010
C9 0.233E-011
C10 0.704E-014
C3H 0.193E-002
C4H 0.250E-004
C4N 0.879E-012
C5H 0.223E-004
C6H 0.589E-006
C7H 0.975E-008
C8H 0.709E-010
C9H 0.181E-009
C10H 0.346E-013
CS 0.494E+002
CH3 0.414E-002
CH3CN 0.451E-004
CH3OH 0.856E-009
OCS 0.144E-004
CH4 0.163E+002
H 0.172E+001
H2 0.466E+007
NH2 0.339E-003
NH3 0.279E+000
C10H2 0.272E-015
H2CCC 0.527E-005
HC3N 0.208E-004
HC4H 0.774E-003
C5H2 0.106E-003
HC5N 0.117E-009
C6H2 0.169E-003
C7H2 0.873E-008
C8H2 0.614E-010
C9H2 0.187E-009
HS 0.593E-004
C2N 0.907E-009
C3N 0.105E-004
C5N 0.250E-010
C7N 0.441E-014
HC7N 0.104E-010
C9N 0.662E-016
HC9N 0.602E-016
NO 0.145E-007
NS 0.246E-010
NO2 0.309E-018
SO2 0.107E-016
C2O 0.230E-010
SO 0.444E-008
HNC 0.541E-003
C2H4 0.318E+000
C2H5 0.196E-012
C2H5OH 0.139E-013
C2S 0.619E-006
C3O 0.103E-008
C3S 0.120E-006
C4H3 0.360E-007
C4S 0.522E-010
C6H6 0.150E-003
CCP 0.403E-009
CCL 0.315E-009
CH2CCH2 0.213E-008
CH2CCH 0.604E-003
CH2CN 0.193E-010
CH2CO 0.285E-007
CH3CCH 0.390E-006
CH3CHCH2 0.116E-016
CH3CHO 0.848E-008
CH3COCH3 0.191E-018
CH3OCH3 0.492E-020
CP 0.700E-004
CLO 0.649E-026
FE 0.000E+000
H2S 0.186E-001
H2SIO 0.114E-022
HCOOCH3 0.446E-020
HCP 0.117E+000
HPO 0.169E-015
MG 0.000E+000
NCCN 0.132E-007
NA 0.000E+000
P 0.399E-007
PH 0.592E-008
PO 0.288E-010
SI 0.664E-001
SIC2 0.872E+002
SIC2H 0.139E-002
SIC3 0.304E-004
SIC 0.471E-003
SICH2 0.161E-010
SICH3 0.577E-013
SIH2 0.205E-013
SIH3 0.221E-017
SIN 0.360E-008
SIS 0.279E+002
S 0.243E-001
N2 0.187E+003
C2H3 0.624E-005
CH3CH3 0.736E-021
PN 0.724E-013
CL 0.152E-002
C3H2 0.800E-005
C4P 0.523E-019
CH3C4H 0.218E-004
CH3C6H 0.105E-008
H2CS 0.368E-007
H2S2 0.574E-011
HC2P 0.419E-012
HCSI 0.112E-005
HCL 0.151E+001
HNSI 0.347E-008
HS2 0.587E-011
N2O 0.103E-016
PH2 0.846E-020
S2 0.372E-010
SIC2H2 0.475E-005
SIC3H 0.192E-010
SIC4 0.304E-004
SIH4 0.619E-016
SIH 0.312E-008
SINC 0.100E-010
SIO 0.234E+002
F 0.452E-007
HE 0.793E+006
HCNO 0.146E-017
HNCO 0.264E-009
HONC 0.322E-025
HNO 0.757E-008
HCOOH 0.120E-008
C11 0.186E-017
C2H5CN 0.146E-013
C3P 0.542E-017
CH2CHCCH 0.156E-008
CH2CHCHCH2 0.105E-013
CH2CHCN 0.620E-005
CH2NH 0.329E-008
CH2PH 0.104E-014
CH3C3N 0.416E-010
CH3C5N 0.986E-020
CH3C7N 0.463E-021
CNO 0.126E-031
H2CN 0.862E-008
H2O2 0.744E-025
HCS 0.999E-010
HF 0.793E-001
HNC3 0.149E-006
HOCN 0.263E-009
NH2CN 0.103E-008
O2H 0.130E-018
OCN 0.232E-006
SIO2 0.357E-006
HCO+ 0.133E-003
H+ 0.577E-006
HOC+ 0.160E-008
C+ 0.139E-003
C10H+ 0.129E-012
C2H4+ 0.129E-003
C2H5+ 0.123E-004
C2H5OH+ 0.720E-017
C2O+ 0.400E-017
C2S+ 0.123E-010
C3O+ 0.102E-019
C3S+ 0.244E-009
C4H3+ 0.780E-002
C4S+ 0.220E-012
C6H6+ 0.563E-010
CCP+ 0.245E-007
CCL+ 0.494E-006
CH2+ 0.371E-008
C3H4+ 0.682E-005
CH2CCH+ 0.210E-005
CH2CN+ 0.579E-008
CH2CO+ 0.705E-008
C3H6+ 0.102E-024
CH3CHO+ 0.708E-011
CH3COCH3+ 0.418E-022
CH3OCH3+ 0.233E-023
CH+ 0.933E-009
CP+ 0.209E-014
CLO+ 0.179E-032
FE+ 0.000E+000
H2CO+ 0.217E-009
H2S+ 0.159E-004
H2SIO+ 0.506E-016
C4H2+ 0.240E-003
COOCH4+ 0.388E-026
HCP+ 0.177E-011
HPO+ 0.493E-010
MG+ 0.000E+000
C2N+ 0.624E-008
CNC+ 0.834E-004
NH3+ 0.267E-004
NO+ 0.172E-007
NS+ 0.314E-009
NA+ 0.000E+000
OCS+ 0.154E-007
P+ 0.160E-009
PH+ 0.716E-014
PO+ 0.860E-011
SO+ 0.172E-008
SI+ 0.174E-003
SIC2+ 0.193E-007
SIC2H+ 0.602E-003
SIC3+ 0.541E-008
SIC+ 0.287E-005
SICH2+ 0.152E-004
SICH3+ 0.253E-009
SIH2+ 0.439E-008
SIH3+ 0.441E-012
SIN+ 0.151E-010
SIS+ 0.253E-004
C2+ 0.201E-008
S+ 0.137E-004
CN+ 0.304E-010
CO+ 0.372E-010
N2+ 0.832E-011
O2+ 0.379E-011
C2H+ 0.213E-008
C2H2+ 0.235E-002
C2H3+ 0.850E-001
C5H2+ 0.294E-005
C6H2+ 0.436E-007
C7H2+ 0.157E-008
C3H3+ 0.124E-004
CO2+ 0.412E-018
HC3N+ 0.874E-008
HCN+ 0.299E-009
C2N2+ 0.373E-015
C3+ 0.540E-011
C5+ 0.978E-015
CH3CH3+ 0.366E-019
PN+ 0.162E-020
H2O+ 0.108E-006
NH2+ 0.514E-010
O+ 0.133E-011
OH+ 0.648E-011
CH3+ 0.142E-004
CH4+ 0.714E-006
CH3OH+ 0.271E-012
N+ 0.323E-007
SO2+ 0.100E-028
CS+ 0.612E-006
CL+ 0.160E-010
C10+ 0.273E-017
C10H2+ 0.124E-012
C3H2+ 0.318E-004
C3H+ 0.520E-004
C4+ 0.226E-010
C4H+ 0.102E-009
C4P+ 0.673E-027
C5H+ 0.746E-008
C6+ 0.113E-012
C6H+ 0.127E-010
C7+ 0.885E-011
C7H+ 0.120E-009
C8+ 0.424E-014
C8H2+ 0.204E-009
C8H+ 0.140E-011
C9+ 0.492E-015
C9H2+ 0.521E-010
C9H+ 0.803E-013
CH3C4H+ 0.449E-006
C7H4+ 0.744E-008
CH3CN+ 0.314E-011
H2CS+ 0.147E-009
H2S2+ 0.871E-011
HC2P+ 0.449E-008
HC5N+ 0.127E-013
HC7N+ 0.863E-014
HC9N+ 0.198E-015
HCSI+ 0.169E-008
HCL+ 0.111E-007
HNSI+ 0.356E-014
HS2+ 0.363E-010
HS+ 0.530E-008
N2O+ 0.322E-021
NH+ 0.223E-013
PH2+ 0.639E-014
S2+ 0.347E-009
SIC2H2+ 0.446E-006
SIC3H+ 0.282E-009
SIC4+ 0.117E-008
SIH4+ 0.207E-025
SIH+ 0.336E-007
SINC+ 0.396E-006
SIO+ 0.375E-005
H2+ 0.570E-008
F+ 0.951E-013
HE+ 0.650E-006
C3N+ 0.250E-012
HCNO+ 0.432E-030
HNCO+ 0.198E-012
HONC+ 0.234E-037
HNO+ 0.107E-009
HCOOH+ 0.330E-012
NO2+ 0.154E-018
CH2CHCNH+ 0.526E-009
HCS+ 0.168E-002
C10H3+ 0.141E-015
C11+ 0.298E-016
C2H5CNH+ 0.580E-013
C2H5OH2+ 0.758E-013
C2H7+ 0.387E-028
C2NH+ 0.516E-006
C3H2O+ 0.114E-010
C3H5+ 0.189E-003
C3H7+ 0.414E-023
C4H4+ 0.287E-011
C4H5+ 0.372E-005
C4H7+ 0.191E-008
C4N+ 0.388E-013
C5H3+ 0.905E-004
C5H5+ 0.121E-003
C5N+ 0.389E-013
C6H3+ 0.332E-006
C6H4+ 0.497E-006
C6H5+ 0.125E-003
C6H7+ 0.350E-003
C7H3+ 0.246E-007
C7H5+ 0.662E-008
C7N+ 0.659E-015
C8H3+ 0.232E-008
C8H4+ 0.204E-008
C8H5+ 0.177E-014
C9H3+ 0.700E-009
C9H4+ 0.372E-009
C9H5+ 0.196E-014
C9N+ 0.411E-018
CF+ 0.191E-006
CH2CHCN+ 0.192E-009
CH2NH2+ 0.584E-009
CH3C3N+ 0.884E-013
CH3C3NH+ 0.297E-009
CH3C5NH+ 0.279E-019
CH3C7NH+ 0.196E-020
CH3CHOH+ 0.266E-007
CH3CNH+ 0.868E-004
CH3CO+ 0.133E-007
CH3COCH4+ 0.265E-017
CH3CS+ 0.321E-008
CH3OCH4+ 0.596E-019
CH3OH2+ 0.890E-009
CH4N+ 0.272E-007
CH5+ 0.381E-004
H2C4N+ 0.885E-013
H2C7N+ 0.134E-012
H2C9N+ 0.366E-014
H2CCL+ 0.151E-008
H2CNO+ 0.126E-008
H2CL+ 0.221E-004
H2F+ 0.408E-006
H2NC+ 0.146E-006
H2NCO+ 0.153E-023
H2NO+ 0.632E-016
H2OCN+ 0.127E-008
H2PO+ 0.238E-014
H3+ 0.190E-004
H3C3O+ 0.646E-008
H3C5N+ 0.419E-009
H3C7N+ 0.424E-013
H3C9N+ 0.105E-014
H3CO+ 0.105E-009
H3CS+ 0.232E-006
H3O+ 0.632E-003
H3S+ 0.749E-006
H3S2+ 0.703E-010
H3SIO+ 0.243E-020
H5C2O2+ 0.687E-019
HC2O+ 0.294E-005
HC2S+ 0.907E-005
HC3NH+ 0.487E-004
HC3O+ 0.519E-008
HC3S+ 0.406E-009
HC4N+ 0.883E-013
HC4S+ 0.581E-007
HC5NH+ 0.359E-009
HCNH+ 0.279E-001
HCNOH+ 0.153E-023
HCO2+ 0.224E-009
HCOOH2+ 0.856E-008
HF+ 0.278E-013
HN2O+ 0.332E-024
HNCOH+ 0.252E-008
HNS+ 0.993E-015
HOCN+ 0.136E-014
HOCS+ 0.179E-010
HPN+ 0.162E-018
HSO+ 0.612E-012
HSO2+ 0.170E-023
HSIO2+ 0.533E-012
HSIS+ 0.411E-004
HEH+ 0.840E-010
N2H+ 0.149E-005
NCCNCH3+ 0.392E-018
NCCNH+ 0.489E-011
NH2CNH+ 0.194E-014
NH4+ 0.399E-003
O2H+ 0.265E-015
OCN+ 0.365E-013
PC2H2+ 0.703E-011
PC2H3+ 0.544E-017
PC2H4+ 0.285E-015
PC3H+ 0.244E-015
PC4H+ 0.274E-014
PCH2+ 0.909E-006
PCH3+ 0.286E-015
PCH4+ 0.133E-013
PH3+ 0.102E-018
PNH2+ 0.798E-012
PNH3+ 0.244E-015
SIC2H3+ 0.565E-004
SIC3H2+ 0.414E-009
SIC4H+ 0.338E-003
SICH4+ 0.255E-009
SIF+ 0.140E-006
SIH5+ 0.419E-016
SINCH+ 0.141E-009
SINH2+ 0.531E-007
SIOH+ 0.626E-002
