C- 0.889E-010
E 0.124E+000
C2- 0.182E-013
C3- 0.196E-010
C4- 0.346E-010
C5- 0.228E-009
C6- 0.309E-010
C7- 0.190E-011
C8- 0.668E-012
C10- 0.700E-016
C2H- 0.144E-005
C3H- 0.200E-010
C3N- 0.987E-009
C4H- 0.106E-009
C5H- 0.376E-006
C6H- 0.121E-007
C7H- 0.721E-009
C8H- 0.146E-011
C9- 0.349E-012
C9H- 0.117E-010
CH- 0.210E-010
O- 0.581E-013
OH- 0.399E-008
S- 0.417E-011
CN- 0.957E-006
H- 0.154E-007
C10H- 0.274E-016
C5N- 0.120E-011
O2- 0.132E-024
C 0.910E+000
C2 0.227E-001
CH2 0.206E-001
C2H2 0.178E+003
CH 0.936E-004
C2H 0.479E-001
CO2 0.158E-004
CO 0.325E+004
H2O 0.104E+002
H2CO 0.256E-006
N 0.633E-001
CN 0.181E+000
NH 0.901E-004
HCN 0.166E+003
O2 0.108E-006
O 0.926E+000
OH 0.973E-002
HCO 0.542E-006
C4 0.655E-007
C3 0.180E-002
C5 0.303E-007
C6 0.542E-009
C7 0.258E-010
C8 0.125E-010
C9 0.268E-011
C10 0.724E-014
C3H 0.180E-002
C4H 0.316E-004
C4N 0.115E-011
C5H 0.228E-004
C6H 0.593E-006
C7H 0.102E-007
C8H 0.810E-010
C9H 0.205E-009
C10H 0.378E-013
CS 0.430E+002
CH3 0.379E-002
CH3CN 0.428E-004
CH3OH 0.797E-009
OCS 0.140E-004
CH4 0.142E+002
H 0.155E+001
H2 0.406E+007
NH2 0.312E-003
NH3 0.243E+000
C10H2 0.359E-015
H2CCC 0.561E-005
HC3N 0.261E-004
HC4H 0.775E-003
C5H2 0.104E-003
HC5N 0.145E-009
C6H2 0.169E-003
C7H2 0.913E-008
C8H2 0.713E-010
C9H2 0.214E-009
HS 0.540E-004
C2N 0.969E-009
C3N 0.152E-004
C5N 0.256E-010
C7N 0.491E-014
HC7N 0.158E-010
C9N 0.809E-016
HC9N 0.751E-016
NO 0.123E-007
NS 0.244E-010
NO2 0.505E-018
SO2 0.132E-016
C2O 0.268E-010
SO 0.398E-008
HNC 0.536E-003
C2H4 0.277E+000
C2H5 0.202E-012
C2H5OH 0.138E-013
C2S 0.635E-006
C3O 0.110E-008
C3S 0.153E-006
C4H3 0.514E-007
C4S 0.612E-010
C6H6 0.147E-003
CCP 0.410E-009
CCL 0.310E-009
CH2CCH2 0.228E-008
CH2CCH 0.553E-003
CH2CN 0.191E-010
CH2CO 0.239E-007
CH3CCH 0.396E-006
CH3CHCH2 0.110E-016
CH3CHO 0.835E-008
CH3COCH3 0.202E-018
CH3OCH3 0.490E-020
CP 0.644E-004
CLO 0.559E-026
FE 0.000E+000
H2S 0.162E-001
H2SIO 0.157E-022
HCOOCH3 0.479E-020
HCP 0.102E+000
HPO 0.179E-015
MG 0.000E+000
NCCN 0.137E-007
NA 0.000E+000
P 0.389E-007
PH 0.565E-008
PO 0.278E-010
SI 0.610E-001
SIC2 0.760E+002
SIC2H 0.124E-002
SIC3 0.309E-004
SIC 0.472E-003
SICH2 0.202E-010
SICH3 0.616E-013
SIH2 0.245E-013
SIH3 0.255E-017
SIN 0.375E-008
SIS 0.243E+002
S 0.222E-001
N2 0.162E+003
C2H3 0.558E-005
CH3CH3 0.824E-021
PN 0.739E-013
CL 0.159E-002
C3H2 0.840E-005
C4P 0.661E-019
CH3C4H 0.213E-004
CH3C6H 0.110E-008
H2CS 0.375E-007
H2S2 0.594E-011
HC2P 0.427E-012
HCSI 0.118E-005
HCL 0.132E+001
HNSI 0.361E-008
HS2 0.610E-011
N2O 0.872E-017
PH2 0.105E-019
S2 0.389E-010
SIC2H2 0.494E-005
SIC3H 0.212E-010
SIC4 0.309E-004
SIH4 0.660E-016
SIH 0.301E-008
SINC 0.106E-010
SIO 0.204E+002
F 0.465E-007
HE 0.691E+006
HCNO 0.170E-017
HNCO 0.269E-009
HONC 0.439E-025
HNO 0.679E-008
HCOOH 0.119E-008
C11 0.199E-017
C2H5CN 0.150E-013
C3P 0.500E-017
CH2CHCCH 0.162E-008
CH2CHCHCH2 0.913E-014
CH2CHCN 0.555E-005
CH2NH 0.350E-008
CH2PH 0.109E-014
CH3C3N 0.398E-010
CH3C5N 0.116E-019
CH3C7N 0.636E-021
CNO 0.179E-031
H2CN 0.755E-008
H2O2 0.648E-025
HCS 0.119E-009
HF 0.691E-001
HNC3 0.138E-006
HOCN 0.268E-009
NH2CN 0.133E-008
O2H 0.102E-018
OCN 0.168E-006
SIO2 0.301E-006
HCO+ 0.125E-003
H+ 0.574E-006
HOC+ 0.161E-008
C+ 0.138E-003
C10H+ 0.127E-012
C2H4+ 0.119E-003
C2H5+ 0.106E-004
C2H5OH+ 0.755E-017
C2O+ 0.498E-017
C2S+ 0.130E-010
C3O+ 0.125E-019
C3S+ 0.247E-009
C4H3+ 0.668E-002
C4S+ 0.304E-012
C6H6+ 0.615E-010
CCP+ 0.234E-007
CCL+ 0.479E-006
CH2+ 0.369E-008
C3H4+ 0.627E-005
CH2CCH+ 0.185E-005
CH2CN+ 0.520E-008
CH2CO+ 0.663E-008
C3H6+ 0.102E-024
CH3CHO+ 0.736E-011
CH3COCH3+ 0.466E-022
CH3OCH3+ 0.247E-023
CH+ 0.690E-009
CP+ 0.219E-014
CLO+ 0.176E-032
FE+ 0.000E+000
H2CO+ 0.197E-009
H2S+ 0.146E-004
H2SIO+ 0.608E-016
C4H2+ 0.220E-003
COOCH4+ 0.472E-026
HCP+ 0.175E-011
HPO+ 0.472E-010
MG+ 0.000E+000
C2N+ 0.606E-008
CNC+ 0.803E-004
NH3+ 0.270E-004
NO+ 0.155E-007
NS+ 0.278E-009
NA+ 0.000E+000
OCS+ 0.153E-007
P+ 0.160E-009
PH+ 0.684E-014
PO+ 0.825E-011
SO+ 0.153E-008
SI+ 0.168E-003
SIC2+ 0.191E-007
SIC2H+ 0.572E-003
SIC3+ 0.541E-008
SIC+ 0.263E-005
SICH2+ 0.148E-004
SICH3+ 0.240E-009
SIH2+ 0.416E-008
SIH3+ 0.545E-012
SIN+ 0.137E-010
SIS+ 0.245E-004
C2+ 0.212E-008
S+ 0.134E-004
CN+ 0.309E-010
CO+ 0.371E-010
N2+ 0.830E-011
O2+ 0.359E-011
C2H+ 0.226E-008
C2H2+ 0.235E-002
C2H3+ 0.794E-001
C5H2+ 0.247E-005
C6H2+ 0.462E-007
C7H2+ 0.157E-008
C3H3+ 0.111E-004
CO2+ 0.420E-018
HC3N+ 0.106E-007
HCN+ 0.299E-009
C2N2+ 0.390E-015
C3+ 0.676E-011
C5+ 0.142E-014
CH3CH3+ 0.405E-019
PN+ 0.184E-020
H2O+ 0.108E-006
NH2+ 0.544E-010
O+ 0.136E-011
OH+ 0.649E-011
CH3+ 0.132E-004
CH4+ 0.708E-006
CH3OH+ 0.266E-012
N+ 0.321E-007
SO2+ 0.144E-028
CS+ 0.612E-006
CL+ 0.190E-010
C10+ 0.357E-017
C10H2+ 0.122E-012
C3H2+ 0.286E-004
C3H+ 0.471E-004
C4+ 0.215E-010
C4H+ 0.962E-010
C4P+ 0.945E-027
C5H+ 0.746E-008
C6+ 0.128E-012
C6H+ 0.166E-010
C7+ 0.935E-011
C7H+ 0.131E-009
C8+ 0.482E-014
C8H2+ 0.218E-009
C8H+ 0.148E-011
C9+ 0.597E-015
C9H2+ 0.497E-010
C9H+ 0.927E-013
CH3C4H+ 0.379E-006
C7H4+ 0.702E-008
CH3CN+ 0.330E-011
H2CS+ 0.120E-009
H2S2+ 0.812E-011
HC2P+ 0.423E-008
HC5N+ 0.115E-013
HC7N+ 0.978E-014
HC9N+ 0.187E-015
HCSI+ 0.159E-008
HCL+ 0.111E-007
HNSI+ 0.352E-014
HS2+ 0.346E-010
HS+ 0.477E-008
N2O+ 0.289E-021
NH+ 0.234E-013
PH2+ 0.677E-014
S2+ 0.334E-009
SIC2H2+ 0.401E-006
SIC3H+ 0.277E-009
SIC4+ 0.104E-008
SIH4+ 0.264E-025
SIH+ 0.297E-007
SINC+ 0.351E-006
SIO+ 0.375E-005
H2+ 0.570E-008
F+ 0.965E-013
HE+ 0.649E-006
C3N+ 0.252E-012
HCNO+ 0.587E-030
HNCO+ 0.188E-012
HONC+ 0.373E-037
HNO+ 0.104E-009
HCOOH+ 0.343E-012
NO2+ 0.158E-018
CH2CHCNH+ 0.460E-009
HCS+ 0.155E-002
C10H3+ 0.172E-015
C11+ 0.289E-016
C2H5CNH+ 0.541E-013
C2H5OH2+ 0.746E-013
C2H7+ 0.454E-028
C2NH+ 0.463E-006
C3H2O+ 0.118E-010
C3H5+ 0.163E-003
C3H7+ 0.375E-023
C4H4+ 0.309E-011
C4H5+ 0.319E-005
C4H7+ 0.162E-008
C4N+ 0.547E-013
C5H3+ 0.847E-004
C5H5+ 0.104E-003
C5N+ 0.375E-013
C6H3+ 0.301E-006
C6H4+ 0.462E-006
C6H5+ 0.982E-004
C6H7+ 0.316E-003
C7H3+ 0.230E-007
C7H5+ 0.625E-008
C7N+ 0.697E-015
C8H3+ 0.234E-008
C8H4+ 0.203E-008
C8H5+ 0.212E-014
C9H3+ 0.689E-009
C9H4+ 0.363E-009
C9H5+ 0.232E-014
C9N+ 0.461E-018
CF+ 0.187E-006
CH2CHCN+ 0.188E-009
CH2NH2+ 0.539E-009
CH3C3N+ 0.857E-013
CH3C3NH+ 0.262E-009
CH3C5NH+ 0.322E-019
CH3C7NH+ 0.272E-020
CH3CHOH+ 0.251E-007
CH3CNH+ 0.733E-004
CH3CO+ 0.115E-007
CH3COCH4+ 0.256E-017
CH3CS+ 0.304E-008
CH3OCH4+ 0.533E-019
CH3OH2+ 0.732E-009
CH4N+ 0.236E-007
CH5+ 0.379E-004
H2C4N+ 0.858E-013
H2C7N+ 0.125E-012
H2C9N+ 0.361E-014
H2CCL+ 0.135E-008
H2CNO+ 0.119E-008
H2CL+ 0.218E-004
H2F+ 0.385E-006
H2NC+ 0.142E-006
H2NCO+ 0.196E-023
H2NO+ 0.615E-016
H2OCN+ 0.120E-008
H2PO+ 0.237E-014
H3+ 0.186E-004
H3C3O+ 0.647E-008
H3C5N+ 0.357E-009
H3C7N+ 0.392E-013
H3C9N+ 0.102E-014
H3CO+ 0.995E-010
H3CS+ 0.218E-006
H3O+ 0.571E-003
H3S+ 0.660E-006
H3S2+ 0.676E-010
H3SIO+ 0.270E-020
H5C2O2+ 0.661E-019
HC2O+ 0.265E-005
HC2S+ 0.853E-005
HC3NH+ 0.454E-004
HC3O+ 0.452E-008
HC3S+ 0.277E-009
HC4N+ 0.856E-013
HC4S+ 0.485E-007
HC5NH+ 0.326E-009
HCNH+ 0.246E-001
HCNOH+ 0.196E-023
HCO2+ 0.204E-009
HCOOH2+ 0.820E-008
HF+ 0.282E-013
HN2O+ 0.290E-024
HNCOH+ 0.238E-008
HNS+ 0.110E-014
HOCN+ 0.136E-014
HOCS+ 0.190E-010
HPN+ 0.180E-018
HSO+ 0.592E-012
HSO2+ 0.234E-023
HSIO2+ 0.556E-012
HSIS+ 0.398E-004
HEH+ 0.840E-010
N2H+ 0.143E-005
NCCNCH3+ 0.393E-018
NCCNH+ 0.495E-011
NH2CNH+ 0.246E-014
NH4+ 0.362E-003
O2H+ 0.241E-015
OCN+ 0.353E-013
PC2H2+ 0.664E-011
PC2H3+ 0.595E-017
PC2H4+ 0.279E-015
PC3H+ 0.225E-015
PC4H+ 0.258E-014
PCH2+ 0.846E-006
PCH3+ 0.308E-015
PCH4+ 0.129E-013
PH3+ 0.125E-018
PNH2+ 0.755E-012
PNH3+ 0.241E-015
SIC2H3+ 0.539E-004
SIC3H2+ 0.414E-009
SIC4H+ 0.314E-003
SICH4+ 0.243E-009
SIF+ 0.134E-006
SIH5+ 0.477E-016
SINCH+ 0.141E-009
SINH2+ 0.508E-007
SIOH+ 0.576E-002
