C- 0.899E-010
E 0.119E+000
C2- 0.267E-013
C3- 0.197E-010
C4- 0.372E-010
C5- 0.256E-009
C6- 0.357E-010
C7- 0.235E-011
C8- 0.785E-012
C10- 0.908E-016
C2H- 0.138E-005
C3H- 0.200E-010
C3N- 0.133E-008
C4H- 0.123E-009
C5H- 0.413E-006
C6H- 0.128E-007
C7H- 0.809E-009
C8H- 0.177E-011
C9- 0.424E-012
C9H- 0.142E-010
CH- 0.241E-010
O- 0.612E-013
OH- 0.401E-008
S- 0.424E-011
CN- 0.899E-006
H- 0.153E-007
C10H- 0.358E-016
C5N- 0.133E-011
O2- 0.141E-024
C 0.872E+000
C2 0.218E-001
CH2 0.197E-001
C2H2 0.155E+003
CH 0.109E-003
C2H 0.528E-001
CO2 0.149E-004
CO 0.283E+004
H2O 0.902E+001
H2CO 0.251E-006
N 0.607E-001
CN 0.190E+000
NH 0.865E-004
HCN 0.144E+003
O2 0.107E-006
O 0.888E+000
OH 0.896E-002
HCO 0.494E-006
C4 0.973E-007
C3 0.168E-002
C5 0.325E-007
C6 0.587E-009
C7 0.297E-010
C8 0.136E-010
C9 0.309E-011
C10 0.861E-014
C3H 0.168E-002
C4H 0.431E-004
C4N 0.160E-011
C5H 0.232E-004
C6H 0.608E-006
C7H 0.107E-007
C8H 0.926E-010
C9H 0.230E-009
C10H 0.450E-013
CS 0.375E+002
CH3 0.363E-002
CH3CN 0.406E-004
CH3OH 0.739E-009
OCS 0.136E-004
CH4 0.124E+002
H 0.146E+001
H2 0.354E+007
NH2 0.301E-003
NH3 0.212E+000
C10H2 0.502E-015
H2CCC 0.627E-005
HC3N 0.349E-004
HC4H 0.812E-003
C5H2 0.102E-003
HC5N 0.191E-009
C6H2 0.171E-003
C7H2 0.947E-008
C8H2 0.834E-010
C9H2 0.241E-009
HS 0.504E-004
C2N 0.104E-008
C3N 0.227E-004
C5N 0.261E-010
C7N 0.542E-014
HC7N 0.257E-010
C9N 0.977E-016
HC9N 0.942E-016
NO 0.121E-007
NS 0.243E-010
NO2 0.802E-018
SO2 0.162E-016
C2O 0.309E-010
SO 0.395E-008
HNC 0.529E-003
C2H4 0.241E+000
C2H5 0.208E-012
C2H5OH 0.138E-013
C2S 0.647E-006
C3O 0.116E-008
C3S 0.209E-006
C4H3 0.758E-007
C4S 0.712E-010
C6H6 0.144E-003
CCP 0.415E-009
CCL 0.302E-009
CH2CCH2 0.256E-008
CH2CCH 0.540E-003
CH2CN 0.199E-010
CH2CO 0.213E-007
CH3CCH 0.402E-006
CH3CHCH2 0.109E-016
CH3CHO 0.824E-008
CH3COCH3 0.211E-018
CH3OCH3 0.487E-020
CP 0.619E-004
CLO 0.485E-026
FE 0.000E+000
H2S 0.141E-001
H2SIO 0.216E-022
HCOOCH3 0.506E-020
HCP 0.884E-001
HPO 0.189E-015
MG 0.000E+000
NCCN 0.151E-007
NA 0.000E+000
P 0.413E-007
PH 0.538E-008
PO 0.267E-010
SI 0.585E-001
SIC2 0.662E+002
SIC2H 0.120E-002
SIC3 0.311E-004
SIC 0.472E-003
SICH2 0.274E-010
SICH3 0.655E-013
SIH2 0.302E-013
SIH3 0.296E-017
SIN 0.389E-008
SIS 0.212E+002
S 0.212E-001
N2 0.142E+003
C2H3 0.532E-005
CH3CH3 0.918E-021
PN 0.750E-013
CL 0.167E-002
C3H2 0.916E-005
C4P 0.830E-019
CH3C4H 0.206E-004
CH3C6H 0.113E-008
H2CS 0.380E-007
H2S2 0.611E-011
HC2P 0.432E-012
HCSI 0.124E-005
HCL 0.115E+001
HNSI 0.373E-008
HS2 0.629E-011
N2O 0.936E-017
PH2 0.130E-019
S2 0.405E-010
SIC2H2 0.511E-005
SIC3H 0.232E-010
SIC4 0.311E-004
SIH4 0.708E-016
SIH 0.311E-008
SINC 0.113E-010
SIO 0.177E+002
F 0.479E-007
HE 0.602E+006
HCNO 0.199E-017
HNCO 0.272E-009
HONC 0.592E-025
HNO 0.694E-008
HCOOH 0.117E-008
C11 0.250E-017
C2H5CN 0.154E-013
C3P 0.588E-017
CH2CHCCH 0.176E-008
CH2CHCHCH2 0.808E-014
CH2CHCN 0.527E-005
CH2NH 0.390E-008
CH2PH 0.112E-014
CH3C3N 0.379E-010
CH3C5N 0.137E-019
CH3C7N 0.895E-021
CNO 0.254E-031
H2CN 0.756E-008
H2O2 0.564E-025
HCS 0.143E-009
HF 0.602E-001
HNC3 0.143E-006
HOCN 0.272E-009
NH2CN 0.184E-008
O2H 0.101E-018
OCN 0.130E-006
SIO2 0.275E-006
HCO+ 0.120E-003
H+ 0.570E-006
HOC+ 0.174E-008
C+ 0.146E-003
C10H+ 0.140E-012
C2H4+ 0.115E-003
C2H5+ 0.979E-005
C2H5OH+ 0.828E-017
C2O+ 0.637E-017
C2S+ 0.143E-010
C3O+ 0.164E-019
C3S+ 0.250E-009
C4H3+ 0.617E-002
C4S+ 0.468E-012
C6H6+ 0.682E-010
CCP+ 0.226E-007
CCL+ 0.470E-006
CH2+ 0.390E-008
C3H4+ 0.601E-005
CH2CCH+ 0.179E-005
CH2CN+ 0.484E-008
CH2CO+ 0.691E-008
C3H6+ 0.120E-024
CH3CHO+ 0.795E-011
CH3COCH3+ 0.537E-022
CH3OCH3+ 0.270E-023
CH+ 0.549E-009
CP+ 0.257E-014
CLO+ 0.176E-032
FE+ 0.000E+000
H2CO+ 0.213E-009
H2S+ 0.139E-004
H2SIO+ 0.837E-016
C4H2+ 0.210E-003
COOCH4+ 0.564E-026
HCP+ 0.186E-011
HPO+ 0.452E-010
MG+ 0.000E+000
C2N+ 0.641E-008
CNC+ 0.799E-004
NH3+ 0.274E-004
NO+ 0.146E-007
NS+ 0.281E-009
NA+ 0.000E+000
OCS+ 0.162E-007
P+ 0.164E-009
PH+ 0.721E-014
PO+ 0.790E-011
SO+ 0.155E-008
SI+ 0.176E-003
SIC2+ 0.209E-007
SIC2H+ 0.548E-003
SIC3+ 0.549E-008
SIC+ 0.272E-005
SICH2+ 0.143E-004
SICH3+ 0.252E-009
SIH2+ 0.394E-008
SIH3+ 0.710E-012
SIN+ 0.148E-010
SIS+ 0.240E-004
C2+ 0.233E-008
S+ 0.141E-004
CN+ 0.314E-010
CO+ 0.371E-010
N2+ 0.829E-011
O2+ 0.385E-011
C2H+ 0.250E-008
C2H2+ 0.235E-002
C2H3+ 0.765E-001
C5H2+ 0.240E-005
C6H2+ 0.519E-007
C7H2+ 0.169E-008
C3H3+ 0.105E-004
CO2+ 0.455E-018
HC3N+ 0.129E-007
HCN+ 0.300E-009
C2N2+ 0.411E-015
C3+ 0.910E-011
C5+ 0.238E-014
CH3CH3+ 0.460E-019
PN+ 0.208E-020
H2O+ 0.108E-006
NH2+ 0.601E-010
O+ 0.138E-011
OH+ 0.676E-011
CH3+ 0.135E-004
CH4+ 0.703E-006
CH3OH+ 0.270E-012
N+ 0.320E-007
SO2+ 0.206E-028
CS+ 0.612E-006
CL+ 0.228E-010
C10+ 0.497E-017
C10H2+ 0.136E-012
C3H2+ 0.290E-004
C3H+ 0.478E-004
C4+ 0.239E-010
C4H+ 0.106E-009
C4P+ 0.131E-026
C5H+ 0.776E-008
C6+ 0.154E-012
C6H+ 0.241E-010
C7+ 0.112E-010
C7H+ 0.148E-009
C8+ 0.584E-014
C8H2+ 0.245E-009
C8H+ 0.168E-011
C9+ 0.755E-015
C9H2+ 0.523E-010
C9H+ 0.111E-012
CH3C4H+ 0.349E-006
C7H4+ 0.706E-008
CH3CN+ 0.357E-011
H2CS+ 0.118E-009
H2S2+ 0.836E-011
HC2P+ 0.397E-008
HC5N+ 0.126E-013
HC7N+ 0.134E-013
HC9N+ 0.210E-015
HCSI+ 0.174E-008
HCL+ 0.111E-007
HNSI+ 0.365E-014
HS2+ 0.346E-010
HS+ 0.484E-008
N2O+ 0.344E-021
NH+ 0.255E-013
PH2+ 0.710E-014
S2+ 0.326E-009
SIC2H2+ 0.407E-006
SIC3H+ 0.301E-009
SIC4+ 0.105E-008
SIH4+ 0.344E-025
SIH+ 0.300E-007
SINC+ 0.350E-006
SIO+ 0.375E-005
H2+ 0.570E-008
F+ 0.980E-013
HE+ 0.648E-006
C3N+ 0.282E-012
HCNO+ 0.804E-030
HNCO+ 0.186E-012
HONC+ 0.586E-037
HNO+ 0.111E-009
HCOOH+ 0.373E-012
NO2+ 0.185E-018
CH2CHCNH+ 0.462E-009
HCS+ 0.147E-002
C10H3+ 0.220E-015
C11+ 0.339E-016
C2H5CNH+ 0.521E-013
C2H5OH2+ 0.719E-013
C2H7+ 0.552E-028
C2NH+ 0.470E-006
C3H2O+ 0.124E-010
C3H5+ 0.151E-003
C3H7+ 0.394E-023
C4H4+ 0.338E-011
C4H5+ 0.294E-005
C4H7+ 0.150E-008
C4N+ 0.876E-013
C5H3+ 0.791E-004
C5H5+ 0.928E-004
C5N+ 0.410E-013
C6H3+ 0.304E-006
C6H4+ 0.443E-006
C6H5+ 0.870E-004
C6H7+ 0.283E-003
C7H3+ 0.229E-007
C7H5+ 0.609E-008
C7N+ 0.825E-015
C8H3+ 0.259E-008
C8H4+ 0.221E-008
C8H5+ 0.255E-014
C9H3+ 0.720E-009
C9H4+ 0.372E-009
C9H5+ 0.273E-014
C9N+ 0.585E-018
CF+ 0.185E-006
CH2CHCN+ 0.200E-009
CH2NH2+ 0.497E-009
CH3C3N+ 0.905E-013
CH3C3NH+ 0.250E-009
CH3C5NH+ 0.389E-019
CH3C7NH+ 0.403E-020
CH3CHOH+ 0.233E-007
CH3CNH+ 0.615E-004
CH3CO+ 0.993E-008
CH3COCH4+ 0.247E-017
CH3CS+ 0.291E-008
CH3OCH4+ 0.472E-019
CH3OH2+ 0.603E-009
CH4N+ 0.207E-007
CH5+ 0.378E-004
H2C4N+ 0.905E-013
H2C7N+ 0.130E-012
H2C9N+ 0.402E-014
H2CCL+ 0.123E-008
H2CNO+ 0.112E-008
H2CL+ 0.217E-004
H2F+ 0.363E-006
H2NC+ 0.139E-006
H2NCO+ 0.250E-023
H2NO+ 0.712E-016
H2OCN+ 0.113E-008
H2PO+ 0.235E-014
H3+ 0.183E-004
H3C3O+ 0.650E-008
H3C5N+ 0.336E-009
H3C7N+ 0.404E-013
H3C9N+ 0.111E-014
H3CO+ 0.104E-009
H3CS+ 0.207E-006
H3O+ 0.543E-003
H3S+ 0.620E-006
H3S2+ 0.648E-010
H3SIO+ 0.336E-020
H5C2O2+ 0.630E-019
HC2O+ 0.269E-005
HC2S+ 0.822E-005
HC3NH+ 0.442E-004
HC3O+ 0.447E-008
HC3S+ 0.398E-009
HC4N+ 0.903E-013
HC4S+ 0.475E-007
HC5NH+ 0.321E-009
HCNH+ 0.231E-001
HCNOH+ 0.250E-023
HCO2+ 0.208E-009
HCOOH2+ 0.780E-008
HF+ 0.287E-013
HN2O+ 0.338E-024
HNCOH+ 0.225E-008
HNS+ 0.125E-014
HOCN+ 0.137E-014
HOCS+ 0.202E-010
HPN+ 0.201E-018
HSO+ 0.625E-012
HSO2+ 0.320E-023
HSIO2+ 0.581E-012
HSIS+ 0.388E-004
HEH+ 0.840E-010
N2H+ 0.140E-005
NCCNCH3+ 0.475E-018
NCCNH+ 0.508E-011
NH2CNH+ 0.326E-014
NH4+ 0.331E-003
O2H+ 0.262E-015
OCN+ 0.363E-013
PC2H2+ 0.625E-011
PC2H3+ 0.656E-017
PC2H4+ 0.273E-015
PC3H+ 0.267E-015
PC4H+ 0.288E-014
PCH2+ 0.789E-006
PCH3+ 0.336E-015
PCH4+ 0.125E-013
PH3+ 0.151E-018
PNH2+ 0.713E-012
PNH3+ 0.239E-015
SIC2H3+ 0.512E-004
SIC3H2+ 0.426E-009
SIC4H+ 0.291E-003
SICH4+ 0.254E-009
SIF+ 0.131E-006
SIH5+ 0.562E-016
SINCH+ 0.141E-009
SINH2+ 0.496E-007
SIOH+ 0.554E-002
