C- 0.790E-010
E 0.109E+000
C2- 0.397E-013
C3- 0.196E-010
C4- 0.399E-010
C5- 0.284E-009
C6- 0.409E-010
C7- 0.288E-011
C8- 0.910E-012
C10- 0.116E-015
C2H- 0.132E-005
C3H- 0.200E-010
C3N- 0.188E-008
C4H- 0.130E-009
C5H- 0.449E-006
C6H- 0.134E-007
C7H- 0.899E-009
C8H- 0.213E-011
C9- 0.512E-012
C9H- 0.170E-010
CH- 0.275E-010
O- 0.585E-013
OH- 0.402E-008
S- 0.378E-011
CN- 0.843E-006
H- 0.153E-007
C10H- 0.461E-016
C5N- 0.146E-011
O2- 0.114E-024
C 0.794E+000
C2 0.199E-001
CH2 0.180E-001
C2H2 0.135E+003
CH 0.126E-003
C2H 0.582E-001
CO2 0.134E-004
CO 0.247E+004
H2O 0.786E+001
H2CO 0.219E-006
N 0.553E-001
CN 0.190E+000
NH 0.789E-004
HCN 0.126E+003
O2 0.919E-007
O 0.809E+000
OH 0.796E-002
HCO 0.431E-006
C4 0.142E-006
C3 0.157E-002
C5 0.339E-007
C6 0.635E-009
C7 0.334E-010
C8 0.148E-010
C9 0.354E-011
C10 0.872E-014
C3H 0.157E-002
C4H 0.594E-004
C4N 0.240E-011
C5H 0.233E-004
C6H 0.617E-006
C7H 0.111E-007
C8H 0.107E-009
C9H 0.256E-009
C10H 0.477E-013
CS 0.327E+002
CH3 0.331E-002
CH3CN 0.380E-004
CH3OH 0.684E-009
OCS 0.133E-004
CH4 0.108E+002
H 0.130E+001
H2 0.308E+007
NH2 0.276E-003
NH3 0.184E+000
C10H2 0.670E-015
H2CCC 0.667E-005
HC3N 0.500E-004
HC4H 0.802E-003
C5H2 0.987E-004
HC5N 0.262E-009
C6H2 0.173E-003
C7H2 0.977E-008
C8H2 0.992E-010
C9H2 0.269E-009
HS 0.459E-004
C2N 0.112E-008
C3N 0.340E-004
C5N 0.263E-010
C7N 0.598E-014
HC7N 0.449E-010
C9N 0.118E-015
HC9N 0.122E-015
NO 0.104E-007
NS 0.244E-010
NO2 0.125E-017
SO2 0.203E-016
C2O 0.354E-010
SO 0.352E-008
HNC 0.520E-003
C2H4 0.210E+000
C2H5 0.214E-012
C2H5OH 0.137E-013
C2S 0.656E-006
C3O 0.122E-008
C3S 0.304E-006
C4H3 0.113E-006
C4S 0.825E-010
C6H6 0.140E-003
CCP 0.417E-009
CCL 0.293E-009
CH2CCH2 0.274E-008
CH2CCH 0.497E-003
CH2CN 0.193E-010
CH2CO 0.179E-007
CH3CCH 0.408E-006
CH3CHCH2 0.104E-016
CH3CHO 0.808E-008
CH3COCH3 0.219E-018
CH3OCH3 0.476E-020
CP 0.567E-004
CLO 0.422E-026
FE 0.000E+000
H2S 0.123E-001
H2SIO 0.297E-022
HCOOCH3 0.528E-020
HCP 0.770E-001
HPO 0.198E-015
MG 0.000E+000
NCCN 0.151E-007
NA 0.000E+000
P 0.399E-007
PH 0.511E-008
PO 0.256E-010
SI 0.534E-001
SIC2 0.576E+002
SIC2H 0.110E-002
SIC3 0.312E-004
SIC 0.471E-003
SICH2 0.389E-010
SICH3 0.694E-013
SIH2 0.385E-013
SIH3 0.351E-017
SIN 0.400E-008
SIS 0.184E+002
S 0.193E-001
N2 0.123E+003
C2H3 0.460E-005
CH3CH3 0.102E-020
PN 0.756E-013
CL 0.166E-002
C3H2 0.959E-005
C4P 0.105E-018
CH3C4H 0.199E-004
CH3C6H 0.116E-008
H2CS 0.382E-007
H2S2 0.624E-011
HC2P 0.434E-012
HCSI 0.128E-005
HCL 0.100E+001
HNSI 0.384E-008
HS2 0.645E-011
N2O 0.789E-017
PH2 0.160E-019
S2 0.423E-010
SIC2H2 0.528E-005
SIC3H 0.252E-010
SIC4 0.312E-004
SIH4 0.771E-016
SIH 0.295E-008
SINC 0.118E-010
SIO 0.154E+002
F 0.494E-007
HE 0.524E+006
HCNO 0.240E-017
HNCO 0.274E-009
HONC 0.793E-025
HNO 0.612E-008
HCOOH 0.115E-008
C11 0.255E-017
C2H5CN 0.155E-013
C3P 0.528E-017
CH2CHCCH 0.180E-008
CH2CHCHCH2 0.713E-014
CH2CHCN 0.455E-005
CH2NH 0.415E-008
CH2PH 0.116E-014
CH3C3N 0.361E-010
CH3C5N 0.166E-019
CH3C7N 0.132E-020
CNO 0.361E-031
H2CN 0.650E-008
H2O2 0.491E-025
HCS 0.177E-009
HF 0.524E-001
HNC3 0.129E-006
HOCN 0.274E-009
NH2CN 0.272E-008
O2H 0.794E-019
OCN 0.988E-007
SIO2 0.237E-006
HCO+ 0.112E-003
H+ 0.566E-006
HOC+ 0.172E-008
C+ 0.143E-003
C10H+ 0.136E-012
C2H4+ 0.105E-003
C2H5+ 0.830E-005
C2H5OH+ 0.863E-017
C2O+ 0.780E-017
C2S+ 0.150E-010
C3O+ 0.196E-019
C3S+ 0.251E-009
C4H3+ 0.521E-002
C4S+ 0.701E-012
C6H6+ 0.725E-010
CCP+ 0.214E-007
CCL+ 0.450E-006
CH2+ 0.396E-008
C3H4+ 0.548E-005
CH2CCH+ 0.158E-005
CH2CN+ 0.436E-008
CH2CO+ 0.658E-008
C3H6+ 0.119E-024
CH3CHO+ 0.818E-011
CH3COCH3+ 0.584E-022
CH3OCH3+ 0.279E-023
CH+ 0.412E-009
CP+ 0.264E-014
CLO+ 0.171E-032
FE+ 0.000E+000
H2CO+ 0.193E-009
H2S+ 0.127E-004
H2SIO+ 0.110E-015
C4H2+ 0.191E-003
COOCH4+ 0.662E-026
HCP+ 0.181E-011
HPO+ 0.432E-010
MG+ 0.000E+000
C2N+ 0.615E-008
CNC+ 0.760E-004
NH3+ 0.274E-004
NO+ 0.130E-007
NS+ 0.244E-009
NA+ 0.000E+000
OCS+ 0.161E-007
P+ 0.165E-009
PH+ 0.679E-014
PO+ 0.755E-011
SO+ 0.135E-008
SI+ 0.168E-003
SIC2+ 0.206E-007
SIC2H+ 0.520E-003
SIC3+ 0.549E-008
SIC+ 0.244E-005
SICH2+ 0.138E-004
SICH3+ 0.235E-009
SIH2+ 0.373E-008
SIH3+ 0.977E-012
SIN+ 0.134E-010
SIS+ 0.230E-004
C2+ 0.245E-008
S+ 0.136E-004
CN+ 0.318E-010
CO+ 0.370E-010
N2+ 0.827E-011
O2+ 0.361E-011
C2H+ 0.265E-008
C2H2+ 0.235E-002
C2H3+ 0.709E-001
C5H2+ 0.198E-005
C6H2+ 0.554E-007
C7H2+ 0.166E-008
C3H3+ 0.933E-005
CO2+ 0.467E-018
HC3N+ 0.150E-007
HCN+ 0.300E-009
C2N2+ 0.430E-015
C3+ 0.112E-010
C5+ 0.371E-014
CH3CH3+ 0.507E-019
PN+ 0.233E-020
H2O+ 0.108E-006
NH2+ 0.633E-010
O+ 0.140E-011
OH+ 0.688E-011
CH3+ 0.127E-004
CH4+ 0.698E-006
CH3OH+ 0.262E-012
N+ 0.317E-007
SO2+ 0.301E-028
CS+ 0.612E-006
CL+ 0.261E-010
C10+ 0.627E-017
C10H2+ 0.131E-012
C3H2+ 0.255E-004
C3H+ 0.424E-004
C4+ 0.221E-010
C4H+ 0.981E-010
C4P+ 0.181E-026
C5H+ 0.771E-008
C6+ 0.170E-012
C6H+ 0.350E-010
C7+ 0.118E-010
C7H+ 0.159E-009
C8+ 0.646E-014
C8H2+ 0.264E-009
C8H+ 0.177E-011
C9+ 0.904E-015
C9H2+ 0.494E-010
C9H+ 0.126E-012
CH3C4H+ 0.292E-006
C7H4+ 0.659E-008
CH3CN+ 0.372E-011
H2CS+ 0.980E-010
H2S2+ 0.787E-011
HC2P+ 0.373E-008
HC5N+ 0.111E-013
HC7N+ 0.183E-013
HC9N+ 0.196E-015
HCSI+ 0.161E-008
HCL+ 0.111E-007
HNSI+ 0.355E-014
HS2+ 0.328E-010
HS+ 0.430E-008
N2O+ 0.306E-021
NH+ 0.266E-013
PH2+ 0.751E-014
S2+ 0.311E-009
SIC2H2+ 0.359E-006
SIC3H+ 0.297E-009
SIC4+ 0.913E-009
SIH4+ 0.446E-025
SIH+ 0.262E-007
SINC+ 0.310E-006
SIO+ 0.375E-005
H2+ 0.570E-008
F+ 0.995E-013
HE+ 0.646E-006
C3N+ 0.280E-012
HCNO+ 0.113E-029
HNCO+ 0.175E-012
HONC+ 0.914E-037
HNO+ 0.105E-009
HCOOH+ 0.383E-012
NO2+ 0.184E-018
CH2CHCNH+ 0.393E-009
HCS+ 0.135E-002
C10H3+ 0.274E-015
C11+ 0.319E-016
C2H5CNH+ 0.483E-013
C2H5OH2+ 0.716E-013
C2H7+ 0.637E-028
C2NH+ 0.414E-006
C3H2O+ 0.135E-010
C3H5+ 0.129E-003
C3H7+ 0.355E-023
C4H4+ 0.381E-011
C4H5+ 0.250E-005
C4H7+ 0.127E-008
C4N+ 0.137E-012
C5H3+ 0.733E-004
C5H5+ 0.803E-004
C5N+ 0.388E-013
C6H3+ 0.274E-006
C6H4+ 0.440E-006
C6H5+ 0.670E-004
C6H7+ 0.255E-003
C7H3+ 0.214E-007
C7H5+ 0.574E-008
C7N+ 0.846E-015
C8H3+ 0.265E-008
C8H4+ 0.220E-008
C8H5+ 0.313E-014
C9H3+ 0.701E-009
C9H4+ 0.359E-009
C9H5+ 0.323E-014
C9N+ 0.637E-018
CF+ 0.178E-006
CH2CHCN+ 0.189E-009
CH2NH2+ 0.456E-009
CH3C3N+ 0.865E-013
CH3C3NH+ 0.221E-009
CH3C5NH+ 0.500E-019
CH3C7NH+ 0.649E-020
CH3CHOH+ 0.222E-007
CH3CNH+ 0.518E-004
CH3CO+ 0.857E-008
CH3COCH4+ 0.239E-017
CH3CS+ 0.274E-008
CH3OCH4+ 0.423E-019
CH3OH2+ 0.499E-011
CH4N+ 0.179E-007
CH5+ 0.374E-004
H2C4N+ 0.865E-013
H2C7N+ 0.120E-012
H2C9N+ 0.391E-014
H2CCL+ 0.110E-008
H2CNO+ 0.105E-008
H2CL+ 0.213E-004
H2F+ 0.341E-006
H2NC+ 0.133E-006
H2NCO+ 0.321E-023
H2NO+ 0.694E-016
H2OCN+ 0.106E-008
H2PO+ 0.234E-014
H3+ 0.179E-004
H3C3O+ 0.658E-008
H3C5N+ 0.285E-009
H3C7N+ 0.368E-013
H3C9N+ 0.107E-014
H3CO+ 0.975E-010
H3CS+ 0.193E-006
H3O+ 0.486E-003
H3S+ 0.541E-006
H3S2+ 0.620E-010
H3SIO+ 0.399E-020
H5C2O2+ 0.585E-019
HC2O+ 0.237E-005
HC2S+ 0.769E-005
HC3NH+ 0.409E-004
HC3O+ 0.381E-008
HC3S+ 0.369E-009
HC4N+ 0.864E-013
HC4S+ 0.390E-007
HC5NH+ 0.287E-009
HCNH+ 0.202E-001
HCNOH+ 0.321E-023
HCO2+ 0.192E-009
HCOOH2+ 0.745E-008
HF+ 0.291E-013
HN2O+ 0.295E-024
HNCOH+ 0.212E-008
HNS+ 0.139E-014
HOCN+ 0.137E-014
HOCS+ 0.214E-010
HPN+ 0.220E-018
HSO+ 0.598E-012
HSO2+ 0.436E-023
HSIO2+ 0.601E-012
HSIS+ 0.376E-004
HEH+ 0.840E-010
N2H+ 0.134E-005
NCCNCH3+ 0.463E-018
NCCNH+ 0.512E-011
NH2CNH+ 0.454E-014
NH4+ 0.298E-003
O2H+ 0.237E-015
OCN+ 0.348E-013
PC2H2+ 0.587E-011
PC2H3+ 0.709E-017
PC2H4+ 0.267E-015
PC3H+ 0.238E-015
PC4H+ 0.267E-014
PCH2+ 0.731E-006
PCH3+ 0.358E-015
PCH4+ 0.121E-013
PH3+ 0.181E-018
PNH2+ 0.672E-012
PNH3+ 0.235E-015
SIC2H3+ 0.484E-004
SIC3H2+ 0.427E-009
SIC4H+ 0.269E-003
SICH4+ 0.237E-009
SIF+ 0.125E-006
SIH5+ 0.693E-016
SINCH+ 0.140E-009
SINH2+ 0.472E-007
SIOH+ 0.507E-002
