C- 0.774E-010
E 0.103E+000
C2- 0.607E-013
C3- 0.194E-010
C4- 0.432E-010
C5- 0.313E-009
C6- 0.466E-010
C7- 0.350E-011
C8- 0.104E-011
C10- 0.147E-015
C2H- 0.126E-005
C3H- 0.198E-010
C3N- 0.274E-008
C4H- 0.146E-009
C5H- 0.484E-006
C6H- 0.140E-007
C7H- 0.992E-009
C8H- 0.255E-011
C9- 0.614E-012
C9H- 0.200E-010
CH- 0.312E-010
O- 0.602E-013
OH- 0.403E-008
S- 0.375E-011
CN- 0.787E-006
H- 0.152E-007
C10H- 0.588E-016
C5N- 0.158E-011
O2- 0.116E-024
C 0.752E+000
C2 0.190E-001
CH2 0.170E-001
C2H2 0.117E+003
CH 0.147E-003
C2H 0.642E-001
CO2 0.127E-004
CO 0.215E+004
H2O 0.684E+001
H2CO 0.211E-006
N 0.523E-001
CN 0.193E+000
NH 0.751E-004
HCN 0.110E+003
O2 0.896E-007
O 0.767E+000
OH 0.744E-002
HCO 0.392E-006
C4 0.220E-006
C3 0.146E-002
C5 0.359E-007
C6 0.694E-009
C7 0.381E-010
C8 0.159E-010
C9 0.412E-011
C10 0.101E-013
C3H 0.147E-002
C4H 0.844E-004
C4N 0.391E-011
C5H 0.233E-004
C6H 0.646E-006
C7H 0.115E-007
C8H 0.125E-009
C9H 0.283E-009
C10H 0.547E-013
CS 0.284E+002
CH3 0.313E-002
CH3CN 0.356E-004
CH3OH 0.632E-009
OCS 0.133E-004
CH4 0.938E+001
H 0.122E+001
H2 0.268E+007
NH2 0.263E-003
NH3 0.161E+000
C10H2 0.965E-015
H2CCC 0.741E-005
HC3N 0.763E-004
HC4H 0.826E-003
C5H2 0.955E-004
HC5N 0.377E-009
C6H2 0.180E-003
C7H2 0.101E-007
C8H2 0.122E-009
C9H2 0.298E-009
HS 0.428E-004
C2N 0.124E-008
C3N 0.506E-004
C5N 0.269E-010
C7N 0.667E-014
HC7N 0.836E-010
C9N 0.143E-015
HC9N 0.169E-015
NO 0.101E-007
NS 0.251E-010
NO2 0.192E-017
SO2 0.268E-016
C2O 0.406E-010
SO 0.344E-008
HNC 0.510E-003
C2H4 0.183E+000
C2H5 0.221E-012
C2H5OH 0.137E-013
C2S 0.662E-006
C3O 0.128E-008
C3S 0.461E-006
C4H3 0.167E-006
C4S 0.957E-010
C6H6 0.135E-003
CCP 0.417E-009
CCL 0.283E-009
CH2CCH2 0.306E-008
CH2CCH 0.487E-003
CH2CN 0.196E-010
CH2CO 0.158E-007
CH3CCH 0.416E-006
CH3CHCH2 0.104E-016
CH3CHO 0.795E-008
CH3COCH3 0.226E-018
CH3OCH3 0.466E-020
CP 0.542E-004
CLO 0.367E-026
FE 0.000E+000
H2S 0.107E-001
H2SIO 0.412E-022
HCOOCH3 0.546E-020
HCP 0.671E-001
HPO 0.208E-015
MG 0.000E+000
NCCN 0.160E-007
NA 0.000E+000
P 0.418E-007
PH 0.485E-008
PO 0.244E-010
SI 0.507E-001
SIC2 0.502E+002
SIC2H 0.111E-002
SIC3 0.310E-004
SIC 0.470E-003
SICH2 0.588E-010
SICH3 0.737E-013
SIH2 0.513E-013
SIH3 0.427E-017
SIN 0.411E-008
SIS 0.160E+002
S 0.183E-001
N2 0.107E+003
C2H3 0.423E-005
CH3CH3 0.112E-020
PN 0.760E-013
CL 0.168E-002
C3H2 0.104E-004
C4P 0.135E-018
CH3C4H 0.191E-004
CH3C6H 0.118E-008
H2CS 0.383E-007
H2S2 0.635E-011
HC2P 0.435E-012
HCSI 0.132E-005
HCL 0.871E+000
HNSI 0.392E-008
HS2 0.659E-011
N2O 0.816E-017
PH2 0.194E-019
S2 0.444E-010
SIC2H2 0.544E-005
SIC3H 0.273E-010
SIC4 0.310E-004
SIH4 0.858E-016
SIH 0.297E-008
SINC 0.124E-010
SIO 0.134E+002
F 0.510E-007
HE 0.456E+006
HCNO 0.304E-017
HNCO 0.275E-009
HONC 0.106E-024
HNO 0.607E-008
HCOOH 0.113E-008
C11 0.303E-017
C2H5CN 0.156E-013
C3P 0.592E-017
CH2CHCCH 0.192E-008
CH2CHCHCH2 0.640E-014
CH2CHCN 0.417E-005
CH2NH 0.460E-008
CH2PH 0.118E-014
CH3C3N 0.344E-010
CH3C5N 0.208E-019
CH3C7N 0.210E-020
CNO 0.523E-031
H2CN 0.629E-008
H2O2 0.428E-025
HCS 0.229E-009
HF 0.456E-001
HNC3 0.131E-006
HOCN 0.274E-009
NH2CN 0.428E-008
O2H 0.766E-019
OCN 0.789E-007
SIO2 0.219E-006
HCO+ 0.107E-003
H+ 0.563E-006
HOC+ 0.182E-008
C+ 0.148E-003
C10H+ 0.147E-012
C2H4+ 0.999E-004
C2H5+ 0.752E-005
C2H5OH+ 0.936E-017
C2O+ 0.979E-017
C2S+ 0.163E-010
C3O+ 0.250E-019
C3S+ 0.255E-009
C4H3+ 0.472E-002
C4S+ 0.113E-011
C6H6+ 0.783E-010
CCP+ 0.204E-007
CCL+ 0.435E-006
CH2+ 0.422E-008
C3H4+ 0.520E-005
CH2CCH+ 0.151E-005
CH2CN+ 0.409E-008
CH2CO+ 0.683E-008
C3H6+ 0.138E-024
CH3CHO+ 0.873E-011
CH3COCH3+ 0.658E-022
CH3OCH3+ 0.299E-023
CH+ 0.338E-009
CP+ 0.301E-014
CLO+ 0.167E-032
FE+ 0.000E+000
H2CO+ 0.203E-009
H2S+ 0.120E-004
H2SIO+ 0.164E-015
C4H2+ 0.181E-003
COOCH4+ 0.766E-026
HCP+ 0.188E-011
HPO+ 0.412E-010
MG+ 0.000E+000
C2N+ 0.636E-008
CNC+ 0.745E-004
NH3+ 0.276E-004
NO+ 0.121E-007
NS+ 0.238E-009
NA+ 0.000E+000
OCS+ 0.172E-007
P+ 0.169E-009
PH+ 0.701E-014
PO+ 0.720E-011
SO+ 0.133E-008
SI+ 0.173E-003
SIC2+ 0.221E-007
SIC2H+ 0.495E-003
SIC3+ 0.558E-008
SIC+ 0.243E-005
SICH2+ 0.132E-004
SICH3+ 0.239E-009
SIH2+ 0.352E-008
SIH3+ 0.140E-011
SIN+ 0.142E-010
SIS+ 0.223E-004
C2+ 0.267E-008
S+ 0.142E-004
CN+ 0.323E-010
CO+ 0.369E-010
N2+ 0.825E-011
O2+ 0.378E-011
C2H+ 0.291E-008
C2H2+ 0.234E-002
C2H3+ 0.677E-001
C5H2+ 0.185E-005
C6H2+ 0.630E-007
C7H2+ 0.174E-008
C3H3+ 0.873E-005
CO2+ 0.505E-018
HC3N+ 0.177E-007
HCN+ 0.300E-009
C2N2+ 0.454E-015
C3+ 0.148E-010
C5+ 0.638E-014
CH3CH3+ 0.573E-019
PN+ 0.260E-020
H2O+ 0.108E-006
NH2+ 0.693E-010
O+ 0.142E-011
OH+ 0.722E-011
CH3+ 0.129E-004
CH4+ 0.692E-006
CH3OH+ 0.262E-012
N+ 0.314E-007
SO2+ 0.463E-028
CS+ 0.612E-006
CL+ 0.301E-010
C10+ 0.841E-017
C10H2+ 0.142E-012
C3H2+ 0.251E-004
C3H+ 0.417E-004
C4+ 0.235E-010
C4H+ 0.104E-009
C4P+ 0.249E-026
C5H+ 0.797E-008
C6+ 0.200E-012
C6H+ 0.543E-010
C7+ 0.140E-010
C7H+ 0.176E-009
C8+ 0.761E-014
C8H2+ 0.303E-009
C8H+ 0.200E-011
C9+ 0.114E-014
C9H2+ 0.512E-010
C9H+ 0.149E-012
CH3C4H+ 0.264E-006
C7H4+ 0.655E-008
CH3CN+ 0.396E-011
H2CS+ 0.909E-010
H2S2+ 0.810E-011
HC2P+ 0.349E-008
HC5N+ 0.116E-013
HC7N+ 0.310E-013
HC9N+ 0.214E-015
HCSI+ 0.170E-008
HCL+ 0.111E-007
HNSI+ 0.361E-014
HS2+ 0.324E-010
HS+ 0.425E-008
N2O+ 0.347E-021
NH+ 0.287E-013
PH2+ 0.787E-014
S2+ 0.302E-009
SIC2H2+ 0.353E-006
SIC3H+ 0.316E-009
SIC4+ 0.895E-009
SIH4+ 0.602E-025
SIH+ 0.258E-007
SINC+ 0.306E-006
SIO+ 0.375E-005
H2+ 0.570E-008
F+ 0.101E-012
HE+ 0.645E-006
C3N+ 0.305E-012
HCNO+ 0.166E-029
HNCO+ 0.171E-012
HONC+ 0.142E-036
HNO+ 0.109E-009
HCOOH+ 0.410E-012
NO2+ 0.206E-018
CH2CHCNH+ 0.383E-009
HCS+ 0.127E-002
C10H3+ 0.365E-015
C11+ 0.358E-016
C2H5CNH+ 0.463E-013
C2H5OH2+ 0.701E-013
C2H7+ 0.758E-028
C2NH+ 0.406E-006
C3H2O+ 0.157E-010
C3H5+ 0.118E-003
C3H7+ 0.367E-023
C4H4+ 0.448E-011
C4H5+ 0.228E-005
C4H7+ 0.115E-008
C4N+ 0.244E-012
C5H3+ 0.677E-004
C5H5+ 0.716E-004
C5N+ 0.412E-013
C6H3+ 0.274E-006
C6H4+ 0.466E-006
C6H5+ 0.576E-004
C6H7+ 0.230E-003
C7H3+ 0.211E-007
C7H5+ 0.559E-008
C7N+ 0.963E-015
C8H3+ 0.298E-008
C8H4+ 0.241E-008
C8H5+ 0.399E-014
C9H3+ 0.725E-009
C9H4+ 0.364E-009
C9H5+ 0.388E-014
C9N+ 0.778E-018
CF+ 0.174E-006
CH2CHCN+ 0.193E-009
CH2NH2+ 0.418E-009
CH3C3N+ 0.892E-013
CH3C3NH+ 0.210E-009
CH3C5NH+ 0.688E-019
CH3C7NH+ 0.115E-019
CH3CHOH+ 0.209E-007
CH3CNH+ 0.434E-004
CH3CO+ 0.739E-008
CH3COCH4+ 0.231E-017
CH3CS+ 0.260E-008
CH3OCH4+ 0.379E-019
CH3OH2+ 0.413E-009
CH4N+ 0.157E-007
CH5+ 0.372E-004
H2C4N+ 0.893E-013
H2C7N+ 0.124E-012
H2C9N+ 0.426E-014
H2CCL+ 0.100E-008
H2CNO+ 0.992E-009
H2CL+ 0.210E-004
H2F+ 0.320E-006
H2NC+ 0.129E-006
H2NCO+ 0.417E-023
H2NO+ 0.788E-016
H2OCN+ 0.100E-008
H2PO+ 0.232E-014
H3+ 0.176E-004
H3C3O+ 0.676E-008
H3C5N+ 0.265E-009
H3C7N+ 0.373E-013
H3C9N+ 0.114E-014
H3CO+ 0.993E-010
H3CS+ 0.182E-006
H3O+ 0.455E-003
H3S+ 0.502E-006
H3S2+ 0.592E-010
H3SIO+ 0.533E-020
H5C2O2+ 0.559E-019
HC2O+ 0.233E-005
HC2S+ 0.734E-005
HC3NH+ 0.393E-004
HC3O+ 0.363E-008
HC3S+ 0.384E-009
HC4N+ 0.891E-013
HC4S+ 0.371E-007
HC5NH+ 0.275E-009
HCNH+ 0.186E-001
HCNOH+ 0.417E-023
HCO2+ 0.195E-009
HCOOH2+ 0.707E-008
HF+ 0.295E-013
HN2O+ 0.331E-024
HNCOH+ 0.199E-008
HNS+ 0.159E-014
HOCN+ 0.137E-014
HOCS+ 0.228E-010
HPN+ 0.241E-018
HSO+ 0.620E-012
HSO2+ 0.610E-023
HSIO2+ 0.626E-012
HSIS+ 0.366E-004
HEH+ 0.840E-010
N2H+ 0.130E-005
NCCNCH3+ 0.536E-018
NCCNH+ 0.522E-011
NH2CNH+ 0.673E-014
NH4+ 0.269E-003
O2H+ 0.250E-015
OCN+ 0.353E-013
PC2H2+ 0.551E-011
PC2H3+ 0.772E-017
PC2H4+ 0.260E-015
PC3H+ 0.266E-015
PC4H+ 0.289E-014
PCH2+ 0.679E-006
PCH3+ 0.385E-015
PCH4+ 0.117E-013
PH3+ 0.216E-018
PNH2+ 0.633E-012
PNH3+ 0.232E-015
SIC2H3+ 0.457E-004
SIC3H2+ 0.440E-009
SIC4H+ 0.247E-003
SICH4+ 0.241E-009
SIF+ 0.121E-006
SIH5+ 0.896E-016
SINCH+ 0.139E-009
SINH2+ 0.457E-007
SIOH+ 0.484E-002
