C- 0.823E-010
E 0.100E+000
C2- 0.934E-013
C3- 0.191E-010
C4- 0.484E-010
C5- 0.343E-009
C6- 0.532E-010
C7- 0.423E-011
C8- 0.119E-011
C10- 0.184E-015
C2H- 0.120E-005
C3H- 0.196E-010
C3N- 0.409E-008
C4H- 0.172E-009
C5H- 0.516E-006
C6H- 0.147E-007
C7H- 0.109E-008
C8H- 0.309E-011
C9- 0.740E-012
C9H- 0.235E-010
CH- 0.354E-010
O- 0.656E-013
OH- 0.404E-008
S- 0.403E-011
CN- 0.734E-006
H- 0.150E-007
C10H- 0.745E-016
C5N- 0.171E-011
O2- 0.141E-024
C 0.733E+000
C2 0.186E-001
CH2 0.166E-001
C2H2 0.102E+003
CH 0.174E-003
C2H 0.708E-001
CO2 0.124E-004
CO 0.187E+004
H2O 0.596E+001
H2CO 0.219E-006
N 0.511E-001
CN 0.197E+000
NH 0.736E-004
HCN 0.954E+002
O2 0.960E-007
O 0.748E+000
OH 0.721E-002
HCO 0.367E-006
C4 0.352E-006
C3 0.137E-002
C5 0.384E-007
C6 0.773E-009
C7 0.445E-010
C8 0.171E-010
C9 0.488E-011
C10 0.129E-013
C3H 0.138E-002
C4H 0.121E-003
C4N 0.697E-011
C5H 0.232E-004
C6H 0.704E-006
C7H 0.121E-007
C8H 0.151E-009
C9H 0.313E-009
C10H 0.671E-013
CS 0.248E+002
CH3 0.306E-002
CH3CN 0.332E-004
CH3OH 0.583E-009
OCS 0.137E-004
CH4 0.816E+001
H 0.117E+001
H2 0.234E+007
NH2 0.259E-003
NH3 0.140E+000
C10H2 0.151E-014
H2CCC 0.854E-005
HC3N 0.122E-003
HC4H 0.878E-003
C5H2 0.922E-004
HC5N 0.562E-009
C6H2 0.191E-003
C7H2 0.103E-007
C8H2 0.158E-009
C9H2 0.331E-009
HS 0.409E-004
C2N 0.141E-008
C3N 0.744E-004
C5N 0.279E-010
C7N 0.763E-014
HC7N 0.164E-009
C9N 0.179E-015
HC9N 0.262E-015
NO 0.108E-007
NS 0.270E-010
NO2 0.297E-017
SO2 0.381E-016
C2O 0.466E-010
SO 0.362E-008
HNC 0.500E-003
C2H4 0.159E+000
C2H5 0.231E-012
C2H5OH 0.138E-013
C2S 0.665E-006
C3O 0.135E-008
C3S 0.716E-006
C4H3 0.245E-006
C4S 0.112E-009
C6H6 0.131E-003
CCP 0.415E-009
CCL 0.273E-009
CH2CCH2 0.355E-008
CH2CCH 0.501E-003
CH2CN 0.206E-010
CH2CO 0.144E-007
CH3CCH 0.426E-006
CH3CHCH2 0.109E-016
CH3CHO 0.785E-008
CH3COCH3 0.233E-018
CH3OCH3 0.456E-020
CP 0.535E-004
CLO 0.320E-026
FE 0.000E+000
H2S 0.934E-002
H2SIO 0.588E-022
HCOOCH3 0.558E-020
HCP 0.584E-001
HPO 0.217E-015
MG 0.000E+000
NCCN 0.178E-007
NA 0.000E+000
P 0.466E-007
PH 0.460E-008
PO 0.233E-010
SI 0.495E-001
SIC2 0.437E+002
SIC2H 0.120E-002
SIC3 0.307E-004
SIC 0.470E-003
SICH2 0.936E-010
SICH3 0.785E-013
SIH2 0.718E-013
SIH3 0.539E-017
SIN 0.422E-008
SIS 0.140E+002
S 0.179E-001
N2 0.935E+002
C2H3 0.410E-005
CH3CH3 0.123E-020
PN 0.762E-013
CL 0.172E-002
C3H2 0.117E-004
C4P 0.180E-018
CH3C4H 0.183E-004
CH3C6H 0.120E-008
H2CS 0.383E-007
H2S2 0.643E-011
HC2P 0.434E-012
HCSI 0.135E-005
HCL 0.758E+000
HNSI 0.400E-008
HS2 0.671E-011
N2O 0.987E-017
PH2 0.236E-019
S2 0.472E-010
SIC2H2 0.563E-005
SIC3H 0.296E-010
SIC4 0.307E-004
SIH4 0.983E-016
SIH 0.314E-008
SINC 0.130E-010
SIO 0.117E+002
F 0.528E-007
HE 0.397E+006
HCNO 0.414E-017
HNCO 0.275E-009
HONC 0.143E-024
HNO 0.657E-008
HCOOH 0.111E-008
C11 0.404E-017
C2H5CN 0.158E-013
C3P 0.788E-017
CH2CHCCH 0.211E-008
CH2CHCHCH2 0.583E-014
CH2CHCN 0.403E-005
CH2NH 0.529E-008
CH2PH 0.121E-014
CH3C3N 0.331E-010
CH3C5N 0.275E-019
CH3C7N 0.364E-020
CNO 0.788E-031
H2CN 0.667E-008
H2O2 0.373E-025
HCS 0.315E-009
HF 0.397E-001
HNC3 0.144E-006
HOCN 0.274E-009
NH2CN 0.703E-008
O2H 0.856E-019
OCN 0.650E-007
SIO2 0.214E-006
HCO+ 0.104E-003
H+ 0.559E-006
HOC+ 0.202E-008
C+ 0.162E-003
C10H+ 0.174E-012
C2H4+ 0.977E-004
C2H5+ 0.716E-005
C2H5OH+ 0.105E-016
C2O+ 0.126E-016
C2S+ 0.185E-010
C3O+ 0.336E-019
C3S+ 0.260E-009
C4H3+ 0.451E-002
C4S+ 0.190E-011
C6H6+ 0.854E-010
CCP+ 0.196E-007
CCL+ 0.425E-006
CH2+ 0.467E-008
C3H4+ 0.507E-005
CH2CCH+ 0.155E-005
CH2CN+ 0.404E-008
CH2CO+ 0.756E-008
C3H6+ 0.181E-024
CH3CHO+ 0.958E-011
CH3COCH3+ 0.761E-022
CH3OCH3+ 0.330E-023
CH+ 0.300E-009
CP+ 0.373E-014
CLO+ 0.165E-032
FE+ 0.000E+000
H2CO+ 0.239E-009
H2S+ 0.117E-004
H2SIO+ 0.266E-015
C4H2+ 0.176E-003
COOCH4+ 0.875E-026
HCP+ 0.206E-011
HPO+ 0.393E-010
MG+ 0.000E+000
C2N+ 0.698E-008
CNC+ 0.747E-004
NH3+ 0.280E-004
NO+ 0.117E-007
NS+ 0.254E-009
NA+ 0.000E+000
OCS+ 0.196E-007
P+ 0.178E-009
PH+ 0.779E-014
PO+ 0.686E-011
SO+ 0.142E-008
SI+ 0.189E-003
SIC2+ 0.256E-007
SIC2H+ 0.474E-003
SIC3+ 0.578E-008
SIC+ 0.263E-005
SICH2+ 0.125E-004
SICH3+ 0.261E-009
SIH2+ 0.331E-008
SIH3+ 0.208E-011
SIN+ 0.171E-010
SIS+ 0.217E-004
C2+ 0.300E-008
S+ 0.156E-004
CN+ 0.328E-010
CO+ 0.369E-010
N2+ 0.824E-011
O2+ 0.431E-011
C2H+ 0.331E-008
C2H2+ 0.234E-002
C2H3+ 0.660E-001
C5H2+ 0.190E-005
C6H2+ 0.758E-007
C7H2+ 0.191E-008
C3H3+ 0.845E-005
CO2+ 0.567E-018
HC3N+ 0.211E-007
HCN+ 0.301E-009
C2N2+ 0.485E-015
C3+ 0.205E-010
C5+ 0.116E-013
CH3CH3+ 0.661E-019
PN+ 0.287E-020
H2O+ 0.108E-006
NH2+ 0.781E-010
O+ 0.145E-011
OH+ 0.778E-011
CH3+ 0.140E-004
CH4+ 0.687E-006
CH3OH+ 0.269E-012
N+ 0.313E-007
SO2+ 0.767E-028
CS+ 0.612E-006
CL+ 0.352E-010
C10+ 0.119E-016
C10H2+ 0.169E-012
C3H2+ 0.267E-004
C3H+ 0.444E-004
C4+ 0.281E-010
C4H+ 0.122E-009
C4P+ 0.347E-026
C5H+ 0.854E-008
C6+ 0.248E-012
C6H+ 0.870E-010
C7+ 0.185E-010
C7H+ 0.201E-009
C8+ 0.943E-014
C8H2+ 0.368E-009
C8H+ 0.243E-011
C9+ 0.152E-014
C9H2+ 0.570E-010
C9H+ 0.182E-012
CH3C4H+ 0.256E-006
C7H4+ 0.688E-008
CH3CN+ 0.428E-011
H2CS+ 0.918E-010
H2S2+ 0.890E-011
HC2P+ 0.326E-008
HC5N+ 0.135E-013
HC7N+ 0.610E-013
HC9N+ 0.267E-015
HCSI+ 0.198E-008
HCL+ 0.111E-007
HNSI+ 0.380E-014
HS2+ 0.332E-010
HS+ 0.456E-008
N2O+ 0.474E-021
NH+ 0.319E-013
PH2+ 0.818E-014
S2+ 0.296E-009
SIC2H2+ 0.378E-006
SIC3H+ 0.354E-009
SIC4+ 0.964E-009
SIH4+ 0.855E-025
SIH+ 0.279E-007
SINC+ 0.329E-006
SIO+ 0.375E-005
H2+ 0.570E-008
F+ 0.103E-012
HE+ 0.644E-006
C3N+ 0.356E-012
HCNO+ 0.265E-029
HNCO+ 0.172E-012
HONC+ 0.224E-036
HNO+ 0.120E-009
HCOOH+ 0.452E-012
NO2+ 0.254E-018
CH2CHCNH+ 0.419E-009
HCS+ 0.123E-002
C10H3+ 0.525E-015
C11+ 0.464E-016
C2H5CNH+ 0.461E-013
C2H5OH2+ 0.679E-013
C2H7+ 0.923E-028
C2NH+ 0.433E-006
C3H2O+ 0.195E-010
C3H5+ 0.113E-003
C3H7+ 0.424E-023
C4H4+ 0.560E-011
C4H5+ 0.220E-005
C4H7+ 0.112E-008
C4N+ 0.483E-012
C5H3+ 0.624E-004
C5H5+ 0.655E-004
C5N+ 0.483E-013
C6H3+ 0.298E-006
C6H4+ 0.531E-006
C6H5+ 0.538E-004
C6H7+ 0.209E-003
C7H3+ 0.218E-007
C7H5+ 0.565E-008
C7N+ 0.119E-014
C8H3+ 0.365E-008
C8H4+ 0.284E-008
C8H5+ 0.537E-014
C9H3+ 0.784E-009
C9H4+ 0.385E-009
C9H5+ 0.476E-014
C9N+ 0.105E-017
CF+ 0.171E-006
CH2CHCN+ 0.211E-009
CH2NH2+ 0.382E-009
CH3C3N+ 0.976E-013
CH3C3NH+ 0.212E-009
CH3C5NH+ 0.101E-018
CH3C7NH+ 0.221E-019
CH3CHOH+ 0.196E-007
CH3CNH+ 0.362E-004
CH3CO+ 0.638E-008
CH3COCH4+ 0.225E-017
CH3CS+ 0.250E-008
CH3OCH4+ 0.339E-019
CH3OH2+ 0.343E-009
CH4N+ 0.138E-007
CH5+ 0.371E-004
H2C4N+ 0.977E-013
H2C7N+ 0.140E-012
H2C9N+ 0.510E-014
H2CCL+ 0.930E-009
H2CNO+ 0.930E-009
H2CL+ 0.209E-004
H2F+ 0.300E-006
H2NC+ 0.127E-006
H2NCO+ 0.560E-023
H2NO+ 0.995E-016
H2OCN+ 0.938E-009
H2PO+ 0.230E-014
H3+ 0.174E-004
H3C3O+ 0.710E-008
H3C5N+ 0.266E-009
H3C7N+ 0.415E-013
H3C9N+ 0.133E-014
H3CO+ 0.108E-009
H3CS+ 0.174E-006
H3O+ 0.442E-003
H3S+ 0.487E-006
H3S2+ 0.564E-010
H3SIO+ 0.786E-020
H5C2O2+ 0.523E-019
HC2O+ 0.249E-005
HC2S+ 0.713E-005
HC3NH+ 0.391E-004
HC3O+ 0.377E-008
HC3S+ 0.436E-009
HC4N+ 0.975E-013
HC4S+ 0.393E-007
HC5NH+ 0.278E-009
HCNH+ 0.179E-001
HCNOH+ 0.560E-023
HCO2+ 0.213E-009
HCOOH2+ 0.668E-008
HF+ 0.300E-013
HN2O+ 0.450E-024
HNCOH+ 0.187E-008
HNS+ 0.187E-014
HOCN+ 0.137E-014
HOCS+ 0.249E-010
HPN+ 0.265E-018
HSO+ 0.683E-012
HSO2+ 0.896E-023
HSIO2+ 0.657E-012
HSIS+ 0.359E-004
HEH+ 0.840E-010
N2H+ 0.127E-005
NCCNCH3+ 0.718E-018
NCCNH+ 0.540E-011
NH2CNH+ 0.107E-013
NH4+ 0.245E-003
O2H+ 0.297E-015
OCN+ 0.375E-013
PC2H2+ 0.516E-011
PC2H3+ 0.840E-017
PC2H4+ 0.253E-015
PC3H+ 0.356E-015
PC4H+ 0.352E-014
PCH2+ 0.631E-006
PCH3+ 0.415E-015
PCH4+ 0.113E-013
PH3+ 0.256E-018
PNH2+ 0.595E-012
PNH3+ 0.228E-015
SIC2H3+ 0.429E-004
SIC3H2+ 0.468E-009
SIC4H+ 0.226E-003
SICH4+ 0.263E-009
SIF+ 0.120E-006
SIH5+ 0.121E-015
SINCH+ 0.138E-009
SINH2+ 0.449E-007
SIOH+ 0.477E-002
