C- 0.639E-010
E 0.878E-001
C2- 0.142E-012
C3- 0.189E-010
C4- 0.583E-010
C5- 0.376E-009
C6- 0.613E-010
C7- 0.515E-011
C8- 0.135E-011
C10- 0.233E-015
C2H- 0.114E-005
C3H- 0.194E-010
C3N- 0.616E-008
C4H- 0.166E-009
C5H- 0.549E-006
C6H- 0.155E-007
C7H- 0.120E-008
C8H- 0.383E-011
C9- 0.903E-012
C9H- 0.275E-010
CH- 0.405E-010
O- 0.577E-013
OH- 0.406E-008
S- 0.323E-011
CN- 0.683E-006
H- 0.150E-007
C10H- 0.949E-016
C5N- 0.185E-011
O2- 0.882E-025
C 0.638E+000
C2 0.164E-001
CH2 0.145E-001
C2H2 0.891E+002
CH 0.204E-003
C2H 0.775E-001
CO2 0.110E-004
CO 0.163E+004
H2O 0.519E+001
H2CO 0.176E-006
N 0.446E-001
CN 0.183E+000
NH 0.648E-004
HCN 0.831E+002
O2 0.739E-007
O 0.652E+000
OH 0.630E-002
HCO 0.317E-006
C4 0.501E-006
C3 0.130E-002
C5 0.392E-007
C6 0.892E-009
C7 0.503E-010
C8 0.184E-010
C9 0.588E-011
C10 0.122E-013
C3H 0.130E-002
C4H 0.169E-003
C4N 0.135E-010
C5H 0.230E-004
C6H 0.756E-006
C7H 0.129E-007
C8H 0.193E-009
C9H 0.349E-009
C10H 0.655E-013
CS 0.216E+002
CH3 0.268E-002
CH3CN 0.307E-004
CH3OH 0.537E-009
OCS 0.149E-004
CH4 0.711E+001
H 0.101E+001
H2 0.204E+007
NH2 0.229E-003
NH3 0.122E+000
C10H2 0.221E-014
H2CCC 0.877E-005
HC3N 0.199E-003
HC4H 0.816E-003
C5H2 0.889E-004
HC5N 0.856E-009
C6H2 0.208E-003
C7H2 0.107E-007
C8H2 0.220E-009
C9H2 0.370E-009
HS 0.369E-004
C2N 0.170E-008
C3N 0.107E-003
C5N 0.294E-010
C7N 0.923E-014
HC7N 0.334E-009
C9N 0.235E-015
HC9N 0.479E-015
NO 0.835E-008
NS 0.309E-010
NO2 0.468E-017
SO2 0.600E-016
C2O 0.542E-010
SO 0.304E-008
HNC 0.490E-003
C2H4 0.139E+000
C2H5 0.238E-012
C2H5OH 0.138E-013
C2S 0.668E-006
C3O 0.143E-008
C3S 0.112E-005
C4H3 0.353E-006
C4S 0.134E-009
C6H6 0.126E-003
CCP 0.413E-009
CCL 0.262E-009
CH2CCH2 0.367E-008
CH2CCH 0.471E-003
CH2CN 0.189E-010
CH2CO 0.119E-007
CH3CCH 0.441E-006
CH3CHCH2 0.104E-016
CH3CHO 0.771E-008
CH3COCH3 0.240E-018
CH3OCH3 0.441E-020
CP 0.478E-004
CLO 0.278E-026
FE 0.000E+000
H2S 0.814E-002
H2SIO 0.875E-022
HCOOCH3 0.568E-020
HCP 0.509E-001
HPO 0.226E-015
MG 0.000E+000
NCCN 0.163E-007
NA 0.000E+000
P 0.427E-007
PH 0.435E-008
PO 0.222E-010
SI 0.435E-001
SIC2 0.381E+002
SIC2H 0.119E-002
SIC3 0.303E-004
SIC 0.471E-003
SICH2 0.157E-009
SICH3 0.847E-013
SIH2 0.105E-012
SIH3 0.711E-017
SIN 0.434E-008
SIS 0.122E+002
S 0.158E-001
N2 0.814E+002
C2H3 0.327E-005
CH3CH3 0.135E-020
PN 0.765E-013
CL 0.159E-002
C3H2 0.119E-004
C4P 0.253E-018
CH3C4H 0.176E-004
CH3C6H 0.122E-008
H2CS 0.383E-007
H2S2 0.651E-011
HC2P 0.432E-012
HCSI 0.138E-005
HCL 0.660E+000
HNSI 0.408E-008
HS2 0.683E-011
N2O 0.695E-017
PH2 0.287E-019
S2 0.513E-010
SIC2H2 0.586E-005
SIC3H 0.322E-010
SIC4 0.303E-004
SIH4 0.117E-015
SIH 0.279E-008
SINC 0.136E-010
SIO 0.102E+002
F 0.546E-007
HE 0.346E+006
HCNO 0.640E-017
HNCO 0.274E-009
HONC 0.198E-024
HNO 0.517E-008
HCOOH 0.107E-008
C11 0.352E-017
C2H5CN 0.155E-013
C3P 0.587E-017
CH2CHCCH 0.209E-008
CH2CHCHCH2 0.533E-014
CH2CHCN 0.317E-005
CH2NH 0.543E-008
CH2PH 0.124E-014
CH3C3N 0.323E-010
CH3C5N 0.387E-019
CH3C7N 0.697E-020
CNO 0.128E-030
H2CN 0.509E-008
H2O2 0.325E-025
HCS 0.468E-009
HF 0.346E-001
HNC3 0.116E-006
HOCN 0.273E-009
NH2CN 0.118E-007
O2H 0.592E-019
OCN 0.521E-007
SIO2 0.188E-006
HCO+ 0.112E-003
H+ 0.555E-006
HOC+ 0.109E-007
C+ 0.146E-003
C10H+ 0.160E-012
C2H4+ 0.859E-004
C2H5+ 0.560E-005
C2H5OH+ 0.106E-016
C2O+ 0.148E-016
C2S+ 0.187E-010
C3O+ 0.377E-019
C3S+ 0.266E-009
C4H3+ 0.353E-002
C4S+ 0.277E-011
C6H6+ 0.866E-010
CCP+ 0.180E-007
CCL+ 0.395E-006
CH2+ 0.463E-008
C3H4+ 0.443E-005
CH2CCH+ 0.125E-005
CH2CN+ 0.348E-008
CH2CO+ 0.674E-008
C3H6+ 0.168E-024
CH3CHO+ 0.952E-011
CH3COCH3+ 0.791E-022
CH3OCH3+ 0.324E-023
CH+ 0.246E-009
CP+ 0.343E-014
CLO+ 0.155E-032
FE+ 0.000E+000
H2CO+ 0.190E-009
H2S+ 0.102E-004
H2SIO+ 0.356E-015
C4H2+ 0.153E-003
COOCH4+ 0.987E-026
HCP+ 0.185E-011
HPO+ 0.374E-010
MG+ 0.000E+000
C2N+ 0.615E-008
CNC+ 0.680E-004
NH3+ 0.271E-004
NO+ 0.981E-008
NS+ 0.193E-009
NA+ 0.000E+000
OCS+ 0.206E-007
P+ 0.175E-009
PH+ 0.684E-014
PO+ 0.651E-011
SO+ 0.109E-008
SI+ 0.167E-003
SIC2+ 0.232E-007
SIC2H+ 0.446E-003
SIC3+ 0.589E-008
SIC+ 0.209E-005
SICH2+ 0.119E-004
SICH3+ 0.220E-009
SIH2+ 0.312E-008
SIH3+ 0.313E-011
SIN+ 0.145E-010
SIS+ 0.203E-004
C2+ 0.303E-008
S+ 0.140E-004
CN+ 0.333E-010
CO+ 0.367E-010
N2+ 0.822E-011
O2+ 0.360E-011
C2H+ 0.340E-008
C2H2+ 0.234E-002
C2H3+ 0.590E-001
C5H2+ 0.136E-005
C6H2+ 0.819E-007
C7H2+ 0.173E-008
C3H3+ 0.731E-005
CO2+ 0.574E-018
HC3N+ 0.227E-007
HCN+ 0.299E-009
C2N2+ 0.503E-015
C3+ 0.231E-010
C5+ 0.171E-013
CH3CH3+ 0.738E-019
PN+ 0.316E-020
H2O+ 0.108E-006
NH2+ 0.795E-010
O+ 0.147E-011
OH+ 0.900E-011
CH3+ 0.123E-004
CH4+ 0.682E-006
CH3OH+ 0.251E-012
N+ 0.307E-007
SO2+ 0.141E-027
CS+ 0.612E-006
CL+ 0.373E-010
C10+ 0.138E-016
C10H2+ 0.155E-012
C3H2+ 0.207E-004
C3H+ 0.347E-004
C4+ 0.218E-010
C4H+ 0.967E-010
C4P+ 0.495E-026
C5H+ 0.833E-008
C6+ 0.251E-012
C6H+ 0.135E-009
C7+ 0.184E-010
C7H+ 0.208E-009
C8+ 0.969E-014
C8H2+ 0.407E-009
C8H+ 0.256E-011
C9+ 0.183E-014
C9H2+ 0.526E-010
C9H+ 0.201E-012
CH3C4H+ 0.200E-006
C7H4+ 0.621E-008
CH3CN+ 0.433E-011
H2CS+ 0.695E-010
H2S2+ 0.858E-011
HC2P+ 0.304E-008
HC5N+ 0.102E-013
HC7N+ 0.114E-012
HC9N+ 0.235E-015
HCSI+ 0.160E-008
HCL+ 0.111E-007
HNSI+ 0.347E-014
HS2+ 0.302E-010
HS+ 0.342E-008
N2O+ 0.348E-021
NH+ 0.323E-013
PH2+ 0.867E-014
S2+ 0.278E-009
SIC2H2+ 0.296E-006
SIC3H+ 0.336E-009
SIC4+ 0.752E-009
SIH4+ 0.403E-025
SIH+ 0.217E-007
SINC+ 0.286E-006
SIO+ 0.375E-005
H2+ 0.570E-008
F+ 0.104E-012
HE+ 0.642E-006
C3N+ 0.324E-012
HCNO+ 0.476E-029
HNCO+ 0.155E-012
HONC+ 0.363E-036
HNO+ 0.100E-009
HCOOH+ 0.444E-012
NO2+ 0.213E-018
CH2CHCNH+ 0.342E-009
HCS+ 0.108E-002
C10H3+ 0.736E-015
C11+ 0.387E-016
C2H5CNH+ 0.412E-013
C2H5OH2+ 0.719E-013
C2H7+ 0.104E-027
C2NH+ 0.336E-006
C3H2O+ 0.261E-010
C3H5+ 0.898E-004
C3H7+ 0.355E-023
C4H4+ 0.757E-011
C4H5+ 0.180E-005
C4H7+ 0.911E-009
C4N+ 0.808E-012
C5H3+ 0.569E-004
C5H5+ 0.573E-004
C5N+ 0.414E-013
C6H3+ 0.246E-006
C6H4+ 0.645E-006
C6H5+ 0.372E-004
C6H7+ 0.195E-003
C7H3+ 0.203E-007
C7H5+ 0.543E-008
C7N+ 0.109E-014
C8H3+ 0.382E-008
C8H4+ 0.281E-008
C8H5+ 0.786E-014
C9H3+ 0.763E-009
C9H4+ 0.373E-009
C9H5+ 0.604E-014
C9N+ 0.103E-017
CF+ 0.161E-006
CH2CHCN+ 0.180E-009
CH2NH2+ 0.349E-009
CH3C3N+ 0.858E-013
CH3C3NH+ 0.178E-009
CH3C5NH+ 0.156E-018
CH3C7NH+ 0.457E-019
CH3CHOH+ 0.195E-007
CH3CNH+ 0.305E-004
CH3CO+ 0.552E-008
CH3COCH4+ 0.221E-017
CH3CS+ 0.231E-008
CH3OCH4+ 0.312E-019
CH3OH2+ 0.286E-009
CH4N+ 0.119E-007
CH5+ 0.363E-004
H2C4N+ 0.858E-013
H2C7N+ 0.126E-012
H2C9N+ 0.481E-014
H2CCL+ 0.825E-009
H2CNO+ 0.871E-009
H2CL+ 0.201E-004
H2F+ 0.275E-006
H2NC+ 0.118E-006
H2NCO+ 0.801E-023
H2NO+ 0.507E-016
H2OCN+ 0.878E-009
H2PO+ 0.227E-014
H3+ 0.501E-005
H3C3O+ 0.772E-008
H3C5N+ 0.219E-009
H3C7N+ 0.365E-013
H3C9N+ 0.124E-014
H3CO+ 0.923E-010
H3CS+ 0.158E-006
H3O+ 0.374E-003
H3S+ 0.406E-006
H3S2+ 0.536E-010
H3SIO+ 0.976E-020
H5C2O2+ 0.484E-019
HC2O+ 0.193E-005
HC2S+ 0.648E-005
HC3NH+ 0.346E-004
HC3O+ 0.283E-008
HC3S+ 0.388E-009
HC4N+ 0.856E-013
HC4S+ 0.291E-007
HC5NH+ 0.234E-009
HCNH+ 0.148E-001
HCNOH+ 0.801E-023
HCO2+ 0.217E-009
HCOOH2+ 0.636E-008
HF+ 0.304E-013
HN2O+ 0.304E-024
HNCOH+ 0.175E-008
HNS+ 0.213E-014
HOCN+ 0.137E-014
HOCS+ 0.275E-010
HPN+ 0.284E-018
HSO+ 0.609E-012
HSO2+ 0.132E-022
HSIO2+ 0.691E-012
HSIS+ 0.339E-004
HEH+ 0.840E-010
N2H+ 0.425E-006
NCCNCH3+ 0.599E-018
NCCNH+ 0.535E-011
NH2CNH+ 0.176E-013
NH4+ 0.216E-003
O2H+ 0.715E-016
OCN+ 0.342E-013
PC2H2+ 0.481E-011
PC2H3+ 0.895E-017
PC2H4+ 0.245E-015
PC3H+ 0.254E-015
PC4H+ 0.286E-014
PCH2+ 0.579E-006
PCH3+ 0.434E-015
PCH4+ 0.109E-013
PH3+ 0.307E-018
PNH2+ 0.557E-012
PNH3+ 0.224E-015
SIC2H3+ 0.402E-004
SIC3H2+ 0.477E-009
SIC4H+ 0.206E-003
SICH4+ 0.222E-009
SIF+ 0.112E-006
SIH5+ 0.169E-015
SINCH+ 0.138E-009
SINH2+ 0.418E-007
SIOH+ 0.425E-002
