C- 0.603E-010
E 0.823E-001
C2- 0.217E-012
C3- 0.186E-010
C4- 0.792E-010
C5- 0.413E-009
C6- 0.724E-010
C7- 0.635E-011
C8- 0.154E-011
C10- 0.297E-015
C2H- 0.108E-005
C3H- 0.193E-010
C3N- 0.930E-008
C4H- 0.182E-009
C5H- 0.582E-006
C6H- 0.166E-007
C7H- 0.133E-008
C8H- 0.494E-011
C9- 0.113E-011
C9H- 0.324E-010
CH- 0.466E-010
O- 0.580E-013
OH- 0.406E-008
S- 0.313E-011
CN- 0.634E-006
H- 0.149E-007
C10H- 0.122E-015
C5N- 0.202E-011
O2- 0.836E-025
C 0.596E+000
C2 0.155E-001
CH2 0.135E-001
C2H2 0.775E+002
CH 0.242E-003
C2H 0.845E-001
CO2 0.107E-004
CO 0.142E+004
H2O 0.452E+001
H2CO 0.168E-006
N 0.417E-001
CN 0.177E+000
NH 0.614E-004
HCN 0.724E+002
O2 0.702E-007
O 0.609E+000
OH 0.592E-002
HCO 0.291E-006
C4 0.758E-006
C3 0.123E-002
C5 0.413E-007
C6 0.109E-008
C7 0.604E-010
C8 0.200E-010
C9 0.744E-011
C10 0.147E-013
C3H 0.124E-002
C4H 0.236E-003
C4N 0.280E-010
C5H 0.227E-004
C6H 0.877E-006
C7H 0.141E-007
C8H 0.265E-009
C9H 0.395E-009
C10H 0.754E-013
CS 0.188E+002
CH3 0.252E-002
CH3CN 0.284E-004
CH3OH 0.495E-009
OCS 0.172E-004
CH4 0.619E+001
H 0.935E+000
H2 0.177E+007
NH2 0.218E-003
NH3 0.106E+000
C10H2 0.379E-014
H2CCC 0.969E-005
HC3N 0.328E-003
HC4H 0.821E-003
C5H2 0.859E-004
HC5N 0.134E-008
C6H2 0.234E-003
C7H2 0.113E-007
C8H2 0.333E-009
C9H2 0.419E-009
HS 0.351E-004
C2N 0.219E-008
C3N 0.152E-003
C5N 0.329E-010
C7N 0.122E-013
HC7N 0.698E-009
C9N 0.334E-015
HC9N 0.104E-014
NO 0.796E-008
NS 0.386E-010
NO2 0.758E-017
SO2 0.105E-015
C2O 0.642E-010
SO 0.304E-008
HNC 0.482E-003
C2H4 0.121E+000
C2H5 0.251E-012
C2H5OH 0.141E-013
C2S 0.670E-006
C3O 0.155E-008
C3S 0.173E-005
C4H3 0.499E-006
C4S 0.167E-009
C6H6 0.122E-003
CCP 0.411E-009
CCL 0.251E-009
CH2CCH2 0.407E-008
CH2CCH 0.493E-003
CH2CN 0.188E-010
CH2CO 0.105E-007
CH3CCH 0.465E-006
CH3CHCH2 0.109E-016
CH3CHO 0.767E-008
CH3COCH3 0.247E-018
CH3OCH3 0.429E-020
CP 0.459E-004
CLO 0.243E-026
FE 0.000E+000
H2S 0.709E-002
H2SIO 0.138E-021
HCOOCH3 0.575E-020
HCP 0.443E-001
HPO 0.236E-015
MG 0.000E+000
NCCN 0.171E-007
NA 0.000E+000
P 0.450E-007
PH 0.411E-008
PO 0.211E-010
SI 0.409E-001
SIC2 0.332E+002
SIC2H 0.135E-002
SIC3 0.298E-004
SIC 0.475E-003
SICH2 0.276E-009
SICH3 0.933E-013
SIH2 0.160E-012
SIH3 0.981E-017
SIN 0.451E-008
SIS 0.106E+002
S 0.149E-001
N2 0.709E+002
C2H3 0.300E-005
CH3CH3 0.148E-020
PN 0.770E-013
CL 0.153E-002
C3H2 0.129E-004
C4P 0.379E-018
CH3C4H 0.169E-004
CH3C6H 0.125E-008
H2CS 0.383E-007
H2S2 0.658E-011
HC2P 0.430E-012
HCSI 0.140E-005
HCL 0.575E+000
HNSI 0.416E-008
HS2 0.696E-011
N2O 0.703E-017
PH2 0.350E-019
S2 0.573E-010
SIC2H2 0.616E-005
SIC3H 0.354E-010
SIC4 0.298E-004
SIH4 0.144E-015
SIH 0.276E-008
SINC 0.142E-010
SIO 0.888E+001
F 0.566E-007
HE 0.301E+006
HCNO 0.118E-016
HNCO 0.273E-009
HONC 0.292E-024
HNO 0.500E-008
HCOOH 0.105E-008
C11 0.409E-017
C2H5CN 0.155E-013
C3P 0.652E-017
CH2CHCCH 0.225E-008
CH2CHCHCH2 0.499E-014
CH2CHCN 0.287E-005
CH2NH 0.599E-008
CH2PH 0.126E-014
CH3C3N 0.324E-010
CH3C5N 0.585E-019
CH3C7N 0.147E-019
CNO 0.237E-030
H2CN 0.481E-008
H2O2 0.283E-025
HCS 0.751E-009
HF 0.301E-001
HNC3 0.115E-006
HOCN 0.272E-009
NH2CN 0.200E-007
O2H 0.578E-019
OCN 0.437E-007
SIO2 0.189E-006
HCO+ 0.105E-003
H+ 0.551E-006
HOC+ 0.108E-007
C+ 0.148E-003
C10H+ 0.182E-012
C2H4+ 0.806E-004
C2H5+ 0.494E-005
C2H5OH+ 0.116E-016
C2O+ 0.187E-016
C2S+ 0.203E-010
C3O+ 0.482E-019
C3S+ 0.278E-009
C4H3+ 0.314E-002
C4S+ 0.440E-011
C6H6+ 0.910E-010
CCP+ 0.169E-007
CCL+ 0.376E-006
CH2+ 0.495E-008
C3H4+ 0.414E-005
CH2CCH+ 0.118E-005
CH2CN+ 0.329E-008
CH2CO+ 0.691E-008
C3H6+ 0.201E-024
CH3CHO+ 0.102E-010
CH3COCH3+ 0.885E-022
CH3OCH3+ 0.344E-023
CH+ 0.239E-009
CP+ 0.383E-014
CLO+ 0.149E-032
FE+ 0.000E+000
H2CO+ 0.194E-009
H2S+ 0.956E-005
H2SIO+ 0.546E-015
C4H2+ 0.143E-003
COOCH4+ 0.110E-025
HCP+ 0.187E-011
HPO+ 0.355E-010
MG+ 0.000E+000
C2N+ 0.620E-008
CNC+ 0.654E-004
NH3+ 0.268E-004
NO+ 0.893E-008
NS+ 0.181E-009
NA+ 0.000E+000
OCS+ 0.249E-007
P+ 0.181E-009
PH+ 0.699E-014
PO+ 0.618E-011
SO+ 0.102E-008
SI+ 0.170E-003
SIC2+ 0.246E-007
SIC2H+ 0.424E-003
SIC3+ 0.623E-008
SIC+ 0.200E-005
SICH2+ 0.112E-004
SICH3+ 0.218E-009
SIH2+ 0.294E-008
SIH3+ 0.472E-011
SIN+ 0.163E-010
SIS+ 0.194E-004
C2+ 0.328E-008
S+ 0.144E-004
CN+ 0.338E-010
CO+ 0.365E-010
N2+ 0.820E-011
O2+ 0.365E-011
C2H+ 0.374E-008
C2H2+ 0.234E-002
C2H3+ 0.555E-001
C5H2+ 0.121E-005
C6H2+ 0.989E-007
C7H2+ 0.176E-008
C3H3+ 0.684E-005
CO2+ 0.634E-018
HC3N+ 0.255E-007
HCN+ 0.299E-009
C2N2+ 0.534E-015
C3+ 0.293E-010
C5+ 0.281E-013
CH3CH3+ 0.846E-019
PN+ 0.346E-020
H2O+ 0.108E-006
NH2+ 0.866E-010
O+ 0.149E-011
OH+ 0.951E-011
CH3+ 0.124E-004
CH4+ 0.676E-006
CH3OH+ 0.248E-012
N+ 0.302E-007
SO2+ 0.289E-027
CS+ 0.612E-006
CL+ 0.413E-010
C10+ 0.184E-016
C10H2+ 0.177E-012
C3H2+ 0.194E-004
C3H+ 0.328E-004
C4+ 0.220E-010
C4H+ 0.975E-010
C4P+ 0.737E-026
C5H+ 0.884E-008
C6+ 0.289E-012
C6H+ 0.214E-009
C7+ 0.228E-010
C7H+ 0.231E-009
C8+ 0.114E-013
C8H2+ 0.502E-009
C8H+ 0.315E-011
C9+ 0.250E-014
C9H2+ 0.576E-010
C9H+ 0.244E-012
CH3C4H+ 0.183E-006
C7H4+ 0.640E-008
CH3CN+ 0.456E-011
H2CS+ 0.644E-010
H2S2+ 0.960E-011
HC2P+ 0.282E-008
HC5N+ 0.100E-013
HC7N+ 0.247E-012
HC9N+ 0.276E-015
HCSI+ 0.164E-008
HCL+ 0.111E-007
HNSI+ 0.346E-014
HS2+ 0.297E-010
HS+ 0.334E-008
N2O+ 0.402E-021
NH+ 0.348E-013
PH2+ 0.906E-014
S2+ 0.268E-009
SIC2H2+ 0.282E-006
SIC3H+ 0.359E-009
SIC4+ 0.729E-009
SIH4+ 0.627E-025
SIH+ 0.215E-007
SINC+ 0.300E-006
SIO+ 0.374E-005
H2+ 0.570E-008
F+ 0.106E-012
HE+ 0.641E-006
C3N+ 0.344E-012
HCNO+ 0.102E-028
HNCO+ 0.149E-012
HONC+ 0.622E-036
HNO+ 0.988E-010
HCOOH+ 0.471E-012
NO2+ 0.225E-018
CH2CHCNH+ 0.375E-009
HCS+ 0.101E-002
C10H3+ 0.119E-014
C11+ 0.448E-016
C2H5CNH+ 0.395E-013
C2H5OH2+ 0.740E-013
C2H7+ 0.121E-027
C2NH+ 0.317E-006
C3H2O+ 0.371E-010
C3H5+ 0.804E-004
C3H7+ 0.380E-023
C4H4+ 0.111E-010
C4H5+ 0.168E-005
C4H7+ 0.859E-009
C4N+ 0.154E-011
C5H3+ 0.518E-004
C5H5+ 0.531E-004
C5N+ 0.445E-013
C6H3+ 0.244E-006
C6H4+ 0.833E-006
C6H5+ 0.314E-004
C6H7+ 0.184E-003
C7H3+ 0.211E-007
C7H5+ 0.571E-008
C7N+ 0.122E-014
C8H3+ 0.472E-008
C8H4+ 0.326E-008
C8H5+ 0.127E-013
C9H3+ 0.833E-009
C9H4+ 0.401E-009
C9H5+ 0.797E-014
C9N+ 0.129E-017
CF+ 0.155E-006
CH2CHCN+ 0.184E-009
CH2NH2+ 0.318E-009
CH3C3N+ 0.863E-013
CH3C3NH+ 0.169E-009
CH3C5NH+ 0.252E-018
CH3C7NH+ 0.995E-019
CH3CHOH+ 0.192E-007
CH3CNH+ 0.255E-004
CH3CO+ 0.478E-008
CH3COCH4+ 0.219E-017
CH3CS+ 0.218E-008
CH3OCH4+ 0.285E-019
CH3OH2+ 0.240E-009
CH4N+ 0.104E-007
CH5+ 0.358E-004
H2C4N+ 0.863E-013
H2C7N+ 0.144E-012
H2C9N+ 0.567E-014
H2CCL+ 0.758E-009
H2CNO+ 0.813E-009
H2CL+ 0.196E-004
H2F+ 0.257E-006
H2NC+ 0.113E-006
H2NCO+ 0.128E-022
H2NO+ 0.656E-016
H2OCN+ 0.820E-009
H2PO+ 0.224E-014
H3+ 0.499E-005
H3C3O+ 0.879E-008
H3C5N+ 0.217E-009
H3C7N+ 0.409E-013
H3C9N+ 0.142E-014
H3CO+ 0.916E-010
H3CS+ 0.148E-006
H3O+ 0.344E-003
H3S+ 0.378E-006
H3S2+ 0.508E-010
H3SIO+ 0.141E-019
H5C2O2+ 0.448E-019
HC2O+ 0.182E-005
HC2S+ 0.614E-005
HC3NH+ 0.329E-004
HC3O+ 0.259E-008
HC3S+ 0.419E-009
HC4N+ 0.861E-013
HC4S+ 0.282E-007
HC5NH+ 0.226E-009
HCNH+ 0.135E-001
HCNOH+ 0.128E-022
HCO2+ 0.217E-009
HCOOH2+ 0.600E-008
HF+ 0.309E-013
HN2O+ 0.384E-024
HNCOH+ 0.163E-008
HNS+ 0.258E-014
HOCN+ 0.137E-014
HOCS+ 0.321E-010
HPN+ 0.307E-018
HSO+ 0.624E-012
HSO2+ 0.228E-022
HSIO2+ 0.749E-012
HSIS+ 0.330E-004
HEH+ 0.840E-010
N2H+ 0.422E-006
NCCNCH3+ 0.707E-018
NCCNH+ 0.546E-011
NH2CNH+ 0.303E-013
NH4+ 0.194E-003
O2H+ 0.738E-016
OCN+ 0.345E-013
PC2H2+ 0.448E-011
PC2H3+ 0.963E-017
PC2H4+ 0.237E-015
PC3H+ 0.272E-015
PC4H+ 0.305E-014
PCH2+ 0.534E-006
PCH3+ 0.462E-015
PCH4+ 0.105E-013
PH3+ 0.368E-018
PNH2+ 0.521E-012
PNH3+ 0.219E-015
SIC2H3+ 0.375E-004
SIC3H2+ 0.517E-009
SIC4H+ 0.187E-003
SICH4+ 0.220E-009
SIF+ 0.108E-006
SIH5+ 0.240E-015
SINCH+ 0.137E-009
SINH2+ 0.404E-007
SIOH+ 0.407E-002
