C- 0.668E-010
E 0.812E-001
C2- 0.329E-012
C3- 0.184E-010
C4- 0.127E-009
C5- 0.458E-009
C6- 0.891E-010
C7- 0.804E-011
C8- 0.176E-011
C10- 0.388E-015
C2H- 0.102E-005
C3H- 0.192E-010
C3N- 0.141E-007
C4H- 0.220E-009
C5H- 0.617E-006
C6H- 0.184E-007
C7H- 0.151E-008
C8H- 0.681E-011
C9- 0.146E-011
C9H- 0.386E-010
CH- 0.541E-010
O- 0.649E-013
OH- 0.405E-008
S- 0.356E-011
CN- 0.586E-006
H- 0.146E-007
C10H- 0.162E-015
C5N- 0.227E-011
O2- 0.111E-024
C 0.588E+000
C2 0.155E-001
CH2 0.134E-001
C2H2 0.675E+002
CH 0.290E-003
C2H 0.923E-001
CO2 0.111E-004
CO 0.124E+004
H2O 0.393E+001
H2CO 0.183E-006
N 0.413E-001
CN 0.179E+000
NH 0.617E-004
HCN 0.630E+002
O2 0.793E-007
O 0.602E+000
OH 0.589E-002
HCO 0.278E-006
C4 0.120E-005
C3 0.119E-002
C5 0.451E-007
C6 0.144E-008
C7 0.773E-010
C8 0.224E-010
C9 0.993E-011
C10 0.214E-013
C3H 0.119E-002
C4H 0.326E-003
C4N 0.603E-010
C5H 0.224E-004
C6H 0.110E-005
C7H 0.161E-007
C8H 0.400E-009
C9H 0.461E-009
C10H 0.101E-012
CS 0.164E+002
CH3 0.252E-002
CH3CN 0.264E-004
CH3OH 0.457E-009
OCS 0.212E-004
CH4 0.539E+001
H 0.926E+000
H2 0.154E+007
NH2 0.219E-003
NH3 0.922E-001
C10H2 0.765E-014
H2CCC 0.114E-004
HC3N 0.535E-003
HC4H 0.887E-003
C5H2 0.834E-004
HC5N 0.215E-008
C6H2 0.273E-003
C7H2 0.122E-007
C8H2 0.553E-009
C9H2 0.488E-009
HS 0.350E-004
C2N 0.307E-008
C3N 0.211E-003
C5N 0.396E-010
C7N 0.186E-013
HC7N 0.148E-008
C9N 0.524E-015
HC9N 0.265E-014
NO 0.903E-008
NS 0.531E-010
NO2 0.128E-016
SO2 0.208E-015
C2O 0.784E-010
SO 0.354E-008
HNC 0.477E-003
C2H4 0.105E+000
C2H5 0.271E-012
C2H5OH 0.146E-013
C2S 0.674E-006
C3O 0.173E-008
C3S 0.265E-005
C4H3 0.690E-006
C4S 0.222E-009
C6H6 0.120E-003
CCP 0.409E-009
CCL 0.242E-009
CH2CCH2 0.483E-008
CH2CCH 0.556E-003
CH2CN 0.202E-010
CH2CO 0.985E-008
CH3CCH 0.505E-006
CH3CHCH2 0.122E-016
CH3CHO 0.775E-008
CH3COCH3 0.257E-018
CH3OCH3 0.422E-020
CP 0.467E-004
CLO 0.211E-026
FE 0.000E+000
H2S 0.617E-002
H2SIO 0.233E-021
HCOOCH3 0.581E-020
HCP 0.386E-001
HPO 0.247E-015
MG 0.000E+000
NCCN 0.204E-007
NA 0.000E+000
P 0.531E-007
PH 0.387E-008
PO 0.200E-010
SI 0.407E-001
SIC2 0.289E+002
SIC2H 0.165E-002
SIC3 0.293E-004
SIC 0.484E-003
SICH2 0.507E-009
SICH3 0.106E-012
SIH2 0.251E-012
SIH3 0.142E-016
SIN 0.474E-008
SIS 0.924E+001
S 0.149E-001
N2 0.618E+002
C2H3 0.310E-005
CH3CH3 0.163E-020
PN 0.780E-013
CL 0.155E-002
C3H2 0.149E-004
C4P 0.613E-018
CH3C4H 0.164E-004
CH3C6H 0.131E-008
H2CS 0.386E-007
H2S2 0.667E-011
HC2P 0.429E-012
HCSI 0.143E-005
HCL 0.501E+000
HNSI 0.426E-008
HS2 0.714E-011
N2O 0.961E-017
PH2 0.433E-019
S2 0.666E-010
SIC2H2 0.655E-005
SIC3H 0.396E-010
SIC4 0.293E-004
SIH4 0.183E-015
SIH 0.298E-008
SINC 0.150E-010
SIO 0.773E+001
F 0.587E-007
HE 0.263E+006
HCNO 0.267E-016
HNCO 0.273E-009
HONC 0.481E-024
HNO 0.573E-008
HCOOH 0.103E-008
C11 0.607E-017
C2H5CN 0.156E-013
C3P 0.987E-017
CH2CHCCH 0.258E-008
CH2CHCHCH2 0.478E-014
CH2CHCN 0.292E-005
CH2NH 0.705E-008
CH2PH 0.129E-014
CH3C3N 0.342E-010
CH3C5N 0.949E-019
CH3C7N 0.334E-019
CNO 0.536E-030
H2CN 0.540E-008
H2O2 0.246E-025
HCS 0.128E-008
HF 0.263E-001
HNC3 0.135E-006
HOCN 0.272E-009
NH2CN 0.335E-007
O2H 0.734E-019
OCN 0.375E-007
SIO2 0.210E-006
HCO+ 0.104E-003
H+ 0.548E-006
HOC+ 0.110E-007
C+ 0.165E-003
C10H+ 0.245E-012
C2H4+ 0.797E-004
C2H5+ 0.482E-005
C2H5OH+ 0.136E-016
C2O+ 0.251E-016
C2S+ 0.236E-010
C3O+ 0.700E-019
C3S+ 0.298E-009
C4H3+ 0.309E-002
C4S+ 0.741E-011
C6H6+ 0.988E-010
CCP+ 0.161E-007
CCL+ 0.365E-006
CH2+ 0.562E-008
C3H4+ 0.410E-005
CH2CCH+ 0.125E-005
CH2CN+ 0.346E-008
CH2CO+ 0.797E-008
C3H6+ 0.291E-024
CH3CHO+ 0.115E-010
CH3COCH3+ 0.106E-021
CH3OCH3+ 0.389E-023
CH+ 0.261E-009
CP+ 0.500E-014
CLO+ 0.146E-032
FE+ 0.000E+000
H2CO+ 0.243E-009
H2S+ 0.944E-005
H2SIO+ 0.925E-015
C4H2+ 0.141E-003
COOCH4+ 0.122E-025
HCP+ 0.209E-011
HPO+ 0.336E-010
MG+ 0.000E+000
C2N+ 0.701E-008
CNC+ 0.656E-004
NH3+ 0.271E-004
NO+ 0.870E-008
NS+ 0.201E-009
NA+ 0.000E+000
OCS+ 0.343E-007
P+ 0.200E-009
PH+ 0.824E-014
PO+ 0.585E-011
SO+ 0.113E-008
SI+ 0.192E-003
SIC2+ 0.300E-007
SIC2H+ 0.404E-003
SIC3+ 0.685E-008
SIC+ 0.223E-005
SICH2+ 0.105E-004
SICH3+ 0.247E-009
SIH2+ 0.278E-008
SIH3+ 0.708E-011
SIN+ 0.225E-010
SIS+ 0.188E-004
C2+ 0.377E-008
S+ 0.166E-004
CN+ 0.343E-010
CO+ 0.366E-010
N2+ 0.818E-011
O2+ 0.434E-011
C2H+ 0.434E-008
C2H2+ 0.234E-002
C2H3+ 0.546E-001
C5H2+ 0.130E-005
C6H2+ 0.131E-006
C7H2+ 0.200E-008
C3H3+ 0.676E-005
CO2+ 0.754E-018
HC3N+ 0.301E-007
HCN+ 0.299E-009
C2N2+ 0.587E-015
C3+ 0.410E-010
C5+ 0.506E-013
CH3CH3+ 0.101E-018
PN+ 0.379E-020
H2O+ 0.108E-006
NH2+ 0.999E-010
O+ 0.152E-011
OH+ 0.105E-010
CH3+ 0.139E-004
CH4+ 0.671E-006
CH3OH+ 0.258E-012
N+ 0.301E-007
SO2+ 0.664E-027
CS+ 0.612E-006
CL+ 0.479E-010
C10+ 0.281E-016
C10H2+ 0.239E-012
C3H2+ 0.214E-004
C3H+ 0.361E-004
C4+ 0.274E-010
C4H+ 0.120E-009
C4P+ 0.117E-025
C5H+ 0.102E-007
C6+ 0.371E-012
C6H+ 0.342E-009
C7+ 0.341E-010
C7H+ 0.275E-009
C8+ 0.152E-013
C8H2+ 0.681E-009
C8H+ 0.447E-011
C9+ 0.382E-014
C9H2+ 0.711E-010
C9H+ 0.328E-012
CH3C4H+ 0.190E-006
C7H4+ 0.746E-008
CH3CN+ 0.494E-011
H2CS+ 0.699E-010
H2S2+ 0.120E-010
HC2P+ 0.262E-008
HC5N+ 0.123E-013
HC7N+ 0.586E-012
HC9N+ 0.400E-015
HCSI+ 0.203E-008
HCL+ 0.111E-007
HNSI+ 0.372E-014
HS2+ 0.311E-010
HS+ 0.380E-008
N2O+ 0.677E-021
NH+ 0.396E-013
PH2+ 0.935E-014
S2+ 0.264E-009
SIC2H2+ 0.316E-006
SIC3H+ 0.412E-009
SIC4+ 0.844E-009
SIH4+ 0.103E-024
SIH+ 0.252E-007
SINC+ 0.359E-006
SIO+ 0.374E-005
H2+ 0.570E-008
F+ 0.107E-012
HE+ 0.639E-006
C3N+ 0.414E-012
HCNO+ 0.271E-028
HNCO+ 0.152E-012
HONC+ 0.119E-035
HNO+ 0.111E-009
HCOOH+ 0.530E-012
NO2+ 0.288E-018
CH2CHCNH+ 0.507E-009
HCS+ 0.991E-003
C10H3+ 0.222E-014
C11+ 0.681E-016
C2H5CNH+ 0.407E-013
C2H5OH2+ 0.748E-013
C2H7+ 0.148E-027
C2NH+ 0.352E-006
C3H2O+ 0.546E-010
C3H5+ 0.791E-004
C3H7+ 0.493E-023
C4H4+ 0.177E-010
C4H5+ 0.174E-005
C4H7+ 0.910E-009
C4N+ 0.325E-011
C5H3+ 0.470E-004
C5H5+ 0.519E-004
C5N+ 0.582E-013
C6H3+ 0.284E-006
C6H4+ 0.111E-005
C6H5+ 0.311E-004
C6H7+ 0.179E-003
C7H3+ 0.241E-007
C7H5+ 0.662E-008
C7N+ 0.161E-014
C8H3+ 0.669E-008
C8H4+ 0.434E-008
C8H5+ 0.230E-013
C9H3+ 0.990E-009
C9H4+ 0.467E-009
C9H5+ 0.109E-013
C9N+ 0.198E-017
CF+ 0.151E-006
CH2CHCN+ 0.218E-009
CH2NH2+ 0.291E-009
CH3C3N+ 0.971E-013
CH3C3NH+ 0.179E-009
CH3C5NH+ 0.422E-018
CH3C7NH+ 0.225E-018
CH3CHOH+ 0.188E-007
CH3CNH+ 0.212E-004
CH3CO+ 0.415E-008
CH3COCH4+ 0.219E-017
CH3CS+ 0.210E-008
CH3OCH4+ 0.259E-019
CH3OH2+ 0.201E-009
CH4N+ 0.920E-008
CH5+ 0.357E-004
H2C4N+ 0.972E-013
H2C7N+ 0.202E-012
H2C9N+ 0.800E-014
H2CCL+ 0.722E-009
H2CNO+ 0.757E-009
H2CL+ 0.196E-004
H2F+ 0.238E-006
H2NC+ 0.109E-006
H2NCO+ 0.244E-022
H2NO+ 0.933E-016
H2OCN+ 0.764E-009
H2PO+ 0.220E-014
H3+ 0.497E-005
H3C3O+ 0.105E-007
H3C5N+ 0.249E-009
H3C7N+ 0.573E-013
H3C9N+ 0.196E-014
H3CO+ 0.102E-009
H3CS+ 0.142E-006
H3O+ 0.339E-003
H3S+ 0.383E-006
H3S2+ 0.480E-010
H3SIO+ 0.228E-019
H5C2O2+ 0.414E-019
HC2O+ 0.201E-005
HC2S+ 0.601E-005
HC3NH+ 0.333E-004
HC3O+ 0.276E-008
HC3S+ 0.514E-009
HC4N+ 0.969E-013
HC4S+ 0.336E-007
HC5NH+ 0.242E-009
HCNH+ 0.134E-001
HCNOH+ 0.244E-022
HCO2+ 0.246E-009
HCOOH2+ 0.558E-008
HF+ 0.314E-013
HN2O+ 0.700E-024
HNCOH+ 0.152E-008
HNS+ 0.327E-014
HOCN+ 0.137E-014
HOCS+ 0.396E-010
HPN+ 0.335E-018
HSO+ 0.720E-012
HSO2+ 0.442E-022
HSIO2+ 0.846E-012
HSIS+ 0.323E-004
HEH+ 0.840E-010
N2H+ 0.419E-006
NCCNCH3+ 0.111E-017
NCCNH+ 0.575E-011
NH2CNH+ 0.530E-013
NH4+ 0.176E-003
O2H+ 0.939E-016
OCN+ 0.379E-013
PC2H2+ 0.417E-011
PC2H3+ 0.105E-016
PC2H4+ 0.229E-015
PC3H+ 0.404E-015
PC4H+ 0.407E-014
PCH2+ 0.493E-006
PCH3+ 0.498E-015
PCH4+ 0.100E-013
PH3+ 0.446E-018
PNH2+ 0.485E-012
PNH3+ 0.214E-015
SIC2H3+ 0.349E-004
SIC3H2+ 0.596E-009
SIC4H+ 0.170E-003
SICH4+ 0.249E-009
SIF+ 0.108E-006
SIH5+ 0.344E-015
SINCH+ 0.138E-009
SINH2+ 0.401E-007
SIOH+ 0.413E-002
