C- 0.566E-010
E 0.737E-001
C2- 0.498E-012
C3- 0.184E-010
C4- 0.236E-009
C5- 0.517E-009
C6- 0.118E-009
C7- 0.107E-010
C8- 0.207E-011
C10- 0.532E-015
C2H- 0.961E-006
C3H- 0.193E-010
C3N- 0.213E-007
C4H- 0.231E-009
C5H- 0.658E-006
C6H- 0.215E-007
C7H- 0.177E-008
C8H- 0.104E-010
C9- 0.202E-011
C9H- 0.475E-010
CH- 0.639E-010
O- 0.607E-013
OH- 0.405E-008
S- 0.321E-011
CN- 0.541E-006
H- 0.145E-007
C10H- 0.225E-015
C5N- 0.268E-011
O2- 0.848E-025
C 0.527E+000
C2 0.142E-001
CH2 0.121E-001
C2H2 0.588E+002
CH 0.347E-003
C2H 0.986E-001
CO2 0.109E-004
CO 0.108E+004
H2O 0.343E+001
H2CO 0.164E-006
N 0.373E-001
CN 0.166E+000
NH 0.571E-004
HCN 0.549E+002
O2 0.681E-007
O 0.540E+000
OH 0.537E-002
HCO 0.255E-006
C4 0.171E-005
C3 0.117E-002
C5 0.478E-007
C6 0.210E-008
C7 0.101E-009
C8 0.262E-010
C9 0.139E-010
C10 0.258E-013
C3H 0.117E-002
C4H 0.441E-003
C4N 0.131E-009
C5H 0.221E-004
C6H 0.139E-005
C7H 0.196E-007
C8H 0.672E-009
C9H 0.562E-009
C10H 0.115E-012
CS 0.142E+002
CH3 0.230E-002
CH3CN 0.244E-004
CH3OH 0.424E-009
OCS 0.276E-004
CH4 0.469E+001
H 0.837E+000
H2 0.134E+007
NH2 0.203E-003
NH3 0.803E-001
C10H2 0.147E-013
H2CCC 0.121E-004
HC3N 0.867E-003
HC4H 0.857E-003
C5H2 0.818E-004
HC5N 0.360E-008
C6H2 0.324E-003
C7H2 0.137E-007
C8H2 0.995E-009
C9H2 0.593E-009
HS 0.339E-004
C2N 0.470E-008
C3N 0.286E-003
C5N 0.515E-010
C7N 0.335E-013
HC7N 0.318E-008
C9N 0.918E-015
HC9N 0.765E-014
NO 0.790E-008
NS 0.801E-010
NO2 0.230E-016
SO2 0.460E-015
C2O 0.100E-009
SO 0.367E-008
HNC 0.478E-003
C2H4 0.915E-001
C2H5 0.296E-012
C2H5OH 0.154E-013
C2S 0.682E-006
C3O 0.202E-008
C3S 0.400E-005
C4H3 0.937E-006
C4S 0.324E-009
C6H6 0.119E-003
CCP 0.409E-009
CCL 0.234E-009
CH2CCH2 0.516E-008
CH2CCH 0.610E-003
CH2CN 0.197E-010
CH2CO 0.865E-008
CH3CCH 0.568E-006
CH3CHCH2 0.130E-016
CH3CHO 0.791E-008
CH3COCH3 0.270E-018
CH3OCH3 0.413E-020
CP 0.442E-004
CLO 0.184E-026
FE 0.000E+000
H2S 0.537E-002
H2SIO 0.422E-021
HCOOCH3 0.589E-020
HCP 0.336E-001
HPO 0.261E-015
MG 0.000E+000
NCCN 0.217E-007
NA 0.000E+000
P 0.542E-007
PH 0.365E-008
PO 0.190E-010
SI 0.372E-001
SIC2 0.251E+002
SIC2H 0.195E-002
SIC3 0.289E-004
SIC 0.498E-003
SICH2 0.955E-009
SICH3 0.127E-012
SIH2 0.404E-012
SIH3 0.213E-016
SIN 0.512E-008
SIS 0.804E+001
S 0.138E-001
N2 0.538E+002
C2H3 0.289E-005
CH3CH3 0.180E-020
PN 0.799E-013
CL 0.143E-002
C3H2 0.159E-004
C4P 0.107E-017
CH3C4H 0.162E-004
CH3C6H 0.143E-008
H2CS 0.392E-007
H2S2 0.679E-011
HC2P 0.430E-012
HCSI 0.146E-005
HCL 0.436E+000
HNSI 0.440E-008
HS2 0.741E-011
N2O 0.922E-017
PH2 0.548E-019
S2 0.814E-010
SIC2H2 0.706E-005
SIC3H 0.457E-010
SIC4 0.289E-004
SIH4 0.239E-015
SIH 0.284E-008
SINC 0.160E-010
SIO 0.673E+001
F 0.610E-007
HE 0.229E+006
HCNO 0.732E-016
HNCO 0.274E-009
HONC 0.965E-024
HNO 0.511E-008
HCOOH 0.101E-008
C11 0.658E-017
C2H5CN 0.156E-013
C3P 0.982E-017
CH2CHCCH 0.277E-008
CH2CHCHCH2 0.464E-014
CH2CHCN 0.264E-005
CH2NH 0.749E-008
CH2PH 0.133E-014
CH3C3N 0.390E-010
CH3C5N 0.166E-018
CH3C7N 0.815E-019
CNO 0.156E-029
H2CN 0.472E-008
H2O2 0.214E-025
HCS 0.230E-008
HF 0.229E-001
HNC3 0.127E-006
HOCN 0.273E-009
NH2CN 0.553E-007
O2H 0.718E-019
OCN 0.322E-007
SIO2 0.230E-006
HCO+ 0.947E-004
H+ 0.543E-006
HOC+ 0.109E-007
C+ 0.155E-003
C10H+ 0.281E-012
C2H4+ 0.722E-004
C2H5+ 0.397E-005
C2H5OH+ 0.148E-016
C2O+ 0.320E-016
C2S+ 0.251E-010
C3O+ 0.900E-019
C3S+ 0.323E-009
C4H3+ 0.260E-002
C4S+ 0.110E-010
C6H6+ 0.102E-009
CCP+ 0.147E-007
CCL+ 0.339E-006
CH2+ 0.584E-008
C3H4+ 0.369E-005
CH2CCH+ 0.109E-005
CH2CN+ 0.314E-008
CH2CO+ 0.770E-008
C3H6+ 0.330E-024
CH3CHO+ 0.123E-010
CH3COCH3+ 0.117E-021
CH3OCH3+ 0.406E-023
CH+ 0.285E-009
CP+ 0.512E-014
CLO+ 0.137E-032
FE+ 0.000E+000
H2CO+ 0.222E-009
H2S+ 0.848E-005
H2SIO+ 0.132E-014
C4H2+ 0.126E-003
COOCH4+ 0.133E-025
HCP+ 0.197E-011
HPO+ 0.317E-010
MG+ 0.000E+000
C2N+ 0.661E-008
CNC+ 0.607E-004
NH3+ 0.261E-004
NO+ 0.752E-008
NS+ 0.169E-009
NA+ 0.000E+000
OCS+ 0.450E-007
P+ 0.206E-009
PH+ 0.796E-014
PO+ 0.552E-011
SO+ 0.950E-009
SI+ 0.184E-003
SIC2+ 0.297E-007
SIC2H+ 0.380E-003
SIC3+ 0.756E-008
SIC+ 0.191E-005
SICH2+ 0.979E-005
SICH3+ 0.225E-009
SIH2+ 0.264E-008
SIH3+ 0.105E-010
SIN+ 0.250E-010
SIS+ 0.176E-004
C2+ 0.397E-008
S+ 0.163E-004
CN+ 0.348E-010
CO+ 0.363E-010
N2+ 0.817E-011
O2+ 0.399E-011
C2H+ 0.467E-008
C2H2+ 0.234E-002
C2H3+ 0.497E-001
C5H2+ 0.103E-005
C6H2+ 0.160E-006
C7H2+ 0.193E-008
C3H3+ 0.621E-005
CO2+ 0.846E-018
HC3N+ 0.324E-007
HCN+ 0.299E-009
C2N2+ 0.635E-015
C3+ 0.474E-010
C5+ 0.754E-013
CH3CH3+ 0.118E-018
PN+ 0.413E-020
H2O+ 0.108E-006
NH2+ 0.107E-009
O+ 0.154E-011
OH+ 0.109E-010
CH3+ 0.132E-004
CH4+ 0.665E-006
CH3OH+ 0.248E-012
N+ 0.294E-007
SO2+ 0.171E-026
CS+ 0.612E-006
CL+ 0.508E-010
C10+ 0.373E-016
C10H2+ 0.276E-012
C3H2+ 0.179E-004
C3H+ 0.305E-004
C4+ 0.238E-010
C4H+ 0.106E-009
C4P+ 0.197E-025
C5H+ 0.112E-007
C6+ 0.407E-012
C6H+ 0.528E-009
C7+ 0.400E-010
C7H+ 0.302E-009
C8+ 0.180E-013
C8H2+ 0.851E-009
C8H+ 0.586E-011
C9+ 0.554E-014
C9H2+ 0.804E-010
C9H+ 0.423E-012
CH3C4H+ 0.170E-006
C7H4+ 0.816E-008
CH3CN+ 0.511E-011
H2CS+ 0.628E-010
H2S2+ 0.146E-010
HC2P+ 0.242E-008
HC5N+ 0.105E-013
HC7N+ 0.128E-011
HC9N+ 0.463E-015
HCSI+ 0.187E-008
HCL+ 0.111E-007
HNSI+ 0.357E-014
HS2+ 0.297E-010
HS+ 0.351E-008
N2O+ 0.891E-021
NH+ 0.419E-013
PH2+ 0.980E-014
S2+ 0.251E-009
SIC2H2+ 0.275E-006
SIC3H+ 0.430E-009
SIC4+ 0.774E-009
SIH4+ 0.172E-024
SIH+ 0.241E-007
SINC+ 0.392E-006
SIO+ 0.374E-005
H2+ 0.570E-008
F+ 0.109E-012
HE+ 0.638E-006
C3N+ 0.411E-012
HCNO+ 0.863E-028
HNCO+ 0.141E-012
HONC+ 0.280E-035
HNO+ 0.987E-010
HCOOH+ 0.548E-012
NO2+ 0.262E-018
CH2CHCNH+ 0.632E-009
HCS+ 0.896E-003
C10H3+ 0.412E-014
C11+ 0.749E-016
C2H5CNH+ 0.378E-013
C2H5OH2+ 0.828E-013
C2H7+ 0.168E-027
C2NH+ 0.298E-006
C3H2O+ 0.817E-010
C3H5+ 0.672E-004
C3H7+ 0.511E-023
C4H4+ 0.302E-010
C4H5+ 0.166E-005
C4H7+ 0.883E-009
C4N+ 0.574E-011
C5H3+ 0.422E-004
C5H5+ 0.505E-004
C5N+ 0.613E-013
C6H3+ 0.264E-006
C6H4+ 0.149E-005
C6H5+ 0.245E-004
C6H7+ 0.181E-003
C7H3+ 0.265E-007
C7H5+ 0.788E-008
C7N+ 0.167E-014
C8H3+ 0.858E-008
C8H4+ 0.502E-008
C8H5+ 0.454E-013
C9H3+ 0.114E-008
C9H4+ 0.534E-009
C9H5+ 0.154E-013
C9N+ 0.254E-017
CF+ 0.142E-006
CH2CHCN+ 0.227E-009
CH2NH2+ 0.266E-009
CH3C3N+ 0.912E-013
CH3C3NH+ 0.165E-009
CH3C5NH+ 0.737E-018
CH3C7NH+ 0.520E-018
CH3CHOH+ 0.197E-007
CH3CNH+ 0.177E-004
CH3CO+ 0.359E-008
CH3COCH4+ 0.222E-017
CH3CS+ 0.196E-008
CH3OCH4+ 0.241E-019
CH3OH2+ 0.169E-009
CH4N+ 0.796E-008
CH5+ 0.349E-004
H2C4N+ 0.912E-013
H2C7N+ 0.270E-012
H2C9N+ 0.101E-013
H2CCL+ 0.658E-009
H2CNO+ 0.702E-009
H2CL+ 0.188E-004
H2F+ 0.219E-006
H2NC+ 0.102E-006
H2NCO+ 0.580E-022
H2NO+ 0.125E-015
H2OCN+ 0.709E-009
H2PO+ 0.216E-014
H3+ 0.494E-005
H3C3O+ 0.132E-007
H3C5N+ 0.260E-009
H3C7N+ 0.777E-013
H3C9N+ 0.241E-014
H3CO+ 0.940E-010
H3CS+ 0.131E-006
H3O+ 0.298E-003
H3S+ 0.352E-006
H3S2+ 0.452E-010
H3SIO+ 0.313E-019
H5C2O2+ 0.381E-019
HC2O+ 0.169E-005
HC2S+ 0.557E-005
HC3NH+ 0.307E-004
HC3O+ 0.226E-008
HC3S+ 0.557E-009
HC4N+ 0.910E-013
HC4S+ 0.333E-007
HC5NH+ 0.232E-009
HCNH+ 0.118E-001
HCNOH+ 0.580E-022
HCO2+ 0.227E-009
HCOOH2+ 0.521E-008
HF+ 0.318E-013
HN2O+ 0.120E-023
HNCOH+ 0.141E-008
HNS+ 0.412E-014
HOCN+ 0.137E-014
HOCS+ 0.513E-010
HPN+ 0.360E-018
HSO+ 0.704E-012
HSO2+ 0.962E-022
HSIO2+ 0.991E-012
HSIS+ 0.313E-004
HEH+ 0.840E-010
N2H+ 0.416E-006
NCCNCH3+ 0.129E-017
NCCNH+ 0.589E-011
NH2CNH+ 0.918E-013
NH4+ 0.157E-003
O2H+ 0.858E-016
OCN+ 0.369E-013
PC2H2+ 0.385E-011
PC2H3+ 0.114E-016
PC2H4+ 0.220E-015
PC3H+ 0.360E-015
PC4H+ 0.396E-014
PCH2+ 0.451E-006
PCH3+ 0.532E-015
PCH4+ 0.949E-014
PH3+ 0.561E-018
PNH2+ 0.448E-012
PNH3+ 0.207E-015
SIC2H3+ 0.322E-004
SIC3H2+ 0.681E-009
SIC4H+ 0.152E-003
SICH4+ 0.227E-009
SIF+ 0.104E-006
SIH5+ 0.491E-015
SINCH+ 0.139E-009
SINH2+ 0.385E-007
SIOH+ 0.388E-002
