C- 0.247E-009
E 0.428E+000
C2- 0.857E-016
C3- 0.200E-012
C4- 0.215E-013
C5- 0.383E-013
C6- 0.617E-015
C7- 0.708E-017
C8- 0.687E-017
C10- 0.320E-023
C2H- 0.853E-006
C3H- 0.200E-012
C3N- 0.289E-011
C4H- 0.609E-014
C5H- 0.429E-010
C6H- 0.335E-011
C7H- 0.177E-013
C8H- 0.541E-017
C9- 0.137E-017
C9H- 0.636E-017
CH- 0.503E-013
O- 0.213E-013
OH- 0.451E-008
S- 0.944E-011
CN- 0.687E-006
H- 0.229E-007
C10H- 0.761E-024
C5N- 0.591E-017
O2- 0.401E-036
C 0.325E+001
C2 0.815E-001
CH2 0.759E-001
C2H2 0.214E+004
CH 0.715E-004
C2H 0.853E-002
CO2 0.303E-003
CO 0.391E+005
H2O 0.127E+003
H2CO 0.300E-005
N 0.228E+000
CN 0.195E-001
NH 0.343E-003
HCN 0.200E+004
O2 0.224E-009
O 0.118E+001
OH 0.128E+000
HCO 0.604E-005
C4 0.381E-008
C3 0.125E-002
C5 0.203E-009
C6 0.714E-012
C7 0.904E-014
C8 0.823E-014
C9 0.587E-015
C10 0.172E-015
C3H 0.125E-002
C4H 0.163E-004
C4N 0.369E-014
C5H 0.174E-006
C6H 0.125E-007
C7H 0.182E-010
C8H 0.192E-013
C9H 0.767E-014
C10H 0.114E-015
CS 0.518E+003
CH3 0.388E-001
CH3CN 0.498E-005
CH3OH 0.210E-009
OCS 0.398E-005
CH4 0.171E+003
H 0.106E+002
H2 0.488E+008
NH2 0.875E-003
NH3 0.293E+001
C10H2 0.346E-020
H2CCC 0.602E-007
HC3N 0.124E-005
HC4H 0.474E-003
C5H2 0.168E-005
HC5N 0.347E-011
C6H2 0.112E-004
C7H2 0.190E-010
C8H2 0.116E-013
C9H2 0.709E-014
HS 0.143E-003
C2N 0.893E-011
C3N 0.125E-005
C5N 0.309E-012
C7N 0.213E-018
HC7N 0.407E-015
C9N 0.623E-022
HC9N 0.569E-022
NO 0.193E-006
NS 0.371E-012
NO2 0.377E-021
SO2 0.101E-020
C2O 0.899E-013
SO 0.395E-008
HNC 0.747E-004
C2H4 0.334E+001
C2H5 0.462E-011
C2H5OH 0.161E-014
C2S 0.603E-008
C3O 0.644E-011
C3S 0.162E-007
C4H3 0.458E-008
C4S 0.143E-013
C6H6 0.103E-004
CCP 0.455E-011
CCL 0.462E-011
CH2CCH2 0.214E-010
CH2CCH 0.283E-002
CH2CN 0.877E-011
CH2CO 0.405E-005
CH3CCH 0.188E-007
CH3CHCH2 0.244E-016
CH3CHO 0.929E-009
CH3COCH3 0.356E-022
CH3OCH3 0.156E-022
CP 0.230E-003
CLO 0.201E-023
FE 0.000E+000
H2S 0.195E+000
H2SIO 0.951E-029
HCOOCH3 0.614E-024
HCP 0.122E+001
HPO 0.102E-017
MG 0.000E+000
NCCN 0.983E-009
NA 0.000E+000
P 0.394E-007
PH 0.357E-008
PO 0.443E-011
SI 0.215E+000
SIC2 0.914E+003
SIC2H 0.941E-002
SIC3 0.115E-006
SIC 0.165E-003
SICH2 0.536E-011
SICH3 0.279E-015
SIH2 0.106E-016
SIH3 0.520E-021
SIN 0.242E-010
SIS 0.292E+003
S 0.832E-001
N2 0.195E+004
C2H3 0.612E-005
CH3CH3 0.399E-021
PN 0.788E-015
CL 0.180E-003
C3H2 0.489E-006
C4P 0.312E-024
CH3C4H 0.363E-006
CH3C6H 0.347E-011
H2CS 0.448E-009
H2S2 0.245E-013
HC2P 0.467E-014
HCSI 0.517E-008
HCL 0.159E+002
HNSI 0.231E-010
HS2 0.246E-013
N2O 0.115E-015
PH2 0.596E-023
S2 0.179E-012
SIC2H2 0.409E-007
SIC3H 0.391E-014
SIC4 0.115E-006
SIH4 0.212E-018
SIH 0.312E-009
SINC 0.487E-013
SIO 0.245E+003
F 0.333E-004
HE 0.830E+007
HCNO 0.110E-019
HNCO 0.303E-011
HONC 0.417E-030
HNO 0.926E-008
HCOOH 0.120E-009
C11 0.298E-020
C2H5CN 0.226E-016
C3P 0.506E-017
CH2CHCCH 0.162E-010
CH2CHCHCH2 0.186E-012
CH2CHCN 0.562E-005
CH2NH 0.458E-008
CH2PH 0.817E-017
CH3C3N 0.110E-011
CH3C5N 0.157E-025
CH3C7N 0.155E-027
CNO 0.255E-036
H2CN 0.824E-007
H2O2 0.554E-024
HCS 0.592E-011
HF 0.830E+000
HNC3 0.262E-006
HOCN 0.302E-011
NH2CN 0.416E-010
O2H 0.385E-020
OCN 0.501E-004
SIO2 0.144E-004
HCO+ 0.262E-003
H+ 0.280E-005
HOC+ 0.347E-009
C+ 0.327E-004
C10H+ 0.705E-014
C2H4+ 0.350E-003
C2H5+ 0.809E-004
C2H5OH+ 0.230E-018
C2O+ 0.224E-018
C2S+ 0.400E-011
C3O+ 0.132E-023
C3S+ 0.116E-010
C4H3+ 0.598E-001
C4S+ 0.880E-014
C6H6+ 0.612E-013
CCP+ 0.881E-008
CCL+ 0.145E-006
CH2+ 0.113E-007
C3H4+ 0.203E-004
CH2CCH+ 0.375E-004
CH2CN+ 0.115E-007
CH2CO+ 0.262E-007
C3H6+ 0.137E-025
CH3CHO+ 0.194E-012
CH3COCH3+ 0.245E-026
CH3OCH3+ 0.105E-026
CH+ 0.137E-007
CP+ 0.167E-015
CLO+ 0.368E-032
FE+ 0.000E+000
H2CO+ 0.127E-008
H2S+ 0.520E-004
H2SIO+ 0.569E-018
C4H2+ 0.801E-003
COOCH4+ 0.145E-031
HCP+ 0.490E-012
HPO+ 0.374E-010
MG+ 0.000E+000
C2N+ 0.626E-008
CNC+ 0.385E-004
NH3+ 0.156E-004
NO+ 0.620E-007
NS+ 0.107E-008
NA+ 0.000E+000
OCS+ 0.543E-008
P+ 0.148E-009
PH+ 0.229E-014
PO+ 0.465E-011
SO+ 0.228E-008
SI+ 0.195E-003
SIC2+ 0.157E-007
SIC2H+ 0.934E-003
SIC3+ 0.950E-009
SIC+ 0.213E-005
SICH2+ 0.348E-005
SICH3+ 0.284E-009
SIH2+ 0.223E-008
SIH3+ 0.101E-013
SIN+ 0.175E-010
SIS+ 0.899E-005
C2+ 0.663E-009
S+ 0.120E-004
CN+ 0.234E-010
CO+ 0.375E-010
N2+ 0.857E-011
O2+ 0.872E-012
C2H+ 0.700E-009
C2H2+ 0.235E-002
C2H3+ 0.185E+000
C5H2+ 0.160E-004
C6H2+ 0.209E-008
C7H2+ 0.214E-009
C3H3+ 0.747E-004
CO2+ 0.693E-018
HC3N+ 0.943E-010
HCN+ 0.299E-010
C2N2+ 0.196E-015
C3+ 0.258E-013
C5+ 0.103E-016
CH3CH3+ 0.939E-019
PN+ 0.926E-024
H2O+ 0.110E-006
NH2+ 0.128E-010
O+ 0.102E-011
OH+ 0.618E-011
CH3+ 0.113E-003
CH4+ 0.800E-006
CH3OH+ 0.209E-013
N+ 0.335E-007
SO2+ 0.695E-034
CS+ 0.613E-006
CL+ 0.111E-007
C10+ 0.187E-021
C10H2+ 0.526E-014
C3H2+ 0.734E-004
C3H+ 0.867E-004
C4+ 0.163E-010
C4H+ 0.105E-009
C4P+ 0.273E-033
C5H+ 0.127E-008
C6+ 0.158E-014
C6H+ 0.102E-011
C7+ 0.270E-013
C7H+ 0.206E-012
C8+ 0.809E-018
C8H2+ 0.506E-011
C8H+ 0.690E-014
C9+ 0.405E-019
C9H2+ 0.165E-010
C9H+ 0.426E-016
CH3C4H+ 0.480E-005
C7H4+ 0.109E-007
CH3CN+ 0.897E-012
H2CS+ 0.900E-009
H2S2+ 0.309E-010
HC2P+ 0.312E-008
HC5N+ 0.180E-013
HC7N+ 0.863E-015
HC9N+ 0.531E-016
HCSI+ 0.239E-008
HCL+ 0.242E-003
HNSI+ 0.624E-015
HS2+ 0.557E-010
HS+ 0.113E-006
N2O+ 0.120E-020
NH+ 0.901E-014
PH2+ 0.143E-014
S2+ 0.233E-009
SIC2H2+ 0.110E-005
SIC3H+ 0.680E-009
SIC4+ 0.403E-008
SIH4+ 0.619E-030
SIH+ 0.114E-006
SINC+ 0.155E-005
SIO+ 0.376E-005
H2+ 0.570E-008
F+ 0.730E-013
HE+ 0.670E-006
C3N+ 0.100E-012
HCNO+ 0.240E-033
HNCO+ 0.377E-012
HONC+ 0.223E-043
HNO+ 0.242E-010
HCOOH+ 0.933E-014
NO2+ 0.391E-020
CH2CHCNH+ 0.733E-009
HCS+ 0.499E-002
C10H3+ 0.813E-020
C11+ 0.910E-018
C2H5CNH+ 0.264E-014
C2H5OH2+ 0.635E-013
C2H7+ 0.148E-029
C2NH+ 0.128E-005
C3H2O+ 0.332E-011
C3H5+ 0.133E-002
C3H7+ 0.646E-023
C4H4+ 0.189E-012
C4H5+ 0.318E-004
C4H7+ 0.175E-007
C4N+ 0.669E-016
C5H3+ 0.708E-004
C5H5+ 0.967E-003
C5N+ 0.722E-014
C6H3+ 0.216E-005
C6H4+ 0.806E-006
C6H5+ 0.338E-002
C6H7+ 0.381E-003
C7H3+ 0.123E-007
C7H5+ 0.107E-007
C7N+ 0.987E-018
C8H3+ 0.134E-009
C8H4+ 0.540E-010
C8H5+ 0.236E-017
C9H3+ 0.460E-010
C9H4+ 0.624E-011
C9H5+ 0.527E-018
C9N+ 0.167E-021
CF+ 0.500E-007
CH2CHCN+ 0.870E-010
CH2NH2+ 0.143E-009
CH3C3N+ 0.903E-013
CH3C3NH+ 0.957E-009
CH3C5NH+ 0.312E-023
CH3C7NH+ 0.300E-025
CH3CHOH+ 0.308E-007
CH3CNH+ 0.211E-003
CH3CO+ 0.234E-007
CH3COCH4+ 0.397E-019
CH3CS+ 0.277E-008
CH3OCH4+ 0.317E-020
CH3OH2+ 0.453E-008
CH4N+ 0.771E-007
CH5+ 0.390E-004
H2C4N+ 0.904E-013
H2C7N+ 0.444E-013
H2C9N+ 0.150E-015
H2CCL+ 0.151E-008
H2CNO+ 0.838E-009
H2CL+ 0.249E-006
H2F+ 0.319E-006
H2NC+ 0.492E-007
H2NCO+ 0.716E-027
H2NO+ 0.257E-016
H2OCN+ 0.842E-009
H2PO+ 0.720E-015
H3+ 0.233E-004
H3C3O+ 0.197E-008
H3C5N+ 0.193E-008
H3C7N+ 0.312E-013
H3C9N+ 0.119E-016
H3CO+ 0.231E-009
H3CS+ 0.235E-006
H3O+ 0.219E-002
H3S+ 0.388E-005
H3S2+ 0.198E-010
H3SIO+ 0.160E-022
H5C2O2+ 0.212E-019
HC2O+ 0.338E-005
HC2S+ 0.922E-005
HC3NH+ 0.121E-003
HC3O+ 0.169E-007
HC3S+ 0.138E-008
HC4N+ 0.904E-013
HC4S+ 0.480E-006
HC5NH+ 0.257E-009
HCNH+ 0.142E+000
HCNOH+ 0.716E-027
HCO2+ 0.548E-009
HCOOH2+ 0.502E-008
HF+ 0.213E-013
HN2O+ 0.219E-023
HNCOH+ 0.168E-008
HNS+ 0.619E-016
HOCN+ 0.135E-014
HOCS+ 0.870E-012
HPN+ 0.263E-021
HSO+ 0.656E-012
HSO2+ 0.146E-028
HSIO2+ 0.935E-012
HSIS+ 0.750E-004
HEH+ 0.840E-010
N2H+ 0.200E-005
NCCNCH3+ 0.860E-019
NCCNH+ 0.358E-011
NH2CNH+ 0.124E-016
NH4+ 0.593E-003
O2H+ 0.108E-018
OCN+ 0.503E-013
PC2H2+ 0.481E-011
PC2H3+ 0.815E-018
PC2H4+ 0.108E-015
PC3H+ 0.182E-015
PC4H+ 0.273E-014
PCH2+ 0.118E-005
PCH3+ 0.520E-016
PCH4+ 0.570E-014
PH3+ 0.235E-021
PNH2+ 0.529E-012
PNH3+ 0.834E-016
SIC2H3+ 0.110E-004
SIC3H2+ 0.465E-009
SIC4H+ 0.105E-003
SICH4+ 0.289E-009
SIF+ 0.112E-006
SIH5+ 0.553E-018
SINCH+ 0.350E-010
SINH2+ 0.444E-007
SIOH+ 0.203E-001
