C- 0.560E-010
E 0.704E-001
C2- 0.757E-012
C3- 0.186E-010
C4- 0.490E-009
C5- 0.598E-009
C6- 0.174E-009
C7- 0.151E-010
C8- 0.253E-011
C10- 0.782E-015
C2H- 0.903E-006
C3H- 0.197E-010
C3N- 0.325E-007
C4H- 0.269E-009
C5H- 0.708E-006
C6H- 0.272E-007
C7H- 0.219E-008
C8H- 0.182E-010
C9- 0.298E-011
C9H- 0.611E-010
CH- 0.763E-010
O- 0.630E-013
OH- 0.403E-008
S- 0.338E-011
CN- 0.497E-006
H- 0.143E-007
C10H- 0.335E-015
C5N- 0.341E-011
O2- 0.906E-025
C 0.499E+000
C2 0.138E-001
CH2 0.115E-001
C2H2 0.512E+002
CH 0.417E-003
C2H 0.105E+000
CO2 0.115E-004
CO 0.937E+003
H2O 0.298E+001
H2CO 0.168E-006
N 0.356E-001
CN 0.161E+000
NH 0.561E-004
HCN 0.478E+002
O2 0.695E-007
O 0.512E+000
OH 0.520E-002
HCO 0.243E-006
C4 0.254E-005
C3 0.116E-002
C5 0.529E-007
C6 0.338E-008
C7 0.143E-009
C8 0.334E-010
C9 0.204E-010
C10 0.379E-013
C3H 0.117E-002
C4H 0.589E-003
C4N 0.284E-009
C5H 0.220E-004
C6H 0.187E-005
C7H 0.255E-007
C8H 0.124E-008
C9H 0.722E-009
C10H 0.157E-012
CS 0.124E+002
CH3 0.223E-002
CH3CN 0.226E-004
CH3OH 0.394E-009
OCS 0.371E-004
CH4 0.409E+001
H 0.809E+000
H2 0.117E+007
NH2 0.200E-003
NH3 0.699E-001
C10H2 0.322E-013
H2CCC 0.137E-004
HC3N 0.137E-002
HC4H 0.895E-003
C5H2 0.815E-004
HC5N 0.638E-008
C6H2 0.395E-003
C7H2 0.165E-007
C8H2 0.191E-008
C9H2 0.760E-009
HS 0.347E-004
C2N 0.773E-008
C3N 0.381E-003
C5N 0.739E-010
C7N 0.720E-013
HC7N 0.681E-008
C9N 0.178E-014
HC9N 0.240E-013
NO 0.832E-008
NS 0.130E-009
NO2 0.434E-016
SO2 0.113E-014
C2O 0.138E-009
SO 0.458E-008
HNC 0.488E-003
C2H4 0.796E-001
C2H5 0.337E-012
C2H5OH 0.167E-013
C2S 0.695E-006
C3O 0.251E-008
C3S 0.593E-005
C4H3 0.125E-005
C4S 0.524E-009
C6H6 0.122E-003
CCP 0.411E-009
CCL 0.227E-009
CH2CCH2 0.586E-008
CH2CCH 0.716E-003
CH2CN 0.212E-010
CH2CO 0.800E-008
CH3CCH 0.671E-006
CH3CHCH2 0.149E-016
CH3CHO 0.832E-008
CH3COCH3 0.289E-018
CH3OCH3 0.411E-020
CP 0.444E-004
CLO 0.160E-026
FE 0.000E+000
H2S 0.468E-002
H2SIO 0.817E-021
HCOOCH3 0.600E-020
HCP 0.293E-001
HPO 0.278E-015
MG 0.000E+000
NCCN 0.269E-007
NA 0.000E+000
P 0.619E-007
PH 0.344E-008
PO 0.181E-010
SI 0.359E-001
SIC2 0.219E+002
SIC2H 0.241E-002
SIC3 0.286E-004
SIC 0.519E-003
SICH2 0.182E-008
SICH3 0.164E-012
SIH2 0.662E-012
SIH3 0.330E-016
SIN 0.572E-008
SIS 0.701E+001
S 0.135E-001
N2 0.469E+002
C2H3 0.309E-005
CH3CH3 0.202E-020
PN 0.832E-013
CL 0.146E-002
C3H2 0.179E-004
C4P 0.203E-017
CH3C4H 0.162E-004
CH3C6H 0.167E-008
H2CS 0.406E-007
H2S2 0.697E-011
HC2P 0.433E-012
HCSI 0.150E-005
HCL 0.379E+000
HNSI 0.460E-008
HS2 0.783E-011
N2O 0.132E-016
PH2 0.717E-019
S2 0.105E-009
SIC2H2 0.772E-005
SIC3H 0.550E-010
SIC4 0.287E-004
SIH4 0.318E-015
SIH 0.295E-008
SINC 0.173E-010
SIO 0.586E+001
F 0.634E-007
HE 0.199E+006
HCNO 0.226E-015
HNCO 0.277E-009
HONC 0.253E-023
HNO 0.539E-008
HCOOH 0.996E-009
C11 0.930E-017
C2H5CN 0.158E-013
C3P 0.134E-016
CH2CHCCH 0.322E-008
CH2CHCHCH2 0.461E-014
CH2CHCN 0.276E-005
CH2NH 0.846E-008
CH2PH 0.138E-014
CH3C3N 0.499E-010
CH3C5N 0.315E-018
CH3C7N 0.210E-018
CNO 0.570E-029
H2CN 0.499E-008
H2O2 0.187E-025
HCS 0.421E-008
HF 0.199E-001
HNC3 0.142E-006
HOCN 0.276E-009
NH2CN 0.894E-007
O2H 0.962E-019
OCN 0.285E-007
SIO2 0.279E-006
HCO+ 0.901E-004
H+ 0.539E-006
HOC+ 0.109E-007
C+ 0.161E-003
C10H+ 0.380E-012
C2H4+ 0.688E-004
C2H5+ 0.360E-005
C2H5OH+ 0.176E-016
C2O+ 0.450E-016
C2S+ 0.284E-010
C3O+ 0.135E-018
C3S+ 0.362E-009
C4H3+ 0.242E-002
C4S+ 0.176E-010
C6H6+ 0.109E-009
CCP+ 0.137E-007
CCL+ 0.319E-006
CH2+ 0.641E-008
C3H4+ 0.350E-005
CH2CCH+ 0.108E-005
CH2CN+ 0.318E-008
CH2CO+ 0.835E-008
C3H6+ 0.445E-024
CH3CHO+ 0.140E-010
CH3COCH3+ 0.139E-021
CH3OCH3+ 0.453E-023
CH+ 0.342E-009
CP+ 0.610E-014
CLO+ 0.130E-032
FE+ 0.000E+000
H2CO+ 0.247E-009
H2S+ 0.803E-005
H2SIO+ 0.206E-014
C4H2+ 0.119E-003
COOCH4+ 0.145E-025
HCP+ 0.204E-011
HPO+ 0.297E-010
MG+ 0.000E+000
C2N+ 0.695E-008
CNC+ 0.583E-004
NH3+ 0.257E-004
NO+ 0.693E-008
NS+ 0.167E-009
NA+ 0.000E+000
OCS+ 0.653E-007
P+ 0.228E-009
PH+ 0.895E-014
PO+ 0.519E-011
SO+ 0.937E-009
SI+ 0.196E-003
SIC2+ 0.335E-007
SIC2H+ 0.360E-003
SIC3+ 0.871E-008
SIC+ 0.190E-005
SICH2+ 0.903E-005
SICH3+ 0.234E-009
SIH2+ 0.254E-008
SIH3+ 0.153E-010
SIN+ 0.338E-010
SIS+ 0.166E-004
C2+ 0.443E-008
S+ 0.178E-004
CN+ 0.353E-010
CO+ 0.361E-010
N2+ 0.814E-011
O2+ 0.431E-011
C2H+ 0.527E-008
C2H2+ 0.234E-002
C2H3+ 0.472E-001
C5H2+ 0.964E-006
C6H2+ 0.211E-006
C7H2+ 0.208E-008
C3H3+ 0.604E-005
CO2+ 0.102E-017
HC3N+ 0.365E-007
HCN+ 0.299E-009
C2N2+ 0.724E-015
C3+ 0.601E-010
C5+ 0.122E-012
CH3CH3+ 0.147E-018
PN+ 0.453E-020
H2O+ 0.108E-006
NH2+ 0.120E-009
O+ 0.156E-011
OH+ 0.118E-010
CH3+ 0.139E-004
CH4+ 0.659E-006
CH3OH+ 0.251E-012
N+ 0.290E-007
SO2+ 0.492E-026
CS+ 0.612E-006
CL+ 0.594E-010
C10+ 0.578E-016
C10H2+ 0.376E-012
C3H2+ 0.175E-004
C3H+ 0.298E-004
C4+ 0.252E-010
C4H+ 0.112E-009
C4P+ 0.363E-025
C5H+ 0.135E-007
C6+ 0.502E-012
C6H+ 0.813E-009
C7+ 0.556E-010
C7H+ 0.356E-009
C8+ 0.254E-013
C8H2+ 0.115E-008
C8H+ 0.881E-011
C9+ 0.900E-014
C9H2+ 0.101E-009
C9H+ 0.619E-012
CH3C4H+ 0.175E-006
C7H4+ 0.104E-007
CH3CN+ 0.543E-011
H2CS+ 0.665E-010
H2S2+ 0.198E-010
HC2P+ 0.222E-008
HC5N+ 0.111E-013
HC7N+ 0.297E-011
HC9N+ 0.644E-015
HCSI+ 0.209E-008
HCL+ 0.111E-007
HNSI+ 0.372E-014
HS2+ 0.305E-010
HS+ 0.377E-008
N2O+ 0.197E-020
NH+ 0.468E-013
PH2+ 0.101E-013
S2+ 0.245E-009
SIC2H2+ 0.281E-006
SIC3H+ 0.484E-009
SIC4+ 0.860E-009
SIH4+ 0.301E-024
SIH+ 0.272E-007
SINC+ 0.485E-006
SIO+ 0.374E-005
H2+ 0.570E-008
F+ 0.111E-012
HE+ 0.636E-006
C3N+ 0.457E-012
HCNO+ 0.310E-027
HNCO+ 0.137E-012
HONC+ 0.855E-035
HNO+ 0.996E-010
HCOOH+ 0.603E-012
NO2+ 0.288E-018
CH2CHCNH+ 0.938E-009
HCS+ 0.849E-003
C10H3+ 0.855E-014
C11+ 0.107E-015
C2H5CNH+ 0.378E-013
C2H5OH2+ 0.893E-013
C2H7+ 0.201E-027
C2NH+ 0.295E-006
C3H2O+ 0.122E-009
C3H5+ 0.628E-004
C3H7+ 0.643E-023
C4H4+ 0.540E-010
C4H5+ 0.176E-005
C4H7+ 0.965E-009
C4N+ 0.109E-010
C5H3+ 0.375E-004
C5H5+ 0.518E-004
C5N+ 0.799E-013
C6H3+ 0.287E-006
C6H4+ 0.196E-005
C6H5+ 0.227E-004
C6H7+ 0.189E-003
C7H3+ 0.319E-007
C7H5+ 0.106E-007
C7N+ 0.206E-014
C8H3+ 0.124E-007
C8H4+ 0.656E-008
C8H5+ 0.953E-013
C9H3+ 0.142E-008
C9H4+ 0.661E-009
C9H5+ 0.223E-013
C9N+ 0.412E-017
CF+ 0.136E-006
CH2CHCN+ 0.282E-009
CH2NH2+ 0.244E-009
CH3C3N+ 0.953E-013
CH3C3NH+ 0.169E-009
CH3C5NH+ 0.136E-017
CH3C7NH+ 0.123E-017
CH3CHOH+ 0.205E-007
CH3CNH+ 0.145E-004
CH3CO+ 0.312E-008
CH3COCH4+ 0.229E-017
CH3CS+ 0.186E-008
CH3OCH4+ 0.221E-019
CH3OH2+ 0.142E-009
CH4N+ 0.701E-008
CH5+ 0.344E-004
H2C4N+ 0.954E-013
H2C7N+ 0.462E-012
H2C9N+ 0.150E-013
H2CCL+ 0.624E-009
H2CNO+ 0.647E-009
H2CL+ 0.184E-004
H2F+ 0.200E-006
H2NC+ 0.968E-007
H2NCO+ 0.169E-021
H2NO+ 0.185E-015
H2OCN+ 0.654E-009
H2PO+ 0.211E-014
H3+ 0.492E-005
H3C3O+ 0.173E-007
H3C5N+ 0.316E-009
H3C7N+ 0.136E-012
H3C9N+ 0.353E-014
H3CO+ 0.972E-010
H3CS+ 0.124E-006
H3O+ 0.279E-003
H3S+ 0.354E-006
H3S2+ 0.423E-010
H3SIO+ 0.473E-019
H5C2O2+ 0.351E-019
HC2O+ 0.166E-005
HC2S+ 0.536E-005
HC3NH+ 0.301E-004
HC3O+ 0.214E-008
HC3S+ 0.680E-009
HC4N+ 0.951E-013
HC4S+ 0.418E-007
HC5NH+ 0.247E-009
HCNH+ 0.113E-001
HCNOH+ 0.169E-021
HCO2+ 0.239E-009
HCOOH2+ 0.478E-008
HF+ 0.323E-013
HN2O+ 0.309E-023
HNCOH+ 0.130E-008
HNS+ 0.541E-014
HOCN+ 0.137E-014
HOCS+ 0.699E-010
HPN+ 0.392E-018
HSO+ 0.772E-012
HSO2+ 0.237E-021
HSIO2+ 0.123E-011
HSIS+ 0.304E-004
HEH+ 0.840E-010
N2H+ 0.413E-006
NCCNCH3+ 0.201E-017
NCCNH+ 0.632E-011
NH2CNH+ 0.158E-012
NH4+ 0.141E-003
O2H+ 0.970E-016
OCN+ 0.391E-013
PC2H2+ 0.355E-011
PC2H3+ 0.127E-016
PC2H4+ 0.210E-015
PC3H+ 0.443E-015
PC4H+ 0.479E-014
PCH2+ 0.412E-006
PCH3+ 0.587E-015
PCH4+ 0.892E-014
PH3+ 0.736E-018
PNH2+ 0.411E-012
PNH3+ 0.200E-015
SIC2H3+ 0.295E-004
SIC3H2+ 0.832E-009
SIC4H+ 0.136E-003
SICH4+ 0.236E-009
SIF+ 0.104E-006
SIH5+ 0.694E-015
SINCH+ 0.144E-009
SINH2+ 0.384E-007
SIOH+ 0.387E-002
