C- 0.547E-010
E 0.671E-001
C2- 0.115E-011
C3- 0.193E-010
C4- 0.108E-008
C5- 0.721E-009
C6- 0.294E-009
C7- 0.231E-010
C8- 0.332E-011
C10- 0.127E-014
C2H- 0.844E-006
C3H- 0.206E-010
C3N- 0.497E-007
C4H- 0.320E-009
C5H- 0.772E-006
C6H- 0.377E-007
C7H- 0.296E-008
C8H- 0.364E-010
C9- 0.477E-011
C9H- 0.840E-010
CH- 0.920E-010
O- 0.649E-013
OH- 0.400E-008
S- 0.361E-011
CN- 0.454E-006
H- 0.140E-007
C10H- 0.551E-015
C5N- 0.484E-011
O2- 0.964E-025
C 0.469E+000
C2 0.135E-001
CH2 0.110E-001
C2H2 0.445E+002
CH 0.499E-003
C2H 0.111E+000
CO2 0.125E-004
CO 0.816E+003
H2O 0.260E+001
H2CO 0.175E-006
N 0.339E-001
CN 0.155E+000
NH 0.554E-004
HCN 0.416E+002
O2 0.712E-007
O 0.482E+000
OH 0.504E-002
HCO 0.235E-006
C4 0.371E-005
C3 0.119E-002
C5 0.600E-007
C6 0.593E-008
C7 0.218E-009
C8 0.481E-010
C9 0.312E-010
C10 0.587E-013
C3H 0.120E-002
C4H 0.775E-003
C4N 0.600E-009
C5H 0.219E-004
C6H 0.261E-005
C7H 0.360E-007
C8H 0.245E-008
C9H 0.985E-009
C10H 0.224E-012
CS 0.108E+002
CH3 0.217E-002
CH3CN 0.210E-004
CH3OH 0.369E-009
OCS 0.507E-004
CH4 0.356E+001
H 0.788E+000
H2 0.102E+007
NH2 0.198E-003
NH3 0.608E-001
C10H2 0.731E-013
H2CCC 0.154E-004
HC3N 0.211E-002
HC4H 0.943E-003
C5H2 0.831E-004
HC5N 0.120E-007
C6H2 0.487E-003
C7H2 0.215E-007
C8H2 0.382E-008
C9H2 0.103E-008
HS 0.365E-004
C2N 0.133E-007
C3N 0.499E-003
C5N 0.116E-009
C7N 0.180E-012
HC7N 0.145E-007
C9N 0.375E-014
HC9N 0.790E-013
NO 0.910E-008
NS 0.221E-009
NO2 0.865E-016
SO2 0.305E-014
C2O 0.206E-009
SO 0.627E-008
HNC 0.513E-003
C2H4 0.692E-001
C2H5 0.396E-012
C2H5OH 0.188E-013
C2S 0.718E-006
C3O 0.334E-008
C3S 0.863E-005
C4H3 0.163E-005
C4S 0.945E-009
C6H6 0.128E-003
CCP 0.417E-009
CCL 0.224E-009
CH2CCH2 0.661E-008
CH2CCH 0.858E-003
CH2CN 0.243E-010
CH2CO 0.751E-008
CH3CCH 0.840E-006
CH3CHCH2 0.173E-016
CH3CHO 0.901E-008
CH3COCH3 0.319E-018
CH3OCH3 0.413E-020
CP 0.449E-004
CLO 0.140E-026
FE 0.000E+000
H2S 0.407E-002
H2SIO 0.167E-020
HCOOCH3 0.616E-020
HCP 0.255E-001
HPO 0.300E-015
MG 0.000E+000
NCCN 0.356E-007
NA 0.000E+000
P 0.714E-007
PH 0.324E-008
PO 0.174E-010
SI 0.346E-001
SIC2 0.191E+002
SIC2H 0.300E-002
SIC3 0.285E-004
SIC 0.548E-003
SICH2 0.345E-008
SICH3 0.233E-012
SIH2 0.110E-011
SIH3 0.527E-016
SIN 0.669E-008
SIS 0.610E+001
S 0.132E-001
N2 0.408E+002
C2H3 0.349E-005
CH3CH3 0.230E-020
PN 0.885E-013
CL 0.140E-002
C3H2 0.203E-004
C4P 0.423E-017
CH3C4H 0.168E-004
CH3C6H 0.218E-008
H2CS 0.431E-007
H2S2 0.723E-011
HC2P 0.441E-012
HCSI 0.156E-005
HCL 0.330E+000
HNSI 0.491E-008
HS2 0.853E-011
N2O 0.237E-016
PH2 0.988E-019
S2 0.145E-009
SIC2H2 0.857E-005
SIC3H 0.700E-010
SIC4 0.286E-004
SIH4 0.427E-015
SIH 0.311E-008
SINC 0.193E-010
SIO 0.510E+001
F 0.660E-007
HE 0.173E+006
HCNO 0.729E-015
HNCO 0.282E-009
HONC 0.850E-023
HNO 0.575E-008
HCOOH 0.988E-009
C11 0.138E-016
C2H5CN 0.162E-013
C3P 0.194E-016
CH2CHCCH 0.386E-008
CH2CHCHCH2 0.466E-014
CH2CHCN 0.306E-005
CH2NH 0.949E-008
CH2PH 0.144E-014
CH3C3N 0.736E-010
CH3C5N 0.660E-018
CH3C7N 0.573E-018
CNO 0.240E-028
H2CN 0.550E-008
H2O2 0.162E-025
HCS 0.776E-008
HF 0.173E-001
HNC3 0.168E-006
HOCN 0.281E-009
NH2CN 0.141E-006
O2H 0.147E-018
OCN 0.266E-007
SIO2 0.352E-006
HCO+ 0.853E-004
H+ 0.535E-006
HOC+ 0.109E-007
C+ 0.165E-003
C10H+ 0.526E-012
C2H4+ 0.654E-004
C2H5+ 0.325E-005
C2H5OH+ 0.216E-016
C2O+ 0.673E-016
C2S+ 0.324E-010
C3O+ 0.214E-018
C3S+ 0.416E-009
C4H3+ 0.227E-002
C4S+ 0.279E-010
C6H6+ 0.117E-009
CCP+ 0.126E-007
CCL+ 0.299E-006
CH2+ 0.704E-008
C3H4+ 0.331E-005
CH2CCH+ 0.106E-005
CH2CN+ 0.326E-008
CH2CO+ 0.911E-008
C3H6+ 0.603E-024
CH3CHO+ 0.165E-010
CH3COCH3+ 0.171E-021
CH3OCH3+ 0.512E-023
CH+ 0.424E-009
CP+ 0.725E-014
CLO+ 0.123E-032
FE+ 0.000E+000
H2CO+ 0.276E-009
H2S+ 0.758E-005
H2SIO+ 0.315E-014
C4H2+ 0.112E-003
COOCH4+ 0.157E-025
HCP+ 0.209E-011
HPO+ 0.276E-010
MG+ 0.000E+000
C2N+ 0.731E-008
CNC+ 0.555E-004
NH3+ 0.251E-004
NO+ 0.632E-008
NS+ 0.165E-009
NA+ 0.000E+000
OCS+ 0.962E-007
P+ 0.258E-009
PH+ 0.104E-013
PO+ 0.486E-011
SO+ 0.915E-009
SI+ 0.209E-003
SIC2+ 0.379E-007
SIC2H+ 0.339E-003
SIC3+ 0.103E-007
SIC+ 0.185E-005
SICH2+ 0.823E-005
SICH3+ 0.242E-009
SIH2+ 0.249E-008
SIH3+ 0.219E-010
SIN+ 0.475E-010
SIS+ 0.156E-004
C2+ 0.494E-008
S+ 0.196E-004
CN+ 0.358E-010
CO+ 0.360E-010
N2+ 0.812E-011
O2+ 0.469E-011
C2H+ 0.596E-008
C2H2+ 0.234E-002
C2H3+ 0.446E-001
C5H2+ 0.895E-006
C6H2+ 0.282E-006
C7H2+ 0.226E-008
C3H3+ 0.593E-005
CO2+ 0.127E-017
HC3N+ 0.408E-007
HCN+ 0.299E-009
C2N2+ 0.871E-015
C3+ 0.746E-010
C5+ 0.191E-012
CH3CH3+ 0.188E-018
PN+ 0.498E-020
H2O+ 0.108E-006
NH2+ 0.137E-009
O+ 0.159E-011
OH+ 0.127E-010
CH3+ 0.147E-004
CH4+ 0.653E-006
CH3OH+ 0.254E-012
N+ 0.285E-007
SO2+ 0.154E-025
CS+ 0.612E-006
CL+ 0.650E-010
C10+ 0.939E-016
C10H2+ 0.529E-012
C3H2+ 0.168E-004
C3H+ 0.287E-004
C4+ 0.262E-010
C4H+ 0.118E-009
C4P+ 0.730E-025
C5H+ 0.172E-007
C6+ 0.633E-012
C6H+ 0.123E-008
C7+ 0.768E-010
C7H+ 0.425E-009
C8+ 0.390E-013
C8H2+ 0.158E-008
C8H+ 0.138E-010
C9+ 0.152E-013
C9H2+ 0.129E-009
C9H+ 0.970E-012
CH3C4H+ 0.184E-006
C7H4+ 0.141E-007
CH3CN+ 0.580E-011
H2CS+ 0.726E-010
H2S2+ 0.284E-010
HC2P+ 0.202E-008
HC5N+ 0.115E-013
HC7N+ 0.683E-011
HC9N+ 0.914E-015
HCSI+ 0.233E-008
HCL+ 0.111E-007
HNSI+ 0.396E-014
HS2+ 0.317E-010
HS+ 0.413E-008
N2O+ 0.545E-020
NH+ 0.526E-013
PH2+ 0.105E-013
S2+ 0.241E-009
SIC2H2+ 0.288E-006
SIC3H+ 0.552E-009
SIC4+ 0.100E-008
SIH4+ 0.537E-024
SIH+ 0.315E-007
SINC+ 0.625E-006
SIO+ 0.374E-005
H2+ 0.570E-008
F+ 0.112E-012
HE+ 0.635E-006
C3N+ 0.506E-012
HCNO+ 0.117E-026
HNCO+ 0.133E-012
HONC+ 0.334E-034
HNO+ 0.988E-010
HCOOH+ 0.668E-012
NO2+ 0.308E-018
CH2CHCNH+ 0.145E-008
HCS+ 0.802E-003
C10H3+ 0.184E-013
C11+ 0.157E-015
C2H5CNH+ 0.381E-013
C2H5OH2+ 0.972E-013
C2H7+ 0.244E-027
C2NH+ 0.291E-006
C3H2O+ 0.181E-009
C3H5+ 0.588E-004
C3H7+ 0.836E-023
C4H4+ 0.986E-010
C4H5+ 0.193E-005
C4H7+ 0.109E-008
C4N+ 0.200E-010
C5H3+ 0.330E-004
C5H5+ 0.544E-004
C5N+ 0.110E-012
C6H3+ 0.315E-006
C6H4+ 0.252E-005
C6H5+ 0.214E-004
C6H7+ 0.203E-003
C7H3+ 0.399E-007
C7H5+ 0.156E-007
C7N+ 0.258E-014
C8H3+ 0.185E-007
C8H4+ 0.868E-008
C8H5+ 0.206E-012
C9H3+ 0.181E-008
C9H4+ 0.844E-009
C9H5+ 0.324E-013
C9N+ 0.730E-017
CF+ 0.130E-006
CH2CHCN+ 0.376E-009
CH2NH2+ 0.224E-009
CH3C3N+ 0.995E-013
CH3C3NH+ 0.177E-009
CH3C5NH+ 0.273E-017
CH3C7NH+ 0.296E-017
CH3CHOH+ 0.215E-007
CH3CNH+ 0.119E-004
CH3CO+ 0.270E-008
CH3COCH4+ 0.243E-017
CH3CS+ 0.178E-008
CH3OCH4+ 0.205E-019
CH3OH2+ 0.119E-009
CH4N+ 0.618E-008
CH5+ 0.338E-004
H2C4N+ 0.995E-013
H2C7N+ 0.903E-012
H2C9N+ 0.234E-013
H2CCL+ 0.597E-009
H2CNO+ 0.593E-009
H2CL+ 0.179E-004
H2F+ 0.180E-006
H2NC+ 0.911E-007
H2NCO+ 0.556E-021
H2NO+ 0.286E-015
H2OCN+ 0.599E-009
H2PO+ 0.205E-014
H3+ 0.490E-005
H3C3O+ 0.232E-007
H3C5N+ 0.403E-009
H3C7N+ 0.265E-012
H3C9N+ 0.544E-014
H3CO+ 0.100E-009
H3CS+ 0.117E-006
H3O+ 0.259E-003
H3S+ 0.363E-006
H3S2+ 0.395E-010
H3SIO+ 0.706E-019
H5C2O2+ 0.324E-019
HC2O+ 0.160E-005
HC2S+ 0.519E-005
HC3NH+ 0.297E-004
HC3O+ 0.199E-008
HC3S+ 0.852E-009
HC4N+ 0.991E-013
HC4S+ 0.570E-007
HC5NH+ 0.265E-009
HCNH+ 0.109E-001
HCNOH+ 0.556E-021
HCO2+ 0.252E-009
HCOOH2+ 0.431E-008
HF+ 0.328E-013
HN2O+ 0.931E-023
HNCOH+ 0.119E-008
HNS+ 0.722E-014
HOCN+ 0.137E-014
HOCS+ 0.983E-010
HPN+ 0.431E-018
HSO+ 0.853E-012
HSO2+ 0.646E-021
HSIO2+ 0.159E-011
HSIS+ 0.294E-004
HEH+ 0.840E-010
N2H+ 0.410E-006
NCCNCH3+ 0.334E-017
NCCNH+ 0.702E-011
NH2CNH+ 0.268E-012
NH4+ 0.127E-003
O2H+ 0.111E-015
OCN+ 0.416E-013
PC2H2+ 0.324E-011
PC2H3+ 0.146E-016
PC2H4+ 0.199E-015
PC3H+ 0.540E-015
PC4H+ 0.586E-014
PCH2+ 0.374E-006
PCH3+ 0.672E-015
PCH4+ 0.828E-014
PH3+ 0.103E-017
PNH2+ 0.372E-012
PNH3+ 0.191E-015
SIC2H3+ 0.268E-004
SIC3H2+ 0.106E-008
SIC4H+ 0.120E-003
SICH4+ 0.244E-009
SIF+ 0.106E-006
SIH5+ 0.965E-015
SINCH+ 0.152E-009
SINH2+ 0.390E-007
SIOH+ 0.387E-002
