C- 0.498E-010
E 0.627E-001
C2- 0.177E-011
C3- 0.209E-010
C4- 0.243E-008
C5- 0.917E-009
C6- 0.570E-009
C7- 0.391E-010
C8- 0.488E-011
C10- 0.234E-014
C2H- 0.785E-006
C3H- 0.222E-010
C3N- 0.766E-007
C4H- 0.377E-009
C5H- 0.857E-006
C6H- 0.577E-007
C7H- 0.443E-008
C8H- 0.818E-010
C9- 0.822E-011
C9H- 0.125E-009
CH- 0.112E-009
O- 0.639E-013
OH- 0.396E-008
S- 0.374E-011
CN- 0.413E-006
H- 0.138E-007
C10H- 0.102E-014
C5N- 0.780E-011
O2- 0.934E-025
C 0.429E+000
C2 0.129E-001
CH2 0.102E-001
C2H2 0.388E+002
CH 0.588E-003
C2H 0.115E+000
CO2 0.139E-004
CO 0.711E+003
H2O 0.226E+001
H2CO 0.180E-006
N 0.316E-001
CN 0.145E+000
NH 0.542E-004
HCN 0.362E+002
O2 0.699E-007
O 0.442E+000
OH 0.484E-002
HCO 0.231E-006
C4 0.527E-005
C3 0.125E-002
C5 0.696E-007
C6 0.111E-007
C7 0.348E-009
C8 0.791E-010
C9 0.489E-010
C10 0.924E-013
C3H 0.125E-002
C4H 0.100E-002
C4N 0.123E-008
C5H 0.219E-004
C6H 0.368E-005
C7H 0.541E-007
C8H 0.504E-008
C9H 0.142E-008
C10H 0.326E-012
CS 0.941E+001
CH3 0.208E-002
CH3CN 0.196E-004
CH3OH 0.347E-009
OCS 0.695E-004
CH4 0.310E+001
H 0.762E+000
H2 0.889E+006
NH2 0.194E-003
NH3 0.530E-001
C10H2 0.164E-012
H2CCC 0.168E-004
HC3N 0.318E-002
HC4H 0.990E-003
C5H2 0.872E-004
HC5N 0.240E-007
C6H2 0.604E-003
C7H2 0.308E-007
C8H2 0.783E-008
C9H2 0.149E-008
HS 0.393E-004
C2N 0.235E-007
C3N 0.641E-003
C5N 0.195E-009
C7N 0.494E-012
HC7N 0.306E-007
C9N 0.831E-014
HC9N 0.265E-012
NO 0.102E-007
NS 0.388E-009
NO2 0.180E-015
SO2 0.862E-014
C2O 0.340E-009
SO 0.923E-008
HNC 0.559E-003
C2H4 0.602E-001
C2H5 0.481E-012
C2H5OH 0.219E-013
C2S 0.755E-006
C3O 0.477E-008
C3S 0.124E-004
C4H3 0.209E-005
C4S 0.185E-008
C6H6 0.140E-003
CCP 0.428E-009
CCL 0.223E-009
CH2CCH2 0.725E-008
CH2CCH 0.104E-002
CH2CN 0.304E-010
CH2CO 0.708E-008
CH3CCH 0.112E-005
CH3CHCH2 0.202E-016
CH3CHO 0.101E-007
CH3COCH3 0.365E-018
CH3OCH3 0.423E-020
CP 0.451E-004
CLO 0.122E-026
FE 0.000E+000
H2S 0.354E-002
H2SIO 0.353E-020
HCOOCH3 0.641E-020
HCP 0.222E-001
HPO 0.330E-015
MG 0.000E+000
NCCN 0.497E-007
NA 0.000E+000
P 0.812E-007
PH 0.304E-008
PO 0.167E-010
SI 0.329E-001
SIC2 0.166E+002
SIC2H 0.371E-002
SIC3 0.287E-004
SIC 0.588E-003
SICH2 0.646E-008
SICH3 0.367E-012
SIH2 0.186E-011
SIH3 0.855E-016
SIN 0.828E-008
SIS 0.531E+001
S 0.129E-001
N2 0.355E+002
C2H3 0.409E-005
CH3CH3 0.267E-020
PN 0.962E-013
CL 0.131E-002
C3H2 0.228E-004
C4P 0.972E-017
CH3C4H 0.181E-004
CH3C6H 0.323E-008
H2CS 0.475E-007
H2S2 0.759E-011
HC2P 0.453E-012
HCSI 0.163E-005
HCL 0.288E+000
HNSI 0.539E-008
HS2 0.974E-011
N2O 0.521E-016
PH2 0.146E-018
S2 0.211E-009
SIC2H2 0.962E-005
SIC3H 0.954E-010
SIC4 0.287E-004
SIH4 0.575E-015
SIH 0.329E-008
SINC 0.223E-010
SIO 0.444E+001
F 0.689E-007
HE 0.151E+006
HCNO 0.236E-014
HNCO 0.291E-009
HONC 0.332E-022
HNO 0.596E-008
HCOOH 0.984E-009
C11 0.200E-016
C2H5CN 0.168E-013
C3P 0.289E-016
CH2CHCCH 0.472E-008
CH2CHCHCH2 0.478E-014
CH2CHCN 0.355E-005
CH2NH 0.104E-007
CH2PH 0.152E-014
CH3C3N 0.125E-009
CH3C5N 0.155E-017
CH3C7N 0.164E-017
CNO 0.108E-027
H2CN 0.624E-008
H2O2 0.142E-025
HCS 0.142E-007
HF 0.151E-001
HNC3 0.205E-006
HOCN 0.290E-009
NH2CN 0.219E-006
O2H 0.252E-018
OCN 0.279E-007
SIO2 0.452E-006
HCO+ 0.790E-004
H+ 0.531E-006
HOC+ 0.108E-007
C+ 0.160E-003
C10H+ 0.721E-012
C2H4+ 0.609E-004
C2H5+ 0.280E-005
C2H5OH+ 0.268E-016
C2O+ 0.107E-015
C2S+ 0.366E-010
C3O+ 0.348E-018
C3S+ 0.488E-009
C4H3+ 0.208E-002
C4S+ 0.436E-010
C6H6+ 0.126E-009
CCP+ 0.113E-007
CCL+ 0.273E-006
CH2+ 0.759E-008
C3H4+ 0.306E-005
CH2CCH+ 0.100E-005
CH2CN+ 0.323E-008
CH2CO+ 0.968E-008
C3H6+ 0.782E-024
CH3CHO+ 0.196E-010
CH3COCH3+ 0.213E-021
CH3OCH3+ 0.579E-023
CH+ 0.531E-009
CP+ 0.814E-014
CLO+ 0.114E-032
FE+ 0.000E+000
H2CO+ 0.291E-009
H2S+ 0.698E-005
H2SIO+ 0.462E-014
C4H2+ 0.103E-003
COOCH4+ 0.169E-025
HCP+ 0.203E-011
HPO+ 0.254E-010
MG+ 0.000E+000
C2N+ 0.740E-008
CNC+ 0.513E-004
NH3+ 0.241E-004
NO+ 0.554E-008
NS+ 0.154E-009
NA+ 0.000E+000
OCS+ 0.139E-006
P+ 0.293E-009
PH+ 0.120E-013
PO+ 0.453E-011
SO+ 0.833E-009
SI+ 0.217E-003
SIC2+ 0.407E-007
SIC2H+ 0.317E-003
SIC3+ 0.123E-007
SIC+ 0.167E-005
SICH2+ 0.738E-005
SICH3+ 0.237E-009
SIH2+ 0.254E-008
SIH3+ 0.307E-010
SIN+ 0.669E-010
SIS+ 0.145E-004
C2+ 0.544E-008
S+ 0.211E-004
CN+ 0.363E-010
CO+ 0.357E-010
N2+ 0.810E-011
O2+ 0.492E-011
C2H+ 0.664E-008
C2H2+ 0.234E-002
C2H3+ 0.412E-001
C5H2+ 0.775E-006
C6H2+ 0.370E-006
C7H2+ 0.241E-008
C3H3+ 0.581E-005
CO2+ 0.160E-017
HC3N+ 0.445E-007
HCN+ 0.298E-009
C2N2+ 0.112E-014
C3+ 0.862E-010
C5+ 0.281E-012
CH3CH3+ 0.247E-018
PN+ 0.552E-020
H2O+ 0.108E-006
NH2+ 0.154E-009
O+ 0.161E-011
OH+ 0.137E-010
CH3+ 0.149E-004
CH4+ 0.648E-006
CH3OH+ 0.254E-012
N+ 0.277E-007
SO2+ 0.508E-025
CS+ 0.612E-006
CL+ 0.700E-010
C10+ 0.153E-015
C10H2+ 0.743E-012
C3H2+ 0.148E-004
C3H+ 0.255E-004
C4+ 0.245E-010
C4H+ 0.113E-009
C4P+ 0.163E-024
C5H+ 0.227E-007
C6+ 0.793E-012
C6H+ 0.183E-008
C7+ 0.988E-010
C7H+ 0.501E-009
C8+ 0.634E-013
C8H2+ 0.212E-008
C8H+ 0.216E-010
C9+ 0.255E-013
C9H2+ 0.163E-009
C9H+ 0.158E-011
CH3C4H+ 0.193E-006
C7H4+ 0.199E-007
CH3CN+ 0.615E-011
H2CS+ 0.802E-010
H2S2+ 0.418E-010
HC2P+ 0.183E-008
HC5N+ 0.110E-013
HC7N+ 0.151E-010
HC9N+ 0.128E-014
HCSI+ 0.247E-008
HCL+ 0.111E-007
HNSI+ 0.425E-014
HS2+ 0.329E-010
HS+ 0.446E-008
N2O+ 0.165E-019
NH+ 0.586E-013
PH2+ 0.108E-013
S2+ 0.239E-009
SIC2H2+ 0.282E-006
SIC3H+ 0.631E-009
SIC4+ 0.122E-008
SIH4+ 0.965E-024
SIH+ 0.363E-007
SINC+ 0.827E-006
SIO+ 0.374E-005
H2+ 0.570E-008
F+ 0.114E-012
HE+ 0.633E-006
C3N+ 0.540E-012
HCNO+ 0.441E-026
HNCO+ 0.126E-012
HONC+ 0.152E-033
HNO+ 0.909E-010
HCOOH+ 0.732E-012
NO2+ 0.299E-018
CH2CHCNH+ 0.227E-008
HCS+ 0.741E-003
C10H3+ 0.396E-013
C11+ 0.221E-015
C2H5CNH+ 0.378E-013
C2H5OH2+ 0.107E-012
C2H7+ 0.294E-027
C2NH+ 0.269E-006
C3H2O+ 0.263E-009
C3H5+ 0.538E-004
C3H7+ 0.109E-022
C4H4+ 0.180E-009
C4H5+ 0.215E-005
C4H7+ 0.126E-008
C4N+ 0.340E-010
C5H3+ 0.285E-004
C5H5+ 0.575E-004
C5N+ 0.150E-012
C6H3+ 0.335E-006
C6H4+ 0.309E-005
C6H5+ 0.196E-004
C6H7+ 0.221E-003
C7H3+ 0.505E-007
C7H5+ 0.239E-007
C7N+ 0.316E-014
C8H3+ 0.273E-007
C8H4+ 0.112E-007
C8H5+ 0.449E-012
C9H3+ 0.232E-008
C9H4+ 0.110E-008
C9H5+ 0.469E-013
C9N+ 0.133E-016
CF+ 0.122E-006
CH2CHCN+ 0.524E-009
CH2NH2+ 0.206E-009
CH3C3N+ 0.998E-013
CH3C3NH+ 0.187E-009
CH3C5NH+ 0.603E-017
CH3C7NH+ 0.734E-017
CH3CHOH+ 0.230E-007
CH3CNH+ 0.971E-005
CH3CO+ 0.235E-008
CH3COCH4+ 0.270E-017
CH3CS+ 0.171E-008
CH3OCH4+ 0.194E-019
CH3OH2+ 0.100E-009
CH4N+ 0.540E-008
CH5+ 0.329E-004
H2C4N+ 0.999E-013
H2C7N+ 0.193E-011
H2C9N+ 0.366E-013
H2CCL+ 0.568E-009
H2CNO+ 0.537E-009
H2CL+ 0.172E-004
H2F+ 0.159E-006
H2NC+ 0.841E-007
H2NCO+ 0.191E-020
H2NO+ 0.454E-015
H2OCN+ 0.543E-009
H2PO+ 0.198E-014
H3+ 0.487E-005
H3C3O+ 0.315E-007
H3C5N+ 0.518E-009
H3C7N+ 0.538E-012
H3C9N+ 0.851E-014
H3CO+ 0.992E-010
H3CS+ 0.111E-006
H3O+ 0.234E-003
H3S+ 0.371E-006
H3S2+ 0.367E-010
H3SIO+ 0.101E-018
H5C2O2+ 0.302E-019
HC2O+ 0.143E-005
HC2S+ 0.500E-005
HC3NH+ 0.290E-004
HC3O+ 0.171E-008
HC3S+ 0.107E-008
HC4N+ 0.993E-013
HC4S+ 0.822E-007
HC5NH+ 0.280E-009
HCNH+ 0.104E-001
HCNOH+ 0.191E-020
HCO2+ 0.257E-009
HCOOH2+ 0.382E-008
HF+ 0.333E-013
HN2O+ 0.294E-022
HNCOH+ 0.108E-008
HNS+ 0.972E-014
HOCN+ 0.138E-014
HOCS+ 0.140E-009
HPN+ 0.477E-018
HSO+ 0.921E-012
HSO2+ 0.190E-020
HSIO2+ 0.212E-011
HSIS+ 0.284E-004
HEH+ 0.840E-010
N2H+ 0.407E-006
NCCNCH3+ 0.562E-017
NCCNH+ 0.812E-011
NH2CNH+ 0.444E-012
NH4+ 0.114E-003
O2H+ 0.123E-015
OCN+ 0.435E-013
PC2H2+ 0.293E-011
PC2H3+ 0.177E-016
PC2H4+ 0.187E-015
PC3H+ 0.587E-015
PC4H+ 0.687E-014
PCH2+ 0.336E-006
PCH3+ 0.809E-015
PCH4+ 0.756E-014
PH3+ 0.156E-017
PNH2+ 0.331E-012
PNH3+ 0.181E-015
SIC2H3+ 0.241E-004
SIC3H2+ 0.140E-008
SIC4H+ 0.105E-003
SICH4+ 0.240E-009
SIF+ 0.111E-006
SIH5+ 0.132E-014
SINCH+ 0.169E-009
SINH2+ 0.407E-007
SIOH+ 0.382E-002
