C- 0.485E-010
E 0.602E-001
C2- 0.272E-011
C3- 0.240E-010
C4- 0.552E-008
C5- 0.124E-008
C6- 0.123E-008
C7- 0.725E-010
C8- 0.842E-011
C10- 0.484E-014
C2H- 0.725E-006
C3H- 0.249E-010
C3N- 0.118E-006
C4H- 0.472E-009
C5H- 0.971E-006
C6H- 0.958E-007
C7H- 0.736E-008
C8H- 0.198E-009
C9- 0.150E-010
C9H- 0.203E-009
CH- 0.135E-009
O- 0.658E-013
OH- 0.391E-008
S- 0.424E-011
CN- 0.373E-006
H- 0.134E-007
C10H- 0.213E-014
C5N- 0.141E-010
O2- 0.108E-024
C 0.400E+000
C2 0.127E-001
CH2 0.977E-002
C2H2 0.337E+002
CH 0.680E-003
C2H 0.118E+000
CO2 0.159E-004
CO 0.619E+003
H2O 0.197E+001
H2CO 0.200E-006
N 0.303E-001
CN 0.139E+000
NH 0.547E-004
HCN 0.315E+002
O2 0.760E-007
O 0.413E+000
OH 0.481E-002
HCO 0.237E-006
C4 0.759E-005
C3 0.133E-002
C5 0.848E-007
C6 0.214E-007
C7 0.588E-009
C8 0.147E-009
C9 0.773E-010
C10 0.162E-012
C3H 0.134E-002
C4H 0.128E-002
C4N 0.246E-008
C5H 0.221E-004
C6H 0.527E-005
C7H 0.854E-007
C8H 0.105E-007
C9H 0.213E-008
C10H 0.523E-012
CS 0.820E+001
CH3 0.207E-002
CH3CN 0.184E-004
CH3OH 0.328E-009
OCS 0.947E-004
CH4 0.270E+001
H 0.766E+000
H2 0.774E+006
NH2 0.196E-003
NH3 0.461E-001
C10H2 0.383E-012
H2CCC 0.190E-004
HC3N 0.469E-002
HC4H 0.110E-002
C5H2 0.945E-004
HC5N 0.498E-007
C6H2 0.751E-003
C7H2 0.478E-007
C8H2 0.160E-007
C9H2 0.225E-008
HS 0.441E-004
C2N 0.418E-007
C3N 0.810E-003
C5N 0.348E-009
C7N 0.143E-011
HC7N 0.632E-007
C9N 0.188E-013
HC9N 0.887E-012
NO 0.136E-007
NS 0.689E-009
NO2 0.382E-015
SO2 0.248E-013
C2O 0.615E-009
SO 0.150E-007
HNC 0.639E-003
C2H4 0.523E-001
C2H5 0.603E-012
C2H5OH 0.263E-013
C2S 0.814E-006
C3O 0.724E-008
C3S 0.174E-004
C4H3 0.263E-005
C4S 0.381E-008
C6H6 0.160E-003
CCP 0.444E-009
CCL 0.227E-009
CH2CCH2 0.821E-008
CH2CCH 0.128E-002
CH2CN 0.445E-010
CH2CO 0.694E-008
CH3CCH 0.156E-005
CH3CHCH2 0.245E-016
CH3CHO 0.117E-007
CH3COCH3 0.441E-018
CH3OCH3 0.444E-020
CP 0.467E-004
CLO 0.106E-026
FE 0.000E+000
H2S 0.308E-002
H2SIO 0.765E-020
HCOOCH3 0.678E-020
HCP 0.193E-001
HPO 0.368E-015
MG 0.000E+000
NCCN 0.763E-007
NA 0.000E+000
P 0.974E-007
PH 0.286E-008
PO 0.161E-010
SI 0.321E-001
SIC2 0.145E+002
SIC2H 0.459E-002
SIC3 0.290E-004
SIC 0.637E-003
SICH2 0.118E-007
SICH3 0.639E-012
SIH2 0.315E-011
SIH3 0.140E-015
SIN 0.109E-007
SIS 0.463E+001
S 0.130E-001
N2 0.310E+002
C2H3 0.509E-005
CH3CH3 0.319E-020
PN 0.107E-012
CL 0.127E-002
C3H2 0.266E-004
C4P 0.244E-016
CH3C4H 0.203E-004
CH3C6H 0.545E-008
H2CS 0.549E-007
H2S2 0.809E-011
HC2P 0.471E-012
HCSI 0.173E-005
HCL 0.250E+000
HNSI 0.618E-008
HS2 0.119E-010
N2O 0.138E-015
PH2 0.236E-018
S2 0.323E-009
SIC2H2 0.109E-004
SIC3H 0.141E-009
SIC4 0.291E-004
SIH4 0.775E-015
SIH 0.376E-008
SINC 0.271E-010
SIO 0.386E+001
F 0.720E-007
HE 0.132E+006
HCNO 0.744E-014
HNCO 0.303E-009
HONC 0.138E-021
HNO 0.677E-008
HCOOH 0.988E-009
C11 0.334E-016
C2H5CN 0.179E-013
C3P 0.534E-016
CH2CHCCH 0.614E-008
CH2CHCHCH2 0.497E-014
CH2CHCN 0.446E-005
CH2NH 0.117E-007
CH2PH 0.162E-014
CH3C3N 0.240E-009
CH3C5N 0.417E-017
CH3C7N 0.496E-017
CNO 0.490E-027
H2CN 0.824E-008
H2O2 0.123E-025
HCS 0.256E-007
HF 0.132E-001
HNC3 0.287E-006
HOCN 0.302E-009
NH2CN 0.330E-006
O2H 0.496E-018
OCN 0.354E-007
SIO2 0.593E-006
HCO+ 0.744E-004
H+ 0.527E-006
HOC+ 0.108E-007
C+ 0.161E-003
C10H+ 0.107E-011
C2H4+ 0.579E-004
C2H5+ 0.253E-005
C2H5OH+ 0.353E-016
C2O+ 0.191E-015
C2S+ 0.427E-010
C3O+ 0.621E-018
C3S+ 0.590E-009
C4H3+ 0.200E-002
C4S+ 0.719E-010
C6H6+ 0.142E-009
CCP+ 0.102E-007
CCL+ 0.250E-006
CH2+ 0.841E-008
C3H4+ 0.289E-005
CH2CCH+ 0.997E-006
CH2CN+ 0.346E-008
CH2CO+ 0.110E-007
C3H6+ 0.108E-023
CH3CHO+ 0.246E-010
CH3COCH3+ 0.285E-021
CH3OCH3+ 0.685E-023
CH+ 0.671E-009
CP+ 0.974E-014
CLO+ 0.167E-033
FE+ 0.000E+000
H2CO+ 0.339E-009
H2S+ 0.660E-005
H2SIO+ 0.695E-014
C4H2+ 0.965E-004
COOCH4+ 0.182E-025
HCP+ 0.205E-011
HPO+ 0.231E-010
MG+ 0.000E+000
C2N+ 0.794E-008
CNC+ 0.477E-004
NH3+ 0.233E-004
NO+ 0.496E-008
NS+ 0.161E-009
NA+ 0.000E+000
OCS+ 0.206E-006
P+ 0.353E-009
PH+ 0.155E-013
PO+ 0.419E-011
SO+ 0.825E-009
SI+ 0.238E-003
SIC2+ 0.467E-007
SIC2H+ 0.296E-003
SIC3+ 0.150E-007
SIC+ 0.159E-005
SICH2+ 0.650E-005
SICH3+ 0.247E-009
SIH2+ 0.273E-008
SIH3+ 0.421E-010
SIN+ 0.103E-009
SIS+ 0.134E-004
C2+ 0.614E-008
S+ 0.239E-004
CN+ 0.369E-010
CO+ 0.355E-010
N2+ 0.808E-011
O2+ 0.579E-011
C2H+ 0.756E-008
C2H2+ 0.234E-002
C2H3+ 0.386E-001
C5H2+ 0.726E-006
C6H2+ 0.498E-006
C7H2+ 0.272E-008
C3H3+ 0.587E-005
CO2+ 0.209E-017
HC3N+ 0.497E-007
HCN+ 0.298E-009
C2N2+ 0.161E-014
C3+ 0.103E-009
C5+ 0.423E-012
CH3CH3+ 0.339E-018
PN+ 0.618E-020
H2O+ 0.108E-006
NH2+ 0.179E-009
O+ 0.163E-011
OH+ 0.151E-010
CH3+ 0.160E-004
CH4+ 0.642E-006
CH3OH+ 0.259E-012
N+ 0.270E-007
SO2+ 0.170E-024
CS+ 0.612E-006
CL+ 0.778E-010
C10+ 0.271E-015
C10H2+ 0.114E-011
C3H2+ 0.139E-004
C3H+ 0.240E-004
C4+ 0.248E-010
C4H+ 0.117E-009
C4P+ 0.401E-024
C5H+ 0.314E-007
C6+ 0.108E-011
C6H+ 0.269E-008
C7+ 0.135E-009
C7H+ 0.613E-009
C8+ 0.117E-012
C8H2+ 0.293E-008
C8H+ 0.357E-010
C9+ 0.443E-013
C9H2+ 0.209E-009
C9H+ 0.276E-011
CH3C4H+ 0.215E-006
C7H4+ 0.296E-007
CH3CN+ 0.664E-011
H2CS+ 0.954E-010
H2S2+ 0.630E-010
HC2P+ 0.163E-008
HC5N+ 0.115E-013
HC7N+ 0.333E-010
HC9N+ 0.205E-014
HCSI+ 0.287E-008
HCL+ 0.111E-007
HNSI+ 0.501E-014
HS2+ 0.365E-010
HS+ 0.521E-008
N2O+ 0.532E-019
NH+ 0.673E-013
PH2+ 0.110E-013
S2+ 0.245E-009
SIC2H2+ 0.302E-006
SIC3H+ 0.750E-009
SIC4+ 0.172E-008
SIH4+ 0.176E-023
SIH+ 0.446E-007
SINC+ 0.115E-005
SIO+ 0.373E-005
H2+ 0.570E-008
F+ 0.116E-012
HE+ 0.632E-006
C3N+ 0.605E-012
HCNO+ 0.162E-025
HNCO+ 0.121E-012
HONC+ 0.738E-033
HNO+ 0.881E-010
HCOOH+ 0.829E-012
NO2+ 0.311E-018
CH2CHCNH+ 0.361E-008
HCS+ 0.698E-003
C10H3+ 0.867E-013
C11+ 0.350E-015
C2H5CNH+ 0.398E-013
C2H5OH2+ 0.114E-012
C2H7+ 0.372E-027
C2NH+ 0.269E-006
C3H2O+ 0.373E-009
C3H5+ 0.517E-004
C3H7+ 0.157E-022
C4H4+ 0.322E-009
C4H5+ 0.247E-005
C4H7+ 0.149E-008
C4N+ 0.587E-010
C5H3+ 0.242E-004
C5H5+ 0.608E-004
C5N+ 0.225E-012
C6H3+ 0.386E-006
C6H4+ 0.362E-005
C6H5+ 0.192E-004
C6H7+ 0.238E-003
C7H3+ 0.656E-007
C7H5+ 0.379E-007
C7N+ 0.445E-014
C8H3+ 0.411E-007
C8H4+ 0.151E-007
C8H5+ 0.962E-012
C9H3+ 0.299E-008
C9H4+ 0.145E-008
C9H5+ 0.667E-013
C9N+ 0.269E-016
CF+ 0.115E-006
CH2CHCN+ 0.780E-009
CH2NH2+ 0.188E-009
CH3C3N+ 0.106E-012
CH3C3NH+ 0.214E-009
CH3C5NH+ 0.149E-016
CH3C7NH+ 0.189E-016
CH3CHOH+ 0.239E-007
CH3CNH+ 0.792E-005
CH3CO+ 0.207E-008
CH3COCH4+ 0.323E-017
CH3CS+ 0.168E-008
CH3OCH4+ 0.191E-019
CH3OH2+ 0.856E-010
CH4N+ 0.481E-008
CH5+ 0.321E-004
H2C4N+ 0.106E-012
H2C7N+ 0.442E-011
H2C9N+ 0.595E-013
H2CCL+ 0.563E-009
H2CNO+ 0.481E-009
H2CL+ 0.167E-004
H2F+ 0.137E-006
H2NC+ 0.778E-007
H2NCO+ 0.654E-020
H2NO+ 0.750E-015
H2OCN+ 0.487E-009
H2PO+ 0.192E-014
H3+ 0.485E-005
H3C3O+ 0.427E-007
H3C5N+ 0.687E-009
H3C7N+ 0.112E-011
H3C9N+ 0.140E-013
H3CO+ 0.105E-009
H3CS+ 0.108E-006
H3O+ 0.217E-003
H3S+ 0.392E-006
H3S2+ 0.341E-010
H3SIO+ 0.147E-018
H5C2O2+ 0.285E-019
HC2O+ 0.135E-005
HC2S+ 0.502E-005
HC3NH+ 0.296E-004
HC3O+ 0.156E-008
HC3S+ 0.141E-008
HC4N+ 0.105E-012
HC4S+ 0.128E-006
HC5NH+ 0.297E-009
HCNH+ 0.105E-001
HCNOH+ 0.654E-020
HCO2+ 0.281E-009
HCOOH2+ 0.329E-008
HF+ 0.338E-013
HN2O+ 0.953E-022
HNCOH+ 0.968E-009
HNS+ 0.133E-013
HOCN+ 0.138E-014
HOCS+ 0.200E-009
HPN+ 0.538E-018
HSO+ 0.105E-011
HSO2+ 0.579E-020
HSIO2+ 0.288E-011
HSIS+ 0.273E-004
HEH+ 0.840E-010
N2H+ 0.404E-006
NCCNCH3+ 0.109E-016
NCCNH+ 0.103E-010
NH2CNH+ 0.717E-012
NH4+ 0.103E-003
O2H+ 0.156E-015
OCN+ 0.474E-013
PC2H2+ 0.263E-011
PC2H3+ 0.229E-016
PC2H4+ 0.173E-015
PC3H+ 0.729E-015
PC4H+ 0.903E-014
PCH2+ 0.300E-006
PCH3+ 0.105E-014
PCH4+ 0.676E-014
PH3+ 0.250E-017
PNH2+ 0.290E-012
PNH3+ 0.170E-015
SIC2H3+ 0.213E-004
SIC3H2+ 0.199E-008
SIC4H+ 0.902E-004
SICH4+ 0.251E-009
SIF+ 0.123E-006
SIH5+ 0.175E-014
SINCH+ 0.199E-009
SINH2+ 0.451E-007
SIOH+ 0.387E-002
