C- 0.551E-010
E 0.605E-001
C2- 0.416E-011
C3- 0.304E-010
C4- 0.124E-007
C5- 0.181E-008
C6- 0.282E-008
C7- 0.144E-009
C8- 0.170E-010
C10- 0.111E-013
C2H- 0.662E-006
C3H- 0.290E-010
C3N- 0.182E-006
C4H- 0.646E-009
C5H- 0.112E-005
C6H- 0.167E-006
C7H- 0.133E-007
C8H- 0.494E-009
C9- 0.282E-010
C9H- 0.353E-009
CH- 0.162E-009
O- 0.751E-013
OH- 0.381E-008
S- 0.549E-011
CN- 0.333E-006
H- 0.129E-007
C10H- 0.493E-014
C5N- 0.280E-010
O2- 0.176E-024
C 0.394E+000
C2 0.132E-001
CH2 0.992E-002
C2H2 0.293E+002
CH 0.787E-003
C2H 0.123E+000
CO2 0.189E-004
CO 0.539E+003
H2O 0.171E+001
H2CO 0.250E-006
N 0.309E-001
CN 0.142E+000
NH 0.582E-004
HCN 0.274E+002
O2 0.990E-007
O 0.408E+000
OH 0.509E-002
HCO 0.255E-006
C4 0.114E-004
C3 0.145E-002
C5 0.109E-006
C6 0.416E-007
C7 0.104E-008
C8 0.295E-009
C9 0.122E-009
C10 0.327E-012
C3H 0.146E-002
C4H 0.162E-002
C4N 0.477E-008
C5H 0.223E-004
C6H 0.771E-005
C7H 0.138E-006
C8H 0.213E-007
C9H 0.328E-008
C10H 0.969E-012
CS 0.714E+001
CH3 0.216E-002
CH3CN 0.174E-004
CH3OH 0.312E-009
OCS 0.127E-003
CH4 0.235E+001
H 0.815E+000
H2 0.674E+006
NH2 0.209E-003
NH3 0.401E-001
C10H2 0.963E-012
H2CCC 0.232E-004
HC3N 0.673E-002
HC4H 0.132E-002
C5H2 0.106E-003
HC5N 0.105E-006
C6H2 0.935E-003
C7H2 0.783E-007
C8H2 0.324E-007
C9H2 0.349E-008
HS 0.513E-004
C2N 0.742E-007
C3N 0.101E-002
C5N 0.647E-009
C7N 0.417E-011
HC7N 0.128E-006
C9N 0.424E-013
HC9N 0.289E-011
NO 0.217E-007
NS 0.122E-008
NO2 0.822E-015
SO2 0.704E-013
C2O 0.119E-008
SO 0.259E-007
HNC 0.769E-003
C2H4 0.455E-001
C2H5 0.778E-012
C2H5OH 0.327E-013
C2S 0.906E-006
C3O 0.114E-007
C3S 0.241E-004
C4H3 0.326E-005
C4S 0.795E-008
C6H6 0.190E-003
CCP 0.465E-009
CCL 0.237E-009
CH2CCH2 0.100E-007
CH2CCH 0.159E-002
CH2CN 0.745E-010
CH2CO 0.719E-008
CH3CCH 0.227E-005
CH3CHCH2 0.310E-016
CH3CHO 0.140E-007
CH3COCH3 0.577E-018
CH3OCH3 0.488E-020
CP 0.504E-004
CLO 0.922E-027
FE 0.000E+000
H2S 0.268E-002
H2SIO 0.166E-019
HCOOCH3 0.732E-020
HCP 0.168E-001
HPO 0.417E-015
MG 0.000E+000
NCCN 0.129E-006
NA 0.000E+000
P 0.127E-006
PH 0.268E-008
PO 0.157E-010
SI 0.330E-001
SIC2 0.126E+002
SIC2H 0.567E-002
SIC3 0.296E-004
SIC 0.698E-003
SICH2 0.212E-007
SICH3 0.120E-011
SIH2 0.532E-011
SIH3 0.229E-015
SIN 0.151E-007
SIS 0.403E+001
S 0.137E-001
N2 0.270E+002
C2H3 0.660E-005
CH3CH3 0.394E-020
PN 0.121E-012
CL 0.131E-002
C3H2 0.334E-004
C4P 0.654E-016
CH3C4H 0.237E-004
CH3C6H 0.999E-008
H2CS 0.671E-007
H2S2 0.875E-011
HC2P 0.495E-012
HCSI 0.185E-005
HCL 0.218E+000
HNSI 0.752E-008
HS2 0.158E-010
N2O 0.394E-015
PH2 0.418E-018
S2 0.511E-009
SIC2H2 0.124E-004
SIC3H 0.228E-009
SIC4 0.296E-004
SIH4 0.104E-014
SIH 0.487E-008
SINC 0.353E-010
SIO 0.336E+001
F 0.753E-007
HE 0.115E+006
HCNO 0.225E-013
HNCO 0.319E-009
HONC 0.576E-021
HNO 0.890E-008
HCOOH 0.998E-009
C11 0.709E-016
C2H5CN 0.199E-013
C3P 0.123E-015
CH2CHCCH 0.859E-008
CH2CHCHCH2 0.522E-014
CH2CHCN 0.590E-005
CH2NH 0.142E-007
CH2PH 0.173E-014
CH3C3N 0.498E-009
CH3C5N 0.128E-016
CH3C7N 0.159E-016
CNO 0.219E-026
H2CN 0.127E-007
H2O2 0.107E-025
HCS 0.454E-007
HF 0.115E-001
HNC3 0.463E-006
HOCN 0.318E-009
NH2CN 0.485E-006
O2H 0.107E-017
OCN 0.554E-007
SIO2 0.784E-006
HCO+ 0.730E-004
H+ 0.523E-006
HOC+ 0.110E-007
C+ 0.179E-003
C10H+ 0.178E-011
C2H4+ 0.582E-004
C2H5+ 0.253E-005
C2H5OH+ 0.505E-016
C2O+ 0.406E-015
C2S+ 0.529E-010
C3O+ 0.127E-017
C3S+ 0.746E-009
C4H3+ 0.211E-002
C4S+ 0.131E-009
C6H6+ 0.173E-009
CCP+ 0.922E-008
CCL+ 0.232E-006
CH2+ 0.986E-008
C3H4+ 0.289E-005
CH2CCH+ 0.113E-005
CH2CN+ 0.439E-008
CH2CO+ 0.141E-007
C3H6+ 0.172E-023
CH3CHO+ 0.331E-010
CH3COCH3+ 0.431E-021
CH3OCH3+ 0.878E-023
CH+ 0.866E-009
CP+ 0.134E-013
CLO+ 0.997E-033
FE+ 0.000E+000
H2CO+ 0.479E-009
H2S+ 0.662E-005
H2SIO+ 0.111E-013
C4H2+ 0.954E-004
COOCH4+ 0.195E-025
HCP+ 0.228E-011
HPO+ 0.207E-010
MG+ 0.000E+000
C2N+ 0.962E-008
CNC+ 0.462E-004
NH3+ 0.234E-004
NO+ 0.477E-008
NS+ 0.209E-009
NA+ 0.000E+000
OCS+ 0.317E-006
P+ 0.481E-009
PH+ 0.232E-013
PO+ 0.385E-011
SO+ 0.989E-009
SI+ 0.289E-003
SIC2+ 0.624E-007
SIC2H+ 0.277E-003
SIC3+ 0.188E-007
SIC+ 0.177E-005
SICH2+ 0.558E-005
SICH3+ 0.295E-009
SIH2+ 0.316E-008
SIH3+ 0.565E-010
SIN+ 0.178E-009
SIS+ 0.127E-004
C2+ 0.733E-008
S+ 0.298E-004
CN+ 0.374E-010
CO+ 0.357E-010
N2+ 0.806E-011
O2+ 0.838E-011
C2H+ 0.903E-008
C2H2+ 0.233E-002
C2H3+ 0.379E-001
C5H2+ 0.807E-006
C6H2+ 0.709E-006
C7H2+ 0.340E-008
C3H3+ 0.617E-005
CO2+ 0.284E-017
HC3N+ 0.591E-007
HCN+ 0.299E-009
C2N2+ 0.265E-014
C3+ 0.138E-009
C5+ 0.696E-012
CH3CH3+ 0.485E-018
PN+ 0.701E-020
H2O+ 0.108E-006
NH2+ 0.218E-009
O+ 0.166E-011
OH+ 0.175E-010
CH3+ 0.190E-004
CH4+ 0.636E-006
CH3OH+ 0.276E-012
N+ 0.269E-007
SO2+ 0.563E-024
CS+ 0.611E-006
CL+ 0.921E-010
C10+ 0.547E-015
C10H2+ 0.198E-011
C3H2+ 0.153E-004
C3H+ 0.263E-004
C4+ 0.310E-010
C4H+ 0.147E-009
C4P+ 0.108E-023
C5H+ 0.450E-007
C6+ 0.166E-011
C6H+ 0.396E-008
C7+ 0.214E-009
C7H+ 0.813E-009
C8+ 0.255E-012
C8H2+ 0.432E-008
C8H+ 0.636E-010
C9+ 0.827E-013
C9H2+ 0.273E-009
C9H+ 0.510E-011
CH3C4H+ 0.262E-006
C7H4+ 0.449E-007
CH3CN+ 0.739E-011
H2CS+ 0.123E-009
H2S2+ 0.954E-010
HC2P+ 0.144E-008
HC5N+ 0.148E-013
HC7N+ 0.761E-010
HC9N+ 0.416E-014
HCSI+ 0.406E-008
HCL+ 0.111E-007
HNSI+ 0.683E-014
HS2+ 0.450E-010
HS+ 0.678E-008
N2O+ 0.181E-018
NH+ 0.813E-013
PH2+ 0.112E-013
S2+ 0.271E-009
SIC2H2+ 0.377E-006
SIC3H+ 0.940E-009
SIC4+ 0.290E-008
SIH4+ 0.326E-023
SIH+ 0.585E-007
SINC+ 0.166E-005
SIO+ 0.373E-005
H2+ 0.570E-008
F+ 0.117E-012
HE+ 0.630E-006
C3N+ 0.749E-012
HCNO+ 0.571E-025
HNCO+ 0.123E-012
HONC+ 0.359E-032
HNO+ 0.987E-010
HCOOH+ 0.989E-012
NO2+ 0.397E-018
CH2CHCNH+ 0.578E-008
HCS+ 0.687E-003
C10H3+ 0.196E-012
C11+ 0.694E-015
C2H5CNH+ 0.478E-013
C2H5OH2+ 0.112E-012
C2H7+ 0.509E-027
C2NH+ 0.320E-006
C3H2O+ 0.517E-009
C3H5+ 0.541E-004
C3H7+ 0.254E-022
C4H4+ 0.558E-009
C4H5+ 0.291E-005
C4H7+ 0.181E-008
C4N+ 0.109E-009
C5H3+ 0.203E-004
C5H5+ 0.635E-004
C5N+ 0.389E-012
C6H3+ 0.507E-006
C6H4+ 0.401E-005
C6H5+ 0.212E-004
C6H7+ 0.248E-003
C7H3+ 0.865E-007
C7H5+ 0.607E-007
C7N+ 0.806E-014
C8H3+ 0.635E-007
C8H4+ 0.221E-007
C8H5+ 0.200E-011
C9H3+ 0.388E-008
C9H4+ 0.196E-008
C9H5+ 0.925E-013
C9N+ 0.624E-016
CF+ 0.111E-006
CH2CHCN+ 0.122E-008
CH2NH2+ 0.171E-009
CH3C3N+ 0.127E-012
CH3C3NH+ 0.272E-009
CH3C5NH+ 0.413E-016
CH3C7NH+ 0.512E-016
CH3CHOH+ 0.235E-007
CH3CNH+ 0.656E-005
CH3CO+ 0.188E-008
CH3COCH4+ 0.430E-017
CH3CS+ 0.178E-008
CH3OCH4+ 0.197E-019
CH3OH2+ 0.759E-010
CH4N+ 0.452E-008
CH5+ 0.319E-004
H2C4N+ 0.127E-012
H2C7N+ 0.103E-010
H2C9N+ 0.994E-013
H2CCL+ 0.609E-009
H2CNO+ 0.424E-009
H2CL+ 0.165E-004
H2F+ 0.115E-006
H2NC+ 0.732E-007
H2NCO+ 0.217E-019
H2NO+ 0.127E-014
H2OCN+ 0.429E-009
H2PO+ 0.186E-014
H3+ 0.483E-005
H3C3O+ 0.570E-007
H3C5N+ 0.926E-009
H3C7N+ 0.232E-011
H3C9N+ 0.241E-013
H3CO+ 0.128E-009
H3CS+ 0.115E-006
H3O+ 0.214E-003
H3S+ 0.428E-006
H3S2+ 0.319E-010
H3SIO+ 0.229E-018
H5C2O2+ 0.278E-019
HC2O+ 0.150E-005
HC2S+ 0.546E-005
HC3NH+ 0.328E-004
HC3O+ 0.165E-008
HC3S+ 0.193E-008
HC4N+ 0.125E-012
HC4S+ 0.205E-006
HC5NH+ 0.310E-009
HCNH+ 0.112E-001
HCNOH+ 0.217E-019
HCO2+ 0.351E-009
HCOOH2+ 0.271E-008
HF+ 0.343E-013
HN2O+ 0.313E-021
HNCOH+ 0.853E-009
HNS+ 0.186E-013
HOCN+ 0.138E-014
HOCS+ 0.283E-009
HPN+ 0.624E-018
HSO+ 0.134E-011
HSO2+ 0.178E-019
HSIO2+ 0.395E-011
HSIS+ 0.262E-004
HEH+ 0.840E-010
N2H+ 0.401E-006
NCCNCH3+ 0.258E-016
NCCNH+ 0.157E-010
NH2CNH+ 0.113E-011
NH4+ 0.936E-004
O2H+ 0.246E-015
OCN+ 0.564E-013
PC2H2+ 0.233E-011
PC2H3+ 0.319E-016
PC2H4+ 0.157E-015
PC3H+ 0.122E-014
PC4H+ 0.145E-013
PCH2+ 0.266E-006
PCH3+ 0.146E-014
PCH4+ 0.590E-014
PH3+ 0.422E-017
PNH2+ 0.249E-012
PNH3+ 0.160E-015
SIC2H3+ 0.185E-004
SIC3H2+ 0.310E-008
SIC4H+ 0.760E-004
SICH4+ 0.300E-009
SIF+ 0.148E-006
SIH5+ 0.227E-014
SINCH+ 0.253E-009
SINH2+ 0.543E-007
SIOH+ 0.406E-002
