C- 0.409E-010
E 0.536E-001
C2- 0.802E-011
C3- 0.460E-010
C4- 0.390E-007
C5- 0.339E-008
C6- 0.826E-008
C7- 0.401E-009
C8- 0.497E-010
C10- 0.378E-013
C2H- 0.598E-006
C3H- 0.391E-010
C3N- 0.303E-006
C4H- 0.790E-009
C5H- 0.140E-005
C6H- 0.356E-006
C7H- 0.329E-007
C8H- 0.149E-008
C9- 0.626E-010
C9H- 0.745E-009
CH- 0.287E-009
O- 0.645E-013
OH- 0.373E-008
S- 0.569E-011
CN- 0.295E-006
H- 0.128E-007
C10H- 0.183E-013
C5N- 0.692E-010
O2- 0.158E-024
C 0.328E+000
C2 0.122E-001
CH2 0.836E-002
C2H2 0.255E+002
CH 0.143E-002
C2H 0.117E+000
CO2 0.216E-004
CO 0.470E+003
H2O 0.149E+001
H2CO 0.269E-006
N 0.276E-001
CN 0.125E+000
NH 0.568E-004
HCN 0.239E+002
O2 0.991E-007
O 0.345E+000
OH 0.492E-002
HCO 0.269E-006
C4 0.155E-004
C3 0.336E-002
C5 0.254E-006
C6 0.130E-006
C7 0.325E-008
C8 0.923E-009
C9 0.209E-009
C10 0.109E-011
C3H 0.338E-002
C4H 0.218E-002
C4N 0.107E-007
C5H 0.236E-004
C6H 0.111E-004
C7H 0.639E-006
C8H 0.498E-007
C9H 0.562E-008
C10H 0.181E-011
CS 0.621E+001
CH3 0.205E-002
CH3CN 0.167E-004
CH3OH 0.298E-009
OCS 0.178E-003
CH4 0.204E+001
H 0.799E+000
H2 0.587E+006
NH2 0.205E-003
NH3 0.349E-001
C10H2 0.230E-011
H2CCC 0.308E-004
HC3N 0.108E-001
HC4H 0.150E-002
C5H2 0.127E-003
HC5N 0.290E-006
C6H2 0.118E-002
C7H2 0.151E-006
C8H2 0.956E-007
C9H2 0.609E-008
HS 0.610E-004
C2N 0.267E-006
C3N 0.123E-002
C5N 0.130E-008
C7N 0.230E-010
HC7N 0.313E-006
C9N 0.111E-012
HC9N 0.132E-010
NO 0.338E-007
NS 0.253E-008
NO2 0.503E-014
SO2 0.195E-012
C2O 0.640E-008
SO 0.387E-007
HNC 0.105E-002
C2H4 0.395E-001
C2H5 0.105E-011
C2H5OH 0.421E-013
C2S 0.117E-005
C3O 0.211E-007
C3S 0.536E-004
C4H3 0.418E-005
C4S 0.192E-007
C6H6 0.227E-003
CCP 0.506E-009
CCL 0.268E-009
CH2CCH2 0.221E-007
CH2CCH 0.194E-002
CH2CN 0.152E-009
CH2CO 0.660E-008
CH3CCH 0.389E-005
CH3CHCH2 0.262E-007
CH3CHO 0.173E-007
CH3COCH3 0.979E-018
CH3OCH3 0.581E-020
CP 0.507E-004
CLO 0.803E-027
FE 0.000E+000
H2S 0.233E-002
H2SIO 0.664E-019
HCOOCH3 0.853E-020
HCP 0.146E-001
HPO 0.507E-015
MG 0.000E+000
NCCN 0.214E-006
NA 0.000E+000
P 0.143E-006
PH 0.252E-008
PO 0.157E-010
SI 0.303E-001
SIC2 0.110E+002
SIC2H 0.682E-002
SIC3 0.311E-004
SIC 0.993E-003
SICH2 0.454E-007
SICH3 0.412E-011
SIH2 0.996E-011
SIH3 0.411E-015
SIN 0.250E-007
SIS 0.351E+001
S 0.133E-001
N2 0.235E+002
C2H3 0.864E-005
CH3CH3 0.245E-008
PN 0.148E-012
CL 0.121E-002
C3H2 0.444E-004
C4P 0.248E-015
CH3C4H 0.298E-004
CH3C6H 0.218E-007
H2CS 0.955E-007
H2S2 0.101E-010
HC2P 0.542E-012
HCSI 0.211E-005
HCL 0.190E+000
HNSI 0.107E-007
HS2 0.250E-010
N2O 0.911E-015
PH2 0.951E-018
S2 0.893E-009
SIC2H2 0.147E-004
SIC3H 0.479E-009
SIC4 0.311E-004
SIH4 0.143E-014
SIH 0.653E-008
SINC 0.553E-010
SIO 0.292E+001
F 0.792E-007
HE 0.998E+005
HCNO 0.533E-011
HNCO 0.345E-009
HONC 0.384E-020
HNO 0.938E-008
HCOOH 0.100E-008
C11 0.113E-015
C2H5CN 0.224E-013
C3P 0.256E-015
CH2CHCCH 0.112E-007
CH2CHCHCH2 0.123E-013
CH2CHCN 0.666E-005
CH2NH 0.188E-007
CH2PH 0.192E-014
CH3C3N 0.139E-008
CH3C5N 0.700E-016
CH3C7N 0.827E-016
CNO 0.126E-024
H2CN 0.181E-007
H2O2 0.934E-026
HCS 0.939E-007
HF 0.998E-002
HNC3 0.686E-006
HOCN 0.349E-009
NH2CN 0.799E-006
O2H 0.224E-017
OCN 0.100E-006
SIO2 0.101E-005
HCO+ 0.625E-004
H+ 0.499E-006
HOC+ 0.105E-007
C+ 0.145E-003
C10H+ 0.255E-011
C2H4+ 0.867E-004
C2H5+ 0.195E-005
C2H5OH+ 0.628E-016
C2O+ 0.947E-015
C2S+ 0.587E-010
C3O+ 0.222E-017
C3S+ 0.318E-008
C4H3+ 0.179E-002
C4S+ 0.211E-009
C6H6+ 0.188E-009
CCP+ 0.743E-008
CCL+ 0.190E-006
CH2+ 0.102E-007
C3H4+ 0.208E-005
CH2CCH+ 0.274E-005
CH2CN+ 0.358E-008
CH2CO+ 0.140E-007
C3H6+ 0.133E-009
CH3CHO+ 0.403E-010
CH3COCH3+ 0.650E-021
CH3OCH3+ 0.103E-022
CH+ 0.166E-008
CP+ 0.125E-013
CLO+ 0.846E-033
FE+ 0.000E+000
H2CO+ 0.418E-009
H2S+ 0.553E-005
H2SIO+ 0.145E-013
C4H2+ 0.785E-004
COOCH4+ 0.242E-025
HCP+ 0.185E-011
HPO+ 0.176E-010
MG+ 0.000E+000
C2N+ 0.897E-008
CNC+ 0.368E-004
NH3+ 0.206E-004
NO+ 0.626E-009
NS+ 0.210E-009
NA+ 0.000E+000
OCS+ 0.418E-006
P+ 0.550E-009
PH+ 0.299E-013
PO+ 0.345E-011
SO+ 0.794E-009
SI+ 0.285E-003
SIC2+ 0.373E-008
SIC2H+ 0.252E-003
SIC3+ 0.574E-007
SIC+ 0.135E-008
SICH2+ 0.566E-005
SICH3+ 0.251E-009
SIH2+ 0.440E-008
SIH3+ 0.750E-010
SIN+ 0.253E-009
SIS+ 0.110E-004
C2+ 0.775E-008
S+ 0.304E-004
CN+ 0.371E-010
CO+ 0.238E-010
N2+ 0.787E-011
O2+ 0.927E-011
C2H+ 0.959E-008
C2H2+ 0.232E-002
C2H3+ 0.324E-001
C5H2+ 0.751E-006
C6H2+ 0.775E-006
C7H2+ 0.352E-008
C3H3+ 0.174E-004
CO2+ 0.289E-017
HC3N+ 0.592E-007
HCN+ 0.283E-009
C2N2+ 0.459E-014
C3+ 0.122E-009
C5+ 0.361E-010
CH3CH3+ 0.393E-012
PN+ 0.789E-020
H2O+ 0.108E-006
NH2+ 0.338E-009
O+ 0.164E-011
OH+ 0.187E-010
CH3+ 0.138E-004
CH4+ 0.629E-006
CH3OH+ 0.257E-012
N+ 0.391E-010
SO2+ 0.211E-022
CS+ 0.611E-006
CL+ 0.974E-010
C10+ 0.175E-013
C10H2+ 0.294E-011
C3H2+ 0.113E-004
C3H+ 0.311E-005
C4+ 0.238E-010
C4H+ 0.161E-009
C4P+ 0.299E-023
C5H+ 0.389E-006
C6+ 0.944E-011
C6H+ 0.733E-008
C7+ 0.299E-011
C7H+ 0.139E-008
C8+ 0.408E-012
C8H2+ 0.493E-008
C8H+ 0.101E-012
C9+ 0.353E-013
C9H2+ 0.305E-009
C9H+ 0.251E-010
CH3C4H+ 0.236E-006
C7H4+ 0.523E-007
CH3CN+ 0.876E-011
H2CS+ 0.150E-009
H2S2+ 0.135E-009
HC2P+ 0.121E-008
HC5N+ 0.191E-013
HC7N+ 0.199E-010
HC9N+ 0.134E-014
HCSI+ 0.135E-008
HCL+ 0.111E-007
HNSI+ 0.214E-016
HS2+ 0.491E-010
HS+ 0.753E-008
N2O+ 0.470E-018
NH+ 0.195E-010
PH2+ 0.152E-013
S2+ 0.290E-009
SIC2H2+ 0.359E-006
SIC3H+ 0.117E-008
SIC4+ 0.451E-008
SIH4+ 0.853E-026
SIH+ 0.679E-007
SINC+ 0.223E-005
SIO+ 0.372E-005
H2+ 0.570E-008
F+ 0.116E-012
HE+ 0.615E-006
C3N+ 0.608E-012
HCNO+ 0.157E-022
HNCO+ 0.142E-014
HONC+ 0.279E-031
HNO+ 0.710E-010
HCOOH+ 0.103E-011
NO2+ 0.285E-018
CH2CHCNH+ 0.848E-008
HCS+ 0.558E-003
C10H3+ 0.448E-012
C11+ 0.879E-015
C2H5CNH+ 0.423E-013
C2H5OH2+ 0.335E-012
C2H7+ 0.662E-016
C2NH+ 0.267E-006
C3H2O+ 0.408E-008
C3H5+ 0.437E-004
C3H7+ 0.508E-005
C4H4+ 0.105E-008
C4H5+ 0.333E-005
C4H7+ 0.218E-008
C4N+ 0.163E-009
C5H3+ 0.155E-004
C5H5+ 0.556E-004
C5N+ 0.244E-014
C6H3+ 0.448E-006
C6H4+ 0.621E-005
C6H5+ 0.257E-006
C6H7+ 0.272E-003
C7H3+ 0.942E-007
C7H5+ 0.858E-007
C7N+ 0.139E-016
C8H3+ 0.734E-007
C8H4+ 0.232E-007
C8H5+ 0.434E-011
C9H3+ 0.400E-008
C9H4+ 0.212E-008
C9H5+ 0.126E-012
C9N+ 0.183E-018
CF+ 0.993E-007
CH2CHCN+ 0.165E-008
CH2NH2+ 0.149E-009
CH3C3N+ 0.115E-012
CH3C3NH+ 0.296E-009
CH3C5NH+ 0.482E-015
CH3C7NH+ 0.540E-015
CH3CHOH+ 0.511E-007
CH3CNH+ 0.963E-005
CH3CO+ 0.273E-008
CH3COCH4+ 0.127E-016
CH3CS+ 0.178E-008
CH3OCH4+ 0.631E-019
CH3OH2+ 0.117E-009
CH4N+ 0.371E-008
CH5+ 0.294E-004
H2C4N+ 0.115E-012
H2C7N+ 0.140E-009
H2C9N+ 0.127E-012
H2CCL+ 0.547E-009
H2CNO+ 0.357E-009
H2CL+ 0.150E-004
H2F+ 0.876E-007
H2NC+ 0.617E-007
H2NCO+ 0.351E-011
H2NO+ 0.206E-014
H2OCN+ 0.364E-009
H2PO+ 0.178E-014
H3+ 0.481E-005
H3C3O+ 0.121E-006
H3C5N+ 0.104E-008
H3C7N+ 0.596E-011
H3C9N+ 0.338E-013
H3CO+ 0.128E-009
H3CS+ 0.111E-006
H3O+ 0.177E-003
H3S+ 0.565E-006
H3S2+ 0.303E-010
H3SIO+ 0.288E-018
H5C2O2+ 0.280E-019
HC2O+ 0.106E-005
HC2S+ 0.547E-005
HC3NH+ 0.300E-004
HC3O+ 0.744E-009
HC3S+ 0.253E-008
HC4N+ 0.113E-012
HC4S+ 0.299E-006
HC5NH+ 0.299E-009
HCNH+ 0.106E-001
HCNOH+ 0.290E-018
HCO2+ 0.328E-009
HCOOH2+ 0.229E-008
HF+ 0.341E-013
HN2O+ 0.881E-021
HNCOH+ 0.725E-009
HNS+ 0.257E-013
HOCN+ 0.139E-014
HOCS+ 0.375E-009
HPN+ 0.702E-018
HSO+ 0.139E-011
HSO2+ 0.524E-019
HSIO2+ 0.516E-011
HSIS+ 0.240E-004
HEH+ 0.840E-010
N2H+ 0.397E-006
NCCNCH3+ 0.399E-016
NCCNH+ 0.214E-010
NH2CNH+ 0.173E-011
NH4+ 0.827E-004
O2H+ 0.835E-018
OCN+ 0.278E-014
PC2H2+ 0.198E-011
PC2H3+ 0.450E-016
PC2H4+ 0.137E-015
PC3H+ 0.113E-014
PC4H+ 0.166E-013
PCH2+ 0.224E-006
PCH3+ 0.198E-014
PCH4+ 0.475E-014
PH3+ 0.806E-017
PNH2+ 0.197E-012
PNH3+ 0.145E-015
SIC2H3+ 0.154E-004
SIC3H2+ 0.624E-008
SIC4H+ 0.607E-004
SICH4+ 0.257E-009
SIF+ 0.178E-006
SIH5+ 0.291E-014
SINCH+ 0.395E-009
SINH2+ 0.642E-007
SIOH+ 0.381E-002
