C- 0.547E-010
E 0.567E-001
C2- 0.119E-010
C3- 0.765E-010
C4- 0.821E-007
C5- 0.573E-008
C6- 0.192E-007
C7- 0.870E-009
C8- 0.121E-009
C10- 0.976E-013
C2H- 0.531E-006
C3H- 0.496E-010
C3N- 0.459E-006
C4H- 0.118E-008
C5H- 0.166E-005
C6H- 0.638E-006
C7H- 0.648E-007
C8H- 0.357E-008
C9- 0.117E-009
C9H- 0.139E-008
CH- 0.329E-009
O- 0.822E-013
OH- 0.357E-008
S- 0.838E-011
CN- 0.256E-006
H- 0.119E-007
C10H- 0.492E-013
C5N- 0.149E-009
O2- 0.361E-024
C 0.343E+000
C2 0.134E-001
CH2 0.917E-002
C2H2 0.222E+002
CH 0.153E-002
C2H 0.126E+000
CO2 0.262E-004
CO 0.409E+003
H2O 0.130E+001
H2CO 0.381E-006
N 0.302E-001
CN 0.136E+000
NH 0.639E-004
HCN 0.208E+002
O2 0.158E-006
O 0.362E+000
OH 0.562E-002
HCO 0.325E-006
C4 0.239E-004
C3 0.372E-002
C5 0.378E-006
C6 0.240E-006
C7 0.588E-008
C8 0.186E-008
C9 0.322E-009
C10 0.229E-011
C3H 0.374E-002
C4H 0.270E-002
C4N 0.193E-007
C5H 0.241E-004
C6H 0.161E-004
C7H 0.999E-006
C8H 0.935E-007
C9H 0.860E-008
C10H 0.393E-011
CS 0.541E+001
CH3 0.229E-002
CH3CN 0.165E-004
CH3OH 0.285E-009
OCS 0.230E-003
CH4 0.178E+001
H 0.904E+000
H2 0.511E+006
NH2 0.229E-003
NH3 0.303E-001
C10H2 0.586E-011
H2CCC 0.398E-004
HC3N 0.145E-001
HC4H 0.195E-002
C5H2 0.146E-003
HC5N 0.587E-006
C6H2 0.144E-002
C7H2 0.253E-006
C8H2 0.173E-006
C9H2 0.953E-008
HS 0.736E-004
C2N 0.431E-006
C3N 0.149E-002
C5N 0.250E-008
C7N 0.646E-010
HC7N 0.584E-006
C9N 0.234E-012
HC9N 0.374E-010
NO 0.621E-007
NS 0.436E-008
NO2 0.102E-013
SO2 0.517E-012
C2O 0.117E-007
SO 0.692E-007
HNC 0.138E-002
C2H4 0.342E-001
C2H5 0.140E-011
C2H5OH 0.539E-013
C2S 0.149E-005
C3O 0.338E-007
C3S 0.673E-004
C4H3 0.502E-005
C4S 0.384E-007
C6H6 0.278E-003
CCP 0.535E-009
CCL 0.308E-009
CH2CCH2 0.327E-007
CH2CCH 0.239E-002
CH2CN 0.281E-009
CH2CO 0.772E-008
CH3CCH 0.578E-005
CH3CHCH2 0.458E-007
CH3CHO 0.186E-008
CH3COCH3 0.164E-017
CH3OCH3 0.753E-020
CP 0.569E-004
CLO 0.699E-027
FE 0.000E+000
H2S 0.202E-002
H2SIO 0.136E-018
HCOOCH3 0.100E-019
HCP 0.127E-001
HPO 0.598E-015
MG 0.000E+000
NCCN 0.400E-006
NA 0.000E+000
P 0.204E-006
PH 0.236E-008
PO 0.155E-010
SI 0.331E-001
SIC2 0.955E+001
SIC2H 0.828E-002
SIC3 0.316E-004
SIC 0.110E-002
SICH2 0.756E-007
SICH3 0.800E-011
SIH2 0.163E-010
SIH3 0.647E-015
SIN 0.381E-007
SIS 0.306E+001
S 0.149E-001
N2 0.204E+002
C2H3 0.114E-004
CH3CH3 0.431E-008
PN 0.173E-012
CL 0.135E-002
C3H2 0.593E-004
C4P 0.673E-015
CH3C4H 0.358E-004
CH3C6H 0.413E-007
H2CS 0.133E-006
H2S2 0.114E-010
HC2P 0.576E-012
HCSI 0.231E-005
HCL 0.165E+000
HNSI 0.155E-007
HS2 0.387E-010
N2O 0.251E-014
PH2 0.192E-017
S2 0.145E-008
SIC2H2 0.167E-004
SIC3H 0.960E-009
SIC4 0.317E-004
SIH4 0.189E-014
SIH 0.113E-007
SINC 0.867E-010
SIO 0.254E+001
F 0.832E-007
HE 0.870E+005
HCNO 0.602E-011
HNCO 0.365E-009
HONC 0.132E-019
HNO 0.142E-007
HCOOH 0.101E-008
C11 0.311E-015
C2H5CN 0.286E-013
C3P 0.682E-015
CH2CHCCH 0.169E-007
CH2CHCHCH2 0.213E-013
CH2CHCN 0.918E-005
CH2NH 0.243E-007
CH2PH 0.205E-014
CH3C3N 0.299E-008
CH3C5N 0.276E-015
CH3C7N 0.302E-015
CNO 0.243E-024
H2CN 0.314E-007
H2O2 0.812E-026
HCS 0.156E-006
HF 0.870E-002
HNC3 0.123E-005
HOCN 0.369E-009
NH2CN 0.110E-005
O2H 0.518E-017
OCN 0.192E-006
SIO2 0.131E-005
HCO+ 0.637E-004
H+ 0.495E-006
HOC+ 0.110E-007
C+ 0.179E-003
C10H+ 0.481E-011
C2H4+ 0.934E-004
C2H5+ 0.217E-005
C2H5OH+ 0.974E-016
C2O+ 0.243E-014
C2S+ 0.778E-010
C3O+ 0.513E-017
C3S+ 0.482E-008
C4H3+ 0.198E-002
C4S+ 0.436E-009
C6H6+ 0.257E-009
CCP+ 0.669E-008
CCL+ 0.176E-006
CH2+ 0.128E-007
C3H4+ 0.214E-005
CH2CCH+ 0.350E-005
CH2CN+ 0.563E-008
CH2CO+ 0.204E-007
C3H6+ 0.246E-009
CH3CHO+ 0.767E-011
CH3COCH3+ 0.130E-020
CH3OCH3+ 0.155E-022
CH+ 0.204E-008
CP+ 0.200E-013
CLO+ 0.798E-033
FE+ 0.000E+000
H2CO+ 0.719E-009
H2S+ 0.598E-005
H2SIO+ 0.236E-013
C4H2+ 0.823E-004
COOCH4+ 0.287E-025
HCP+ 0.229E-011
HPO+ 0.156E-010
MG+ 0.000E+000
C2N+ 0.126E-007
CNC+ 0.367E-004
NH3+ 0.214E-004
NO+ 0.555E-009
NS+ 0.363E-009
NA+ 0.000E+000
OCS+ 0.657E-006
P+ 0.884E-009
PH+ 0.515E-013
PO+ 0.315E-011
SO+ 0.124E-008
SI+ 0.391E-003
SIC2+ 0.472E-008
SIC2H+ 0.237E-003
SIC3+ 0.703E-007
SIC+ 0.170E-008
SICH2+ 0.516E-005
SICH3+ 0.346E-009
SIH2+ 0.580E-008
SIH3+ 0.956E-010
SIN+ 0.479E-009
SIS+ 0.109E-004
C2+ 0.979E-008
S+ 0.421E-004
CN+ 0.376E-010
CO+ 0.243E-010
N2+ 0.785E-011
O2+ 0.173E-010
C2H+ 0.121E-007
C2H2+ 0.232E-002
C2H3+ 0.336E-001
C5H2+ 0.102E-005
C6H2+ 0.110E-005
C7H2+ 0.481E-008
C3H3+ 0.200E-004
CO2+ 0.401E-017
HC3N+ 0.753E-007
HCN+ 0.283E-009
C2N2+ 0.924E-014
C3+ 0.188E-009
C5+ 0.460E-010
CH3CH3+ 0.838E-012
PN+ 0.913E-020
H2O+ 0.108E-006
NH2+ 0.408E-009
O+ 0.167E-011
OH+ 0.234E-010
CH3+ 0.182E-004
CH4+ 0.623E-006
CH3OH+ 0.285E-012
N+ 0.396E-010
SO2+ 0.650E-022
CS+ 0.611E-006
CL+ 0.125E-009
C10+ 0.289E-013
C10H2+ 0.579E-011
C3H2+ 0.159E-004
C3H+ 0.383E-005
C4+ 0.400E-010
C4H+ 0.255E-009
C4P+ 0.864E-023
C5H+ 0.539E-006
C6+ 0.159E-010
C6H+ 0.972E-008
C7+ 0.524E-011
C7H+ 0.222E-008
C8+ 0.793E-012
C8H2+ 0.742E-008
C8H+ 0.173E-012
C9+ 0.647E-013
C9H2+ 0.405E-009
C9H+ 0.449E-010
CH3C4H+ 0.308E-006
C7H4+ 0.725E-007
CH3CN+ 0.105E-010
H2CS+ 0.210E-009
H2S2+ 0.192E-009
HC2P+ 0.104E-008
HC5N+ 0.319E-013
HC7N+ 0.425E-010
HC9N+ 0.354E-014
HCSI+ 0.171E-008
HCL+ 0.111E-007
HNSI+ 0.355E-016
HS2+ 0.698E-010
HS+ 0.108E-007
N2O+ 0.158E-017
NH+ 0.195E-010
PH2+ 0.178E-013
S2+ 0.380E-009
SIC2H2+ 0.520E-006
SIC3H+ 0.160E-008
SIC4+ 0.897E-008
SIH4+ 0.148E-025
SIH+ 0.920E-007
SINC+ 0.323E-005
SIO+ 0.371E-005
H2+ 0.570E-008
F+ 0.118E-012
HE+ 0.614E-006
C3N+ 0.795E-012
HCNO+ 0.208E-022
HNCO+ 0.143E-014
HONC+ 0.112E-030
HNO+ 0.932E-010
HCOOH+ 0.127E-011
NO2+ 0.458E-018
CH2CHCNH+ 0.129E-007
HCS+ 0.565E-003
C10H3+ 0.971E-012
C11+ 0.218E-014
C2H5CNH+ 0.606E-013
C2H5OH2+ 0.353E-012
C2H7+ 0.143E-015
C2NH+ 0.389E-006
C3H2O+ 0.468E-008
C3H5+ 0.486E-004
C3H7+ 0.670E-005
C4H4+ 0.167E-008
C4H5+ 0.380E-005
C4H7+ 0.255E-008
C4N+ 0.318E-009
C5H3+ 0.125E-004
C5H5+ 0.525E-004
C5N+ 0.424E-014
C6H3+ 0.634E-006
C6H4+ 0.628E-005
C6H5+ 0.284E-006
C6H7+ 0.262E-003
C7H3+ 0.117E-006
C7H5+ 0.127E-006
C7N+ 0.343E-016
C8H3+ 0.105E-006
C8H4+ 0.349E-007
C8H5+ 0.826E-011
C9H3+ 0.482E-008
C9H4+ 0.267E-008
C9H5+ 0.164E-012
C9N+ 0.414E-018
CF+ 0.965E-007
CH2CHCN+ 0.263E-008
CH2NH2+ 0.131E-009
CH3C3N+ 0.159E-012
CH3C3NH+ 0.417E-009
CH3C5NH+ 0.160E-014
CH3C7NH+ 0.165E-014
CH3CHOH+ 0.522E-007
CH3CNH+ 0.110E-004
CH3CO+ 0.328E-008
CH3COCH4+ 0.114E-016
CH3CS+ 0.217E-008
CH3OCH4+ 0.910E-019
CH3OH2+ 0.138E-009
CH4N+ 0.387E-008
CH5+ 0.298E-004
H2C4N+ 0.159E-012
H2C7N+ 0.309E-009
H2C9N+ 0.202E-012
H2CCL+ 0.677E-009
H2CNO+ 0.300E-009
H2CL+ 0.153E-004
H2F+ 0.680E-007
H2NC+ 0.581E-007
H2NCO+ 0.368E-011
H2NO+ 0.349E-014
H2OCN+ 0.307E-009
H2PO+ 0.181E-014
H3+ 0.478E-005
H3C3O+ 0.149E-006
H3C5N+ 0.130E-008
H3C7N+ 0.108E-010
H3C9N+ 0.567E-013
H3CO+ 0.187E-009
H3CS+ 0.138E-006
H3O+ 0.189E-003
H3S+ 0.573E-006
H3S2+ 0.305E-010
H3SIO+ 0.450E-018
H5C2O2+ 0.320E-019
HC2O+ 0.139E-005
HC2S+ 0.693E-005
HC3NH+ 0.361E-004
HC3O+ 0.875E-009
HC3S+ 0.353E-008
HC4N+ 0.155E-012
HC4S+ 0.459E-006
HC5NH+ 0.295E-009
HCNH+ 0.118E-001
HCNOH+ 0.516E-018
HCO2+ 0.460E-009
HCOOH2+ 0.178E-008
HF+ 0.346E-013
HN2O+ 0.274E-020
HNCOH+ 0.610E-009
HNS+ 0.367E-013
HOCN+ 0.140E-014
HOCS+ 0.508E-009
HPN+ 0.852E-018
HSO+ 0.197E-011
HSO2+ 0.151E-018
HSIO2+ 0.690E-011
HSIS+ 0.227E-004
HEH+ 0.840E-010
N2H+ 0.394E-006
NCCNCH3+ 0.117E-015
NCCNH+ 0.437E-010
NH2CNH+ 0.259E-011
NH4+ 0.754E-004
O2H+ 0.150E-017
OCN+ 0.279E-014
PC2H2+ 0.173E-011
PC2H3+ 0.682E-016
PC2H4+ 0.119E-015
PC3H+ 0.272E-014
PC4H+ 0.323E-013
PCH2+ 0.193E-006
PCH3+ 0.296E-014
PCH4+ 0.393E-014
PH3+ 0.141E-016
PNH2+ 0.164E-012
PNH3+ 0.145E-015
SIC2H3+ 0.127E-004
SIC3H2+ 0.102E-007
SIC4H+ 0.482E-004
SICH4+ 0.355E-009
SIF+ 0.243E-006
SIH5+ 0.353E-014
SINCH+ 0.569E-009
SINH2+ 0.875E-007
SIOH+ 0.407E-002
