C- 0.465E-010
E 0.525E-001
C2- 0.164E-010
C3- 0.123E-009
C4- 0.153E-006
C5- 0.943E-008
C6- 0.406E-007
C7- 0.169E-008
C8- 0.272E-009
C10- 0.225E-012
C2H- 0.465E-006
C3H- 0.620E-010
C3N- 0.667E-006
C4H- 0.153E-008
C5H- 0.194E-005
C6H- 0.107E-005
C7H- 0.115E-006
C8H- 0.769E-008
C9- 0.206E-009
C9H- 0.245E-008
CH- 0.340E-009
O- 0.771E-013
OH- 0.342E-008
S- 0.995E-011
CN- 0.220E-006
H- 0.115E-007
C10H- 0.115E-012
C5N- 0.300E-009
O2- 0.463E-024
C 0.300E+000
C2 0.132E-001
CH2 0.896E-002
C2H2 0.193E+002
CH 0.137E-002
C2H 0.120E+000
CO2 0.306E-004
CO 0.356E+003
H2O 0.113E+001
H2CO 0.465E-006
N 0.290E-001
CN 0.130E+000
NH 0.657E-004
HCN 0.181E+002
O2 0.197E-006
O 0.319E+000
OH 0.584E-002
HCO 0.406E-006
C4 0.325E-004
C3 0.349E-002
C5 0.473E-006
C6 0.373E-006
C7 0.832E-008
C8 0.311E-008
C9 0.459E-009
C10 0.369E-011
C3H 0.352E-002
C4H 0.325E-002
C4N 0.326E-007
C5H 0.241E-004
C6H 0.214E-004
C7H 0.124E-005
C8H 0.159E-006
C9H 0.124E-007
C10H 0.646E-011
CS 0.471E+001
CH3 0.231E-002
CH3CN 0.167E-004
CH3OH 0.272E-009
OCS 0.290E-003
CH4 0.154E+001
H 0.940E+000
H2 0.445E+006
NH2 0.237E-003
NH3 0.263E-001
C10H2 0.119E-010
H2CCC 0.454E-004
HC3N 0.187E-001
HC4H 0.235E-002
C5H2 0.166E-003
HC5N 0.111E-005
C6H2 0.174E-002
C7H2 0.402E-006
C8H2 0.281E-006
C9H2 0.142E-007
HS 0.860E-004
C2N 0.597E-006
C3N 0.177E-002
C5N 0.446E-008
C7N 0.145E-009
HC7N 0.102E-005
C9N 0.450E-012
HC9N 0.933E-010
NO 0.104E-006
NS 0.713E-008
NO2 0.156E-013
SO2 0.131E-011
C2O 0.153E-007
SO 0.120E-006
HNC 0.180E-002
C2H4 0.297E-001
C2H5 0.176E-011
C2H5OH 0.672E-013
C2S 0.196E-005
C3O 0.510E-007
C3S 0.774E-004
C4H3 0.590E-005
C4S 0.707E-007
C6H6 0.331E-003
CCP 0.558E-009
CCL 0.368E-009
CH2CCH2 0.355E-007
CH2CCH 0.287E-002
CH2CN 0.486E-009
CH2CO 0.899E-008
CH3CCH 0.815E-005
CH3CHCH2 0.469E-007
CH3CHO 0.260E-007
CH3COCH3 0.329E-017
CH3OCH3 0.102E-019
CP 0.595E-004
CLO 0.609E-027
FE 0.000E+000
H2S 0.176E-002
H2SIO 0.234E-018
HCOOCH3 0.124E-019
HCP 0.111E-001
HPO 0.713E-015
MG 0.000E+000
NCCN 0.723E-006
NA 0.000E+000
P 0.248E-006
PH 0.221E-008
PO 0.153E-010
SI 0.323E-001
SIC2 0.832E+001
SIC2H 0.980E-002
SIC3 0.317E-004
SIC 0.114E-002
SICH2 0.118E-006
SICH3 0.129E-010
SIH2 0.253E-010
SIH3 0.964E-015
SIN 0.574E-007
SIS 0.266E+001
S 0.153E-001
N2 0.178E+002
C2H3 0.143E-004
CH3CH3 0.442E-008
PN 0.201E-012
CL 0.135E-002
C3H2 0.716E-004
C4P 0.160E-014
CH3C4H 0.418E-004
CH3C6H 0.727E-007
H2CS 0.188E-006
H2S2 0.131E-010
HC2P 0.606E-012
HCSI 0.250E-005
HCL 0.143E+000
HNSI 0.233E-007
HS2 0.597E-010
N2O 0.660E-014
PH2 0.377E-017
S2 0.231E-008
SIC2H2 0.186E-004
SIC3H 0.197E-008
SIC4 0.318E-004
SIH4 0.245E-014
SIH 0.201E-007
SINC 0.140E-009
SIO 0.221E+001
F 0.876E-007
HE 0.757E+005
HCNO 0.525E-011
HNCO 0.382E-009
HONC 0.416E-019
HNO 0.176E-007
HCOOH 0.100E-008
C11 0.516E-015
C2H5CN 0.383E-013
C3P 0.159E-014
CH2CHCCH 0.230E-007
CH2CHCHCH2 0.209E-013
CH2CHCN 0.124E-004
CH2NH 0.277E-007
CH2PH 0.214E-014
CH3C3N 0.602E-008
CH3C5N 0.919E-015
CH3C7N 0.931E-015
CNO 0.363E-024
H2CN 0.499E-007
H2O2 0.707E-026
HCS 0.244E-006
HF 0.757E-002
HNC3 0.204E-005
HOCN 0.385E-009
NH2CN 0.145E-005
O2H 0.118E-016
OCN 0.367E-006
SIO2 0.165E-005
HCO+ 0.574E-004
H+ 0.491E-006
HOC+ 0.107E-007
C+ 0.161E-003
C10H+ 0.738E-011
C2H4+ 0.867E-004
C2H5+ 0.189E-005
C2H5OH+ 0.129E-015
C2O+ 0.389E-014
C2S+ 0.919E-010
C3O+ 0.813E-017
C3S+ 0.579E-008
C4H3+ 0.188E-002
C4S+ 0.794E-009
C6H6+ 0.299E-009
CCP+ 0.545E-008
CCL+ 0.146E-006
CH2+ 0.142E-007
C3H4+ 0.194E-005
CH2CCH+ 0.290E-005
CH2CN+ 0.664E-008
CH2CO+ 0.236E-007
C3H6+ 0.281E-009
CH3CHO+ 0.733E-010
CH3COCH3+ 0.261E-020
CH3OCH3+ 0.221E-022
CH+ 0.208E-008
CP+ 0.215E-013
CLO+ 0.684E-033
FE+ 0.000E+000
H2CO+ 0.874E-009
H2S+ 0.562E-005
H2SIO+ 0.319E-013
C4H2+ 0.741E-004
COOCH4+ 0.323E-025
HCP+ 0.206E-011
HPO+ 0.141E-010
MG+ 0.000E+000
C2N+ 0.136E-007
CNC+ 0.307E-004
NH3+ 0.196E-004
NO+ 0.510E-009
NS+ 0.528E-009
NA+ 0.000E+000
OCS+ 0.874E-006
P+ 0.115E-008
PH+ 0.779E-013
PO+ 0.290E-011
SO+ 0.142E-008
SI+ 0.435E-003
SIC2+ 0.433E-008
SIC2H+ 0.222E-003
SIC3+ 0.714E-007
SIC+ 0.155E-008
SICH2+ 0.413E-005
SICH3+ 0.345E-009
SIH2+ 0.755E-008
SIH3+ 0.119E-009
SIN+ 0.764E-009
SIS+ 0.101E-004
C2+ 0.110E-007
S+ 0.470E-004
CN+ 0.381E-010
CO+ 0.244E-010
N2+ 0.783E-011
O2+ 0.247E-010
C2H+ 0.135E-007
C2H2+ 0.231E-002
C2H3+ 0.298E-001
C5H2+ 0.103E-005
C6H2+ 0.137E-005
C7H2+ 0.528E-008
C3H3+ 0.155E-004
CO2+ 0.536E-017
HC3N+ 0.834E-007
HCN+ 0.283E-009
C2N2+ 0.186E-013
C3+ 0.187E-009
C5+ 0.422E-010
CH3CH3+ 0.894E-012
PN+ 0.107E-019
H2O+ 0.107E-006
NH2+ 0.467E-009
O+ 0.169E-011
OH+ 0.268E-010
CH3+ 0.193E-004
CH4+ 0.616E-006
CH3OH+ 0.278E-012
N+ 0.401E-010
SO2+ 0.192E-021
CS+ 0.611E-006
CL+ 0.143E-009
C10+ 0.356E-013
C10H2+ 0.929E-011
C3H2+ 0.140E-004
C3H+ 0.334E-005
C4+ 0.358E-010
C4H+ 0.229E-009
C4P+ 0.242E-022
C5H+ 0.502E-006
C6+ 0.172E-010
C6H+ 0.120E-007
C7+ 0.658E-011
C7H+ 0.256E-008
C8+ 0.102E-011
C8H2+ 0.940E-008
C8H+ 0.266E-012
C9+ 0.846E-013
C9H2+ 0.488E-009
C9H+ 0.575E-010
CH3C4H+ 0.344E-006
C7H4+ 0.950E-007
CH3CN+ 0.118E-010
H2CS+ 0.288E-009
H2S2+ 0.256E-009
HC2P+ 0.904E-009
HC5N+ 0.326E-013
HC7N+ 0.856E-010
HC9N+ 0.890E-014
HCSI+ 0.156E-008
HCL+ 0.111E-007
HNSI+ 0.511E-016
HS2+ 0.909E-010
HS+ 0.139E-007
N2O+ 0.427E-017
NH+ 0.196E-010
PH2+ 0.206E-013
S2+ 0.494E-009
SIC2H2+ 0.600E-006
SIC3H+ 0.205E-008
SIC4+ 0.166E-007
SIH4+ 0.246E-025
SIH+ 0.114E-006
SINC+ 0.445E-005
SIO+ 0.371E-005
H2+ 0.570E-008
F+ 0.120E-012
HE+ 0.612E-006
C3N+ 0.917E-012
HCNO+ 0.211E-022
HNCO+ 0.144E-014
HONC+ 0.410E-030
HNO+ 0.768E-010
HCOOH+ 0.139E-011
NO2+ 0.405E-018
CH2CHCNH+ 0.183E-007
HCS+ 0.506E-003
C10H3+ 0.169E-011
C11+ 0.318E-014
C2H5CNH+ 0.741E-013
C2H5OH2+ 0.328E-012
C2H7+ 0.141E-015
C2NH+ 0.417E-006
C3H2O+ 0.463E-008
C3H5+ 0.467E-004
C3H7+ 0.685E-005
C4H4+ 0.246E-008
C4H5+ 0.400E-005
C4H7+ 0.278E-008
C4N+ 0.426E-009
C5H3+ 0.101E-004
C5H5+ 0.487E-004
C5N+ 0.435E-014
C6H3+ 0.696E-006
C6H4+ 0.562E-005
C6H5+ 0.268E-006
C6H7+ 0.244E-003
C7H3+ 0.138E-006
C7H5+ 0.179E-006
C7N+ 0.656E-016
C8H3+ 0.136E-006
C8H4+ 0.426E-007
C8H5+ 0.147E-010
C9H3+ 0.571E-008
C9H4+ 0.332E-008
C9H5+ 0.205E-012
C9N+ 0.633E-018
CF+ 0.874E-007
CH2CHCN+ 0.390E-008
CH2NH2+ 0.112E-009
CH3C3N+ 0.169E-012
CH3C3NH+ 0.530E-009
CH3C5NH+ 0.393E-014
CH3C7NH+ 0.370E-014
CH3CHOH+ 0.477E-007
CH3CNH+ 0.115E-004
CH3CO+ 0.359E-008
CH3COCH4+ 0.381E-016
CH3CS+ 0.260E-008
CH3OCH4+ 0.108E-018
CH3OH2+ 0.146E-009
CH4N+ 0.392E-008
CH5+ 0.280E-004
H2C4N+ 0.169E-012
H2C7N+ 0.568E-009
H2C9N+ 0.307E-012
H2CCL+ 0.780E-009
H2CNO+ 0.249E-009
H2CL+ 0.142E-004
H2F+ 0.526E-007
H2NC+ 0.498E-007
H2NCO+ 0.324E-011
H2NO+ 0.577E-014
H2OCN+ 0.255E-009
H2PO+ 0.198E-014
H3+ 0.476E-005
H3C3O+ 0.163E-006
H3C5N+ 0.150E-008
H3C7N+ 0.166E-010
H3C9N+ 0.882E-013
H3CO+ 0.234E-009
H3CS+ 0.164E-006
H3O+ 0.166E-003
H3S+ 0.526E-006
H3S2+ 0.329E-010
H3SIO+ 0.583E-018
H5C2O2+ 0.417E-019
HC2O+ 0.115E-005
HC2S+ 0.831E-005
HC3NH+ 0.405E-004
HC3O+ 0.743E-009
HC3S+ 0.450E-008
HC4N+ 0.163E-012
HC4S+ 0.656E-006
HC5NH+ 0.280E-009
HCNH+ 0.120E-001
HCNOH+ 0.882E-018
HCO2+ 0.522E-009
HCOOH2+ 0.137E-008
HF+ 0.351E-013
HN2O+ 0.746E-020
HNCOH+ 0.508E-009
HNS+ 0.512E-013
HOCN+ 0.142E-014
HOCS+ 0.668E-009
HPN+ 0.103E-017
HSO+ 0.231E-011
HSO2+ 0.414E-018
HSIO2+ 0.899E-011
HSIS+ 0.212E-004
HEH+ 0.840E-010
N2H+ 0.391E-006
NCCNCH3+ 0.269E-015
NCCNH+ 0.777E-010
NH2CNH+ 0.373E-011
NH4+ 0.666E-004
O2H+ 0.211E-017
OCN+ 0.280E-014
PC2H2+ 0.154E-011
PC2H3+ 0.104E-015
PC2H4+ 0.104E-015
PC3H+ 0.320E-014
PC4H+ 0.480E-013
PCH2+ 0.163E-006
PCH3+ 0.445E-014
PCH4+ 0.332E-014
PH3+ 0.242E-016
PNH2+ 0.141E-012
PNH3+ 0.160E-015
SIC2H3+ 0.103E-004
SIC3H2+ 0.166E-007
SIC4H+ 0.375E-004
SICH4+ 0.358E-009
SIF+ 0.332E-006
SIH5+ 0.417E-014
SINCH+ 0.803E-009
SINH2+ 0.118E-006
SIOH+ 0.397E-002
