C- 0.578E-010
E 0.542E-001
C2- 0.233E-010
C3- 0.241E-009
C4- 0.300E-006
C5- 0.166E-007
C6- 0.858E-007
C7- 0.347E-008
C8- 0.631E-009
C10- 0.571E-012
C2H- 0.398E-006
C3H- 0.806E-010
C3N- 0.967E-006
C4H- 0.222E-008
C5H- 0.227E-005
C6H- 0.181E-005
C7H- 0.215E-006
C8H- 0.162E-007
C9- 0.362E-009
C9H- 0.430E-008
CH- 0.370E-009
O- 0.934E-013
OH- 0.320E-008
S- 0.140E-010
CN- 0.185E-006
H- 0.106E-007
C10H- 0.302E-012
C5N- 0.636E-009
O2- 0.958E-024
C 0.306E+000
C2 0.144E-001
CH2 0.973E-002
C2H2 0.168E+002
CH 0.145E-002
C2H 0.126E+000
CO2 0.363E-004
CO 0.310E+003
H2O 0.983E+000
H2CO 0.655E-006
N 0.316E-001
CN 0.141E+000
NH 0.733E-004
HCN 0.157E+002
O2 0.308E-006
O 0.327E+000
OH 0.667E-002
HCO 0.531E-006
C4 0.484E-004
C3 0.379E-002
C5 0.696E-006
C6 0.631E-006
C7 0.140E-007
C8 0.580E-008
C9 0.681E-009
C10 0.741E-011
C3H 0.384E-002
C4H 0.393E-002
C4N 0.556E-007
C5H 0.247E-004
C6H 0.296E-004
C7H 0.182E-005
C8H 0.266E-006
C9H 0.178E-007
C10H 0.133E-010
CS 0.410E+001
CH3 0.256E-002
CH3CN 0.180E-004
CH3OH 0.260E-009
OCS 0.360E-003
CH4 0.134E+001
H 0.106E+001
H2 0.388E+006
NH2 0.263E-003
NH3 0.229E-001
C10H2 0.282E-010
H2CCC 0.617E-004
HC3N 0.242E-001
HC4H 0.302E-002
C5H2 0.187E-003
HC5N 0.215E-005
C6H2 0.208E-002
C7H2 0.636E-006
C8H2 0.475E-006
C9H2 0.211E-007
HS 0.103E-003
C2N 0.953E-006
C3N 0.208E-002
C5N 0.874E-008
C7N 0.366E-009
HC7N 0.180E-005
C9N 0.864E-012
HC9N 0.239E-009
NO 0.184E-006
NS 0.118E-007
NO2 0.302E-013
SO2 0.319E-011
C2O 0.270E-007
SO 0.204E-006
HNC 0.241E-002
C2H4 0.256E-001
C2H5 0.229E-011
C2H5OH 0.849E-013
C2S 0.286E-005
C3O 0.774E-007
C3S 0.966E-004
C4H3 0.691E-005
C4S 0.128E-006
C6H6 0.388E-003
CCP 0.587E-009
CCL 0.484E-009
CH2CCH2 0.516E-007
CH2CCH 0.346E-002
CH2CN 0.869E-009
CH2CO 0.116E-007
CH3CCH 0.116E-004
CH3CHCH2 0.734E-007
CH3CHO 0.318E-007
CH3COCH3 0.719E-017
CH3OCH3 0.154E-019
CP 0.660E-004
CLO 0.530E-027
FE 0.000E+000
H2S 0.152E-002
H2SIO 0.439E-018
HCOOCH3 0.174E-019
HCP 0.963E-002
HPO 0.897E-015
MG 0.000E+000
NCCN 0.136E-005
NA 0.000E+000
P 0.346E-006
PH 0.207E-008
PO 0.153E-010
SI 0.348E-001
SIC2 0.724E+001
SIC2H 0.116E-001
SIC3 0.316E-004
SIC 0.125E-002
SICH2 0.188E-006
SICH3 0.243E-010
SIH2 0.390E-010
SIH3 0.142E-014
SIN 0.903E-007
SIS 0.232E+001
S 0.169E-001
N2 0.155E+002
C2H3 0.182E-004
CH3CH3 0.693E-008
PN 0.239E-012
CL 0.152E-002
C3H2 0.989E-004
C4P 0.401E-014
CH3C4H 0.485E-004
CH3C6H 0.126E-006
H2CS 0.281E-006
H2S2 0.159E-010
HC2P 0.647E-012
HCSI 0.277E-005
HCL 0.125E+000
HNSI 0.375E-007
HS2 0.938E-010
N2O 0.166E-013
PH2 0.773E-017
S2 0.368E-008
SIC2H2 0.207E-004
SIC3H 0.443E-008
SIC4 0.317E-004
SIH4 0.314E-014
SIH 0.415E-007
SINC 0.241E-009
SIO 0.191E+001
F 0.925E-007
HE 0.660E+005
HCNO 0.608E-011
HNCO 0.398E-009
HONC 0.139E-018
HNO 0.259E-007
HCOOH 0.989E-009
C11 0.131E-014
C2H5CN 0.589E-013
C3P 0.393E-014
CH2CHCCH 0.336E-007
CH2CHCHCH2 0.354E-013
CH2CHCN 0.163E-004
CH2NH 0.377E-007
CH2PH 0.226E-014
CH3C3N 0.125E-007
CH3C5N 0.350E-014
CH3C7N 0.322E-014
CNO 0.934E-024
H2CN 0.834E-007
H2O2 0.615E-026
HCS 0.387E-006
HF 0.660E-002
HNC3 0.349E-005
HOCN 0.400E-009
NH2CN 0.193E-005
O2H 0.277E-016
OCN 0.688E-006
SIO2 0.206E-005
HCO+ 0.574E-004
H+ 0.488E-006
HOC+ 0.111E-007
C+ 0.190E-003
C10H+ 0.132E-010
C2H4+ 0.913E-004
C2H5+ 0.204E-005
C2H5OH+ 0.195E-015
C2O+ 0.921E-014
C2S+ 0.121E-009
C3O+ 0.170E-016
C3S+ 0.943E-008
C4H3+ 0.198E-002
C4S+ 0.163E-008
C6H6+ 0.410E-009
CCP+ 0.479E-008
CCL+ 0.133E-006
CH2+ 0.177E-007
C3H4+ 0.198E-005
CH2CCH+ 0.349E-005
CH2CN+ 0.110E-007
CH2CO+ 0.335E-007
C3H6+ 0.470E-009
CH3CHO+ 0.102E-009
CH3COCH3+ 0.653E-020
CH3OCH3+ 0.379E-022
CH+ 0.253E-008
CP+ 0.324E-013
CLO+ 0.632E-033
FE+ 0.000E+000
H2CO+ 0.146E-008
H2S+ 0.597E-005
H2SIO+ 0.478E-013
C4H2+ 0.766E-004
COOCH4+ 0.439E-025
HCP+ 0.244E-011
HPO+ 0.139E-010
MG+ 0.000E+000
C2N+ 0.190E-007
CNC+ 0.302E-004
NH3+ 0.200E-004
NO+ 0.542E-009
NS+ 0.906E-009
NA+ 0.000E+000
OCS+ 0.130E-005
P+ 0.189E-008
PH+ 0.132E-012
PO+ 0.281E-011
SO+ 0.236E-008
SI+ 0.590E-003
SIC2+ 0.524E-008
SIC2H+ 0.215E-003
SIC3+ 0.909E-007
SIC+ 0.187E-008
SICH2+ 0.377E-005
SICH3+ 0.460E-009
SIH2+ 0.102E-007
SIH3+ 0.145E-009
SIN+ 0.137E-008
SIS+ 0.107E-004
C2+ 0.138E-007
S+ 0.634E-004
CN+ 0.386E-010
CO+ 0.251E-010
N2+ 0.781E-011
O2+ 0.462E-010
C2H+ 0.168E-007
C2H2+ 0.231E-002
C2H3+ 0.301E-001
C5H2+ 0.134E-005
C6H2+ 0.184E-005
C7H2+ 0.700E-008
C3H3+ 0.167E-004
CO2+ 0.729E-017
HC3N+ 0.106E-006
HCN+ 0.284E-009
C2N2+ 0.396E-013
C3+ 0.270E-009
C5+ 0.519E-010
CH3CH3+ 0.165E-011
PN+ 0.127E-019
H2O+ 0.107E-006
NH2+ 0.570E-009
O+ 0.172E-011
OH+ 0.338E-010
CH3+ 0.248E-004
CH4+ 0.609E-006
CH3OH+ 0.300E-012
N+ 0.406E-010
SO2+ 0.539E-021
CS+ 0.610E-006
CL+ 0.185E-009
C10+ 0.577E-013
C10H2+ 0.172E-010
C3H2+ 0.179E-004
C3H+ 0.390E-005
C4+ 0.538E-010
C4H+ 0.338E-009
C4P+ 0.661E-022
C5H+ 0.631E-006
C6+ 0.271E-010
C6H+ 0.161E-007
C7+ 0.107E-010
C7H+ 0.392E-008
C8+ 0.191E-011
C8H2+ 0.135E-007
C8H+ 0.442E-012
C9+ 0.145E-012
C9H2+ 0.652E-009
C9H+ 0.913E-010
CH3C4H+ 0.445E-006
C7H4+ 0.120E-006
CH3CN+ 0.150E-010
H2CS+ 0.440E-009
H2S2+ 0.329E-009
HC2P+ 0.827E-009
HC5N+ 0.514E-013
HC7N+ 0.173E-009
HC9N+ 0.247E-013
HCSI+ 0.188E-008
HCL+ 0.111E-007
HNSI+ 0.867E-016
HS2+ 0.133E-009
HS+ 0.197E-007
N2O+ 0.128E-016
NH+ 0.197E-010
PH2+ 0.284E-013
S2+ 0.732E-009
SIC2H2+ 0.841E-006
SIC3H+ 0.305E-008
SIC4+ 0.330E-007
SIH4+ 0.404E-025
SIH+ 0.148E-006
SINC+ 0.610E-005
SIO+ 0.369E-005
H2+ 0.570E-008
F+ 0.122E-012
HE+ 0.611E-006
C3N+ 0.119E-011
HCNO+ 0.285E-022
HNCO+ 0.147E-014
HONC+ 0.160E-029
HNO+ 0.945E-010
HCOOH+ 0.165E-011
NO2+ 0.621E-018
CH2CHCNH+ 0.257E-007
HCS+ 0.500E-003
C10H3+ 0.330E-011
C11+ 0.701E-014
C2H5CNH+ 0.116E-012
C2H5OH2+ 0.334E-012
C2H7+ 0.262E-015
C2NH+ 0.600E-006
C3H2O+ 0.518E-008
C3H5+ 0.503E-004
C3H7+ 0.851E-005
C4H4+ 0.351E-008
C4H5+ 0.424E-005
C4H7+ 0.304E-008
C4N+ 0.763E-009
C5H3+ 0.833E-005
C5H5+ 0.429E-004
C5N+ 0.683E-014
C6H3+ 0.918E-006
C6H4+ 0.543E-005
C6H5+ 0.282E-006
C6H7+ 0.215E-003
C7H3+ 0.162E-006
C7H5+ 0.240E-006
C7N+ 0.168E-015
C8H3+ 0.177E-006
C8H4+ 0.593E-007
C8H5+ 0.251E-010
C9H3+ 0.652E-008
C9H4+ 0.391E-008
C9H5+ 0.249E-012
C9N+ 0.129E-017
CF+ 0.839E-007
CH2CHCN+ 0.592E-008
CH2NH2+ 0.941E-010
CH3C3N+ 0.233E-012
CH3C3NH+ 0.750E-009
CH3C5NH+ 0.120E-013
CH3C7NH+ 0.103E-013
CH3CHOH+ 0.471E-007
CH3CNH+ 0.144E-004
CH3CO+ 0.469E-008
CH3COCH4+ 0.734E-016
CH3CS+ 0.348E-008
CH3OCH4+ 0.155E-018
CH3OH2+ 0.182E-009
CH4N+ 0.465E-008
CH5+ 0.281E-004
H2C4N+ 0.233E-012
H2C7N+ 0.114E-008
H2C9N+ 0.496E-012
H2CCL+ 0.105E-008
H2CNO+ 0.201E-009
H2CL+ 0.143E-004
H2F+ 0.394E-007
H2NC+ 0.459E-007
H2NCO+ 0.335E-011
H2NO+ 0.945E-014
H2OCN+ 0.207E-009
H2PO+ 0.234E-014
H3+ 0.473E-005
H3C3O+ 0.193E-006
H3C5N+ 0.176E-008
H3C7N+ 0.269E-010
H3C9N+ 0.139E-012
H3CO+ 0.352E-009
H3CS+ 0.220E-006
H3O+ 0.172E-003
H3S+ 0.515E-006
H3S2+ 0.381E-010
H3SIO+ 0.826E-018
H5C2O2+ 0.638E-019
HC2O+ 0.143E-005
HC2S+ 0.113E-004
HC3NH+ 0.497E-004
HC3O+ 0.867E-009
HC3S+ 0.605E-008
HC4N+ 0.223E-012
HC4S+ 0.912E-006
HC5NH+ 0.281E-009
HCNH+ 0.129E-001
HCNOH+ 0.202E-017
HCO2+ 0.711E-009
HCOOH2+ 0.104E-008
HF+ 0.356E-013
HN2O+ 0.209E-019
HNCOH+ 0.411E-009
HNS+ 0.746E-013
HOCN+ 0.145E-014
HOCS+ 0.858E-009
HPN+ 0.130E-017
HSO+ 0.326E-011
HSO2+ 0.108E-017
HSIO2+ 0.115E-010
HSIS+ 0.197E-004
HEH+ 0.840E-010
N2H+ 0.387E-006
NCCNCH3+ 0.784E-015
NCCNH+ 0.171E-009
NH2CNH+ 0.527E-011
NH4+ 0.599E-004
O2H+ 0.372E-017
OCN+ 0.281E-014
PC2H2+ 0.145E-011
PC2H3+ 0.160E-015
PC2H4+ 0.908E-016
PC3H+ 0.684E-014
PC4H+ 0.898E-013
PCH2+ 0.137E-006
PCH3+ 0.664E-014
PCH4+ 0.293E-014
PH3+ 0.413E-016
PNH2+ 0.136E-012
PNH3+ 0.192E-015
SIC2H3+ 0.809E-005
SIC3H2+ 0.308E-007
SIC4H+ 0.281E-004
SICH4+ 0.479E-009
SIF+ 0.474E-006
SIH5+ 0.474E-014
SINCH+ 0.118E-008
SINH2+ 0.167E-006
SIOH+ 0.409E-002
