C- 0.508E-010
E 0.509E-001
C2- 0.313E-010
C3- 0.432E-009
C4- 0.540E-006
C5- 0.283E-007
C6- 0.167E-006
C7- 0.655E-008
C8- 0.134E-008
C10- 0.134E-011
C2H- 0.335E-006
C3H- 0.103E-009
C3N- 0.136E-005
C4H- 0.291E-008
C5H- 0.261E-005
C6H- 0.290E-005
C7H- 0.367E-006
C8H- 0.312E-007
C9- 0.607E-009
C9H- 0.704E-008
CH- 0.373E-009
O- 0.894E-013
OH- 0.299E-008
S- 0.174E-010
CN- 0.153E-006
H- 0.101E-007
C10H- 0.718E-012
C5N- 0.131E-008
O2- 0.137E-023
C 0.268E+000
C2 0.145E-001
CH2 0.978E-002
C2H2 0.146E+002
CH 0.132E-002
C2H 0.120E+000
CO2 0.420E-004
CO 0.270E+003
H2O 0.855E+000
H2CO 0.844E-006
N 0.314E-001
CN 0.140E+000
NH 0.772E-004
HCN 0.136E+002
O2 0.420E-006
O 0.289E+000
OH 0.718E-002
HCO 0.709E-006
C4 0.657E-004
C3 0.372E-002
C5 0.910E-006
C6 0.949E-006
C7 0.199E-007
C8 0.950E-008
C9 0.958E-009
C10 0.125E-010
C3H 0.378E-002
C4H 0.464E-002
C4N 0.907E-007
C5H 0.249E-004
C6H 0.387E-004
C7H 0.227E-005
C8H 0.415E-006
C9H 0.240E-007
C10H 0.222E-010
CS 0.357E+001
CH3 0.265E-002
CH3CN 0.206E-004
CH3OH 0.249E-009
OCS 0.438E-003
CH4 0.116E+001
H 0.113E+001
H2 0.338E+006
NH2 0.277E-003
NH3 0.199E-001
C10H2 0.584E-010
H2CCC 0.805E-004
HC3N 0.304E-001
HC4H 0.370E-002
C5H2 0.206E-003
HC5N 0.396E-005
C6H2 0.244E-002
C7H2 0.954E-006
C8H2 0.744E-006
C9H2 0.297E-007
HS 0.120E-003
C2N 0.140E-005
C3N 0.243E-002
C5N 0.162E-007
C7N 0.788E-009
HC7N 0.303E-005
C9N 0.155E-011
HC9N 0.562E-009
NO 0.309E-006
NS 0.189E-007
NO2 0.497E-013
SO2 0.737E-011
C2O 0.409E-007
SO 0.334E-006
HNC 0.313E-002
C2H4 0.222E-001
C2H5 0.284E-011
C2H5OH 0.105E-012
C2S 0.428E-005
C3O 0.111E-006
C3S 0.115E-003
C4H3 0.795E-005
C4S 0.213E-006
C6H6 0.438E-003
CCP 0.618E-009
CCL 0.672E-009
CH2CCH2 0.604E-007
CH2CCH 0.407E-002
CH2CN 0.148E-008
CH2CO 0.148E-007
CH3CCH 0.158E-004
CH3CHCH2 0.754E-007
CH3CHO 0.381E-007
CH3COCH3 0.156E-016
CH3OCH3 0.237E-019
CP 0.699E-004
CLO 0.462E-027
FE 0.000E+000
H2S 0.131E-002
H2SIO 0.727E-018
HCOOCH3 0.275E-019
HCP 0.838E-002
HPO 0.118E-014
MG 0.000E+000
NCCN 0.247E-005
NA 0.000E+000
P 0.434E-006
PH 0.194E-008
PO 0.156E-010
SI 0.348E-001
SIC2 0.630E+001
SIC2H 0.134E-001
SIC3 0.310E-004
SIC 0.132E-002
SICH2 0.286E-006
SICH3 0.415E-010
SIH2 0.573E-010
SIH3 0.197E-014
SIN 0.139E-006
SIS 0.202E+001
S 0.178E-001
N2 0.135E+002
C2H3 0.224E-004
CH3CH3 0.713E-008
PN 0.284E-012
CL 0.159E-002
C3H2 0.130E-003
C4P 0.916E-014
CH3C4H 0.544E-004
CH3C6H 0.203E-006
H2CS 0.418E-006
H2S2 0.201E-010
HC2P 0.696E-012
HCSI 0.310E-005
HCL 0.108E+000
HNSI 0.605E-007
HS2 0.141E-009
N2O 0.397E-013
PH2 0.152E-016
S2 0.571E-008
SIC2H2 0.227E-004
SIC3H 0.977E-008
SIC4 0.311E-004
SIH4 0.392E-014
SIH 0.847E-007
SINC 0.410E-009
SIO 0.166E+001
F 0.979E-007
HE 0.575E+005
HCNO 0.686E-011
HNCO 0.407E-009
HONC 0.424E-018
HNO 0.341E-007
HCOOH 0.965E-009
C11 0.234E-014
C2H5CN 0.964E-013
C3P 0.885E-014
CH2CHCCH 0.450E-007
CH2CHCHCH2 0.354E-013
CH2CHCN 0.210E-004
CH2NH 0.490E-007
CH2PH 0.239E-014
CH3C3N 0.243E-007
CH3C5N 0.116E-013
CH3C7N 0.978E-014
CNO 0.245E-023
H2CN 0.132E-006
H2O2 0.534E-026
HCS 0.588E-006
HF 0.574E-002
HNC3 0.560E-005
HOCN 0.409E-009
NH2CN 0.249E-005
O2H 0.639E-016
OCN 0.125E-005
SIO2 0.252E-005
HCO+ 0.521E-004
H+ 0.484E-006
HOC+ 0.108E-007
C+ 0.171E-003
C10H+ 0.200E-010
C2H4+ 0.853E-004
C2H5+ 0.186E-005
C2H5OH+ 0.258E-015
C2O+ 0.154E-013
C2S+ 0.147E-009
C3O+ 0.257E-016
C3S+ 0.128E-007
C4H3+ 0.187E-002
C4S+ 0.306E-008
C6H6+ 0.475E-009
CCP+ 0.380E-008
CCL+ 0.108E-006
CH2+ 0.202E-007
C3H4+ 0.184E-005
CH2CCH+ 0.295E-005
CH2CN+ 0.152E-007
CH2CO+ 0.401E-007
C3H6+ 0.540E-009
CH3CHO+ 0.126E-009
CH3COCH3+ 0.152E-019
CH3OCH3+ 0.624E-022
CH+ 0.266E-008
CP+ 0.354E-013
CLO+ 0.531E-033
FE+ 0.000E+000
H2CO+ 0.192E-008
H2S+ 0.572E-005
H2SIO+ 0.628E-013
C4H2+ 0.702E-004
COOCH4+ 0.603E-025
HCP+ 0.221E-011
HPO+ 0.153E-010
MG+ 0.000E+000
C2N+ 0.216E-007
CNC+ 0.250E-004
NH3+ 0.183E-004
NO+ 0.647E-009
NS+ 0.140E-008
NA+ 0.000E+000
OCS+ 0.168E-005
P+ 0.261E-008
PH+ 0.208E-012
PO+ 0.294E-011
SO+ 0.333E-008
SI+ 0.696E-003
SIC2+ 0.484E-008
SIC2H+ 0.211E-003
SIC3+ 0.107E-006
SIC+ 0.171E-008
SICH2+ 0.303E-005
SICH3+ 0.488E-009
SIH2+ 0.136E-007
SIH3+ 0.172E-009
SIN+ 0.219E-008
SIS+ 0.110E-004
C2+ 0.160E-007
S+ 0.730E-004
CN+ 0.391E-010
CO+ 0.254E-010
N2+ 0.779E-011
O2+ 0.713E-010
C2H+ 0.193E-007
C2H2+ 0.230E-002
C2H3+ 0.268E-001
C5H2+ 0.144E-005
C6H2+ 0.222E-005
C7H2+ 0.794E-008
C3H3+ 0.137E-004
CO2+ 0.964E-017
HC3N+ 0.122E-006
HCN+ 0.284E-009
C2N2+ 0.819E-013
C3+ 0.268E-009
C5+ 0.490E-010
CH3CH3+ 0.176E-011
PN+ 0.151E-019
H2O+ 0.107E-006
NH2+ 0.670E-009
O+ 0.174E-011
OH+ 0.403E-010
CH3+ 0.270E-004
CH4+ 0.601E-006
CH3OH+ 0.293E-012
N+ 0.411E-010
SO2+ 0.145E-020
CS+ 0.610E-006
CL+ 0.221E-009
C10+ 0.725E-013
C10H2+ 0.269E-010
C3H2+ 0.152E-004
C3H+ 0.341E-005
C4+ 0.473E-010
C4H+ 0.331E-009
C4P+ 0.171E-021
C5H+ 0.588E-006
C6+ 0.320E-010
C6H+ 0.203E-007
C7+ 0.131E-010
C7H+ 0.455E-008
C8+ 0.266E-011
C8H2+ 0.168E-007
C8H+ 0.681E-012
C9+ 0.189E-012
C9H2+ 0.803E-009
C9H+ 0.113E-009
CH3C4H+ 0.510E-006
C7H4+ 0.147E-006
CH3CN+ 0.186E-010
H2CS+ 0.681E-009
H2S2+ 0.401E-009
HC2P+ 0.824E-009
HC5N+ 0.577E-013
HC7N+ 0.334E-009
HC9N+ 0.641E-013
HCSI+ 0.172E-008
HCL+ 0.111E-007
HNSI+ 0.132E-015
HS2+ 0.182E-009
HS+ 0.260E-007
N2O+ 0.320E-016
NH+ 0.197E-010
PH2+ 0.393E-013
S2+ 0.107E-008
SIC2H2+ 0.103E-005
SIC3H+ 0.459E-008
SIC4+ 0.622E-007
SIH4+ 0.633E-025
SIH+ 0.183E-006
SINC+ 0.801E-005
SIO+ 0.368E-005
H2+ 0.570E-008
F+ 0.124E-012
HE+ 0.609E-006
C3N+ 0.141E-011
HCNO+ 0.374E-022
HNCO+ 0.153E-014
HONC+ 0.568E-029
HNO+ 0.799E-010
HCOOH+ 0.178E-011
NO2+ 0.635E-018
CH2CHCNH+ 0.338E-007
HCS+ 0.448E-003
C10H3+ 0.543E-011
C11+ 0.997E-014
C2H5CNH+ 0.166E-012
C2H5OH2+ 0.311E-012
C2H7+ 0.256E-015
C2NH+ 0.721E-006
C3H2O+ 0.518E-008
C3H5+ 0.495E-004
C3H7+ 0.868E-005
C4H4+ 0.475E-008
C4H5+ 0.425E-005
C4H7+ 0.315E-008
C4N+ 0.997E-009
C5H3+ 0.695E-005
C5H5+ 0.375E-004
C5N+ 0.729E-014
C6H3+ 0.102E-005
C6H4+ 0.486E-005
C6H5+ 0.266E-006
C6H7+ 0.186E-003
C7H3+ 0.184E-006
C7H5+ 0.307E-006
C7N+ 0.367E-015
C8H3+ 0.216E-006
C8H4+ 0.705E-007
C8H5+ 0.404E-010
C9H3+ 0.730E-008
C9H4+ 0.449E-008
C9H5+ 0.298E-012
C9N+ 0.201E-017
CF+ 0.755E-007
CH2CHCN+ 0.833E-008
CH2NH2+ 0.777E-010
CH3C3N+ 0.261E-012
CH3C3NH+ 0.989E-009
CH3C5NH+ 0.293E-013
CH3C7NH+ 0.228E-013
CH3CHOH+ 0.431E-007
CH3CNH+ 0.163E-004
CH3CO+ 0.561E-008
CH3COCH4+ 0.124E-015
CH3CS+ 0.455E-008
CH3OCH4+ 0.191E-018
CH3OH2+ 0.205E-009
CH4N+ 0.533E-008
CH5+ 0.263E-004
H2C4N+ 0.262E-012
H2C7N+ 0.198E-008
H2C9N+ 0.812E-012
H2CCL+ 0.133E-008
H2CNO+ 0.162E-009
H2CL+ 0.132E-004
H2F+ 0.300E-007
H2NC+ 0.387E-007
H2NCO+ 0.303E-011
H2NO+ 0.151E-013
H2OCN+ 0.167E-009
H2PO+ 0.302E-014
H3+ 0.471E-005
H3C3O+ 0.211E-006
H3C5N+ 0.197E-008
H3C7N+ 0.391E-010
H3C9N+ 0.208E-012
H3CO+ 0.492E-009
H3CS+ 0.281E-006
H3O+ 0.153E-003
H3S+ 0.473E-006
H3S2+ 0.469E-010
H3SIO+ 0.102E-017
H5C2O2+ 0.108E-018
HC2O+ 0.124E-005
HC2S+ 0.147E-004
HC3NH+ 0.578E-004
HC3O+ 0.785E-009
HC3S+ 0.765E-008
HC4N+ 0.248E-012
HC4S+ 0.120E-005
HC5NH+ 0.290E-009
HCNH+ 0.130E-001
HCNOH+ 0.465E-017
HCO2+ 0.846E-009
HCOOH2+ 0.807E-009
HF+ 0.361E-013
HN2O+ 0.525E-019
HNCOH+ 0.331E-009
HNS+ 0.107E-012
HOCN+ 0.151E-014
HOCS+ 0.107E-008
HPN+ 0.163E-017
HSO+ 0.405E-011
HSO2+ 0.269E-017
HSIO2+ 0.143E-010
HSIS+ 0.182E-004
HEH+ 0.840E-010
N2H+ 0.384E-006
NCCNCH3+ 0.190E-014
NCCNH+ 0.322E-009
NH2CNH+ 0.720E-011
NH4+ 0.523E-004
O2H+ 0.573E-017
OCN+ 0.281E-014
PC2H2+ 0.151E-011
PC2H3+ 0.242E-015
PC2H4+ 0.842E-016
PC3H+ 0.889E-014
PC4H+ 0.144E-012
PCH2+ 0.114E-006
PCH3+ 0.979E-014
PCH4+ 0.294E-014
PH3+ 0.690E-016
PNH2+ 0.148E-012
PNH3+ 0.254E-015
SIC2H3+ 0.633E-005
SIC3H2+ 0.561E-007
SIC4H+ 0.207E-004
SICH4+ 0.514E-009
SIF+ 0.665E-006
SIH5+ 0.524E-014
SINCH+ 0.170E-008
SINH2+ 0.230E-006
SIOH+ 0.394E-002
