C- 0.299E-009
E 0.436E+000
C2- 0.256E-015
C3- 0.646E-012
C4- 0.114E-012
C5- 0.224E-012
C6- 0.612E-014
C7- 0.746E-016
C8- 0.743E-016
C10- 0.832E-022
C2H- 0.115E-005
C3H- 0.647E-012
C3N- 0.104E-010
C4H- 0.556E-013
C5H- 0.297E-009
C6H- 0.221E-010
C7H- 0.175E-012
C8H- 0.691E-016
C9- 0.169E-016
C9H- 0.115E-015
CH- 0.121E-012
O- 0.295E-013
OH- 0.453E-008
S- 0.114E-010
CN- 0.925E-006
H- 0.229E-007
C10H- 0.223E-022
C5N- 0.940E-016
O2- 0.177E-035
C 0.332E+001
C2 0.828E-001
CH2 0.732E-001
C2H2 0.186E+004
CH 0.547E-004
C2H 0.937E-002
CO2 0.311E-003
CO 0.340E+005
H2O 0.110E+003
H2CO 0.323E-005
N 0.232E+000
CN 0.223E-001
NH 0.348E-003
HCN 0.174E+004
O2 0.294E-009
O 0.140E+001
OH 0.137E+000
HCO 0.657E-005
C4 0.611E-008
C3 0.179E-002
C5 0.563E-009
C6 0.312E-011
C7 0.457E-013
C8 0.394E-013
C9 0.324E-014
C10 0.520E-015
C3H 0.179E-002
C4H 0.206E-004
C4N 0.122E-013
C5H 0.542E-006
C6H 0.335E-007
C7H 0.805E-010
C8H 0.108E-012
C9H 0.630E-013
C10H 0.371E-015
CS 0.451E+003
CH3 0.333E-001
CH3CN 0.928E-005
CH3OH 0.398E-009
OCS 0.564E-005
CH4 0.149E+003
H 0.103E+002
H2 0.425E+008
NH2 0.920E-003
NH3 0.255E+001
C10H2 0.283E-019
H2CCC 0.748E-007
HC3N 0.181E-005
HC4H 0.533E-003
C5H2 0.540E-005
HC5N 0.687E-011
C6H2 0.228E-004
C7H2 0.812E-010
C8H2 0.711E-013
C9H2 0.599E-013
HS 0.159E-003
C2N 0.249E-010
C3N 0.197E-005
C5N 0.654E-012
C7N 0.203E-017
HC7N 0.223E-014
C9N 0.108E-020
HC9N 0.983E-021
NO 0.238E-006
NS 0.118E-011
NO2 0.305E-021
SO2 0.441E-020
C2O 0.218E-012
SO 0.607E-008
HNC 0.118E-003
C2H4 0.291E+001
C2H5 0.332E-011
C2H5OH 0.312E-014
C2S 0.184E-007
C3O 0.199E-010
C3S 0.231E-007
C4H3 0.728E-008
C4S 0.645E-013
C6H6 0.209E-004
CCP 0.137E-010
CCL 0.138E-010
CH2CCH2 0.263E-010
CH2CCH 0.292E-002
CH2CN 0.109E-010
CH2CO 0.350E-005
CH3CCH 0.407E-007
CH3CHCH2 0.286E-016
CH3CHO 0.178E-008
CH3COCH3 0.254E-021
CH3OCH3 0.631E-022
CP 0.233E-003
CLO 0.418E-023
FE 0.000E+000
H2S 0.170E+000
H2SIO 0.124E-027
HCOOCH3 0.418E-023
HCP 0.106E+001
HPO 0.322E-017
MG 0.000E+000
NCCN 0.115E-008
NA 0.000E+000
P 0.468E-007
PH 0.479E-008
PO 0.841E-011
SI 0.218E+000
SIC2 0.796E+003
SIC2H 0.994E-002
SIC3 0.473E-006
SIC 0.225E-003
SICH2 0.689E-011
SICH3 0.935E-015
SIH2 0.541E-016
SIH3 0.358E-020
SIN 0.796E-010
SIS 0.254E+003
S 0.855E-001
N2 0.170E+004
C2H3 0.685E-005
CH3CH3 0.276E-021
PN 0.239E-014
CL 0.202E-003
C3H2 0.622E-006
C4P 0.300E-023
CH3C4H 0.118E-005
CH3C6H 0.134E-010
H2CS 0.130E-008
H2S2 0.959E-013
HC2P 0.141E-013
HCSI 0.163E-007
HCL 0.138E+002
HNSI 0.764E-010
HS2 0.960E-013
N2O 0.168E-015
PH2 0.160E-022
S2 0.526E-012
SIC2H2 0.971E-007
SIC3H 0.261E-013
SIC4 0.473E-006
SIH4 0.920E-018
SIH 0.601E-009
SINC 0.163E-012
SIO 0.213E+003
F 0.339E-004
HE 0.723E+007
HCNO 0.223E-019
HNCO 0.899E-011
HONC 0.310E-029
HNO 0.129E-007
HCOOH 0.230E-009
C11 0.120E-019
C2H5CN 0.898E-016
C3P 0.846E-017
CH2CHCCH 0.446E-010
CH2CHCHCH2 0.181E-012
CH2CHCN 0.634E-005
CH2NH 0.385E-008
CH2PH 0.256E-016
CH3C3N 0.327E-011
CH3C5N 0.302E-024
CH3C7N 0.281E-026
CNO 0.132E-035
H2CN 0.847E-007
H2O2 0.494E-024
HCS 0.819E-011
HF 0.723E+000
HNC3 0.329E-006
HOCN 0.897E-011
NH2CN 0.624E-010
O2H 0.302E-020
OCN 0.474E-004
SIO2 0.149E-004
HCO+ 0.262E-003
H+ 0.279E-005
HOC+ 0.438E-009
C+ 0.429E-004
C10H+ 0.174E-013
C2H4+ 0.354E-003
C2H5+ 0.815E-004
C2H5OH+ 0.536E-018
C2O+ 0.277E-018
C2S+ 0.472E-011
C3O+ 0.594E-023
C3S+ 0.256E-010
C4H3+ 0.609E-001
C4S+ 0.167E-013
C6H6+ 0.223E-012
CCP+ 0.123E-007
CCL+ 0.205E-006
CH2+ 0.123E-007
C3H4+ 0.205E-004
CH2CCH+ 0.405E-004
CH2CN+ 0.144E-007
CH2CO+ 0.316E-007
C3H6+ 0.247E-025
CH3CHO+ 0.453E-012
CH3COCH3+ 0.203E-025
CH3OCH3+ 0.561E-026
CH+ 0.150E-007
CP+ 0.251E-015
CLO+ 0.117E-031
FE+ 0.000E+000
H2CO+ 0.172E-008
H2S+ 0.528E-004
H2SIO+ 0.169E-017
C4H2+ 0.810E-003
COOCH4+ 0.159E-030
HCP+ 0.620E-012
HPO+ 0.486E-010
MG+ 0.000E+000
C2N+ 0.733E-008
CNC+ 0.499E-004
NH3+ 0.162E-004
NO+ 0.636E-007
NS+ 0.129E-008
NA+ 0.000E+000
OCS+ 0.784E-008
P+ 0.150E-009
PH+ 0.365E-014
PO+ 0.634E-011
SO+ 0.312E-008
SI+ 0.224E-003
SIC2+ 0.186E-007
SIC2H+ 0.107E-002
SIC3+ 0.160E-008
SIC+ 0.284E-005
SICH2+ 0.508E-005
SICH3+ 0.335E-009
SIH2+ 0.323E-008
SIH3+ 0.226E-013
SIN+ 0.287E-010
SIS+ 0.124E-004
C2+ 0.767E-009
S+ 0.143E-004
CN+ 0.238E-010
CO+ 0.375E-010
N2+ 0.856E-011
O2+ 0.116E-011
C2H+ 0.806E-009
C2H2+ 0.235E-002
C2H3+ 0.184E+000
C5H2+ 0.197E-004
C6H2+ 0.333E-008
C7H2+ 0.373E-009
C3H3+ 0.768E-004
CO2+ 0.815E-018
HC3N+ 0.126E-009
HCN+ 0.304E-010
C2N2+ 0.203E-015
C3+ 0.425E-013
C5+ 0.202E-016
CH3CH3+ 0.806E-019
PN+ 0.411E-023
H2O+ 0.110E-006
NH2+ 0.154E-010
O+ 0.105E-011
OH+ 0.717E-011
CH3+ 0.123E-003
CH4+ 0.794E-006
CH3OH+ 0.461E-013
N+ 0.334E-007
SO2+ 0.353E-033
CS+ 0.612E-006
CL+ 0.123E-007
C10+ 0.669E-021
C10H2+ 0.137E-013
C3H2+ 0.872E-004
C3H+ 0.105E-003
C4+ 0.226E-010
C4H+ 0.138E-009
C4P+ 0.364E-032
C5H+ 0.213E-008
C6+ 0.316E-014
C6H+ 0.149E-011
C7+ 0.921E-013
C7H+ 0.725E-012
C8+ 0.479E-017
C8H2+ 0.112E-010
C8H+ 0.240E-013
C9+ 0.260E-018
C9H2+ 0.297E-010
C9H+ 0.193E-015
CH3C4H+ 0.495E-005
C7H4+ 0.141E-007
CH3CN+ 0.108E-011
H2CS+ 0.105E-008
H2S2+ 0.387E-010
HC2P+ 0.421E-008
HC5N+ 0.255E-013
HC7N+ 0.180E-014
HC9N+ 0.114E-015
HCSI+ 0.305E-008
HCL+ 0.246E-003
HNSI+ 0.106E-014
HS2+ 0.654E-010
HS+ 0.969E-007
N2O+ 0.202E-020
NH+ 0.101E-013
PH2+ 0.156E-014
S2+ 0.307E-009
SIC2H2+ 0.131E-005
SIC3H+ 0.879E-009
SIC4+ 0.483E-008
SIH4+ 0.484E-029
SIH+ 0.136E-006
SINC+ 0.193E-005
SIO+ 0.375E-005
H2+ 0.570E-008
F+ 0.741E-013
HE+ 0.669E-006
C3N+ 0.135E-012
HCNO+ 0.566E-033
HNCO+ 0.396E-012
HONC+ 0.193E-042
HNO+ 0.331E-010
HCOOH+ 0.214E-013
NO2+ 0.728E-020
CH2CHCNH+ 0.940E-009
HCS+ 0.515E-002
C10H3+ 0.591E-019
C11+ 0.284E-017
C2H5CNH+ 0.721E-014
C2H5OH2+ 0.825E-013
C2H7+ 0.126E-029
C2NH+ 0.152E-005
C3H2O+ 0.465E-011
C3H5+ 0.135E-002
C3H7+ 0.922E-023
C4H4+ 0.342E-012
C4H5+ 0.329E-004
C4H7+ 0.180E-007
C4N+ 0.131E-015
C5H3+ 0.899E-004
C5H5+ 0.105E-002
C5N+ 0.143E-013
C6H3+ 0.225E-005
C6H4+ 0.105E-005
C6H5+ 0.351E-002
C6H7+ 0.542E-003
C7H3+ 0.219E-007
C7H5+ 0.139E-007
C7N+ 0.430E-017
C8H3+ 0.254E-009
C8H4+ 0.139E-009
C8H5+ 0.747E-017
C9H3+ 0.987E-010
C9H4+ 0.239E-010
C9H5+ 0.244E-017
C9N+ 0.940E-021
CF+ 0.710E-007
CH2CHCN+ 0.105E-009
CH2NH2+ 0.274E-009
CH3C3N+ 0.106E-012
CH3C3NH+ 0.119E-008
CH3C5NH+ 0.271E-022
CH3C7NH+ 0.250E-024
CH3CHOH+ 0.402E-007
CH3CNH+ 0.276E-003
CH3CO+ 0.312E-007
CH3COCH4+ 0.128E-018
CH3CS+ 0.361E-008
CH3OCH4+ 0.936E-020
CH3OH2+ 0.556E-008
CH4N+ 0.953E-007
CH5+ 0.389E-004
H2C4N+ 0.106E-012
H2C7N+ 0.959E-013
H2C9N+ 0.391E-015
H2CCL+ 0.206E-008
H2CNO+ 0.113E-008
H2CL+ 0.257E-006
H2F+ 0.418E-006
H2NC+ 0.685E-007
H2NCO+ 0.238E-026
H2NO+ 0.412E-016
H2OCN+ 0.114E-008
H2PO+ 0.102E-014
H3+ 0.231E-004
H3C3O+ 0.278E-008
H3C5N+ 0.260E-008
H3C7N+ 0.509E-013
H3C9N+ 0.538E-016
H3CO+ 0.270E-009
H3CS+ 0.304E-006
H3O+ 0.221E-002
H3S+ 0.404E-005
H3S2+ 0.340E-010
H3SIO+ 0.627E-022
H5C2O2+ 0.335E-019
HC2O+ 0.452E-005
HC2S+ 0.118E-004
HC3NH+ 0.125E-003
HC3O+ 0.214E-007
HC3S+ 0.180E-008
HC4N+ 0.106E-012
HC4S+ 0.586E-006
HC5NH+ 0.396E-009
HCNH+ 0.149E+000
HCNOH+ 0.238E-026
HCO2+ 0.681E-009
HCOOH2+ 0.679E-008
HF+ 0.217E-013
HN2O+ 0.372E-023
HNCOH+ 0.227E-008
HNS+ 0.917E-016
HOCN+ 0.135E-014
HOCS+ 0.152E-011
HPN+ 0.103E-020
HSO+ 0.783E-012
HSO2+ 0.849E-028
HSIO2+ 0.112E-011
HSIS+ 0.755E-004
HEH+ 0.840E-010
N2H+ 0.198E-005
NCCNCH3+ 0.130E-018
NCCNH+ 0.364E-011
NH2CNH+ 0.263E-016
NH4+ 0.675E-003
O2H+ 0.159E-018
OCN+ 0.550E-013
PC2H2+ 0.650E-011
PC2H3+ 0.135E-017
PC2H4+ 0.152E-015
PC3H+ 0.299E-015
PC4H+ 0.383E-014
PCH2+ 0.142E-005
PCH3+ 0.860E-016
PCH4+ 0.800E-014
PH3+ 0.456E-021
PNH2+ 0.717E-012
PNH3+ 0.118E-015
SIC2H3+ 0.204E-004
SIC3H2+ 0.583E-009
SIC4H+ 0.185E-003
SICH4+ 0.342E-009
SIF+ 0.144E-006
SIH5+ 0.164E-017
SINCH+ 0.525E-010
SINH2+ 0.570E-007
SIOH+ 0.207E-001
