C- 0.458E-010
E 0.480E-001
C2- 0.416E-010
C3- 0.787E-009
C4- 0.953E-006
C5- 0.481E-007
C6- 0.309E-006
C7- 0.121E-007
C8- 0.275E-008
C10- 0.312E-011
C2H- 0.276E-006
C3H- 0.131E-009
C3N- 0.188E-005
C4H- 0.384E-008
C5H- 0.297E-005
C6H- 0.454E-005
C7H- 0.611E-006
C8H- 0.566E-007
C9- 0.100E-008
C9H- 0.110E-007
CH- 0.372E-009
O- 0.861E-013
OH- 0.274E-008
S- 0.219E-010
CN- 0.123E-006
H- 0.961E-008
C10H- 0.168E-011
C5N- 0.275E-008
O2- 0.205E-023
C 0.236E+000
C2 0.149E-001
CH2 0.999E-002
C2H2 0.127E+002
CH 0.125E-002
C2H 0.113E+000
CO2 0.480E-004
CO 0.235E+003
H2O 0.744E+000
H2CO 0.112E-005
N 0.321E-001
CN 0.143E+000
NH 0.824E-004
HCN 0.118E+002
O2 0.594E-006
O 0.258E+000
OH 0.785E-002
HCO 0.964E-006
C4 0.893E-004
C3 0.376E-002
C5 0.122E-005
C6 0.141E-005
C7 0.285E-007
C8 0.155E-007
C9 0.136E-008
C10 0.217E-010
C3H 0.383E-002
C4H 0.544E-002
C4N 0.145E-006
C5H 0.255E-004
C6H 0.503E-004
C7H 0.285E-005
C8H 0.622E-006
C9H 0.312E-007
C10H 0.379E-010
CS 0.310E+001
CH3 0.280E-002
CH3CN 0.253E-004
CH3OH 0.240E-009
OCS 0.522E-003
CH4 0.101E+001
H 0.122E+001
H2 0.294E+006
NH2 0.295E-003
NH3 0.172E-001
C10H2 0.123E-009
H2CCC 0.110E-003
HC3N 0.375E-001
HC4H 0.454E-002
C5H2 0.222E-003
HC5N 0.712E-005
C6H2 0.282E-002
C7H2 0.139E-005
C8H2 0.115E-005
C9H2 0.405E-007
HS 0.139E-003
C2N 0.211E-005
C3N 0.279E-002
C5N 0.304E-007
C7N 0.167E-008
HC7N 0.498E-005
C9N 0.274E-011
HC9N 0.127E-008
NO 0.511E-006
NS 0.298E-007
NO2 0.846E-013
SO2 0.162E-010
C2O 0.647E-007
SO 0.533E-006
HNC 0.401E-002
C2H4 0.191E-001
C2H5 0.348E-011
C2H5OH 0.128E-012
C2S 0.663E-005
C3O 0.156E-006
C3S 0.139E-003
C4H3 0.905E-005
C4S 0.339E-006
C6H6 0.481E-003
CCP 0.673E-009
CCL 0.989E-009
CH2CCH2 0.738E-007
CH2CCH 0.475E-002
CH2CN 0.247E-008
CH2CO 0.196E-007
CH3CCH 0.211E-004
CH3CHCH2 0.771E-007
CH3CHO 0.452E-007
CH3COCH3 0.342E-016
CH3OCH3 0.377E-019
CP 0.744E-004
CLO 0.402E-027
FE 0.000E+000
H2S 0.114E-002
H2SIO 0.118E-017
HCOOCH3 0.493E-019
HCP 0.728E-002
HPO 0.164E-014
MG 0.000E+000
NCCN 0.442E-005
NA 0.000E+000
P 0.555E-006
PH 0.181E-008
PO 0.167E-010
SI 0.354E-001
SIC2 0.549E+001
SIC2H 0.153E-001
SIC3 0.299E-004
SIC 0.141E-002
SICH2 0.429E-006
SICH3 0.716E-010
SIH2 0.816E-010
SIH3 0.265E-014
SIN 0.215E-006
SIS 0.176E+001
S 0.189E-001
N2 0.118E+002
C2H3 0.272E-004
CH3CH3 0.729E-008
PN 0.345E-012
CL 0.170E-002
C3H2 0.176E-003
C4P 0.203E-013
CH3C4H 0.597E-004
CH3C6H 0.311E-006
H2CS 0.627E-006
H2S2 0.266E-010
HC2P 0.780E-012
HCSI 0.355E-005
HCL 0.940E-001
HNSI 0.979E-007
HS2 0.206E-009
N2O 0.910E-013
PH2 0.293E-016
S2 0.869E-008
SIC2H2 0.246E-004
SIC3H 0.215E-007
SIC4 0.300E-004
SIH4 0.479E-014
SIH 0.175E-006
SINC 0.694E-009
SIO 0.144E+001
F 0.104E-006
HE 0.500E+005
HCNO 0.981E-011
HNCO 0.412E-009
HONC 0.123E-017
HNO 0.461E-007
HCOOH 0.936E-009
C11 0.442E-014
C2H5CN 0.173E-012
C3P 0.194E-013
CH2CHCCH 0.597E-007
CH2CHCHCH2 0.363E-013
CH2CHCN 0.264E-004
CH2NH 0.670E-007
CH2PH 0.262E-014
CH3C3N 0.459E-007
CH3C5N 0.378E-013
CH3C7N 0.290E-013
CNO 0.707E-023
H2CN 0.208E-006
H2O2 0.464E-026
HCS 0.881E-006
HF 0.500E-002
HNC3 0.875E-005
HOCN 0.412E-009
NH2CN 0.315E-005
O2H 0.146E-015
OCN 0.218E-005
SIO2 0.302E-005
HCO+ 0.476E-004
H+ 0.481E-006
HOC+ 0.105E-007
C+ 0.154E-003
C10H+ 0.299E-010
C2H4+ 0.802E-004
C2H5+ 0.176E-005
C2H5OH+ 0.341E-015
C2O+ 0.260E-013
C2S+ 0.180E-009
C3O+ 0.379E-016
C3S+ 0.182E-007
C4H3+ 0.178E-002
C4S+ 0.579E-008
C6H6+ 0.554E-009
CCP+ 0.302E-008
CCL+ 0.882E-007
CH2+ 0.235E-007
C3H4+ 0.175E-005
CH2CCH+ 0.254E-005
CH2CN+ 0.227E-007
CH2CO+ 0.488E-007
C3H6+ 0.621E-009
CH3CHO+ 0.154E-009
CH3COCH3+ 0.364E-019
CH3OCH3+ 0.107E-021
CH+ 0.288E-008
CP+ 0.390E-013
CLO+ 0.447E-033
FE+ 0.000E+000
H2CO+ 0.265E-008
H2S+ 0.551E-005
H2SIO+ 0.818E-013
C4H2+ 0.655E-004
COOCH4+ 0.963E-025
HCP+ 0.200E-011
HPO+ 0.196E-010
MG+ 0.000E+000
C2N+ 0.255E-007
CNC+ 0.209E-004
NH3+ 0.168E-004
NO+ 0.892E-009
NS+ 0.215E-008
NA+ 0.000E+000
OCS+ 0.215E-005
P+ 0.371E-008
PH+ 0.330E-012
PO+ 0.350E-011
SO+ 0.520E-008
SI+ 0.850E-003
SIC2+ 0.451E-008
SIC2H+ 0.215E-003
SIC3+ 0.435E-007
SIC+ 0.156E-008
SICH2+ 0.253E-005
SICH3+ 0.540E-009
SIH2+ 0.179E-007
SIH3+ 0.200E-009
SIN+ 0.354E-008
SIS+ 0.123E-004
C2+ 0.188E-007
S+ 0.859E-004
CN+ 0.396E-010
CO+ 0.257E-010
N2+ 0.777E-011
O2+ 0.112E-009
C2H+ 0.223E-007
C2H2+ 0.229E-002
C2H3+ 0.240E-001
C5H2+ 0.161E-005
C6H2+ 0.265E-005
C7H2+ 0.930E-008
C3H3+ 0.119E-004
CO2+ 0.126E-016
HC3N+ 0.144E-006
HCN+ 0.284E-009
C2N2+ 0.168E-012
C3+ 0.268E-009
C5+ 0.473E-010
CH3CH3+ 0.185E-011
PN+ 0.183E-019
H2O+ 0.107E-006
NH2+ 0.798E-009
O+ 0.176E-011
OH+ 0.490E-010
CH3+ 0.301E-004
CH4+ 0.594E-006
CH3OH+ 0.288E-012
N+ 0.417E-010
SO2+ 0.369E-020
CS+ 0.609E-006
CL+ 0.272E-009
C10+ 0.933E-013
C10H2+ 0.414E-010
C3H2+ 0.128E-004
C3H+ 0.300E-005
C4+ 0.421E-010
C4H+ 0.360E-009
C4P+ 0.419E-021
C5H+ 0.557E-006
C6+ 0.405E-010
C6H+ 0.257E-007
C7+ 0.159E-010
C7H+ 0.536E-008
C8+ 0.392E-011
C8H2+ 0.209E-007
C8H+ 0.105E-011
C9+ 0.248E-012
C9H2+ 0.101E-008
C9H+ 0.139E-009
CH3C4H+ 0.593E-006
C7H4+ 0.175E-006
CH3CN+ 0.246E-010
H2CS+ 0.110E-008
H2S2+ 0.469E-009
HC2P+ 0.953E-009
HC5N+ 0.707E-013
HC7N+ 0.627E-009
HC9N+ 0.163E-012
HCSI+ 0.159E-008
HCL+ 0.111E-007
HNSI+ 0.205E-015
HS2+ 0.252E-009
HS+ 0.345E-007
N2O+ 0.779E-016
NH+ 0.198E-010
PH2+ 0.595E-013
S2+ 0.163E-008
SIC2H2+ 0.130E-005
SIC3H+ 0.773E-008
SIC4+ 0.116E-006
SIH4+ 0.960E-025
SIH+ 0.225E-006
SINC+ 0.102E-004
SIO+ 0.366E-005
H2+ 0.570E-008
F+ 0.125E-012
HE+ 0.608E-006
C3N+ 0.170E-011
HCNO+ 0.624E-022
HNCO+ 0.164E-014
HONC+ 0.192E-028
HNO+ 0.696E-010
HCOOH+ 0.192E-011
NO2+ 0.763E-018
CH2CHCNH+ 0.430E-007
HCS+ 0.403E-003
C10H3+ 0.871E-011
C11+ 0.141E-013
C2H5CNH+ 0.260E-012
C2H5OH2+ 0.293E-012
C2H7+ 0.247E-015
C2NH+ 0.920E-006
C3H2O+ 0.523E-008
C3H5+ 0.496E-004
C3H7+ 0.887E-005
C4H4+ 0.616E-008
C4H5+ 0.417E-005
C4H7+ 0.318E-008
C4N+ 0.129E-008
C5H3+ 0.599E-005
C5H5+ 0.324E-004
C5N+ 0.810E-014
C6H3+ 0.115E-005
C6H4+ 0.443E-005
C6H5+ 0.252E-006
C6H7+ 0.157E-003
C7H3+ 0.206E-006
C7H5+ 0.378E-006
C7N+ 0.833E-015
C8H3+ 0.257E-006
C8H4+ 0.838E-007
C8H5+ 0.619E-010
C9H3+ 0.803E-008
C9H4+ 0.498E-008
C9H5+ 0.355E-012
C9N+ 0.326E-017
CF+ 0.682E-007
CH2CHCN+ 0.114E-007
CH2NH2+ 0.632E-010
CH3C3N+ 0.304E-012
CH3C3NH+ 0.134E-008
CH3C5NH+ 0.709E-013
CH3C7NH+ 0.503E-013
CH3CHOH+ 0.399E-007
CH3CNH+ 0.190E-004
CH3CO+ 0.689E-008
CH3COCH4+ 0.214E-015
CH3CS+ 0.607E-008
CH3OCH4+ 0.242E-018
CH3OH2+ 0.236E-009
CH4N+ 0.640E-008
CH5+ 0.244E-004
H2C4N+ 0.304E-012
H2C7N+ 0.334E-008
H2C9N+ 0.141E-011
H2CCL+ 0.173E-008
H2CNO+ 0.130E-009
H2CL+ 0.122E-004
H2F+ 0.233E-007
H2NC+ 0.326E-007
H2NCO+ 0.284E-011
H2NO+ 0.236E-013
H2OCN+ 0.134E-009
H2PO+ 0.417E-014
H3+ 0.468E-005
H3C3O+ 0.229E-006
H3C5N+ 0.224E-008
H3C7N+ 0.561E-010
H3C9N+ 0.310E-012
H3CO+ 0.712E-009
H3CS+ 0.366E-006
H3O+ 0.139E-003
H3S+ 0.434E-006
H3S2+ 0.600E-010
H3SIO+ 0.125E-017
H5C2O2+ 0.194E-018
HC2O+ 0.113E-005
HC2S+ 0.196E-004
HC3NH+ 0.680E-004
HC3O+ 0.757E-009
HC3S+ 0.975E-008
HC4N+ 0.286E-012
HC4S+ 0.151E-005
HC5NH+ 0.326E-009
HCNH+ 0.131E-001
HCNOH+ 0.109E-016
HCO2+ 0.104E-008
HCOOH2+ 0.640E-009
HF+ 0.367E-013
HN2O+ 0.128E-018
HNCOH+ 0.267E-009
HNS+ 0.155E-012
HOCN+ 0.162E-014
HOCS+ 0.131E-008
HPN+ 0.209E-017
HSO+ 0.520E-011
HSO2+ 0.632E-017
HSIO2+ 0.174E-010
HSIS+ 0.168E-004
HEH+ 0.840E-010
N2H+ 0.380E-006
NCCNCH3+ 0.465E-014
NCCNH+ 0.612E-009
NH2CNH+ 0.962E-011
NH4+ 0.457E-004
O2H+ 0.913E-017
OCN+ 0.283E-014
PC2H2+ 0.179E-011
PC2H3+ 0.361E-015
PC2H4+ 0.873E-016
PC3H+ 0.134E-013
PC4H+ 0.238E-012
PCH2+ 0.952E-007
PCH3+ 0.142E-013
PCH4+ 0.343E-014
PH3+ 0.113E-015
PNH2+ 0.191E-012
PNH3+ 0.353E-015
SIC2H3+ 0.495E-005
SIC3H2+ 0.103E-006
SIC4H+ 0.151E-004
SICH4+ 0.576E-009
SIF+ 0.932E-006
SIH5+ 0.563E-014
SINCH+ 0.242E-008
SINH2+ 0.315E-006
SIOH+ 0.378E-002
