C- 0.688E-010
E 0.514E-001
C2- 0.561E-010
C3- 0.168E-008
C4- 0.171E-005
C5- 0.835E-007
C6- 0.564E-006
C7- 0.232E-007
C8- 0.567E-008
C10- 0.754E-011
C2H- 0.218E-006
C3H- 0.169E-009
C3N- 0.257E-005
C4H- 0.551E-008
C5H- 0.340E-005
C6H- 0.718E-005
C7H- 0.102E-005
C8H- 0.998E-007
C9- 0.170E-008
C9H- 0.167E-007
CH- 0.375E-009
O- 0.119E-012
OH- 0.243E-008
S- 0.312E-010
CN- 0.961E-007
H- 0.820E-008
C10H- 0.405E-011
C5N- 0.626E-008
O2- 0.451E-023
C 0.264E+000
C2 0.171E-001
CH2 0.113E-001
C2H2 0.109E+002
CH 0.152E-002
C2H 0.129E+000
CO2 0.554E-004
CO 0.205E+003
H2O 0.646E+000
H2CO 0.163E-005
N 0.376E-001
CN 0.168E+000
NH 0.947E-004
HCN 0.103E+002
O2 0.951E-006
O 0.289E+000
OH 0.924E-002
HCO 0.132E-005
C4 0.133E-003
C3 0.431E-002
C5 0.188E-005
C6 0.222E-005
C7 0.492E-007
C8 0.275E-007
C9 0.208E-008
C10 0.457E-010
C3H 0.443E-002
C4H 0.636E-002
C4N 0.232E-006
C5H 0.278E-004
C6H 0.694E-004
C7H 0.421E-005
C8H 0.924E-006
C9H 0.403E-007
C10H 0.795E-010
CS 0.270E+001
CH3 0.322E-002
CH3CN 0.335E-004
CH3OH 0.233E-009
OCS 0.613E-003
CH4 0.876E+000
H 0.140E+001
H2 0.256E+006
NH2 0.334E-003
NH3 0.149E-001
C10H2 0.282E-009
H2CCC 0.160E-003
HC3N 0.457E-001
HC4H 0.570E-002
C5H2 0.237E-003
HC5N 0.127E-004
C6H2 0.323E-002
C7H2 0.200E-005
C8H2 0.181E-005
C9H2 0.545E-007
HS 0.163E-003
C2N 0.343E-005
C3N 0.318E-002
C5N 0.643E-007
C7N 0.387E-008
HC7N 0.812E-005
C9N 0.506E-011
HC9N 0.285E-008
NO 0.851E-006
NS 0.468E-007
NO2 0.165E-012
SO2 0.340E-010
C2O 0.111E-006
SO 0.823E-006
HNC 0.510E-002
C2H4 0.164E-001
C2H5 0.442E-011
C2H5OH 0.155E-012
C2S 0.107E-004
C3O 0.214E-006
C3S 0.176E-003
C4H3 0.103E-004
C4S 0.524E-006
C6H6 0.518E-003
CCP 0.794E-009
CCL 0.155E-008
CH2CCH2 0.118E-006
CH2CCH 0.550E-002
CH2CN 0.412E-008
CH2CO 0.285E-007
CH3CCH 0.277E-004
CH3CHCH2 0.144E-006
CH3CHO 0.534E-007
CH3COCH3 0.777E-016
CH3OCH3 0.631E-019
CP 0.834E-004
CLO 0.350E-027
FE 0.000E+000
H2S 0.973E-003
H2SIO 0.204E-017
HCOOCH3 0.990E-019
HCP 0.633E-002
HPO 0.249E-014
MG 0.000E+000
NCCN 0.789E-005
NA 0.000E+000
P 0.812E-006
PH 0.169E-008
PO 0.197E-010
SI 0.399E-001
SIC2 0.478E+001
SIC2H 0.174E-001
SIC3 0.287E-004
SIC 0.156E-002
SICH2 0.646E-006
SICH3 0.129E-009
SIH2 0.115E-009
SIH3 0.350E-014
SIN 0.335E-006
SIS 0.153E+001
S 0.215E-001
N2 0.102E+002
C2H3 0.334E-004
CH3CH3 0.136E-007
PN 0.437E-012
CL 0.200E-002
C3H2 0.254E-003
C4P 0.455E-013
CH3C4H 0.645E-004
CH3C6H 0.465E-006
H2CS 0.955E-006
H2S2 0.373E-010
HC2P 0.952E-012
HCSI 0.427E-005
HCL 0.813E-001
HNSI 0.160E-006
HS2 0.296E-009
N2O 0.199E-012
PH2 0.568E-016
S2 0.131E-007
SIC2H2 0.267E-004
SIC3H 0.481E-007
SIC4 0.287E-004
SIH4 0.576E-014
SIH 0.368E-006
SINC 0.119E-008
SIO 0.125E+001
F 0.112E-006
HE 0.436E+005
HCNO 0.182E-010
HNCO 0.413E-009
HONC 0.352E-017
HNO 0.695E-007
HCOOH 0.906E-009
C11 0.126E-013
C2H5CN 0.356E-012
C3P 0.434E-013
CH2CHCCH 0.839E-007
CH2CHCHCH2 0.918E-013
CH2CHCN 0.326E-004
CH2NH 0.974E-007
CH2PH 0.310E-014
CH3C3N 0.856E-007
CH3C5N 0.129E-012
CH3C7N 0.901E-013
CNO 0.216E-022
H2CN 0.329E-006
H2O2 0.403E-026
HCS 0.132E-005
HF 0.436E-002
HNC3 0.136E-004
HOCN 0.413E-009
NH2CN 0.398E-005
O2H 0.335E-015
OCN 0.366E-005
SIO2 0.358E-005
HCO+ 0.504E-004
H+ 0.479E-006
HOC+ 0.114E-007
C+ 0.218E-003
C10H+ 0.533E-010
C2H4+ 0.902E-004
C2H5+ 0.205E-005
C2H5OH+ 0.525E-015
C2O+ 0.672E-013
C2S+ 0.255E-009
C3O+ 0.859E-016
C3S+ 0.342E-007
C4H3+ 0.186E-002
C4S+ 0.116E-007
C6H6+ 0.820E-009
CCP+ 0.303E-008
CCL+ 0.922E-007
CH2+ 0.308E-007
C3H4+ 0.197E-005
CH2CCH+ 0.380E-005
CH2CN+ 0.448E-007
CH2CO+ 0.740E-007
C3H6+ 0.121E-008
CH3CHO+ 0.217E-009
CH3COCH3+ 0.102E-018
CH3OCH3+ 0.217E-021
CH+ 0.403E-008
CP+ 0.709E-013
CLO+ 0.455E-033
FE+ 0.000E+000
H2CO+ 0.502E-008
H2S+ 0.609E-005
H2SIO+ 0.117E-012
C4H2+ 0.748E-004
COOCH4+ 0.241E-024
HCP+ 0.283E-011
HPO+ 0.305E-010
MG+ 0.000E+000
C2N+ 0.412E-007
CNC+ 0.247E-004
NH3+ 0.184E-004
NO+ 0.159E-008
NS+ 0.335E-008
NA+ 0.000E+000
OCS+ 0.319E-005
P+ 0.696E-008
PH+ 0.558E-012
PO+ 0.513E-011
SO+ 0.102E-007
SI+ 0.126E-002
SIC2+ 0.658E-008
SIC2H+ 0.233E-003
SIC3+ 0.220E-006
SIC+ 0.225E-008
SICH2+ 0.299E-005
SICH3+ 0.816E-009
SIH2+ 0.236E-007
SIH3+ 0.227E-009
SIN+ 0.613E-008
SIS+ 0.159E-004
C2+ 0.248E-007
S+ 0.127E-003
CN+ 0.400E-010
CO+ 0.281E-010
N2+ 0.775E-011
O2+ 0.226E-009
C2H+ 0.294E-007
C2H2+ 0.228E-002
C2H3+ 0.262E-001
C5H2+ 0.225E-005
C6H2+ 0.358E-005
C7H2+ 0.134E-007
C3H3+ 0.145E-004
CO2+ 0.167E-016
HC3N+ 0.197E-006
HCN+ 0.285E-009
C2N2+ 0.342E-012
C3+ 0.498E-009
C5+ 0.719E-010
CH3CH3+ 0.440E-011
PN+ 0.226E-019
H2O+ 0.107E-006
NH2+ 0.101E-008
O+ 0.180E-011
OH+ 0.649E-010
CH3+ 0.425E-004
CH4+ 0.584E-006
CH3OH+ 0.331E-012
N+ 0.424E-010
SO2+ 0.899E-020
CS+ 0.608E-006
CL+ 0.368E-009
C10+ 0.183E-012
C10H2+ 0.761E-010
C3H2+ 0.207E-004
C3H+ 0.422E-005
C4+ 0.863E-010
C4H+ 0.713E-009
C4P+ 0.992E-021
C5H+ 0.766E-006
C6+ 0.728E-010
C6H+ 0.356E-007
C7+ 0.292E-010
C7H+ 0.944E-008
C8+ 0.836E-011
C8H2+ 0.310E-007
C8H+ 0.173E-011
C9+ 0.491E-012
C9H2+ 0.149E-008
C9H+ 0.230E-009
CH3C4H+ 0.816E-006
C7H4+ 0.201E-006
CH3CN+ 0.370E-010
H2CS+ 0.183E-008
H2S2+ 0.528E-009
HC2P+ 0.136E-008
HC5N+ 0.135E-012
HC7N+ 0.116E-008
HC9N+ 0.412E-012
HCSI+ 0.230E-008
HCL+ 0.111E-007
HNSI+ 0.364E-015
HS2+ 0.368E-009
HS+ 0.478E-007
N2O+ 0.223E-015
NH+ 0.200E-010
PH2+ 0.109E-012
S2+ 0.265E-008
SIC2H2+ 0.184E-005
SIC3H+ 0.150E-007
SIC4+ 0.220E-006
SIH4+ 0.143E-024
SIH+ 0.284E-006
SINC+ 0.127E-004
SIO+ 0.364E-005
H2+ 0.570E-008
F+ 0.127E-012
HE+ 0.607E-006
C3N+ 0.232E-011
HCNO+ 0.135E-021
HNCO+ 0.185E-014
HONC+ 0.640E-028
HNO+ 0.109E-009
HCOOH+ 0.228E-011
NO2+ 0.166E-017
CH2CHCNH+ 0.549E-007
HCS+ 0.420E-003
C10H3+ 0.165E-010
C11+ 0.360E-013
C2H5CNH+ 0.538E-012
C2H5OH2+ 0.301E-012
C2H7+ 0.624E-015
C2NH+ 0.141E-005
C3H2O+ 0.614E-008
C3H5+ 0.536E-004
C3H7+ 0.117E-004
C4H4+ 0.773E-008
C4H5+ 0.411E-005
C4H7+ 0.320E-008
C4N+ 0.261E-008
C5H3+ 0.547E-005
C5H5+ 0.269E-004
C5N+ 0.150E-013
C6H3+ 0.155E-005
C6H4+ 0.452E-005
C6H5+ 0.261E-006
C6H7+ 0.127E-003
C7H3+ 0.229E-006
C7H5+ 0.445E-006
C7N+ 0.219E-014
C8H3+ 0.315E-006
C8H4+ 0.117E-006
C8H5+ 0.909E-010
C9H3+ 0.865E-008
C9H4+ 0.521E-008
C9H5+ 0.421E-012
C9N+ 0.713E-017
CF+ 0.689E-007
CH2CHCN+ 0.169E-007
CH2NH2+ 0.503E-010
CH3C3N+ 0.492E-012
CH3C3NH+ 0.208E-008
CH3C5NH+ 0.212E-012
CH3C7NH+ 0.137E-012
CH3CHOH+ 0.397E-007
CH3CNH+ 0.257E-004
CH3CO+ 0.973E-008
CH3COCH4+ 0.421E-015
CH3CS+ 0.849E-008
CH3OCH4+ 0.376E-018
CH3OH2+ 0.315E-009
CH4N+ 0.870E-008
CH5+ 0.256E-004
H2C4N+ 0.492E-012
H2C7N+ 0.644E-008
H2C9N+ 0.292E-011
H2CCL+ 0.253E-008
H2CNO+ 0.104E-009
H2CL+ 0.131E-004
H2F+ 0.180E-007
H2NC+ 0.332E-007
H2NCO+ 0.355E-011
H2NO+ 0.362E-013
H2OCN+ 0.109E-009
H2PO+ 0.601E-014
H3+ 0.466E-005
H3C3O+ 0.264E-006
H3C5N+ 0.280E-008
H3C7N+ 0.855E-010
H3C9N+ 0.505E-012
H3CO+ 0.109E-008
H3CS+ 0.503E-006
H3O+ 0.157E-003
H3S+ 0.419E-006
H3S2+ 0.776E-010
H3SIO+ 0.164E-017
H5C2O2+ 0.361E-018
HC2O+ 0.171E-005
HC2S+ 0.278E-004
HC3NH+ 0.838E-004
HC3O+ 0.110E-008
HC3S+ 0.131E-007
HC4N+ 0.456E-012
HC4S+ 0.184E-005
HC5NH+ 0.406E-009
HCNH+ 0.137E-001
HCNOH+ 0.252E-016
HCO2+ 0.145E-008
HCOOH2+ 0.511E-009
HF+ 0.372E-013
HN2O+ 0.325E-018
HNCOH+ 0.217E-009
HNS+ 0.238E-012
HOCN+ 0.183E-014
HOCS+ 0.157E-008
HPN+ 0.281E-017
HSO+ 0.789E-011
HSO2+ 0.142E-016
HSIO2+ 0.209E-010
HSIS+ 0.154E-004
HEH+ 0.840E-010
N2H+ 0.377E-006
NCCNCH3+ 0.135E-013
NCCNH+ 0.140E-008
NH2CNH+ 0.126E-010
NH4+ 0.409E-004
O2H+ 0.165E-016
OCN+ 0.285E-014
PC2H2+ 0.253E-011
PC2H3+ 0.526E-015
PC2H4+ 0.105E-015
PC3H+ 0.370E-013
PC4H+ 0.454E-012
PCH2+ 0.806E-007
PCH3+ 0.201E-013
PCH4+ 0.455E-014
PH3+ 0.182E-015
PNH2+ 0.302E-012
PNH3+ 0.501E-015
SIC2H3+ 0.393E-005
SIC3H2+ 0.192E-006
SIC4H+ 0.109E-004
SICH4+ 0.866E-009
SIF+ 0.131E-005
SIH5+ 0.583E-014
SINCH+ 0.348E-008
SINH2+ 0.434E-006
SIOH+ 0.387E-002
