C- 0.506E-010
E 0.454E-001
C2- 0.708E-010
C3- 0.271E-008
C4- 0.276E-005
C5- 0.134E-006
C6- 0.932E-006
C7- 0.395E-007
C8- 0.105E-007
C10- 0.163E-010
C2H- 0.171E-006
C3H- 0.209E-009
C3N- 0.340E-005
C4H- 0.682E-008
C5H- 0.381E-005
C6H- 0.106E-004
C7H- 0.154E-005
C8H- 0.160E-006
C9- 0.272E-008
C9H- 0.234E-007
CH- 0.346E-009
O- 0.972E-013
OH- 0.217E-008
S- 0.368E-010
CN- 0.742E-007
H- 0.799E-008
C10H- 0.848E-011
C5N- 0.131E-007
O2- 0.552E-023
C 0.208E+000
C2 0.170E-001
CH2 0.112E-001
C2H2 0.950E+001
CH 0.139E-002
C2H 0.114E+000
CO2 0.614E-004
CO 0.178E+003
H2O 0.561E+000
H2CO 0.209E-005
N 0.375E-001
CN 0.166E+000
NH 0.988E-004
HCN 0.889E+001
O2 0.127E-005
O 0.233E+000
OH 0.982E-002
HCO 0.180E-005
C4 0.171E-003
C3 0.423E-002
C5 0.240E-005
C6 0.300E-005
C7 0.638E-007
C8 0.408E-007
C9 0.287E-008
C10 0.749E-010
C3H 0.438E-002
C4H 0.724E-002
C4N 0.351E-006
C5H 0.292E-004
C6H 0.869E-004
C7H 0.479E-005
C8H 0.127E-005
C9H 0.489E-007
C10H 0.121E-009
CS 0.235E+001
CH3 0.332E-002
CH3CN 0.442E-004
CH3OH 0.227E-009
OCS 0.703E-003
CH4 0.760E+000
H 0.148E+001
H2 0.223E+006
NH2 0.347E-003
NH3 0.129E-001
C10H2 0.552E-009
H2CCC 0.220E-003
HC3N 0.542E-001
HC4H 0.675E-002
C5H2 0.247E-003
HC5N 0.212E-004
C6H2 0.362E-002
C7H2 0.271E-005
C8H2 0.263E-005
C9H2 0.699E-007
HS 0.184E-003
C2N 0.499E-005
C3N 0.359E-002
C5N 0.113E-006
C7N 0.721E-008
HC7N 0.125E-004
C9N 0.877E-011
HC9N 0.582E-008
NO 0.132E-005
NS 0.700E-007
NO2 0.261E-012
SO2 0.682E-010
C2O 0.162E-006
SO 0.124E-005
HNC 0.620E-002
C2H4 0.140E-001
C2H5 0.510E-011
C2H5OH 0.183E-012
C2S 0.164E-004
C3O 0.279E-006
C3S 0.210E-003
C4H3 0.115E-004
C4S 0.748E-006
C6H6 0.539E-003
CCP 0.102E-008
CCL 0.236E-008
CH2CCH2 0.130E-006
CH2CCH 0.623E-002
CH2CN 0.647E-008
CH2CO 0.381E-007
CH3CCH 0.346E-004
CH3CHCH2 0.106E-006
CH3CHO 0.250E-008
CH3COCH3 0.157E-015
CH3OCH3 0.988E-019
CP 0.868E-004
CLO 0.304E-027
FE 0.000E+000
H2S 0.838E-003
H2SIO 0.299E-017
HCOOCH3 0.195E-018
HCP 0.550E-002
HPO 0.381E-014
MG 0.000E+000
NCCN 0.131E-004
NA 0.000E+000
P 0.989E-006
PH 0.159E-008
PO 0.254E-010
SI 0.393E-001
SIC2 0.416E+001
SIC2H 0.194E-001
SIC3 0.271E-004
SIC 0.163E-002
SICH2 0.923E-006
SICH3 0.206E-009
SIH2 0.153E-009
SIH3 0.435E-014
SIN 0.498E-006
SIS 0.133E+001
S 0.223E-001
N2 0.891E+001
C2H3 0.392E-004
CH3CH3 0.101E-007
PN 0.562E-012
CL 0.209E-002
C3H2 0.337E-003
C4P 0.916E-013
CH3C4H 0.676E-004
CH3C6H 0.645E-006
H2CS 0.139E-005
H2S2 0.520E-010
HC2P 0.125E-011
HCSI 0.516E-005
HCL 0.705E-001
HNSI 0.248E-006
HS2 0.398E-009
N2O 0.421E-012
PH2 0.102E-015
S2 0.190E-007
SIC2H2 0.285E-004
SIC3H 0.984E-007
SIC4 0.270E-004
SIH4 0.669E-014
SIH 0.717E-006
SINC 0.191E-008
SIO 0.108E+001
F 0.120E-006
HE 0.380E+005
HCNO 0.321E-010
HNCO 0.411E-009
HONC 0.889E-017
HNO 0.897E-007
HCOOH 0.870E-009
C11 0.204E-013
C2H5CN 0.708E-012
C3P 0.875E-013
CH2CHCCH 0.104E-006
CH2CHCHCH2 0.643E-013
CH2CHCN 0.394E-004
CH2NH 0.133E-006
CH2PH 0.394E-014
CH3C3N 0.147E-006
CH3C5N 0.363E-012
CH3C7N 0.233E-012
CNO 0.577E-022
H2CN 0.490E-006
H2O2 0.350E-026
HCS 0.187E-005
HF 0.379E-002
HNC3 0.194E-004
HOCN 0.409E-009
NH2CN 0.485E-005
O2H 0.729E-015
OCN 0.594E-005
SIO2 0.412E-005
HCO+ 0.436E-004
H+ 0.475E-006
HOC+ 0.105E-007
C+ 0.160E-003
C10H+ 0.693E-010
C2H4+ 0.784E-004
C2H5+ 0.183E-005
C2H5OH+ 0.629E-015
C2O+ 0.887E-013
C2S+ 0.297E-009
C3O+ 0.961E-016
C3S+ 0.443E-007
C4H3+ 0.166E-002
C4S+ 0.204E-007
C6H6+ 0.852E-009
CCP+ 0.225E-008
CCL+ 0.698E-007
CH2+ 0.347E-007
C3H4+ 0.181E-005
CH2CCH+ 0.262E-005
CH2CN+ 0.639E-007
CH2CO+ 0.809E-007
C3H6+ 0.105E-008
CH3CHO+ 0.465E-010
CH3COCH3+ 0.217E-018
CH3OCH3+ 0.355E-021
CH+ 0.421E-008
CP+ 0.623E-013
CLO+ 0.358E-033
FE+ 0.000E+000
H2CO+ 0.623E-008
H2S+ 0.547E-005
H2SIO+ 0.138E-012
C4H2+ 0.663E-004
COOCH4+ 0.412E-024
HCP+ 0.211E-011
HPO+ 0.464E-010
MG+ 0.000E+000
C2N+ 0.430E-007
CNC+ 0.183E-004
NH3+ 0.156E-004
NO+ 0.235E-008
NS+ 0.462E-008
NA+ 0.000E+000
OCS+ 0.368E-005
P+ 0.906E-008
PH+ 0.850E-012
PO+ 0.778E-011
SO+ 0.158E-007
SI+ 0.147E-002
SIC2+ 0.513E-008
SIC2H+ 0.253E-003
SIC3+ 0.302E-006
SIC+ 0.169E-008
SICH2+ 0.246E-005
SICH3+ 0.823E-009
SIH2+ 0.302E-007
SIH3+ 0.254E-009
SIN+ 0.931E-008
SIS+ 0.187E-004
C2+ 0.283E-007
S+ 0.138E-003
CN+ 0.404E-010
CO+ 0.277E-010
N2+ 0.773E-011
O2+ 0.315E-009
C2H+ 0.330E-007
C2H2+ 0.227E-002
C2H3+ 0.214E-001
C5H2+ 0.234E-005
C6H2+ 0.391E-005
C7H2+ 0.148E-007
C3H3+ 0.115E-004
CO2+ 0.212E-016
HC3N+ 0.227E-006
HCN+ 0.285E-009
C2N2+ 0.652E-012
C3+ 0.384E-009
C5+ 0.594E-010
CH3CH3+ 0.300E-011
PN+ 0.288E-019
H2O+ 0.106E-006
NH2+ 0.119E-008
O+ 0.181E-011
OH+ 0.772E-010
CH3+ 0.432E-004
CH4+ 0.576E-006
CH3OH+ 0.309E-012
N+ 0.430E-010
SO2+ 0.209E-019
CS+ 0.607E-006
CL+ 0.441E-009
C10+ 0.201E-012
C10H2+ 0.102E-009
C3H2+ 0.132E-004
C3H+ 0.300E-005
C4+ 0.545E-010
C4H+ 0.728E-009
C4P+ 0.222E-020
C5H+ 0.610E-006
C6+ 0.843E-010
C6H+ 0.422E-007
C7+ 0.285E-010
C7H+ 0.929E-008
C8+ 0.108E-010
C8H2+ 0.353E-007
C8H+ 0.254E-011
C9+ 0.538E-012
C9H2+ 0.180E-008
C9H+ 0.241E-009
CH3C4H+ 0.880E-006
C7H4+ 0.231E-006
CH3CN+ 0.517E-010
H2CS+ 0.298E-008
H2S2+ 0.576E-009
HC2P+ 0.198E-008
HC5N+ 0.151E-012
HC7N+ 0.204E-008
HC9N+ 0.959E-012
HCSI+ 0.175E-008
HCL+ 0.111E-007
HNSI+ 0.534E-015
HS2+ 0.487E-009
HS+ 0.595E-007
N2O+ 0.468E-015
NH+ 0.201E-010
PH2+ 0.170E-012
S2+ 0.401E-008
SIC2H2+ 0.217E-005
SIC3H+ 0.285E-007
SIC4+ 0.387E-006
SIH4+ 0.202E-024
SIH+ 0.333E-006
SINC+ 0.152E-004
SIO+ 0.361E-005
H2+ 0.570E-008
F+ 0.129E-012
HE+ 0.605E-006
C3N+ 0.270E-011
HCNO+ 0.277E-021
HNCO+ 0.222E-014
HONC+ 0.189E-027
HNO+ 0.783E-010
HCOOH+ 0.229E-011
NO2+ 0.206E-017
CH2CHCNH+ 0.649E-007
HCS+ 0.354E-003
C10H3+ 0.230E-010
C11+ 0.368E-013
C2H5CNH+ 0.845E-012
C2H5OH2+ 0.274E-012
C2H7+ 0.366E-015
C2NH+ 0.169E-005
C3H2O+ 0.578E-008
C3H5+ 0.518E-004
C3H7+ 0.103E-004
C4H4+ 0.928E-008
C4H5+ 0.382E-005
C4H7+ 0.304E-008
C4N+ 0.262E-008
C5H3+ 0.495E-005
C5H5+ 0.232E-004
C5N+ 0.136E-013
C6H3+ 0.161E-005
C6H4+ 0.408E-005
C6H5+ 0.233E-006
C6H7+ 0.105E-003
C7H3+ 0.250E-006
C7H5+ 0.513E-006
C7N+ 0.451E-014
C8H3+ 0.354E-006
C8H4+ 0.125E-006
C8H5+ 0.127E-009
C9H3+ 0.941E-008
C9H4+ 0.558E-008
C9H5+ 0.507E-012
C9N+ 0.106E-016
CF+ 0.597E-007
CH2CHCN+ 0.212E-007
CH2NH2+ 0.406E-010
CH3C3N+ 0.509E-012
CH3C3NH+ 0.276E-008
CH3C5NH+ 0.433E-012
CH3C7NH+ 0.258E-012
CH3CHOH+ 0.356E-007
CH3CNH+ 0.280E-004
CH3CO+ 0.113E-007
CH3COCH4+ 0.495E-015
CH3CS+ 0.110E-007
CH3OCH4+ 0.441E-018
CH3OH2+ 0.339E-009
CH4N+ 0.102E-007
CH5+ 0.224E-004
H2C4N+ 0.509E-012
H2C7N+ 0.945E-008
H2C9N+ 0.521E-011
H2CCL+ 0.315E-008
H2CNO+ 0.900E-010
H2CL+ 0.112E-004
H2F+ 0.148E-007
H2NC+ 0.265E-007
H2NCO+ 0.332E-011
H2NO+ 0.543E-013
H2OCN+ 0.945E-010
H2PO+ 0.879E-014
H3+ 0.463E-005
H3C3O+ 0.272E-006
H3C5N+ 0.314E-008
H3C7N+ 0.115E-009
H3C9N+ 0.729E-012
H3CO+ 0.152E-008
H3CS+ 0.630E-006
H3O+ 0.131E-003
H3S+ 0.373E-006
H3S2+ 0.100E-009
H3SIO+ 0.181E-017
H5C2O2+ 0.649E-018
HC2O+ 0.132E-005
HC2S+ 0.356E-004
HC3NH+ 0.944E-004
HC3O+ 0.980E-009
HC3S+ 0.166E-007
HC4N+ 0.471E-012
HC4S+ 0.215E-005
HC5NH+ 0.514E-009
HCNH+ 0.131E-001
HCNOH+ 0.549E-016
HCO2+ 0.168E-008
HCOOH2+ 0.430E-009
HF+ 0.378E-013
HN2O+ 0.716E-018
HNCOH+ 0.188E-009
HNS+ 0.342E-012
HOCN+ 0.220E-014
HOCS+ 0.183E-008
HPN+ 0.377E-017
HSO+ 0.972E-011
HSO2+ 0.302E-016
HSIO2+ 0.244E-010
HSIS+ 0.141E-004
HEH+ 0.840E-010
N2H+ 0.371E-006
NCCNCH3+ 0.286E-013
NCCNH+ 0.231E-008
NH2CNH+ 0.161E-010
NH4+ 0.350E-004
O2H+ 0.248E-016
OCN+ 0.286E-014
PC2H2+ 0.365E-011
PC2H3+ 0.750E-015
PC2H4+ 0.144E-015
PC3H+ 0.548E-013
PC4H+ 0.708E-012
PCH2+ 0.681E-007
PCH3+ 0.284E-013
PCH4+ 0.659E-014
PH3+ 0.286E-015
PNH2+ 0.454E-012
PNH3+ 0.724E-015
SIC2H3+ 0.332E-005
SIC3H2+ 0.335E-006
SIC4H+ 0.832E-005
SICH4+ 0.888E-009
SIF+ 0.177E-005
SIH5+ 0.596E-014
SINCH+ 0.476E-008
SINH2+ 0.574E-006
SIOH+ 0.354E-002
