C- 0.590E-010
E 0.453E-001
C2- 0.911E-010
C3- 0.489E-008
C4- 0.447E-005
C5- 0.216E-006
C6- 0.152E-005
C7- 0.691E-007
C8- 0.194E-007
C10- 0.360E-010
C2H- 0.128E-006
C3H- 0.259E-009
C3N- 0.445E-005
C4H- 0.905E-008
C5H- 0.436E-005
C6H- 0.158E-004
C7H- 0.232E-005
C8H- 0.250E-006
C9- 0.446E-008
C9H- 0.322E-007
CH- 0.316E-009
O- 0.111E-012
OH- 0.186E-008
S- 0.477E-010
CN- 0.552E-007
H- 0.701E-008
C10H- 0.179E-010
C5N- 0.285E-007
O2- 0.910E-023
C 0.206E+000
C2 0.186E-001
CH2 0.120E-001
C2H2 0.822E+001
CH 0.160E-002
C2H 0.120E+000
CO2 0.682E-004
CO 0.155E+003
H2O 0.486E+000
H2CO 0.285E-005
N 0.417E-001
CN 0.185E+000
NH 0.109E-003
HCN 0.768E+001
O2 0.184E-005
O 0.233E+000
OH 0.110E-001
HCO 0.243E-005
C4 0.235E-003
C3 0.457E-002
C5 0.339E-005
C6 0.426E-005
C7 0.968E-007
C8 0.652E-007
C9 0.424E-008
C10 0.142E-009
C3H 0.477E-002
C4H 0.822E-002
C4N 0.528E-006
C5H 0.329E-004
C6H 0.114E-003
C7H 0.625E-005
C8H 0.174E-005
C9H 0.598E-007
C10H 0.218E-009
CS 0.204E+001
CH3 0.366E-002
CH3CN 0.605E-004
CH3OH 0.224E-009
OCS 0.792E-003
CH4 0.657E+000
H 0.164E+001
H2 0.194E+006
NH2 0.378E-003
NH3 0.111E-001
C10H2 0.114E-008
H2CCC 0.309E-003
HC3N 0.633E-001
HC4H 0.808E-002
C5H2 0.255E-003
HC5N 0.349E-004
C6H2 0.402E-002
C7H2 0.365E-005
C8H2 0.388E-005
C9H2 0.889E-007
HS 0.209E-003
C2N 0.760E-005
C3N 0.401E-002
C5N 0.219E-006
C7N 0.144E-007
HC7N 0.190E-004
C9N 0.165E-010
HC9N 0.118E-007
NO 0.205E-005
NS 0.104E-006
NO2 0.454E-012
SO2 0.131E-009
C2O 0.248E-006
SO 0.181E-005
HNC 0.744E-002
C2H4 0.120E-001
C2H5 0.609E-011
C2H5OH 0.213E-012
C2S 0.255E-004
C3O 0.355E-006
C3S 0.256E-003
C4H3 0.127E-004
C4S 0.104E-005
C6H6 0.552E-003
CCP 0.149E-008
CCL 0.368E-008
CH2CCH2 0.178E-006
CH2CCH 0.699E-002
CH2CN 0.101E-007
CH2CO 0.540E-007
CH3CCH 0.426E-004
CH3CHCH2 0.138E-006
CH3CHO 0.695E-007
CH3COCH3 0.327E-015
CH3OCH3 0.160E-018
CP 0.939E-004
CLO 0.265E-027
FE 0.000E+000
H2S 0.715E-003
H2SIO 0.456E-017
HCOOCH3 0.397E-018
HCP 0.477E-002
HPO 0.612E-014
MG 0.000E+000
NCCN 0.214E-004
NA 0.000E+000
P 0.134E-005
PH 0.149E-008
PO 0.377E-010
SI 0.420E-001
SIC2 0.362E+001
SIC2H 0.215E-001
SIC3 0.257E-004
SIC 0.176E-002
SICH2 0.131E-005
SICH3 0.336E-009
SIH2 0.200E-009
SIH3 0.532E-014
SIN 0.739E-006
SIS 0.116E+001
S 0.244E-001
N2 0.776E+001
C2H3 0.463E-004
CH3CH3 0.131E-007
PN 0.762E-012
CL 0.234E-002
C3H2 0.464E-003
C4P 0.187E-012
CH3C4H 0.701E-004
CH3C6H 0.874E-006
H2CS 0.203E-005
H2S2 0.742E-010
HC2P 0.185E-011
HCSI 0.651E-005
HCL 0.609E-001
HNSI 0.384E-006
HS2 0.527E-009
N2O 0.855E-012
PH2 0.184E-015
S2 0.273E-007
SIC2H2 0.303E-004
SIC3H 0.201E-006
SIC4 0.254E-004
SIH4 0.762E-014
SIH 0.139E-005
SINC 0.306E-008
SIO 0.929E+000
F 0.130E-006
HE 0.331E+005
HCNO 0.609E-010
HNCO 0.411E-009
HONC 0.222E-016
HNO 0.125E-006
HCOOH 0.837E-009
C11 0.455E-013
C2H5CN 0.153E-011
C3P 0.180E-012
CH2CHCCH 0.134E-006
CH2CHCHCH2 0.106E-012
CH2CHCN 0.468E-004
CH2NH 0.187E-006
CH2PH 0.554E-014
CH3C3N 0.249E-006
CH3C5N 0.161E-012
CH3C7N 0.619E-012
CNO 0.155E-021
H2CN 0.731E-006
H2O2 0.303E-026
HCS 0.265E-005
HF 0.330E-002
HNC3 0.273E-004
HOCN 0.406E-009
NH2CN 0.586E-005
O2H 0.157E-014
OCN 0.932E-005
SIO2 0.470E-005
HCO+ 0.429E-004
H+ 0.473E-006
HOC+ 0.108E-007
C+ 0.180E-003
C10H+ 0.105E-009
C2H4+ 0.799E-004
C2H5+ 0.191E-005
C2H5OH+ 0.858E-015
C2O+ 0.173E-012
C2S+ 0.395E-009
C3O+ 0.161E-015
C3S+ 0.711E-007
C4H3+ 0.160E-002
C4S+ 0.369E-007
C6H6+ 0.111E-008
CCP+ 0.217E-008
CCL+ 0.692E-007
CH2+ 0.431E-007
C3H4+ 0.193E-005
CH2CCH+ 0.298E-005
CH2CN+ 0.110E-006
CH2CO+ 0.107E-006
C3H6+ 0.147E-008
CH3CHO+ 0.301E-009
CH3COCH3+ 0.519E-018
CH3OCH3+ 0.660E-021
CH+ 0.557E-008
CP+ 0.869E-013
CLO+ 0.349E-033
FE+ 0.000E+000
H2CO+ 0.994E-008
H2S+ 0.548E-005
H2SIO+ 0.174E-012
C4H2+ 0.706E-004
COOCH4+ 0.997E-024
HCP+ 0.239E-011
HPO+ 0.765E-010
MG+ 0.000E+000
C2N+ 0.593E-007
CNC+ 0.192E-004
NH3+ 0.157E-004
NO+ 0.405E-008
NS+ 0.637E-008
NA+ 0.000E+000
OCS+ 0.480E-005
P+ 0.149E-007
PH+ 0.135E-011
PO+ 0.132E-010
SO+ 0.282E-007
SI+ 0.198E-002
SIC2+ 0.610E-008
SIC2H+ 0.287E-003
SIC3+ 0.474E-006
SIC+ 0.193E-008
SICH2+ 0.287E-005
SICH3+ 0.106E-008
SIH2+ 0.382E-007
SIH3+ 0.277E-009
SIN+ 0.149E-007
SIS+ 0.242E-004
C2+ 0.356E-007
S+ 0.183E-003
CN+ 0.407E-010
CO+ 0.298E-010
N2+ 0.770E-011
O2+ 0.537E-009
C2H+ 0.413E-007
C2H2+ 0.225E-002
C2H3+ 0.211E-001
C5H2+ 0.289E-005
C6H2+ 0.477E-005
C7H2+ 0.196E-007
C3H3+ 0.118E-004
CO2+ 0.270E-016
HC3N+ 0.292E-006
HCN+ 0.286E-009
C2N2+ 0.122E-011
C3+ 0.529E-009
C5+ 0.747E-010
CH3CH3+ 0.443E-011
PN+ 0.379E-019
H2O+ 0.106E-006
NH2+ 0.146E-008
O+ 0.183E-011
OH+ 0.979E-010
CH3+ 0.540E-004
CH4+ 0.566E-006
CH3OH+ 0.334E-012
N+ 0.437E-010
SO2+ 0.466E-019
CS+ 0.606E-006
CL+ 0.567E-009
C10+ 0.321E-012
C10H2+ 0.160E-009
C3H2+ 0.155E-004
C3H+ 0.332E-005
C4+ 0.745E-010
C4H+ 0.119E-008
C4P+ 0.481E-020
C5H+ 0.673E-006
C6+ 0.128E-009
C6H+ 0.543E-007
C7+ 0.409E-010
C7H+ 0.131E-007
C8+ 0.189E-010
C8H2+ 0.470E-007
C8H+ 0.390E-011
C9+ 0.859E-012
C9H2+ 0.245E-008
C9H+ 0.331E-009
CH3C4H+ 0.108E-005
C7H4+ 0.256E-006
CH3CN+ 0.783E-010
H2CS+ 0.484E-008
H2S2+ 0.612E-009
HC2P+ 0.319E-008
HC5N+ 0.239E-012
HC7N+ 0.352E-008
HC9N+ 0.219E-011
HCSI+ 0.203E-008
HCL+ 0.111E-007
HNSI+ 0.865E-015
HS2+ 0.664E-009
HS+ 0.755E-007
N2O+ 0.113E-014
NH+ 0.202E-010
PH2+ 0.297E-012
S2+ 0.631E-008
SIC2H2+ 0.277E-005
SIC3H+ 0.576E-007
SIC4+ 0.678E-006
SIH4+ 0.280E-024
SIH+ 0.396E-006
SINC+ 0.177E-004
SIO+ 0.358E-005
H2+ 0.570E-008
F+ 0.131E-012
HE+ 0.603E-006
C3N+ 0.348E-011
HCNO+ 0.613E-021
HNCO+ 0.287E-014
HONC+ 0.548E-027
HNO+ 0.944E-010
HCOOH+ 0.253E-011
NO2+ 0.384E-017
CH2CHCNH+ 0.766E-007
HCS+ 0.341E-003
C10H3+ 0.373E-010
C11+ 0.650E-013
C2H5CNH+ 0.162E-011
C2H5OH2+ 0.263E-012
C2H7+ 0.530E-015
C2NH+ 0.230E-005
C3H2O+ 0.621E-008
C3H5+ 0.528E-004
C3H7+ 0.115E-004
C4H4+ 0.108E-007
C4H5+ 0.358E-005
C4H7+ 0.287E-008
C4N+ 0.400E-008
C5H3+ 0.474E-005
C5H5+ 0.195E-004
C5N+ 0.192E-013
C6H3+ 0.193E-005
C6H4+ 0.404E-005
C6H5+ 0.222E-006
C6H7+ 0.839E-004
C7H3+ 0.268E-006
C7H5+ 0.567E-006
C7N+ 0.103E-013
C8H3+ 0.406E-006
C8H4+ 0.152E-006
C8H5+ 0.170E-009
C9H3+ 0.101E-007
C9H4+ 0.571E-008
C9H5+ 0.616E-012
C9N+ 0.207E-016
CF+ 0.584E-007
CH2CHCN+ 0.287E-007
CH2NH2+ 0.325E-010
CH3C3N+ 0.703E-012
CH3C3NH+ 0.413E-008
CH3C5NH+ 0.104E-011
CH3C7NH+ 0.572E-012
CH3CHOH+ 0.335E-007
CH3CNH+ 0.343E-004
CH3CO+ 0.145E-007
CH3COCH4+ 0.114E-014
CH3CS+ 0.145E-007
CH3OCH4+ 0.616E-018
CH3OH2+ 0.409E-009
CH4N+ 0.130E-007
CH5+ 0.220E-004
H2C4N+ 0.704E-012
H2C7N+ 0.156E-007
H2C9N+ 0.106E-010
H2CCL+ 0.424E-008
H2CNO+ 0.827E-010
H2CL+ 0.111E-004
H2F+ 0.121E-007
H2NC+ 0.263E-007
H2NCO+ 0.418E-011
H2NO+ 0.797E-013
H2OCN+ 0.878E-010
H2PO+ 0.129E-013
H3+ 0.461E-005
H3C3O+ 0.292E-006
H3C5N+ 0.388E-008
H3C7N+ 0.161E-009
H3C9N+ 0.116E-011
H3CO+ 0.215E-008
H3CS+ 0.815E-006
H3O+ 0.132E-003
H3S+ 0.345E-006
H3S2+ 0.127E-009
H3SIO+ 0.211E-017
H5C2O2+ 0.116E-017
HC2O+ 0.156E-005
HC2S+ 0.473E-004
HC3NH+ 0.109E-003
HC3O+ 0.123E-008
HC3S+ 0.224E-007
HC4N+ 0.644E-012
HC4S+ 0.244E-005
HC5NH+ 0.690E-009
HCNH+ 0.128E-001
HCNOH+ 0.116E-015
HCO2+ 0.214E-008
HCOOH2+ 0.361E-009
HF+ 0.383E-013
HN2O+ 0.162E-017
HNCOH+ 0.175E-009
HNS+ 0.511E-012
HOCN+ 0.284E-014
HOCS+ 0.210E-008
HPN+ 0.534E-017
HSO+ 0.136E-010
HSO2+ 0.615E-016
HSIO2+ 0.281E-010
HSIS+ 0.129E-004
HEH+ 0.840E-010
N2H+ 0.367E-006
NCCNCH3+ 0.682E-013
NCCNH+ 0.438E-008
NH2CNH+ 0.202E-010
NH4+ 0.305E-004
O2H+ 0.404E-016
OCN+ 0.289E-014
PC2H2+ 0.566E-011
PC2H3+ 0.105E-014
PC2H4+ 0.212E-015
PC3H+ 0.123E-012
PC4H+ 0.122E-011
PCH2+ 0.587E-007
PCH3+ 0.389E-013
PCH4+ 0.975E-014
PH3+ 0.442E-015
PNH2+ 0.740E-012
PNH3+ 0.103E-014
SIC2H3+ 0.295E-005
SIC3H2+ 0.581E-006
SIC4H+ 0.658E-005
SICH4+ 0.115E-008
SIF+ 0.238E-005
SIH5+ 0.590E-014
SINCH+ 0.649E-008
SINH2+ 0.752E-006
SIOH+ 0.343E-002
