C- 0.783E-010
E 0.468E-001
C2- 0.118E-009
C3- 0.881E-008
C4- 0.708E-005
C5- 0.343E-006
C6- 0.239E-005
C7- 0.119E-006
C8- 0.349E-007
C10- 0.783E-010
C2H- 0.932E-007
C3H- 0.318E-009
C3N- 0.572E-005
C4H- 0.122E-007
C5H- 0.510E-005
C6H- 0.231E-004
C7H- 0.340E-005
C8H- 0.378E-006
C9- 0.731E-008
C9H- 0.430E-007
CH- 0.277E-009
O- 0.141E-012
OH- 0.156E-008
S- 0.623E-010
CN- 0.401E-007
H- 0.586E-008
C10H- 0.368E-010
C5N- 0.614E-007
O2- 0.156E-022
C 0.220E+000
C2 0.211E-001
CH2 0.131E-001
C2H2 0.706E+001
CH 0.198E-002
C2H 0.153E+000
CO2 0.749E-004
CO 0.135E+003
H2O 0.421E+000
H2CO 0.392E-005
N 0.475E-001
CN 0.211E+000
NH 0.122E-003
HCN 0.662E+001
O2 0.267E-005
O 0.250E+000
OH 0.124E-001
HCO 0.325E-005
C4 0.325E-003
C3 0.503E-002
C5 0.487E-005
C6 0.602E-005
C7 0.152E-006
C8 0.104E-006
C9 0.638E-008
C10 0.272E-009
C3H 0.530E-002
C4H 0.926E-002
C4N 0.780E-006
C5H 0.392E-004
C6H 0.151E-003
C7H 0.834E-005
C8H 0.235E-005
C9H 0.737E-007
C10H 0.399E-009
CS 0.177E+001
CH3 0.408E-002
CH3CN 0.832E-004
CH3OH 0.225E-009
OCS 0.874E-003
CH4 0.566E+000
H 0.181E+001
H2 0.169E+006
NH2 0.414E-003
NH3 0.958E-002
C10H2 0.237E-008
H2CCC 0.427E-003
HC3N 0.722E-001
HC4H 0.957E-002
C5H2 0.261E-003
HC5N 0.558E-004
C6H2 0.441E-002
C7H2 0.483E-005
C8H2 0.568E-005
C9H2 0.112E-006
HS 0.235E-003
C2N 0.116E-004
C3N 0.445E-002
C5N 0.423E-006
C7N 0.286E-007
HC7N 0.281E-004
C9N 0.328E-010
HC9N 0.230E-007
NO 0.311E-005
NS 0.153E-006
NO2 0.789E-012
SO2 0.239E-009
C2O 0.370E-006
SO 0.257E-005
HNC 0.873E-002
C2H4 0.101E-001
C2H5 0.737E-011
C2H5OH 0.245E-012
C2S 0.391E-004
C3O 0.440E-006
C3S 0.314E-003
C4H3 0.141E-004
C4S 0.141E-005
C6H6 0.555E-003
CCP 0.243E-008
CCL 0.570E-008
CH2CCH2 0.251E-006
CH2CCH 0.773E-002
CH2CN 0.155E-007
CH2CO 0.770E-007
CH3CCH 0.511E-004
CH3CHCH2 0.215E-006
CH3CHO 0.779E-007
CH3COCH3 0.653E-015
CH3OCH3 0.259E-018
CP 0.102E-003
CLO 0.231E-027
FE 0.000E+000
H2S 0.606E-003
H2SIO 0.681E-017
HCOOCH3 0.799E-018
HCP 0.413E-002
HPO 0.100E-013
MG 0.000E+000
NCCN 0.340E-004
NA 0.000E+000
P 0.184E-005
PH 0.141E-008
PO 0.620E-010
SI 0.457E-001
SIC2 0.315E+001
SIC2H 0.236E-001
SIC3 0.245E-004
SIC 0.190E-002
SICH2 0.184E-005
SICH3 0.538E-009
SIH2 0.256E-009
SIH3 0.633E-014
SIN 0.108E-005
SIS 0.101E+001
S 0.270E-001
N2 0.675E+001
C2H3 0.542E-004
CH3CH3 0.204E-007
PN 0.109E-011
CL 0.265E-002
C3H2 0.634E-003
C4P 0.374E-012
CH3C4H 0.718E-004
CH3C6H 0.115E-005
H2CS 0.293E-005
H2S2 0.106E-009
HC2P 0.298E-011
HCSI 0.842E-005
HCL 0.524E-001
HNSI 0.582E-006
HS2 0.681E-009
N2O 0.167E-011
PH2 0.297E-016
S2 0.386E-007
SIC2H2 0.321E-004
SIC3H 0.400E-006
SIC4 0.238E-004
SIH4 0.849E-014
SIH 0.263E-005
SINC 0.481E-008
SIO 0.799E+000
F 0.144E-006
HE 0.288E+005
HCNO 0.114E-009
HNCO 0.419E-009
HONC 0.531E-016
HNO 0.173E-006
HCOOH 0.805E-009
C11 0.107E-012
C2H5CN 0.335E-011
C3P 0.368E-012
CH2CHCCH 0.172E-006
CH2CHCHCH2 0.237E-012
CH2CHCN 0.545E-004
CH2NH 0.258E-006
CH2PH 0.839E-014
CH3C3N 0.405E-006
CH3C5N 0.292E-011
CH3C7N 0.159E-011
CNO 0.403E-021
H2CN 0.107E-005
H2O2 0.263E-026
HCS 0.367E-005
HF 0.288E-002
HNC3 0.373E-004
HOCN 0.410E-009
NH2CN 0.698E-005
O2H 0.329E-014
OCN 0.142E-004
SIO2 0.528E-005
HCO+ 0.439E-004
H+ 0.472E-006
HOC+ 0.116E-007
C+ 0.234E-003
C10H+ 0.164E-009
C2H4+ 0.850E-004
C2H5+ 0.206E-005
C2H5OH+ 0.119E-014
C2O+ 0.378E-012
C2S+ 0.584E-009
C3O+ 0.302E-015
C3S+ 0.118E-006
C4H3+ 0.154E-002
C4S+ 0.658E-007
C6H6+ 0.155E-008
CCP+ 0.242E-008
CCL+ 0.791E-007
CH2+ 0.547E-007
C3H4+ 0.214E-005
CH2CCH+ 0.394E-005
CH2CN+ 0.194E-006
CH2CO+ 0.146E-006
C3H6+ 0.237E-008
CH3CHO+ 0.385E-009
CH3COCH3+ 0.124E-017
CH3OCH3+ 0.126E-020
CH+ 0.792E-008
CP+ 0.141E-012
CLO+ 0.387E-033
FE+ 0.000E+000
H2CO+ 0.167E-007
H2S+ 0.560E-005
H2SIO+ 0.218E-012
C4H2+ 0.803E-004
COOCH4+ 0.274E-023
HCP+ 0.311E-011
HPO+ 0.127E-009
MG+ 0.000E+000
C2N+ 0.892E-007
CNC+ 0.232E-004
NH3+ 0.165E-004
NO+ 0.723E-008
NS+ 0.849E-008
NA+ 0.000E+000
OCS+ 0.640E-005
P+ 0.258E-007
PH+ 0.213E-011
PO+ 0.234E-010
SO+ 0.510E-007
SI+ 0.276E-002
SIC2+ 0.863E-008
SIC2H+ 0.332E-003
SIC3+ 0.760E-006
SIC+ 0.256E-008
SICH2+ 0.384E-005
SICH3+ 0.144E-008
SIH2+ 0.475E-007
SIH3+ 0.294E-009
SIN+ 0.236E-007
SIS+ 0.316E-004
C2+ 0.463E-007
S+ 0.255E-003
CN+ 0.410E-010
CO+ 0.343E-010
N2+ 0.768E-011
O2+ 0.955E-009
C2H+ 0.546E-007
C2H2+ 0.222E-002
C2H3+ 0.219E-001
C5H2+ 0.366E-005
C6H2+ 0.594E-005
C7H2+ 0.273E-007
C3H3+ 0.131E-004
CO2+ 0.340E-016
HC3N+ 0.383E-006
HCN+ 0.289E-009
C2N2+ 0.223E-011
C3+ 0.996E-009
C5+ 0.109E-009
CH3CH3+ 0.839E-011
PN+ 0.523E-019
H2O+ 0.105E-006
NH2+ 0.181E-008
O+ 0.186E-011
OH+ 0.126E-009
CH3+ 0.714E-004
CH4+ 0.555E-006
CH3OH+ 0.379E-012
N+ 0.445E-010
SO2+ 0.993E-019
CS+ 0.604E-006
CL+ 0.737E-009
C10+ 0.579E-012
C10H2+ 0.259E-009
C3H2+ 0.218E-004
C3H+ 0.424E-005
C4+ 0.129E-009
C4H+ 0.216E-008
C4P+ 0.101E-019
C5H+ 0.813E-006
C6+ 0.203E-009
C6H+ 0.711E-007
C7+ 0.665E-010
C7H+ 0.203E-007
C8+ 0.350E-010
C8H2+ 0.654E-007
C8H+ 0.598E-011
C9+ 0.155E-011
C9H2+ 0.343E-008
C9H+ 0.488E-009
CH3C4H+ 0.137E-005
C7H4+ 0.276E-006
CH3CN+ 0.121E-009
H2CS+ 0.769E-008
H2S2+ 0.634E-009
HC2P+ 0.523E-008
HC5N+ 0.408E-012
HC7N+ 0.590E-008
HC9N+ 0.485E-011
HCSI+ 0.274E-008
HCL+ 0.112E-007
HNSI+ 0.141E-014
HS2+ 0.890E-009
HS+ 0.941E-007
N2O+ 0.281E-014
NH+ 0.205E-010
PH2+ 0.522E-012
S2+ 0.990E-008
SIC2H2+ 0.352E-005
SIC3H+ 0.117E-006
SIC4+ 0.116E-005
SIH4+ 0.378E-024
SIH+ 0.464E-006
SINC+ 0.202E-004
SIO+ 0.353E-005
H2+ 0.570E-008
F+ 0.133E-012
HE+ 0.602E-006
C3N+ 0.465E-011
HCNO+ 0.134E-020
HNCO+ 0.396E-014
HONC+ 0.153E-026
HNO+ 0.132E-009
HCOOH+ 0.284E-011
NO2+ 0.771E-017
CH2CHCNH+ 0.890E-007
HCS+ 0.341E-003
C10H3+ 0.621E-010
C11+ 0.134E-012
C2H5CNH+ 0.322E-011
C2H5OH2+ 0.252E-012
C2H7+ 0.103E-014
C2NH+ 0.313E-005
C3H2O+ 0.690E-008
C3H5+ 0.536E-004
C3H7+ 0.137E-004
C4H4+ 0.122E-007
C4H5+ 0.331E-005
C4H7+ 0.265E-008
C4N+ 0.697E-008
C5H3+ 0.473E-005
C5H5+ 0.161E-004
C5N+ 0.304E-013
C6H3+ 0.240E-005
C6H4+ 0.415E-005
C6H5+ 0.212E-006
C6H7+ 0.653E-004
C7H3+ 0.283E-006
C7H5+ 0.606E-006
C7N+ 0.232E-013
C8H3+ 0.462E-006
C8H4+ 0.189E-006
C8H5+ 0.218E-009
C9H3+ 0.110E-007
C9H4+ 0.573E-008
C9H5+ 0.758E-012
C9N+ 0.440E-016
CF+ 0.617E-007
CH2CHCN+ 0.395E-007
CH2NH2+ 0.262E-010
CH3C3N+ 0.106E-011
CH3C3NH+ 0.640E-008
CH3C5NH+ 0.253E-011
CH3C7NH+ 0.129E-011
CH3CHOH+ 0.314E-007
CH3CNH+ 0.426E-004
CH3CO+ 0.189E-007
CH3COCH4+ 0.196E-014
CH3CS+ 0.188E-007
CH3OCH4+ 0.906E-018
CH3OH2+ 0.503E-009
CH4N+ 0.166E-007
CH5+ 0.225E-004
H2C4N+ 0.106E-011
H2C7N+ 0.262E-007
H2C9N+ 0.223E-010
H2CCL+ 0.574E-008
H2CNO+ 0.834E-010
H2CL+ 0.116E-004
H2F+ 0.994E-008
H2NC+ 0.297E-007
H2NCO+ 0.608E-011
H2NO+ 0.114E-012
H2OCN+ 0.903E-010
H2PO+ 0.186E-013
H3+ 0.459E-005
H3C3O+ 0.313E-006
H3C5N+ 0.499E-008
H3C7N+ 0.228E-009
H3C9N+ 0.194E-011
H3CO+ 0.296E-008
H3CS+ 0.104E-005
H3O+ 0.140E-003
H3S+ 0.320E-006
H3S2+ 0.156E-009
H3SIO+ 0.243E-017
H5C2O2+ 0.201E-017
HC2O+ 0.204E-005
HC2S+ 0.622E-004
HC3NH+ 0.123E-003
HC3O+ 0.169E-008
HC3S+ 0.317E-007
HC4N+ 0.957E-012
HC4S+ 0.268E-005
HC5NH+ 0.945E-009
HCNH+ 0.125E-001
HCNOH+ 0.233E-015
HCO2+ 0.276E-008
HCOOH2+ 0.305E-009
HF+ 0.389E-013
HN2O+ 0.357E-017
HNCOH+ 0.180E-009
HNS+ 0.767E-012
HOCN+ 0.393E-014
HOCS+ 0.236E-008
HPN+ 0.793E-017
HSO+ 0.193E-010
HSO2+ 0.119E-015
HSIO2+ 0.318E-010
HSIS+ 0.118E-004
HEH+ 0.840E-010
N2H+ 0.364E-006
NCCNCH3+ 0.160E-012
NCCNH+ 0.827E-008
NH2CNH+ 0.249E-010
NH4+ 0.266E-004
O2H+ 0.658E-016
OCN+ 0.292E-014
PC2H2+ 0.891E-011
PC2H3+ 0.142E-014
PC2H4+ 0.319E-015
PC3H+ 0.289E-012
PC4H+ 0.213E-011
PCH2+ 0.515E-007
PCH3+ 0.522E-013
PCH4+ 0.144E-013
PH3+ 0.668E-015
PNH2+ 0.121E-011
PNH3+ 0.144E-014
SIC2H3+ 0.279E-005
SIC3H2+ 0.977E-006
SIC4H+ 0.554E-005
SICH4+ 0.155E-008
SIF+ 0.315E-005
SIH5+ 0.567E-014
SINCH+ 0.868E-008
SINH2+ 0.967E-006
SIOH+ 0.336E-002
