C- 0.670E-010
E 0.425E-001
C2- 0.147E-009
C3- 0.131E-007
C4- 0.105E-004
C5- 0.515E-006
C6- 0.354E-005
C7- 0.192E-006
C8- 0.589E-007
C10- 0.159E-009
C2H- 0.667E-007
C3H- 0.382E-009
C3N- 0.718E-005
C4H- 0.154E-007
C5H- 0.601E-005
C6H- 0.324E-004
C7H- 0.471E-005
C8H- 0.535E-006
C9- 0.115E-007
C9H- 0.552E-007
CH- 0.229E-009
O- 0.124E-012
OH- 0.130E-008
S- 0.742E-010
CN- 0.297E-007
H- 0.550E-008
C10H- 0.694E-010
C5N- 0.122E-006
O2- 0.193E-022
C 0.179E+000
C2 0.219E-001
CH2 0.132E-001
C2H2 0.610E+001
CH 0.212E-002
C2H 0.141E+000
CO2 0.803E-004
CO 0.118E+003
H2O 0.365E+000
H2CO 0.503E-005
N 0.498E-001
CN 0.219E+000
NH 0.130E-003
HCN 0.571E+001
O2 0.354E-005
O 0.210E+000
OH 0.133E-001
HCO 0.427E-005
C4 0.410E-003
C3 0.516E-002
C5 0.634E-005
C6 0.774E-005
C7 0.201E-006
C8 0.151E-006
C9 0.891E-008
C10 0.467E-009
C3H 0.549E-002
C4H 0.102E-001
C4N 0.111E-005
C5H 0.450E-004
C6H 0.187E-003
C7H 0.962E-005
C8H 0.301E-005
C9H 0.877E-007
C10H 0.623E-009
CS 0.154E+001
CH3 0.428E-002
CH3CN 0.111E-003
CH3OH 0.229E-009
OCS 0.949E-003
CH4 0.488E+000
H 0.193E+001
H2 0.147E+006
NH2 0.432E-003
NH3 0.824E-002
C10H2 0.446E-008
H2CCC 0.571E-003
HC3N 0.809E-001
HC4H 0.110E-001
C5H2 0.264E-003
HC5N 0.851E-004
C6H2 0.477E-002
C7H2 0.619E-005
C8H2 0.790E-005
C9H2 0.138E-006
HS 0.260E-003
C2N 0.166E-004
C3N 0.490E-002
C5N 0.716E-006
C7N 0.498E-007
HC7N 0.400E-004
C9N 0.621E-010
HC9N 0.425E-007
NO 0.451E-005
NS 0.216E-006
NO2 0.123E-011
SO2 0.422E-009
C2O 0.514E-006
SO 0.358E-005
HNC 0.990E-002
C2H4 0.856E-002
C2H5 0.823E-011
C2H5OH 0.273E-012
C2S 0.572E-004
C3O 0.525E-006
C3S 0.370E-003
C4H3 0.154E-004
C4S 0.180E-005
C6H6 0.546E-003
CCP 0.405E-008
CCL 0.843E-008
CH2CCH2 0.291E-006
CH2CCH 0.839E-002
CH2CN 0.228E-007
CH2CO 0.104E-006
CH3CCH 0.595E-004
CH3CHCH2 0.166E-006
CH3CHO 0.851E-007
CH3COCH3 0.121E-014
CH3OCH3 0.402E-018
CP 0.106E-003
CLO 0.201E-027
FE 0.000E+000
H2S 0.514E-003
H2SIO 0.931E-017
HCOOCH3 0.151E-017
HCP 0.358E-002
HPO 0.158E-013
MG 0.000E+000
NCCN 0.510E-004
NA 0.000E+000
P 0.229E-005
PH 0.136E-008
PO 0.104E-009
SI 0.462E-001
SIC2 0.274E+001
SIC2H 0.254E-001
SIC3 0.238E-004
SIC 0.198E-002
SICH2 0.248E-005
SICH3 0.806E-009
SIH2 0.315E-009
SIH3 0.725E-014
SIN 0.152E-005
SIS 0.878E+000
S 0.283E-001
N2 0.588E+001
C2H3 0.619E-004
CH3CH3 0.158E-007
PN 0.159E-011
CL 0.282E-002
C3H2 0.826E-003
C4P 0.703E-012
CH3C4H 0.721E-004
CH3C6H 0.143E-005
H2CS 0.407E-005
H2S2 0.146E-009
HC2P 0.488E-011
HCSI 0.109E-004
HCL 0.451E-001
HNSI 0.840E-006
HS2 0.844E-009
N2O 0.318E-011
PH2 0.546E-015
S2 0.527E-007
SIC2H2 0.336E-004
SIC3H 0.741E-006
SIC4 0.224E-004
SIH4 0.919E-014
SIH 0.470E-005
SINC 0.719E-008
SIO 0.687E+000
F 0.158E-006
HE 0.251E+005
HCNO 0.201E-009
HNCO 0.441E-009
HONC 0.116E-015
HNO 0.223E-006
HCOOH 0.771E-009
C11 0.190E-012
C2H5CN 0.688E-011
C3P 0.711E-012
CH2CHCCH 0.206E-006
CH2CHCHCH2 0.199E-012
CH2CHCN 0.623E-004
CH2NH 0.343E-006
CH2PH 0.129E-013
CH3C3N 0.624E-006
CH3C5N 0.718E-011
CH3C7N 0.365E-011
CNO 0.956E-021
H2CN 0.151E-005
H2O2 0.227E-026
HCS 0.490E-005
HF 0.250E-002
HNC3 0.482E-004
HOCN 0.423E-009
NH2CN 0.810E-005
O2H 0.655E-014
OCN 0.209E-004
SIO2 0.580E-005
HCO+ 0.396E-004
H+ 0.470E-006
HOC+ 0.108E-007
C+ 0.184E-003
C10H+ 0.204E-009
C2H4+ 0.755E-004
C2H5+ 0.193E-005
C2H5OH+ 0.140E-014
C2O+ 0.539E-012
C2S+ 0.703E-009
C3O+ 0.331E-015
C3S+ 0.161E-006
C4H3+ 0.136E-002
C4S+ 0.109E-006
C6H6+ 0.180E-008
CCP+ 0.211E-008
CCL+ 0.701E-007
CH2+ 0.637E-007
C3H4+ 0.208E-005
CH2CCH+ 0.305E-005
CH2CN+ 0.291E-006
CH2CO+ 0.161E-006
C3H6+ 0.209E-008
CH3CHO+ 0.413E-009
CH3COCH3+ 0.244E-017
CH3OCH3+ 0.207E-020
CH+ 0.971E-008
CP+ 0.133E-012
CLO+ 0.353E-033
FE+ 0.000E+000
H2CO+ 0.219E-007
H2S+ 0.500E-005
H2SIO+ 0.243E-012
C4H2+ 0.770E-004
COOCH4+ 0.522E-023
HCP+ 0.249E-011
HPO+ 0.199E-009
MG+ 0.000E+000
C2N+ 0.999E-007
CNC+ 0.201E-004
NH3+ 0.145E-004
NO+ 0.107E-007
NS+ 0.106E-007
NA+ 0.000E+000
OCS+ 0.716E-005
P+ 0.359E-007
PH+ 0.318E-011
PO+ 0.394E-010
SO+ 0.822E-007
SI+ 0.338E-002
SIC2+ 0.775E-008
SIC2H+ 0.381E-003
SIC3+ 0.113E-005
SIC+ 0.207E-008
SICH2+ 0.424E-005
SICH3+ 0.157E-008
SIH2+ 0.578E-007
SIH3+ 0.308E-009
SIN+ 0.353E-007
SIS+ 0.388E-004
C2+ 0.552E-007
S+ 0.295E-003
CN+ 0.411E-010
CO+ 0.342E-010
N2+ 0.766E-011
O2+ 0.134E-008
C2H+ 0.640E-007
C2H2+ 0.220E-002
C2H3+ 0.185E-001
C5H2+ 0.402E-005
C6H2+ 0.637E-005
C7H2+ 0.323E-007
C3H3+ 0.113E-004
CO2+ 0.417E-016
HC3N+ 0.460E-006
HCN+ 0.290E-009
C2N2+ 0.384E-011
C3+ 0.850E-009
C5+ 0.101E-009
CH3CH3+ 0.605E-011
PN+ 0.756E-019
H2O+ 0.105E-006
NH2+ 0.216E-008
O+ 0.187E-011
OH+ 0.152E-009
CH3+ 0.755E-004
CH4+ 0.544E-006
CH3OH+ 0.375E-012
N+ 0.453E-010
SO2+ 0.204E-018
CS+ 0.602E-006
CL+ 0.898E-009
C10+ 0.712E-012
C10H2+ 0.336E-009
C3H2+ 0.169E-004
C3H+ 0.322E-005
C4+ 0.104E-009
C4H+ 0.297E-008
C4P+ 0.205E-019
C5H+ 0.690E-006
C6+ 0.262E-009
C6H+ 0.819E-007
C7+ 0.666E-010
C7H+ 0.215E-007
C8+ 0.495E-010
C8H2+ 0.757E-007
C8H+ 0.859E-011
C9+ 0.182E-011
C9H2+ 0.423E-008
C9H+ 0.533E-009
CH3C4H+ 0.147E-005
C7H4+ 0.297E-006
CH3CN+ 0.178E-009
H2CS+ 0.119E-007
H2S2+ 0.646E-009
HC2P+ 0.811E-008
HC5N+ 0.541E-012
HC7N+ 0.956E-008
HC9N+ 0.102E-010
HCSI+ 0.232E-008
HCL+ 0.112E-007
HNSI+ 0.207E-014
HS2+ 0.113E-008
HS+ 0.110E-006
N2O+ 0.563E-014
NH+ 0.207E-010
PH2+ 0.836E-012
S2+ 0.148E-007
SIC2H2+ 0.407E-005
SIC3H+ 0.226E-006
SIC4+ 0.188E-005
SIH4+ 0.492E-024
SIH+ 0.519E-006
SINC+ 0.224E-004
SIO+ 0.349E-005
H2+ 0.570E-008
F+ 0.135E-012
HE+ 0.601E-006
C3N+ 0.559E-011
HCNO+ 0.275E-020
HNCO+ 0.574E-014
HONC+ 0.391E-026
HNO+ 0.115E-009
HCOOH+ 0.286E-011
NO2+ 0.125E-016
CH2CHCNH+ 0.965E-007
HCS+ 0.292E-003
C10H3+ 0.835E-010
C11+ 0.145E-012
C2H5CNH+ 0.522E-011
C2H5OH2+ 0.227E-012
C2H7+ 0.650E-015
C2NH+ 0.377E-005
C3H2O+ 0.661E-008
C3H5+ 0.525E-004
C3H7+ 0.122E-004
C4H4+ 0.133E-007
C4H5+ 0.296E-005
C4H7+ 0.236E-008
C4N+ 0.706E-008
C5H3+ 0.463E-005
C5H5+ 0.137E-004
C5N+ 0.310E-013
C6H3+ 0.252E-005
C6H4+ 0.394E-005
C6H5+ 0.185E-006
C6H7+ 0.520E-004
C7H3+ 0.296E-006
C7H5+ 0.634E-006
C7N+ 0.459E-013
C8H3+ 0.492E-006
C8H4+ 0.199E-006
C8H5+ 0.269E-009
C9H3+ 0.119E-007
C9H4+ 0.584E-008
C9H5+ 0.948E-012
C9N+ 0.801E-016
CF+ 0.587E-007
CH2CHCN+ 0.469E-007
CH2NH2+ 0.217E-010
CH3C3N+ 0.118E-011
CH3C3NH+ 0.872E-008
CH3C5NH+ 0.483E-011
CH3C7NH+ 0.229E-011
CH3CHOH+ 0.281E-007
CH3CNH+ 0.463E-004
CH3CO+ 0.220E-007
CH3COCH4+ 0.294E-014
CH3CS+ 0.232E-007
CH3OCH4+ 0.113E-017
CH3OH2+ 0.541E-009
CH4N+ 0.193E-007
CH5+ 0.196E-004
H2C4N+ 0.118E-011
H2C7N+ 0.359E-007
H2C9N+ 0.390E-010
H2CCL+ 0.705E-008
H2CNO+ 0.959E-010
H2CL+ 0.101E-004
H2F+ 0.851E-008
H2NC+ 0.284E-007
H2NCO+ 0.703E-011
H2NO+ 0.161E-012
H2OCN+ 0.104E-009
H2PO+ 0.266E-013
H3+ 0.456E-005
H3C3O+ 0.314E-006
H3C5N+ 0.563E-008
H3C7N+ 0.298E-009
H3C9N+ 0.281E-011
H3CO+ 0.387E-008
H3CS+ 0.127E-005
H3O+ 0.123E-003
H3S+ 0.283E-006
H3S2+ 0.189E-009
H3SIO+ 0.253E-017
H5C2O2+ 0.333E-017
HC2O+ 0.181E-005
HC2S+ 0.773E-004
HC3NH+ 0.131E-003
HC3O+ 0.177E-008
HC3S+ 0.444E-007
HC4N+ 0.107E-011
HC4S+ 0.287E-005
HC5NH+ 0.129E-008
HCNH+ 0.115E-001
HCNOH+ 0.448E-015
HCO2+ 0.325E-008
HCOOH2+ 0.265E-009
HF+ 0.394E-013
HN2O+ 0.719E-017
HNCOH+ 0.207E-009
HNS+ 0.109E-011
HOCN+ 0.572E-014
HOCS+ 0.261E-008
HPN+ 0.120E-016
HSO+ 0.247E-010
HSO2+ 0.222E-015
HSIO2+ 0.354E-010
HSIS+ 0.107E-004
HEH+ 0.840E-010
N2H+ 0.357E-006
NCCNCH3+ 0.310E-012
NCCNH+ 0.128E-007
NH2CNH+ 0.299E-010
NH4+ 0.225E-004
O2H+ 0.982E-016
OCN+ 0.295E-014
PC2H2+ 0.133E-010
PC2H3+ 0.190E-014
PC2H4+ 0.473E-015
PC3H+ 0.554E-012
PC4H+ 0.335E-011
PCH2+ 0.450E-007
PCH3+ 0.696E-013
PCH4+ 0.210E-013
PH3+ 0.988E-015
PNH2+ 0.185E-011
PNH3+ 0.201E-014
SIC2H3+ 0.279E-005
SIC3H2+ 0.156E-005
SIC4H+ 0.501E-005
SICH4+ 0.170E-008
SIF+ 0.403E-005
SIH5+ 0.537E-014
SINCH+ 0.112E-007
SINH2+ 0.121E-005
SIOH+ 0.305E-002
