C- 0.762E-010
E 0.415E-001
C2- 0.189E-009
C3- 0.206E-007
C4- 0.154E-004
C5- 0.770E-006
C6- 0.513E-005
C7- 0.312E-006
C8- 0.984E-007
C10- 0.322E-009
C2H- 0.459E-007
C3H- 0.457E-009
C3N- 0.884E-005
C4H- 0.204E-007
C5H- 0.734E-005
C6H- 0.453E-004
C7H- 0.647E-005
C8H- 0.743E-006
C9- 0.183E-007
C9H- 0.708E-007
CH- 0.181E-009
O- 0.137E-012
OH- 0.105E-008
S- 0.916E-010
CN- 0.228E-007
H- 0.473E-008
C10H- 0.130E-009
C5N- 0.240E-006
O2- 0.134E-022
C 0.175E+000
C2 0.241E-001
CH2 0.140E-001
C2H2 0.524E+001
CH 0.257E-002
C2H 0.149E+000
CO2 0.856E-004
CO 0.103E+003
H2O 0.315E+000
H2CO 0.659E-005
N 0.552E-001
CN 0.242E+000
NH 0.142E-003
HCN 0.490E+001
O2 0.482E-005
O 0.206E+000
OH 0.145E-001
HCO 0.551E-005
C4 0.534E-003
C3 0.551E-002
C5 0.864E-005
C6 0.102E-004
C7 0.291E-006
C8 0.225E-006
C9 0.129E-007
C10 0.841E-009
C3H 0.594E-002
C4H 0.113E-001
C4N 0.156E-005
C5H 0.548E-004
C6H 0.238E-003
C7H 0.119E-004
C8H 0.383E-005
C9H 0.108E-006
C10H 0.105E-008
CS 0.133E+001
CH3 0.463E-002
CH3CN 0.148E-003
CH3OH 0.237E-009
OCS 0.101E-002
CH4 0.420E+000
H 0.210E+001
H2 0.128E+006
NH2 0.460E-003
NH3 0.706E-002
C10H2 0.849E-008
H2CCC 0.751E-003
HC3N 0.887E-001
HC4H 0.124E-001
C5H2 0.266E-003
HC5N 0.127E-003
C6H2 0.510E-002
C7H2 0.787E-005
C8H2 0.110E-004
C9H2 0.171E-006
HS 0.288E-003
C2N 0.240E-004
C3N 0.546E-002
C5N 0.126E-005
C7N 0.888E-007
HC7N 0.560E-004
C9N 0.125E-009
HC9N 0.772E-007
NO 0.648E-005
NS 0.302E-006
NO2 0.198E-011
SO2 0.714E-009
C2O 0.710E-006
SO 0.483E-005
HNC 0.110E-001
C2H4 0.716E-002
C2H5 0.968E-011
C2H5OH 0.300E-012
C2S 0.830E-004
C3O 0.612E-006
C3S 0.440E-003
C4H3 0.169E-004
C4S 0.225E-005
C6H6 0.531E-003
CCP 0.698E-008
CCL 0.124E-007
CH2CCH2 0.812E-007
CH2CCH 0.884E-002
CH2CN 0.333E-007
CH2CO 0.142E-006
CH3CCH 0.679E-004
CH3CHCH2 0.195E-006
CH3CHO 0.917E-007
CH3COCH3 0.219E-014
CH3OCH3 0.635E-018
CP 0.113E-003
CLO 0.174E-027
FE 0.000E+000
H2S 0.431E-003
H2SIO 0.128E-016
HCOOCH3 0.282E-017
HCP 0.310E-002
HPO 0.252E-013
MG 0.000E+000
NCCN 0.747E-004
NA 0.000E+000
P 0.299E-005
PH 0.134E-008
PO 0.181E-009
SI 0.486E-001
SIC2 0.238E+001
SIC2H 0.271E-001
SIC3 0.241E-004
SIC 0.209E-002
SICH2 0.330E-005
SICH3 0.120E-008
SIH2 0.380E-009
SIH3 0.815E-014
SIN 0.213E-005
SIS 0.764E+000
S 0.305E-001
N2 0.511E+001
C2H3 0.710E-004
CH3CH3 0.186E-007
PN 0.243E-011
CL 0.308E-002
C3H2 0.108E-002
C4P 0.132E-011
CH3C4H 0.718E-004
CH3C6H 0.175E-005
H2CS 0.561E-005
H2S2 0.198E-009
HC2P 0.822E-011
HCSI 0.143E-004
HCL 0.387E-001
HNSI 0.120E-005
HS2 0.103E-008
N2O 0.583E-011
PH2 0.909E-015
S2 0.713E-007
SIC2H2 0.351E-004
SIC3H 0.135E-005
SIC4 0.212E-004
SIH4 0.973E-014
SIH 0.822E-005
SINC 0.106E-007
SIO 0.588E+000
F 0.178E-006
HE 0.218E+005
HCNO 0.349E-009
HNCO 0.490E-009
HONC 0.250E-015
HNO 0.295E-006
HCOOH 0.741E-009
C11 0.394E-012
C2H5CN 0.142E-010
C3P 0.138E-011
CH2CHCCH 0.250E-006
CH2CHCHCH2 0.312E-012
CH2CHCN 0.700E-004
CH2NH 0.451E-006
CH2PH 0.202E-013
CH3C3N 0.938E-006
CH3C5N 0.175E-010
CH3C7N 0.833E-011
CNO 0.224E-020
H2CN 0.210E-005
H2O2 0.196E-026
HCS 0.645E-005
HF 0.218E-002
HNC3 0.608E-004
HOCN 0.458E-009
NH2CN 0.929E-005
O2H 0.121E-013
OCN 0.300E-006
SIO2 0.630E-005
HCO+ 0.396E-004
H+ 0.616E-006
HOC+ 0.111E-007
C+ 0.203E-003
C10H+ 0.283E-009
C2H4+ 0.747E-004
C2H5+ 0.195E-005
C2H5OH+ 0.176E-014
C2O+ 0.100E-011
C2S+ 0.960E-009
C3O+ 0.498E-015
C3S+ 0.242E-006
C4H3+ 0.124E-002
C4S+ 0.181E-006
C6H6+ 0.242E-008
CCP+ 0.233E-008
CCL+ 0.783E-007
CH2+ 0.787E-007
C3H4+ 0.219E-005
CH2CCH+ 0.336E-005
CH2CN+ 0.466E-006
CH2CO+ 0.200E-006
C3H6+ 0.265E-008
CH3CHO+ 0.481E-009
CH3COCH3+ 0.508E-017
CH3OCH3+ 0.369E-020
CH+ 0.135E-007
CP+ 0.178E-012
CLO+ 0.395E-033
FE+ 0.000E+000
H2CO+ 0.328E-007
H2S+ 0.476E-005
H2SIO+ 0.277E-012
C4H2+ 0.838E-004
COOCH4+ 0.125E-022
HCP+ 0.277E-011
HPO+ 0.313E-009
MG+ 0.000E+000
C2N+ 0.136E-006
CNC+ 0.226E-004
NH3+ 0.144E-004
NO+ 0.173E-007
NS+ 0.132E-007
NA+ 0.000E+000
OCS+ 0.864E-005
P+ 0.570E-007
PH+ 0.480E-011
PO+ 0.678E-010
SO+ 0.138E-006
SI+ 0.445E-002
SIC2+ 0.973E-008
SIC2H+ 0.441E-003
SIC3+ 0.174E-005
SIC+ 0.234E-008
SICH2+ 0.565E-005
SICH3+ 0.193E-008
SIH2+ 0.691E-007
SIH3+ 0.312E-009
SIN+ 0.537E-007
SIS+ 0.487E-004
C2+ 0.697E-007
S+ 0.384E-003
CN+ 0.412E-010
CO+ 0.384E-010
N2+ 0.763E-011
O2+ 0.211E-008
C2H+ 0.804E-007
C2H2+ 0.217E-002
C2H3+ 0.178E-001
C5H2+ 0.473E-005
C6H2+ 0.736E-005
C7H2+ 0.425E-007
C3H3+ 0.113E-004
CO2+ 0.509E-016
HC3N+ 0.580E-006
HCN+ 0.731E-010
C2N2+ 0.646E-011
C3+ 0.115E-008
C5+ 0.128E-009
CH3CH3+ 0.787E-011
PN+ 0.116E-018
H2O+ 0.104E-006
NH2+ 0.262E-008
O+ 0.191E-011
OH+ 0.189E-009
CH3+ 0.921E-004
CH4+ 0.530E-006
CH3OH+ 0.417E-012
N+ 0.463E-010
SO2+ 0.514E-018
CS+ 0.600E-006
CL+ 0.113E-008
C10+ 0.114E-011
C10H2+ 0.488E-009
C3H2+ 0.198E-004
C3H+ 0.345E-005
C4+ 0.141E-009
C4H+ 0.489E-008
C4P+ 0.414E-019
C5H+ 0.730E-006
C6+ 0.379E-009
C6H+ 0.101E-006
C7+ 0.905E-010
C7H+ 0.290E-007
C8+ 0.816E-010
C8H2+ 0.975E-007
C8H+ 0.125E-010
C9+ 0.283E-011
C9H2+ 0.555E-008
C9H+ 0.703E-009
CH3C4H+ 0.169E-005
C7H4+ 0.308E-006
CH3CN+ 0.266E-009
H2CS+ 0.178E-007
H2S2+ 0.640E-009
HC2P+ 0.127E-007
HC5N+ 0.835E-012
HC7N+ 0.151E-007
HC9N+ 0.209E-010
HCSI+ 0.274E-008
HCL+ 0.112E-007
HNSI+ 0.317E-014
HS2+ 0.143E-008
HS+ 0.128E-006
N2O+ 0.124E-013
NH+ 0.210E-010
PH2+ 0.137E-011
S2+ 0.221E-007
SIC2H2+ 0.480E-005
SIC3H+ 0.430E-006
SIC4+ 0.299E-005
SIH4+ 0.645E-024
SIH+ 0.575E-006
SINC+ 0.245E-004
SIO+ 0.343E-005
H2+ 0.570E-008
F+ 0.137E-012
HE+ 0.599E-006
C3N+ 0.716E-011
HCNO+ 0.556E-020
HNCO+ 0.160E-014
HONC+ 0.976E-026
HNO+ 0.138E-009
HCOOH+ 0.307E-011
NO2+ 0.231E-016
CH2CHCNH+ 0.105E-006
HCS+ 0.276E-003
C10H3+ 0.124E-009
C11+ 0.235E-012
C2H5CNH+ 0.930E-011
C2H5OH2+ 0.209E-012
C2H7+ 0.824E-015
C2NH+ 0.472E-005
C3H2O+ 0.689E-008
C3H5+ 0.519E-004
C3H7+ 0.128E-004
C4H4+ 0.141E-007
C4H5+ 0.265E-005
C4H7+ 0.207E-008
C4N+ 0.994E-008
C5H3+ 0.474E-005
C5H5+ 0.114E-004
C5N+ 0.417E-013
C6H3+ 0.282E-005
C6H4+ 0.396E-005
C6H5+ 0.166E-006
C6H7+ 0.397E-004
C7H3+ 0.304E-006
C7H5+ 0.637E-006
C7N+ 0.938E-013
C8H3+ 0.532E-006
C8H4+ 0.225E-006
C8H5+ 0.318E-009
C9H3+ 0.131E-007
C9H4+ 0.586E-008
C9H5+ 0.119E-011
C9N+ 0.170E-015
CF+ 0.638E-007
CH2CHCN+ 0.595E-007
CH2NH2+ 0.185E-010
CH3C3N+ 0.160E-011
CH3C3NH+ 0.127E-007
CH3C5NH+ 0.101E-010
CH3C7NH+ 0.447E-011
CH3CHOH+ 0.255E-007
CH3CNH+ 0.535E-004
CH3CO+ 0.268E-007
CH3COCH4+ 0.454E-014
CH3CS+ 0.284E-007
CH3OCH4+ 0.158E-017
CH3OH2+ 0.620E-009
CH4N+ 0.232E-007
CH5+ 0.189E-004
H2C4N+ 0.161E-011
H2C7N+ 0.535E-007
H2C9N+ 0.742E-010
H2CCL+ 0.892E-008
H2CNO+ 0.117E-009
H2CL+ 0.130E-004
H2F+ 0.720E-008
H2NC+ 0.332E-007
H2NCO+ 0.186E-011
H2NO+ 0.222E-012
H2OCN+ 0.120E-009
H2PO+ 0.373E-013
H3+ 0.454E-005
H3C3O+ 0.320E-006
H3C5N+ 0.686E-008
H3C7N+ 0.400E-009
H3C9N+ 0.445E-011
H3CO+ 0.492E-008
H3CS+ 0.155E-005
H3O+ 0.121E-003
H3S+ 0.253E-006
H3S2+ 0.222E-009
H3SIO+ 0.268E-017
H5C2O2+ 0.538E-017
HC2O+ 0.203E-005
HC2S+ 0.964E-004
HC3NH+ 0.139E-003
HC3O+ 0.223E-008
HC3S+ 0.662E-007
HC4N+ 0.145E-011
HC4S+ 0.299E-005
HC5NH+ 0.178E-008
HCNH+ 0.106E-001
HCNOH+ 0.827E-015
HCO2+ 0.401E-008
HCOOH2+ 0.230E-009
HF+ 0.400E-013
HN2O+ 0.145E-016
HNCOH+ 0.239E-009
HNS+ 0.158E-011
HOCN+ 0.157E-014
HOCS+ 0.282E-008
HPN+ 0.189E-016
HSO+ 0.331E-010
HSO2+ 0.396E-015
HSIO2+ 0.388E-010
HSIS+ 0.976E-005
HEH+ 0.840E-010
N2H+ 0.353E-006
NCCNCH3+ 0.625E-012
NCCNH+ 0.209E-007
NH2CNH+ 0.354E-010
NH4+ 0.191E-004
O2H+ 0.150E-015
OCN+ 0.300E-014
PC2H2+ 0.200E-010
PC2H3+ 0.246E-014
PC2H4+ 0.685E-015
PC3H+ 0.113E-011
PC4H+ 0.548E-011
PCH2+ 0.399E-007
PCH3+ 0.902E-013
PCH4+ 0.298E-013
PH3+ 0.143E-014
PNH2+ 0.286E-011
PNH3+ 0.272E-014
SIC2H3+ 0.287E-005
SIC3H2+ 0.243E-005
SIC4H+ 0.470E-005
SICH4+ 0.208E-008
SIF+ 0.509E-005
SIH5+ 0.491E-014
SINCH+ 0.143E-007
SINH2+ 0.148E-005
SIOH+ 0.287E-002
