C- 0.946E-010
E 0.420E-001
C2- 0.248E-009
C3- 0.319E-007
C4- 0.220E-004
C5- 0.113E-005
C6- 0.725E-005
C7- 0.501E-006
C8- 0.161E-006
C10- 0.642E-009
C2H- 0.306E-007
C3H- 0.546E-009
C3N- 0.107E-004
C4H- 0.278E-007
C5H- 0.923E-005
C6H- 0.625E-004
C7H- 0.871E-005
C8H- 0.101E-005
C9- 0.287E-007
C9H- 0.911E-007
CH- 0.136E-009
O- 0.165E-012
OH- 0.819E-009
S- 0.114E-009
CN- 0.197E-007
H- 0.391E-008
C10H- 0.240E-009
C5N- 0.457E-006
O2- 0.172E-022
C 0.182E+000
C2 0.272E-001
CH2 0.147E-001
C2H2 0.448E+001
CH 0.320E-002
C2H 0.166E+000
CO2 0.903E-004
CO 0.894E+002
H2O 0.272E+000
H2CO 0.857E-005
N 0.618E-001
CN 0.268E+000
NH 0.156E-003
HCN 0.418E+001
O2 0.647E-005
O 0.215E+000
OH 0.158E-001
HCO 0.697E-005
C4 0.693E-003
C3 0.592E-002
C5 0.118E-004
C6 0.132E-004
C7 0.427E-006
C8 0.333E-006
C9 0.186E-007
C10 0.151E-008
C3H 0.648E-002
C4H 0.123E-001
C4N 0.216E-005
C5H 0.686E-004
C6H 0.301E-003
C7H 0.150E-004
C8H 0.481E-005
C9H 0.136E-006
C10H 0.178E-008
CS 0.116E+001
CH3 0.503E-002
CH3CN 0.194E-003
CH3OH 0.250E-009
OCS 0.105E-002
CH4 0.359E+000
H 0.227E+001
H2 0.112E+006
NH2 0.490E-003
NH3 0.602E-002
C10H2 0.159E-007
H2CCC 0.961E-003
HC3N 0.950E-001
HC4H 0.139E-001
C5H2 0.267E-003
HC5N 0.185E-003
C6H2 0.540E-002
C7H2 0.991E-005
C8H2 0.151E-004
C9H2 0.214E-006
HS 0.318E-003
C2N 0.344E-004
C3N 0.595E-002
C5N 0.220E-005
C7N 0.156E-006
HC7N 0.766E-004
C9N 0.259E-009
HC9N 0.136E-006
NO 0.913E-005
NS 0.418E-006
NO2 0.313E-011
SO2 0.116E-008
C2O 0.960E-006
SO 0.636E-005
HNC 0.120E-001
C2H4 0.594E-002
C2H5 0.120E-010
C2H5OH 0.323E-012
C2S 0.118E-003
C3O 0.695E-006
C3S 0.520E-003
C4H3 0.184E-004
C4S 0.276E-005
C6H6 0.509E-003
CCP 0.120E-007
CCL 0.180E-007
CH2CCH2 0.466E-006
CH2CCH 0.932E-002
CH2CN 0.479E-007
CH2CO 0.193E-006
CH3CCH 0.758E-004
CH3CHCH2 0.269E-006
CH3CHO 0.969E-007
CH3COCH3 0.386E-014
CH3OCH3 0.101E-017
CP 0.119E-003
CLO 0.152E-027
FE 0.000E+000
H2S 0.358E-003
H2SIO 0.171E-016
HCOOCH3 0.509E-017
HCP 0.268E-002
HPO 0.397E-013
MG 0.000E+000
NCCN 0.106E-003
NA 0.000E+000
P 0.392E-005
PH 0.139E-008
PO 0.314E-009
SI 0.513E-001
SIC2 0.207E+001
SIC2H 0.286E-001
SIC3 0.256E-004
SIC 0.220E-002
SICH2 0.431E-005
SICH3 0.175E-008
SIH2 0.448E-009
SIH3 0.894E-014
SIN 0.292E-005
SIS 0.664E+000
S 0.328E-001
N2 0.445E+001
C2H3 0.814E-004
CH3CH3 0.256E-007
PN 0.381E-011
CL 0.336E-002
C3H2 0.138E-002
C4P 0.244E-011
CH3C4H 0.710E-004
CH3C6H 0.207E-005
H2CS 0.759E-005
H2S2 0.264E-009
HC2P 0.138E-010
HCSI 0.188E-004
HCL 0.330E-001
HNSI 0.168E-005
HS2 0.124E-008
N2O 0.104E-010
PH2 0.149E-014
S2 0.950E-007
SIC2H2 0.365E-004
SIC3H 0.239E-005
SIC4 0.203E-004
SIH4 0.100E-013
SIH 0.139E-004
SINC 0.154E-007
SIO 0.501E+000
F 0.206E-006
HE 0.190E+005
HCNO 0.588E-009
HNCO 0.580E-009
HONC 0.516E-015
HNO 0.385E-006
HCOOH 0.712E-009
C11 0.833E-012
C2H5CN 0.286E-010
C3P 0.265E-011
CH2CHCCH 0.301E-006
CH2CHCHCH2 0.617E-012
CH2CHCN 0.773E-004
CH2NH 0.576E-006
CH2PH 0.222E-014
CH3C3N 0.137E-005
CH3C5N 0.412E-010
CH3C7N 0.184E-010
CNO 0.507E-020
H2CN 0.288E-005
H2O2 0.169E-026
HCS 0.833E-005
HF 0.190E-002
HNC3 0.741E-004
HOCN 0.528E-009
NH2CN 0.105E-004
O2H 0.227E-013
OCN 0.418E-004
SIO2 0.675E-005
HCO+ 0.397E-004
H+ 0.618E-006
HOC+ 0.119E-007
C+ 0.253E-003
C10H+ 0.399E-009
C2H4+ 0.760E-004
C2H5+ 0.199E-005
C2H5OH+ 0.221E-014
C2O+ 0.199E-011
C2S+ 0.139E-008
C3O+ 0.820E-015
C3S+ 0.366E-006
C4H3+ 0.112E-002
C4S+ 0.292E-006
C6H6+ 0.341E-008
CCP+ 0.279E-008
CCL+ 0.949E-007
CH2+ 0.973E-007
C3H4+ 0.235E-005
CH2CCH+ 0.410E-005
CH2CN+ 0.741E-006
CH2CO+ 0.253E-006
C3H6+ 0.377E-008
CH3CHO+ 0.562E-009
CH3COCH3+ 0.104E-016
CH3OCH3+ 0.668E-020
CH+ 0.192E-007
CP+ 0.269E-012
CLO+ 0.481E-033
FE+ 0.000E+000
H2CO+ 0.500E-007
H2S+ 0.455E-005
H2SIO+ 0.306E-012
C4H2+ 0.946E-004
COOCH4+ 0.320E-022
HCP+ 0.347E-011
HPO+ 0.482E-009
MG+ 0.000E+000
C2N+ 0.195E-006
CNC+ 0.276E-004
NH3+ 0.148E-004
NO+ 0.282E-007
NS+ 0.160E-007
NA+ 0.000E+000
OCS+ 0.105E-004
P+ 0.933E-007
PH+ 0.715E-011
PO+ 0.115E-009
SO+ 0.230E-006
SI+ 0.590E-002
SIC2+ 0.138E-007
SIC2H+ 0.508E-003
SIC3+ 0.264E-005
SIC+ 0.300E-008
SICH2+ 0.782E-005
SICH3+ 0.240E-008
SIH2+ 0.808E-007
SIH3+ 0.306E-009
SIN+ 0.805E-007
SIS+ 0.606E-004
C2+ 0.904E-007
S+ 0.514E-003
CN+ 0.412E-010
CO+ 0.474E-010
N2+ 0.761E-011
O2+ 0.339E-008
C2H+ 0.104E-006
C2H2+ 0.213E-002
C2H3+ 0.178E-001
C5H2+ 0.558E-005
C6H2+ 0.859E-005
C7H2+ 0.568E-007
C3H3+ 0.117E-004
CO2+ 0.615E-016
HC3N+ 0.733E-006
HCN+ 0.810E-010
C2N2+ 0.105E-010
C3+ 0.183E-008
C5+ 0.182E-009
CH3CH3+ 0.128E-010
PN+ 0.184E-018
H2O+ 0.103E-006
NH2+ 0.318E-008
O+ 0.194E-011
OH+ 0.235E-009
CH3+ 0.116E-003
CH4+ 0.515E-006
CH3OH+ 0.483E-012
N+ 0.474E-010
SO2+ 0.981E-018
CS+ 0.597E-006
CL+ 0.141E-008
C10+ 0.198E-011
C10H2+ 0.727E-009
C3H2+ 0.255E-004
C3H+ 0.416E-005
C4+ 0.223E-009
C4H+ 0.820E-008
C4P+ 0.802E-019
C5H+ 0.818E-006
C6+ 0.560E-009
C6H+ 0.126E-006
C7+ 0.136E-009
C7H+ 0.413E-007
C8+ 0.138E-009
C8H2+ 0.128E-006
C8H+ 0.182E-010
C9+ 0.480E-011
C9H2+ 0.725E-008
C9H+ 0.975E-009
CH3C4H+ 0.194E-005
C7H4+ 0.307E-006
CH3CN+ 0.394E-009
H2CS+ 0.258E-007
H2S2+ 0.614E-009
HC2P+ 0.193E-007
HC5N+ 0.132E-011
HC7N+ 0.233E-007
HC9N+ 0.415E-010
HCSI+ 0.364E-008
HCL+ 0.112E-007
HNSI+ 0.478E-014
HS2+ 0.175E-008
HS+ 0.146E-006
N2O+ 0.273E-013
NH+ 0.215E-010
PH2+ 0.222E-011
S2+ 0.323E-007
SIC2H2+ 0.554E-005
SIC3H+ 0.788E-006
SIC4+ 0.463E-005
SIH4+ 0.805E-024
SIH+ 0.622E-006
SINC+ 0.263E-004
SIO+ 0.335E-005
H2+ 0.570E-008
F+ 0.139E-012
HE+ 0.598E-006
C3N+ 0.940E-011
HCNO+ 0.109E-019
HNCO+ 0.130E-013
HONC+ 0.236E-025
HNO+ 0.178E-009
HCOOH+ 0.333E-011
NO2+ 0.431E-016
CH2CHCNH+ 0.112E-006
HCS+ 0.267E-003
C10H3+ 0.188E-009
C11+ 0.429E-012
C2H5CNH+ 0.165E-010
C2H5OH2+ 0.187E-012
C2H7+ 0.135E-014
C2NH+ 0.582E-005
C3H2O+ 0.732E-008
C3H5+ 0.508E-004
C3H7+ 0.143E-004
C4H4+ 0.143E-007
C4H5+ 0.234E-005
C4H7+ 0.177E-008
C4N+ 0.155E-007
C5H3+ 0.495E-005
C5H5+ 0.945E-005
C5N+ 0.602E-013
C6H3+ 0.312E-005
C6H4+ 0.399E-005
C6H5+ 0.147E-006
C6H7+ 0.292E-004
C7H3+ 0.304E-006
C7H5+ 0.611E-006
C7N+ 0.189E-012
C8H3+ 0.564E-006
C8H4+ 0.253E-006
C8H5+ 0.360E-009
C9H3+ 0.144E-007
C9H4+ 0.583E-008
C9H5+ 0.150E-011
C9N+ 0.380E-015
CF+ 0.745E-007
CH2CHCN+ 0.768E-007
CH2NH2+ 0.162E-010
CH3C3N+ 0.231E-011
CH3C3NH+ 0.184E-007
CH3C5NH+ 0.206E-010
CH3C7NH+ 0.861E-011
CH3CHOH+ 0.225E-007
CH3CNH+ 0.616E-004
CH3CO+ 0.327E-007
CH3COCH4+ 0.684E-014
CH3CS+ 0.338E-007
CH3OCH4+ 0.227E-017
CH3OH2+ 0.709E-009
CH4N+ 0.277E-007
CH5+ 0.190E-004
H2C4N+ 0.231E-011
H2C7N+ 0.798E-007
H2C9N+ 0.142E-009
H2CCL+ 0.112E-007
H2CNO+ 0.149E-009
H2CL+ 0.135E-004
H2F+ 0.605E-008
H2NC+ 0.421E-007
H2NCO+ 0.155E-010
H2NO+ 0.298E-012
H2OCN+ 0.165E-009
H2PO+ 0.510E-013
H3+ 0.452E-005
H3C3O+ 0.321E-006
H3C5N+ 0.849E-008
H3C7N+ 0.527E-009
H3C9N+ 0.715E-011
H3CO+ 0.598E-008
H3CS+ 0.185E-005
H3O+ 0.122E-003
H3S+ 0.222E-006
H3S2+ 0.251E-009
H3SIO+ 0.277E-017
H5C2O2+ 0.833E-017
HC2O+ 0.238E-005
HC2S+ 0.118E-003
HC3NH+ 0.142E-003
HC3O+ 0.291E-008
HC3S+ 0.101E-006
HC4N+ 0.205E-011
HC4S+ 0.302E-005
HC5NH+ 0.238E-008
HCNH+ 0.962E-002
HCNOH+ 0.146E-014
HCO2+ 0.484E-008
HCOOH2+ 0.197E-009
HF+ 0.406E-013
HN2O+ 0.283E-016
HNCOH+ 0.329E-009
HNS+ 0.226E-011
HOCN+ 0.130E-013
HOCS+ 0.297E-008
HPN+ 0.307E-016
HSO+ 0.444E-010
HSO2+ 0.675E-015
HSIO2+ 0.416E-010
HSIS+ 0.879E-005
HEH+ 0.841E-010
N2H+ 0.348E-006
NCCNCH3+ 0.122E-011
NCCNH+ 0.334E-007
NH2CNH+ 0.410E-010
NH4+ 0.160E-004
O2H+ 0.226E-015
OCN+ 0.306E-014
PC2H2+ 0.291E-010
PC2H3+ 0.309E-014
PC2H4+ 0.953E-015
PC3H+ 0.218E-011
PC4H+ 0.884E-011
PCH2+ 0.357E-007
PCH3+ 0.114E-012
PCH4+ 0.407E-013
PH3+ 0.203E-014
PNH2+ 0.430E-011
PNH3+ 0.358E-014
SIC2H3+ 0.296E-005
SIC3H2+ 0.366E-005
SIC4H+ 0.448E-005
SICH4+ 0.258E-008
SIF+ 0.629E-005
SIH5+ 0.433E-014
SINCH+ 0.178E-007
SINH2+ 0.176E-005
SIOH+ 0.272E-002
