C- 0.514E-010
E 0.404E-001
C2- 0.322E-009
C3- 0.446E-007
C4- 0.304E-004
C5- 0.162E-005
C6- 0.986E-005
C7- 0.773E-006
C8- 0.253E-006
C10- 0.123E-008
C2H- 0.202E-007
C3H- 0.647E-009
C3N- 0.126E-004
C4H- 0.372E-007
C5H- 0.117E-004
C6H- 0.837E-004
C7H- 0.114E-004
C8H- 0.131E-005
C9- 0.437E-007
C9H- 0.117E-006
CH- 0.971E-010
O- 0.167E-012
OH- 0.637E-009
S- 0.136E-009
CN- 0.206E-007
H- 0.346E-008
C10H- 0.424E-009
C5N- 0.826E-006
O2- 0.234E-022
C 0.164E+000
C2 0.299E-001
CH2 0.149E-001
C2H2 0.383E+001
CH 0.377E-002
C2H 0.172E+000
CO2 0.936E-004
CO 0.778E+002
H2O 0.234E+000
H2CO 0.108E-004
N 0.670E-001
CN 0.287E+000
NH 0.167E-003
HCN 0.357E+001
O2 0.834E-005
O 0.197E+000
OH 0.168E-001
HCO 0.865E-005
C4 0.859E-003
C3 0.621E-002
C5 0.155E-004
C6 0.164E-004
C7 0.579E-006
C8 0.467E-006
C9 0.257E-007
C10 0.258E-008
C3H 0.689E-002
C4H 0.134E-001
C4N 0.293E-005
C5H 0.839E-004
C6H 0.368E-003
C7H 0.176E-004
C8H 0.587E-005
C9H 0.168E-006
C10H 0.285E-008
CS 0.100E+001
CH3 0.531E-002
CH3CN 0.247E-003
CH3OH 0.268E-009
OCS 0.108E-002
CH4 0.307E+000
H 0.241E+001
H2 0.975E+005
NH2 0.509E-003
NH3 0.512E-002
C10H2 0.284E-007
H2CCC 0.119E-002
HC3N 0.999E-001
HC4H 0.153E-001
C5H2 0.268E-003
HC5N 0.259E-003
C6H2 0.565E-002
C7H2 0.123E-004
C8H2 0.203E-004
C9H2 0.266E-006
HS 0.349E-003
C2N 0.478E-004
C3N 0.644E-002
C5N 0.355E-005
C7N 0.257E-006
HC7N 0.102E-003
C9N 0.509E-009
HC9N 0.232E-006
NO 0.125E-004
NS 0.567E-006
NO2 0.471E-011
SO2 0.183E-008
C2O 0.124E-005
SO 0.820E-005
HNC 0.128E-001
C2H4 0.490E-002
C2H5 0.149E-010
C2H5OH 0.338E-012
C2S 0.164E-003
C3O 0.767E-006
C3S 0.603E-003
C4H3 0.199E-004
C4S 0.326E-005
C6H6 0.480E-003
CCP 0.202E-007
CCL 0.252E-007
CH2CCH2 0.538E-006
CH2CCH 0.969E-002
CH2CN 0.673E-007
CH2CO 0.254E-006
CH3CCH 0.830E-004
CH3CHCH2 0.255E-006
CH3CHO 0.100E-006
CH3COCH3 0.644E-014
CH3OCH3 0.157E-017
CP 0.123E-003
CLO 0.132E-027
FE 0.000E+000
H2S 0.296E-003
H2SIO 0.218E-016
HCOOCH3 0.874E-017
HCP 0.231E-002
HPO 0.606E-013
MG 0.000E+000
NCCN 0.145E-003
NA 0.000E+000
P 0.490E-005
PH 0.152E-008
PO 0.529E-009
SI 0.525E-001
SIC2 0.180E+001
SIC2H 0.298E-001
SIC3 0.289E-004
SIC 0.228E-002
SICH2 0.550E-005
SICH3 0.246E-008
SIH2 0.512E-009
SIH3 0.954E-014
SIN 0.390E-005
SIS 0.577E+000
S 0.345E-001
N2 0.387E+001
C2H3 0.925E-004
CH3CH3 0.243E-007
PN 0.597E-011
CL 0.357E-002
C3H2 0.171E-002
C4P 0.432E-011
CH3C4H 0.695E-004
CH3C6H 0.237E-005
H2CS 0.100E-004
H2S2 0.341E-009
HC2P 0.226E-010
HCSI 0.247E-004
HCL 0.281E-001
HNSI 0.227E-005
HS2 0.144E-008
N2O 0.180E-010
PH2 0.235E-014
S2 0.124E-006
SIC2H2 0.375E-004
SIC3H 0.401E-005
SIC4 0.195E-004
SIH4 0.101E-013
SIH 0.226E-004
SINC 0.214E-007
SIO 0.426E+000
F 0.238E-006
HE 0.166E+005
HCNO 0.946E-009
HNCO 0.729E-009
HONC 0.101E-014
HNO 0.486E-006
HCOOH 0.684E-009
C11 0.160E-011
C2H5CN 0.545E-010
C3P 0.487E-011
CH2CHCCH 0.351E-006
CH2CHCHCH2 0.715E-012
CH2CHCN 0.839E-004
CH2NH 0.714E-006
CH2PH 0.482E-013
CH3C3N 0.192E-005
CH3C5N 0.900E-010
CH3C7N 0.379E-010
CNO 0.109E-019
H2CN 0.385E-005
H2O2 0.146E-026
HCS 0.105E-004
HF 0.165E-002
HNC3 0.866E-004
HOCN 0.643E-009
NH2CN 0.116E-004
O2H 0.411E-013
OCN 0.570E-004
SIO2 0.711E-005
HCO+ 0.377E-004
H+ 0.599E-006
HOC+ 0.117E-007
C+ 0.244E-003
C10H+ 0.497E-009
C2H4+ 0.701E-004
C2H5+ 0.191E-005
C2H5OH+ 0.252E-014
C2O+ 0.333E-011
C2S+ 0.186E-008
C3O+ 0.102E-014
C3S+ 0.508E-006
C4H3+ 0.956E-003
C4S+ 0.451E-006
C6H6+ 0.456E-008
CCP+ 0.304E-008
CCL+ 0.104E-006
CH2+ 0.116E-006
C3H4+ 0.233E-005
CH2CCH+ 0.390E-005
CH2CN+ 0.109E-005
CH2CO+ 0.286E-006
C3H6+ 0.382E-008
CH3CHO+ 0.592E-009
CH3COCH3+ 0.190E-016
CH3OCH3+ 0.112E-019
CH+ 0.259E-007
CP+ 0.309E-012
CLO+ 0.546E-033
FE+ 0.000E+000
H2CO+ 0.676E-007
H2S+ 0.405E-005
H2SIO+ 0.313E-012
C4H2+ 0.981E-004
COOCH4+ 0.690E-022
HCP+ 0.340E-011
HPO+ 0.710E-009
MG+ 0.000E+000
C2N+ 0.246E-006
CNC+ 0.296E-004
NH3+ 0.139E-004
NO+ 0.412E-007
NS+ 0.189E-007
NA+ 0.000E+000
OCS+ 0.115E-004
P+ 0.138E-006
PH+ 0.103E-010
PO+ 0.190E-009
SO+ 0.361E-006
SI+ 0.740E-002
SIC2+ 0.165E-007
SIC2H+ 0.578E-003
SIC3+ 0.385E-005
SIC+ 0.303E-008
SICH2+ 0.102E-004
SICH3+ 0.270E-008
SIH2+ 0.924E-007
SIH3+ 0.292E-009
SIN+ 0.117E-006
SIS+ 0.726E-004
C2+ 0.114E-006
S+ 0.635E-003
CN+ 0.410E-010
CO+ 0.521E-010
N2+ 0.758E-011
O2+ 0.484E-008
C2H+ 0.130E-006
C2H2+ 0.209E-002
C2H3+ 0.160E-001
C5H2+ 0.617E-005
C6H2+ 0.921E-005
C7H2+ 0.699E-007
C3H3+ 0.110E-004
CO2+ 0.731E-016
HC3N+ 0.888E-006
HCN+ 0.885E-010
C2N2+ 0.165E-010
C3+ 0.210E-008
C5+ 0.205E-009
CH3CH3+ 0.124E-010
PN+ 0.296E-018
H2O+ 0.102E-006
NH2+ 0.378E-008
O+ 0.194E-011
OH+ 0.284E-009
CH3+ 0.130E-003
CH4+ 0.500E-006
CH3OH+ 0.525E-012
N+ 0.486E-010
SO2+ 0.175E-017
CS+ 0.594E-006
CL+ 0.172E-008
C10+ 0.295E-011
C10H2+ 0.964E-009
C3H2+ 0.260E-004
C3H+ 0.382E-005
C4+ 0.252E-009
C4H+ 0.125E-007
C4P+ 0.149E-018
C5H+ 0.779E-006
C6+ 0.757E-009
C6H+ 0.145E-006
C7+ 0.159E-009
C7H+ 0.494E-007
C8+ 0.207E-009
C8H2+ 0.153E-006
C8H+ 0.255E-010
C9+ 0.656E-011
C9H2+ 0.880E-008
C9H+ 0.117E-008
CH3C4H+ 0.204E-005
C7H4+ 0.299E-006
CH3CN+ 0.568E-009
H2CS+ 0.359E-007
H2S2+ 0.570E-009
HC2P+ 0.281E-007
HC5N+ 0.188E-011
HC7N+ 0.349E-007
HC9N+ 0.793E-010
HCSI+ 0.396E-008
HCL+ 0.112E-007
HNSI+ 0.684E-014
HS2+ 0.207E-008
HS+ 0.160E-006
N2O+ 0.545E-013
NH+ 0.219E-010
PH2+ 0.340E-011
S2+ 0.454E-007
SIC2H2+ 0.605E-005
SIC3H+ 0.137E-005
SIC4+ 0.692E-005
SIH4+ 0.973E-024
SIH+ 0.649E-006
SINC+ 0.279E-004
SIO+ 0.327E-005
H2+ 0.570E-008
F+ 0.141E-012
HE+ 0.597E-006
C3N+ 0.118E-010
HCNO+ 0.205E-019
HNCO+ 0.198E-013
HONC+ 0.537E-025
HNO+ 0.190E-009
HCOOH+ 0.342E-011
NO2+ 0.737E-016
CH2CHCNH+ 0.113E-006
HCS+ 0.238E-003
C10H3+ 0.252E-009
C11+ 0.576E-012
C2H5CNH+ 0.259E-010
C2H5OH2+ 0.160E-012
C2H7+ 0.120E-014
C2NH+ 0.674E-005
C3H2O+ 0.719E-008
C3H5+ 0.493E-004
C3H7+ 0.135E-004
C4H4+ 0.141E-007
C4H5+ 0.201E-005
C4H7+ 0.146E-008
C4N+ 0.183E-007
C5H3+ 0.504E-005
C5H5+ 0.782E-005
C5N+ 0.713E-013
C6H3+ 0.319E-005
C6H4+ 0.381E-005
C6H5+ 0.123E-006
C6H7+ 0.212E-004
C7H3+ 0.299E-006
C7H5+ 0.565E-006
C7N+ 0.355E-012
C8H3+ 0.568E-006
C8H4+ 0.260E-006
C8H5+ 0.388E-009
C9H3+ 0.155E-007
C9H4+ 0.578E-008
C9H5+ 0.186E-011
C9N+ 0.804E-015
CF+ 0.854E-007
CH2CHCN+ 0.903E-007
CH2NH2+ 0.148E-010
CH3C3N+ 0.288E-011
CH3C3NH+ 0.246E-007
CH3C5NH+ 0.371E-010
CH3C7NH+ 0.146E-010
CH3CHOH+ 0.192E-007
CH3CNH+ 0.659E-004
CH3CO+ 0.374E-007
CH3COCH4+ 0.953E-014
CH3CS+ 0.389E-007
CH3OCH4+ 0.303E-017
CH3OH2+ 0.754E-009
CH4N+ 0.313E-007
CH5+ 0.173E-004
H2C4N+ 0.289E-011
H2C7N+ 0.106E-006
H2C9N+ 0.239E-009
H2CCL+ 0.132E-007
H2CNO+ 0.195E-009
H2CL+ 0.122E-004
H2F+ 0.515E-008
H2NC+ 0.506E-007
H2NCO+ 0.206E-010
H2NO+ 0.392E-012
H2OCN+ 0.216E-009
H2PO+ 0.678E-013
H3+ 0.450E-005
H3C3O+ 0.309E-006
H3C5N+ 0.951E-008
H3C7N+ 0.655E-009
H3C9N+ 0.103E-010
H3CO+ 0.692E-008
H3CS+ 0.214E-005
H3O+ 0.112E-003
H3S+ 0.187E-006
H3S2+ 0.274E-009
H3SIO+ 0.270E-017
H5C2O2+ 0.123E-016
HC2O+ 0.235E-005
HC2S+ 0.139E-003
HC3NH+ 0.138E-003
HC3O+ 0.336E-008
HC3S+ 0.154E-006
HC4N+ 0.257E-011
HC4S+ 0.297E-005
HC5NH+ 0.312E-008
HCNH+ 0.838E-002
HCNOH+ 0.248E-014
HCO2+ 0.562E-008
HCOOH2+ 0.170E-009
HF+ 0.412E-013
HN2O+ 0.519E-016
HNCOH+ 0.431E-009
HNS+ 0.312E-011
HOCN+ 0.197E-013
HOCS+ 0.307E-008
HPN+ 0.492E-016
HSO+ 0.562E-010
HSO2+ 0.110E-014
HSIO2+ 0.438E-010
HSIS+ 0.790E-005
HEH+ 0.840E-010
N2H+ 0.342E-006
NCCNCH3+ 0.213E-011
NCCNH+ 0.478E-007
NH2CNH+ 0.464E-010
NH4+ 0.130E-004
O2H+ 0.327E-015
OCN+ 0.313E-014
PC2H2+ 0.406E-010
PC2H3+ 0.377E-014
PC2H4+ 0.127E-014
PC3H+ 0.382E-011
PC4H+ 0.134E-010
PCH2+ 0.318E-007
PCH3+ 0.141E-012
PCH4+ 0.541E-013
PH3+ 0.280E-014
PNH2+ 0.617E-011
PNH3+ 0.460E-014
SIC2H3+ 0.306E-005
SIC3H2+ 0.525E-005
SIC4H+ 0.429E-005
SICH4+ 0.291E-008
SIF+ 0.756E-005
SIH5+ 0.371E-014
SINCH+ 0.214E-007
SINH2+ 0.204E-005
SIOH+ 0.246E-002
