C- 0.113E-009
E 0.396E-001
C2- 0.423E-009
C3- 0.623E-007
C4- 0.411E-004
C5- 0.228E-005
C6- 0.131E-004
C7- 0.118E-005
C8- 0.390E-006
C10- 0.231E-008
C2H- 0.131E-007
C3H- 0.770E-009
C3N- 0.146E-004
C4H- 0.509E-007
C5H- 0.151E-004
C6H- 0.111E-003
C7H- 0.147E-004
C8H- 0.168E-005
C9- 0.659E-007
C9H- 0.152E-006
CH- 0.657E-010
O- 0.183E-012
OH- 0.483E-009
S- 0.163E-009
CN- 0.253E-007
H- 0.295E-008
C10H- 0.745E-009
C5N- 0.145E-005
O2- 0.293E-022
C 0.159E+000
C2 0.337E-001
CH2 0.151E-001
C2H2 0.325E+001
CH 0.452E-002
C2H 0.186E+000
CO2 0.961E-004
CO 0.678E+002
H2O 0.201E+000
H2CO 0.134E-004
N 0.735E-001
CN 0.310E+000
NH 0.180E-003
HCN 0.302E+001
O2 0.107E-004
O 0.192E+000
OH 0.178E-001
HCO 0.105E-004
C4 0.106E-002
C3 0.657E-002
C5 0.205E-004
C6 0.201E-004
C7 0.797E-006
C8 0.652E-006
C9 0.356E-007
C10 0.438E-008
C3H 0.739E-002
C4H 0.144E-001
C4N 0.391E-005
C5H 0.104E-003
C6H 0.448E-003
C7H 0.210E-004
C8H 0.709E-005
C9H 0.213E-006
C10H 0.463E-008
CS 0.866E+000
CH3 0.562E-002
CH3CN 0.309E-003
CH3OH 0.291E-009
OCS 0.108E-002
CH4 0.261E+000
H 0.255E+001
H2 0.849E+005
NH2 0.528E-003
NH3 0.434E-002
C10H2 0.499E-007
H2CCC 0.144E-002
HC3N 0.103E+000
HC4H 0.164E-001
C5H2 0.271E-003
HC5N 0.355E-003
C6H2 0.584E-002
C7H2 0.152E-004
C8H2 0.268E-004
C9H2 0.335E-006
HS 0.383E-003
C2N 0.658E-004
C3N 0.695E-002
C5N 0.567E-005
C7N 0.416E-006
HC7N 0.132E-003
C9N 0.100E-008
HC9N 0.383E-006
NO 0.168E-004
NS 0.760E-006
NO2 0.698E-011
SO2 0.277E-008
C2O 0.157E-005
SO 0.103E-004
HNC 0.133E-001
C2H4 0.399E-002
C2H5 0.205E-010
C2H5OH 0.345E-012
C2S 0.223E-003
C3O 0.823E-006
C3S 0.695E-003
C4H3 0.214E-004
C4S 0.377E-005
C6H6 0.448E-003
CCP 0.331E-007
CCL 0.346E-007
CH2CCH2 0.618E-006
CH2CCH 0.989E-002
CH2CN 0.938E-007
CH2CO 0.334E-006
CH3CCH 0.892E-004
CH3CHCH2 0.280E-006
CH3CHO 0.101E-006
CH3COCH3 0.104E-013
CH3OCH3 0.245E-017
CP 0.128E-003
CLO 0.115E-027
FE 0.000E+000
H2S 0.242E-003
H2SIO 0.273E-016
HCOOCH3 0.145E-016
HCP 0.199E-002
HPO 0.909E-013
MG 0.000E+000
NCCN 0.193E-003
NA 0.000E+000
P 0.615E-005
PH 0.178E-008
PO 0.879E-009
SI 0.540E-001
SIC2 0.156E+001
SIC2H 0.306E-001
SIC3 0.351E-004
SIC 0.235E-002
SICH2 0.687E-005
SICH3 0.338E-008
SIH2 0.571E-009
SIH3 0.996E-014
SIN 0.513E-005
SIS 0.502E+000
S 0.364E-001
N2 0.336E+001
C2H3 0.106E-003
CH3CH3 0.267E-007
PN 0.941E-011
CL 0.378E-002
C3H2 0.208E-002
C4P 0.750E-011
CH3C4H 0.675E-004
CH3C6H 0.263E-005
H2CS 0.130E-004
H2S2 0.428E-009
HC2P 0.363E-010
HCSI 0.325E-004
HCL 0.238E-001
HNSI 0.300E-005
HS2 0.164E-008
N2O 0.303E-010
PH2 0.366E-014
S2 0.160E-006
SIC2H2 0.383E-004
SIC3H 0.654E-005
SIC4 0.190E-004
SIH4 0.987E-014
SIH 0.355E-004
SINC 0.294E-007
SIO 0.360E+000
F 0.281E-006
HE 0.144E+005
HCNO 0.148E-008
HNCO 0.965E-009
HONC 0.191E-014
HNO 0.608E-006
HCOOH 0.657E-009
C11 0.316E-011
C2H5CN 0.101E-009
C3P 0.873E-011
CH2CHCCH 0.407E-006
CH2CHCHCH2 0.102E-011
CH2CHCN 0.895E-004
CH2NH 0.860E-006
CH2PH 0.717E-013
CH3C3N 0.262E-005
CH3C5N 0.190E-009
CH3C7N 0.757E-010
CNO 0.229E-019
H2CN 0.506E-005
H2O2 0.125E-026
HCS 0.129E-004
HF 0.143E-002
HNC3 0.977E-004
HOCN 0.830E-009
NH2CN 0.127E-004
O2H 0.718E-013
OCN 0.759E-004
SIO2 0.740E-005
HCO+ 0.368E-004
H+ 0.591E-006
HOC+ 0.121E-007
C+ 0.269E-003
C10H+ 0.635E-009
C2H4+ 0.666E-004
C2H5+ 0.185E-005
C2H5OH+ 0.287E-014
C2O+ 0.592E-011
C2S+ 0.264E-008
C3O+ 0.141E-014
C3S+ 0.712E-006
C4H3+ 0.806E-003
C4S+ 0.682E-006
C6H6+ 0.634E-008
CCP+ 0.355E-008
CCL+ 0.122E-006
CH2+ 0.139E-006
C3H4+ 0.235E-005
CH2CCH+ 0.414E-005
CH2CN+ 0.158E-005
CH2CO+ 0.330E-006
C3H6+ 0.437E-008
CH3CHO+ 0.629E-009
CH3COCH3+ 0.342E-016
CH3OCH3+ 0.192E-019
CH+ 0.356E-007
CP+ 0.405E-012
CLO+ 0.663E-033
FE+ 0.000E+000
H2CO+ 0.933E-007
H2S+ 0.363E-005
H2SIO+ 0.310E-012
C4H2+ 0.105E-003
COOCH4+ 0.157E-021
HCP+ 0.378E-011
HPO+ 0.102E-008
MG+ 0.000E+000
C2N+ 0.330E-006
CNC+ 0.344E-004
NH3+ 0.136E-004
NO+ 0.610E-007
NS+ 0.222E-007
NA+ 0.000E+000
OCS+ 0.127E-004
P+ 0.211E-006
PH+ 0.147E-010
PO+ 0.308E-009
SO+ 0.558E-006
SI+ 0.936E-002
SIC2+ 0.224E-007
SIC2H+ 0.649E-003
SIC3+ 0.552E-005
SIC+ 0.351E-008
SICH2+ 0.135E-004
SICH3+ 0.308E-008
SIH2+ 0.103E-006
SIH3+ 0.268E-009
SIN+ 0.168E-006
SIS+ 0.862E-004
C2+ 0.148E-006
S+ 0.808E-003
CN+ 0.407E-010
CO+ 0.627E-010
N2+ 0.755E-011
O2+ 0.706E-008
C2H+ 0.168E-006
C2H2+ 0.204E-002
C2H3+ 0.148E-001
C5H2+ 0.681E-005
C6H2+ 0.100E-004
C7H2+ 0.874E-007
C3H3+ 0.109E-004
CO2+ 0.860E-016
HC3N+ 0.108E-005
HCN+ 0.989E-010
C2N2+ 0.252E-010
C3+ 0.286E-008
C5+ 0.259E-009
CH3CH3+ 0.147E-010
PN+ 0.482E-018
H2O+ 0.101E-006
NH2+ 0.448E-008
O+ 0.195E-011
OH+ 0.344E-009
CH3+ 0.153E-003
CH4+ 0.483E-006
CH3OH+ 0.596E-012
N+ 0.499E-010
SO2+ 0.306E-017
CS+ 0.590E-006
CL+ 0.210E-008
C10+ 0.481E-011
C10H2+ 0.132E-008
C3H2+ 0.291E-004
C3H+ 0.400E-005
C4+ 0.335E-009
C4H+ 0.192E-007
C4P+ 0.271E-018
C5H+ 0.797E-006
C6+ 0.104E-008
C6H+ 0.171E-006
C7+ 0.209E-009
C7H+ 0.633E-007
C8+ 0.320E-009
C8H2+ 0.186E-006
C8H+ 0.354E-010
C9+ 0.989E-011
C9H2+ 0.107E-007
C9H+ 0.150E-008
CH3C4H+ 0.213E-005
C7H4+ 0.280E-006
CH3CN+ 0.807E-009
H2CS+ 0.479E-007
H2S2+ 0.504E-009
HC2P+ 0.399E-007
HC5N+ 0.274E-011
HC7N+ 0.510E-007
HC9N+ 0.147E-009
HCSI+ 0.491E-008
HCL+ 0.112E-007
HNSI+ 0.969E-014
HS2+ 0.239E-008
HS+ 0.171E-006
N2O+ 0.110E-012
NH+ 0.226E-010
PH2+ 0.513E-011
S2+ 0.620E-007
SIC2H2+ 0.645E-005
SIC3H+ 0.227E-005
SIC4+ 0.100E-004
SIH4+ 0.115E-023
SIH+ 0.660E-006
SINC+ 0.293E-004
SIO+ 0.318E-005
H2+ 0.570E-008
F+ 0.143E-012
HE+ 0.595E-006
C3N+ 0.152E-010
HCNO+ 0.374E-019
HNCO+ 0.298E-013
HONC+ 0.118E-024
HNO+ 0.218E-009
HCOOH+ 0.355E-011
NO2+ 0.127E-015
CH2CHCNH+ 0.112E-006
HCS+ 0.218E-003
C10H3+ 0.342E-009
C11+ 0.898E-012
C2H5CNH+ 0.406E-010
C2H5OH2+ 0.134E-012
C2H7+ 0.136E-014
C2NH+ 0.767E-005
C3H2O+ 0.718E-008
C3H5+ 0.475E-004
C3H7+ 0.135E-004
C4H4+ 0.132E-007
C4H5+ 0.172E-005
C4H7+ 0.116E-008
C4N+ 0.242E-007
C5H3+ 0.516E-005
C5H5+ 0.640E-005
C5N+ 0.919E-013
C6H3+ 0.324E-005
C6H4+ 0.363E-005
C6H5+ 0.101E-006
C6H7+ 0.148E-004
C7H3+ 0.288E-006
C7H5+ 0.497E-006
C7N+ 0.660E-012
C8H3+ 0.565E-006
C8H4+ 0.266E-006
C8H5+ 0.395E-009
C9H3+ 0.167E-007
C9H4+ 0.573E-008
C9H5+ 0.224E-011
C9N+ 0.175E-014
CF+ 0.104E-006
CH2CHCN+ 0.108E-006
CH2NH2+ 0.141E-010
CH3C3N+ 0.381E-011
CH3C3NH+ 0.326E-007
CH3C5NH+ 0.663E-010
CH3C7NH+ 0.249E-010
CH3CHOH+ 0.161E-007
CH3CNH+ 0.705E-004
CH3CO+ 0.428E-007
CH3COCH4+ 0.129E-013
CH3CS+ 0.434E-007
CH3OCH4+ 0.418E-017
CH3OH2+ 0.805E-009
CH4N+ 0.350E-007
CH5+ 0.164E-004
H2C4N+ 0.382E-011
H2C7N+ 0.142E-006
H2C9N+ 0.406E-009
H2CCL+ 0.154E-007
H2CNO+ 0.253E-009
H2CL+ 0.118E-004
H2F+ 0.436E-008
H2NC+ 0.642E-007
H2NCO+ 0.289E-010
H2NO+ 0.503E-012
H2OCN+ 0.282E-009
H2PO+ 0.876E-013
H3+ 0.448E-005
H3C3O+ 0.293E-006
H3C5N+ 0.108E-007
H3C7N+ 0.798E-009
H3C9N+ 0.152E-010
H3CO+ 0.762E-008
H3CS+ 0.243E-005
H3O+ 0.105E-003
H3S+ 0.154E-006
H3S2+ 0.288E-009
H3SIO+ 0.256E-017
H5C2O2+ 0.173E-016
HC2O+ 0.243E-005
HC2S+ 0.161E-003
HC3NH+ 0.130E-003
HC3O+ 0.400E-008
HC3S+ 0.234E-006
HC4N+ 0.339E-011
HC4S+ 0.285E-005
HC5NH+ 0.399E-008
HCNH+ 0.713E-002
HCNOH+ 0.404E-014
HCO2+ 0.647E-008
HCOOH2+ 0.145E-009
HF+ 0.417E-013
HN2O+ 0.929E-016
HNCOH+ 0.564E-009
HNS+ 0.428E-011
HOCN+ 0.297E-013
HOCS+ 0.308E-008
HPN+ 0.785E-016
HSO+ 0.708E-010
HSO2+ 0.173E-014
HSIO2+ 0.451E-010
HSIS+ 0.703E-005
HEH+ 0.840E-010
N2H+ 0.335E-006
NCCNCH3+ 0.363E-011
NCCNH+ 0.669E-007
NH2CNH+ 0.513E-010
NH4+ 0.105E-004
O2H+ 0.469E-015
OCN+ 0.321E-014
PC2H2+ 0.549E-010
PC2H3+ 0.443E-014
PC2H4+ 0.162E-014
PC3H+ 0.636E-011
PC4H+ 0.199E-010
PCH2+ 0.288E-007
PCH3+ 0.168E-012
PCH4+ 0.690E-013
PH3+ 0.377E-014
PNH2+ 0.866E-011
PNH3+ 0.572E-014
SIC2H3+ 0.311E-005
SIC3H2+ 0.727E-005
SIC4H+ 0.404E-005
SICH4+ 0.330E-008
SIF+ 0.888E-005
SIH5+ 0.304E-014
SINCH+ 0.251E-007
SINH2+ 0.230E-005
SIOH+ 0.224E-002
