C- 0.159E-009
E 0.330E+000
C2- 0.443E-015
C3- 0.140E-011
C4- 0.352E-012
C5- 0.750E-012
C6- 0.289E-013
C7- 0.383E-015
C8- 0.373E-015
C10- 0.825E-021
C2H- 0.136E-005
C3H- 0.141E-011
C3N- 0.241E-010
C4H- 0.166E-012
C5H- 0.112E-008
C6H- 0.794E-010
C7H- 0.839E-012
C8H- 0.394E-015
C9- 0.943E-016
C9H- 0.864E-015
CH- 0.231E-012
O- 0.262E-013
OH- 0.428E-008
S- 0.642E-011
CN- 0.111E-005
H- 0.223E-007
C10H- 0.240E-021
C5N- 0.611E-015
O2- 0.568E-035
C 0.248E+001
C2 0.618E-001
CH2 0.541E-001
C2H2 0.162E+004
CH 0.359E-004
C2H 0.103E-001
CO2 0.192E-003
CO 0.296E+005
H2O 0.955E+002
H2CO 0.189E-005
N 0.173E+000
CN 0.254E-001
NH 0.256E-003
HCN 0.152E+004
O2 0.229E-009
O 0.143E+001
OH 0.124E+000
HCO 0.435E-005
C4 0.489E-008
C3 0.221E-002
C5 0.108E-008
C6 0.833E-011
C7 0.115E-012
C8 0.112E-012
C9 0.103E-013
C10 0.194E-015
C3H 0.221E-002
C4H 0.125E-004
C4N 0.264E-013
C5H 0.117E-005
C6H 0.613E-007
C7H 0.219E-009
C8H 0.348E-012
C9H 0.273E-012
C10H 0.173E-015
CS 0.393E+003
CH3 0.186E-001
CH3CN 0.108E-004
CH3OH 0.589E-009
OCS 0.711E-005
CH4 0.130E+003
H 0.690E+001
H2 0.371E+008
NH2 0.735E-003
NH3 0.222E+001
C10H2 0.881E-019
H2CCC 0.815E-007
HC3N 0.234E-005
HC4H 0.440E-003
C5H2 0.115E-004
HC5N 0.381E-011
C6H2 0.285E-004
C7H2 0.216E-009
C8H2 0.239E-012
C9H2 0.263E-012
HS 0.139E-003
C2N 0.494E-010
C3N 0.257E-005
C5N 0.549E-012
C7N 0.933E-017
HC7N 0.748E-014
C9N 0.795E-020
HC9N 0.718E-020
NO 0.128E-006
NS 0.251E-011
NO2 0.661E-022
SO2 0.128E-019
C2O 0.411E-012
SO 0.460E-008
HNC 0.142E-003
C2H4 0.254E+001
C2H5 0.789E-012
C2H5OH 0.449E-014
C2S 0.390E-007
C3O 0.429E-010
C3S 0.293E-007
C4H3 0.896E-008
C4S 0.184E-012
C6H6 0.253E-004
CCP 0.288E-010
CCL 0.290E-010
CH2CCH2 0.282E-010
CH2CCH 0.170E-002
CH2CN 0.609E-011
CH2CO 0.177E-005
CH3CCH 0.681E-007
CH3CHCH2 0.146E-016
CH3CHO 0.243E-008
CH3COCH3 0.978E-021
CH3OCH3 0.118E-021
CP 0.174E-003
CLO 0.358E-023
FE 0.000E+000
H2S 0.148E+000
H2SIO 0.735E-027
HCOOCH3 0.159E-022
HCP 0.926E+000
HPO 0.700E-017
MG 0.000E+000
NCCN 0.102E-008
NA 0.000E+000
P 0.300E-007
PH 0.569E-008
PO 0.125E-010
SI 0.164E+000
SIC2 0.693E+003
SIC2H 0.573E-002
SIC3 0.121E-005
SIC 0.274E-003
SICH2 0.429E-011
SICH3 0.210E-014
SIH2 0.160E-015
SIH3 0.127E-019
SIN 0.176E-009
SIS 0.222E+003
S 0.633E-001
N2 0.148E+004
C2H3 0.553E-005
CH3CH3 0.495E-022
PN 0.502E-014
CL 0.227E-003
C3H2 0.471E-006
C4P 0.151E-022
CH3C4H 0.253E-005
CH3C6H 0.333E-010
H2CS 0.262E-008
H2S2 0.235E-012
HC2P 0.296E-013
HCSI 0.360E-007
HCL 0.120E+002
HNSI 0.169E-009
HS2 0.235E-012
N2O 0.557E-016
PH2 0.335E-022
S2 0.113E-011
SIC2H2 0.197E-006
SIC3H 0.943E-013
SIC4 0.121E-005
SIH4 0.232E-017
SIH 0.620E-009
SINC 0.367E-012
SIO 0.186E+003
F 0.253E-004
HE 0.630E+007
HCNO 0.355E-019
HNCO 0.187E-010
HONC 0.122E-028
HNO 0.826E-008
HCOOH 0.335E-009
C11 0.437E-020
C2H5CN 0.114E-015
C3P 0.228E-017
CH2CHCCH 0.596E-010
CH2CHCHCH2 0.973E-013
CH2CHCN 0.522E-005
CH2NH 0.219E-008
CH2PH 0.550E-016
CH3C3N 0.670E-011
CH3C5N 0.230E-023
CH3C7N 0.214E-025
CNO 0.414E-035
H2CN 0.313E-007
H2O2 0.416E-024
HCS 0.434E-011
HF 0.630E+000
HNC3 0.166E-006
HOCN 0.187E-010
NH2CN 0.838E-010
O2H 0.101E-020
OCN 0.269E-004
SIO2 0.895E-005
HCO+ 0.232E-003
H+ 0.248E-005
HOC+ 0.416E-009
C+ 0.398E-004
C10H+ 0.942E-014
C2H4+ 0.284E-003
C2H5+ 0.559E-004
C2H5OH+ 0.701E-018
C2O+ 0.170E-018
C2S+ 0.401E-011
C3O+ 0.138E-022
C3S+ 0.412E-010
C4H3+ 0.387E-001
C4S+ 0.103E-013
C6H6+ 0.341E-012
CCP+ 0.132E-007
CCL+ 0.220E-006
CH2+ 0.952E-008
C3H4+ 0.160E-004
CH2CCH+ 0.196E-004
CH2CN+ 0.141E-007
CH2CO+ 0.221E-007
C3H6+ 0.103E-025
CH3CHO+ 0.597E-012
CH3COCH3+ 0.671E-025
CH3OCH3+ 0.114E-025
CH+ 0.115E-007
CP+ 0.199E-015
CLO+ 0.768E-032
FE+ 0.000E+000
H2CO+ 0.858E-009
H2S+ 0.395E-004
H2SIO+ 0.225E-017
C4H2+ 0.612E-003
COOCH4+ 0.865E-030
HCP+ 0.569E-012
HPO+ 0.560E-010
MG+ 0.000E+000
C2N+ 0.492E-008
CNC+ 0.461E-004
NH3+ 0.168E-004
NO+ 0.472E-007
NS+ 0.619E-009
NA+ 0.000E+000
OCS+ 0.578E-008
P+ 0.145E-009
PH+ 0.311E-014
PO+ 0.762E-011
SO+ 0.201E-008
SI+ 0.152E-003
SIC2+ 0.124E-007
SIC2H+ 0.932E-003
SIC3+ 0.153E-008
SIC+ 0.195E-005
SICH2+ 0.659E-005
SICH3+ 0.215E-009
SIH2+ 0.403E-008
SIH3+ 0.379E-013
SIN+ 0.116E-010
SIS+ 0.132E-004
C2+ 0.663E-009
S+ 0.981E-005
CN+ 0.241E-010
CO+ 0.375E-010
N2+ 0.854E-011
O2+ 0.100E-011
C2H+ 0.697E-009
C2H2+ 0.235E-002
C2H3+ 0.162E+000
C5H2+ 0.872E-005
C6H2+ 0.309E-008
C7H2+ 0.325E-009
C3H3+ 0.481E-004
CO2+ 0.577E-018
HC3N+ 0.145E-009
HCN+ 0.309E-010
C2N2+ 0.210E-015
C3+ 0.498E-013
C5+ 0.136E-016
CH3CH3+ 0.167E-019
PN+ 0.108E-022
H2O+ 0.109E-006
NH2+ 0.142E-010
O+ 0.107E-011
OH+ 0.741E-011
CH3+ 0.747E-004
CH4+ 0.790E-006
CH3OH+ 0.598E-013
N+ 0.334E-007
SO2+ 0.120E-032
CS+ 0.612E-006
CL+ 0.100E-007
C10+ 0.386E-021
C10H2+ 0.777E-014
C3H2+ 0.489E-004
C3H+ 0.630E-004
C4+ 0.109E-010
C4H+ 0.673E-010
C4P+ 0.212E-031
C5H+ 0.238E-008
C6+ 0.316E-014
C6H+ 0.863E-012
C7+ 0.105E-012
C7H+ 0.130E-011
C8+ 0.112E-016
C8H2+ 0.112E-010
C8H+ 0.376E-013
C9+ 0.708E-018
C9H2+ 0.196E-010
C9H+ 0.330E-015
CH3C4H+ 0.278E-005
C7H4+ 0.638E-008
CH3CN+ 0.778E-012
H2CS+ 0.562E-009
H2S2+ 0.161E-010
HC2P+ 0.500E-008
HC5N+ 0.102E-013
HC7N+ 0.100E-014
HC9N+ 0.488E-016
HCSI+ 0.130E-008
HCL+ 0.184E-003
HNSI+ 0.112E-014
HS2+ 0.470E-010
HS+ 0.373E-007
N2O+ 0.557E-021
NH+ 0.899E-014
PH2+ 0.208E-014
S2+ 0.290E-009
SIC2H2+ 0.715E-006
SIC3H+ 0.326E-009
SIC4+ 0.234E-008
SIH4+ 0.195E-028
SIH+ 0.670E-007
SINC+ 0.851E-006
SIO+ 0.375E-005
H2+ 0.570E-008
F+ 0.753E-013
HE+ 0.668E-006
C3N+ 0.813E-013
HCNO+ 0.105E-032
HNCO+ 0.305E-012
HONC+ 0.884E-042
HNO+ 0.317E-010
HCOOH+ 0.280E-013
NO2+ 0.816E-020
CH2CHCNH+ 0.452E-009
HCS+ 0.396E-002
C10H3+ 0.179E-018
C11+ 0.111E-017
C2H5CNH+ 0.739E-014
C2H5OH2+ 0.105E-012
C2H7+ 0.323E-030
C2NH+ 0.827E-006
C3H2O+ 0.579E-011
C3H5+ 0.878E-003
C3H7+ 0.331E-023
C4H4+ 0.497E-012
C4H5+ 0.196E-004
C4H7+ 0.106E-007
C4N+ 0.162E-015
C5H3+ 0.847E-004
C5H5+ 0.623E-003
C5N+ 0.104E-013
C6H3+ 0.126E-005
C6H4+ 0.112E-005
C6H5+ 0.162E-002
C6H7+ 0.672E-003
C7H3+ 0.163E-007
C7H5+ 0.635E-008
C7N+ 0.530E-017
C8H3+ 0.200E-009
C8H4+ 0.147E-009
C8H5+ 0.170E-016
C9H3+ 0.822E-010
C9H4+ 0.303E-010
C9H5+ 0.719E-017
C9N+ 0.117E-020
CF+ 0.770E-007
CH2CHCN+ 0.654E-010
CH2NH2+ 0.409E-009
CH3C3N+ 0.702E-013
CH3C3NH+ 0.896E-009
CH3C5NH+ 0.119E-021
CH3C7NH+ 0.111E-023
CH3CHOH+ 0.497E-007
CH3CNH+ 0.323E-003
CH3CO+ 0.368E-007
CH3COCH4+ 0.282E-018
CH3CS+ 0.338E-008
CH3OCH4+ 0.197E-019
CH3OH2+ 0.606E-008
CH4N+ 0.868E-007
CH5+ 0.389E-004
H2C4N+ 0.702E-013
H2C7N+ 0.509E-013
H2C9N+ 0.220E-015
H2CCL+ 0.247E-008
H2CNO+ 0.135E-008
H2CL+ 0.193E-006
H2F+ 0.481E-006
H2NC+ 0.667E-007
H2NCO+ 0.536E-026
H2NO+ 0.215E-016
H2OCN+ 0.136E-008
H2PO+ 0.127E-014
H3+ 0.229E-004
H3C3O+ 0.347E-008
H3C5N+ 0.117E-008
H3C7N+ 0.213E-013
H3C9N+ 0.480E-016
H3CO+ 0.153E-009
H3CS+ 0.282E-006
H3O+ 0.171E-002
H3S+ 0.264E-005
H3S2+ 0.466E-010
H3SIO+ 0.990E-022
H5C2O2+ 0.218E-019
HC2O+ 0.309E-005
HC2S+ 0.100E-004
HC3NH+ 0.953E-004
HC3O+ 0.101E-007
HC3S+ 0.666E-009
HC4N+ 0.702E-013
HC4S+ 0.232E-006
HC5NH+ 0.247E-009
HCNH+ 0.970E-001
HCNOH+ 0.536E-026
HCO2+ 0.599E-009
HCOOH2+ 0.830E-008
HF+ 0.220E-013
HN2O+ 0.870E-024
HNCOH+ 0.272E-008
HNS+ 0.660E-016
HOCN+ 0.135E-014
HOCS+ 0.202E-011
HPN+ 0.189E-020
HSO+ 0.495E-012
HSO2+ 0.286E-027
HSIO2+ 0.507E-012
HSIS+ 0.645E-004
HEH+ 0.840E-010
N2H+ 0.195E-005
NCCNCH3+ 0.727E-019
NCCNH+ 0.367E-011
NH2CNH+ 0.430E-016
NH4+ 0.571E-003
O2H+ 0.132E-018
OCN+ 0.403E-013
PC2H2+ 0.773E-011
PC2H3+ 0.926E-018
PC2H4+ 0.188E-015
PC3H+ 0.904E-016
PC4H+ 0.159E-014
PCH2+ 0.134E-005
PCH3+ 0.586E-016
PCH4+ 0.984E-014
PH3+ 0.878E-021
PNH2+ 0.856E-012
PNH3+ 0.147E-015
SIC2H3+ 0.300E-004
SIC3H2+ 0.242E-009
SIC4H+ 0.259E-003
SICH4+ 0.219E-009
SIF+ 0.121E-006
SIH5+ 0.328E-017
SINCH+ 0.676E-010
SINH2+ 0.476E-007
SIOH+ 0.155E-001
