C- 0.131E-009
E 0.394E-001
C2- 0.558E-009
C3- 0.843E-007
C4- 0.543E-004
C5- 0.319E-005
C6- 0.170E-004
C7- 0.177E-005
C8- 0.587E-006
C10- 0.425E-008
C2H- 0.839E-008
C3H- 0.922E-009
C3N- 0.165E-004
C4H- 0.694E-007
C5H- 0.195E-004
C6H- 0.144E-003
C7H- 0.187E-004
C8H- 0.212E-005
C9- 0.976E-007
C9H- 0.201E-006
CH- 0.423E-010
O- 0.203E-012
OH- 0.360E-009
S- 0.195E-009
CN- 0.343E-007
H- 0.253E-008
C10H- 0.130E-008
C5N- 0.245E-005
O2- 0.355E-022
C 0.155E+000
C2 0.384E-001
CH2 0.152E-001
C2H2 0.274E+001
CH 0.536E-002
C2H 0.201E+000
CO2 0.976E-004
CO 0.590E+002
H2O 0.172E+000
H2CO 0.164E-004
N 0.804E-001
CN 0.333E+000
NH 0.193E-003
HCN 0.255E+001
O2 0.134E-004
O 0.186E+000
OH 0.187E-001
HCO 0.125E-004
C4 0.129E-002
C3 0.694E-002
C5 0.267E-004
C6 0.241E-004
C7 0.108E-005
C8 0.890E-006
C9 0.484E-007
C10 0.729E-008
C3H 0.791E-002
C4H 0.154E-001
C4N 0.515E-005
C5H 0.128E-003
C6H 0.538E-003
C7H 0.248E-004
C8H 0.842E-005
C9H 0.272E-006
C10H 0.748E-008
CS 0.748E+000
CH3 0.590E-002
CH3CN 0.378E-003
CH3OH 0.318E-009
OCS 0.107E-002
CH4 0.221E+000
H 0.268E+001
H2 0.739E+005
NH2 0.543E-003
NH3 0.365E-002
C10H2 0.850E-007
H2CCC 0.168E-002
HC3N 0.103E+000
HC4H 0.173E-001
C5H2 0.274E-003
HC5N 0.472E-003
C6H2 0.597E-002
C7H2 0.186E-004
C8H2 0.347E-004
C9H2 0.425E-006
HS 0.421E-003
C2N 0.892E-004
C3N 0.748E-002
C5N 0.879E-005
C7N 0.656E-006
HC7N 0.169E-003
C9N 0.193E-008
HC9N 0.617E-006
NO 0.223E-004
NS 0.101E-005
NO2 0.101E-010
SO2 0.406E-008
C2O 0.193E-005
SO 0.127E-004
HNC 0.135E-001
C2H4 0.322E-002
C2H5 0.317E-010
C2H5OH 0.343E-012
C2S 0.297E-003
C3O 0.858E-006
C3S 0.792E-003
C4H3 0.228E-004
C4S 0.428E-005
C6H6 0.412E-003
CCP 0.530E-007
CCL 0.466E-007
CH2CCH2 0.688E-006
CH2CCH 0.993E-002
CH2CN 0.129E-006
CH2CO 0.433E-006
CH3CCH 0.943E-004
CH3CHCH2 0.305E-006
CH3CHO 0.100E-006
CH3COCH3 0.161E-013
CH3OCH3 0.380E-017
CP 0.131E-003
CLO 0.995E-028
FE 0.000E+000
H2S 0.195E-003
H2SIO 0.332E-016
HCOOCH3 0.230E-016
HCP 0.171E-002
HPO 0.133E-012
MG 0.000E+000
NCCN 0.248E-003
NA 0.000E+000
P 0.762E-005
PH 0.225E-008
PO 0.143E-008
SI 0.550E-001
SIC2 0.135E+001
SIC2H 0.310E-001
SIC3 0.452E-004
SIC 0.242E-002
SICH2 0.840E-005
SICH3 0.453E-008
SIH2 0.620E-009
SIH3 0.101E-013
SIN 0.662E-005
SIS 0.436E+000
S 0.381E-001
N2 0.292E+001
C2H3 0.121E-003
CH3CH3 0.291E-007
PN 0.148E-010
CL 0.398E-002
C3H2 0.247E-002
C4P 0.126E-010
CH3C4H 0.652E-004
CH3C6H 0.284E-005
H2CS 0.165E-004
H2S2 0.522E-009
HC2P 0.566E-010
HCSI 0.426E-004
HCL 0.200E-001
HNSI 0.389E-005
HS2 0.183E-008
N2O 0.498E-010
PH2 0.557E-014
S2 0.204E-006
SIC2H2 0.388E-004
SIC3H 0.103E-004
SIC4 0.186E-004
SIH4 0.936E-014
SIH 0.537E-004
SINC 0.392E-007
SIO 0.303E+000
F 0.337E-006
HE 0.126E+005
HCNO 0.225E-008
HNCO 0.132E-008
HONC 0.350E-014
HNO 0.748E-006
HCOOH 0.631E-009
C11 0.620E-011
C2H5CN 0.179E-009
C3P 0.151E-010
CH2CHCCH 0.465E-006
CH2CHCHCH2 0.142E-011
CH2CHCN 0.940E-004
CH2NH 0.100E-005
CH2PH 0.103E-012
CH3C3N 0.349E-005
CH3C5N 0.383E-009
CH3C7N 0.145E-009
CNO 0.468E-019
H2CN 0.654E-005
H2O2 0.107E-026
HCS 0.156E-004
HF 0.125E-002
HNC3 0.106E-003
HOCN 0.111E-008
NH2CN 0.137E-004
O2H 0.121E-012
OCN 0.988E-004
SIO2 0.760E-005
HCO+ 0.357E-004
H+ 0.584E-006
HOC+ 0.126E-007
C+ 0.300E-003
C10H+ 0.789E-009
C2H4+ 0.622E-004
C2H5+ 0.177E-005
C2H5OH+ 0.313E-014
C2O+ 0.103E-010
C2S+ 0.380E-008
C3O+ 0.191E-014
C3S+ 0.972E-006
C4H3+ 0.656E-003
C4S+ 0.100E-005
C6H6+ 0.887E-008
CCP+ 0.418E-008
CCL+ 0.143E-006
CH2+ 0.167E-006
C3H4+ 0.230E-005
CH2CCH+ 0.436E-005
CH2CN+ 0.223E-005
CH2CO+ 0.370E-006
C3H6+ 0.486E-008
CH3CHO+ 0.644E-009
CH3COCH3+ 0.584E-016
CH3OCH3+ 0.325E-019
CH+ 0.483E-007
CP+ 0.533E-012
CLO+ 0.812E-033
FE+ 0.000E+000
H2CO+ 0.125E-006
H2S+ 0.317E-005
H2SIO+ 0.288E-012
C4H2+ 0.110E-003
COOCH4+ 0.350E-021
HCP+ 0.425E-011
HPO+ 0.142E-008
MG+ 0.000E+000
C2N+ 0.439E-006
CNC+ 0.398E-004
NH3+ 0.131E-004
NO+ 0.876E-007
NS+ 0.258E-007
NA+ 0.000E+000
OCS+ 0.136E-004
P+ 0.319E-006
PH+ 0.204E-010
PO+ 0.488E-009
SO+ 0.837E-006
SI+ 0.117E-001
SIC2+ 0.311E-007
SIC2H+ 0.718E-003
SIC3+ 0.770E-005
SIC+ 0.417E-008
SICH2+ 0.175E-004
SICH3+ 0.340E-008
SIH2+ 0.112E-006
SIH3+ 0.236E-009
SIN+ 0.236E-006
SIS+ 0.100E-003
C2+ 0.193E-006
S+ 0.102E-002
CN+ 0.404E-010
CO+ 0.772E-010
N2+ 0.752E-011
O2+ 0.100E-007
C2H+ 0.218E-006
C2H2+ 0.198E-002
C2H3+ 0.136E-001
C5H2+ 0.732E-005
C6H2+ 0.106E-004
C7H2+ 0.106E-006
C3H3+ 0.108E-004
CO2+ 0.100E-015
HC3N+ 0.128E-005
HCN+ 0.112E-009
C2N2+ 0.373E-010
C3+ 0.394E-008
C5+ 0.327E-009
CH3CH3+ 0.173E-010
PN+ 0.782E-018
H2O+ 0.991E-007
NH2+ 0.527E-008
O+ 0.196E-011
OH+ 0.414E-009
CH3+ 0.177E-003
CH4+ 0.464E-006
CH3OH+ 0.674E-012
N+ 0.515E-010
SO2+ 0.517E-017
CS+ 0.585E-006
CL+ 0.253E-008
C10+ 0.789E-011
C10H2+ 0.178E-008
C3H2+ 0.319E-004
C3H+ 0.416E-005
C4+ 0.443E-009
C4H+ 0.287E-007
C4P+ 0.475E-018
C5H+ 0.809E-006
C6+ 0.141E-008
C6H+ 0.197E-006
C7+ 0.274E-009
C7H+ 0.797E-007
C8+ 0.484E-009
C8H2+ 0.221E-006
C8H+ 0.484E-010
C9+ 0.148E-010
C9H2+ 0.124E-007
C9H+ 0.188E-008
CH3C4H+ 0.213E-005
C7H4+ 0.249E-006
CH3CN+ 0.112E-008
H2CS+ 0.609E-007
H2S2+ 0.421E-009
HC2P+ 0.545E-007
HC5N+ 0.388E-011
HC7N+ 0.725E-007
HC9N+ 0.265E-009
HCSI+ 0.621E-008
HCL+ 0.112E-007
HNSI+ 0.133E-013
HS2+ 0.264E-008
HS+ 0.178E-006
N2O+ 0.216E-012
NH+ 0.233E-010
PH2+ 0.749E-011
S2+ 0.817E-007
SIC2H2+ 0.659E-005
SIC3H+ 0.356E-005
SIC4+ 0.141E-004
SIH4+ 0.133E-023
SIH+ 0.648E-006
SINC+ 0.305E-004
SIO+ 0.307E-005
H2+ 0.570E-008
F+ 0.145E-012
HE+ 0.595E-006
C3N+ 0.196E-010
HCNO+ 0.662E-019
HNCO+ 0.443E-013
HONC+ 0.253E-024
HNO+ 0.244E-009
HCOOH+ 0.365E-011
NO2+ 0.215E-015
CH2CHCNH+ 0.108E-006
HCS+ 0.198E-003
C10H3+ 0.449E-009
C11+ 0.140E-011
C2H5CNH+ 0.607E-010
C2H5OH2+ 0.107E-012
C2H7+ 0.153E-014
C2NH+ 0.839E-005
C3H2O+ 0.705E-008
C3H5+ 0.453E-004
C3H7+ 0.133E-004
C4H4+ 0.117E-007
C4H5+ 0.144E-005
C4H7+ 0.889E-009
C4N+ 0.316E-007
C5H3+ 0.516E-005
C5H5+ 0.515E-005
C5N+ 0.117E-012
C6H3+ 0.313E-005
C6H4+ 0.332E-005
C6H5+ 0.795E-007
C6H7+ 0.974E-005
C7H3+ 0.269E-006
C7H5+ 0.411E-006
C7N+ 0.119E-011
C8H3+ 0.540E-006
C8H4+ 0.260E-006
C8H5+ 0.377E-009
C9H3+ 0.175E-007
C9H4+ 0.560E-008
C9H5+ 0.260E-011
C9N+ 0.375E-014
CF+ 0.130E-006
CH2CHCN+ 0.127E-006
CH2NH2+ 0.136E-010
CH3C3N+ 0.498E-011
CH3C3NH+ 0.412E-007
CH3C5NH+ 0.112E-009
CH3C7NH+ 0.403E-010
CH3CHOH+ 0.130E-007
CH3CNH+ 0.731E-004
CH3CO+ 0.477E-007
CH3COCH4+ 0.167E-013
CH3CS+ 0.466E-007
CH3OCH4+ 0.566E-017
CH3OH2+ 0.834E-009
CH4N+ 0.380E-007
CH5+ 0.154E-004
H2C4N+ 0.499E-011
H2C7N+ 0.182E-006
H2C9N+ 0.659E-009
H2CCL+ 0.175E-007
H2CNO+ 0.323E-009
H2CL+ 0.114E-004
H2F+ 0.365E-008
H2NC+ 0.817E-007
H2NCO+ 0.400E-010
H2NO+ 0.628E-012
H2OCN+ 0.363E-009
H2PO+ 0.109E-012
H3+ 0.446E-005
H3C3O+ 0.268E-006
H3C5N+ 0.117E-007
H3C7N+ 0.924E-009
H3C9N+ 0.214E-010
H3CO+ 0.787E-008
H3CS+ 0.267E-005
H3O+ 0.969E-004
H3S+ 0.121E-006
H3S2+ 0.289E-009
H3SIO+ 0.231E-017
H5C2O2+ 0.230E-016
HC2O+ 0.242E-005
HC2S+ 0.181E-003
HC3NH+ 0.116E-003
HC3O+ 0.458E-008
HC3S+ 0.349E-006
HC4N+ 0.439E-011
HC4S+ 0.267E-005
HC5NH+ 0.490E-008
HCNH+ 0.586E-002
HCNOH+ 0.632E-014
HCO2+ 0.725E-008
HCOOH2+ 0.122E-009
HF+ 0.423E-013
HN2O+ 0.159E-015
HNCOH+ 0.726E-009
HNS+ 0.572E-011
HOCN+ 0.443E-013
HOCS+ 0.301E-008
HPN+ 0.122E-015
HSO+ 0.867E-010
HSO2+ 0.258E-014
HSIO2+ 0.453E-010
HSIS+ 0.618E-005
HEH+ 0.840E-010
N2H+ 0.328E-006
NCCNCH3+ 0.584E-011
NCCNH+ 0.885E-007
NH2CNH+ 0.551E-010
NH4+ 0.819E-005
O2H+ 0.660E-015
OCN+ 0.332E-014
PC2H2+ 0.711E-010
PC2H3+ 0.499E-014
PC2H4+ 0.195E-014
PC3H+ 0.985E-011
PC4H+ 0.282E-010
PCH2+ 0.263E-007
PCH3+ 0.194E-012
PCH4+ 0.839E-013
PH3+ 0.491E-014
PNH2+ 0.117E-010
PNH3+ 0.682E-014
SIC2H3+ 0.309E-005
SIC3H2+ 0.960E-005
SIC4H+ 0.372E-005
SICH4+ 0.363E-008
SIF+ 0.101E-004
SIH5+ 0.236E-014
SINCH+ 0.286E-007
SINH2+ 0.251E-005
SIOH+ 0.200E-002
