C- 0.158E-009
E 0.399E-001
C2- 0.737E-009
C3- 0.113E-006
C4- 0.706E-004
C5- 0.441E-005
C6- 0.215E-004
C7- 0.260E-005
C8- 0.865E-006
C10- 0.768E-008
C2H- 0.535E-008
C3H- 0.111E-008
C3N- 0.181E-004
C4H- 0.947E-007
C5H- 0.252E-004
C6H- 0.185E-003
C7H- 0.235E-004
C8H- 0.263E-005
C9- 0.143E-006
C9H- 0.269E-006
CH- 0.260E-010
O- 0.237E-012
OH- 0.264E-009
S- 0.233E-009
CN- 0.480E-007
H- 0.212E-008
C10H- 0.226E-008
C5N- 0.401E-005
O2- 0.397E-022
C 0.158E+000
C2 0.445E-001
CH2 0.153E-001
C2H2 0.229E+001
CH 0.633E-002
C2H 0.222E+000
CO2 0.979E-004
CO 0.514E+002
H2O 0.147E+000
H2CO 0.198E-004
N 0.884E-001
CN 0.356E+000
NH 0.207E-003
HCN 0.214E+001
O2 0.165E-004
O 0.187E+000
OH 0.196E-001
HCO 0.145E-004
C4 0.155E-002
C3 0.735E-002
C5 0.348E-004
C6 0.285E-004
C7 0.146E-005
C8 0.120E-005
C9 0.656E-007
C10 0.120E-007
C3H 0.846E-002
C4H 0.164E-001
C4N 0.669E-005
C5H 0.156E-003
C6H 0.640E-003
C7H 0.293E-004
C8H 0.990E-005
C9H 0.352E-006
C10H 0.121E-007
CS 0.645E+000
CH3 0.616E-002
CH3CN 0.452E-003
CH3OH 0.349E-009
OCS 0.103E-002
CH4 0.186E+000
H 0.280E+001
H2 0.644E+005
NH2 0.554E-003
NH3 0.305E-002
C10H2 0.141E-006
H2CCC 0.191E-002
HC3N 0.100E+000
HC4H 0.179E-001
C5H2 0.281E-003
HC5N 0.610E-003
C6H2 0.603E-002
C7H2 0.228E-004
C8H2 0.442E-004
C9H2 0.547E-006
HS 0.463E-003
C2N 0.119E-003
C3N 0.804E-002
C5N 0.133E-004
C7N 0.101E-005
HC7N 0.210E-003
C9N 0.365E-008
HC9N 0.965E-006
NO 0.289E-004
NS 0.133E-005
NO2 0.143E-010
SO2 0.575E-008
C2O 0.231E-005
SO 0.152E-004
HNC 0.133E-001
C2H4 0.255E-002
C2H5 0.536E-010
C2H5OH 0.330E-012
C2S 0.389E-003
C3O 0.866E-006
C3S 0.893E-003
C4H3 0.241E-004
C4S 0.477E-005
C6H6 0.375E-003
CCP 0.828E-007
CCL 0.614E-007
CH2CCH2 0.754E-006
CH2CCH 0.979E-002
CH2CN 0.177E-006
CH2CO 0.556E-006
CH3CCH 0.979E-004
CH3CHCH2 0.371E-006
CH3CHO 0.962E-007
CH3COCH3 0.240E-013
CH3OCH3 0.587E-017
CP 0.135E-003
CLO 0.864E-028
FE 0.000E+000
H2S 0.155E-003
H2SIO 0.377E-016
HCOOCH3 0.351E-016
HCP 0.147E-002
HPO 0.191E-012
MG 0.000E+000
NCCN 0.311E-003
NA 0.000E+000
P 0.937E-005
PH 0.301E-008
PO 0.227E-008
SI 0.557E-001
SIC2 0.117E+001
SIC2H 0.309E-001
SIC3 0.609E-004
SIC 0.247E-002
SICH2 0.101E-004
SICH3 0.593E-008
SIH2 0.655E-009
SIH3 0.217E-015
SIN 0.841E-005
SIS 0.379E+000
S 0.398E-001
N2 0.254E+001
C2H3 0.138E-003
CH3CH3 0.354E-007
PN 0.230E-010
CL 0.416E-002
C3H2 0.287E-002
C4P 0.204E-010
CH3C4H 0.626E-004
CH3C6H 0.297E-005
H2CS 0.207E-004
H2S2 0.618E-009
HC2P 0.860E-010
HCSI 0.558E-004
HCL 0.168E-001
HNSI 0.493E-005
HS2 0.198E-008
N2O 0.798E-010
PH2 0.830E-014
S2 0.257E-006
SIC2H2 0.391E-004
SIC3H 0.157E-004
SIC4 0.184E-004
SIH4 0.857E-014
SIH 0.783E-004
SINC 0.513E-007
SIO 0.253E+000
F 0.411E-006
HE 0.109E+005
HCNO 0.332E-008
HNCO 0.183E-008
HONC 0.620E-014
HNO 0.908E-006
HCOOH 0.607E-009
C11 0.123E-010
C2H5CN 0.305E-009
C3P 0.251E-010
CH2CHCCH 0.527E-006
CH2CHCHCH2 0.230E-011
CH2CHCN 0.970E-004
CH2NH 0.114E-005
CH2PH 0.145E-012
CH3C3N 0.453E-005
CH3C5N 0.741E-009
CH3C7N 0.269E-009
CNO 0.938E-019
H2CN 0.831E-005
H2O2 0.919E-027
HCS 0.185E-004
HF 0.108E-002
HNC3 0.110E-003
HOCN 0.153E-008
NH2CN 0.144E-004
O2H 0.196E-012
OCN 0.126E-003
SIO2 0.770E-005
HCO+ 0.350E-004
H+ 0.584E-006
HOC+ 0.137E-007
C+ 0.367E-003
C10H+ 0.992E-009
C2H4+ 0.587E-004
C2H5+ 0.168E-005
C2H5OH+ 0.334E-014
C2O+ 0.180E-010
C2S+ 0.566E-008
C3O+ 0.276E-014
C3S+ 0.131E-005
C4H3+ 0.519E-003
C4S+ 0.142E-005
C6H6+ 0.125E-007
CCP+ 0.502E-008
CCL+ 0.171E-006
CH2+ 0.200E-006
C3H4+ 0.224E-005
CH2CCH+ 0.486E-005
CH2CN+ 0.305E-005
CH2CO+ 0.416E-006
C3H6+ 0.589E-008
CH3CHO+ 0.651E-009
CH3COCH3+ 0.967E-016
CH3OCH3+ 0.548E-019
CH+ 0.655E-007
CP+ 0.766E-012
CLO+ 0.102E-032
FE+ 0.000E+000
H2CO+ 0.166E-006
H2S+ 0.275E-005
H2SIO+ 0.253E-012
C4H2+ 0.116E-003
COOCH4+ 0.775E-021
HCP+ 0.521E-011
HPO+ 0.191E-008
MG+ 0.000E+000
C2N+ 0.594E-006
CNC+ 0.472E-004
NH3+ 0.128E-004
NO+ 0.125E-006
NS+ 0.300E-007
NA+ 0.000E+000
OCS+ 0.143E-004
P+ 0.485E-006
PH+ 0.277E-010
PO+ 0.757E-009
SO+ 0.122E-005
SI+ 0.145E-001
SIC2+ 0.455E-007
SIC2H+ 0.781E-003
SIC3+ 0.105E-004
SIC+ 0.542E-008
SICH2+ 0.224E-004
SICH3+ 0.369E-008
SIH2+ 0.119E-006
SIH3+ 0.197E-009
SIN+ 0.322E-006
SIS+ 0.115E-003
C2+ 0.257E-006
S+ 0.130E-002
CN+ 0.400E-010
CO+ 0.104E-009
N2+ 0.749E-011
O2+ 0.141E-007
C2H+ 0.289E-006
C2H2+ 0.190E-002
C2H3+ 0.126E-001
C5H2+ 0.770E-005
C6H2+ 0.113E-004
C7H2+ 0.127E-006
C3H3+ 0.113E-004
CO2+ 0.115E-015
HC3N+ 0.152E-005
HCN+ 0.128E-009
C2N2+ 0.536E-010
C3+ 0.601E-008
C5+ 0.445E-009
CH3CH3+ 0.239E-010
PN+ 0.126E-017
H2O+ 0.972E-007
NH2+ 0.616E-008
O+ 0.198E-011
OH+ 0.496E-009
CH3+ 0.210E-003
CH4+ 0.443E-006
CH3OH+ 0.774E-012
N+ 0.534E-010
SO2+ 0.854E-017
CS+ 0.580E-006
CL+ 0.303E-008
C10+ 0.134E-010
C10H2+ 0.245E-008
C3H2+ 0.358E-004
C3H+ 0.472E-005
C4+ 0.638E-009
C4H+ 0.420E-007
C4P+ 0.798E-018
C5H+ 0.858E-006
C6+ 0.190E-008
C6H+ 0.228E-006
C7+ 0.386E-009
C7H+ 0.103E-006
C8+ 0.734E-009
C8H2+ 0.262E-006
C8H+ 0.654E-010
C9+ 0.236E-010
C9H2+ 0.142E-007
C9H+ 0.244E-008
CH3C4H+ 0.208E-005
C7H4+ 0.211E-006
CH3CN+ 0.153E-008
H2CS+ 0.735E-007
H2S2+ 0.328E-009
HC2P+ 0.720E-007
HC5N+ 0.542E-011
HC7N+ 0.101E-006
HC9N+ 0.461E-009
HCSI+ 0.838E-008
HCL+ 0.112E-007
HNSI+ 0.179E-013
HS2+ 0.281E-008
HS+ 0.179E-006
N2O+ 0.420E-012
NH+ 0.242E-010
PH2+ 0.106E-010
S2+ 0.104E-006
SIC2H2+ 0.649E-005
SIC3H+ 0.530E-005
SIC4+ 0.191E-004
SIH4+ 0.146E-024
SIH+ 0.616E-006
SINC+ 0.314E-004
SIO+ 0.295E-005
H2+ 0.570E-008
F+ 0.147E-012
HE+ 0.594E-006
C3N+ 0.257E-010
HCNO+ 0.114E-018
HNCO+ 0.649E-013
HONC+ 0.523E-024
HNO+ 0.276E-009
HCOOH+ 0.377E-011
NO2+ 0.359E-015
CH2CHCNH+ 0.103E-006
HCS+ 0.181E-003
C10H3+ 0.586E-009
C11+ 0.241E-011
C2H5CNH+ 0.884E-010
C2H5OH2+ 0.834E-013
C2H7+ 0.205E-014
C2NH+ 0.889E-005
C3H2O+ 0.693E-008
C3H5+ 0.426E-004
C3H7+ 0.136E-004
C4H4+ 0.978E-008
C4H5+ 0.120E-005
C4H7+ 0.650E-009
C4N+ 0.442E-007
C5H3+ 0.507E-005
C5H5+ 0.407E-005
C5N+ 0.157E-012
C6H3+ 0.292E-005
C6H4+ 0.296E-005
C6H5+ 0.603E-007
C6H7+ 0.606E-005
C7H3+ 0.245E-006
C7H5+ 0.318E-006
C7N+ 0.212E-011
C8H3+ 0.505E-006
C8H4+ 0.249E-006
C8H5+ 0.334E-009
C9H3+ 0.181E-007
C9H4+ 0.549E-008
C9H5+ 0.285E-011
C9N+ 0.801E-014
CF+ 0.166E-006
CH2CHCN+ 0.151E-006
CH2NH2+ 0.131E-010
CH3C3N+ 0.661E-011
CH3C3NH+ 0.507E-007
CH3C5NH+ 0.185E-009
CH3C7NH+ 0.639E-010
CH3CHOH+ 0.101E-007
CH3CNH+ 0.746E-004
CH3CO+ 0.524E-007
CH3COCH4+ 0.206E-013
CH3CS+ 0.482E-007
CH3OCH4+ 0.771E-017
CH3OH2+ 0.853E-009
CH4N+ 0.404E-007
CH5+ 0.149E-004
H2C4N+ 0.662E-011
H2C7N+ 0.233E-006
H2C9N+ 0.106E-008
H2CCL+ 0.192E-007
H2CNO+ 0.399E-009
H2CL+ 0.115E-004
H2F+ 0.302E-008
H2NC+ 0.105E-006
H2NCO+ 0.572E-010
H2NO+ 0.761E-012
H2OCN+ 0.456E-009
H2PO+ 0.130E-012
H3+ 0.444E-005
H3C3O+ 0.238E-006
H3C5N+ 0.127E-007
H3C7N+ 0.103E-008
H3C9N+ 0.299E-010
H3CO+ 0.759E-008
H3CS+ 0.286E-005
H3O+ 0.894E-004
H3S+ 0.905E-007
H3S2+ 0.275E-009
H3SIO+ 0.197E-017
H5C2O2+ 0.289E-016
HC2O+ 0.241E-005
HC2S+ 0.198E-003
HC3NH+ 0.989E-004
HC3O+ 0.518E-008
HC3S+ 0.506E-006
HC4N+ 0.574E-011
HC4S+ 0.245E-005
HC5NH+ 0.578E-008
HCNH+ 0.463E-002
HCNOH+ 0.947E-014
HCO2+ 0.795E-008
HCOOH2+ 0.100E-009
HF+ 0.429E-013
HN2O+ 0.261E-015
HNCOH+ 0.912E-009
HNS+ 0.753E-011
HOCN+ 0.648E-013
HOCS+ 0.284E-008
HPN+ 0.183E-015
HSO+ 0.104E-009
HSO2+ 0.370E-014
HSIO2+ 0.442E-010
HSIS+ 0.533E-005
HEH+ 0.840E-010
N2H+ 0.321E-006
NCCNCH3+ 0.898E-011
NCCNH+ 0.113E-006
NH2CNH+ 0.574E-010
NH4+ 0.625E-005
O2H+ 0.913E-015
OCN+ 0.345E-014
PC2H2+ 0.884E-010
PC2H3+ 0.534E-014
PC2H4+ 0.221E-014
PC3H+ 0.143E-010
PC4H+ 0.383E-010
PCH2+ 0.246E-007
PCH3+ 0.215E-012
PCH4+ 0.970E-013
PH3+ 0.617E-014
PNH2+ 0.152E-010
PNH3+ 0.776E-014
SIC2H3+ 0.298E-005
SIC3H2+ 0.121E-004
SIC4H+ 0.330E-005
SICH4+ 0.392E-008
SIF+ 0.112E-004
SIH5+ 0.172E-014
SINCH+ 0.313E-007
SINH2+ 0.264E-005
SIOH+ 0.178E-002
