C- 0.176E-009
E 0.392E-001
C2- 0.946E-009
C3- 0.141E-006
C4- 0.895E-004
C5- 0.600E-005
C6- 0.265E-004
C7- 0.372E-005
C8- 0.123E-005
C10- 0.135E-007
C2H- 0.349E-008
C3H- 0.133E-008
C3N- 0.197E-004
C4H- 0.124E-006
C5H- 0.320E-004
C6H- 0.232E-003
C7H- 0.291E-004
C8H- 0.321E-005
C9- 0.204E-006
C9H- 0.361E-006
CH- 0.156E-010
O- 0.238E-012
OH- 0.195E-009
S- 0.274E-009
CN- 0.669E-007
H- 0.190E-008
C10H- 0.386E-008
C5N- 0.632E-005
O2- 0.503E-022
C 0.142E+000
C2 0.508E-001
CH2 0.149E-001
C2H2 0.191E+001
CH 0.723E-002
C2H 0.233E+000
CO2 0.970E-004
CO 0.448E+002
H2O 0.125E+000
H2CO 0.233E-004
N 0.950E-001
CN 0.372E+000
NH 0.218E-003
HCN 0.178E+001
O2 0.197E-004
O 0.166E+000
OH 0.201E-001
HCO 0.166E-004
C4 0.180E-002
C3 0.769E-002
C5 0.440E-004
C6 0.322E-004
C7 0.185E-005
C8 0.154E-005
C9 0.858E-007
C10 0.189E-007
C3H 0.892E-002
C4H 0.174E-001
C4N 0.855E-005
C5H 0.185E-003
C6H 0.736E-003
C7H 0.332E-004
C8H 0.114E-004
C9H 0.442E-006
C10H 0.189E-007
CS 0.556E+000
CH3 0.631E-002
CH3CN 0.524E-003
CH3OH 0.381E-009
OCS 0.972E-003
CH4 0.156E+000
H 0.288E+001
H2 0.561E+005
NH2 0.556E-003
NH3 0.253E-002
C10H2 0.224E-006
H2CCC 0.210E-002
HC3N 0.962E-001
HC4H 0.181E-001
C5H2 0.290E-003
HC5N 0.762E-003
C6H2 0.602E-002
C7H2 0.279E-004
C8H2 0.548E-004
C9H2 0.708E-006
HS 0.507E-003
C2N 0.156E-003
C3N 0.860E-002
C5N 0.189E-004
C7N 0.149E-005
HC7N 0.255E-003
C9N 0.651E-008
HC9N 0.145E-005
NO 0.368E-004
NS 0.172E-005
NO2 0.194E-010
SO2 0.790E-008
C2O 0.266E-005
SO 0.179E-004
HNC 0.128E-001
C2H4 0.201E-002
C2H5 0.902E-010
C2H5OH 0.309E-012
C2S 0.497E-003
C3O 0.848E-006
C3S 0.991E-003
C4H3 0.251E-004
C4S 0.522E-005
C6H6 0.337E-003
CCP 0.124E-006
CCL 0.784E-007
CH2CCH2 0.757E-006
CH2CCH 0.951E-002
CH2CN 0.239E-006
CH2CO 0.697E-006
CH3CCH 0.101E-003
CH3CHCH2 0.308E-006
CH3CHO 0.901E-007
CH3COCH3 0.340E-013
CH3OCH3 0.883E-017
CP 0.135E-003
CLO 0.750E-028
FE 0.000E+000
H2S 0.122E-003
H2SIO 0.449E-016
HCOOCH3 0.505E-016
HCP 0.125E-002
HPO 0.264E-012
MG 0.000E+000
NCCN 0.376E-003
NA 0.000E+000
P 0.111E-004
PH 0.413E-008
PO 0.348E-008
SI 0.553E-001
SIC2 0.102E+001
SIC2H 0.304E-001
SIC3 0.836E-004
SIC 0.250E-002
SICH2 0.117E-004
SICH3 0.751E-008
SIH2 0.672E-009
SIH3 0.979E-014
SIN 0.104E-004
SIS 0.328E+000
S 0.409E-001
N2 0.220E+001
C2H3 0.157E-003
CH3CH3 0.294E-007
PN 0.349E-010
CL 0.426E-002
C3H2 0.324E-002
C4P 0.315E-010
CH3C4H 0.597E-004
CH3C6H 0.301E-005
H2CS 0.252E-004
H2S2 0.704E-009
HC2P 0.125E-009
HCSI 0.723E-004
HCL 0.140E-001
HNSI 0.605E-005
HS2 0.208E-008
N2O 0.125E-009
PH2 0.119E-013
S2 0.320E-006
SIC2H2 0.389E-004
SIC3H 0.230E-004
SIC4 0.181E-004
SIH4 0.761E-014
SIH 0.109E-003
SINC 0.649E-007
SIO 0.210E+000
F 0.493E-006
HE 0.954E+004
HCNO 0.473E-008
HNCO 0.255E-008
HONC 0.105E-013
HNO 0.107E-005
HCOOH 0.583E-009
C11 0.234E-010
C2H5CN 0.491E-009
C3P 0.394E-010
CH2CHCCH 0.584E-006
CH2CHCHCH2 0.210E-011
CH2CHCN 0.986E-004
CH2NH 0.125E-005
CH2PH 0.194E-012
CH3C3N 0.571E-005
CH3C5N 0.134E-008
CH3C7N 0.471E-009
CNO 0.181E-018
H2CN 0.103E-004
H2O2 0.791E-027
HCS 0.214E-004
HF 0.941E-003
HNC3 0.110E-003
HOCN 0.211E-008
NH2CN 0.150E-004
O2H 0.308E-012
OCN 0.157E-003
SIO2 0.769E-005
HCO+ 0.329E-004
H+ 0.568E-006
HOC+ 0.137E-007
C+ 0.368E-003
C10H+ 0.111E-008
C2H4+ 0.500E-004
C2H5+ 0.151E-005
C2H5OH+ 0.322E-014
C2O+ 0.284E-010
C2S+ 0.784E-008
C3O+ 0.317E-014
C3S+ 0.166E-005
C4H3+ 0.382E-003
C4S+ 0.195E-005
C6H6+ 0.172E-007
CCP+ 0.567E-008
CCL+ 0.192E-006
CH2+ 0.233E-006
C3H4+ 0.203E-005
CH2CCH+ 0.447E-005
CH2CN+ 0.387E-005
CH2CO+ 0.417E-006
C3H6+ 0.493E-008
CH3CHO+ 0.592E-009
CH3COCH3+ 0.143E-015
CH3OCH3+ 0.849E-019
CH+ 0.856E-007
CP+ 0.890E-012
CLO+ 0.121E-032
FE+ 0.000E+000
H2CO+ 0.197E-006
H2S+ 0.220E-005
H2SIO+ 0.201E-012
C4H2+ 0.112E-003
COOCH4+ 0.152E-020
HCP+ 0.528E-011
HPO+ 0.247E-008
MG+ 0.000E+000
C2N+ 0.736E-006
CNC+ 0.518E-004
NH3+ 0.115E-004
NO+ 0.162E-006
NS+ 0.347E-007
NA+ 0.000E+000
OCS+ 0.137E-004
P+ 0.690E-006
PH+ 0.362E-010
PO+ 0.113E-008
SO+ 0.169E-005
SI+ 0.173E-001
SIC2+ 0.603E-007
SIC2H+ 0.830E-003
SIC3+ 0.136E-004
SIC+ 0.606E-008
SICH2+ 0.274E-004
SICH3+ 0.367E-008
SIH2+ 0.122E-006
SIH3+ 0.157E-009
SIN+ 0.424E-006
SIS+ 0.128E-003
C2+ 0.336E-006
S+ 0.157E-002
CN+ 0.393E-010
CO+ 0.120E-009
N2+ 0.745E-011
O2+ 0.180E-007
C2H+ 0.375E-006
C2H2+ 0.182E-002
C2H3+ 0.105E-001
C5H2+ 0.759E-005
C6H2+ 0.110E-004
C7H2+ 0.140E-006
C3H3+ 0.108E-004
CO2+ 0.131E-015
HC3N+ 0.170E-005
HCN+ 0.144E-009
C2N2+ 0.744E-010
C3+ 0.721E-008
C5+ 0.496E-009
CH3CH3+ 0.190E-010
PN+ 0.197E-017
H2O+ 0.952E-007
NH2+ 0.708E-008
O+ 0.197E-011
OH+ 0.582E-009
CH3+ 0.224E-003
CH4+ 0.421E-006
CH3OH+ 0.821E-012
N+ 0.553E-010
SO2+ 0.133E-016
CS+ 0.575E-006
CL+ 0.357E-008
C10+ 0.213E-010
C10H2+ 0.302E-008
C3H2+ 0.347E-004
C3H+ 0.425E-005
C4+ 0.729E-009
C4H+ 0.573E-007
C4P+ 0.126E-017
C5H+ 0.808E-006
C6+ 0.240E-008
C6H+ 0.240E-006
C7+ 0.447E-009
C7H+ 0.118E-006
C8+ 0.101E-008
C8H2+ 0.281E-006
C8H+ 0.853E-010
C9+ 0.316E-010
C9H2+ 0.150E-007
C9H+ 0.282E-008
CH3C4H+ 0.182E-005
C7H4+ 0.169E-006
CH3CN+ 0.202E-008
H2CS+ 0.841E-007
H2S2+ 0.237E-009
HC2P+ 0.905E-007
HC5N+ 0.703E-011
HC7N+ 0.135E-006
HC9N+ 0.765E-009
HCSI+ 0.101E-007
HCL+ 0.113E-007
HNSI+ 0.230E-013
HS2+ 0.286E-008
HS+ 0.173E-006
N2O+ 0.758E-012
NH+ 0.252E-010
PH2+ 0.144E-010
S2+ 0.125E-006
SIC2H2+ 0.600E-005
SIC3H+ 0.742E-005
SIC4+ 0.250E-004
SIH4+ 0.166E-023
SIH+ 0.561E-006
SINC+ 0.319E-004
SIO+ 0.282E-005
H2+ 0.570E-008
F+ 0.149E-012
HE+ 0.593E-006
C3N+ 0.326E-010
HCNO+ 0.190E-018
HNCO+ 0.935E-013
HONC+ 0.103E-023
HNO+ 0.272E-009
HCOOH+ 0.366E-011
NO2+ 0.557E-015
CH2CHCNH+ 0.910E-007
HCS+ 0.153E-003
C10H3+ 0.671E-009
C11+ 0.337E-011
C2H5CNH+ 0.114E-009
C2H5OH2+ 0.603E-013
C2H7+ 0.145E-014
C2NH+ 0.877E-005
C3H2O+ 0.626E-008
C3H5+ 0.403E-004
C3H7+ 0.117E-004
C4H4+ 0.766E-008
C4H5+ 0.974E-006
C4H7+ 0.447E-009
C4N+ 0.496E-007
C5H3+ 0.465E-005
C5H5+ 0.311E-005
C5N+ 0.182E-012
C6H3+ 0.250E-005
C6H4+ 0.241E-005
C6H5+ 0.425E-007
C6H7+ 0.360E-005
C7H3+ 0.214E-006
C7H5+ 0.230E-006
C7N+ 0.356E-011
C8H3+ 0.435E-006
C8H4+ 0.215E-006
C8H5+ 0.273E-009
C9H3+ 0.175E-007
C9H4+ 0.512E-008
C9H5+ 0.290E-011
C9N+ 0.161E-013
CF+ 0.208E-006
CH2CHCN+ 0.162E-006
CH2NH2+ 0.123E-010
CH3C3N+ 0.785E-011
CH3C3NH+ 0.565E-007
CH3C5NH+ 0.268E-009
CH3C7NH+ 0.897E-010
CH3CHOH+ 0.744E-008
CH3CNH+ 0.701E-004
CH3CO+ 0.538E-007
CH3COCH4+ 0.232E-013
CH3CS+ 0.476E-007
CH3OCH4+ 0.950E-017
CH3OH2+ 0.807E-009
CH4N+ 0.403E-007
CH5+ 0.129E-004
H2C4N+ 0.785E-011
H2C7N+ 0.263E-006
H2C9N+ 0.148E-008
H2CCL+ 0.199E-007
H2CNO+ 0.490E-009
H2CL+ 0.102E-004
H2F+ 0.251E-008
H2NC+ 0.127E-006
H2NCO+ 0.678E-010
H2NO+ 0.897E-012
H2OCN+ 0.558E-009
H2PO+ 0.148E-012
H3+ 0.442E-005
H3C3O+ 0.200E-006
H3C5N+ 0.121E-007
H3C7N+ 0.104E-008
H3C9N+ 0.369E-010
H3CO+ 0.683E-008
H3CS+ 0.295E-005
H3O+ 0.754E-004
H3S+ 0.634E-007
H3S2+ 0.248E-009
H3SIO+ 0.157E-017
H5C2O2+ 0.338E-016
HC2O+ 0.206E-005
HC2S+ 0.209E-003
HC3NH+ 0.776E-004
HC3O+ 0.517E-008
HC3S+ 0.701E-006
HC4N+ 0.681E-011
HC4S+ 0.222E-005
HC5NH+ 0.656E-008
HCNH+ 0.345E-002
HCNOH+ 0.136E-013
HCO2+ 0.840E-008
HCOOH2+ 0.821E-010
HF+ 0.434E-013
HN2O+ 0.408E-015
HNCOH+ 0.112E-008
HNS+ 0.947E-011
HOCN+ 0.935E-013
HOCS+ 0.260E-008
HPN+ 0.260E-015
HSO+ 0.118E-009
HSO2+ 0.505E-014
HSIO2+ 0.418E-010
HSIS+ 0.453E-005
HEH+ 0.840E-010
N2H+ 0.308E-006
NCCNCH3+ 0.124E-010
NCCNH+ 0.129E-006
NH2CNH+ 0.576E-010
NH4+ 0.453E-005
O2H+ 0.123E-014
OCN+ 0.359E-014
PC2H2+ 0.104E-009
PC2H3+ 0.542E-014
PC2H4+ 0.235E-014
PC3H+ 0.191E-010
PC4H+ 0.475E-010
PCH2+ 0.234E-007
PCH3+ 0.228E-012
PCH4+ 0.107E-012
PH3+ 0.743E-014
PNH2+ 0.190E-010
PNH3+ 0.845E-014
SIC2H3+ 0.279E-005
SIC3H2+ 0.145E-004
SIC4H+ 0.284E-005
SICH4+ 0.389E-008
SIF+ 0.121E-004
SIH5+ 0.118E-014
SINCH+ 0.331E-007
SINH2+ 0.267E-005
SIOH+ 0.150E-002
