C- 0.226E-009
E 0.415E-001
C2- 0.123E-008
C3- 0.186E-006
C4- 0.113E-003
C5- 0.819E-005
C6- 0.321E-004
C7- 0.531E-005
C8- 0.174E-005
C10- 0.235E-007
C2H- 0.225E-008
C3H- 0.161E-008
C3N- 0.208E-004
C4H- 0.165E-006
C5H- 0.406E-004
C6H- 0.289E-003
C7H- 0.361E-004
C8H- 0.394E-005
C9- 0.293E-006
C9H- 0.495E-006
CH- 0.902E-011
O- 0.308E-012
OH- 0.140E-009
S- 0.325E-009
CN- 0.913E-007
H- 0.156E-008
C10H- 0.674E-008
C5N- 0.970E-005
O2- 0.484E-022
C 0.157E+000
C2 0.605E-001
CH2 0.148E-001
C2H2 0.157E+001
CH 0.841E-002
C2H 0.258E+000
CO2 0.952E-004
CO 0.390E+002
H2O 0.106E+000
H2CO 0.271E-004
N 0.105E+000
CN 0.393E+000
NH 0.232E-003
HCN 0.147E+001
O2 0.236E-004
O 0.177E+000
OH 0.207E-001
HCO 0.185E-004
C4 0.210E-002
C3 0.814E-002
C5 0.565E-004
C6 0.367E-004
C7 0.246E-005
C8 0.200E-005
C9 0.116E-006
C10 0.301E-007
C3H 0.949E-002
C4H 0.182E-001
C4N 0.108E-004
C5H 0.219E-003
C6H 0.853E-003
C7H 0.390E-004
C8H 0.132E-004
C9H 0.576E-006
C10H 0.307E-007
CS 0.477E+000
CH3 0.649E-002
CH3CN 0.593E-003
CH3OH 0.414E-009
OCS 0.892E-003
CH4 0.129E+000
H 0.297E+001
H2 0.488E+005
NH2 0.557E-003
NH3 0.208E-002
C10H2 0.348E-006
H2CCC 0.222E-002
HC3N 0.885E-001
HC4H 0.177E-001
C5H2 0.303E-003
HC5N 0.929E-003
C6H2 0.594E-002
C7H2 0.343E-004
C8H2 0.668E-004
C9H2 0.934E-006
HS 0.556E-003
C2N 0.202E-003
C3N 0.922E-002
C5N 0.273E-004
C7N 0.220E-005
HC7N 0.304E-003
C9N 0.118E-007
HC9N 0.215E-005
NO 0.464E-004
NS 0.224E-005
NO2 0.263E-010
SO2 0.104E-007
C2O 0.299E-005
SO 0.204E-004
HNC 0.120E-001
C2H4 0.154E-002
C2H5 0.162E-009
C2H5OH 0.277E-012
C2S 0.630E-003
C3O 0.794E-006
C3S 0.109E-002
C4H3 0.257E-004
C4S 0.569E-005
C6H6 0.301E-003
CCP 0.184E-006
CCL 0.985E-007
CH2CCH2 0.801E-006
CH2CCH 0.901E-002
CH2CN 0.322E-006
CH2CO 0.874E-006
CH3CCH 0.102E-003
CH3CHCH2 0.455E-006
CH3CHO 0.816E-007
CH3COCH3 0.464E-013
CH3OCH3 0.132E-016
CP 0.137E-003
CLO 0.651E-028
FE 0.000E+000
H2S 0.928E-004
H2SIO 0.503E-016
HCOOCH3 0.698E-016
HCP 0.107E-002
HPO 0.357E-012
MG 0.000E+000
NCCN 0.443E-003
NA 0.000E+000
P 0.134E-004
PH 0.584E-008
PO 0.528E-008
SI 0.552E-001
SIC2 0.882E+000
SIC2H 0.295E-001
SIC3 0.117E-003
SIC 0.254E-002
SICH2 0.134E-004
SICH3 0.936E-008
SIH2 0.670E-009
SIH3 0.929E-014
SIN 0.128E-004
SIS 0.285E+000
S 0.423E-001
N2 0.191E+001
C2H3 0.178E-003
CH3CH3 0.434E-007
PN 0.531E-010
CL 0.439E-002
C3H2 0.360E-002
C4P 0.470E-010
CH3C4H 0.567E-004
CH3C6H 0.297E-005
H2CS 0.304E-004
H2S2 0.777E-009
HC2P 0.178E-009
HCSI 0.942E-004
HCL 0.115E-001
HNSI 0.731E-005
HS2 0.213E-008
N2O 0.190E-009
PH2 0.169E-013
S2 0.395E-006
SIC2H2 0.385E-004
SIC3H 0.328E-004
SIC4 0.178E-004
SIH4 0.645E-014
SIH 0.147E-003
SINC 0.807E-007
SIO 0.173E+000
F 0.290E-005
HE 0.830E+004
HCNO 0.663E-008
HNCO 0.353E-008
HONC 0.176E-013
HNO 0.126E-005
HCOOH 0.561E-009
C11 0.469E-010
C2H5CN 0.763E-009
C3P 0.599E-010
CH2CHCCH 0.649E-006
CH2CHCHCH2 0.444E-011
CH2CHCN 0.984E-004
CH2NH 0.133E-005
CH2PH 0.253E-012
CH3C3N 0.708E-005
CH3C5N 0.237E-008
CH3C7N 0.808E-009
CNO 0.352E-018
H2CN 0.127E-004
H2O2 0.688E-027
HCS 0.245E-004
HF 0.815E-003
HNC3 0.104E-003
HOCN 0.292E-008
NH2CN 0.153E-004
O2H 0.464E-012
OCN 0.192E-003
SIO2 0.760E-005
HCO+ 0.322E-004
H+ 0.579E-006
HOC+ 0.161E-007
C+ 0.518E-003
C10H+ 0.141E-008
C2H4+ 0.472E-004
C2H5+ 0.139E-005
C2H5OH+ 0.320E-014
C2O+ 0.472E-010
C2S+ 0.121E-007
C3O+ 0.487E-014
C3S+ 0.211E-005
C4H3+ 0.280E-003
C4S+ 0.259E-005
C6H6+ 0.244E-007
CCP+ 0.685E-008
CCL+ 0.228E-006
CH2+ 0.279E-006
C3H4+ 0.189E-005
CH2CCH+ 0.537E-005
CH2CN+ 0.492E-005
CH2CO+ 0.458E-006
C3H6+ 0.678E-008
CH3CHO+ 0.566E-009
CH3COCH3+ 0.216E-015
CH3OCH3+ 0.139E-018
CH+ 0.114E-006
CP+ 0.145E-011
CLO+ 0.153E-032
FE+ 0.000E+000
H2CO+ 0.252E-006
H2S+ 0.184E-005
H2SIO+ 0.152E-012
C4H2+ 0.114E-003
COOCH4+ 0.314E-020
HCP+ 0.742E-011
HPO+ 0.308E-008
MG+ 0.000E+000
C2N+ 0.983E-006
CNC+ 0.614E-004
NH3+ 0.113E-004
NO+ 0.225E-006
NS+ 0.405E-007
NA+ 0.000E+000
OCS+ 0.138E-004
P+ 0.104E-005
PH+ 0.464E-010
PO+ 0.165E-008
SO+ 0.230E-005
SI+ 0.211E-001
SIC2+ 0.916E-007
SIC2H+ 0.866E-003
SIC3+ 0.172E-004
SIC+ 0.895E-008
SICH2+ 0.332E-004
SICH3+ 0.374E-008
SIH2+ 0.121E-006
SIH3+ 0.117E-009
SIN+ 0.542E-006
SIS+ 0.141E-003
C2+ 0.460E-006
S+ 0.201E-002
CN+ 0.391E-010
CO+ 0.188E-009
N2+ 0.743E-011
O2+ 0.247E-007
C2H+ 0.509E-006
C2H2+ 0.172E-002
C2H3+ 0.981E-002
C5H2+ 0.749E-005
C6H2+ 0.113E-004
C7H2+ 0.160E-006
C3H3+ 0.118E-004
CO2+ 0.148E-015
HC3N+ 0.195E-005
HCN+ 0.170E-009
C2N2+ 0.101E-009
C3+ 0.127E-007
C5+ 0.762E-009
CH3CH3+ 0.349E-010
PN+ 0.306E-017
H2O+ 0.927E-007
NH2+ 0.813E-008
O+ 0.203E-011
OH+ 0.688E-009
CH3+ 0.270E-003
CH4+ 0.395E-006
CH3OH+ 0.935E-012
N+ 0.578E-010
SO2+ 0.209E-016
CS+ 0.570E-006
CL+ 0.422E-008
C10+ 0.372E-010
C10H2+ 0.419E-008
C3H2+ 0.386E-004
C3H+ 0.544E-005
C4+ 0.119E-008
C4H+ 0.790E-007
C4P+ 0.191E-017
C5H+ 0.916E-006
C6+ 0.320E-008
C6H+ 0.275E-006
C7+ 0.701E-009
C7H+ 0.156E-006
C8+ 0.152E-008
C8H2+ 0.323E-006
C8H+ 0.113E-009
C9+ 0.552E-010
C9H2+ 0.162E-007
C9H+ 0.378E-008
CH3C4H+ 0.165E-005
C7H4+ 0.129E-006
CH3CN+ 0.262E-008
H2CS+ 0.893E-007
H2S2+ 0.153E-009
HC2P+ 0.110E-006
HC5N+ 0.933E-011
HC7N+ 0.177E-006
HC9N+ 0.124E-008
HCSI+ 0.146E-007
HCL+ 0.113E-007
HNSI+ 0.292E-013
HS2+ 0.277E-008
HS+ 0.162E-006
N2O+ 0.144E-011
NH+ 0.266E-010
PH2+ 0.191E-010
S2+ 0.144E-006
SIC2H2+ 0.538E-005
SIC3H+ 0.978E-005
SIC4+ 0.313E-004
SIH4+ 0.179E-023
SIH+ 0.495E-006
SINC+ 0.314E-004
SIO+ 0.267E-005
H2+ 0.570E-008
F+ 0.150E-012
HE+ 0.593E-006
C3N+ 0.437E-010
HCNO+ 0.311E-018
HNCO+ 0.132E-012
HONC+ 0.202E-023
HNO+ 0.299E-009
HCOOH+ 0.375E-011
NO2+ 0.895E-015
CH2CHCNH+ 0.849E-007
HCS+ 0.142E-003
C10H3+ 0.841E-009
C11+ 0.655E-011
C2H5CNH+ 0.152E-009
C2H5OH2+ 0.424E-013
C2H7+ 0.265E-014
C2NH+ 0.854E-005
C3H2O+ 0.605E-008
C3H5+ 0.366E-004
C3H7+ 0.125E-004
C4H4+ 0.551E-008
C4H5+ 0.806E-006
C4H7+ 0.292E-009
C4N+ 0.755E-007
C5H3+ 0.428E-005
C5H5+ 0.232E-005
C5N+ 0.261E-012
C6H3+ 0.213E-005
C6H4+ 0.196E-005
C6H5+ 0.292E-007
C6H7+ 0.193E-005
C7H3+ 0.186E-006
C7H5+ 0.153E-006
C7N+ 0.605E-011
C8H3+ 0.381E-006
C8H4+ 0.192E-006
C8H5+ 0.200E-009
C9H3+ 0.172E-007
C9H4+ 0.494E-008
C9H5+ 0.269E-011
C9N+ 0.332E-013
CF+ 0.271E-006
CH2CHCN+ 0.193E-006
CH2NH2+ 0.111E-010
CH3C3N+ 0.103E-010
CH3C3NH+ 0.634E-007
CH3C5NH+ 0.404E-009
CH3C7NH+ 0.132E-009
CH3CHOH+ 0.533E-008
CH3CNH+ 0.676E-004
CH3CO+ 0.563E-007
CH3COCH4+ 0.254E-013
CH3CS+ 0.449E-007
CH3OCH4+ 0.125E-016
CH3OH2+ 0.785E-009
CH4N+ 0.401E-007
CH5+ 0.129E-004
H2C4N+ 0.103E-010
H2C7N+ 0.322E-006
H2C9N+ 0.224E-008
H2CCL+ 0.204E-007
H2CNO+ 0.555E-009
H2CL+ 0.109E-004
H2F+ 0.201E-008
H2NC+ 0.159E-006
H2NCO+ 0.102E-009
H2NO+ 0.102E-011
H2OCN+ 0.657E-009
H2PO+ 0.159E-012
H3+ 0.440E-005
H3C3O+ 0.163E-006
H3C5N+ 0.124E-007
H3C7N+ 0.104E-008
H3C9N+ 0.488E-010
H3CO+ 0.564E-008
H3CS+ 0.294E-005
H3O+ 0.683E-004
H3S+ 0.421E-007
H3S2+ 0.207E-009
H3SIO+ 0.116E-017
H5C2O2+ 0.366E-016
HC2O+ 0.199E-005
HC2S+ 0.215E-003
HC3NH+ 0.598E-004
HC3O+ 0.543E-008
HC3S+ 0.938E-006
HC4N+ 0.861E-011
HC4S+ 0.200E-005
HC5NH+ 0.698E-008
HCNH+ 0.248E-002
HCNOH+ 0.186E-013
HCO2+ 0.856E-008
HCOOH2+ 0.641E-010
HF+ 0.440E-013
HN2O+ 0.613E-015
HNCOH+ 0.131E-008
HNS+ 0.119E-010
HOCN+ 0.132E-012
HOCS+ 0.228E-008
HPN+ 0.356E-015
HSO+ 0.132E-009
HSO2+ 0.654E-014
HSIO2+ 0.379E-010
HSIS+ 0.373E-005
HEH+ 0.840E-010
N2H+ 0.301E-006
NCCNCH3+ 0.172E-010
NCCNH+ 0.149E-006
NH2CNH+ 0.554E-010
NH4+ 0.326E-005
O2H+ 0.164E-014
OCN+ 0.378E-014
PC2H2+ 0.117E-009
PC2H3+ 0.510E-014
PC2H4+ 0.232E-014
PC3H+ 0.240E-010
PC4H+ 0.569E-010
PCH2+ 0.234E-007
PCH3+ 0.226E-012
PCH4+ 0.110E-012
PH3+ 0.847E-014
PNH2+ 0.228E-010
PNH3+ 0.854E-014
SIC2H3+ 0.249E-005
SIC3H2+ 0.165E-004
SIC4H+ 0.230E-005
SICH4+ 0.394E-008
SIF+ 0.125E-004
SIH5+ 0.739E-015
SINCH+ 0.334E-007
SINH2+ 0.258E-005
SIOH+ 0.130E-002
