C- 0.262E-009
E 0.420E-001
C2- 0.154E-008
C3- 0.222E-006
C4- 0.138E-003
C5- 0.110E-004
C6- 0.378E-004
C7- 0.733E-005
C8- 0.238E-005
C10- 0.396E-007
C2H- 0.151E-008
C3H- 0.189E-008
C3N- 0.217E-004
C4H- 0.205E-006
C5H- 0.502E-004
C6H- 0.351E-003
C7H- 0.441E-004
C8H- 0.474E-005
C9- 0.413E-006
C9H- 0.670E-006
CH- 0.530E-011
O- 0.322E-012
OH- 0.103E-009
S- 0.379E-009
CN- 0.122E-006
H- 0.140E-008
C10H- 0.114E-007
C5N- 0.143E-004
O2- 0.583E-022
C 0.146E+000
C2 0.701E-001
CH2 0.143E-001
C2H2 0.128E+001
CH 0.942E-002
C2H 0.268E+000
CO2 0.922E-004
CO 0.340E+002
H2O 0.894E-001
H2CO 0.307E-004
N 0.112E+000
CN 0.404E+000
NH 0.243E-003
HCN 0.121E+001
O2 0.273E-004
O 0.159E+000
OH 0.208E-001
HCO 0.203E-004
C4 0.236E-002
C3 0.850E-002
C5 0.699E-004
C6 0.396E-004
C7 0.304E-005
C8 0.247E-005
C9 0.150E-006
C10 0.459E-007
C3H 0.989E-002
C4H 0.189E-001
C4N 0.135E-004
C5H 0.250E-003
C6H 0.951E-003
C7H 0.437E-004
C8H 0.149E-004
C9H 0.719E-006
C10H 0.470E-007
CS 0.410E+000
CH3 0.653E-002
CH3CN 0.648E-003
CH3OH 0.442E-009
OCS 0.807E-003
CH4 0.107E+000
H 0.301E+001
H2 0.425E+005
NH2 0.546E-003
NH3 0.169E-002
C10H2 0.515E-006
H2CCC 0.230E-002
HC3N 0.801E-001
HC4H 0.168E-001
C5H2 0.320E-003
HC5N 0.109E-002
C6H2 0.577E-002
C7H2 0.422E-004
C8H2 0.791E-004
C9H2 0.123E-005
HS 0.605E-003
C2N 0.255E-003
C3N 0.983E-002
C5N 0.362E-004
C7N 0.307E-005
HC7N 0.352E-003
C9N 0.198E-007
HC9N 0.303E-005
NO 0.572E-004
NS 0.286E-005
NO2 0.339E-010
SO2 0.133E-007
C2O 0.321E-005
SO 0.229E-004
HNC 0.109E-001
C2H4 0.118E-002
C2H5 0.270E-009
C2H5OH 0.242E-012
C2S 0.775E-003
C3O 0.719E-006
C3S 0.118E-002
C4H3 0.258E-004
C4S 0.613E-005
C6H6 0.266E-003
CCP 0.259E-006
CCL 0.119E-006
CH2CCH2 0.754E-006
CH2CCH 0.842E-002
CH2CN 0.424E-006
CH2CO 0.106E-005
CH3CCH 0.102E-003
CH3CHCH2 0.385E-006
CH3CHO 0.719E-007
CH3COCH3 0.596E-013
CH3OCH3 0.188E-016
CP 0.136E-003
CLO 0.564E-028
FE 0.000E+000
H2S 0.702E-004
H2SIO 0.543E-016
HCOOCH3 0.904E-016
HCP 0.910E-003
HPO 0.462E-012
MG 0.000E+000
NCCN 0.504E-003
NA 0.000E+000
P 0.156E-004
PH 0.816E-008
PO 0.772E-008
SI 0.538E-001
SIC2 0.764E+000
SIC2H 0.281E-001
SIC3 0.161E-003
SIC 0.255E-002
SICH2 0.150E-004
SICH3 0.112E-007
SIH2 0.647E-009
SIH3 0.861E-014
SIN 0.154E-004
SIS 0.247E+000
S 0.429E-001
N2 0.166E+001
C2H3 0.198E-003
CH3CH3 0.368E-007
PN 0.782E-010
CL 0.442E-002
C3H2 0.388E-002
C4P 0.656E-010
CH3C4H 0.533E-004
CH3C6H 0.285E-005
H2CS 0.356E-004
H2S2 0.822E-009
HC2P 0.242E-009
HCSI 0.121E-003
HCL 0.940E-002
HNSI 0.852E-005
HS2 0.210E-008
N2O 0.283E-009
PH2 0.229E-013
S2 0.481E-006
SIC2H2 0.377E-004
SIC3H 0.446E-004
SIC4 0.173E-004
SIH4 0.529E-014
SIH 0.188E-003
SINC 0.969E-007
SIO 0.141E+000
F 0.284E-005
HE 0.723E+004
HCNO 0.895E-008
HNCO 0.479E-008
HONC 0.280E-013
HNO 0.144E-005
HCOOH 0.538E-009
C11 0.887E-010
C2H5CN 0.111E-008
C3P 0.853E-010
CH2CHCCH 0.705E-006
CH2CHCHCH2 0.406E-011
CH2CHCN 0.966E-004
CH2NH 0.138E-005
CH2PH 0.314E-012
CH3C3N 0.852E-005
CH3C5N 0.389E-008
CH3C7N 0.130E-008
CNO 0.657E-018
H2CN 0.153E-004
H2O2 0.626E-027
HCS 0.273E-004
HF 0.708E-003
HNC3 0.939E-004
HOCN 0.395E-008
NH2CN 0.153E-004
O2H 0.672E-012
OCN 0.229E-003
SIO2 0.740E-005
HCO+ 0.300E-004
H+ 0.569E-006
HOC+ 0.169E-007
C+ 0.568E-003
C10H+ 0.155E-008
C2H4+ 0.389E-004
C2H5+ 0.119E-005
C2H5OH+ 0.279E-014
C2O+ 0.695E-010
C2S+ 0.168E-007
C3O+ 0.564E-014
C3S+ 0.252E-005
C4H3+ 0.187E-003
C4S+ 0.328E-005
C6H6+ 0.335E-007
CCP+ 0.767E-008
CCL+ 0.251E-006
CH2+ 0.324E-006
C3H4+ 0.165E-005
CH2CCH+ 0.503E-005
CH2CN+ 0.568E-005
CH2CO+ 0.433E-006
C3H6+ 0.554E-008
CH3CHO+ 0.477E-009
CH3COCH3+ 0.283E-015
CH3OCH3+ 0.200E-018
CH+ 0.147E-006
CP+ 0.181E-011
CLO+ 0.182E-032
FE+ 0.000E+000
H2CO+ 0.280E-006
H2S+ 0.139E-005
H2SIO+ 0.102E-012
C4H2+ 0.103E-003
COOCH4+ 0.560E-020
HCP+ 0.817E-011
HPO+ 0.369E-008
MG+ 0.000E+000
C2N+ 0.117E-005
CNC+ 0.663E-004
NH3+ 0.989E-005
NO+ 0.276E-006
NS+ 0.469E-007
NA+ 0.000E+000
OCS+ 0.123E-004
P+ 0.146E-005
PH+ 0.564E-010
PO+ 0.231E-008
SO+ 0.295E-005
SI+ 0.245E-001
SIC2+ 0.122E-006
SIC2H+ 0.883E-003
SIC3+ 0.208E-004
SIC+ 0.109E-007
SICH2+ 0.381E-004
SICH3+ 0.341E-008
SIH2+ 0.117E-006
SIH3+ 0.832E-010
SIN+ 0.663E-006
SIS+ 0.151E-003
C2+ 0.612E-006
S+ 0.240E-002
CN+ 0.385E-010
CO+ 0.236E-009
N2+ 0.739E-011
O2+ 0.296E-007
C2H+ 0.670E-006
C2H2+ 0.162E-002
C2H3+ 0.786E-002
C5H2+ 0.680E-005
C6H2+ 0.105E-004
C7H2+ 0.166E-006
C3H3+ 0.114E-004
CO2+ 0.164E-015
HC3N+ 0.208E-005
HCN+ 0.194E-009
C2N2+ 0.131E-009
C3+ 0.164E-007
C5+ 0.908E-009
CH3CH3+ 0.284E-010
PN+ 0.455E-017
H2O+ 0.901E-007
NH2+ 0.915E-008
O+ 0.203E-011
OH+ 0.794E-009
CH3+ 0.283E-003
CH4+ 0.370E-006
CH3OH+ 0.956E-012
N+ 0.604E-010
SO2+ 0.307E-016
CS+ 0.564E-006
CL+ 0.488E-008
C10+ 0.599E-010
C10H2+ 0.507E-008
C3H2+ 0.362E-004
C3H+ 0.519E-005
C4+ 0.145E-008
C4H+ 0.999E-007
C4P+ 0.268E-017
C5H+ 0.896E-006
C6+ 0.393E-008
C6H+ 0.277E-006
C7+ 0.858E-009
C7H+ 0.176E-006
C8+ 0.205E-008
C8H2+ 0.327E-006
C8H+ 0.143E-009
C9+ 0.774E-010
C9H2+ 0.159E-007
C9H+ 0.438E-008
CH3C4H+ 0.130E-005
C7H4+ 0.928E-007
CH3CN+ 0.327E-008
H2CS+ 0.900E-007
H2S2+ 0.909E-010
HC2P+ 0.126E-006
HC5N+ 0.113E-010
HC7N+ 0.222E-006
HC9N+ 0.190E-008
HCSI+ 0.182E-007
HCL+ 0.113E-007
HNSI+ 0.354E-013
HS2+ 0.255E-008
HS+ 0.146E-006
N2O+ 0.249E-011
NH+ 0.280E-010
PH2+ 0.242E-010
S2+ 0.156E-006
SIC2H2+ 0.452E-005
SIC3H+ 0.121E-004
SIC4+ 0.376E-004
SIH4+ 0.188E-023
SIH+ 0.421E-006
SINC+ 0.303E-004
SIO+ 0.251E-005
H2+ 0.570E-008
F+ 0.153E-012
HE+ 0.593E-006
C3N+ 0.559E-010
HCNO+ 0.489E-018
HNCO+ 0.183E-012
HONC+ 0.375E-023
HNO+ 0.274E-009
HCOOH+ 0.355E-011
NO2+ 0.132E-014
CH2CHCNH+ 0.717E-007
HCS+ 0.118E-003
C10H3+ 0.891E-009
C11+ 0.980E-011
C2H5CNH+ 0.174E-009
C2H5OH2+ 0.276E-013
C2H7+ 0.191E-014
C2NH+ 0.762E-005
C3H2O+ 0.523E-008
C3H5+ 0.339E-004
C3H7+ 0.106E-004
C4H4+ 0.370E-008
C4H5+ 0.645E-006
C4H7+ 0.177E-009
C4N+ 0.875E-007
C5H3+ 0.359E-005
C5H5+ 0.164E-005
C5N+ 0.315E-012
C6H3+ 0.163E-005
C6H4+ 0.141E-005
C6H5+ 0.183E-007
C6H7+ 0.994E-006
C7H3+ 0.153E-006
C7H5+ 0.952E-007
C7N+ 0.969E-011
C8H3+ 0.301E-006
C8H4+ 0.149E-006
C8H5+ 0.133E-009
C9H3+ 0.155E-007
C9H4+ 0.442E-008
C9H5+ 0.227E-011
C9N+ 0.634E-013
CF+ 0.339E-006
CH2CHCN+ 0.202E-006
CH2NH2+ 0.949E-011
CH3C3N+ 0.117E-010
CH3C3NH+ 0.629E-007
CH3C5NH+ 0.518E-009
CH3C7NH+ 0.168E-009
CH3CHOH+ 0.355E-008
CH3CNH+ 0.587E-004
CH3CO+ 0.541E-007
CH3COCH4+ 0.250E-013
CH3CS+ 0.405E-007
CH3OCH4+ 0.142E-016
CH3OH2+ 0.691E-009
CH4N+ 0.368E-007
CH5+ 0.111E-004
H2C4N+ 0.118E-010
H2C7N+ 0.337E-006
H2C9N+ 0.287E-008
H2CCL+ 0.192E-007
H2CNO+ 0.634E-009
H2CL+ 0.975E-005
H2F+ 0.164E-008
H2NC+ 0.184E-006
H2NCO+ 0.117E-009
H2NO+ 0.112E-011
H2OCN+ 0.751E-009
H2PO+ 0.162E-012
H3+ 0.439E-005
H3C3O+ 0.124E-006
H3C5N+ 0.108E-007
H3C7N+ 0.928E-009
H3C9N+ 0.551E-010
H3CO+ 0.435E-008
H3CS+ 0.284E-005
H3O+ 0.552E-004
H3S+ 0.257E-007
H3S2+ 0.162E-009
H3SIO+ 0.793E-018
H5C2O2+ 0.366E-016
HC2O+ 0.156E-005
HC2S+ 0.213E-003
HC3NH+ 0.417E-004
HC3O+ 0.483E-008
HC3S+ 0.119E-005
HC4N+ 0.961E-011
HC4S+ 0.180E-005
HC5NH+ 0.719E-008
HCNH+ 0.165E-002
HCNOH+ 0.245E-013
HCO2+ 0.843E-008
HCOOH2+ 0.499E-010
HF+ 0.446E-013
HN2O+ 0.878E-015
HNCOH+ 0.150E-008
HNS+ 0.141E-010
HOCN+ 0.183E-012
HOCS+ 0.195E-008
HPN+ 0.456E-015
HSO+ 0.138E-009
HSO2+ 0.810E-014
HSIO2+ 0.334E-010
HSIS+ 0.302E-005
HEH+ 0.840E-010
N2H+ 0.284E-006
NCCNCH3+ 0.208E-010
NCCNH+ 0.153E-006
NH2CNH+ 0.511E-010
NH4+ 0.220E-005
O2H+ 0.212E-014
OCN+ 0.398E-014
PC2H2+ 0.124E-009
PC2H3+ 0.450E-014
PC2H4+ 0.215E-014
PC3H+ 0.279E-010
PC4H+ 0.611E-010
PCH2+ 0.235E-007
PCH3+ 0.214E-012
PCH4+ 0.108E-012
PH3+ 0.918E-014
PNH2+ 0.261E-010
PNH3+ 0.827E-014
SIC2H3+ 0.216E-005
SIC3H2+ 0.177E-004
SIC4H+ 0.180E-005
SICH4+ 0.359E-008
SIF+ 0.125E-004
SIH5+ 0.434E-015
SINCH+ 0.324E-007
SINH2+ 0.240E-005
SIOH+ 0.105E-002
