C- 0.323E-009
E 0.442E-001
C2- 0.192E-008
C3- 0.270E-006
C4- 0.167E-003
C5- 0.146E-004
C6- 0.435E-004
C7- 0.100E-004
C8- 0.319E-005
C10- 0.660E-007
C2H- 0.103E-008
C3H- 0.219E-008
C3N- 0.222E-004
C4H- 0.250E-006
C5H- 0.610E-004
C6H- 0.421E-003
C7H- 0.537E-004
C8H- 0.573E-005
C9- 0.585E-006
C9H- 0.915E-006
CH- 0.313E-011
O- 0.382E-012
OH- 0.754E-010
S- 0.440E-009
CN- 0.158E-006
H- 0.121E-008
C10H- 0.194E-007
C5N- 0.204E-004
O2- 0.588E-022
C 0.152E+000
C2 0.827E-001
CH2 0.138E-001
C2H2 0.102E+001
CH 0.106E-001
C2H 0.281E+000
CO2 0.883E-004
CO 0.296E+002
H2O 0.750E-001
H2CO 0.342E-004
N 0.122E+000
CN 0.414E+000
NH 0.253E-003
HCN 0.979E+000
O2 0.312E-004
O 0.156E+000
OH 0.209E-001
HCO 0.217E-004
C4 0.263E-002
C3 0.888E-002
C5 0.866E-004
C6 0.425E-004
C7 0.384E-005
C8 0.306E-005
C9 0.200E-006
C10 0.698E-007
C3H 0.103E-001
C4H 0.194E-001
C4N 0.166E-004
C5H 0.280E-003
C6H 0.105E-002
C7H 0.496E-004
C8H 0.169E-004
C9H 0.911E-006
C10H 0.725E-007
CS 0.351E+000
CH3 0.652E-002
CH3CN 0.684E-003
CH3OH 0.462E-009
OCS 0.709E-003
CH4 0.872E-001
H 0.304E+001
H2 0.371E+005
NH2 0.532E-003
NH3 0.136E-002
C10H2 0.735E-006
H2CCC 0.229E-002
HC3N 0.695E-001
HC4H 0.155E-001
C5H2 0.341E-003
HC5N 0.124E-002
C6H2 0.552E-002
C7H2 0.521E-004
C8H2 0.914E-004
C9H2 0.165E-005
HS 0.654E-003
C2N 0.317E-003
C3N 0.105E-001
C5N 0.476E-004
C7N 0.424E-005
HC7N 0.400E-003
C9N 0.327E-007
HC9N 0.416E-005
NO 0.696E-004
NS 0.364E-005
NO2 0.431E-010
SO2 0.164E-007
C2O 0.335E-005
SO 0.249E-004
HNC 0.964E-002
C2H4 0.877E-003
C2H5 0.444E-009
C2H5OH 0.202E-012
C2S 0.940E-003
C3O 0.618E-006
C3S 0.126E-002
C4H3 0.253E-004
C4S 0.661E-005
C6H6 0.234E-003
CCP 0.356E-006
CCL 0.140E-006
CH2CCH2 0.724E-006
CH2CCH 0.767E-002
CH2CN 0.551E-006
CH2CO 0.127E-005
CH3CCH 0.101E-003
CH3CHCH2 0.441E-006
CH3CHO 0.611E-007
CH3COCH3 0.730E-013
CH3OCH3 0.261E-016
CP 0.134E-003
CLO 0.489E-028
FE 0.000E+000
H2S 0.516E-004
H2SIO 0.574E-016
HCOOCH3 0.111E-015
HCP 0.771E-003
HPO 0.579E-012
MG 0.000E+000
NCCN 0.557E-003
NA 0.000E+000
P 0.181E-004
PH 0.114E-007
PO 0.111E-007
SI 0.523E-001
SIC2 0.661E+000
SIC2H 0.263E-001
SIC3 0.219E-003
SIC 0.258E-002
SICH2 0.163E-004
SICH3 0.131E-007
SIH2 0.608E-009
SIH3 0.783E-014
SIN 0.182E-004
SIS 0.213E+000
S 0.434E-001
N2 0.144E+001
C2H3 0.217E-003
CH3CH3 0.421E-007
PN 0.114E-009
CL 0.443E-002
C3H2 0.410E-002
C4P 0.872E-010
CH3C4H 0.499E-004
CH3C6H 0.269E-005
H2CS 0.410E-004
H2S2 0.837E-009
HC2P 0.318E-009
HCSI 0.154E-003
HCL 0.760E-002
HNSI 0.971E-005
HS2 0.203E-008
N2O 0.409E-009
PH2 0.300E-013
S2 0.579E-006
SIC2H2 0.365E-004
SIC3H 0.587E-004
SIC4 0.168E-004
SIH4 0.413E-014
SIH 0.231E-003
SINC 0.113E-006
SIO 0.114E+000
F 0.319E-005
HE 0.630E+004
HCNO 0.118E-007
HNCO 0.639E-008
HONC 0.434E-013
HNO 0.163E-005
HCOOH 0.516E-009
C11 0.171E-009
C2H5CN 0.153E-008
C3P 0.116E-009
CH2CHCCH 0.763E-006
CH2CHCHCH2 0.578E-011
CH2CHCN 0.932E-004
CH2NH 0.138E-005
CH2PH 0.376E-012
CH3C3N 0.101E-004
CH3C5N 0.609E-008
CH3C7N 0.200E-008
CNO 0.122E-017
H2CN 0.181E-004
H2O2 0.620E-027
HCS 0.300E-004
HF 0.614E-003
HNC3 0.802E-004
HOCN 0.529E-008
NH2CN 0.151E-004
O2H 0.938E-012
OCN 0.269E-003
SIO2 0.711E-005
HCO+ 0.284E-004
H+ 0.573E-006
HOC+ 0.195E-007
C+ 0.734E-003
C10H+ 0.183E-008
C2H4+ 0.335E-004
C2H5+ 0.101E-005
C2H5OH+ 0.241E-014
C2O+ 0.102E-009
C2S+ 0.240E-007
C3O+ 0.732E-014
C3S+ 0.296E-005
C4H3+ 0.123E-003
C4S+ 0.401E-005
C6H6+ 0.463E-007
CCP+ 0.877E-008
CCL+ 0.279E-006
CH2+ 0.379E-006
C3H4+ 0.144E-005
CH2CCH+ 0.533E-005
CH2CN+ 0.636E-005
CH2CO+ 0.422E-006
C3H6+ 0.582E-008
CH3CHO+ 0.401E-009
CH3COCH3+ 0.362E-015
CH3OCH3+ 0.287E-018
CH+ 0.189E-006
CP+ 0.267E-011
CLO+ 0.219E-032
FE+ 0.000E+000
H2CO+ 0.316E-006
H2S+ 0.106E-005
H2SIO+ 0.641E-013
C4H2+ 0.927E-004
COOCH4+ 0.973E-020
HCP+ 0.106E-010
HPO+ 0.427E-008
MG+ 0.000E+000
C2N+ 0.141E-005
CNC+ 0.731E-004
NH3+ 0.891E-005
NO+ 0.346E-006
NS+ 0.543E-007
NA+ 0.000E+000
OCS+ 0.111E-004
P+ 0.209E-005
PH+ 0.662E-010
PO+ 0.315E-008
SO+ 0.366E-005
SI+ 0.284E-001
SIC2+ 0.169E-006
SIC2H+ 0.880E-003
SIC3+ 0.242E-004
SIC+ 0.150E-007
SICH2+ 0.430E-004
SICH3+ 0.306E-008
SIH2+ 0.109E-006
SIH3+ 0.561E-010
SIN+ 0.782E-006
SIS+ 0.160E-003
C2+ 0.829E-006
S+ 0.293E-002
CN+ 0.389E-010
CO+ 0.346E-009
N2+ 0.736E-011
O2+ 0.361E-007
C2H+ 0.899E-006
C2H2+ 0.151E-002
C2H3+ 0.659E-002
C5H2+ 0.607E-005
C6H2+ 0.990E-005
C7H2+ 0.175E-006
C3H3+ 0.116E-004
CO2+ 0.181E-015
HC3N+ 0.221E-005
HCN+ 0.227E-009
C2N2+ 0.167E-009
C3+ 0.251E-007
C5+ 0.128E-008
CH3CH3+ 0.360E-010
PN+ 0.662E-017
H2O+ 0.870E-007
NH2+ 0.102E-007
O+ 0.209E-011
OH+ 0.914E-009
CH3+ 0.311E-003
CH4+ 0.342E-006
CH3OH+ 0.986E-012
N+ 0.635E-010
SO2+ 0.443E-016
CS+ 0.560E-006
CL+ 0.562E-008
C10+ 0.100E-009
C10H2+ 0.640E-008
C3H2+ 0.357E-004
C3H+ 0.588E-005
C4+ 0.212E-008
C4H+ 0.123E-006
C4P+ 0.353E-017
C5H+ 0.968E-006
C6+ 0.493E-008
C6H+ 0.285E-006
C7+ 0.121E-008
C7H+ 0.213E-006
C8+ 0.286E-008
C8H2+ 0.339E-006
C8H+ 0.181E-009
C9+ 0.124E-009
C9H2+ 0.158E-007
C9H+ 0.550E-008
CH3C4H+ 0.102E-005
C7H4+ 0.650E-007
CH3CN+ 0.396E-008
H2CS+ 0.844E-007
H2S2+ 0.481E-010
HC2P+ 0.138E-006
HC5N+ 0.136E-010
HC7N+ 0.271E-006
HC9N+ 0.281E-008
HCSI+ 0.246E-007
HCL+ 0.113E-007
HNSI+ 0.421E-013
HS2+ 0.223E-008
HS+ 0.128E-006
N2O+ 0.435E-011
NH+ 0.297E-010
PH2+ 0.299E-010
S2+ 0.162E-006
SIC2H2+ 0.368E-005
SIC3H+ 0.141E-004
SIC4+ 0.431E-004
SIH4+ 0.194E-023
SIH+ 0.349E-006
SINC+ 0.280E-004
SIO+ 0.234E-005
H2+ 0.570E-008
F+ 0.155E-012
HE+ 0.594E-006
C3N+ 0.730E-010
HCNO+ 0.755E-018
HNCO+ 0.249E-012
HONC+ 0.681E-023
HNO+ 0.260E-009
HCOOH+ 0.343E-011
NO2+ 0.193E-014
CH2CHCNH+ 0.624E-007
HCS+ 0.103E-003
C10H3+ 0.961E-009
C11+ 0.169E-010
C2H5CNH+ 0.196E-009
C2H5OH2+ 0.174E-013
C2H7+ 0.224E-014
C2NH+ 0.661E-005
C3H2O+ 0.462E-008
C3H5+ 0.307E-004
C3H7+ 0.100E-004
C4H4+ 0.230E-008
C4H5+ 0.522E-006
C4H7+ 0.102E-009
C4N+ 0.115E-006
C5H3+ 0.295E-005
C5H5+ 0.113E-005
C5N+ 0.424E-012
C6H3+ 0.122E-005
C6H4+ 0.989E-006
C6H5+ 0.111E-007
C6H7+ 0.473E-006
C7H3+ 0.125E-006
C7H5+ 0.554E-007
C7N+ 0.153E-010
C8H3+ 0.236E-006
C8H4+ 0.116E-006
C8H5+ 0.792E-010
C9H3+ 0.141E-007
C9H4+ 0.403E-008
C9H5+ 0.171E-011
C9N+ 0.120E-012
CF+ 0.429E-006
CH2CHCN+ 0.220E-006
CH2NH2+ 0.769E-011
CH3C3N+ 0.138E-010
CH3C3NH+ 0.606E-007
CH3C5NH+ 0.657E-009
CH3C7NH+ 0.212E-009
CH3CHOH+ 0.230E-008
CH3CNH+ 0.507E-004
CH3CO+ 0.516E-007
CH3COCH4+ 0.232E-013
CH3CS+ 0.347E-007
CH3OCH4+ 0.162E-016
CH3OH2+ 0.606E-009
CH4N+ 0.329E-007
CH5+ 0.102E-004
H2C4N+ 0.138E-010
H2C7N+ 0.359E-006
H2C9N+ 0.369E-008
H2CCL+ 0.175E-007
H2CNO+ 0.677E-009
H2CL+ 0.955E-005
H2F+ 0.130E-008
H2NC+ 0.212E-006
H2NCO+ 0.150E-009
H2NO+ 0.119E-011
H2OCN+ 0.827E-009
H2PO+ 0.155E-012
H3+ 0.436E-005
H3C3O+ 0.913E-007
H3C5N+ 0.951E-008
H3C7N+ 0.799E-009
H3C9N+ 0.626E-010
H3CO+ 0.316E-008
H3CS+ 0.264E-005
H3O+ 0.458E-004
H3S+ 0.148E-007
H3S2+ 0.118E-009
H3SIO+ 0.505E-018
H5C2O2+ 0.336E-016
HC2O+ 0.129E-005
HC2S+ 0.205E-003
HC3NH+ 0.284E-004
HC3O+ 0.428E-008
HC3S+ 0.144E-005
HC4N+ 0.107E-010
HC4S+ 0.163E-005
HC5NH+ 0.701E-008
HCNH+ 0.105E-002
HCNOH+ 0.309E-013
HCO2+ 0.799E-008
HCOOH2+ 0.376E-010
HF+ 0.452E-013
HN2O+ 0.121E-014
HNCOH+ 0.165E-008
HNS+ 0.165E-010
HOCN+ 0.249E-012
HOCS+ 0.161E-008
HPN+ 0.561E-015
HSO+ 0.140E-009
HSO2+ 0.951E-014
HSIO2+ 0.282E-010
HSIS+ 0.238E-005
HEH+ 0.840E-010
N2H+ 0.223E-006
NCCNCH3+ 0.244E-010
NCCNH+ 0.154E-006
NH2CNH+ 0.449E-010
NH4+ 0.146E-005
O2H+ 0.271E-014
OCN+ 0.422E-014
PC2H2+ 0.126E-009
PC2H3+ 0.365E-014
PC2H4+ 0.185E-014
PC3H+ 0.305E-010
PC4H+ 0.616E-010
PCH2+ 0.245E-007
PCH3+ 0.189E-012
PCH4+ 0.995E-013
PH3+ 0.934E-014
PNH2+ 0.288E-010
PNH3+ 0.744E-014
SIC2H3+ 0.180E-005
SIC3H2+ 0.180E-004
SIC4H+ 0.132E-005
SICH4+ 0.322E-008
SIF+ 0.121E-004
SIH5+ 0.235E-015
SINCH+ 0.300E-007
SINH2+ 0.212E-005
SIOH+ 0.853E-003
