C- 0.403E-009
E 0.471E-001
C2- 0.234E-008
C3- 0.324E-006
C4- 0.196E-003
C5- 0.191E-004
C6- 0.489E-004
C7- 0.135E-004
C8- 0.420E-005
C10- 0.108E-006
C2H- 0.724E-009
C3H- 0.245E-008
C3N- 0.223E-004
C4H- 0.296E-006
C5H- 0.722E-004
C6H- 0.494E-003
C7H- 0.649E-004
C8H- 0.693E-005
C9- 0.833E-006
C9H- 0.125E-005
CH- 0.191E-011
O- 0.466E-012
OH- 0.563E-010
S- 0.505E-009
CN- 0.199E-006
H- 0.104E-008
C10H- 0.324E-007
C5N- 0.279E-004
O2- 0.545E-022
C 0.163E+000
C2 0.976E-001
CH2 0.131E-001
C2H2 0.805E+000
CH 0.117E-001
C2H 0.291E+000
CO2 0.836E-004
CO 0.257E+002
H2O 0.625E-001
H2CO 0.374E-004
N 0.132E+000
CN 0.420E+000
NH 0.262E-003
HCN 0.784E+000
O2 0.350E-004
O 0.156E+000
OH 0.208E-001
HCO 0.227E-004
C4 0.286E-002
C3 0.922E-002
C5 0.106E-003
C6 0.449E-004
C7 0.482E-005
C8 0.376E-005
C9 0.269E-006
C10 0.105E-006
C3H 0.105E-001
C4H 0.195E-001
C4N 0.201E-004
C5H 0.305E-003
C6H 0.115E-002
C7H 0.560E-004
C8H 0.192E-004
C9H 0.115E-005
C10H 0.110E-006
CS 0.299E+000
CH3 0.643E-002
CH3CN 0.696E-003
CH3OH 0.472E-009
OCS 0.607E-003
CH4 0.704E-001
H 0.304E+001
H2 0.323E+005
NH2 0.511E-003
NH3 0.108E-002
C10H2 0.101E-005
H2CCC 0.219E-002
HC3N 0.580E-001
HC4H 0.136E-001
C5H2 0.366E-003
HC5N 0.135E-002
C6H2 0.519E-002
C7H2 0.643E-004
C8H2 0.103E-003
C9H2 0.222E-005
HS 0.700E-003
C2N 0.388E-003
C3N 0.111E-001
C5N 0.604E-004
C7N 0.571E-005
HC7N 0.441E-003
C9N 0.524E-007
HC9N 0.549E-005
NO 0.833E-004
NS 0.459E-005
NO2 0.533E-010
SO2 0.195E-007
C2O 0.338E-005
SO 0.264E-004
HNC 0.824E-002
C2H4 0.641E-003
C2H5 0.697E-009
C2H5OH 0.162E-012
C2S 0.112E-002
C3O 0.505E-006
C3S 0.132E-002
C4H3 0.241E-004
C4S 0.714E-005
C6H6 0.205E-003
CCP 0.471E-006
CCL 0.160E-006
CH2CCH2 0.693E-006
CH2CCH 0.682E-002
CH2CN 0.701E-006
CH2CO 0.148E-005
CH3CCH 0.999E-004
CH3CHCH2 0.540E-006
CH3CHO 0.502E-007
CH3COCH3 0.844E-013
CH3OCH3 0.346E-016
CP 0.132E-003
CLO 0.423E-028
FE 0.000E+000
H2S 0.368E-004
H2SIO 0.591E-016
HCOOCH3 0.128E-015
HCP 0.651E-003
HPO 0.698E-012
MG 0.000E+000
NCCN 0.598E-003
NA 0.000E+000
P 0.206E-004
PH 0.156E-007
PO 0.154E-007
SI 0.502E-001
SIC2 0.571E+000
SIC2H 0.241E-001
SIC3 0.291E-003
SIC 0.260E-002
SICH2 0.173E-004
SICH3 0.148E-007
SIH2 0.555E-009
SIH3 0.699E-014
SIN 0.211E-004
SIS 0.184E+000
S 0.437E-001
N2 0.124E+001
C2H3 0.231E-003
CH3CH3 0.517E-007
PN 0.164E-009
CL 0.441E-002
C3H2 0.422E-002
C4P 0.110E-009
CH3C4H 0.464E-004
CH3C6H 0.249E-005
H2CS 0.462E-004
H2S2 0.820E-009
HC2P 0.403E-009
HCSI 0.195E-003
HCL 0.607E-002
HNSI 0.107E-004
HS2 0.190E-008
N2O 0.575E-009
PH2 0.379E-013
S2 0.687E-006
SIC2H2 0.351E-004
SIC3H 0.745E-004
SIC4 0.160E-004
SIH4 0.309E-014
SIH 0.268E-003
SINC 0.128E-006
SIO 0.909E-001
F 0.367E-005
HE 0.549E+004
HCNO 0.152E-007
HNCO 0.835E-008
HONC 0.652E-013
HNO 0.181E-005
HCOOH 0.494E-009
C11 0.325E-009
C2H5CN 0.197E-008
C3P 0.150E-009
CH2CHCCH 0.817E-006
CH2CHCHCH2 0.903E-011
CH2CHCN 0.885E-004
CH2NH 0.134E-005
CH2PH 0.433E-012
CH3C3N 0.117E-004
CH3C5N 0.902E-008
CH3C7N 0.295E-008
CNO 0.223E-017
H2CN 0.212E-004
H2O2 0.706E-027
HCS 0.324E-004
HF 0.533E-003
HNC3 0.646E-004
HOCN 0.694E-008
NH2CN 0.145E-004
O2H 0.126E-011
OCN 0.308E-003
SIO2 0.675E-005
HCO+ 0.268E-004
H+ 0.581E-006
HOC+ 0.234E-007
C+ 0.986E-003
C10H+ 0.218E-008
C2H4+ 0.287E-004
C2H5+ 0.825E-006
C2H5OH+ 0.198E-014
C2O+ 0.143E-009
C2S+ 0.340E-007
C3O+ 0.940E-014
C3S+ 0.338E-005
C4H3+ 0.784E-004
C4S+ 0.468E-005
C6H6+ 0.639E-007
CCP+ 0.996E-008
CCL+ 0.305E-006
CH2+ 0.441E-006
C3H4+ 0.124E-005
CH2CCH+ 0.574E-005
CH2CN+ 0.680E-005
CH2CO+ 0.404E-006
C3H6+ 0.638E-008
CH3CHO+ 0.322E-009
CH3COCH3+ 0.434E-015
CH3OCH3+ 0.392E-018
CH+ 0.240E-006
CP+ 0.403E-011
CLO+ 0.262E-032
FE+ 0.000E+000
H2CO+ 0.346E-006
H2S+ 0.788E-006
H2SIO+ 0.382E-013
C4H2+ 0.803E-004
COOCH4+ 0.158E-019
HCP+ 0.142E-010
HPO+ 0.477E-008
MG+ 0.000E+000
C2N+ 0.164E-005
CNC+ 0.796E-004
NH3+ 0.793E-005
NO+ 0.428E-006
NS+ 0.625E-007
NA+ 0.000E+000
OCS+ 0.971E-005
P+ 0.295E-005
PH+ 0.745E-010
PO+ 0.413E-008
SO+ 0.436E-005
SI+ 0.326E-001
SIC2+ 0.230E-006
SIC2H+ 0.857E-003
SIC3+ 0.270E-004
SIC+ 0.211E-007
SICH2+ 0.473E-004
SICH3+ 0.263E-008
SIH2+ 0.989E-007
SIH3+ 0.366E-010
SIN+ 0.887E-006
SIS+ 0.166E-003
C2+ 0.112E-005
S+ 0.356E-002
CN+ 0.404E-010
CO+ 0.529E-009
N2+ 0.733E-011
O2+ 0.430E-007
C2H+ 0.121E-005
C2H2+ 0.139E-002
C2H3+ 0.548E-002
C5H2+ 0.525E-005
C6H2+ 0.906E-005
C7H2+ 0.184E-006
C3H3+ 0.120E-004
CO2+ 0.198E-015
HC3N+ 0.229E-005
HCN+ 0.268E-009
C2N2+ 0.206E-009
C3+ 0.395E-007
C5+ 0.186E-008
CH3CH3+ 0.503E-010
PN+ 0.938E-017
H2O+ 0.836E-007
NH2+ 0.113E-007
O+ 0.221E-011
OH+ 0.104E-008
CH3+ 0.339E-003
CH4+ 0.313E-006
CH3OH+ 0.979E-012
N+ 0.670E-010
SO2+ 0.621E-016
CS+ 0.557E-006
CL+ 0.643E-008
C10+ 0.166E-009
C10H2+ 0.794E-008
C3H2+ 0.350E-004
C3H+ 0.688E-005
C4+ 0.319E-008
C4H+ 0.146E-006
C4P+ 0.432E-017
C5H+ 0.107E-005
C6+ 0.621E-008
C6H+ 0.286E-006
C7+ 0.175E-008
C7H+ 0.256E-006
C8+ 0.400E-008
C8H2+ 0.343E-006
C8H+ 0.228E-009
C9+ 0.203E-009
C9H2+ 0.156E-007
C9H+ 0.697E-008
CH3C4H+ 0.766E-006
C7H4+ 0.448E-007
CH3CN+ 0.461E-008
H2CS+ 0.742E-007
H2S2+ 0.230E-010
HC2P+ 0.145E-006
HC5N+ 0.157E-010
HC7N+ 0.319E-006
HC9N+ 0.394E-008
HCSI+ 0.332E-007
HCL+ 0.114E-007
HNSI+ 0.488E-013
HS2+ 0.184E-008
HS+ 0.110E-006
N2O+ 0.744E-011
NH+ 0.316E-010
PH2+ 0.358E-010
S2+ 0.158E-006
SIC2H2+ 0.292E-005
SIC3H+ 0.154E-004
SIC4+ 0.471E-004
SIH4+ 0.196E-023
SIH+ 0.285E-006
SINC+ 0.249E-004
SIO+ 0.217E-005
H2+ 0.570E-008
F+ 0.157E-012
HE+ 0.595E-006
C3N+ 0.952E-010
HCNO+ 0.114E-017
HNCO+ 0.331E-012
HONC+ 0.120E-022
HNO+ 0.239E-009
HCOOH+ 0.331E-011
NO2+ 0.275E-014
CH2CHCNH+ 0.539E-007
HCS+ 0.897E-004
C10H3+ 0.995E-009
C11+ 0.293E-010
C2H5CNH+ 0.209E-009
C2H5OH2+ 0.106E-013
C2H7+ 0.288E-014
C2NH+ 0.553E-005
C3H2O+ 0.405E-008
C3H5+ 0.276E-004
C3H7+ 0.965E-005
C4H4+ 0.135E-008
C4H5+ 0.421E-006
C4H7+ 0.562E-010
C4N+ 0.151E-006
C5H3+ 0.235E-005
C5H5+ 0.756E-006
C5N+ 0.582E-012
C6H3+ 0.886E-006
C6H4+ 0.653E-006
C6H5+ 0.641E-008
C6H7+ 0.214E-006
C7H3+ 0.102E-006
C7H5+ 0.309E-007
C7N+ 0.237E-010
C8H3+ 0.181E-006
C8H4+ 0.866E-007
C8H5+ 0.424E-010
C9H3+ 0.127E-007
C9H4+ 0.367E-008
C9H5+ 0.117E-011
C9N+ 0.220E-012
CF+ 0.536E-006
CH2CHCN+ 0.238E-006
CH2NH2+ 0.594E-011
CH3C3N+ 0.160E-010
CH3C3NH+ 0.552E-007
CH3C5NH+ 0.787E-009
CH3C7NH+ 0.257E-009
CH3CHOH+ 0.145E-008
CH3CNH+ 0.423E-004
CH3CO+ 0.480E-007
CH3COCH4+ 0.201E-013
CH3CS+ 0.285E-007
CH3OCH4+ 0.177E-016
CH3OH2+ 0.517E-009
CH4N+ 0.283E-007
CH5+ 0.924E-005
H2C4N+ 0.160E-010
H2C7N+ 0.367E-006
H2C9N+ 0.451E-008
H2CCL+ 0.152E-007
H2CNO+ 0.686E-009
H2CL+ 0.944E-005
H2F+ 0.102E-008
H2NC+ 0.236E-006
H2NCO+ 0.194E-009
H2NO+ 0.123E-011
H2OCN+ 0.880E-009
H2PO+ 0.140E-012
H3+ 0.433E-005
H3C3O+ 0.646E-007
H3C5N+ 0.797E-008
H3C7N+ 0.655E-009
H3C9N+ 0.682E-010
H3CO+ 0.222E-008
H3CS+ 0.238E-005
H3O+ 0.377E-004
H3S+ 0.797E-008
H3S2+ 0.796E-010
H3SIO+ 0.305E-018
H5C2O2+ 0.284E-016
HC2O+ 0.105E-005
HC2S+ 0.192E-003
HC3NH+ 0.187E-004
HC3O+ 0.363E-008
HC3S+ 0.165E-005
HC4N+ 0.113E-010
HC4S+ 0.146E-005
HC5NH+ 0.652E-008
HCNH+ 0.639E-003
HCNOH+ 0.373E-013
HCO2+ 0.731E-008
HCOOH2+ 0.277E-010
HF+ 0.460E-013
HN2O+ 0.159E-014
HNCOH+ 0.176E-008
HNS+ 0.187E-010
HOCN+ 0.330E-012
HOCS+ 0.130E-008
HPN+ 0.665E-015
HSO+ 0.137E-009
HSO2+ 0.106E-013
HSIO2+ 0.231E-010
HSIS+ 0.183E-005
HEH+ 0.840E-010
N2H+ 0.201E-006
NCCNCH3+ 0.271E-010
NCCNH+ 0.151E-006
NH2CNH+ 0.377E-010
NH4+ 0.957E-006
O2H+ 0.339E-014
OCN+ 0.450E-014
PC2H2+ 0.120E-009
PC2H3+ 0.273E-014
PC2H4+ 0.148E-014
PC3H+ 0.315E-010
PC4H+ 0.578E-010
PCH2+ 0.261E-007
PCH3+ 0.156E-012
PCH4+ 0.867E-013
PH3+ 0.895E-014
PNH2+ 0.304E-010
PNH3+ 0.628E-014
SIC2H3+ 0.144E-005
SIC3H2+ 0.173E-004
SIC4H+ 0.928E-006
SICH4+ 0.276E-008
SIF+ 0.113E-004
SIH5+ 0.120E-015
SINCH+ 0.267E-007
SINH2+ 0.180E-005
SIOH+ 0.686E-003
