C- 0.484E-009
E 0.493E-001
C2- 0.274E-008
C3- 0.359E-006
C4- 0.224E-003
C5- 0.246E-004
C6- 0.536E-004
C7- 0.178E-004
C8- 0.541E-005
C10- 0.172E-006
C2H- 0.542E-009
C3H- 0.262E-008
C3N- 0.225E-004
C4H- 0.327E-006
C5H- 0.825E-004
C6H- 0.564E-003
C7H- 0.772E-004
C8H- 0.832E-005
C9- 0.119E-005
C9H- 0.167E-005
CH- 0.123E-011
O- 0.507E-012
OH- 0.436E-010
S- 0.569E-009
CN- 0.242E-006
H- 0.941E-009
C10H- 0.523E-007
C5N- 0.366E-004
O2- 0.600E-022
C 0.160E+000
C2 0.113E+000
CH2 0.123E-001
C2H2 0.626E+000
CH 0.127E-001
C2H 0.289E+000
CO2 0.781E-004
CO 0.224E+002
H2O 0.519E-001
H2CO 0.397E-004
N 0.140E+000
CN 0.417E+000
NH 0.267E-003
HCN 0.622E+000
O2 0.383E-004
O 0.141E+000
OH 0.203E-001
HCO 0.234E-004
C4 0.301E-002
C3 0.944E-002
C5 0.127E-003
C6 0.458E-004
C7 0.583E-005
C8 0.450E-005
C9 0.360E-006
C10 0.153E-006
C3H 0.106E-001
C4H 0.191E-001
C4N 0.238E-004
C5H 0.321E-003
C6H 0.121E-002
C7H 0.616E-004
C8H 0.214E-004
C9H 0.141E-005
C10H 0.159E-006
CS 0.255E+000
CH3 0.623E-002
CH3CN 0.680E-003
CH3OH 0.468E-009
OCS 0.510E-003
CH4 0.564E-001
H 0.300E+001
H2 0.281E+005
NH2 0.481E-003
NH3 0.845E-003
C10H2 0.131E-005
H2CCC 0.204E-002
HC3N 0.471E-001
HC4H 0.116E-001
C5H2 0.393E-003
HC5N 0.142E-002
C6H2 0.479E-002
C7H2 0.788E-004
C8H2 0.111E-003
C9H2 0.298E-005
HS 0.738E-003
C2N 0.463E-003
C3N 0.116E-001
C5N 0.721E-004
C7N 0.736E-005
HC7N 0.473E-003
C9N 0.792E-007
HC9N 0.695E-005
NO 0.979E-004
NS 0.569E-005
NO2 0.636E-010
SO2 0.224E-007
C2O 0.330E-005
SO 0.275E-004
HNC 0.684E-002
C2H4 0.463E-003
C2H5 0.101E-008
C2H5OH 0.126E-012
C2S 0.130E-002
C3O 0.398E-006
C3S 0.137E-002
C4H3 0.225E-004
C4S 0.768E-005
C6H6 0.179E-003
CCP 0.598E-006
CCL 0.175E-006
CH2CCH2 0.602E-006
CH2CCH 0.596E-002
CH2CN 0.866E-006
CH2CO 0.167E-005
CH3CCH 0.987E-004
CH3CHCH2 0.474E-006
CH3CHO 0.400E-007
CH3COCH3 0.919E-013
CH3OCH3 0.433E-016
CP 0.128E-003
CLO 0.366E-028
FE 0.000E+000
H2S 0.258E-004
H2SIO 0.592E-016
HCOOCH3 0.138E-015
HCP 0.548E-003
HPO 0.807E-012
MG 0.000E+000
NCCN 0.622E-003
NA 0.000E+000
P 0.229E-004
PH 0.207E-007
PO 0.209E-007
SI 0.475E-001
SIC2 0.493E+000
SIC2H 0.218E-001
SIC3 0.373E-003
SIC 0.261E-002
SICH2 0.179E-004
SICH3 0.162E-007
SIH2 0.495E-009
SIH3 0.617E-014
SIN 0.241E-004
SIS 0.159E+000
S 0.435E-001
N2 0.107E+001
C2H3 0.239E-003
CH3CH3 0.454E-007
PN 0.230E-009
CL 0.432E-002
C3H2 0.424E-002
C4P 0.129E-009
CH3C4H 0.429E-004
CH3C6H 0.228E-005
H2CS 0.507E-004
H2S2 0.773E-009
HC2P 0.487E-009
HCSI 0.242E-003
HCL 0.480E-002
HNSI 0.115E-004
HS2 0.174E-008
N2O 0.789E-009
PH2 0.456E-013
S2 0.799E-006
SIC2H2 0.333E-004
SIC3H 0.903E-004
SIC4 0.150E-004
SIH4 0.223E-014
SIH 0.297E-003
SINC 0.141E-006
SIO 0.719E-001
F 0.366E-005
HE 0.478E+004
HCNO 0.190E-007
HNCO 0.106E-007
HONC 0.941E-013
HNO 0.197E-005
HCOOH 0.472E-009
C11 0.594E-009
C2H5CN 0.237E-008
C3P 0.183E-009
CH2CHCCH 0.864E-006
CH2CHCHCH2 0.832E-011
CH2CHCN 0.826E-004
CH2NH 0.126E-005
CH2PH 0.477E-012
CH3C3N 0.132E-004
CH3C5N 0.125E-007
CH3C7N 0.408E-008
CNO 0.395E-017
H2CN 0.242E-004
H2O2 0.934E-027
HCS 0.342E-004
HF 0.463E-003
HNC3 0.492E-004
HOCN 0.883E-008
NH2CN 0.136E-004
O2H 0.162E-011
OCN 0.346E-003
SIO2 0.631E-005
HCO+ 0.248E-004
H+ 0.581E-006
HOC+ 0.266E-007
C+ 0.121E-002
C10H+ 0.244E-008
C2H4+ 0.225E-004
C2H5+ 0.632E-006
C2H5OH+ 0.149E-014
C2O+ 0.187E-009
C2S+ 0.448E-007
C3O+ 0.106E-013
C3S+ 0.370E-005
C4H3+ 0.465E-004
C4S+ 0.523E-005
C6H6+ 0.868E-007
CCP+ 0.109E-007
CCL+ 0.320E-006
CH2+ 0.504E-006
C3H4+ 0.106E-005
CH2CCH+ 0.557E-005
CH2CN+ 0.671E-005
CH2CO+ 0.350E-006
C3H6+ 0.509E-008
CH3CHO+ 0.240E-009
CH3COCH3+ 0.467E-015
CH3OCH3+ 0.481E-018
CH+ 0.298E-006
CP+ 0.552E-011
CLO+ 0.304E-032
FE+ 0.000E+000
H2CO+ 0.344E-006
H2S+ 0.548E-006
H2SIO+ 0.217E-013
C4H2+ 0.641E-004
COOCH4+ 0.232E-019
HCP+ 0.176E-010
HPO+ 0.515E-008
MG+ 0.000E+000
C2N+ 0.179E-005
CNC+ 0.827E-004
NH3+ 0.652E-005
NO+ 0.487E-006
NS+ 0.706E-007
NA+ 0.000E+000
OCS+ 0.780E-005
P+ 0.399E-005
PH+ 0.803E-010
PO+ 0.521E-008
SO+ 0.494E-005
SI+ 0.363E-001
SIC2+ 0.291E-006
SIC2H+ 0.817E-003
SIC3+ 0.289E-004
SIC+ 0.276E-007
SICH2+ 0.503E-004
SICH3+ 0.208E-008
SIH2+ 0.885E-007
SIH3+ 0.239E-010
SIN+ 0.967E-006
SIS+ 0.169E-003
C2+ 0.149E-005
S+ 0.417E-002
CN+ 0.426E-010
CO+ 0.738E-009
N2+ 0.729E-011
O2+ 0.466E-007
C2H+ 0.158E-005
C2H2+ 0.127E-002
C2H3+ 0.413E-002
C5H2+ 0.427E-005
C6H2+ 0.778E-005
C7H2+ 0.184E-006
C3H3+ 0.116E-004
CO2+ 0.213E-015
HC3N+ 0.223E-005
HCN+ 0.309E-009
C2N2+ 0.246E-009
C3+ 0.549E-007
C5+ 0.248E-008
CH3CH3+ 0.426E-010
PN+ 0.129E-016
H2O+ 0.799E-007
NH2+ 0.122E-007
O+ 0.234E-011
OH+ 0.117E-008
CH3+ 0.339E-003
CH4+ 0.284E-006
CH3OH+ 0.908E-012
N+ 0.706E-010
SO2+ 0.830E-016
CS+ 0.558E-006
CL+ 0.723E-008
C10+ 0.266E-009
C10H2+ 0.899E-008
C3H2+ 0.317E-004
C3H+ 0.718E-005
C4+ 0.433E-008
C4H+ 0.161E-006
C4P+ 0.495E-017
C5H+ 0.112E-005
C6+ 0.750E-008
C6H+ 0.264E-006
C7+ 0.229E-008
C7H+ 0.287E-006
C8+ 0.532E-008
C8H2+ 0.322E-006
C8H+ 0.282E-009
C9+ 0.303E-009
C9H2+ 0.147E-007
C9H+ 0.831E-008
CH3C4H+ 0.519E-006
C7H4+ 0.293E-007
CH3CN+ 0.516E-008
H2CS+ 0.623E-007
H2S2+ 0.103E-010
HC2P+ 0.145E-006
HC5N+ 0.171E-010
HC7N+ 0.359E-006
HC9N+ 0.523E-008
HCSI+ 0.422E-007
HCL+ 0.114E-007
HNSI+ 0.554E-013
HS2+ 0.145E-008
HS+ 0.925E-007
N2O+ 0.120E-010
NH+ 0.336E-010
PH2+ 0.418E-010
S2+ 0.148E-006
SIC2H2+ 0.227E-005
SIC3H+ 0.160E-004
SIC4+ 0.492E-004
SIH4+ 0.195E-023
SIH+ 0.232E-006
SINC+ 0.213E-004
SIO+ 0.199E-005
H2+ 0.570E-008
F+ 0.160E-012
HE+ 0.596E-006
C3N+ 0.120E-009
HCNO+ 0.166E-017
HNCO+ 0.430E-012
HONC+ 0.202E-022
HNO+ 0.198E-009
HCOOH+ 0.303E-011
NO2+ 0.368E-014
CH2CHCNH+ 0.432E-007
HCS+ 0.741E-004
C10H3+ 0.920E-009
C11+ 0.454E-010
C2H5CNH+ 0.196E-009
C2H5OH2+ 0.601E-014
C2H7+ 0.210E-014
C2NH+ 0.436E-005
C3H2O+ 0.329E-008
C3H5+ 0.255E-004
C3H7+ 0.815E-005
C4H4+ 0.769E-009
C4H5+ 0.325E-006
C4H7+ 0.293E-010
C4N+ 0.177E-006
C5H3+ 0.173E-005
C5H5+ 0.473E-006
C5N+ 0.742E-012
C6H3+ 0.586E-006
C6H4+ 0.387E-006
C6H5+ 0.345E-008
C6H7+ 0.950E-007
C7H3+ 0.784E-007
C7H5+ 0.168E-007
C7N+ 0.351E-010
C8H3+ 0.127E-006
C8H4+ 0.580E-007
C8H5+ 0.209E-010
C9H3+ 0.106E-007
C9H4+ 0.309E-008
C9H5+ 0.726E-012
C9N+ 0.381E-012
CF+ 0.654E-006
CH2CHCN+ 0.237E-006
CH2NH2+ 0.441E-011
CH3C3N+ 0.172E-010
CH3C3NH+ 0.453E-007
CH3C5NH+ 0.830E-009
CH3C7NH+ 0.276E-009
CH3CHOH+ 0.847E-009
CH3CNH+ 0.324E-004
CH3CO+ 0.417E-007
CH3COCH4+ 0.158E-013
CH3CS+ 0.225E-007
CH3OCH4+ 0.172E-016
CH3OH2+ 0.406E-009
CH4N+ 0.228E-007
CH5+ 0.768E-005
H2C4N+ 0.173E-010
H2C7N+ 0.338E-006
H2C9N+ 0.490E-008
H2CCL+ 0.123E-007
H2CNO+ 0.704E-009
H2CL+ 0.843E-005
H2F+ 0.816E-009
H2NC+ 0.249E-006
H2NCO+ 0.210E-009
H2NO+ 0.124E-011
H2OCN+ 0.914E-009
H2PO+ 0.121E-012
H3+ 0.430E-005
H3C3O+ 0.435E-007
H3C5N+ 0.599E-008
H3C7N+ 0.490E-009
H3C9N+ 0.666E-010
H3CO+ 0.154E-008
H3CS+ 0.209E-005
H3O+ 0.290E-004
H3S+ 0.400E-008
H3S2+ 0.512E-010
H3SIO+ 0.181E-018
H5C2O2+ 0.224E-016
HC2O+ 0.743E-006
HC2S+ 0.175E-003
HC3NH+ 0.113E-004
HC3O+ 0.274E-008
HC3S+ 0.182E-005
HC4N+ 0.110E-010
HC4S+ 0.128E-005
HC5NH+ 0.587E-008
HCNH+ 0.366E-003
HCNOH+ 0.435E-013
HCO2+ 0.655E-008
HCOOH2+ 0.204E-010
HF+ 0.467E-013
HN2O+ 0.200E-014
HNCOH+ 0.183E-008
HNS+ 0.205E-010
HOCN+ 0.430E-012
HOCS+ 0.104E-008
HPN+ 0.762E-015
HSO+ 0.128E-009
HSO2+ 0.114E-013
HSIO2+ 0.186E-010
HSIS+ 0.140E-005
HEH+ 0.840E-010
N2H+ 0.179E-006
NCCNCH3+ 0.270E-010
NCCNH+ 0.137E-006
NH2CNH+ 0.307E-010
NH4+ 0.593E-006
O2H+ 0.411E-014
OCN+ 0.478E-014
PC2H2+ 0.110E-009
PC2H3+ 0.192E-014
PC2H4+ 0.113E-014
PC3H+ 0.311E-010
PC4H+ 0.493E-010
PCH2+ 0.275E-007
PCH3+ 0.123E-012
PCH4+ 0.734E-013
PH3+ 0.818E-014
PNH2+ 0.309E-010
PNH3+ 0.510E-014
SIC2H3+ 0.114E-005
SIC3H2+ 0.159E-004
SIC4H+ 0.627E-006
SICH4+ 0.218E-008
SIF+ 0.104E-004
SIH5+ 0.607E-016
SINCH+ 0.230E-007
SINH2+ 0.147E-005
SIOH+ 0.527E-003
