C- 0.604E-009
E 0.543E-001
C2- 0.319E-008
C3- 0.405E-006
C4- 0.248E-003
C5- 0.313E-004
C6- 0.578E-004
C7- 0.234E-004
C8- 0.692E-005
C10- 0.271E-006
C2H- 0.421E-009
C3H- 0.271E-008
C3N- 0.225E-004
C4H- 0.352E-006
C5H- 0.915E-004
C6H- 0.632E-003
C7H- 0.915E-004
C8H- 0.101E-004
C9- 0.172E-005
C9H- 0.223E-005
CH- 0.836E-012
O- 0.643E-012
OH- 0.348E-010
S- 0.635E-009
CN- 0.283E-006
H- 0.824E-009
C10H- 0.832E-007
C5N- 0.462E-004
O2- 0.492E-022
C 0.176E+000
C2 0.131E+000
CH2 0.115E-001
C2H2 0.473E+000
CH 0.138E-001
C2H 0.285E+000
CO2 0.720E-004
CO 0.195E+002
H2O 0.426E-001
H2CO 0.412E-004
N 0.151E+000
CN 0.410E+000
NH 0.271E-003
HCN 0.484E+000
O2 0.413E-004
O 0.142E+000
OH 0.198E-001
HCO 0.234E-004
C4 0.309E-002
C3 0.955E-002
C5 0.150E-003
C6 0.467E-004
C7 0.715E-005
C8 0.543E-005
C9 0.491E-006
C10 0.224E-006
C3H 0.105E-001
C4H 0.182E-001
C4N 0.276E-004
C5H 0.328E-003
C6H 0.127E-002
C7H 0.682E-004
C8H 0.242E-004
C9H 0.173E-005
C10H 0.230E-006
CS 0.216E+000
CH3 0.595E-002
CH3CN 0.636E-003
CH3OH 0.449E-009
OCS 0.414E-003
CH4 0.445E-001
H 0.295E+001
H2 0.245E+005
NH2 0.448E-003
NH3 0.648E-003
C10H2 0.163E-005
H2CCC 0.181E-002
HC3N 0.361E-001
HC4H 0.937E-002
C5H2 0.423E-003
HC5N 0.144E-002
C6H2 0.431E-002
C7H2 0.959E-004
C8H2 0.117E-003
C9H2 0.398E-005
HS 0.768E-003
C2N 0.543E-003
C3N 0.120E-001
C5N 0.849E-004
C7N 0.936E-005
HC7N 0.493E-003
C9N 0.118E-006
HC9N 0.845E-005
NO 0.113E-003
NS 0.699E-005
NO2 0.745E-010
SO2 0.246E-007
C2O 0.313E-005
SO 0.275E-004
HNC 0.551E-002
C2H4 0.325E-003
C2H5 0.141E-008
C2H5OH 0.935E-013
C2S 0.149E-002
C3O 0.296E-006
C3S 0.139E-002
C4H3 0.204E-004
C4S 0.824E-005
C6H6 0.156E-003
CCP 0.732E-006
CCL 0.187E-006
CH2CCH2 0.578E-006
CH2CCH 0.504E-002
CH2CN 0.104E-005
CH2CO 0.183E-005
CH3CCH 0.970E-004
CH3CHCH2 0.626E-006
CH3CHO 0.306E-007
CH3COCH3 0.949E-013
CH3OCH3 0.518E-016
CP 0.123E-003
CLO 0.316E-028
FE 0.000E+000
H2S 0.172E-004
H2SIO 0.582E-016
HCOOCH3 0.142E-015
HCP 0.458E-003
HPO 0.904E-012
MG 0.000E+000
NCCN 0.631E-003
NA 0.000E+000
P 0.254E-004
PH 0.271E-007
PO 0.277E-007
SI 0.446E-001
SIC2 0.425E+000
SIC2H 0.192E-001
SIC3 0.466E-003
SIC 0.265E-002
SICH2 0.179E-004
SICH3 0.172E-007
SIH2 0.432E-009
SIH3 0.538E-014
SIN 0.270E-004
SIS 0.137E+000
S 0.432E-001
N2 0.928E+000
C2H3 0.240E-003
CH3CH3 0.600E-007
PN 0.320E-009
CL 0.422E-002
C3H2 0.415E-002
C4P 0.145E-009
CH3C4H 0.394E-004
CH3C6H 0.208E-005
H2CS 0.544E-004
H2S2 0.704E-009
HC2P 0.571E-009
HCSI 0.298E-003
HCL 0.373E-002
HNSI 0.120E-004
HS2 0.156E-008
N2O 0.104E-008
PH2 0.531E-013
S2 0.916E-006
SIC2H2 0.314E-004
SIC3H 0.106E-003
SIC4 0.139E-004
SIH4 0.153E-014
SIH 0.309E-003
SINC 0.150E-006
SIO 0.558E-001
F 0.430E-005
HE 0.416E+004
HCNO 0.231E-007
HNCO 0.132E-007
HONC 0.132E-012
HNO 0.211E-005
HCOOH 0.449E-009
C11 0.108E-008
C2H5CN 0.267E-008
C3P 0.215E-009
CH2CHCCH 0.909E-006
CH2CHCHCH2 0.141E-010
CH2CHCN 0.758E-004
CH2NH 0.114E-005
CH2PH 0.508E-012
CH3C3N 0.147E-004
CH3C5N 0.163E-007
CH3C7N 0.542E-008
CNO 0.693E-017
H2CN 0.272E-004
H2O2 0.136E-026
HCS 0.355E-004
HF 0.402E-003
HNC3 0.350E-004
HOCN 0.110E-007
NH2CN 0.124E-004
O2H 0.200E-011
OCN 0.380E-003
SIO2 0.583E-005
HCO+ 0.235E-004
H+ 0.595E-006
HOC+ 0.335E-007
C+ 0.169E-002
C10H+ 0.290E-008
C2H4+ 0.187E-004
C2H5+ 0.478E-006
C2H5OH+ 0.112E-014
C2O+ 0.242E-009
C2S+ 0.599E-007
C3O+ 0.129E-013
C3S+ 0.395E-005
C4H3+ 0.280E-004
C4S+ 0.554E-005
C6H6+ 0.119E-006
CCP+ 0.121E-007
CCL+ 0.335E-006
CH2+ 0.580E-006
C3H4+ 0.889E-006
CH2CCH+ 0.601E-005
CH2CN+ 0.651E-005
CH2CO+ 0.319E-006
C3H6+ 0.566E-008
CH3CHO+ 0.172E-009
CH3COCH3+ 0.494E-015
CH3OCH3+ 0.583E-018
CH+ 0.370E-006
CP+ 0.849E-011
CLO+ 0.357E-032
FE+ 0.000E+000
H2CO+ 0.351E-006
H2S+ 0.388E-006
H2SIO+ 0.125E-013
C4H2+ 0.496E-004
COOCH4+ 0.327E-019
HCP+ 0.245E-010
HPO+ 0.537E-008
MG+ 0.000E+000
C2N+ 0.193E-005
CNC+ 0.861E-004
NH3+ 0.555E-005
NO+ 0.575E-006
NS+ 0.786E-007
NA+ 0.000E+000
OCS+ 0.640E-005
P+ 0.548E-005
PH+ 0.842E-010
PO+ 0.637E-008
SO+ 0.544E-005
SI+ 0.403E-001
SIC2+ 0.372E-006
SIC2H+ 0.757E-003
SIC3+ 0.297E-004
SIC+ 0.388E-007
SICH2+ 0.526E-004
SICH3+ 0.163E-008
SIH2+ 0.766E-007
SIH3+ 0.155E-010
SIN+ 0.102E-005
SIS+ 0.171E-003
C2+ 0.198E-005
S+ 0.497E-002
CN+ 0.489E-010
CO+ 0.116E-008
N2+ 0.725E-011
O2+ 0.521E-007
C2H+ 0.209E-005
C2H2+ 0.115E-002
C2H3+ 0.331E-002
C5H2+ 0.349E-005
C6H2+ 0.658E-005
C7H2+ 0.190E-006
C3H3+ 0.116E-004
CO2+ 0.227E-015
HC3N+ 0.215E-005
HCN+ 0.368E-009
C2N2+ 0.286E-009
C3+ 0.856E-007
C5+ 0.368E-008
CH3CH3+ 0.654E-010
PN+ 0.174E-016
H2O+ 0.757E-007
NH2+ 0.130E-007
O+ 0.266E-011
OH+ 0.131E-008
CH3+ 0.354E-003
CH4+ 0.253E-006
CH3OH+ 0.814E-012
N+ 0.748E-010
SO2+ 0.108E-015
CS+ 0.564E-006
CL+ 0.810E-008
C10+ 0.433E-009
C10H2+ 0.104E-007
C3H2+ 0.300E-004
C3H+ 0.854E-005
C4+ 0.665E-008
C4H+ 0.172E-006
C4P+ 0.532E-017
C5H+ 0.123E-005
C6+ 0.945E-008
C6H+ 0.248E-006
C7+ 0.330E-008
C7H+ 0.332E-006
C8+ 0.737E-008
C8H2+ 0.304E-006
C8H+ 0.353E-009
C9+ 0.496E-009
C9H2+ 0.145E-007
C9H+ 0.104E-007
CH3C4H+ 0.357E-006
C7H4+ 0.196E-007
CH3CN+ 0.553E-008
H2CS+ 0.490E-007
H2S2+ 0.422E-011
HC2P+ 0.137E-006
HC5N+ 0.184E-010
HC7N+ 0.384E-006
HC9N+ 0.654E-008
HCSI+ 0.564E-007
HCL+ 0.114E-007
HNSI+ 0.617E-013
HS2+ 0.107E-008
HS+ 0.775E-007
N2O+ 0.194E-010
NH+ 0.359E-010
PH2+ 0.471E-010
S2+ 0.131E-006
SIC2H2+ 0.178E-005
SIC3H+ 0.157E-004
SIC4+ 0.483E-004
SIH4+ 0.192E-023
SIH+ 0.190E-006
SINC+ 0.173E-004
SIO+ 0.180E-005
H2+ 0.570E-008
F+ 0.163E-012
HE+ 0.598E-006
C3N+ 0.153E-009
HCNO+ 0.237E-017
HNCO+ 0.544E-012
HONC+ 0.333E-022
HNO+ 0.173E-009
HCOOH+ 0.287E-011
NO2+ 0.491E-014
CH2CHCNH+ 0.354E-007
HCS+ 0.638E-004
C10H3+ 0.857E-009
C11+ 0.747E-010
C2H5CNH+ 0.179E-009
C2H5OH2+ 0.335E-014
C2H7+ 0.290E-014
C2NH+ 0.348E-005
C3H2O+ 0.280E-008
C3H5+ 0.229E-004
C3H7+ 0.792E-005
C4H4+ 0.429E-009
C4H5+ 0.252E-006
C4H7+ 0.151E-010
C4N+ 0.220E-006
C5H3+ 0.128E-005
C5H5+ 0.293E-006
C5N+ 0.101E-011
C6H3+ 0.391E-006
C6H4+ 0.220E-006
C6H5+ 0.186E-008
C6H7+ 0.413E-007
C7H3+ 0.614E-007
C7H5+ 0.928E-008
C7N+ 0.512E-010
C8H3+ 0.914E-007
C8H4+ 0.396E-007
C8H5+ 0.940E-011
C9H3+ 0.919E-008
C9H4+ 0.270E-008
C9H5+ 0.410E-012
C9N+ 0.648E-012
CF+ 0.797E-006
CH2CHCN+ 0.246E-006
CH2NH2+ 0.318E-011
CH3C3N+ 0.197E-010
CH3C3NH+ 0.362E-007
CH3C5NH+ 0.862E-009
CH3C7NH+ 0.295E-009
CH3CHOH+ 0.489E-009
CH3CNH+ 0.248E-004
CH3CO+ 0.366E-007
CH3COCH4+ 0.118E-013
CH3CS+ 0.170E-007
CH3OCH4+ 0.165E-016
CH3OH2+ 0.323E-009
CH4N+ 0.181E-007
CH5+ 0.672E-005
H2C4N+ 0.197E-010
H2C7N+ 0.307E-006
H2C9N+ 0.520E-008
H2CCL+ 0.979E-008
H2CNO+ 0.650E-009
H2CL+ 0.824E-005
H2F+ 0.630E-009
H2NC+ 0.259E-006
H2NCO+ 0.261E-009
H2NO+ 0.121E-011
H2OCN+ 0.910E-009
H2PO+ 0.988E-013
H3+ 0.425E-005
H3C3O+ 0.293E-007
H3C5N+ 0.442E-008
H3C7N+ 0.362E-009
H3C9N+ 0.651E-010
H3CO+ 0.110E-008
H3CS+ 0.176E-005
H3O+ 0.234E-004
H3S+ 0.194E-008
H3S2+ 0.305E-010
H3SIO+ 0.107E-018
H5C2O2+ 0.164E-016
HC2O+ 0.590E-006
HC2S+ 0.155E-003
HC3NH+ 0.696E-005
HC3O+ 0.212E-008
HC3S+ 0.190E-005
HC4N+ 0.103E-010
HC4S+ 0.108E-005
HC5NH+ 0.495E-008
HCNH+ 0.206E-003
HCNOH+ 0.485E-013
HCO2+ 0.564E-008
HCOOH2+ 0.146E-010
HF+ 0.475E-013
HN2O+ 0.239E-014
HNCOH+ 0.182E-008
HNS+ 0.223E-010
HOCN+ 0.544E-012
HOCS+ 0.813E-009
HPN+ 0.867E-015
HSO+ 0.117E-009
HSO2+ 0.115E-013
HSIO2+ 0.146E-010
HSIS+ 0.106E-005
HEH+ 0.840E-010
N2H+ 0.154E-006
NCCNCH3+ 0.265E-010
NCCNH+ 0.127E-006
NH2CNH+ 0.241E-010
NH4+ 0.371E-006
O2H+ 0.492E-014
OCN+ 0.510E-014
PC2H2+ 0.963E-010
PC2H3+ 0.125E-014
PC2H4+ 0.812E-015
PC3H+ 0.294E-010
PC4H+ 0.399E-010
PCH2+ 0.294E-007
PCH3+ 0.902E-013
PCH4+ 0.580E-013
PH3+ 0.709E-014
PNH2+ 0.299E-010
PNH3+ 0.384E-014
SIC2H3+ 0.873E-006
SIC3H2+ 0.138E-004
SIC4H+ 0.399E-006
SICH4+ 0.170E-008
SIF+ 0.921E-005
SIH5+ 0.303E-016
SINCH+ 0.189E-007
SINH2+ 0.115E-005
SIOH+ 0.411E-003
