C- 0.729E-009
E 0.578E-001
C2- 0.357E-008
C3- 0.426E-006
C4- 0.262E-003
C5- 0.386E-004
C6- 0.608E-004
C7- 0.302E-004
C8- 0.870E-005
C10- 0.416E-006
C2H- 0.344E-009
C3H- 0.265E-008
C3N- 0.223E-004
C4H- 0.356E-006
C5H- 0.969E-004
C6H- 0.685E-003
C7H- 0.106E-003
C8H- 0.120E-004
C9- 0.248E-005
C9H- 0.290E-005
CH- 0.601E-012
O- 0.750E-012
OH- 0.288E-010
S- 0.689E-009
CN- 0.319E-006
H- 0.733E-009
C10H- 0.127E-006
C5N- 0.555E-004
O2- 0.430E-022
C 0.186E+000
C2 0.148E+000
CH2 0.105E-001
C2H2 0.349E+000
CH 0.146E-001
C2H 0.272E+000
CO2 0.655E-004
CO 0.170E+002
H2O 0.348E-001
H2CO 0.417E-004
N 0.161E+000
CN 0.396E+000
NH 0.271E-003
HCN 0.372E+000
O2 0.436E-004
O 0.135E+000
OH 0.190E-001
HCO 0.229E-004
C4 0.304E-002
C3 0.948E-002
C5 0.174E-003
C6 0.467E-004
C7 0.866E-005
C8 0.649E-005
C9 0.674E-006
C10 0.324E-006
C3H 0.102E-001
C4H 0.167E-001
C4N 0.311E-004
C5H 0.324E-003
C6H 0.130E-002
C7H 0.744E-004
C8H 0.272E-004
C9H 0.209E-005
C10H 0.321E-006
CS 0.183E+000
CH3 0.558E-002
CH3CN 0.569E-003
CH3OH 0.417E-009
OCS 0.329E-003
CH4 0.346E-001
H 0.287E+001
H2 0.213E+005
NH2 0.409E-003
NH3 0.489E-003
C10H2 0.193E-005
H2CCC 0.154E-002
HC3N 0.266E-001
HC4H 0.720E-002
C5H2 0.451E-003
HC5N 0.140E-002
C6H2 0.379E-002
C7H2 0.115E-003
C8H2 0.119E-003
C9H2 0.522E-005
HS 0.787E-003
C2N 0.621E-003
C3N 0.122E-001
C5N 0.954E-004
C7N 0.114E-004
HC7N 0.496E-003
C9N 0.166E-006
HC9N 0.982E-005
NO 0.129E-003
NS 0.844E-005
NO2 0.845E-010
SO2 0.260E-007
C2O 0.289E-005
SO 0.270E-004
HNC 0.432E-002
C2H4 0.225E-003
C2H5 0.182E-008
C2H5OH 0.668E-013
C2S 0.167E-002
C3O 0.212E-006
C3S 0.139E-002
C4H3 0.181E-004
C4S 0.871E-005
C6H6 0.136E-003
CCP 0.858E-006
CCL 0.192E-006
CH2CCH2 0.529E-006
CH2CCH 0.416E-002
CH2CN 0.121E-005
CH2CO 0.193E-005
CH3CCH 0.958E-004
CH3CHCH2 0.683E-006
CH3CHO 0.226E-007
CH3COCH3 0.927E-013
CH3OCH3 0.585E-016
CP 0.117E-003
CLO 0.273E-028
FE 0.000E+000
H2S 0.112E-004
H2SIO 0.559E-016
HCOOCH3 0.137E-015
HCP 0.381E-003
HPO 0.978E-012
MG 0.000E+000
NCCN 0.621E-003
NA 0.000E+000
P 0.274E-004
PH 0.345E-007
PO 0.355E-007
SI 0.413E-001
SIC2 0.366E+000
SIC2H 0.166E-001
SIC3 0.560E-003
SIC 0.269E-002
SICH2 0.174E-004
SICH3 0.177E-007
SIH2 0.370E-009
SIH3 0.466E-014
SIN 0.298E-004
SIS 0.117E+000
S 0.426E-001
N2 0.800E+000
C2H3 0.234E-003
CH3CH3 0.655E-007
PN 0.436E-009
CL 0.407E-002
C3H2 0.396E-002
C4P 0.154E-009
CH3C4H 0.360E-004
CH3C6H 0.188E-005
H2CS 0.570E-004
H2S2 0.622E-009
HC2P 0.644E-009
HCSI 0.361E-003
HCL 0.286E-002
HNSI 0.122E-004
HS2 0.138E-008
N2O 0.134E-008
PH2 0.595E-013
S2 0.103E-005
SIC2H2 0.294E-004
SIC3H 0.120E-003
SIC4 0.127E-004
SIH4 0.101E-014
SIH 0.304E-003
SINC 0.155E-006
SIO 0.428E-001
F 0.466E-005
HE 0.362E+004
HCNO 0.273E-007
HNCO 0.159E-007
HONC 0.179E-012
HNO 0.221E-005
HCOOH 0.426E-009
C11 0.191E-008
C2H5CN 0.279E-008
C3P 0.242E-009
CH2CHCCH 0.947E-006
CH2CHCHCH2 0.177E-010
CH2CHCN 0.686E-004
CH2NH 0.999E-006
CH2PH 0.521E-012
CH3C3N 0.161E-004
CH3C5N 0.201E-007
CH3C7N 0.679E-008
CNO 0.117E-016
H2CN 0.299E-004
H2O2 0.203E-026
HCS 0.362E-004
HF 0.349E-003
HNC3 0.234E-004
HOCN 0.133E-007
NH2CN 0.111E-004
O2H 0.238E-011
OCN 0.408E-003
SIO2 0.531E-005
HCO+ 0.224E-004
H+ 0.606E-006
HOC+ 0.414E-007
C+ 0.227E-002
C10H+ 0.343E-008
C2H4+ 0.151E-004
C2H5+ 0.348E-006
C2H5OH+ 0.791E-015
C2O+ 0.301E-009
C2S+ 0.758E-007
C3O+ 0.145E-013
C3S+ 0.411E-005
C4H3+ 0.165E-004
C4S+ 0.563E-005
C6H6+ 0.161E-006
CCP+ 0.132E-007
CCL+ 0.342E-006
CH2+ 0.657E-006
C3H4+ 0.772E-006
CH2CCH+ 0.622E-005
CH2CN+ 0.603E-005
CH2CO+ 0.279E-006
C3H6+ 0.537E-008
CH3CHO+ 0.120E-009
CH3COCH3+ 0.487E-015
CH3OCH3+ 0.654E-018
CH+ 0.451E-006
CP+ 0.125E-010
CLO+ 0.414E-032
FE+ 0.000E+000
H2CO+ 0.341E-006
H2S+ 0.267E-006
H2SIO+ 0.735E-014
C4H2+ 0.366E-004
COOCH4+ 0.429E-019
HCP+ 0.329E-010
HPO+ 0.550E-008
MG+ 0.000E+000
C2N+ 0.200E-005
CNC+ 0.876E-004
NH3+ 0.454E-005
NO+ 0.650E-006
NS+ 0.860E-007
NA+ 0.000E+000
OCS+ 0.500E-005
P+ 0.731E-005
PH+ 0.867E-010
PO+ 0.758E-008
SO+ 0.580E-005
SI+ 0.440E-001
SIC2+ 0.453E-006
SIC2H+ 0.693E-003
SIC3+ 0.297E-004
SIC+ 0.524E-007
SICH2+ 0.546E-004
SICH3+ 0.121E-008
SIH2+ 0.663E-007
SIH3+ 0.103E-010
SIN+ 0.104E-005
SIS+ 0.171E-003
C2+ 0.258E-005
S+ 0.579E-002
CN+ 0.590E-010
CO+ 0.174E-008
N2+ 0.720E-011
O2+ 0.552E-007
C2H+ 0.270E-005
C2H2+ 0.105E-002
C2H3+ 0.256E-002
C5H2+ 0.276E-005
C6H2+ 0.543E-005
C7H2+ 0.196E-006
C3H3+ 0.113E-004
CO2+ 0.240E-015
HC3N+ 0.201E-005
HCN+ 0.433E-009
C2N2+ 0.323E-009
C3+ 0.125E-006
C5+ 0.519E-008
CH3CH3+ 0.762E-010
PN+ 0.231E-016
H2O+ 0.712E-007
NH2+ 0.136E-007
O+ 0.313E-011
OH+ 0.144E-008
CH3+ 0.354E-003
CH4+ 0.222E-006
CH3OH+ 0.706E-012
N+ 0.790E-010
SO2+ 0.135E-015
CS+ 0.577E-006
CL+ 0.897E-008
C10+ 0.693E-009
C10H2+ 0.113E-007
C3H2+ 0.277E-004
C3H+ 0.965E-005
C4+ 0.968E-008
C4H+ 0.174E-006
C4P+ 0.544E-017
C5H+ 0.134E-005
C6+ 0.118E-007
C6H+ 0.226E-006
C7+ 0.451E-008
C7H+ 0.377E-006
C8+ 0.101E-007
C8H2+ 0.282E-006
C8H+ 0.442E-009
C9+ 0.773E-009
C9H2+ 0.145E-007
C9H+ 0.128E-007
CH3C4H+ 0.236E-006
C7H4+ 0.132E-007
CH3CN+ 0.568E-008
H2CS+ 0.379E-007
H2S2+ 0.169E-011
HC2P+ 0.126E-006
HC5N+ 0.190E-010
HC7N+ 0.397E-006
HC9N+ 0.780E-008
HCSI+ 0.729E-007
HCL+ 0.115E-007
HNSI+ 0.683E-013
HS2+ 0.763E-009
HS+ 0.652E-007
N2O+ 0.300E-010
NH+ 0.382E-010
PH2+ 0.528E-010
S2+ 0.113E-006
SIC2H2+ 0.140E-005
SIC3H+ 0.148E-004
SIC4+ 0.455E-004
SIH4+ 0.187E-023
SIH+ 0.157E-006
SINC+ 0.137E-004
SIO+ 0.162E-005
H2+ 0.570E-008
F+ 0.165E-012
HE+ 0.600E-006
C3N+ 0.189E-009
HCNO+ 0.328E-017
HNCO+ 0.673E-012
HONC+ 0.527E-022
HNO+ 0.145E-009
HCOOH+ 0.266E-011
NO2+ 0.625E-014
CH2CHCNH+ 0.282E-007
HCS+ 0.546E-004
C10H3+ 0.756E-009
C11+ 0.118E-009
C2H5CNH+ 0.153E-009
C2H5OH2+ 0.185E-014
C2H7+ 0.293E-014
C2NH+ 0.274E-005
C3H2O+ 0.232E-008
C3H5+ 0.210E-004
C3H7+ 0.726E-005
C4H4+ 0.246E-009
C4H5+ 0.189E-006
C4H7+ 0.765E-011
C4N+ 0.254E-006
C5H3+ 0.918E-006
C5H5+ 0.177E-006
C5N+ 0.134E-011
C6H3+ 0.253E-006
C6H4+ 0.118E-006
C6H5+ 0.997E-009
C6H7+ 0.190E-007
C7H3+ 0.474E-007
C7H5+ 0.549E-008
C7N+ 0.719E-010
C8H3+ 0.641E-007
C8H4+ 0.260E-007
C8H5+ 0.400E-011
C9H3+ 0.782E-008
C9H4+ 0.232E-008
C9H5+ 0.216E-012
C9N+ 0.105E-011
CF+ 0.956E-006
CH2CHCN+ 0.243E-006
CH2NH2+ 0.226E-011
CH3C3N+ 0.224E-010
CH3C3NH+ 0.274E-007
CH3C5NH+ 0.835E-009
CH3C7NH+ 0.296E-009
CH3CHOH+ 0.277E-009
CH3CNH+ 0.183E-004
CH3CO+ 0.314E-007
CH3COCH4+ 0.836E-014
CH3CS+ 0.126E-007
CH3OCH4+ 0.149E-016
CH3OH2+ 0.247E-009
CH4N+ 0.139E-007
CH5+ 0.558E-005
H2C4N+ 0.225E-010
H2C7N+ 0.265E-006
H2C9N+ 0.519E-008
H2CCL+ 0.745E-008
H2CNO+ 0.600E-009
H2CL+ 0.764E-005
H2F+ 0.497E-009
H2NC+ 0.262E-006
H2NCO+ 0.293E-009
H2NO+ 0.116E-011
H2OCN+ 0.893E-009
H2PO+ 0.796E-013
H3+ 0.419E-005
H3C3O+ 0.195E-007
H3C5N+ 0.307E-008
H3C7N+ 0.264E-009
H3C9N+ 0.604E-010
H3CO+ 0.828E-009
H3CS+ 0.147E-005
H3O+ 0.185E-004
H3S+ 0.909E-009
H3S2+ 0.176E-010
H3SIO+ 0.647E-019
H5C2O2+ 0.115E-016
HC2O+ 0.444E-006
HC2S+ 0.136E-003
HC3NH+ 0.419E-005
HC3O+ 0.155E-008
HC3S+ 0.192E-005
HC4N+ 0.915E-011
HC4S+ 0.868E-006
HC5NH+ 0.417E-008
HCNH+ 0.114E-003
HCNOH+ 0.527E-013
HCO2+ 0.495E-008
HCOOH2+ 0.107E-010
HF+ 0.483E-013
HN2O+ 0.280E-014
HNCOH+ 0.179E-008
HNS+ 0.238E-010
HOCN+ 0.673E-012
HOCS+ 0.641E-009
HPN+ 0.988E-015
HSO+ 0.105E-009
HSO2+ 0.113E-013
HSIO2+ 0.115E-010
HSIS+ 0.809E-006
HEH+ 0.840E-010
N2H+ 0.132E-006
NCCNCH3+ 0.247E-010
NCCNH+ 0.114E-006
NH2CNH+ 0.187E-010
NH4+ 0.230E-006
O2H+ 0.572E-014
OCN+ 0.543E-014
PC2H2+ 0.815E-010
PC2H3+ 0.796E-015
PC2H4+ 0.568E-015
PC3H+ 0.272E-010
PC4H+ 0.302E-010
PCH2+ 0.313E-007
PCH3+ 0.654E-013
PCH4+ 0.455E-013
PH3+ 0.607E-014
PNH2+ 0.282E-010
PNH3+ 0.286E-014
SIC2H3+ 0.670E-006
SIC3H2+ 0.115E-004
SIC4H+ 0.248E-006
SICH4+ 0.126E-008
SIF+ 0.810E-005
SIH5+ 0.157E-016
SINCH+ 0.152E-007
SINH2+ 0.877E-006
SIOH+ 0.315E-003
