C- 0.191E-009
E 0.336E+000
C2- 0.815E-015
C3- 0.246E-011
C4- 0.806E-012
C5- 0.186E-011
C6- 0.914E-013
C7- 0.133E-014
C8- 0.124E-014
C10- 0.480E-020
C2H- 0.154E-005
C3H- 0.247E-011
C3N- 0.445E-010
C4H- 0.568E-012
C5H- 0.302E-008
C6H- 0.205E-009
C7H- 0.270E-011
C8H- 0.145E-014
C9- 0.343E-015
C9H- 0.401E-014
CH- 0.388E-012
O- 0.343E-013
OH- 0.430E-008
S- 0.774E-011
CN- 0.124E-005
H- 0.223E-007
C10H- 0.148E-020
C5N- 0.244E-014
O2- 0.151E-034
C 0.253E+001
C2 0.628E-001
CH2 0.545E-001
C2H2 0.141E+004
CH 0.307E-004
C2H 0.113E-001
CO2 0.189E-003
CO 0.258E+005
H2O 0.832E+002
H2CO 0.196E-005
N 0.176E+000
CN 0.291E-001
NH 0.259E-003
HCN 0.132E+004
O2 0.288E-009
O 0.161E+001
OH 0.125E+000
HCO 0.453E-005
C4 0.693E-008
C3 0.251E-002
C5 0.185E-008
C6 0.171E-010
C7 0.275E-012
C8 0.243E-012
C9 0.246E-013
C10 0.489E-015
C3H 0.252E-002
C4H 0.152E-004
C4N 0.461E-013
C5H 0.206E-005
C6H 0.103E-006
C7H 0.457E-009
C8H 0.837E-012
C9H 0.831E-012
C10H 0.482E-015
CS 0.342E+003
CH3 0.170E-001
CH3CN 0.164E-004
CH3OH 0.769E-009
OCS 0.842E-005
CH4 0.113E+003
H 0.670E+001
H2 0.323E+008
NH2 0.761E-003
NH3 0.193E+001
C10H2 0.286E-018
H2CCC 0.838E-007
HC3N 0.292E-005
HC4H 0.496E-003
C5H2 0.198E-004
HC5N 0.694E-011
C6H2 0.438E-004
C7H2 0.442E-009
C8H2 0.602E-012
C9H2 0.810E-012
HS 0.148E-003
C2N 0.831E-010
C3N 0.306E-005
C5N 0.117E-011
C7N 0.289E-016
HC7N 0.192E-013
C9N 0.361E-019
HC9N 0.326E-019
NO 0.150E-006
NS 0.434E-011
NO2 0.534E-022
SO2 0.303E-019
C2O 0.677E-012
SO 0.634E-008
HNC 0.195E-003
C2H4 0.221E+001
C2H5 0.644E-012
C2H5OH 0.616E-014
C2S 0.677E-007
C3O 0.760E-010
C3S 0.351E-007
C4H3 0.108E-007
C4S 0.414E-012
C6H6 0.393E-004
CCP 0.494E-010
CCL 0.498E-010
CH2CCH2 0.285E-010
CH2CCH 0.180E-002
CH2CN 0.789E-011
CH2CO 0.146E-005
CH3CCH 0.992E-007
CH3CHCH2 0.175E-016
CH3CHO 0.342E-008
CH3COCH3 0.268E-020
CH3OCH3 0.267E-021
CP 0.177E-003
CLO 0.391E-023
FE 0.000E+000
H2S 0.129E+000
H2SIO 0.287E-026
HCOOCH3 0.436E-022
HCP 0.807E+000
HPO 0.125E-016
MG 0.000E+000
NCCN 0.126E-008
NA 0.000E+000
P 0.356E-007
PH 0.641E-008
PO 0.166E-010
SI 0.167E+000
SIC2 0.604E+003
SIC2H 0.605E-002
SIC3 0.239E-005
SIC 0.313E-003
SICH2 0.533E-011
SICH3 0.382E-014
SIH2 0.357E-015
SIH3 0.319E-019
SIN 0.314E-009
SIS 0.193E+003
S 0.648E-001
N2 0.129E+004
C2H3 0.619E-005
CH3CH3 0.501E-022
PN 0.865E-014
CL 0.257E-003
C3H2 0.582E-006
C4P 0.527E-022
CH3C4H 0.435E-005
CH3C6H 0.647E-010
H2CS 0.451E-008
H2S2 0.448E-012
HC2P 0.509E-013
HCSI 0.655E-007
HCL 0.105E+002
HNSI 0.302E-009
HS2 0.448E-012
N2O 0.774E-016
PH2 0.624E-022
S2 0.206E-011
SIC2H2 0.351E-006
SIC3H 0.245E-012
SIC4 0.239E-005
SIH4 0.454E-017
SIH 0.961E-009
SINC 0.666E-012
SIO 0.162E+003
F 0.257E-004
HE 0.549E+007
HCNO 0.507E-019
HNCO 0.320E-010
HONC 0.343E-028
HNO 0.109E-007
HCOOH 0.462E-009
C11 0.153E-019
C2H5CN 0.309E-015
C3P 0.381E-017
CH2CHCCH 0.115E-009
CH2CHCHCH2 0.955E-013
CH2CHCN 0.589E-005
CH2NH 0.210E-008
CH2PH 0.967E-016
CH3C3N 0.112E-010
CH3C5N 0.105E-022
CH3C7N 0.102E-024
CNO 0.101E-034
H2CN 0.340E-007
H2O2 0.416E-024
HCS 0.583E-011
HF 0.549E+000
HNC3 0.208E-006
HOCN 0.320E-010
NH2CN 0.106E-009
O2H 0.126E-020
OCN 0.242E-004
SIO2 0.881E-005
HCO+ 0.233E-003
H+ 0.248E-005
HOC+ 0.522E-009
C+ 0.513E-004
C10H+ 0.193E-013
C2H4+ 0.287E-003
C2H5+ 0.566E-004
C2H5OH+ 0.113E-017
C2O+ 0.213E-018
C2S+ 0.472E-011
C3O+ 0.355E-022
C3S+ 0.606E-010
C4H3+ 0.395E-001
C4S+ 0.167E-013
C6H6+ 0.841E-012
CCP+ 0.162E-007
CCL+ 0.273E-006
CH2+ 0.101E-007
C3H4+ 0.162E-004
CH2CCH+ 0.205E-004
CH2CN+ 0.155E-007
CH2CO+ 0.253E-007
C3H6+ 0.187E-025
CH3CHO+ 0.982E-012
CH3COCH3+ 0.215E-024
CH3OCH3+ 0.323E-025
CH+ 0.121E-007
CP+ 0.295E-015
CLO+ 0.126E-031
FE+ 0.000E+000
H2CO+ 0.108E-008
H2S+ 0.402E-004
H2SIO+ 0.413E-017
C4H2+ 0.620E-003
COOCH4+ 0.320E-029
HCP+ 0.714E-012
HPO+ 0.612E-010
MG+ 0.000E+000
C2N+ 0.575E-008
CNC+ 0.551E-004
NH3+ 0.174E-004
NO+ 0.482E-007
NS+ 0.746E-009
NA+ 0.000E+000
OCS+ 0.773E-008
P+ 0.147E-009
PH+ 0.432E-014
PO+ 0.866E-011
SO+ 0.262E-008
SI+ 0.174E-003
SIC2+ 0.147E-007
SIC2H+ 0.991E-003
SIC3+ 0.214E-008
SIC+ 0.254E-005
SICH2+ 0.802E-005
SICH3+ 0.255E-009
SIH2+ 0.464E-008
SIH3+ 0.549E-013
SIN+ 0.180E-010
SIS+ 0.160E-004
C2+ 0.766E-009
S+ 0.116E-004
CN+ 0.245E-010
CO+ 0.375E-010
N2+ 0.853E-011
O2+ 0.127E-011
C2H+ 0.803E-009
C2H2+ 0.235E-002
C2H3+ 0.162E+000
C5H2+ 0.107E-004
C6H2+ 0.485E-008
C7H2+ 0.464E-009
C3H3+ 0.495E-004
CO2+ 0.650E-018
HC3N+ 0.193E-009
HCN+ 0.314E-010
C2N2+ 0.217E-015
C3+ 0.798E-013
C5+ 0.250E-016
CH3CH3+ 0.168E-019
PN+ 0.243E-022
H2O+ 0.109E-006
NH2+ 0.168E-010
O+ 0.109E-011
OH+ 0.828E-011
CH3+ 0.794E-004
CH4+ 0.785E-006
CH3OH+ 0.908E-013
N+ 0.333E-007
SO2+ 0.330E-032
CS+ 0.612E-006
CL+ 0.114E-007
C10+ 0.130E-020
C10H2+ 0.165E-013
C3H2+ 0.581E-004
C3H+ 0.764E-004
C4+ 0.151E-010
C4H+ 0.885E-010
C4P+ 0.953E-031
C5H+ 0.315E-008
C6+ 0.510E-014
C6H+ 0.125E-011
C7+ 0.250E-012
C7H+ 0.280E-011
C8+ 0.304E-016
C8H2+ 0.192E-010
C8H+ 0.771E-013
C9+ 0.197E-017
C9H2+ 0.288E-010
C9H+ 0.820E-015
CH3C4H+ 0.287E-005
C7H4+ 0.820E-008
CH3CN+ 0.954E-012
H2CS+ 0.642E-009
H2S2+ 0.201E-010
HC2P+ 0.562E-008
HC5N+ 0.144E-013
HC7N+ 0.171E-014
HC9N+ 0.858E-016
HCSI+ 0.171E-008
HCL+ 0.187E-003
HNSI+ 0.150E-014
HS2+ 0.517E-010
HS+ 0.329E-007
N2O+ 0.895E-021
NH+ 0.100E-013
PH2+ 0.222E-014
S2+ 0.338E-009
SIC2H2+ 0.850E-006
SIC3H+ 0.421E-009
SIC4+ 0.281E-008
SIH4+ 0.557E-028
SIH+ 0.806E-007
SINC+ 0.105E-005
SIO+ 0.375E-005
H2+ 0.570E-008
F+ 0.765E-013
HE+ 0.667E-006
C3N+ 0.108E-012
HCNO+ 0.175E-032
HNCO+ 0.320E-012
HONC+ 0.290E-041
HNO+ 0.415E-010
HCOOH+ 0.452E-013
NO2+ 0.138E-019
CH2CHCNH+ 0.586E-009
HCS+ 0.406E-002
C10H3+ 0.522E-018
C11+ 0.282E-017
C2H5CNH+ 0.147E-013
C2H5OH2+ 0.112E-012
C2H7+ 0.528E-030
C2NH+ 0.984E-006
C3H2O+ 0.677E-011
C3H5+ 0.895E-003
C3H7+ 0.486E-023
C4H4+ 0.651E-012
C4H5+ 0.202E-004
C4H7+ 0.109E-007
C4N+ 0.289E-015
C5H3+ 0.974E-004
C5H5+ 0.661E-003
C5N+ 0.161E-013
C6H3+ 0.132E-005
C6H4+ 0.122E-005
C6H5+ 0.168E-002
C6H7+ 0.744E-003
C7H3+ 0.230E-007
C7H5+ 0.813E-008
C7N+ 0.136E-016
C8H3+ 0.351E-009
C8H4+ 0.277E-009
C8H5+ 0.322E-016
C9H3+ 0.144E-009
C9H4+ 0.624E-010
C9H5+ 0.166E-016
C9N+ 0.346E-020
CF+ 0.958E-007
CH2CHCN+ 0.803E-010
CH2NH2+ 0.540E-009
CH3C3N+ 0.824E-013
CH3C3NH+ 0.100E-008
CH3C5NH+ 0.354E-021
CH3C7NH+ 0.352E-023
CH3CHOH+ 0.531E-007
CH3CNH+ 0.347E-003
CH3CO+ 0.404E-007
CH3COCH4+ 0.504E-018
CH3CS+ 0.389E-008
CH3OCH4+ 0.325E-019
CH3OH2+ 0.617E-008
CH4N+ 0.943E-007
CH5+ 0.389E-004
H2C4N+ 0.824E-013
H2C7N+ 0.856E-013
H2C9N+ 0.469E-015
H2CCL+ 0.278E-008
H2CNO+ 0.152E-008
H2CL+ 0.199E-006
H2F+ 0.536E-006
H2NC+ 0.831E-007
H2NCO+ 0.997E-026
H2NO+ 0.328E-016
H2OCN+ 0.153E-008
H2PO+ 0.150E-014
H3+ 0.227E-004
H3C3O+ 0.406E-008
H3C5N+ 0.150E-008
H3C7N+ 0.322E-013
H3C9N+ 0.116E-015
H3CO+ 0.188E-009
H3CS+ 0.322E-006
H3O+ 0.173E-002
H3S+ 0.276E-005
H3S2+ 0.572E-010
H3SIO+ 0.200E-021
H5C2O2+ 0.294E-019
HC2O+ 0.396E-005
HC2S+ 0.116E-004
HC3NH+ 0.985E-004
HC3O+ 0.127E-007
HC3S+ 0.863E-009
HC4N+ 0.824E-013
HC4S+ 0.282E-006
HC5NH+ 0.339E-009
HCNH+ 0.101E+000
HCNOH+ 0.997E-026
HCO2+ 0.700E-009
HCOOH2+ 0.934E-008
HF+ 0.224E-013
HN2O+ 0.141E-023
HNCOH+ 0.305E-008
HNS+ 0.962E-016
HOCN+ 0.135E-014
HOCS+ 0.276E-011
HPN+ 0.411E-020
HSO+ 0.589E-012
HSO2+ 0.818E-027
HSIO2+ 0.588E-012
HSIS+ 0.646E-004
HEH+ 0.840E-010
N2H+ 0.193E-005
NCCNCH3+ 0.108E-018
NCCNH+ 0.374E-011
NH2CNH+ 0.670E-016
NH4+ 0.646E-003
O2H+ 0.188E-018
OCN+ 0.438E-013
PC2H2+ 0.869E-011
PC2H3+ 0.132E-017
PC2H4+ 0.218E-015
PC3H+ 0.149E-015
PC4H+ 0.223E-014
PCH2+ 0.147E-005
PCH3+ 0.831E-016
PCH4+ 0.114E-013
PH3+ 0.141E-020
PNH2+ 0.965E-012
PNH3+ 0.171E-015
SIC2H3+ 0.389E-004
SIC3H2+ 0.310E-009
SIC4H+ 0.327E-003
SICH4+ 0.259E-009
SIF+ 0.141E-006
SIH5+ 0.525E-017
SINCH+ 0.806E-010
SINH2+ 0.558E-007
SIOH+ 0.158E-001
