C- 0.866E-009
E 0.616E-001
C2- 0.387E-008
C3- 0.420E-006
C4- 0.264E-003
C5- 0.464E-004
C6- 0.628E-004
C7- 0.381E-004
C8- 0.108E-004
C10- 0.627E-006
C2H- 0.289E-009
C3H- 0.248E-008
C3N- 0.222E-004
C4H- 0.338E-006
C5H- 0.984E-004
C6H- 0.720E-003
C7H- 0.121E-003
C8H- 0.143E-004
C9- 0.357E-005
C9H- 0.368E-005
CH- 0.448E-012
O- 0.844E-012
OH- 0.246E-010
S- 0.735E-009
CN- 0.346E-006
H- 0.662E-009
C10H- 0.187E-006
C5N- 0.641E-004
O2- 0.400E-022
C 0.194E+000
C2 0.165E+000
CH2 0.955E-002
C2H2 0.253E+000
CH 0.153E-001
C2H 0.251E+000
CO2 0.588E-004
CO 0.148E+002
H2O 0.281E-001
H2CO 0.410E-004
N 0.170E+000
CN 0.376E+000
NH 0.266E-003
HCN 0.281E+000
O2 0.450E-004
O 0.124E+000
OH 0.180E-001
HCO 0.220E-004
C4 0.286E-002
C3 0.918E-002
C5 0.196E-003
C6 0.457E-004
C7 0.102E-004
C8 0.765E-005
C9 0.915E-006
C10 0.459E-006
C3H 0.959E-002
C4H 0.148E-001
C4N 0.339E-004
C5H 0.308E-003
C6H 0.129E-002
C7H 0.797E-004
C8H 0.302E-004
C9H 0.247E-005
C10H 0.433E-006
CS 0.155E+000
CH3 0.513E-002
CH3CN 0.488E-003
CH3OH 0.374E-009
OCS 0.256E-003
CH4 0.266E-001
H 0.276E+001
H2 0.186E+005
NH2 0.366E-003
NH3 0.362E-003
C10H2 0.218E-005
H2CCC 0.126E-002
HC3N 0.187E-001
HC4H 0.524E-002
C5H2 0.473E-003
HC5N 0.130E-002
C6H2 0.326E-002
C7H2 0.135E-003
C8H2 0.117E-003
C9H2 0.669E-005
HS 0.793E-003
C2N 0.692E-003
C3N 0.122E-001
C5N 0.103E-003
C7N 0.135E-004
HC7N 0.482E-003
C9N 0.224E-006
HC9N 0.109E-004
NO 0.144E-003
NS 0.100E-004
NO2 0.929E-010
SO2 0.265E-007
C2O 0.261E-005
SO 0.259E-004
HNC 0.330E-002
C2H4 0.154E-003
C2H5 0.220E-008
C2H5OH 0.459E-013
C2S 0.183E-002
C3O 0.148E-006
C3S 0.136E-002
C4H3 0.157E-004
C4S 0.902E-005
C6H6 0.118E-003
CCP 0.964E-006
CCL 0.192E-006
CH2CCH2 0.462E-006
CH2CCH 0.335E-002
CH2CN 0.135E-005
CH2CO 0.197E-005
CH3CCH 0.950E-004
CH3CHCH2 0.656E-006
CH3CHO 0.162E-007
CH3COCH3 0.861E-013
CH3OCH3 0.625E-016
CP 0.109E-003
CLO 0.235E-028
FE 0.000E+000
H2S 0.700E-005
H2SIO 0.526E-016
HCOOCH3 0.126E-015
HCP 0.315E-003
HPO 0.103E-011
MG 0.000E+000
NCCN 0.597E-003
NA 0.000E+000
P 0.291E-004
PH 0.426E-007
PO 0.443E-007
SI 0.378E-001
SIC2 0.314E+000
SIC2H 0.140E-001
SIC3 0.646E-003
SIC 0.273E-002
SICH2 0.164E-004
SICH3 0.177E-007
SIH2 0.311E-009
SIH3 0.400E-014
SIN 0.323E-004
SIS 0.100E+000
S 0.416E-001
N2 0.690E+000
C2H3 0.220E-003
CH3CH3 0.629E-007
PN 0.584E-009
CL 0.388E-002
C3H2 0.368E-002
C4P 0.156E-009
CH3C4H 0.327E-004
CH3C6H 0.170E-005
H2CS 0.582E-004
H2S2 0.533E-009
HC2P 0.702E-009
HCSI 0.430E-003
HCL 0.215E-002
HNSI 0.120E-004
HS2 0.120E-008
N2O 0.166E-008
PH2 0.647E-013
S2 0.113E-005
SIC2H2 0.272E-004
SIC3H 0.131E-003
SIC4 0.115E-004
SIH4 0.647E-015
SIH 0.281E-003
SINC 0.154E-006
SIO 0.323E-001
F 0.487E-005
HE 0.316E+004
HCNO 0.312E-007
HNCO 0.187E-007
HONC 0.233E-012
HNO 0.227E-005
HCOOH 0.402E-009
C11 0.324E-008
C2H5CN 0.272E-008
C3P 0.262E-009
CH2CHCCH 0.978E-006
CH2CHCHCH2 0.179E-010
CH2CHCN 0.611E-004
CH2NH 0.841E-006
CH2PH 0.517E-012
CH3C3N 0.173E-004
CH3C5N 0.233E-007
CH3C7N 0.805E-008
CNO 0.193E-016
H2CN 0.322E-004
H2O2 0.298E-026
HCS 0.363E-004
HF 0.303E-003
HNC3 0.147E-004
HOCN 0.157E-007
NH2CN 0.965E-005
O2H 0.273E-011
OCN 0.429E-003
SIO2 0.478E-005
HCO+ 0.215E-004
H+ 0.618E-006
HOC+ 0.506E-007
C+ 0.301E-002
C10H+ 0.399E-008
C2H4+ 0.118E-004
C2H5+ 0.240E-006
C2H5OH+ 0.525E-015
C2O+ 0.360E-009
C2S+ 0.917E-007
C3O+ 0.157E-013
C3S+ 0.414E-005
C4H3+ 0.931E-005
C4S+ 0.540E-005
C6H6+ 0.216E-006
CCP+ 0.142E-007
CCL+ 0.340E-006
CH2+ 0.737E-006
C3H4+ 0.675E-006
CH2CCH+ 0.626E-005
CH2CN+ 0.528E-005
CH2CO+ 0.233E-006
C3H6+ 0.447E-008
CH3CHO+ 0.790E-010
CH3COCH3+ 0.449E-015
CH3OCH3+ 0.678E-018
CH+ 0.540E-006
CP+ 0.178E-010
CLO+ 0.473E-032
FE+ 0.000E+000
H2CO+ 0.312E-006
H2S+ 0.180E-006
H2SIO+ 0.430E-014
C4H2+ 0.253E-004
COOCH4+ 0.525E-019
HCP+ 0.434E-010
HPO+ 0.546E-008
MG+ 0.000E+000
C2N+ 0.198E-005
CNC+ 0.862E-004
NH3+ 0.355E-005
NO+ 0.702E-006
NS+ 0.920E-007
NA+ 0.000E+000
OCS+ 0.372E-005
P+ 0.951E-005
PH+ 0.885E-010
PO+ 0.873E-008
SO+ 0.600E-005
SI+ 0.472E-001
SIC2+ 0.530E-006
SIC2H+ 0.621E-003
SIC3+ 0.286E-004
SIC+ 0.694E-007
SICH2+ 0.557E-004
SICH3+ 0.842E-009
SIH2+ 0.566E-007
SIH3+ 0.697E-011
SIN+ 0.104E-005
SIS+ 0.170E-003
C2+ 0.329E-005
S+ 0.663E-002
CN+ 0.745E-010
CO+ 0.255E-008
N2+ 0.715E-011
O2+ 0.556E-007
C2H+ 0.342E-005
C2H2+ 0.950E-003
C2H3+ 0.191E-002
C5H2+ 0.210E-005
C6H2+ 0.430E-005
C7H2+ 0.199E-006
C3H3+ 0.107E-004
CO2+ 0.251E-015
HC3N+ 0.180E-005
HCN+ 0.507E-009
C2N2+ 0.357E-009
C3+ 0.173E-006
C5+ 0.697E-008
CH3CH3+ 0.731E-010
PN+ 0.302E-016
H2O+ 0.664E-007
NH2+ 0.140E-007
O+ 0.380E-011
OH+ 0.157E-008
CH3+ 0.340E-003
CH4+ 0.192E-006
CH3OH+ 0.583E-012
N+ 0.832E-010
SO2+ 0.162E-015
CS+ 0.598E-006
CL+ 0.981E-008
C10+ 0.108E-008
C10H2+ 0.116E-007
C3H2+ 0.247E-004
C3H+ 0.105E-004
C4+ 0.136E-007
C4H+ 0.170E-006
C4P+ 0.531E-017
C5H+ 0.139E-005
C6+ 0.147E-007
C6H+ 0.202E-006
C7+ 0.595E-008
C7H+ 0.411E-006
C8+ 0.136E-007
C8H2+ 0.252E-006
C8H+ 0.552E-009
C9+ 0.116E-008
C9H2+ 0.144E-007
C9H+ 0.153E-007
CH3C4H+ 0.147E-006
C7H4+ 0.861E-008
CH3CN+ 0.558E-008
H2CS+ 0.284E-007
H2S2+ 0.659E-012
HC2P+ 0.110E-006
HC5N+ 0.188E-010
HC7N+ 0.392E-006
HC9N+ 0.875E-008
HCSI+ 0.922E-007
HCL+ 0.115E-007
HNSI+ 0.745E-013
HS2+ 0.515E-009
HS+ 0.549E-007
N2O+ 0.447E-010
NH+ 0.404E-010
PH2+ 0.577E-010
S2+ 0.936E-007
SIC2H2+ 0.111E-005
SIC3H+ 0.133E-004
SIC4+ 0.405E-004
SIH4+ 0.180E-023
SIH+ 0.131E-006
SINC+ 0.105E-004
SIO+ 0.144E-005
H2+ 0.570E-008
F+ 0.168E-012
HE+ 0.602E-006
C3N+ 0.227E-009
HCNO+ 0.440E-017
HNCO+ 0.811E-012
HONC+ 0.805E-022
HNO+ 0.117E-009
HCOOH+ 0.240E-011
NO2+ 0.763E-014
CH2CHCNH+ 0.214E-007
HCS+ 0.464E-004
C10H3+ 0.629E-009
C11+ 0.177E-009
C2H5CNH+ 0.118E-009
C2H5OH2+ 0.973E-015
C2H7+ 0.238E-014
C2NH+ 0.212E-005
C3H2O+ 0.188E-008
C3H5+ 0.194E-004
C3H7+ 0.630E-005
C4H4+ 0.145E-009
C4H5+ 0.135E-006
C4H7+ 0.381E-011
C4N+ 0.274E-006
C5H3+ 0.627E-006
C5H5+ 0.102E-006
C5N+ 0.170E-011
C6H3+ 0.154E-006
C6H4+ 0.580E-007
C6H5+ 0.541E-009
C6H7+ 0.913E-008
C7H3+ 0.349E-007
C7H5+ 0.353E-008
C7N+ 0.975E-010
C8H3+ 0.429E-007
C8H4+ 0.159E-007
C8H5+ 0.160E-011
C9H3+ 0.637E-008
C9H4+ 0.188E-008
C9H5+ 0.106E-012
C9N+ 0.162E-011
CF+ 0.113E-005
CH2CHCN+ 0.230E-006
CH2NH2+ 0.157E-011
CH3C3N+ 0.259E-010
CH3C3NH+ 0.194E-007
CH3C5NH+ 0.736E-009
CH3C7NH+ 0.272E-009
CH3CHOH+ 0.148E-009
CH3CNH+ 0.126E-004
CH3CO+ 0.257E-007
CH3COCH4+ 0.549E-014
CH3CS+ 0.903E-008
CH3OCH4+ 0.123E-016
CH3OH2+ 0.179E-009
CH4N+ 0.102E-007
CH5+ 0.440E-005
H2C4N+ 0.259E-010
H2C7N+ 0.213E-006
H2C9N+ 0.476E-008
H2CCL+ 0.538E-008
H2CNO+ 0.552E-009
H2CL+ 0.679E-005
H2F+ 0.392E-009
H2NC+ 0.254E-006
H2NCO+ 0.302E-009
H2NO+ 0.109E-011
H2OCN+ 0.854E-009
H2PO+ 0.629E-013
H3+ 0.412E-005
H3C3O+ 0.128E-007
H3C5N+ 0.199E-008
H3C7N+ 0.188E-009
H3C9N+ 0.530E-010
H3CO+ 0.629E-009
H3CS+ 0.119E-005
H3O+ 0.141E-004
H3S+ 0.406E-009
H3S2+ 0.966E-011
H3SIO+ 0.396E-019
H5C2O2+ 0.755E-017
HC2O+ 0.315E-006
HC2S+ 0.117E-003
HC3NH+ 0.242E-005
HC3O+ 0.107E-008
HC3S+ 0.186E-005
HC4N+ 0.757E-011
HC4S+ 0.660E-006
HC5NH+ 0.338E-008
HCNH+ 0.610E-004
HCNOH+ 0.555E-013
HCO2+ 0.429E-008
HCOOH2+ 0.791E-011
HF+ 0.491E-013
HN2O+ 0.312E-014
HNCOH+ 0.171E-008
HNS+ 0.250E-010
HOCN+ 0.811E-012
HOCS+ 0.496E-009
HPN+ 0.112E-014
HSO+ 0.916E-010
HSO2+ 0.107E-013
HSIO2+ 0.910E-011
HSIS+ 0.622E-006
HEH+ 0.840E-010
N2H+ 0.110E-006
NCCNCH3+ 0.214E-010
NCCNH+ 0.985E-007
NH2CNH+ 0.143E-010
NH4+ 0.137E-006
O2H+ 0.648E-014
OCN+ 0.574E-014
PC2H2+ 0.666E-010
PC2H3+ 0.495E-015
PC2H4+ 0.384E-015
PC3H+ 0.242E-010
PC4H+ 0.211E-010
PCH2+ 0.331E-007
PCH3+ 0.464E-013
PCH4+ 0.345E-013
PH3+ 0.516E-014
PNH2+ 0.255E-010
PNH3+ 0.206E-014
SIC2H3+ 0.514E-006
SIC3H2+ 0.930E-005
SIC4H+ 0.149E-006
SICH4+ 0.884E-009
SIF+ 0.703E-005
SIH5+ 0.837E-017
SINCH+ 0.118E-007
SINH2+ 0.647E-006
SIOH+ 0.235E-003
