C- 0.102E-008
E 0.649E-001
C2- 0.408E-008
C3- 0.399E-006
C4- 0.251E-003
C5- 0.538E-004
C6- 0.636E-004
C7- 0.473E-004
C8- 0.133E-004
C10- 0.924E-006
C2H- 0.245E-009
C3H- 0.221E-008
C3N- 0.217E-004
C4H- 0.308E-006
C5H- 0.952E-004
C6H- 0.735E-003
C7H- 0.135E-003
C8H- 0.167E-004
C9- 0.509E-005
C9H- 0.457E-005
CH- 0.342E-012
O- 0.981E-012
OH- 0.218E-010
S- 0.765E-009
CN- 0.357E-006
H- 0.589E-009
C10H- 0.267E-006
C5N- 0.704E-004
O2- 0.307E-022
C 0.209E+000
C2 0.180E+000
CH2 0.858E-002
C2H2 0.177E+000
CH 0.158E-001
C2H 0.225E+000
CO2 0.519E-004
CO 0.129E+002
H2O 0.225E-001
H2CO 0.392E-004
N 0.179E+000
CN 0.351E+000
NH 0.258E-003
HCN 0.207E+000
O2 0.457E-004
O 0.120E+000
OH 0.168E-001
HCO 0.207E-004
C4 0.257E-002
C3 0.863E-002
C5 0.217E-003
C6 0.446E-004
C7 0.122E-004
C8 0.908E-005
C9 0.126E-005
C10 0.649E-006
C3H 0.879E-002
C4H 0.124E-001
C4N 0.356E-004
C5H 0.282E-003
C6H 0.126E-002
C7H 0.851E-004
C8H 0.336E-004
C9H 0.290E-005
C10H 0.576E-006
CS 0.130E+000
CH3 0.462E-002
CH3CN 0.397E-003
CH3OH 0.323E-009
OCS 0.194E-003
CH4 0.200E-001
H 0.265E+001
H2 0.162E+005
NH2 0.321E-003
NH3 0.261E-003
C10H2 0.235E-005
H2CCC 0.979E-003
HC3N 0.124E-001
HC4H 0.358E-002
C5H2 0.488E-003
HC5N 0.117E-002
C6H2 0.273E-002
C7H2 0.155E-003
C8H2 0.111E-003
C9H2 0.837E-005
HS 0.787E-003
C2N 0.750E-003
C3N 0.120E-001
C5N 0.108E-003
C7N 0.156E-004
HC7N 0.452E-003
C9N 0.292E-006
HC9N 0.115E-004
NO 0.158E-003
NS 0.117E-004
NO2 0.996E-010
SO2 0.257E-007
C2O 0.232E-005
SO 0.240E-004
HNC 0.246E-002
C2H4 0.103E-003
C2H5 0.252E-008
C2H5OH 0.300E-013
C2S 0.197E-002
C3O 0.101E-006
C3S 0.132E-002
C4H3 0.134E-004
C4S 0.913E-005
C6H6 0.103E-003
CCP 0.104E-005
CCL 0.186E-006
CH2CCH2 0.440E-006
CH2CCH 0.262E-002
CH2CN 0.146E-005
CH2CO 0.193E-005
CH3CCH 0.932E-004
CH3CHCH2 0.733E-006
CH3CHO 0.111E-007
CH3COCH3 0.761E-013
CH3OCH3 0.632E-016
CP 0.102E-003
CLO 0.202E-028
FE 0.000E+000
H2S 0.416E-005
H2SIO 0.486E-016
HCOOCH3 0.110E-015
HCP 0.259E-003
HPO 0.106E-011
MG 0.000E+000
NCCN 0.562E-003
NA 0.000E+000
P 0.304E-004
PH 0.513E-007
PO 0.539E-007
SI 0.343E-001
SIC2 0.270E+000
SIC2H 0.116E-001
SIC3 0.718E-003
SIC 0.280E-002
SICH2 0.149E-004
SICH3 0.172E-007
SIH2 0.257E-009
SIH3 0.342E-014
SIN 0.344E-004
SIS 0.854E-001
S 0.405E-001
N2 0.594E+000
C2H3 0.201E-003
CH3CH3 0.703E-007
PN 0.772E-009
CL 0.366E-002
C3H2 0.333E-002
C4P 0.151E-009
CH3C4H 0.295E-004
CH3C6H 0.152E-005
H2CS 0.578E-004
H2S2 0.445E-009
HC2P 0.741E-009
HCSI 0.507E-003
HCL 0.159E-002
HNSI 0.115E-004
HS2 0.103E-008
N2O 0.199E-008
PH2 0.689E-013
S2 0.122E-005
SIC2H2 0.250E-004
SIC3H 0.138E-003
SIC4 0.103E-004
SIH4 0.393E-015
SIH 0.243E-003
SINC 0.149E-006
SIO 0.239E-001
F 0.540E-005
HE 0.275E+004
HCNO 0.347E-007
HNCO 0.213E-007
HONC 0.293E-012
HNO 0.230E-005
HCOOH 0.376E-009
C11 0.536E-008
C2H5CN 0.246E-008
C3P 0.276E-009
CH2CHCCH 0.100E-005
CH2CHCHCH2 0.229E-010
CH2CHCN 0.536E-004
CH2NH 0.677E-006
CH2PH 0.496E-012
CH3C3N 0.183E-004
CH3C5N 0.256E-007
CH3C7N 0.909E-008
CNO 0.308E-016
H2CN 0.340E-004
H2O2 0.419E-026
HCS 0.357E-004
HF 0.262E-003
HNC3 0.857E-005
HOCN 0.180E-007
NH2CN 0.812E-005
O2H 0.300E-011
OCN 0.440E-003
SIO2 0.424E-005
HCO+ 0.212E-004
H+ 0.637E-006
HOC+ 0.638E-007
C+ 0.411E-002
C10H+ 0.484E-008
C2H4+ 0.985E-005
C2H5+ 0.165E-006
C2H5OH+ 0.343E-015
C2O+ 0.427E-009
C2S+ 0.108E-006
C3O+ 0.172E-013
C3S+ 0.408E-005
C4H3+ 0.551E-005
C4S+ 0.494E-005
C6H6+ 0.290E-006
CCP+ 0.152E-007
CCL+ 0.333E-006
CH2+ 0.824E-006
C3H4+ 0.602E-006
CH2CCH+ 0.648E-005
CH2CN+ 0.462E-005
CH2CO+ 0.203E-006
C3H6+ 0.430E-008
CH3CHO+ 0.510E-010
CH3COCH3+ 0.407E-015
CH3OCH3+ 0.685E-018
CH+ 0.640E-006
CP+ 0.260E-010
CLO+ 0.544E-032
FE+ 0.000E+000
H2CO+ 0.289E-006
H2S+ 0.126E-006
H2SIO+ 0.260E-014
C4H2+ 0.172E-004
COOCH4+ 0.616E-019
HCP+ 0.590E-010
HPO+ 0.531E-008
MG+ 0.000E+000
C2N+ 0.193E-005
CNC+ 0.842E-004
NH3+ 0.282E-005
NO+ 0.771E-006
NS+ 0.971E-007
NA+ 0.000E+000
OCS+ 0.279E-005
P+ 0.123E-004
PH+ 0.911E-010
PO+ 0.982E-008
SO+ 0.610E-005
SI+ 0.503E-001
SIC2+ 0.611E-006
SIC2H+ 0.551E-003
SIC3+ 0.268E-004
SIC+ 0.928E-007
SICH2+ 0.571E-004
SICH3+ 0.582E-009
SIH2+ 0.484E-007
SIH3+ 0.474E-011
SIN+ 0.101E-005
SIS+ 0.168E-003
C2+ 0.413E-005
S+ 0.761E-002
CN+ 0.101E-009
CO+ 0.383E-008
N2+ 0.709E-011
O2+ 0.566E-007
C2H+ 0.425E-005
C2H2+ 0.879E-003
C2H3+ 0.151E-002
C5H2+ 0.161E-005
C6H2+ 0.340E-005
C7H2+ 0.207E-006
C3H3+ 0.103E-004
CO2+ 0.260E-015
HC3N+ 0.163E-005
HCN+ 0.603E-009
C2N2+ 0.385E-009
C3+ 0.243E-006
C5+ 0.929E-008
CH3CH3+ 0.890E-010
PN+ 0.391E-016
H2O+ 0.613E-007
NH2+ 0.141E-007
O+ 0.494E-011
OH+ 0.169E-008
CH3+ 0.332E-003
CH4+ 0.162E-006
CH3OH+ 0.473E-012
N+ 0.874E-010
SO2+ 0.187E-015
CS+ 0.632E-006
CL+ 0.106E-007
C10+ 0.170E-008
C10H2+ 0.120E-007
C3H2+ 0.225E-004
C3H+ 0.118E-004
C4+ 0.194E-007
C4H+ 0.163E-006
C4P+ 0.500E-017
C5H+ 0.147E-005
C6+ 0.186E-007
C6H+ 0.188E-006
C7+ 0.793E-008
C7H+ 0.457E-006
C8+ 0.190E-007
C8H2+ 0.231E-006
C8H+ 0.706E-009
C9+ 0.176E-008
C9H2+ 0.152E-007
C9H+ 0.186E-007
CH3C4H+ 0.962E-007
C7H4+ 0.610E-008
CH3CN+ 0.522E-008
H2CS+ 0.213E-007
H2S2+ 0.254E-012
HC2P+ 0.919E-007
HC5N+ 0.183E-010
HC7N+ 0.373E-006
HC9N+ 0.940E-008
HCSI+ 0.118E-006
HCL+ 0.115E-007
HNSI+ 0.812E-013
HS2+ 0.332E-009
HS+ 0.468E-007
N2O+ 0.650E-010
NH+ 0.425E-010
PH2+ 0.629E-010
S2+ 0.758E-007
SIC2H2+ 0.887E-006
SIC3H+ 0.116E-004
SIC4+ 0.342E-004
SIH4+ 0.172E-023
SIH+ 0.109E-006
SINC+ 0.776E-005
SIO+ 0.126E-005
H2+ 0.570E-008
F+ 0.171E-012
HE+ 0.604E-006
C3N+ 0.267E-009
HCNO+ 0.574E-017
HNCO+ 0.950E-012
HONC+ 0.119E-021
HNO+ 0.991E-010
HCOOH+ 0.222E-011
NO2+ 0.916E-014
CH2CHCNH+ 0.166E-007
HCS+ 0.410E-004
C10H3+ 0.532E-009
C11+ 0.272E-009
C2H5CNH+ 0.906E-010
C2H5OH2+ 0.527E-015
C2H7+ 0.250E-014
C2NH+ 0.172E-005
C3H2O+ 0.160E-008
C3H5+ 0.178E-004
C3H7+ 0.581E-005
C4H4+ 0.911E-010
C4H5+ 0.972E-007
C4H7+ 0.200E-011
C4N+ 0.287E-006
C5H3+ 0.444E-006
C5H5+ 0.607E-007
C5N+ 0.217E-011
C6H3+ 0.980E-007
C6H4+ 0.284E-007
C6H5+ 0.334E-009
C6H7+ 0.503E-008
C7H3+ 0.269E-007
C7H5+ 0.269E-008
C7N+ 0.129E-009
C8H3+ 0.305E-007
C8H4+ 0.103E-007
C8H5+ 0.613E-012
C9H3+ 0.549E-008
C9H4+ 0.162E-008
C9H5+ 0.488E-013
C9N+ 0.243E-011
CF+ 0.132E-005
CH2CHCN+ 0.219E-006
CH2NH2+ 0.109E-011
CH3C3N+ 0.317E-010
CH3C3NH+ 0.141E-007
CH3C5NH+ 0.649E-009
CH3C7NH+ 0.252E-009
CH3CHOH+ 0.805E-010
CH3CNH+ 0.882E-005
CH3CO+ 0.217E-007
CH3COCH4+ 0.352E-014
CH3CS+ 0.638E-008
CH3OCH4+ 0.102E-016
CH3OH2+ 0.133E-009
CH4N+ 0.747E-008
CH5+ 0.351E-005
H2C4N+ 0.318E-010
H2C7N+ 0.171E-006
H2C9N+ 0.430E-008
H2CCL+ 0.386E-008
H2CNO+ 0.473E-009
H2CL+ 0.625E-005
H2F+ 0.311E-009
H2NC+ 0.245E-006
H2NCO+ 0.327E-009
H2NO+ 0.101E-011
H2OCN+ 0.800E-009
H2PO+ 0.492E-013
H3+ 0.403E-005
H3C3O+ 0.884E-008
H3C5N+ 0.128E-008
H3C7N+ 0.142E-009
H3C9N+ 0.474E-010
H3CO+ 0.505E-009
H3CS+ 0.950E-006
H3O+ 0.111E-004
H3S+ 0.183E-009
H3S2+ 0.508E-011
H3SIO+ 0.243E-019
H5C2O2+ 0.481E-017
HC2O+ 0.249E-006
HC2S+ 0.993E-004
HC3NH+ 0.150E-005
HC3O+ 0.759E-009
HC3S+ 0.175E-005
HC4N+ 0.602E-011
HC4S+ 0.473E-006
HC5NH+ 0.273E-008
HCNH+ 0.336E-004
HCNOH+ 0.568E-013
HCO2+ 0.379E-008
HCOOH2+ 0.596E-011
HF+ 0.499E-013
HN2O+ 0.341E-014
HNCOH+ 0.160E-008
HNS+ 0.263E-010
HOCN+ 0.950E-012
HOCS+ 0.387E-009
HPN+ 0.129E-014
HSO+ 0.795E-010
HSO2+ 0.967E-014
HSIO2+ 0.724E-011
HSIS+ 0.483E-006
HEH+ 0.840E-010
N2H+ 0.910E-007
NCCNCH3+ 0.187E-010
NCCNH+ 0.873E-007
NH2CNH+ 0.107E-010
NH4+ 0.849E-007
O2H+ 0.718E-014
OCN+ 0.604E-014
PC2H2+ 0.530E-010
PC2H3+ 0.306E-015
PC2H4+ 0.253E-015
PC3H+ 0.211E-010
PC4H+ 0.143E-010
PCH2+ 0.352E-007
PCH3+ 0.329E-013
PCH4+ 0.257E-013
PH3+ 0.442E-014
PNH2+ 0.225E-010
PNH3+ 0.146E-014
SIC2H3+ 0.396E-006
SIC3H2+ 0.725E-005
SIC4H+ 0.864E-007
SICH4+ 0.612E-009
SIF+ 0.606E-005
SIH5+ 0.452E-017
SINCH+ 0.896E-008
SINH2+ 0.465E-006
SIOH+ 0.177E-003
