C- 0.120E-008
E 0.711E-001
C2- 0.422E-008
C3- 0.357E-006
C4- 0.226E-003
C5- 0.607E-004
C6- 0.636E-004
C7- 0.577E-004
C8- 0.162E-004
C10- 0.134E-005
C2H- 0.209E-009
C3H- 0.191E-008
C3N- 0.212E-004
C4H- 0.265E-006
C5H- 0.888E-004
C6H- 0.734E-003
C7H- 0.149E-003
C8H- 0.196E-004
C9- 0.716E-005
C9H- 0.558E-005
CH- 0.262E-012
O- 0.118E-011
OH- 0.200E-010
S- 0.793E-009
CN- 0.352E-006
H- 0.533E-009
C10H- 0.371E-006
C5N- 0.751E-004
O2- 0.226E-022
C 0.224E+000
C2 0.191E+000
CH2 0.761E-002
C2H2 0.120E+000
CH 0.161E-001
C2H 0.195E+000
CO2 0.452E-004
CO 0.112E+002
H2O 0.177E-001
H2CO 0.363E-004
N 0.187E+000
CN 0.322E+000
NH 0.245E-003
HCN 0.149E+000
O2 0.454E-004
O 0.114E+000
OH 0.156E-001
HCO 0.190E-004
C4 0.218E-002
C3 0.784E-002
C5 0.231E-003
C6 0.424E-004
C7 0.140E-004
C8 0.106E-004
C9 0.166E-005
C10 0.892E-006
C3H 0.782E-002
C4H 0.986E-002
C4N 0.358E-004
C5H 0.247E-003
C6H 0.120E-002
C7H 0.884E-004
C8H 0.369E-004
C9H 0.331E-005
C10H 0.742E-006
CS 0.109E+000
CH3 0.407E-002
CH3CN 0.308E-003
CH3OH 0.269E-009
OCS 0.143E-003
CH4 0.147E-001
H 0.252E+001
H2 0.141E+005
NH2 0.275E-003
NH3 0.184E-003
C10H2 0.243E-005
H2CCC 0.723E-003
HC3N 0.771E-002
HC4H 0.228E-002
C5H2 0.492E-003
HC5N 0.100E-002
C6H2 0.223E-002
C7H2 0.173E-003
C8H2 0.102E-003
C9H2 0.101E-004
HS 0.768E-003
C2N 0.790E-003
C3N 0.115E-001
C5N 0.108E-003
C7N 0.173E-004
HC7N 0.408E-003
C9N 0.366E-006
HC9N 0.116E-004
NO 0.170E-003
NS 0.133E-004
NO2 0.104E-009
SO2 0.239E-007
C2O 0.203E-005
SO 0.216E-004
HNC 0.178E-002
C2H4 0.680E-004
C2H5 0.269E-008
C2H5OH 0.187E-013
C2S 0.208E-002
C3O 0.690E-007
C3S 0.125E-002
C4H3 0.112E-004
C4S 0.898E-005
C6H6 0.890E-004
CCP 0.107E-005
CCL 0.176E-006
CH2CCH2 0.427E-006
CH2CCH 0.201E-002
CH2CN 0.152E-005
CH2CO 0.182E-005
CH3CCH 0.907E-004
CH3CHCH2 0.806E-006
CH3CHO 0.728E-008
CH3COCH3 0.641E-013
CH3OCH3 0.604E-016
CP 0.933E-004
CLO 0.174E-028
FE 0.000E+000
H2S 0.236E-005
H2SIO 0.440E-016
HCOOCH3 0.923E-016
HCP 0.211E-003
HPO 0.106E-011
MG 0.000E+000
NCCN 0.518E-003
NA 0.000E+000
P 0.312E-004
PH 0.599E-007
PO 0.637E-007
SI 0.307E-001
SIC2 0.230E+000
SIC2H 0.934E-002
SIC3 0.767E-003
SIC 0.287E-002
SICH2 0.131E-004
SICH3 0.163E-007
SIH2 0.209E-009
SIH3 0.289E-014
SIN 0.360E-004
SIS 0.722E-001
S 0.392E-001
N2 0.510E+000
C2H3 0.179E-003
CH3CH3 0.774E-007
PN 0.100E-008
CL 0.343E-002
C3H2 0.293E-002
C4P 0.140E-009
CH3C4H 0.265E-004
CH3C6H 0.136E-005
H2CS 0.560E-004
H2S2 0.363E-009
HC2P 0.758E-009
HCSI 0.591E-003
HCL 0.114E-002
HNSI 0.108E-004
HS2 0.870E-009
N2O 0.228E-008
PH2 0.722E-013
S2 0.128E-005
SIC2H2 0.229E-004
SIC3H 0.142E-003
SIC4 0.906E-005
SIH4 0.228E-015
SIH 0.196E-003
SINC 0.139E-006
SIO 0.173E-001
F 0.607E-005
HE 0.239E+004
HCNO 0.375E-007
HNCO 0.236E-007
HONC 0.356E-012
HNO 0.228E-005
HCOOH 0.347E-009
C11 0.855E-008
C2H5CN 0.207E-008
C3P 0.281E-009
CH2CHCCH 0.102E-005
CH2CHCHCH2 0.286E-010
CH2CHCN 0.463E-004
CH2NH 0.521E-006
CH2PH 0.460E-012
CH3C3N 0.191E-004
CH3C5N 0.266E-007
CH3C7N 0.974E-008
CNO 0.478E-016
H2CN 0.349E-004
H2O2 0.555E-026
HCS 0.346E-004
HF 0.227E-003
HNC3 0.470E-005
HOCN 0.200E-007
NH2CN 0.663E-005
O2H 0.318E-011
OCN 0.441E-003
SIO2 0.371E-005
HCO+ 0.206E-004
H+ 0.659E-006
HOC+ 0.796E-007
C+ 0.558E-002
C10H+ 0.554E-008
C2H4+ 0.799E-005
C2H5+ 0.107E-006
C2H5OH+ 0.209E-015
C2O+ 0.484E-009
C2S+ 0.123E-006
C3O+ 0.186E-013
C3S+ 0.381E-005
C4H3+ 0.312E-005
C4S+ 0.415E-005
C6H6+ 0.385E-006
CCP+ 0.158E-007
CCL+ 0.310E-006
CH2+ 0.914E-006
C3H4+ 0.512E-006
CH2CCH+ 0.651E-005
CH2CN+ 0.381E-005
CH2CO+ 0.171E-006
C3H6+ 0.383E-008
CH3CHO+ 0.302E-010
CH3COCH3+ 0.348E-015
CH3OCH3+ 0.641E-018
CH+ 0.751E-006
CP+ 0.373E-010
CLO+ 0.608E-032
FE+ 0.000E+000
H2CO+ 0.250E-006
H2S+ 0.878E-007
H2SIO+ 0.152E-014
C4H2+ 0.108E-004
COOCH4+ 0.668E-019
HCP+ 0.790E-010
HPO+ 0.489E-008
MG+ 0.000E+000
C2N+ 0.179E-005
CNC+ 0.775E-004
NH3+ 0.215E-005
NO+ 0.809E-006
NS+ 0.989E-007
NA+ 0.000E+000
OCS+ 0.199E-005
P+ 0.155E-004
PH+ 0.937E-010
PO+ 0.106E-007
SO+ 0.598E-005
SI+ 0.530E-001
SIC2+ 0.686E-006
SIC2H+ 0.472E-003
SIC3+ 0.237E-004
SIC+ 0.123E-006
SICH2+ 0.566E-004
SICH3+ 0.378E-009
SIH2+ 0.399E-007
SIH3+ 0.310E-011
SIN+ 0.947E-006
SIS+ 0.163E-003
C2+ 0.504E-005
S+ 0.865E-002
CN+ 0.140E-009
CO+ 0.562E-008
N2+ 0.703E-011
O2+ 0.552E-007
C2H+ 0.516E-005
C2H2+ 0.819E-003
C2H3+ 0.117E-002
C5H2+ 0.117E-005
C6H2+ 0.251E-005
C7H2+ 0.204E-006
C3H3+ 0.931E-005
CO2+ 0.267E-015
HC3N+ 0.141E-005
HCN+ 0.716E-009
C2N2+ 0.407E-009
C3+ 0.327E-006
C5+ 0.117E-007
CH3CH3+ 0.105E-009
PN+ 0.494E-016
H2O+ 0.559E-007
NH2+ 0.138E-007
O+ 0.664E-011
OH+ 0.180E-008
CH3+ 0.312E-003
CH4+ 0.134E-006
CH3OH+ 0.353E-012
N+ 0.915E-010
SO2+ 0.207E-015
CS+ 0.679E-006
CL+ 0.114E-007
C10+ 0.252E-008
C10H2+ 0.114E-007
C3H2+ 0.194E-004
C3H+ 0.128E-004
C4+ 0.267E-007
C4H+ 0.156E-006
C4P+ 0.446E-017
C5H+ 0.144E-005
C6+ 0.232E-007
C6H+ 0.170E-006
C7+ 0.102E-007
C7H+ 0.473E-006
C8+ 0.251E-007
C8H2+ 0.201E-006
C8H+ 0.901E-009
C9+ 0.256E-008
C9H2+ 0.152E-007
C9H+ 0.212E-007
CH3C4H+ 0.585E-007
C7H4+ 0.410E-008
CH3CN+ 0.465E-008
H2CS+ 0.153E-007
H2S2+ 0.944E-013
HC2P+ 0.718E-007
HC5N+ 0.170E-010
HC7N+ 0.329E-006
HC9N+ 0.927E-008
HCSI+ 0.149E-006
HCL+ 0.116E-007
HNSI+ 0.858E-013
HS2+ 0.198E-009
HS+ 0.392E-007
N2O+ 0.912E-010
NH+ 0.444E-010
PH2+ 0.651E-010
S2+ 0.590E-007
SIC2H2+ 0.692E-006
SIC3H+ 0.959E-005
SIC4+ 0.265E-004
SIH4+ 0.162E-023
SIH+ 0.873E-007
SINC+ 0.546E-005
SIO+ 0.110E-005
H2+ 0.570E-008
F+ 0.174E-012
HE+ 0.607E-006
C3N+ 0.304E-009
HCNO+ 0.726E-017
HNCO+ 0.108E-011
HONC+ 0.169E-021
HNO+ 0.815E-010
HCOOH+ 0.198E-011
NO2+ 0.106E-013
CH2CHCNH+ 0.120E-007
HCS+ 0.353E-004
C10H3+ 0.423E-009
C11+ 0.390E-009
C2H5CNH+ 0.611E-010
C2H5OH2+ 0.260E-015
C2H7+ 0.251E-014
C2NH+ 0.139E-005
C3H2O+ 0.135E-008
C3H5+ 0.157E-004
C3H7+ 0.506E-005
C4H4+ 0.573E-010
C4H5+ 0.654E-007
C4H7+ 0.105E-011
C4N+ 0.280E-006
C5H3+ 0.295E-006
C5H5+ 0.335E-007
C5N+ 0.255E-011
C6H3+ 0.575E-007
C6H4+ 0.124E-007
C6H5+ 0.229E-009
C6H7+ 0.291E-008
C7H3+ 0.193E-007
C7H5+ 0.225E-008
C7N+ 0.164E-009
C8H3+ 0.205E-007
C8H4+ 0.618E-008
C8H5+ 0.215E-012
C9H3+ 0.441E-008
C9H4+ 0.130E-008
C9H5+ 0.203E-013
C9N+ 0.349E-011
CF+ 0.152E-005
CH2CHCN+ 0.201E-006
CH2NH2+ 0.711E-012
CH3C3N+ 0.396E-010
CH3C3NH+ 0.984E-008
CH3C5NH+ 0.510E-009
CH3C7NH+ 0.207E-009
CH3CHOH+ 0.393E-010
CH3CNH+ 0.565E-005
CH3CO+ 0.174E-007
CH3COCH4+ 0.208E-014
CH3CS+ 0.433E-008
CH3OCH4+ 0.758E-017
CH3OH2+ 0.919E-010
CH4N+ 0.520E-008
CH5+ 0.266E-005
H2C4N+ 0.397E-010
H2C7N+ 0.122E-006
H2C9N+ 0.342E-008
H2CCL+ 0.261E-008
H2CNO+ 0.379E-009
H2CL+ 0.560E-005
H2F+ 0.237E-009
H2NC+ 0.226E-006
H2NCO+ 0.335E-009
H2NO+ 0.889E-012
H2OCN+ 0.713E-009
H2PO+ 0.369E-013
H3+ 0.391E-005
H3C3O+ 0.600E-008
H3C5N+ 0.750E-009
H3C7N+ 0.104E-009
H3C9N+ 0.394E-010
H3CO+ 0.391E-009
H3CS+ 0.717E-006
H3O+ 0.842E-005
H3S+ 0.785E-010
H3S2+ 0.247E-011
H3SIO+ 0.142E-019
H5C2O2+ 0.282E-017
HC2O+ 0.193E-006
HC2S+ 0.808E-004
HC3NH+ 0.879E-006
HC3O+ 0.513E-009
HC3S+ 0.155E-005
HC4N+ 0.440E-011
HC4S+ 0.310E-006
HC5NH+ 0.202E-008
HCNH+ 0.178E-004
HCNOH+ 0.549E-013
HCO2+ 0.314E-008
HCOOH2+ 0.424E-011
HF+ 0.507E-013
HN2O+ 0.341E-014
HNCOH+ 0.143E-008
HNS+ 0.266E-010
HOCN+ 0.108E-011
HOCS+ 0.287E-009
HPN+ 0.145E-014
HSO+ 0.663E-010
HSO2+ 0.815E-014
HSIO2+ 0.558E-011
HSIS+ 0.366E-006
HEH+ 0.840E-010
N2H+ 0.722E-007
NCCNCH3+ 0.152E-010
NCCNH+ 0.738E-007
NH2CNH+ 0.776E-011
NH4+ 0.494E-007
O2H+ 0.769E-014
OCN+ 0.631E-014
PC2H2+ 0.399E-010
PC2H3+ 0.184E-015
PC2H4+ 0.157E-015
PC3H+ 0.172E-010
PC4H+ 0.888E-011
PCH2+ 0.364E-007
PCH3+ 0.223E-013
PCH4+ 0.177E-013
PH3+ 0.375E-014
PNH2+ 0.183E-010
PNH3+ 0.970E-015
SIC2H3+ 0.300E-006
SIC3H2+ 0.536E-005
SIC4H+ 0.475E-007
SICH4+ 0.397E-009
SIF+ 0.511E-005
SIH5+ 0.237E-017
SINCH+ 0.646E-008
SINH2+ 0.316E-006
SIOH+ 0.130E-003
