C- 0.136E-008
E 0.749E-001
C2- 0.423E-008
C3- 0.296E-006
C4- 0.189E-003
C5- 0.653E-004
C6- 0.620E-004
C7- 0.684E-004
C8- 0.194E-004
C10- 0.189E-005
C2H- 0.174E-009
C3H- 0.157E-008
C3N- 0.200E-004
C4H- 0.217E-006
C5H- 0.785E-004
C6H- 0.708E-003
C7H- 0.159E-003
C8H- 0.224E-004
C9- 0.976E-005
C9H- 0.661E-005
CH- 0.198E-012
O- 0.136E-011
OH- 0.185E-010
S- 0.800E-009
CN- 0.332E-006
H- 0.478E-009
C10H- 0.497E-006
C5N- 0.762E-004
O2- 0.160E-022
C 0.238E+000
C2 0.198E+000
CH2 0.669E-002
C2H2 0.789E-001
CH 0.163E-001
C2H 0.164E+000
CO2 0.387E-004
CO 0.976E+001
H2O 0.138E-001
H2CO 0.325E-004
N 0.194E+000
CN 0.290E+000
NH 0.229E-003
HCN 0.104E+000
O2 0.442E-004
O 0.109E+000
OH 0.142E-001
HCO 0.170E-004
C4 0.174E-002
C3 0.684E-002
C5 0.238E-003
C6 0.401E-004
C7 0.160E-004
C8 0.123E-004
C9 0.219E-005
C10 0.122E-005
C3H 0.673E-002
C4H 0.740E-002
C4N 0.345E-004
C5H 0.209E-003
C6H 0.112E-002
C7H 0.913E-004
C8H 0.402E-004
C9H 0.375E-005
C10H 0.936E-006
CS 0.909E-001
CH3 0.349E-002
CH3CN 0.227E-003
CH3OH 0.215E-009
OCS 0.104E-003
CH4 0.106E-001
H 0.238E+001
H2 0.123E+005
NH2 0.230E-003
NH3 0.126E-003
C10H2 0.243E-005
H2CCC 0.507E-003
HC3N 0.453E-002
HC4H 0.136E-002
C5H2 0.483E-003
HC5N 0.830E-003
C6H2 0.179E-002
C7H2 0.188E-003
C8H2 0.919E-004
C9H2 0.119E-004
HS 0.736E-003
C2N 0.805E-003
C3N 0.106E-001
C5N 0.105E-003
C7N 0.186E-004
HC7N 0.353E-003
C9N 0.442E-006
HC9N 0.112E-004
NO 0.178E-003
NS 0.149E-004
NO2 0.105E-009
SO2 0.212E-007
C2O 0.176E-005
SO 0.190E-004
HNC 0.126E-002
C2H4 0.444E-004
C2H5 0.269E-008
C2H5OH 0.111E-013
C2S 0.215E-002
C3O 0.475E-007
C3S 0.117E-002
C4H3 0.921E-005
C4S 0.859E-005
C6H6 0.771E-004
CCP 0.105E-005
CCL 0.163E-006
CH2CCH2 0.408E-006
CH2CCH 0.150E-002
CH2CN 0.151E-005
CH2CO 0.166E-005
CH3CCH 0.862E-004
CH3CHCH2 0.828E-006
CH3CHO 0.457E-008
CH3COCH3 0.514E-013
CH3OCH3 0.546E-016
CP 0.844E-004
CLO 0.149E-028
FE 0.000E+000
H2S 0.126E-005
H2SIO 0.391E-016
HCOOCH3 0.735E-016
HCP 0.171E-003
HPO 0.104E-011
MG 0.000E+000
NCCN 0.468E-003
NA 0.000E+000
P 0.313E-004
PH 0.677E-007
PO 0.730E-007
SI 0.271E-001
SIC2 0.196E+000
SIC2H 0.734E-002
SIC3 0.785E-003
SIC 0.295E-002
SICH2 0.110E-004
SICH3 0.151E-007
SIH2 0.166E-009
SIH3 0.244E-014
SIN 0.372E-004
SIS 0.606E-001
S 0.377E-001
N2 0.437E+000
C2H3 0.155E-003
CH3CH3 0.796E-007
PN 0.128E-008
CL 0.318E-002
C3H2 0.251E-002
C4P 0.126E-009
CH3C4H 0.235E-004
CH3C6H 0.121E-005
H2CS 0.527E-004
H2S2 0.289E-009
HC2P 0.751E-009
HCSI 0.679E-003
HCL 0.806E-003
HNSI 0.976E-005
HS2 0.730E-009
N2O 0.250E-008
PH2 0.748E-013
S2 0.132E-005
SIC2H2 0.208E-004
SIC3H 0.141E-003
SIC4 0.793E-005
SIH4 0.126E-015
SIH 0.148E-003
SINC 0.126E-006
SIO 0.123E-001
F 0.675E-005
HE 0.209E+004
HCNO 0.392E-007
HNCO 0.253E-007
HONC 0.415E-012
HNO 0.222E-005
HCOOH 0.317E-009
C11 0.131E-007
C2H5CN 0.162E-008
C3P 0.279E-009
CH2CHCCH 0.102E-005
CH2CHCHCH2 0.325E-010
CH2CHCN 0.395E-004
CH2NH 0.382E-006
CH2PH 0.413E-012
CH3C3N 0.195E-004
CH3C5N 0.261E-007
CH3C7N 0.990E-008
CNO 0.715E-016
H2CN 0.350E-004
H2O2 0.693E-026
HCS 0.330E-004
HF 0.196E-003
HNC3 0.245E-005
HOCN 0.215E-007
NH2CN 0.524E-005
O2H 0.325E-011
OCN 0.431E-003
SIO2 0.321E-005
HCO+ 0.203E-004
H+ 0.684E-006
HOC+ 0.979E-007
C+ 0.751E-002
C10H+ 0.656E-008
C2H4+ 0.674E-005
C2H5+ 0.685E-007
C2H5OH+ 0.123E-015
C2O+ 0.545E-009
C2S+ 0.134E-006
C3O+ 0.202E-013
C3S+ 0.350E-005
C4H3+ 0.183E-005
C4S+ 0.333E-005
C6H6+ 0.506E-006
CCP+ 0.163E-007
CCL+ 0.283E-006
CH2+ 0.101E-005
C3H4+ 0.447E-006
CH2CCH+ 0.645E-005
CH2CN+ 0.311E-005
CH2CO+ 0.147E-006
C3H6+ 0.333E-008
CH3CHO+ 0.177E-010
CH3COCH3+ 0.289E-015
CH3OCH3+ 0.575E-018
CH+ 0.870E-006
CP+ 0.521E-010
CLO+ 0.677E-032
FE+ 0.000E+000
H2CO+ 0.215E-006
H2S+ 0.649E-007
H2SIO+ 0.884E-015
C4H2+ 0.685E-005
COOCH4+ 0.693E-019
HCP+ 0.104E-009
HPO+ 0.445E-008
MG+ 0.000E+000
C2N+ 0.163E-005
CNC+ 0.702E-004
NH3+ 0.162E-005
NO+ 0.842E-006
NS+ 0.100E-006
NA+ 0.000E+000
OCS+ 0.140E-005
P+ 0.192E-004
PH+ 0.984E-010
PO+ 0.111E-007
SO+ 0.579E-005
SI+ 0.554E-001
SIC2+ 0.757E-006
SIC2H+ 0.408E-003
SIC3+ 0.207E-004
SIC+ 0.159E-006
SICH2+ 0.570E-004
SICH3+ 0.241E-009
SIH2+ 0.336E-007
SIH3+ 0.203E-011
SIN+ 0.875E-006
SIS+ 0.159E-003
C2+ 0.600E-005
S+ 0.976E-002
CN+ 0.195E-009
CO+ 0.806E-008
N2+ 0.695E-011
O2+ 0.530E-007
C2H+ 0.611E-005
C2H2+ 0.779E-003
C2H3+ 0.929E-003
C5H2+ 0.851E-006
C6H2+ 0.189E-005
C7H2+ 0.203E-006
C3H3+ 0.843E-005
CO2+ 0.271E-015
HC3N+ 0.124E-005
HCN+ 0.851E-009
C2N2+ 0.423E-009
C3+ 0.423E-006
C5+ 0.138E-007
CH3CH3+ 0.116E-009
PN+ 0.621E-016
H2O+ 0.504E-007
NH2+ 0.133E-007
O+ 0.904E-011
OH+ 0.188E-008
CH3+ 0.294E-003
CH4+ 0.109E-006
CH3OH+ 0.262E-012
N+ 0.952E-010
SO2+ 0.218E-015
CS+ 0.739E-006
CL+ 0.122E-007
C10+ 0.375E-008
C10H2+ 0.109E-007
C3H2+ 0.168E-004
C3H+ 0.137E-004
C4+ 0.354E-007
C4H+ 0.154E-006
C4P+ 0.392E-017
C5H+ 0.139E-005
C6+ 0.289E-007
C6H+ 0.162E-006
C7+ 0.128E-007
C7H+ 0.494E-006
C8+ 0.336E-007
C8H2+ 0.182E-006
C8H+ 0.117E-008
C9+ 0.367E-008
C9H2+ 0.157E-007
C9H+ 0.245E-007
CH3C4H+ 0.371E-007
C7H4+ 0.295E-008
CH3CN+ 0.394E-008
H2CS+ 0.114E-007
H2S2+ 0.363E-013
HC2P+ 0.543E-007
HC5N+ 0.157E-010
HC7N+ 0.285E-006
HC9N+ 0.888E-008
HCSI+ 0.187E-006
HCL+ 0.116E-007
HNSI+ 0.913E-013
HS2+ 0.114E-009
HS+ 0.333E-007
N2O+ 0.123E-009
NH+ 0.459E-010
PH2+ 0.680E-010
S2+ 0.455E-007
SIC2H2+ 0.546E-006
SIC3H+ 0.778E-005
SIC4+ 0.197E-004
SIH4+ 0.150E-023
SIH+ 0.693E-007
SINC+ 0.380E-005
SIO+ 0.952E-006
H2+ 0.570E-008
F+ 0.176E-012
HE+ 0.610E-006
C3N+ 0.336E-009
HCNO+ 0.891E-017
HNCO+ 0.119E-011
HONC+ 0.232E-021
HNO+ 0.678E-010
HCOOH+ 0.176E-011
NO2+ 0.119E-013
CH2CHCNH+ 0.876E-008
HCS+ 0.315E-004
C10H3+ 0.345E-009
C11+ 0.570E-009
C2H5CNH+ 0.404E-010
C2H5OH2+ 0.132E-015
C2H7+ 0.236E-014
C2NH+ 0.116E-005
C3H2O+ 0.117E-008
C3H5+ 0.138E-004
C3H7+ 0.436E-005
C4H4+ 0.377E-010
C4H5+ 0.441E-007
C4H7+ 0.594E-012
C4N+ 0.254E-006
C5H3+ 0.202E-006
C5H5+ 0.192E-007
C5N+ 0.293E-011
C6H3+ 0.352E-007
C6H4+ 0.561E-008
C6H5+ 0.192E-009
C6H7+ 0.198E-008
C7H3+ 0.145E-007
C7H5+ 0.216E-008
C7N+ 0.203E-009
C8H3+ 0.146E-007
C8H4+ 0.388E-008
C8H5+ 0.736E-013
C9H3+ 0.373E-008
C9H4+ 0.108E-008
C9H5+ 0.809E-014
C9N+ 0.485E-011
CF+ 0.171E-005
CH2CHCN+ 0.182E-006
CH2NH2+ 0.457E-012
CH3C3N+ 0.502E-010
CH3C3NH+ 0.749E-008
CH3C5NH+ 0.399E-009
CH3C7NH+ 0.170E-009
CH3CHOH+ 0.194E-010
CH3CNH+ 0.362E-005
CH3CO+ 0.142E-007
CH3COCH4+ 0.119E-014
CH3CS+ 0.294E-008
CH3OCH4+ 0.557E-017
CH3OH2+ 0.641E-010
CH4N+ 0.361E-008
CH5+ 0.198E-005
H2C4N+ 0.504E-010
H2C7N+ 0.871E-007
H2C9N+ 0.271E-008
H2CCL+ 0.174E-008
H2CNO+ 0.298E-009
H2CL+ 0.499E-005
H2F+ 0.186E-009
H2NC+ 0.205E-006
H2NCO+ 0.332E-009
H2NO+ 0.781E-012
H2OCN+ 0.630E-009
H2PO+ 0.279E-013
H3+ 0.377E-005
H3C3O+ 0.425E-008
H3C5N+ 0.436E-009
H3C7N+ 0.806E-010
H3C9N+ 0.333E-010
H3CO+ 0.311E-009
H3CS+ 0.543E-006
H3O+ 0.641E-005
H3S+ 0.342E-010
H3S2+ 0.116E-011
H3SIO+ 0.819E-020
H5C2O2+ 0.162E-017
HC2O+ 0.156E-006
HC2S+ 0.655E-004
HC3NH+ 0.551E-006
HC3O+ 0.352E-009
HC3S+ 0.136E-005
HC4N+ 0.312E-011
HC4S+ 0.193E-006
HC5NH+ 0.153E-008
HCNH+ 0.973E-005
HCNOH+ 0.522E-013
HCO2+ 0.268E-008
HCOOH2+ 0.311E-011
HF+ 0.514E-013
HN2O+ 0.337E-014
HNCOH+ 0.126E-008
HNS+ 0.267E-010
HOCN+ 0.119E-011
HOCS+ 0.214E-009
HPN+ 0.163E-014
HSO+ 0.547E-010
HSO2+ 0.670E-014
HSIO2+ 0.434E-011
HSIS+ 0.281E-006
HEH+ 0.840E-010
N2H+ 0.574E-007
NCCNCH3+ 0.124E-010
NCCNH+ 0.630E-007
NH2CNH+ 0.550E-011
NH4+ 0.294E-007
O2H+ 0.804E-014
OCN+ 0.651E-014
PC2H2+ 0.297E-010
PC2H3+ 0.114E-015
PC2H4+ 0.970E-016
PC3H+ 0.137E-010
PC4H+ 0.544E-011
PCH2+ 0.377E-007
PCH3+ 0.155E-013
PCH4+ 0.122E-013
PH3+ 0.330E-014
PNH2+ 0.147E-010
PNH3+ 0.649E-015
SIC2H3+ 0.233E-006
SIC3H2+ 0.392E-005
SIC4H+ 0.262E-007
SICH4+ 0.253E-009
SIF+ 0.432E-005
SIH5+ 0.124E-017
SINCH+ 0.458E-008
SINH2+ 0.212E-006
SIOH+ 0.951E-004
