C- 0.153E-008
E 0.796E-001
C2- 0.416E-008
C3- 0.225E-006
C4- 0.148E-003
C5- 0.676E-004
C6- 0.595E-004
C7- 0.790E-004
C8- 0.231E-004
C10- 0.260E-005
C2H- 0.143E-009
C3H- 0.125E-008
C3N- 0.186E-004
C4H- 0.168E-006
C5H- 0.671E-004
C6H- 0.669E-003
C7H- 0.167E-003
C8H- 0.252E-004
C9- 0.129E-004
C9H- 0.767E-005
CH- 0.146E-012
O- 0.153E-011
OH- 0.174E-010
S- 0.800E-009
CN- 0.302E-006
H- 0.433E-009
C10H- 0.644E-006
C5N- 0.750E-004
O2- 0.122E-022
C 0.249E+000
C2 0.200E+000
CH2 0.582E-002
C2H2 0.508E-001
CH 0.163E-001
C2H 0.134E+000
CO2 0.326E-004
CO 0.850E+001
H2O 0.106E-001
H2CO 0.281E-004
N 0.200E+000
CN 0.256E+000
NH 0.209E-003
HCN 0.711E-001
O2 0.420E-004
O 0.101E+000
OH 0.127E-001
HCO 0.150E-004
C4 0.130E-002
C3 0.573E-002
C5 0.236E-003
C6 0.371E-004
C7 0.177E-004
C8 0.142E-004
C9 0.280E-005
C10 0.161E-005
C3H 0.560E-002
C4H 0.524E-002
C4N 0.317E-004
C5H 0.172E-003
C6H 0.103E-002
C7H 0.922E-004
C8H 0.433E-004
C9H 0.415E-005
C10H 0.115E-005
CS 0.755E-001
CH3 0.293E-002
CH3CN 0.158E-003
CH3OH 0.166E-009
OCS 0.738E-004
CH4 0.751E-002
H 0.224E+001
H2 0.107E+005
NH2 0.188E-003
NH3 0.833E-004
C10H2 0.238E-005
H2CCC 0.341E-003
HC3N 0.252E-002
HC4H 0.760E-003
C5H2 0.461E-003
HC5N 0.664E-003
C6H2 0.142E-002
C7H2 0.198E-003
C8H2 0.816E-004
C9H2 0.135E-004
HS 0.693E-003
C2N 0.793E-003
C3N 0.960E-002
C5N 0.988E-004
C7N 0.193E-004
HC7N 0.294E-003
C9N 0.516E-006
HC9N 0.102E-004
NO 0.183E-003
NS 0.163E-004
NO2 0.103E-009
SO2 0.179E-007
C2O 0.152E-005
SO 0.163E-004
HNC 0.869E-003
C2H4 0.286E-004
C2H5 0.252E-008
C2H5OH 0.623E-014
C2S 0.218E-002
C3O 0.334E-007
C3S 0.107E-002
C4H3 0.755E-005
C4S 0.798E-005
C6H6 0.667E-004
CCP 0.981E-006
CCL 0.147E-006
CH2CCH2 0.366E-006
CH2CCH 0.111E-002
CH2CN 0.145E-005
CH2CO 0.145E-005
CH3CCH 0.801E-004
CH3CHCH2 0.754E-006
CH3CHO 0.274E-008
CH3COCH3 0.392E-013
CH3OCH3 0.467E-016
CP 0.752E-004
CLO 0.127E-028
FE 0.000E+000
H2S 0.640E-006
H2SIO 0.340E-016
HCOOCH3 0.560E-016
HCP 0.137E-003
HPO 0.101E-011
MG 0.000E+000
NCCN 0.417E-003
NA 0.000E+000
P 0.307E-004
PH 0.741E-007
PO 0.810E-007
SI 0.238E-001
SIC2 0.166E+000
SIC2H 0.563E-002
SIC3 0.773E-003
SIC 0.303E-002
SICH2 0.894E-005
SICH3 0.137E-007
SIH2 0.129E-009
SIH3 0.204E-014
SIN 0.379E-004
SIS 0.504E-001
S 0.360E-001
N2 0.374E+000
C2H3 0.131E-003
CH3CH3 0.725E-007
PN 0.160E-008
CL 0.291E-002
C3H2 0.210E-002
C4P 0.110E-009
CH3C4H 0.206E-004
CH3C6H 0.106E-005
H2CS 0.481E-004
H2S2 0.226E-009
HC2P 0.720E-009
HCSI 0.770E-003
HCL 0.555E-003
HNSI 0.862E-005
HS2 0.607E-009
N2O 0.264E-008
PH2 0.769E-013
S2 0.132E-005
SIC2H2 0.189E-004
SIC3H 0.137E-003
SIC4 0.690E-005
SIH4 0.664E-016
SIH 0.104E-003
SINC 0.110E-006
SIO 0.857E-002
F 0.744E-005
HE 0.182E+004
HCNO 0.396E-007
HNCO 0.264E-007
HONC 0.467E-012
HNO 0.212E-005
HCOOH 0.284E-009
C11 0.193E-007
C2H5CN 0.117E-008
C3P 0.268E-009
CH2CHCCH 0.100E-005
CH2CHCHCH2 0.307E-010
CH2CHCN 0.332E-004
CH2NH 0.268E-006
CH2PH 0.358E-012
CH3C3N 0.194E-004
CH3C5N 0.244E-007
CH3C7N 0.953E-008
CNO 0.103E-015
H2CN 0.341E-004
H2O2 0.814E-026
HCS 0.310E-004
HF 0.169E-003
HNC3 0.125E-005
HOCN 0.225E-007
NH2CN 0.400E-005
O2H 0.320E-011
OCN 0.412E-003
SIO2 0.275E-005
HCO+ 0.196E-004
H+ 0.712E-006
HOC+ 0.117E-006
C+ 0.990E-002
C10H+ 0.749E-008
C2H4+ 0.558E-005
C2H5+ 0.415E-007
C2H5OH+ 0.671E-016
C2O+ 0.594E-009
C2S+ 0.140E-006
C3O+ 0.219E-013
C3S+ 0.308E-005
C4H3+ 0.103E-005
C4S+ 0.248E-005
C6H6+ 0.656E-006
CCP+ 0.163E-007
CCL+ 0.246E-006
CH2+ 0.111E-005
C3H4+ 0.379E-006
CH2CCH+ 0.617E-005
CH2CN+ 0.242E-005
CH2CO+ 0.121E-006
C3H6+ 0.254E-008
CH3CHO+ 0.979E-011
CH3COCH3+ 0.227E-015
CH3OCH3+ 0.479E-018
CH+ 0.100E-005
CP+ 0.703E-010
CLO+ 0.734E-032
FE+ 0.000E+000
H2CO+ 0.175E-006
H2S+ 0.498E-007
H2SIO+ 0.486E-015
C4H2+ 0.430E-005
COOCH4+ 0.669E-019
HCP+ 0.133E-009
HPO+ 0.387E-008
MG+ 0.000E+000
C2N+ 0.141E-005
CNC+ 0.602E-004
NH3+ 0.118E-005
NO+ 0.838E-006
NS+ 0.983E-007
NA+ 0.000E+000
OCS+ 0.948E-006
P+ 0.231E-004
PH+ 0.104E-009
PO+ 0.112E-007
SO+ 0.546E-005
SI+ 0.573E-001
SIC2+ 0.822E-006
SIC2H+ 0.348E-003
SIC3+ 0.173E-004
SIC+ 0.202E-006
SICH2+ 0.563E-004
SICH3+ 0.145E-009
SIH2+ 0.278E-007
SIH3+ 0.128E-011
SIN+ 0.784E-006
SIS+ 0.152E-003
C2+ 0.693E-005
S+ 0.109E-001
CN+ 0.266E-009
CO+ 0.112E-007
N2+ 0.687E-011
O2+ 0.486E-007
C2H+ 0.702E-005
C2H2+ 0.744E-003
C2H3+ 0.725E-003
C5H2+ 0.586E-006
C6H2+ 0.138E-005
C7H2+ 0.196E-006
C3H3+ 0.728E-005
CO2+ 0.273E-015
HC3N+ 0.104E-005
HCN+ 0.997E-009
C2N2+ 0.432E-009
C3+ 0.520E-006
C5+ 0.151E-007
CH3CH3+ 0.107E-009
PN+ 0.764E-016
H2O+ 0.447E-007
NH2+ 0.124E-007
O+ 0.122E-010
OH+ 0.194E-008
CH3+ 0.269E-003
CH4+ 0.860E-007
CH3OH+ 0.186E-012
N+ 0.982E-010
SO2+ 0.220E-015
CS+ 0.810E-006
CL+ 0.128E-007
C10+ 0.530E-008
C10H2+ 0.101E-007
C3H2+ 0.139E-004
C3H+ 0.140E-004
C4+ 0.448E-007
C4H+ 0.155E-006
C4P+ 0.334E-017
C5H+ 0.125E-005
C6+ 0.348E-007
C6H+ 0.153E-006
C7+ 0.156E-007
C7H+ 0.491E-006
C8+ 0.430E-007
C8H2+ 0.164E-006
C8H+ 0.150E-008
C9+ 0.507E-008
C9H2+ 0.158E-007
C9H+ 0.270E-007
CH3C4H+ 0.225E-007
C7H4+ 0.203E-008
CH3CN+ 0.316E-008
H2CS+ 0.840E-008
H2S2+ 0.141E-013
HC2P+ 0.389E-007
HC5N+ 0.139E-010
HC7N+ 0.233E-006
HC9N+ 0.801E-008
HCSI+ 0.230E-006
HCL+ 0.116E-007
HNSI+ 0.953E-013
HS2+ 0.611E-010
HS+ 0.279E-007
N2O+ 0.160E-009
NH+ 0.468E-010
PH2+ 0.688E-010
S2+ 0.343E-007
SIC2H2+ 0.422E-006
SIC3H+ 0.610E-005
SIC4+ 0.135E-004
SIH4+ 0.137E-023
SIH+ 0.528E-007
SINC+ 0.255E-005
SIO+ 0.818E-006
H2+ 0.570E-008
F+ 0.178E-012
HE+ 0.613E-006
C3N+ 0.359E-009
HCNO+ 0.106E-016
HNCO+ 0.127E-011
HONC+ 0.306E-021
HNO+ 0.546E-010
HCOOH+ 0.150E-011
NO2+ 0.128E-013
CH2CHCNH+ 0.607E-008
HCS+ 0.279E-004
C10H3+ 0.273E-009
C11+ 0.801E-009
C2H5CNH+ 0.242E-010
C2H5OH2+ 0.632E-016
C2H7+ 0.184E-014
C2NH+ 0.961E-006
C3H2O+ 0.996E-009
C3H5+ 0.118E-004
C3H7+ 0.350E-005
C4H4+ 0.245E-010
C4H5+ 0.283E-007
C4H7+ 0.328E-012
C4N+ 0.212E-006
C5H3+ 0.132E-006
C5H5+ 0.105E-007
C5N+ 0.312E-011
C6H3+ 0.207E-007
C6H4+ 0.246E-008
C6H5+ 0.186E-009
C6H7+ 0.143E-008
C7H3+ 0.104E-007
C7H5+ 0.215E-008
C7N+ 0.242E-009
C8H3+ 0.100E-007
C8H4+ 0.231E-008
C8H5+ 0.232E-013
C9H3+ 0.303E-008
C9H4+ 0.845E-009
C9H5+ 0.294E-014
C9N+ 0.649E-011
CF+ 0.189E-005
CH2CHCN+ 0.157E-006
CH2NH2+ 0.277E-012
CH3C3N+ 0.629E-010
CH3C3NH+ 0.602E-008
CH3C5NH+ 0.288E-009
CH3C7NH+ 0.127E-009
CH3CHOH+ 0.887E-011
CH3CNH+ 0.216E-005
CH3CO+ 0.112E-007
CH3COCH4+ 0.625E-015
CH3CS+ 0.195E-008
CH3OCH4+ 0.377E-017
CH3OH2+ 0.421E-010
CH4N+ 0.238E-008
CH5+ 0.141E-005
H2C4N+ 0.632E-010
H2C7N+ 0.581E-007
H2C9N+ 0.199E-008
H2CCL+ 0.110E-008
H2CNO+ 0.231E-009
H2CL+ 0.430E-005
H2F+ 0.144E-009
H2NC+ 0.177E-006
H2NCO+ 0.304E-009
H2NO+ 0.666E-012
H2OCN+ 0.536E-009
H2PO+ 0.205E-013
H3+ 0.360E-005
H3C3O+ 0.296E-008
H3C5N+ 0.238E-009
H3C7N+ 0.611E-010
H3C9N+ 0.267E-010
H3CO+ 0.239E-009
H3CS+ 0.395E-006
H3O+ 0.470E-005
H3S+ 0.145E-010
H3S2+ 0.512E-012
H3SIO+ 0.447E-020
H5C2O2+ 0.859E-018
HC2O+ 0.121E-006
HC2S+ 0.517E-004
HC3NH+ 0.337E-006
HC3O+ 0.234E-009
HC3S+ 0.116E-005
HC4N+ 0.210E-011
HC4S+ 0.111E-006
HC5NH+ 0.109E-008
HCNH+ 0.513E-005
HCNOH+ 0.475E-013
HCO2+ 0.219E-008
HCOOH2+ 0.219E-011
HF+ 0.519E-013
HN2O+ 0.313E-014
HNCOH+ 0.107E-008
HNS+ 0.258E-010
HOCN+ 0.127E-011
HOCS+ 0.153E-009
HPN+ 0.178E-014
HSO+ 0.433E-010
HSO2+ 0.521E-014
HSIO2+ 0.328E-011
HSIS+ 0.209E-006
HEH+ 0.840E-010
N2H+ 0.446E-007
NCCNCH3+ 0.951E-011
NCCNH+ 0.519E-007
NH2CNH+ 0.371E-011
NH4+ 0.167E-007
O2H+ 0.813E-014
OCN+ 0.664E-014
PC2H2+ 0.212E-010
PC2H3+ 0.700E-016
PC2H4+ 0.577E-016
PC3H+ 0.103E-010
PC4H+ 0.320E-011
PCH2+ 0.382E-007
PCH3+ 0.106E-013
PCH4+ 0.801E-014
PH3+ 0.291E-014
PNH2+ 0.110E-010
PNH3+ 0.414E-015
SIC2H3+ 0.180E-006
SIC3H2+ 0.279E-005
SIC4H+ 0.141E-007
SICH4+ 0.152E-009
SIF+ 0.360E-005
SIH5+ 0.630E-018
SINCH+ 0.312E-008
SINH2+ 0.136E-006
SIOH+ 0.681E-004
