C- 0.169E-008
E 0.855E-001
C2- 0.402E-008
C3- 0.160E-006
C4- 0.108E-003
C5- 0.674E-004
C6- 0.563E-004
C7- 0.893E-004
C8- 0.271E-004
C10- 0.349E-005
C2H- 0.115E-009
C3H- 0.971E-009
C3N- 0.168E-004
C4H- 0.126E-006
C5H- 0.556E-004
C6H- 0.620E-003
C7H- 0.172E-003
C8H- 0.281E-004
C9- 0.166E-004
C9H- 0.876E-005
CH- 0.106E-012
O- 0.178E-011
OH- 0.166E-010
S- 0.792E-009
CN- 0.265E-006
H- 0.393E-009
C10H- 0.815E-006
C5N- 0.714E-004
O2- 0.803E-023
C 0.260E+000
C2 0.195E+000
CH2 0.505E-002
C2H2 0.318E-001
CH 0.163E-001
C2H 0.106E+000
CO2 0.269E-004
CO 0.740E+001
H2O 0.795E-002
H2CO 0.235E-004
N 0.204E+000
CN 0.222E+000
NH 0.186E-003
HCN 0.468E-001
O2 0.392E-004
O 0.952E-001
OH 0.112E-001
HCO 0.129E-004
C4 0.910E-003
C3 0.459E-002
C5 0.226E-003
C6 0.340E-004
C7 0.192E-004
C8 0.161E-004
C9 0.346E-005
C10 0.208E-005
C3H 0.450E-002
C4H 0.348E-002
C4N 0.278E-004
C5H 0.137E-003
C6H 0.928E-003
C7H 0.914E-004
C8H 0.460E-004
C9H 0.454E-005
C10H 0.138E-005
CS 0.624E-001
CH3 0.239E-002
CH3CN 0.104E-003
CH3OH 0.122E-009
OCS 0.513E-004
CH4 0.515E-002
H 0.210E+001
H2 0.931E+004
NH2 0.149E-003
NH3 0.533E-004
C10H2 0.230E-005
H2CCC 0.219E-003
HC3N 0.131E-002
HC4H 0.395E-003
C5H2 0.428E-003
HC5N 0.513E-003
C6H2 0.111E-002
C7H2 0.202E-003
C8H2 0.721E-004
C9H2 0.148E-004
HS 0.640E-003
C2N 0.755E-003
C3N 0.841E-002
C5N 0.899E-004
C7N 0.195E-004
HC7N 0.233E-003
C9N 0.586E-006
HC9N 0.894E-005
NO 0.184E-003
NS 0.174E-004
NO2 0.987E-010
SO2 0.144E-007
C2O 0.130E-005
SO 0.136E-004
HNC 0.582E-003
C2H4 0.182E-004
C2H5 0.222E-008
C2H5OH 0.328E-014
C2S 0.217E-002
C3O 0.239E-007
C3S 0.967E-003
C4H3 0.614E-005
C4S 0.723E-005
C6H6 0.576E-004
CCP 0.878E-006
CCL 0.129E-006
CH2CCH2 0.340E-006
CH2CCH 0.806E-003
CH2CN 0.135E-005
CH2CO 0.123E-005
CH3CCH 0.719E-004
CH3CHCH2 0.720E-006
CH3CHO 0.155E-008
CH3COCH3 0.284E-013
CH3OCH3 0.377E-016
CP 0.661E-004
CLO 0.108E-028
FE 0.000E+000
H2S 0.304E-006
H2SIO 0.290E-016
HCOOCH3 0.406E-016
HCP 0.109E-003
HPO 0.954E-012
MG 0.000E+000
NCCN 0.366E-003
NA 0.000E+000
P 0.295E-004
PH 0.783E-007
PO 0.871E-007
SI 0.207E-001
SIC2 0.140E+000
SIC2H 0.420E-002
SIC3 0.732E-003
SIC 0.310E-002
SICH2 0.694E-005
SICH3 0.122E-007
SIH2 0.982E-010
SIH3 0.169E-014
SIN 0.382E-004
SIS 0.413E-001
S 0.343E-001
N2 0.320E+000
C2H3 0.109E-003
CH3CH3 0.692E-007
PN 0.195E-008
CL 0.265E-002
C3H2 0.172E-002
C4P 0.932E-010
CH3C4H 0.178E-004
CH3C6H 0.923E-006
H2CS 0.426E-004
H2S2 0.173E-009
HC2P 0.670E-009
HCSI 0.862E-003
HCL 0.370E-003
HNSI 0.742E-005
HS2 0.501E-009
N2O 0.264E-008
PH2 0.787E-013
S2 0.129E-005
SIC2H2 0.170E-004
SIC3H 0.130E-003
SIC4 0.597E-005
SIH4 0.330E-016
SIH 0.673E-004
SINC 0.933E-007
SIO 0.582E-002
F 0.846E-005
HE 0.158E+004
HCNO 0.388E-007
HNCO 0.265E-007
HONC 0.504E-012
HNO 0.199E-005
HCOOH 0.248E-009
C11 0.274E-007
C2H5CN 0.784E-009
C3P 0.250E-009
CH2CHCCH 0.970E-006
CH2CHCHCH2 0.318E-010
CH2CHCN 0.274E-004
CH2NH 0.178E-006
CH2PH 0.300E-012
CH3C3N 0.188E-004
CH3C5N 0.216E-007
CH3C7N 0.871E-008
CNO 0.144E-015
H2CN 0.323E-004
H2O2 0.898E-026
HCS 0.287E-004
HF 0.145E-003
HNC3 0.633E-006
HOCN 0.227E-007
NH2CN 0.295E-005
O2H 0.304E-011
OCN 0.383E-003
SIO2 0.232E-005
HCO+ 0.184E-004
H+ 0.746E-006
HOC+ 0.138E-006
C+ 0.130E-001
C10H+ 0.834E-008
C2H4+ 0.465E-005
C2H5+ 0.244E-007
C2H5OH+ 0.345E-016
C2O+ 0.630E-009
C2S+ 0.143E-006
C3O+ 0.241E-013
C3S+ 0.261E-005
C4H3+ 0.587E-006
C4S+ 0.172E-005
C6H6+ 0.840E-006
CCP+ 0.158E-007
CCL+ 0.203E-006
CH2+ 0.121E-005
C3H4+ 0.308E-006
CH2CCH+ 0.578E-005
CH2CN+ 0.184E-005
CH2CO+ 0.989E-007
C3H6+ 0.196E-008
CH3CHO+ 0.508E-011
CH3COCH3+ 0.171E-015
CH3OCH3+ 0.379E-018
CH+ 0.115E-005
CP+ 0.929E-010
CLO+ 0.777E-032
FE+ 0.000E+000
H2CO+ 0.138E-006
H2S+ 0.400E-007
H2SIO+ 0.258E-015
C4H2+ 0.275E-005
COOCH4+ 0.603E-019
HCP+ 0.168E-009
HPO+ 0.320E-008
MG+ 0.000E+000
C2N+ 0.118E-005
CNC+ 0.489E-004
NH3+ 0.832E-006
NO+ 0.816E-006
NS+ 0.943E-007
NA+ 0.000E+000
OCS+ 0.627E-006
P+ 0.274E-004
PH+ 0.109E-009
PO+ 0.109E-007
SO+ 0.501E-005
SI+ 0.589E-001
SIC2+ 0.891E-006
SIC2H+ 0.296E-003
SIC3+ 0.139E-004
SIC+ 0.253E-006
SICH2+ 0.547E-004
SICH3+ 0.849E-010
SIH2+ 0.228E-007
SIH3+ 0.765E-012
SIN+ 0.681E-006
SIS+ 0.142E-003
C2+ 0.779E-005
S+ 0.122E-001
CN+ 0.357E-009
CO+ 0.151E-007
N2+ 0.678E-011
O2+ 0.438E-007
C2H+ 0.787E-005
C2H2+ 0.714E-003
C2H3+ 0.568E-003
C5H2+ 0.395E-006
C6H2+ 0.989E-006
C7H2+ 0.182E-006
C3H3+ 0.608E-005
CO2+ 0.272E-015
HC3N+ 0.856E-006
HCN+ 0.116E-008
C2N2+ 0.435E-009
C3+ 0.619E-006
C5+ 0.153E-007
CH3CH3+ 0.107E-009
PN+ 0.919E-016
H2O+ 0.389E-007
NH2+ 0.113E-007
O+ 0.164E-010
OH+ 0.198E-008
CH3+ 0.245E-003
CH4+ 0.658E-007
CH3OH+ 0.124E-012
N+ 0.101E-009
SO2+ 0.210E-015
CS+ 0.893E-006
CL+ 0.134E-007
C10+ 0.721E-008
C10H2+ 0.915E-008
C3H2+ 0.112E-004
C3H+ 0.140E-004
C4+ 0.549E-007
C4H+ 0.163E-006
C4P+ 0.276E-017
C5H+ 0.107E-005
C6+ 0.411E-007
C6H+ 0.145E-006
C7+ 0.185E-007
C7H+ 0.471E-006
C8+ 0.532E-007
C8H2+ 0.149E-006
C8H+ 0.192E-008
C9+ 0.686E-008
C9H2+ 0.154E-007
C9H+ 0.289E-007
CH3C4H+ 0.135E-007
C7H4+ 0.138E-008
CH3CN+ 0.239E-008
H2CS+ 0.617E-008
H2S2+ 0.576E-014
HC2P+ 0.265E-007
HC5N+ 0.119E-010
HC7N+ 0.181E-006
HC9N+ 0.681E-008
HCSI+ 0.282E-006
HCL+ 0.116E-007
HNSI+ 0.979E-013
HS2+ 0.307E-010
HS+ 0.229E-007
N2O+ 0.201E-009
NH+ 0.472E-010
PH2+ 0.676E-010
S2+ 0.253E-007
SIC2H2+ 0.319E-006
SIC3H+ 0.462E-005
SIC4+ 0.866E-005
SIH4+ 0.123E-023
SIH+ 0.385E-007
SINC+ 0.164E-005
SIO+ 0.699E-006
H2+ 0.570E-008
F+ 0.180E-012
HE+ 0.617E-006
C3N+ 0.371E-009
HCNO+ 0.122E-016
HNCO+ 0.130E-011
HONC+ 0.389E-021
HNO+ 0.438E-010
HCOOH+ 0.126E-011
NO2+ 0.135E-013
CH2CHCNH+ 0.409E-008
HCS+ 0.246E-004
C10H3+ 0.215E-009
C11+ 0.110E-008
C2H5CNH+ 0.135E-010
C2H5OH2+ 0.290E-016
C2H7+ 0.155E-014
C2NH+ 0.805E-006
C3H2O+ 0.859E-009
C3H5+ 0.977E-005
C3H7+ 0.274E-005
C4H4+ 0.154E-010
C4H5+ 0.179E-007
C4H7+ 0.191E-012
C4N+ 0.164E-006
C5H3+ 0.853E-007
C5H5+ 0.566E-008
C5N+ 0.311E-011
C6H3+ 0.123E-007
C6H4+ 0.108E-008
C6H5+ 0.201E-009
C6H7+ 0.112E-008
C7H3+ 0.744E-008
C7H5+ 0.219E-008
C7N+ 0.279E-009
C8H3+ 0.688E-008
C8H4+ 0.136E-008
C8H5+ 0.684E-014
C9H3+ 0.243E-008
C9H4+ 0.642E-009
C9H5+ 0.986E-015
C9N+ 0.846E-011
CF+ 0.203E-005
CH2CHCN+ 0.133E-006
CH2NH2+ 0.156E-012
CH3C3N+ 0.782E-010
CH3C3NH+ 0.518E-008
CH3C5NH+ 0.198E-009
CH3C7NH+ 0.903E-010
CH3CHOH+ 0.385E-011
CH3CNH+ 0.123E-005
CH3CO+ 0.876E-008
CH3COCH4+ 0.311E-015
CH3CS+ 0.126E-008
CH3OCH4+ 0.241E-017
CH3OH2+ 0.269E-010
CH4N+ 0.154E-008
CH5+ 0.972E-006
H2C4N+ 0.786E-010
H2C7N+ 0.363E-007
H2C9N+ 0.137E-008
H2CCL+ 0.670E-009
H2CNO+ 0.162E-009
H2CL+ 0.371E-005
H2F+ 0.108E-009
H2NC+ 0.149E-006
H2NCO+ 0.275E-009
H2NO+ 0.548E-012
H2OCN+ 0.437E-009
H2PO+ 0.145E-013
H3+ 0.340E-005
H3C3O+ 0.208E-008
H3C5N+ 0.123E-009
H3C7N+ 0.453E-010
H3C9N+ 0.205E-010
H3CO+ 0.179E-009
H3CS+ 0.276E-006
H3O+ 0.339E-005
H3S+ 0.619E-011
H3S2+ 0.211E-012
H3SIO+ 0.228E-020
H5C2O2+ 0.430E-018
HC2O+ 0.975E-007
HC2S+ 0.398E-004
HC3NH+ 0.206E-006
HC3O+ 0.156E-009
HC3S+ 0.950E-006
HC4N+ 0.137E-011
HC4S+ 0.588E-007
HC5NH+ 0.737E-009
HCNH+ 0.268E-005
HCNOH+ 0.411E-013
HCO2+ 0.170E-008
HCOOH2+ 0.146E-011
HF+ 0.524E-013
HN2O+ 0.271E-014
HNCOH+ 0.874E-009
HNS+ 0.238E-010
HOCN+ 0.130E-011
HOCS+ 0.106E-009
HPN+ 0.186E-014
HSO+ 0.330E-010
HSO2+ 0.379E-014
HSIO2+ 0.239E-011
HSIS+ 0.151E-006
HEH+ 0.840E-010
N2H+ 0.337E-007
NCCNCH3+ 0.719E-011
NCCNH+ 0.422E-007
NH2CNH+ 0.236E-011
NH4+ 0.922E-008
O2H+ 0.795E-014
OCN+ 0.669E-014
PC2H2+ 0.145E-010
PC2H3+ 0.423E-016
PC2H4+ 0.327E-016
PC3H+ 0.733E-011
PC4H+ 0.189E-011
PCH2+ 0.377E-007
PCH3+ 0.698E-014
PCH4+ 0.494E-014
PH3+ 0.256E-014
PNH2+ 0.776E-011
PNH3+ 0.250E-015
SIC2H3+ 0.138E-006
SIC3H2+ 0.194E-005
SIC4H+ 0.753E-008
SICH4+ 0.887E-010
SIF+ 0.296E-005
SIH5+ 0.304E-018
SINCH+ 0.203E-008
SINH2+ 0.827E-007
SIOH+ 0.482E-004
