C- 0.184E-008
E 0.920E-001
C2- 0.382E-008
C3- 0.105E-006
C4- 0.732E-004
C5- 0.649E-004
C6- 0.530E-004
C7- 0.984E-004
C8- 0.315E-004
C10- 0.454E-005
C2H- 0.902E-010
C3H- 0.734E-009
C3N- 0.148E-004
C4H- 0.913E-007
C5H- 0.452E-004
C6H- 0.565E-003
C7H- 0.173E-003
C8H- 0.307E-004
C9- 0.207E-004
C9H- 0.984E-005
CH- 0.746E-013
O- 0.204E-011
OH- 0.159E-010
S- 0.775E-009
CN- 0.228E-006
H- 0.340E-009
C10H- 0.100E-005
C5N- 0.659E-004
O2- 0.568E-023
C 0.266E+000
C2 0.186E+000
CH2 0.437E-002
C2H2 0.197E-001
CH 0.161E-001
C2H 0.823E-001
CO2 0.218E-004
CO 0.644E+001
H2O 0.584E-002
H2CO 0.188E-004
N 0.207E+000
CN 0.188E+000
NH 0.162E-003
HCN 0.297E-001
O2 0.358E-004
O 0.880E-001
OH 0.972E-002
HCO 0.110E-004
C4 0.597E-003
C3 0.353E-002
C5 0.209E-003
C6 0.309E-004
C7 0.203E-004
C8 0.181E-004
C9 0.413E-005
C10 0.261E-005
C3H 0.349E-002
C4H 0.218E-002
C4N 0.233E-004
C5H 0.108E-003
C6H 0.824E-003
C7H 0.888E-004
C8H 0.482E-004
C9H 0.488E-005
C10H 0.162E-005
CS 0.514E-001
CH3 0.189E-002
CH3CN 0.638E-004
CH3OH 0.862E-010
OCS 0.350E-004
CH4 0.343E-002
H 0.197E+001
H2 0.811E+004
NH2 0.114E-003
NH3 0.328E-004
C10H2 0.224E-005
H2CCC 0.137E-003
HC3N 0.657E-003
HC4H 0.193E-003
C5H2 0.387E-003
HC5N 0.384E-003
C6H2 0.860E-003
C7H2 0.200E-003
C8H2 0.640E-004
C9H2 0.158E-004
HS 0.577E-003
C2N 0.695E-003
C3N 0.716E-002
C5N 0.791E-004
C7N 0.190E-004
HC7N 0.177E-003
C9N 0.649E-006
HC9N 0.748E-005
NO 0.180E-003
NS 0.182E-004
NO2 0.919E-010
SO2 0.110E-007
C2O 0.110E-005
SO 0.110E-004
HNC 0.378E-003
C2H4 0.114E-004
C2H5 0.183E-008
C2H5OH 0.162E-014
C2S 0.211E-002
C3O 0.174E-007
C3S 0.861E-003
C4H3 0.497E-005
C4S 0.640E-005
C6H6 0.495E-004
CCP 0.751E-006
CCL 0.112E-006
CH2CCH2 0.295E-006
CH2CCH 0.585E-003
CH2CN 0.120E-005
CH2CO 0.100E-005
CH3CCH 0.626E-004
CH3CHCH2 0.613E-006
CH3CHO 0.831E-009
CH3COCH3 0.195E-013
CH3OCH3 0.287E-016
CP 0.570E-004
CLO 0.917E-029
FE 0.000E+000
H2S 0.135E-006
H2SIO 0.242E-016
HCOOCH3 0.281E-016
HCP 0.855E-004
HPO 0.885E-012
MG 0.000E+000
NCCN 0.318E-003
NA 0.000E+000
P 0.276E-004
PH 0.798E-007
PO 0.903E-007
SI 0.179E-001
SIC2 0.117E+000
SIC2H 0.304E-002
SIC3 0.669E-003
SIC 0.317E-002
SICH2 0.515E-005
SICH3 0.107E-007
SIH2 0.724E-010
SIH3 0.139E-014
SIN 0.381E-004
SIS 0.333E-001
S 0.324E-001
N2 0.272E+000
C2H3 0.891E-004
CH3CH3 0.589E-007
PN 0.233E-008
CL 0.239E-002
C3H2 0.137E-002
C4P 0.775E-010
CH3C4H 0.152E-004
CH3C6H 0.799E-006
H2CS 0.366E-004
H2S2 0.130E-009
HC2P 0.603E-009
HCSI 0.951E-003
HCL 0.240E-003
HNSI 0.621E-005
HS2 0.410E-009
N2O 0.252E-008
PH2 0.800E-013
S2 0.124E-005
SIC2H2 0.151E-004
SIC3H 0.120E-003
SIC4 0.514E-005
SIH4 0.155E-016
SIH 0.407E-004
SINC 0.761E-007
SIO 0.387E-002
F 0.956E-005
HE 0.138E+004
HCNO 0.369E-007
HNCO 0.258E-007
HONC 0.522E-012
HNO 0.183E-005
HCOOH 0.212E-009
C11 0.372E-007
C2H5CN 0.485E-009
C3P 0.227E-009
CH2CHCCH 0.916E-006
CH2CHCHCH2 0.278E-010
CH2CHCN 0.222E-004
CH2NH 0.113E-006
CH2PH 0.242E-012
CH3C3N 0.178E-004
CH3C5N 0.182E-007
CH3C7N 0.753E-008
CNO 0.193E-015
H2CN 0.297E-004
H2O2 0.933E-026
HCS 0.262E-004
HF 0.124E-003
HNC3 0.331E-006
HOCN 0.221E-007
NH2CN 0.209E-005
O2H 0.279E-011
OCN 0.348E-003
SIO2 0.194E-005
HCO+ 0.168E-004
H+ 0.783E-006
HOC+ 0.156E-006
C+ 0.166E-001
C10H+ 0.901E-008
C2H4+ 0.377E-005
C2H5+ 0.136E-007
C2H5OH+ 0.164E-016
C2O+ 0.647E-009
C2S+ 0.142E-006
C3O+ 0.263E-013
C3S+ 0.214E-005
C4H3+ 0.326E-006
C4S+ 0.111E-005
C6H6+ 0.106E-005
CCP+ 0.148E-007
CCL+ 0.159E-006
CH2+ 0.133E-005
C3H4+ 0.243E-006
CH2CCH+ 0.523E-005
CH2CN+ 0.134E-005
CH2CO+ 0.770E-007
C3H6+ 0.136E-008
CH3CHO+ 0.249E-011
CH3COCH3+ 0.121E-015
CH3OCH3+ 0.280E-018
CH+ 0.131E-005
CP+ 0.118E-009
CLO+ 0.801E-032
FE+ 0.000E+000
H2CO+ 0.103E-006
H2S+ 0.331E-007
H2SIO+ 0.130E-015
C4H2+ 0.183E-005
COOCH4+ 0.505E-019
HCP+ 0.205E-009
HPO+ 0.253E-008
MG+ 0.000E+000
C2N+ 0.947E-006
CNC+ 0.373E-004
NH3+ 0.565E-006
NO+ 0.764E-006
NS+ 0.883E-007
NA+ 0.000E+000
OCS+ 0.400E-006
P+ 0.316E-004
PH+ 0.114E-009
PO+ 0.101E-007
SO+ 0.448E-005
SI+ 0.601E-001
SIC2+ 0.963E-006
SIC2H+ 0.252E-003
SIC3+ 0.109E-004
SIC+ 0.310E-006
SICH2+ 0.520E-004
SICH3+ 0.479E-010
SIH2+ 0.184E-007
SIH3+ 0.441E-012
SIN+ 0.574E-006
SIS+ 0.130E-003
C2+ 0.851E-005
S+ 0.134E-001
CN+ 0.461E-009
CO+ 0.196E-007
N2+ 0.667E-011
O2+ 0.379E-007
C2H+ 0.856E-005
C2H2+ 0.677E-003
C2H3+ 0.432E-003
C5H2+ 0.254E-006
C6H2+ 0.702E-006
C7H2+ 0.164E-006
C3H3+ 0.489E-005
CO2+ 0.267E-015
HC3N+ 0.672E-006
HCN+ 0.132E-008
C2N2+ 0.433E-009
C3+ 0.706E-006
C5+ 0.145E-007
CH3CH3+ 0.914E-010
PN+ 0.108E-015
H2O+ 0.332E-007
NH2+ 0.992E-008
O+ 0.214E-010
OH+ 0.198E-008
CH3+ 0.219E-003
CH4+ 0.488E-007
CH3OH+ 0.798E-013
N+ 0.102E-009
SO2+ 0.189E-015
CS+ 0.981E-006
CL+ 0.139E-007
C10+ 0.936E-008
C10H2+ 0.823E-008
C3H2+ 0.866E-005
C3H+ 0.135E-004
C4+ 0.641E-007
C4H+ 0.173E-006
C4P+ 0.224E-017
C5H+ 0.856E-006
C6+ 0.469E-007
C6H+ 0.136E-006
C7+ 0.213E-007
C7H+ 0.433E-006
C8+ 0.631E-007
C8H2+ 0.135E-006
C8H+ 0.241E-008
C9+ 0.898E-008
C9H2+ 0.147E-007
C9H+ 0.299E-007
CH3C4H+ 0.783E-008
C7H4+ 0.891E-009
CH3CN+ 0.170E-008
H2CS+ 0.450E-008
H2S2+ 0.252E-014
HC2P+ 0.173E-007
HC5N+ 0.990E-011
HC7N+ 0.133E-006
HC9N+ 0.552E-008
HCSI+ 0.338E-006
HCL+ 0.116E-007
HNSI+ 0.990E-013
HS2+ 0.146E-010
HS+ 0.185E-007
N2O+ 0.241E-009
NH+ 0.468E-010
PH2+ 0.647E-010
S2+ 0.183E-007
SIC2H2+ 0.237E-006
SIC3H+ 0.341E-005
SIC4+ 0.521E-005
SIH4+ 0.108E-023
SIH+ 0.270E-007
SINC+ 0.102E-005
SIO+ 0.596E-006
H2+ 0.570E-008
F+ 0.180E-012
HE+ 0.621E-006
C3N+ 0.371E-009
HCNO+ 0.136E-016
HNCO+ 0.129E-011
HONC+ 0.474E-021
HNO+ 0.339E-010
HCOOH+ 0.101E-011
NO2+ 0.137E-013
CH2CHCNH+ 0.263E-008
HCS+ 0.215E-004
C10H3+ 0.167E-009
C11+ 0.147E-008
C2H5CNH+ 0.690E-011
C2H5OH2+ 0.126E-016
C2H7+ 0.111E-014
C2NH+ 0.655E-006
C3H2O+ 0.720E-009
C3H5+ 0.785E-005
C3H7+ 0.203E-005
C4H4+ 0.938E-011
C4H5+ 0.110E-007
C4H7+ 0.105E-012
C4N+ 0.118E-006
C5H3+ 0.532E-007
C5H5+ 0.295E-008
C5N+ 0.290E-011
C6H3+ 0.750E-008
C6H4+ 0.485E-009
C6H5+ 0.229E-009
C6H7+ 0.914E-009
C7H3+ 0.516E-008
C7H5+ 0.220E-008
C7N+ 0.312E-009
C8H3+ 0.461E-008
C8H4+ 0.769E-009
C8H5+ 0.189E-014
C9H3+ 0.189E-008
C9H4+ 0.457E-009
C9H5+ 0.304E-015
C9N+ 0.107E-010
CF+ 0.212E-005
CH2CHCN+ 0.109E-006
CH2NH2+ 0.817E-013
CH3C3N+ 0.940E-010
CH3C3NH+ 0.462E-008
CH3C5NH+ 0.129E-009
CH3C7NH+ 0.598E-010
CH3CHOH+ 0.159E-011
CH3CNH+ 0.659E-006
CH3CO+ 0.667E-008
CH3COCH4+ 0.143E-015
CH3CS+ 0.798E-009
CH3OCH4+ 0.144E-017
CH3OH2+ 0.164E-010
CH4N+ 0.948E-009
CH5+ 0.643E-006
H2C4N+ 0.946E-010
H2C7N+ 0.215E-007
H2C9N+ 0.890E-009
H2CCL+ 0.388E-009
H2CNO+ 0.113E-009
H2CL+ 0.312E-005
H2F+ 0.803E-010
H2NC+ 0.120E-006
H2NCO+ 0.230E-009
H2NO+ 0.437E-012
H2OCN+ 0.343E-009
H2PO+ 0.993E-014
H3+ 0.318E-005
H3C3O+ 0.142E-008
H3C5N+ 0.605E-010
H3C7N+ 0.322E-010
H3C9N+ 0.148E-010
H3CO+ 0.130E-009
H3CS+ 0.186E-006
H3O+ 0.235E-005
H3S+ 0.271E-011
H3S2+ 0.818E-013
H3SIO+ 0.110E-020
H5C2O2+ 0.198E-018
HC2O+ 0.750E-007
HC2S+ 0.301E-004
HC3NH+ 0.122E-006
HC3O+ 0.101E-009
HC3S+ 0.761E-006
HC4N+ 0.898E-012
HC4S+ 0.292E-007
HC5NH+ 0.473E-009
HCNH+ 0.136E-005
HCNOH+ 0.341E-013
HCO2+ 0.125E-008
HCOOH2+ 0.927E-012
HF+ 0.526E-013
HN2O+ 0.221E-014
HNCOH+ 0.686E-009
HNS+ 0.210E-010
HOCN+ 0.129E-011
HOCS+ 0.706E-010
HPN+ 0.186E-014
HSO+ 0.241E-010
HSO2+ 0.260E-014
HSIO2+ 0.167E-011
HSIS+ 0.104E-006
HEH+ 0.840E-010
N2H+ 0.250E-007
NCCNCH3+ 0.522E-011
NCCNH+ 0.334E-007
NH2CNH+ 0.141E-011
NH4+ 0.485E-008
O2H+ 0.750E-014
OCN+ 0.664E-014
PC2H2+ 0.957E-011
PC2H3+ 0.250E-016
PC2H4+ 0.178E-016
PC3H+ 0.490E-011
PC4H+ 0.112E-011
PCH2+ 0.362E-007
PCH3+ 0.444E-014
PCH4+ 0.289E-014
PH3+ 0.223E-014
PNH2+ 0.513E-011
PNH3+ 0.143E-015
SIC2H3+ 0.104E-006
SIC3H2+ 0.133E-005
SIC4H+ 0.404E-008
SICH4+ 0.492E-010
SIF+ 0.240E-005
SIH5+ 0.141E-018
SINCH+ 0.126E-008
SINH2+ 0.482E-007
SIOH+ 0.335E-004
