C- 0.196E-008
E 0.984E-001
C2- 0.356E-008
C3- 0.656E-007
C4- 0.463E-004
C5- 0.602E-004
C6- 0.497E-004
C7- 0.106E-003
C8- 0.361E-004
C10- 0.572E-005
C2H- 0.692E-010
C3H- 0.542E-009
C3N- 0.126E-004
C4H- 0.668E-007
C5H- 0.362E-004
C6H- 0.506E-003
C7H- 0.171E-003
C8H- 0.328E-004
C9- 0.249E-004
C9H- 0.109E-004
CH- 0.528E-013
O- 0.245E-011
OH- 0.158E-010
S- 0.744E-009
CN- 0.192E-006
H- 0.311E-009
C10H- 0.119E-005
C5N- 0.586E-004
O2- 0.278E-023
C 0.275E+000
C2 0.173E+000
CH2 0.379E-002
C2H2 0.121E-001
CH 0.160E-001
C2H 0.626E-001
CO2 0.173E-004
CO 0.560E+001
H2O 0.417E-002
H2CO 0.145E-004
N 0.208E+000
CN 0.157E+000
NH 0.137E-003
HCN 0.180E-001
O2 0.319E-004
O 0.862E-001
OH 0.826E-002
HCO 0.911E-005
C4 0.368E-003
C3 0.260E-002
C5 0.189E-003
C6 0.284E-004
C7 0.213E-004
C8 0.203E-004
C9 0.486E-005
C10 0.321E-005
C3H 0.263E-002
C4H 0.130E-002
C4N 0.186E-004
C5H 0.842E-004
C6H 0.725E-003
C7H 0.855E-004
C8H 0.500E-004
C9H 0.524E-005
C10H 0.186E-005
CS 0.420E-001
CH3 0.145E-002
CH3CN 0.365E-004
CH3OH 0.578E-010
OCS 0.231E-004
CH4 0.220E-002
H 0.184E+001
H2 0.706E+004
NH2 0.849E-004
NH3 0.192E-004
C10H2 0.219E-005
H2CCC 0.841E-004
HC3N 0.310E-003
HC4H 0.891E-004
C5H2 0.342E-003
HC5N 0.278E-003
C6H2 0.663E-003
C7H2 0.192E-003
C8H2 0.571E-004
C9H2 0.164E-004
HS 0.506E-003
C2N 0.617E-003
C3N 0.592E-002
C5N 0.682E-004
C7N 0.179E-004
HC7N 0.128E-003
C9N 0.704E-006
HC9N 0.596E-005
NO 0.171E-003
NS 0.184E-004
NO2 0.835E-010
SO2 0.783E-008
C2O 0.930E-006
SO 0.859E-005
HNC 0.237E-003
C2H4 0.695E-005
C2H5 0.143E-008
C2H5OH 0.736E-015
C2S 0.202E-002
C3O 0.126E-007
C3S 0.756E-003
C4H3 0.398E-005
C4S 0.556E-005
C6H6 0.424E-004
CCP 0.613E-006
CCL 0.952E-007
CH2CCH2 0.284E-006
CH2CCH 0.422E-003
CH2CN 0.102E-005
CH2CO 0.792E-006
CH3CCH 0.522E-004
CH3CHCH2 0.612E-006
CH3CHO 0.414E-009
CH3COCH3 0.125E-013
CH3OCH3 0.205E-016
CP 0.484E-004
CLO 0.773E-029
FE 0.000E+000
H2S 0.560E-007
H2SIO 0.197E-016
HCOOCH3 0.184E-016
HCP 0.663E-004
HPO 0.805E-012
MG 0.000E+000
NCCN 0.272E-003
NA 0.000E+000
P 0.253E-004
PH 0.782E-007
PO 0.905E-007
SI 0.153E-001
SIC2 0.970E-001
SIC2H 0.213E-002
SIC3 0.590E-003
SIC 0.320E-002
SICH2 0.363E-005
SICH3 0.917E-008
SIH2 0.515E-010
SIH3 0.113E-014
SIN 0.377E-004
SIS 0.262E-001
S 0.304E-001
N2 0.231E+000
C2H3 0.714E-004
CH3CH3 0.590E-007
PN 0.271E-008
CL 0.214E-002
C3H2 0.107E-002
C4P 0.631E-010
CH3C4H 0.126E-004
CH3C6H 0.690E-006
H2CS 0.302E-004
H2S2 0.954E-010
HC2P 0.525E-009
HCSI 0.103E-002
HCL 0.149E-003
HNSI 0.504E-005
HS2 0.332E-009
N2O 0.225E-008
PH2 0.809E-013
S2 0.115E-005
SIC2H2 0.134E-004
SIC3H 0.109E-003
SIC4 0.441E-005
SIH4 0.674E-017
SIH 0.227E-004
SINC 0.596E-007
SIO 0.250E-002
F 0.113E-004
HE 0.120E+004
HCNO 0.339E-007
HNCO 0.242E-007
HONC 0.519E-012
HNO 0.165E-005
HCOOH 0.176E-009
C11 0.484E-007
C2H5CN 0.275E-009
C3P 0.200E-009
CH2CHCCH 0.842E-006
CH2CHCHCH2 0.326E-010
CH2CHCN 0.176E-004
CH2NH 0.669E-007
CH2PH 0.188E-012
CH3C3N 0.162E-004
CH3C5N 0.146E-007
CH3C7N 0.614E-008
CNO 0.250E-015
H2CN 0.264E-004
H2O2 0.911E-026
HCS 0.237E-004
HF 0.105E-003
HNC3 0.180E-006
HOCN 0.207E-007
NH2CN 0.142E-005
O2H 0.246E-011
OCN 0.308E-003
SIO2 0.160E-005
HCO+ 0.150E-004
H+ 0.829E-006
HOC+ 0.173E-006
C+ 0.213E-001
C10H+ 0.969E-008
C2H4+ 0.312E-005
C2H5+ 0.758E-008
C2H5OH+ 0.737E-017
C2O+ 0.655E-009
C2S+ 0.139E-006
C3O+ 0.285E-013
C3S+ 0.172E-005
C4H3+ 0.190E-006
C4S+ 0.681E-006
C6H6+ 0.131E-005
CCP+ 0.135E-007
CCL+ 0.119E-006
CH2+ 0.147E-005
C3H4+ 0.185E-006
CH2CCH+ 0.469E-005
CH2CN+ 0.100E-005
CH2CO+ 0.600E-007
C3H6+ 0.106E-008
CH3CHO+ 0.115E-011
CH3COCH3+ 0.822E-016
CH3OCH3+ 0.199E-018
CH+ 0.149E-005
CP+ 0.147E-009
CLO+ 0.812E-032
FE+ 0.000E+000
H2CO+ 0.763E-007
H2S+ 0.282E-007
H2SIO+ 0.662E-016
C4H2+ 0.130E-005
COOCH4+ 0.398E-019
HCP+ 0.245E-009
HPO+ 0.191E-008
MG+ 0.000E+000
C2N+ 0.743E-006
CNC+ 0.270E-004
NH3+ 0.380E-006
NO+ 0.710E-006
NS+ 0.813E-007
NA+ 0.000E+000
OCS+ 0.252E-006
P+ 0.358E-004
PH+ 0.118E-009
PO+ 0.906E-008
SO+ 0.392E-005
SI+ 0.611E-001
SIC2+ 0.105E-005
SIC2H+ 0.217E-003
SIC3+ 0.827E-005
SIC+ 0.374E-006
SICH2+ 0.491E-004
SICH3+ 0.277E-010
SIH2+ 0.150E-007
SIH3+ 0.246E-012
SIN+ 0.473E-006
SIS+ 0.115E-003
C2+ 0.907E-005
S+ 0.149E-001
CN+ 0.579E-009
CO+ 0.250E-007
N2+ 0.656E-011
O2+ 0.329E-007
C2H+ 0.909E-005
C2H2+ 0.640E-003
C2H3+ 0.335E-003
C5H2+ 0.165E-006
C6H2+ 0.497E-006
C7H2+ 0.144E-006
C3H3+ 0.391E-005
CO2+ 0.258E-015
HC3N+ 0.516E-006
HCN+ 0.147E-008
C2N2+ 0.425E-009
C3+ 0.788E-006
C5+ 0.128E-007
CH3CH3+ 0.101E-009
PN+ 0.124E-015
H2O+ 0.276E-007
NH2+ 0.843E-008
O+ 0.274E-010
OH+ 0.194E-008
CH3+ 0.200E-003
CH4+ 0.347E-007
CH3OH+ 0.489E-013
N+ 0.104E-009
SO2+ 0.161E-015
CS+ 0.107E-005
CL+ 0.143E-007
C10+ 0.119E-007
C10H2+ 0.748E-008
C3H2+ 0.672E-005
C3H+ 0.130E-004
C4+ 0.727E-007
C4H+ 0.186E-006
C4P+ 0.180E-017
C5H+ 0.665E-006
C6+ 0.527E-007
C6H+ 0.129E-006
C7+ 0.241E-007
C7H+ 0.390E-006
C8+ 0.735E-007
C8H2+ 0.124E-006
C8H+ 0.301E-008
C9+ 0.116E-007
C9H2+ 0.138E-007
C9H+ 0.308E-007
CH3C4H+ 0.463E-008
C7H4+ 0.581E-009
CH3CN+ 0.113E-008
H2CS+ 0.331E-008
H2S2+ 0.123E-014
HC2P+ 0.110E-007
HC5N+ 0.806E-011
HC7N+ 0.940E-007
HC9N+ 0.430E-008
HCSI+ 0.400E-006
HCL+ 0.117E-007
HNSI+ 0.992E-013
HS2+ 0.659E-011
HS+ 0.147E-007
N2O+ 0.281E-009
NH+ 0.458E-010
PH2+ 0.611E-010
S2+ 0.131E-007
SIC2H2+ 0.174E-006
SIC3H+ 0.247E-005
SIC4+ 0.300E-005
SIH4+ 0.927E-024
SIH+ 0.183E-007
SINC+ 0.619E-006
SIO+ 0.505E-006
H2+ 0.570E-008
F+ 0.180E-012
HE+ 0.627E-006
C3N+ 0.361E-009
HCNO+ 0.147E-016
HNCO+ 0.123E-011
HONC+ 0.554E-021
HNO+ 0.265E-010
HCOOH+ 0.811E-012
NO2+ 0.137E-013
CH2CHCNH+ 0.169E-008
HCS+ 0.188E-004
C10H3+ 0.132E-009
C11+ 0.195E-008
C2H5CNH+ 0.336E-011
C2H5OH2+ 0.533E-017
C2H7+ 0.102E-014
C2NH+ 0.554E-006
C3H2O+ 0.621E-009
C3H5+ 0.615E-005
C3H7+ 0.152E-005
C4H4+ 0.559E-011
C4H5+ 0.705E-008
C4H7+ 0.693E-013
C4N+ 0.796E-007
C5H3+ 0.342E-007
C5H5+ 0.159E-008
C5N+ 0.259E-011
C6H3+ 0.503E-008
C6H4+ 0.231E-009
C6H5+ 0.267E-009
C6H7+ 0.788E-009
C7H3+ 0.364E-008
C7H5+ 0.222E-008
C7N+ 0.339E-009
C8H3+ 0.316E-008
C8H4+ 0.445E-009
C8H5+ 0.518E-015
C9H3+ 0.147E-008
C9H4+ 0.325E-009
C9H5+ 0.921E-016
C9N+ 0.134E-010
CF+ 0.216E-005
CH2CHCN+ 0.878E-007
CH2NH2+ 0.395E-013
CH3C3N+ 0.110E-009
CH3C3NH+ 0.420E-008
CH3C5NH+ 0.839E-010
CH3C7NH+ 0.386E-010
CH3CHOH+ 0.650E-012
CH3CNH+ 0.346E-006
CH3CO+ 0.529E-008
CH3COCH4+ 0.639E-016
CH3CS+ 0.493E-009
CH3OCH4+ 0.845E-018
CH3OH2+ 0.100E-010
CH4N+ 0.592E-009
CH5+ 0.426E-006
H2C4N+ 0.111E-009
H2C7N+ 0.122E-007
H2C9N+ 0.559E-009
H2CCL+ 0.226E-009
H2CNO+ 0.631E-010
H2CL+ 0.270E-005
H2F+ 0.588E-010
H2NC+ 0.975E-007
H2NCO+ 0.197E-009
H2NO+ 0.339E-012
H2OCN+ 0.260E-009
H2PO+ 0.651E-014
H3+ 0.293E-005
H3C3O+ 0.101E-008
H3C5N+ 0.295E-010
H3C7N+ 0.224E-010
H3C9N+ 0.102E-010
H3CO+ 0.927E-010
H3CS+ 0.121E-006
H3O+ 0.162E-005
H3S+ 0.130E-011
H3S2+ 0.303E-013
H3SIO+ 0.506E-021
H5C2O2+ 0.896E-019
HC2O+ 0.637E-007
HC2S+ 0.227E-004
HC3NH+ 0.724E-007
HC3O+ 0.666E-010
HC3S+ 0.598E-006
HC4N+ 0.613E-012
HC4S+ 0.138E-007
HC5NH+ 0.294E-009
HCNH+ 0.715E-006
HCNOH+ 0.272E-013
HCO2+ 0.889E-009
HCOOH2+ 0.561E-012
HF+ 0.524E-013
HN2O+ 0.169E-014
HNCOH+ 0.520E-009
HNS+ 0.177E-010
HOCN+ 0.122E-011
HOCS+ 0.469E-010
HPN+ 0.179E-014
HSO+ 0.171E-010
HSO2+ 0.167E-014
HSIO2+ 0.113E-011
HSIS+ 0.688E-007
HEH+ 0.840E-010
N2H+ 0.182E-007
NCCNCH3+ 0.389E-011
NCCNH+ 0.266E-007
NH2CNH+ 0.783E-012
NH4+ 0.257E-008
O2H+ 0.682E-014
OCN+ 0.648E-014
PC2H2+ 0.604E-011
PC2H3+ 0.143E-016
PC2H4+ 0.928E-017
PC3H+ 0.317E-011
PC4H+ 0.690E-012
PCH2+ 0.342E-007
PCH3+ 0.269E-014
PCH4+ 0.161E-014
PH3+ 0.193E-014
PNH2+ 0.317E-011
PNH3+ 0.773E-016
SIC2H3+ 0.770E-007
SIC3H2+ 0.904E-006
SIC4H+ 0.222E-008
SICH4+ 0.274E-010
SIF+ 0.192E-005
SIH5+ 0.634E-019
SINCH+ 0.743E-009
SINH2+ 0.266E-007
SIOH+ 0.234E-004
