C- 0.206E-008
E 0.106E+000
C2- 0.326E-008
C3- 0.392E-007
C4- 0.279E-004
C5- 0.545E-004
C6- 0.470E-004
C7- 0.112E-003
C8- 0.408E-004
C10- 0.698E-005
C2H- 0.524E-010
C3H- 0.393E-009
C3N- 0.103E-004
C4H- 0.495E-007
C5H- 0.290E-004
C6H- 0.448E-003
C7H- 0.165E-003
C8H- 0.344E-004
C9- 0.292E-004
C9H- 0.119E-004
CH- 0.375E-013
O- 0.300E-011
OH- 0.160E-010
S- 0.703E-009
CN- 0.162E-006
H- 0.286E-009
C10H- 0.137E-005
C5N- 0.507E-004
O2- 0.110E-023
C 0.281E+000
C2 0.157E+000
CH2 0.330E-002
C2H2 0.750E-002
CH 0.158E-001
C2H 0.472E-001
CO2 0.134E-004
CO 0.487E+001
H2O 0.288E-002
H2CO 0.107E-004
N 0.207E+000
CN 0.128E+000
NH 0.112E-003
HCN 0.103E-001
O2 0.278E-004
O 0.858E-001
OH 0.686E-002
HCO 0.744E-005
C4 0.217E-003
C3 0.186E-002
C5 0.168E-003
C6 0.263E-004
C7 0.219E-004
C8 0.224E-004
C9 0.554E-005
C10 0.383E-005
C3H 0.192E-002
C4H 0.740E-003
C4N 0.143E-004
C5H 0.659E-004
C6H 0.631E-003
C7H 0.807E-004
C8H 0.509E-004
C9H 0.554E-005
C10H 0.207E-005
CS 0.341E-001
CH3 0.108E-002
CH3CN 0.193E-004
CH3OH 0.369E-010
OCS 0.148E-004
CH4 0.136E-002
H 0.171E+001
H2 0.615E+004
NH2 0.606E-004
NH3 0.106E-004
C10H2 0.216E-005
H2CCC 0.523E-004
HC3N 0.143E-003
HC4H 0.399E-004
C5H2 0.294E-003
HC5N 0.194E-003
C6H2 0.508E-003
C7H2 0.178E-003
C8H2 0.514E-004
C9H2 0.166E-004
HS 0.430E-003
C2N 0.529E-003
C3N 0.475E-002
C5N 0.571E-004
C7N 0.165E-004
HC7N 0.869E-004
C9N 0.751E-006
HC9N 0.453E-005
NO 0.158E-003
NS 0.181E-004
NO2 0.740E-010
SO2 0.524E-008
C2O 0.777E-006
SO 0.644E-005
HNC 0.144E-003
C2H4 0.413E-005
C2H5 0.106E-008
C2H5OH 0.306E-015
C2S 0.190E-002
C3O 0.910E-008
C3S 0.654E-003
C4H3 0.313E-005
C4S 0.474E-005
C6H6 0.361E-004
CCP 0.479E-006
CCL 0.794E-007
CH2CCH2 0.273E-006
CH2CCH 0.305E-003
CH2CN 0.835E-006
CH2CO 0.605E-006
CH3CCH 0.422E-004
CH3CHCH2 0.615E-006
CH3CHO 0.192E-009
CH3COCH3 0.743E-014
CH3OCH3 0.138E-016
CP 0.402E-004
CLO 0.647E-029
FE 0.000E+000
H2S 0.220E-007
H2SIO 0.156E-016
HCOOCH3 0.114E-016
HCP 0.507E-004
HPO 0.715E-012
MG 0.000E+000
NCCN 0.231E-003
NA 0.000E+000
P 0.225E-004
PH 0.736E-007
PO 0.873E-007
SI 0.131E-001
SIC2 0.794E-001
SIC2H 0.144E-002
SIC3 0.503E-003
SIC 0.320E-002
SICH2 0.243E-005
SICH3 0.776E-008
SIH2 0.354E-010
SIH3 0.902E-015
SIN 0.368E-004
SIS 0.201E-001
S 0.282E-001
N2 0.195E+000
C2H3 0.561E-004
CH3CH3 0.594E-007
PN 0.308E-008
CL 0.191E-002
C3H2 0.815E-003
C4P 0.503E-010
CH3C4H 0.103E-004
CH3C6H 0.598E-006
H2CS 0.240E-004
H2S2 0.685E-010
HC2P 0.442E-009
HCSI 0.109E-002
HCL 0.897E-004
HNSI 0.398E-005
HS2 0.267E-009
N2O 0.189E-008
PH2 0.810E-013
S2 0.103E-005
SIC2H2 0.117E-004
SIC3H 0.972E-004
SIC4 0.377E-005
SIH4 0.274E-017
SIH 0.117E-004
SINC 0.448E-007
SIO 0.157E-002
F 0.133E-004
HE 0.105E+004
HCNO 0.301E-007
HNCO 0.218E-007
HONC 0.494E-012
HNO 0.147E-005
HCOOH 0.142E-009
C11 0.603E-007
C2H5CN 0.142E-009
C3P 0.170E-009
CH2CHCCH 0.754E-006
CH2CHCHCH2 0.399E-010
CH2CHCN 0.136E-004
CH2NH 0.373E-007
CH2PH 0.140E-012
CH3C3N 0.144E-004
CH3C5N 0.110E-007
CH3C7N 0.470E-008
CNO 0.309E-015
H2CN 0.227E-004
H2O2 0.839E-026
HCS 0.212E-004
HF 0.876E-004
HNC3 0.990E-007
HOCN 0.187E-007
NH2CN 0.929E-006
O2H 0.211E-011
OCN 0.265E-003
SIO2 0.131E-005
HCO+ 0.130E-004
H+ 0.882E-006
HOC+ 0.185E-006
C+ 0.267E-001
C10H+ 0.101E-007
C2H4+ 0.249E-005
C2H5+ 0.403E-008
C2H5OH+ 0.301E-017
C2O+ 0.642E-009
C2S+ 0.134E-006
C3O+ 0.301E-013
C3S+ 0.135E-005
C4H3+ 0.112E-006
C4S+ 0.398E-006
C6H6+ 0.159E-005
CCP+ 0.120E-007
CCL+ 0.840E-007
CH2+ 0.162E-005
C3H4+ 0.135E-006
CH2CCH+ 0.411E-005
CH2CN+ 0.729E-006
CH2CO+ 0.443E-007
C3H6+ 0.794E-009
CH3CHO+ 0.489E-012
CH3COCH3+ 0.516E-016
CH3OCH3+ 0.132E-018
CH+ 0.169E-005
CP+ 0.176E-009
CLO+ 0.799E-032
FE+ 0.000E+000
H2CO+ 0.540E-007
H2S+ 0.241E-007
H2SIO+ 0.332E-016
C4H2+ 0.956E-006
COOCH4+ 0.289E-019
HCP+ 0.284E-009
HPO+ 0.136E-008
MG+ 0.000E+000
C2N+ 0.563E-006
CNC+ 0.182E-004
NH3+ 0.245E-006
NO+ 0.635E-006
NS+ 0.728E-007
NA+ 0.000E+000
OCS+ 0.152E-006
P+ 0.397E-004
PH+ 0.119E-009
PO+ 0.774E-008
SO+ 0.332E-005
SI+ 0.617E-001
SIC2+ 0.114E-005
SIC2H+ 0.187E-003
SIC3+ 0.614E-005
SIC+ 0.438E-006
SICH2+ 0.451E-004
SICH3+ 0.162E-010
SIH2+ 0.120E-007
SIH3+ 0.131E-012
SIN+ 0.380E-006
SIS+ 0.987E-004
C2+ 0.942E-005
S+ 0.163E-001
CN+ 0.694E-009
CO+ 0.305E-007
N2+ 0.644E-011
O2+ 0.276E-007
C2H+ 0.942E-005
C2H2+ 0.590E-003
C2H3+ 0.250E-003
C5H2+ 0.104E-006
C6H2+ 0.349E-006
C7H2+ 0.123E-006
C3H3+ 0.304E-005
CO2+ 0.243E-015
HC3N+ 0.375E-006
HCN+ 0.159E-008
C2N2+ 0.413E-009
C3+ 0.855E-006
C5+ 0.108E-007
CH3CH3+ 0.113E-009
PN+ 0.140E-015
H2O+ 0.223E-007
NH2+ 0.689E-008
O+ 0.340E-010
OH+ 0.187E-008
CH3+ 0.180E-003
CH4+ 0.237E-007
CH3OH+ 0.283E-013
N+ 0.104E-009
SO2+ 0.127E-015
CS+ 0.116E-005
CL+ 0.146E-007
C10+ 0.144E-007
C10H2+ 0.674E-008
C3H2+ 0.506E-005
C3H+ 0.122E-004
C4+ 0.793E-007
C4H+ 0.196E-006
C4P+ 0.142E-017
C5H+ 0.492E-006
C6+ 0.572E-007
C6H+ 0.119E-006
C7+ 0.265E-007
C7H+ 0.337E-006
C8+ 0.818E-007
C8H2+ 0.114E-006
C8H+ 0.366E-008
C9+ 0.146E-007
C9H2+ 0.126E-007
C9H+ 0.307E-007
CH3C4H+ 0.263E-008
C7H4+ 0.354E-009
CH3CN+ 0.699E-009
H2CS+ 0.237E-008
H2S2+ 0.632E-015
HC2P+ 0.694E-008
HC5N+ 0.633E-011
HC7N+ 0.627E-007
HC9N+ 0.321E-008
HCSI+ 0.463E-006
HCL+ 0.117E-007
HNSI+ 0.976E-013
HS2+ 0.291E-011
HS+ 0.114E-007
N2O+ 0.313E-009
NH+ 0.440E-010
PH2+ 0.561E-010
S2+ 0.926E-008
SIC2H2+ 0.125E-006
SIC3H+ 0.175E-005
SIC4+ 0.168E-005
SIH4+ 0.774E-024
SIH+ 0.120E-007
SINC+ 0.362E-006
SIO+ 0.427E-006
H2+ 0.570E-008
F+ 0.178E-012
HE+ 0.634E-006
C3N+ 0.341E-009
HCNO+ 0.154E-016
HNCO+ 0.112E-011
HONC+ 0.622E-021
HNO+ 0.199E-010
HCOOH+ 0.623E-012
NO2+ 0.133E-013
CH2CHCNH+ 0.105E-008
HCS+ 0.161E-004
C10H3+ 0.101E-009
C11+ 0.249E-008
C2H5CNH+ 0.148E-011
C2H5OH2+ 0.209E-017
C2H7+ 0.933E-015
C2NH+ 0.459E-006
C3H2O+ 0.522E-009
C3H5+ 0.471E-005
C3H7+ 0.110E-005
C4H4+ 0.320E-011
C4H5+ 0.445E-008
C4H7+ 0.482E-013
C4N+ 0.508E-007
C5H3+ 0.215E-007
C5H5+ 0.826E-009
C5N+ 0.220E-011
C6H3+ 0.355E-008
C6H4+ 0.112E-009
C6H5+ 0.308E-009
C6H7+ 0.681E-009
C7H3+ 0.247E-008
C7H5+ 0.218E-008
C7N+ 0.356E-009
C8H3+ 0.209E-008
C8H4+ 0.245E-009
C8H5+ 0.142E-015
C9H3+ 0.110E-008
C9H4+ 0.215E-009
C9H5+ 0.271E-016
C9N+ 0.163E-010
CF+ 0.213E-005
CH2CHCN+ 0.685E-007
CH2NH2+ 0.173E-013
CH3C3N+ 0.124E-009
CH3C3NH+ 0.373E-008
CH3C5NH+ 0.514E-010
CH3C7NH+ 0.231E-010
CH3CHOH+ 0.256E-012
CH3CNH+ 0.169E-006
CH3CO+ 0.411E-008
CH3COCH4+ 0.263E-016
CH3CS+ 0.295E-009
CH3OCH4+ 0.461E-018
CH3OH2+ 0.581E-011
CH4N+ 0.356E-009
CH5+ 0.274E-006
H2C4N+ 0.126E-009
H2C7N+ 0.653E-008
H2C9N+ 0.334E-009
H2CCL+ 0.126E-009
H2CNO+ 0.293E-010
H2CL+ 0.232E-005
H2F+ 0.418E-010
H2NC+ 0.777E-007
H2NCO+ 0.159E-009
H2NO+ 0.254E-012
H2OCN+ 0.188E-009
H2PO+ 0.402E-014
H3+ 0.266E-005
H3C3O+ 0.699E-009
H3C5N+ 0.144E-010
H3C7N+ 0.145E-010
H3C9N+ 0.648E-011
H3CO+ 0.635E-010
H3CS+ 0.751E-007
H3O+ 0.107E-005
H3S+ 0.668E-012
H3S2+ 0.110E-013
H3SIO+ 0.219E-021
H5C2O2+ 0.374E-019
HC2O+ 0.537E-007
HC2S+ 0.169E-004
HC3NH+ 0.408E-007
HC3O+ 0.432E-010
HC3S+ 0.459E-006
HC4N+ 0.439E-012
HC4S+ 0.633E-008
HC5NH+ 0.173E-009
HCNH+ 0.381E-006
HCNOH+ 0.207E-013
HCO2+ 0.591E-009
HCOOH2+ 0.314E-012
HF+ 0.517E-013
HN2O+ 0.120E-014
HNCOH+ 0.376E-009
HNS+ 0.140E-010
HOCN+ 0.112E-011
HOCS+ 0.299E-010
HPN+ 0.161E-014
HSO+ 0.115E-010
HSO2+ 0.997E-015
HSIO2+ 0.732E-012
HSIS+ 0.428E-007
HEH+ 0.840E-010
N2H+ 0.130E-007
NCCNCH3+ 0.282E-011
NCCNH+ 0.207E-007
NH2CNH+ 0.404E-012
NH4+ 0.129E-008
O2H+ 0.597E-014
OCN+ 0.621E-014
PC2H2+ 0.361E-011
PC2H3+ 0.773E-017
PC2H4+ 0.458E-017
PC3H+ 0.195E-011
PC4H+ 0.424E-012
PCH2+ 0.312E-007
PCH3+ 0.153E-014
PCH4+ 0.838E-015
PH3+ 0.162E-014
PNH2+ 0.181E-011
PNH3+ 0.384E-016
SIC2H3+ 0.557E-007
SIC3H2+ 0.610E-006
SIC4H+ 0.123E-008
SICH4+ 0.148E-010
SIF+ 0.151E-005
SIH5+ 0.274E-019
SINCH+ 0.413E-009
SINH2+ 0.138E-007
SIOH+ 0.160E-004
