C- 0.210E-008
E 0.112E+000
C2- 0.126E-008
C3- 0.211E-007
C4- 0.167E-004
C5- 0.490E-004
C6- 0.448E-004
C7- 0.116E-003
C8- 0.452E-004
C10- 0.821E-005
C2H- 0.401E-010
C3H- 0.281E-009
C3N- 0.848E-005
C4H- 0.342E-007
C5H- 0.235E-004
C6H- 0.393E-003
C7H- 0.157E-003
C8H- 0.352E-004
C9- 0.331E-004
C9H- 0.126E-004
CH- 0.246E-013
O- 0.311E-011
OH- 0.146E-010
S- 0.661E-009
CN- 0.139E-006
H- 0.262E-009
C10H- 0.152E-005
C5N- 0.430E-004
O2- 0.129E-023
C 0.270E+000
C2 0.139E+000
CH2 0.289E-002
C2H2 0.486E-002
CH 0.154E-001
C2H 0.357E-001
CO2 0.102E-004
CO 0.424E+001
H2O 0.194E-002
H2CO 0.758E-005
N 0.203E+000
CN 0.104E+000
NH 0.894E-004
HCN 0.576E-002
O2 0.236E-004
O 0.729E-001
OH 0.558E-002
HCO 0.611E-005
C4 0.128E-003
C3 0.133E-002
C5 0.146E-003
C6 0.243E-004
C7 0.218E-004
C8 0.241E-004
C9 0.610E-005
C10 0.437E-005
C3H 0.138E-002
C4H 0.431E-003
C4N 0.107E-004
C5H 0.523E-004
C6H 0.542E-003
C7H 0.742E-004
C8H 0.504E-004
C9H 0.569E-005
C10H 0.222E-005
CS 0.276E-001
CH3 0.781E-003
CH3CN 0.966E-005
CH3OH 0.227E-010
OCS 0.955E-005
CH4 0.822E-003
H 0.159E+001
H2 0.536E+004
NH2 0.420E-004
NH3 0.568E-005
C10H2 0.214E-005
H2CCC 0.347E-004
HC3N 0.697E-004
HC4H 0.188E-004
C5H2 0.247E-003
HC5N 0.132E-003
C6H2 0.391E-003
C7H2 0.161E-003
C8H2 0.466E-004
C9H2 0.165E-004
HS 0.355E-003
C2N 0.442E-003
C3N 0.373E-002
C5N 0.459E-004
C7N 0.147E-004
HC7N 0.564E-004
C9N 0.786E-006
HC9N 0.333E-005
NO 0.142E-003
NS 0.172E-004
NO2 0.640E-010
SO2 0.338E-008
C2O 0.640E-006
SO 0.492E-005
HNC 0.870E-004
C2H4 0.242E-005
C2H5 0.713E-009
C2H5OH 0.121E-015
C2S 0.176E-002
C3O 0.656E-008
C3S 0.560E-003
C4H3 0.245E-005
C4S 0.400E-005
C6H6 0.305E-004
CCP 0.364E-006
CCL 0.654E-007
CH2CCH2 0.181E-006
CH2CCH 0.223E-003
CH2CN 0.661E-006
CH2CO 0.451E-006
CH3CCH 0.342E-004
CH3CHCH2 0.356E-006
CH3CHO 0.845E-010
CH3COCH3 0.415E-014
CH3OCH3 0.879E-017
CP 0.328E-004
CLO 0.538E-029
FE 0.000E+000
H2S 0.901E-008
H2SIO 0.121E-016
HCOOCH3 0.676E-017
HCP 0.385E-004
HPO 0.622E-012
MG 0.000E+000
NCCN 0.194E-003
NA 0.000E+000
P 0.195E-004
PH 0.664E-007
PO 0.808E-007
SI 0.112E-001
SIC2 0.645E-001
SIC2H 0.954E-003
SIC3 0.418E-003
SIC 0.312E-002
SICH2 0.157E-005
SICH3 0.647E-008
SIH2 0.236E-010
SIH3 0.715E-015
SIN 0.355E-004
SIS 0.149E-001
S 0.259E-001
N2 0.165E+000
C2H3 0.433E-004
CH3CH3 0.343E-007
PN 0.337E-008
CL 0.169E-002
C3H2 0.617E-003
C4P 0.395E-010
CH3C4H 0.824E-005
CH3C6H 0.521E-006
H2CS 0.185E-004
H2S2 0.487E-010
HC2P 0.362E-009
HCSI 0.113E-002
HCL 0.532E-004
HNSI 0.306E-005
HS2 0.214E-009
N2O 0.153E-008
PH2 0.797E-013
S2 0.898E-006
SIC2H2 0.101E-004
SIC3H 0.848E-004
SIC4 0.321E-005
SIH4 0.108E-017
SIH 0.589E-005
SINC 0.326E-007
SIO 0.989E-003
F 0.145E-004
HE 0.911E+003
HCNO 0.261E-007
HNCO 0.190E-007
HONC 0.451E-012
HNO 0.129E-005
HCOOH 0.112E-009
C11 0.712E-007
C2H5CN 0.694E-010
C3P 0.142E-009
CH2CHCCH 0.658E-006
CH2CHCHCH2 0.186E-010
CH2CHCN 0.102E-004
CH2NH 0.200E-007
CH2PH 0.101E-012
CH3C3N 0.123E-004
CH3C5N 0.791E-008
CH3C7N 0.339E-008
CNO 0.361E-015
H2CN 0.190E-004
H2O2 0.738E-026
HCS 0.188E-004
HF 0.733E-004
HNC3 0.534E-007
HOCN 0.163E-007
NH2CN 0.589E-006
O2H 0.175E-011
OCN 0.222E-003
SIO2 0.106E-005
HCO+ 0.106E-004
H+ 0.931E-006
HOC+ 0.185E-006
C+ 0.320E-001
C10H+ 0.102E-007
C2H4+ 0.186E-005
C2H5+ 0.192E-008
C2H5OH+ 0.112E-017
C2O+ 0.602E-009
C2S+ 0.127E-006
C3O+ 0.303E-013
C3S+ 0.105E-005
C4H3+ 0.654E-007
C4S+ 0.234E-006
C6H6+ 0.187E-005
CCP+ 0.101E-007
CCL+ 0.565E-007
CH2+ 0.177E-005
C3H4+ 0.101E-006
CH2CCH+ 0.343E-005
CH2CN+ 0.476E-006
CH2CO+ 0.297E-007
C3H6+ 0.417E-009
CH3CHO+ 0.201E-012
CH3COCH3+ 0.296E-016
CH3OCH3+ 0.799E-019
CH+ 0.190E-005
CP+ 0.198E-009
CLO+ 0.759E-032
FE+ 0.000E+000
H2CO+ 0.358E-007
H2S+ 0.206E-007
H2SIO+ 0.143E-016
C4H2+ 0.713E-006
COOCH4+ 0.195E-019
HCP+ 0.309E-009
HPO+ 0.923E-009
MG+ 0.000E+000
C2N+ 0.405E-006
CNC+ 0.115E-004
NH3+ 0.147E-006
NO+ 0.534E-006
NS+ 0.635E-007
NA+ 0.000E+000
OCS+ 0.894E-007
P+ 0.425E-004
PH+ 0.115E-009
PO+ 0.635E-008
SO+ 0.273E-005
SI+ 0.614E-001
SIC2+ 0.121E-005
SIC2H+ 0.160E-003
SIC3+ 0.448E-005
SIC+ 0.487E-006
SICH2+ 0.400E-004
SICH3+ 0.934E-011
SIH2+ 0.963E-008
SIH3+ 0.705E-013
SIN+ 0.299E-006
SIS+ 0.803E-004
C2+ 0.958E-005
S+ 0.175E-001
CN+ 0.773E-009
CO+ 0.347E-007
N2+ 0.628E-011
O2+ 0.213E-007
C2H+ 0.954E-005
C2H2+ 0.525E-003
C2H3+ 0.175E-003
C5H2+ 0.587E-007
C6H2+ 0.249E-006
C7H2+ 0.103E-006
C3H3+ 0.228E-005
CO2+ 0.221E-015
HC3N+ 0.258E-006
HCN+ 0.162E-008
C2N2+ 0.397E-009
C3+ 0.889E-006
C5+ 0.876E-008
CH3CH3+ 0.562E-010
PN+ 0.153E-015
H2O+ 0.177E-007
NH2+ 0.547E-008
O+ 0.393E-010
OH+ 0.176E-008
CH3+ 0.157E-003
CH4+ 0.157E-007
CH3OH+ 0.160E-013
N+ 0.103E-009
SO2+ 0.959E-016
CS+ 0.123E-005
CL+ 0.148E-007
C10+ 0.166E-007
C10H2+ 0.607E-008
C3H2+ 0.360E-005
C3H+ 0.109E-004
C4+ 0.818E-007
C4H+ 0.198E-006
C4P+ 0.111E-017
C5H+ 0.353E-006
C6+ 0.590E-007
C6H+ 0.106E-006
C7+ 0.278E-007
C7H+ 0.280E-006
C8+ 0.860E-007
C8H2+ 0.103E-006
C8H+ 0.426E-008
C9+ 0.173E-007
C9H2+ 0.114E-007
C9H+ 0.296E-007
CH3C4H+ 0.143E-008
C7H4+ 0.195E-009
CH3CN+ 0.414E-009
H2CS+ 0.163E-008
H2S2+ 0.342E-015
HC2P+ 0.444E-008
HC5N+ 0.476E-011
HC7N+ 0.409E-007
HC9N+ 0.237E-008
HCSI+ 0.509E-006
HCL+ 0.117E-007
HNSI+ 0.944E-013
HS2+ 0.136E-011
HS+ 0.864E-008
N2O+ 0.333E-009
NH+ 0.416E-010
PH2+ 0.505E-010
S2+ 0.638E-008
SIC2H2+ 0.881E-007
SIC3H+ 0.123E-005
SIC4+ 0.982E-006
SIH4+ 0.634E-024
SIH+ 0.772E-008
SINC+ 0.212E-006
SIO+ 0.360E-006
H2+ 0.570E-008
F+ 0.175E-012
HE+ 0.638E-006
C3N+ 0.314E-009
HCNO+ 0.157E-016
HNCO+ 0.988E-012
HONC+ 0.668E-021
HNO+ 0.138E-010
HCOOH+ 0.447E-012
NO2+ 0.125E-013
CH2CHCNH+ 0.593E-009
HCS+ 0.137E-004
C10H3+ 0.756E-010
C11+ 0.300E-008
C2H5CNH+ 0.606E-012
C2H5OH2+ 0.780E-018
C2H7+ 0.363E-015
C2NH+ 0.333E-006
C3H2O+ 0.391E-009
C3H5+ 0.358E-005
C3H7+ 0.712E-006
C4H4+ 0.177E-011
C4H5+ 0.263E-008
C4H7+ 0.180E-013
C4N+ 0.324E-007
C5H3+ 0.132E-007
C5H5+ 0.406E-009
C5N+ 0.177E-011
C6H3+ 0.261E-008
C6H4+ 0.563E-010
C6H5+ 0.346E-009
C6H7+ 0.587E-009
C7H3+ 0.160E-008
C7H5+ 0.207E-008
C7N+ 0.364E-009
C8H3+ 0.133E-008
C8H4+ 0.126E-009
C8H5+ 0.394E-016
C9H3+ 0.768E-009
C9H4+ 0.128E-009
C9H5+ 0.782E-017
C9N+ 0.196E-010
CF+ 0.203E-005
CH2CHCN+ 0.487E-007
CH2NH2+ 0.702E-014
CH3C3N+ 0.130E-009
CH3C3NH+ 0.315E-008
CH3C5NH+ 0.298E-010
CH3C7NH+ 0.128E-010
CH3CHOH+ 0.101E-012
CH3CNH+ 0.766E-007
CH3CO+ 0.293E-008
CH3COCH4+ 0.944E-017
CH3CS+ 0.171E-009
CH3OCH4+ 0.236E-018
CH3OH2+ 0.313E-011
CH4N+ 0.191E-009
CH5+ 0.165E-006
H2C4N+ 0.132E-009
H2C7N+ 0.345E-008
H2C9N+ 0.200E-009
H2CCL+ 0.628E-010
H2CNO+ 0.247E-010
H2CL+ 0.182E-005
H2F+ 0.299E-010
H2NC+ 0.571E-007
H2NCO+ 0.109E-009
H2NO+ 0.189E-012
H2OCN+ 0.133E-009
H2PO+ 0.239E-014
H3+ 0.240E-005
H3C3O+ 0.420E-009
H3C5N+ 0.739E-011
H3C7N+ 0.891E-011
H3C9N+ 0.378E-011
H3CO+ 0.424E-010
H3CS+ 0.450E-007
H3O+ 0.673E-006
H3S+ 0.371E-012
H3S2+ 0.422E-014
H3SIO+ 0.948E-022
H5C2O2+ 0.133E-019
HC2O+ 0.349E-007
HC2S+ 0.127E-004
HC3NH+ 0.219E-007
HC3O+ 0.258E-010
HC3S+ 0.348E-006
HC4N+ 0.327E-012
HC4S+ 0.302E-008
HC5NH+ 0.973E-010
HCNH+ 0.205E-006
HCNOH+ 0.153E-013
HCO2+ 0.370E-009
HCOOH2+ 0.166E-012
HF+ 0.509E-013
HN2O+ 0.798E-015
HNCOH+ 0.267E-009
HNS+ 0.105E-010
HOCN+ 0.988E-012
HOCS+ 0.179E-010
HPN+ 0.137E-014
HSO+ 0.731E-011
HSO2+ 0.575E-015
HSIO2+ 0.458E-012
HSIS+ 0.254E-007
HEH+ 0.840E-010
N2H+ 0.924E-008
NCCNCH3+ 0.190E-011
NCCNH+ 0.158E-007
NH2CNH+ 0.197E-012
NH4+ 0.598E-009
O2H+ 0.504E-014
OCN+ 0.587E-014
PC2H2+ 0.209E-011
PC2H3+ 0.403E-017
PC2H4+ 0.222E-017
PC3H+ 0.112E-011
PC4H+ 0.256E-012
PCH2+ 0.273E-007
PCH3+ 0.822E-015
PCH4+ 0.423E-015
PH3+ 0.132E-014
PNH2+ 0.975E-012
PNH3+ 0.181E-016
SIC2H3+ 0.406E-007
SIC3H2+ 0.417E-006
SIC4H+ 0.703E-009
SICH4+ 0.739E-011
SIF+ 0.118E-005
SIH5+ 0.120E-019
SINCH+ 0.222E-009
SINH2+ 0.690E-008
SIOH+ 0.108E-004
