C- 0.217E-009
E 0.335E+000
C2- 0.134E-014
C3- 0.378E-011
C4- 0.154E-011
C5- 0.385E-011
C6- 0.227E-012
C7- 0.365E-014
C8- 0.323E-014
C10- 0.199E-019
C2H- 0.167E-005
C3H- 0.379E-011
C3N- 0.710E-010
C4H- 0.151E-011
C5H- 0.661E-008
C6H- 0.428E-009
C7H- 0.675E-011
C8H- 0.410E-014
C9- 0.957E-015
C9H- 0.137E-013
CH- 0.604E-012
O- 0.429E-013
OH- 0.431E-008
S- 0.883E-011
CN- 0.134E-005
H- 0.222E-007
C10H- 0.637E-020
C5N- 0.718E-014
O2- 0.363E-034
C 0.252E+001
C2 0.626E-001
CH2 0.542E-001
C2H2 0.123E+004
CH 0.276E-004
C2H 0.124E-001
CO2 0.177E-003
CO 0.225E+005
H2O 0.724E+002
H2CO 0.195E-005
N 0.175E+000
CN 0.333E-001
NH 0.257E-003
HCN 0.115E+004
O2 0.348E-009
O 0.175E+001
OH 0.121E+000
HCO 0.451E-005
C4 0.911E-008
C3 0.273E-002
C5 0.285E-008
C6 0.301E-010
C7 0.551E-012
C8 0.448E-012
C9 0.492E-013
C10 0.100E-014
C3H 0.273E-002
C4H 0.175E-004
C4N 0.707E-013
C5H 0.321E-005
C6H 0.154E-006
C7H 0.809E-009
C8H 0.168E-011
C9H 0.202E-011
C10H 0.109E-014
CS 0.298E+003
CH3 0.152E-001
CH3CN 0.223E-004
CH3OH 0.924E-009
OCS 0.959E-005
CH4 0.983E+002
H 0.635E+001
H2 0.281E+008
NH2 0.772E-003
NH3 0.168E+001
C10H2 0.747E-018
H2CCC 0.840E-007
HC3N 0.352E-005
HC4H 0.546E-003
C5H2 0.297E-004
HC5N 0.111E-010
C6H2 0.607E-004
C7H2 0.771E-009
C8H2 0.125E-011
C9H2 0.198E-011
HS 0.152E-003
C2N 0.125E-009
C3N 0.343E-005
C5N 0.215E-011
C7N 0.700E-016
HC7N 0.419E-013
C9N 0.121E-018
HC9N 0.109E-018
NO 0.163E-006
NS 0.655E-011
NO2 0.499E-022
SO2 0.626E-019
C2O 0.103E-011
SO 0.803E-008
HNC 0.247E-003
C2H4 0.192E+001
C2H5 0.509E-012
C2H5OH 0.774E-014
C2S 0.104E-006
C3O 0.119E-009
C3S 0.403E-007
C4H3 0.123E-007
C4S 0.809E-012
C6H6 0.548E-004
CCP 0.750E-010
CCL 0.754E-010
CH2CCH2 0.281E-010
CH2CCH 0.184E-002
CH2CN 0.977E-011
CH2CO 0.115E-005
CH3CCH 0.132E-006
CH3CHCH2 0.198E-016
CH3CHO 0.439E-008
CH3COCH3 0.592E-020
CH3OCH3 0.502E-021
CP 0.176E-003
CLO 0.352E-023
FE 0.000E+000
H2S 0.112E+000
H2SIO 0.865E-026
HCOOCH3 0.978E-022
HCP 0.703E+000
HPO 0.195E-016
MG 0.000E+000
NCCN 0.157E-008
NA 0.000E+000
P 0.406E-007
PH 0.693E-008
PO 0.203E-010
SI 0.166E+000
SIC2 0.526E+003
SIC2H 0.614E-002
SIC3 0.401E-005
SIC 0.344E-003
SICH2 0.625E-011
SICH3 0.607E-014
SIH2 0.667E-015
SIH3 0.646E-019
SIN 0.491E-009
SIS 0.168E+003
S 0.648E-001
N2 0.112E+004
C2H3 0.680E-005
CH3CH3 0.566E-022
PN 0.132E-013
CL 0.291E-003
C3H2 0.692E-006
C4P 0.145E-021
CH3C4H 0.652E-005
CH3C6H 0.108E-009
H2CS 0.685E-008
H2S2 0.732E-012
HC2P 0.772E-013
HCSI 0.105E-006
HCL 0.914E+001
HNSI 0.474E-009
HS2 0.734E-012
N2O 0.960E-016
PH2 0.108E-021
S2 0.337E-011
SIC2H2 0.562E-006
SIC3H 0.519E-012
SIC4 0.401E-005
SIH4 0.751E-017
SIH 0.136E-008
SINC 0.106E-011
SIO 0.141E+003
F 0.336E-007
HE 0.478E+007
HCNO 0.691E-019
HNCO 0.485E-010
HONC 0.789E-028
HNO 0.134E-007
HCOOH 0.587E-009
C11 0.414E-019
C2H5CN 0.672E-015
C3P 0.563E-017
CH2CHCCH 0.191E-009
CH2CHCHCH2 0.899E-013
CH2CHCN 0.651E-005
CH2NH 0.205E-008
CH2PH 0.150E-015
CH3C3N 0.164E-010
CH3C5N 0.350E-022
CH3C7N 0.358E-024
CNO 0.213E-034
H2CN 0.351E-007
H2O2 0.392E-024
HCS 0.733E-011
HF 0.478E+000
HNC3 0.244E-006
HOCN 0.484E-010
NH2CN 0.131E-009
O2H 0.158E-020
OCN 0.207E-004
SIO2 0.824E-005
HCO+ 0.231E-003
H+ 0.247E-005
HOC+ 0.642E-009
C+ 0.640E-004
C10H+ 0.338E-013
C2H4+ 0.286E-003
C2H5+ 0.556E-004
C2H5OH+ 0.163E-017
C2O+ 0.256E-018
C2S+ 0.542E-011
C3O+ 0.788E-022
C3S+ 0.813E-010
C4H3+ 0.390E-001
C4S+ 0.245E-013
C6H6+ 0.174E-011
CCP+ 0.189E-007
CCL+ 0.324E-006
CH2+ 0.104E-007
C3H4+ 0.161E-004
CH2CCH+ 0.203E-004
CH2CN+ 0.162E-007
CH2CO+ 0.276E-007
C3H6+ 0.303E-025
CH3CHO+ 0.145E-011
CH3COCH3+ 0.542E-024
CH3OCH3+ 0.732E-025
CH+ 0.123E-007
CP+ 0.417E-015
CLO+ 0.162E-031
FE+ 0.000E+000
H2CO+ 0.126E-008
H2S+ 0.400E-004
H2SIO+ 0.664E-017
C4H2+ 0.614E-003
COOCH4+ 0.927E-029
HCP+ 0.874E-012
HPO+ 0.645E-010
MG+ 0.000E+000
C2N+ 0.648E-008
CNC+ 0.642E-004
NH3+ 0.180E-004
NO+ 0.481E-007
NS+ 0.845E-009
NA+ 0.000E+000
OCS+ 0.967E-008
P+ 0.149E-009
PH+ 0.557E-014
PO+ 0.943E-011
SO+ 0.319E-008
SI+ 0.194E-003
SIC2+ 0.168E-007
SIC2H+ 0.102E-002
SIC3+ 0.274E-008
SIC+ 0.316E-005
SICH2+ 0.936E-005
SICH3+ 0.290E-009
SIH2+ 0.510E-008
SIH3+ 0.728E-013
SIN+ 0.250E-010
SIS+ 0.186E-004
C2+ 0.870E-009
S+ 0.132E-004
CN+ 0.249E-010
CO+ 0.375E-010
N2+ 0.852E-011
O2+ 0.155E-011
C2H+ 0.909E-009
C2H2+ 0.235E-002
C2H3+ 0.161E+000
C5H2+ 0.123E-004
C6H2+ 0.709E-008
C7H2+ 0.611E-009
C3H3+ 0.492E-004
CO2+ 0.700E-018
HC3N+ 0.256E-009
HCN+ 0.320E-010
C2N2+ 0.224E-015
C3+ 0.124E-012
C5+ 0.419E-016
CH3CH3+ 0.163E-019
PN+ 0.466E-022
H2O+ 0.109E-006
NH2+ 0.195E-010
O+ 0.112E-011
OH+ 0.905E-011
CH3+ 0.804E-004
CH4+ 0.780E-006
CH3OH+ 0.124E-012
N+ 0.333E-007
SO2+ 0.796E-032
CS+ 0.613E-006
CL+ 0.128E-007
C10+ 0.369E-020
C10H2+ 0.296E-013
C3H2+ 0.655E-004
C3H+ 0.881E-004
C4+ 0.195E-010
C4H+ 0.109E-009
C4P+ 0.326E-030
C5H+ 0.389E-008
C6+ 0.764E-014
C6H+ 0.168E-011
C7+ 0.507E-012
C7H+ 0.519E-011
C8+ 0.683E-016
C8H2+ 0.295E-010
C8H+ 0.136E-012
C9+ 0.449E-017
C9H2+ 0.383E-010
C9H+ 0.170E-014
CH3C4H+ 0.284E-005
C7H4+ 0.975E-008
CH3CN+ 0.113E-011
H2CS+ 0.699E-009
H2S2+ 0.232E-010
HC2P+ 0.604E-008
HC5N+ 0.187E-013
HC7N+ 0.257E-014
HC9N+ 0.131E-015
HCSI+ 0.208E-008
HCL+ 0.186E-003
HNSI+ 0.188E-014
HS2+ 0.553E-010
HS+ 0.284E-007
N2O+ 0.125E-020
NH+ 0.111E-013
PH2+ 0.239E-014
S2+ 0.377E-009
SIC2H2+ 0.957E-006
SIC3H+ 0.502E-009
SIC4+ 0.317E-008
SIH4+ 0.128E-027
SIH+ 0.912E-007
SINC+ 0.121E-005
SIO+ 0.375E-005
H2+ 0.570E-008
F+ 0.777E-013
HE+ 0.666E-006
C3N+ 0.137E-012
HCNO+ 0.278E-032
HNCO+ 0.329E-012
HONC+ 0.779E-041
HNO+ 0.523E-010
HCOOH+ 0.658E-013
NO2+ 0.218E-019
CH2CHCNH+ 0.714E-009
HCS+ 0.407E-002
C10H3+ 0.122E-017
C11+ 0.583E-017
C2H5CNH+ 0.246E-013
C2H5OH2+ 0.113E-012
C2H7+ 0.880E-030
C2NH+ 0.111E-005
C3H2O+ 0.760E-011
C3H5+ 0.884E-003
C3H7+ 0.640E-023
C4H4+ 0.805E-012
C4H5+ 0.201E-004
C4H7+ 0.108E-007
C4N+ 0.491E-015
C5H3+ 0.107E-003
C5H5+ 0.663E-003
C5N+ 0.225E-013
C6H3+ 0.132E-005
C6H4+ 0.126E-005
C6H5+ 0.165E-002
C6H7+ 0.783E-003
C7H3+ 0.291E-007
C7H5+ 0.960E-008
C7N+ 0.288E-016
C8H3+ 0.548E-009
C8H4+ 0.450E-009
C8H5+ 0.545E-016
C9H3+ 0.225E-009
C9H4+ 0.107E-009
C9H5+ 0.329E-016
C9N+ 0.820E-020
CF+ 0.114E-006
CH2CHCN+ 0.945E-010
CH2NH2+ 0.653E-009
CH3C3N+ 0.930E-013
CH3C3NH+ 0.106E-008
CH3C5NH+ 0.829E-021
CH3C7NH+ 0.895E-023
CH3CHOH+ 0.541E-007
CH3CNH+ 0.355E-003
CH3CO+ 0.422E-007
CH3COCH4+ 0.785E-018
CH3CS+ 0.427E-008
CH3OCH4+ 0.467E-019
CH3OH2+ 0.601E-008
CH4N+ 0.974E-007
CH5+ 0.389E-004
H2C4N+ 0.930E-013
H2C7N+ 0.125E-012
H2C9N+ 0.846E-015
H2CCL+ 0.297E-008
H2CNO+ 0.164E-008
H2CL+ 0.201E-006
H2F+ 0.574E-006
H2NC+ 0.990E-007
H2NCO+ 0.166E-025
H2NO+ 0.459E-016
H2OCN+ 0.165E-008
H2PO+ 0.168E-014
H3+ 0.224E-004
H3C3O+ 0.455E-008
H3C5N+ 0.174E-008
H3C7N+ 0.436E-013
H3C9N+ 0.225E-015
H3CO+ 0.204E-009
H3CS+ 0.351E-006
H3O+ 0.172E-002
H3S+ 0.277E-005
H3S2+ 0.657E-010
H3SIO+ 0.344E-021
H5C2O2+ 0.366E-019
HC2O+ 0.478E-005
HC2S+ 0.128E-004
HC3NH+ 0.997E-004
HC3O+ 0.149E-007
HC3S+ 0.103E-008
HC4N+ 0.930E-013
HC4S+ 0.318E-006
HC5NH+ 0.427E-009
HCNH+ 0.102E+000
HCNOH+ 0.166E-025
HCO2+ 0.782E-009
HCOOH2+ 0.101E-007
HF+ 0.227E-013
HN2O+ 0.196E-023
HNCOH+ 0.329E-008
HNS+ 0.132E-015
HOCN+ 0.135E-014
HOCS+ 0.356E-011
HPN+ 0.758E-020
HSO+ 0.672E-012
HSO2+ 0.200E-026
HSIO2+ 0.634E-012
HSIS+ 0.642E-004
HEH+ 0.840E-010
N2H+ 0.191E-005
NCCNCH3+ 0.149E-018
NCCNH+ 0.381E-011
NH2CNH+ 0.969E-016
NH4+ 0.701E-003
O2H+ 0.256E-018
OCN+ 0.466E-013
PC2H2+ 0.935E-011
PC2H3+ 0.171E-017
PC2H4+ 0.242E-015
PC3H+ 0.220E-015
PC4H+ 0.289E-014
PCH2+ 0.155E-005
PCH3+ 0.107E-015
PCH4+ 0.125E-013
PH3+ 0.218E-020
PNH2+ 0.104E-011
PNH3+ 0.191E-015
SIC2H3+ 0.467E-004
SIC3H2+ 0.369E-009
SIC4H+ 0.383E-003
SICH4+ 0.294E-009
SIF+ 0.158E-006
SIH5+ 0.742E-017
SINCH+ 0.918E-010
SINH2+ 0.622E-007
SIOH+ 0.157E-001
