C- 0.213E-008
E 0.121E+000
C2- 0.261E-008
C3- 0.123E-007
C4- 0.998E-005
C5- 0.436E-004
C6- 0.433E-004
C7- 0.118E-003
C8- 0.496E-004
C10- 0.939E-005
C2H- 0.305E-010
C3H- 0.199E-009
C3N- 0.664E-005
C4H- 0.259E-007
C5H- 0.191E-004
C6H- 0.342E-003
C7H- 0.146E-003
C8H- 0.352E-004
C9- 0.368E-004
C9H- 0.132E-004
CH- 0.176E-013
O- 0.381E-011
OH- 0.149E-010
S- 0.602E-009
CN- 0.118E-006
H- 0.242E-009
C10H- 0.163E-005
C5N- 0.351E-004
O2- 0.467E-024
C 0.268E+000
C2 0.120E+000
CH2 0.255E-002
C2H2 0.318E-002
CH 0.149E-001
C2H 0.270E-001
CO2 0.747E-005
CO 0.369E+001
H2O 0.124E-002
H2CO 0.512E-005
N 0.199E+000
CN 0.815E-001
NH 0.684E-004
HCN 0.295E-002
O2 0.195E-004
O 0.726E-001
OH 0.441E-002
HCO 0.490E-005
C4 0.757E-004
C3 0.935E-003
C5 0.127E-003
C6 0.230E-004
C7 0.217E-004
C8 0.258E-004
C9 0.661E-005
C10 0.489E-005
C3H 0.970E-003
C4H 0.248E-003
C4N 0.769E-005
C5H 0.417E-004
C6H 0.463E-003
C7H 0.674E-004
C8H 0.490E-004
C9H 0.579E-005
C10H 0.232E-005
CS 0.221E-001
CH3 0.544E-003
CH3CN 0.433E-005
CH3OH 0.130E-010
OCS 0.578E-005
CH4 0.466E-003
H 0.148E+001
H2 0.466E+004
NH2 0.276E-004
NH3 0.279E-005
C10H2 0.210E-005
H2CCC 0.237E-004
HC3N 0.330E-004
HC4H 0.902E-005
C5H2 0.202E-003
HC5N 0.851E-004
C6H2 0.296E-003
C7H2 0.141E-003
C8H2 0.420E-004
C9H2 0.160E-004
HS 0.279E-003
C2N 0.355E-003
C3N 0.286E-002
C5N 0.363E-004
C7N 0.128E-004
HC7N 0.338E-004
C9N 0.813E-006
HC9N 0.230E-005
NO 0.123E-003
NS 0.158E-004
NO2 0.541E-010
SO2 0.197E-008
C2O 0.521E-006
SO 0.343E-005
HNC 0.509E-004
C2H4 0.134E-005
C2H5 0.473E-009
C2H5OH 0.418E-016
C2S 0.161E-002
C3O 0.463E-008
C3S 0.471E-003
C4H3 0.186E-005
C4S 0.332E-005
C6H6 0.256E-004
CCP 0.264E-006
CCL 0.527E-007
CH2CCH2 0.165E-006
CH2CCH 0.161E-003
CH2CN 0.498E-006
CH2CO 0.327E-006
CH3CCH 0.265E-004
CH3CHCH2 0.340E-006
CH3CHO 0.338E-010
CH3COCH3 0.207E-014
CH3OCH3 0.516E-017
CP 0.262E-004
CLO 0.443E-029
FE 0.000E+000
H2S 0.382E-008
H2SIO 0.912E-017
HCOOCH3 0.370E-017
HCP 0.286E-004
HPO 0.527E-012
MG 0.000E+000
NCCN 0.161E-003
NA 0.000E+000
P 0.164E-004
PH 0.573E-007
PO 0.719E-007
SI 0.939E-002
SIC2 0.514E-001
SIC2H 0.598E-003
SIC3 0.335E-003
SIC 0.299E-002
SICH2 0.945E-006
SICH3 0.529E-008
SIH2 0.150E-010
SIH3 0.556E-015
SIN 0.336E-004
SIS 0.106E-001
S 0.233E-001
N2 0.138E+000
C2H3 0.329E-004
CH3CH3 0.329E-007
PN 0.360E-008
CL 0.148E-002
C3H2 0.456E-003
C4P 0.301E-010
CH3C4H 0.642E-005
CH3C6H 0.458E-006
H2CS 0.135E-004
H2S2 0.335E-010
HC2P 0.285E-009
HCSI 0.113E-002
HCL 0.300E-004
HNSI 0.227E-005
HS2 0.169E-009
N2O 0.113E-008
PH2 0.770E-013
S2 0.750E-006
SIC2H2 0.850E-005
SIC3H 0.723E-004
SIC4 0.273E-005
SIH4 0.388E-018
SIH 0.279E-005
SINC 0.225E-007
SIO 0.602E-003
F 0.169E-004
HE 0.793E+003
HCNO 0.217E-007
HNCO 0.159E-007
HONC 0.393E-012
HNO 0.111E-005
HCOOH 0.845E-010
C11 0.804E-007
C2H5CN 0.299E-010
C3P 0.114E-009
CH2CHCCH 0.558E-006
CH2CHCHCH2 0.213E-010
CH2CHCN 0.736E-005
CH2NH 0.975E-008
CH2PH 0.696E-013
CH3C3N 0.101E-004
CH3C5N 0.528E-008
CH3C7N 0.225E-008
CNO 0.404E-015
H2CN 0.153E-004
H2O2 0.610E-026
HCS 0.164E-004
HF 0.597E-004
HNC3 0.283E-007
HOCN 0.136E-007
NH2CN 0.353E-006
O2H 0.140E-011
OCN 0.180E-003
SIO2 0.850E-006
HCO+ 0.840E-005
H+ 0.100E-005
HOC+ 0.180E-006
C+ 0.387E-001
C10H+ 0.101E-007
C2H4+ 0.141E-005
C2H5+ 0.919E-009
C2H5OH+ 0.377E-018
C2O+ 0.553E-009
C2S+ 0.122E-006
C3O+ 0.301E-013
C3S+ 0.800E-006
C4H3+ 0.415E-007
C4S+ 0.135E-006
C6H6+ 0.218E-005
CCP+ 0.836E-008
CCL+ 0.359E-007
CH2+ 0.193E-005
C3H4+ 0.712E-007
CH2CCH+ 0.289E-005
CH2CN+ 0.326E-006
CH2CO+ 0.198E-007
C3H6+ 0.297E-009
CH3CHO+ 0.746E-013
CH3COCH3+ 0.155E-016
CH3OCH3+ 0.461E-019
CH+ 0.212E-005
CP+ 0.218E-009
CLO+ 0.705E-032
FE+ 0.000E+000
H2CO+ 0.235E-007
H2S+ 0.175E-007
H2SIO+ 0.680E-017
C4H2+ 0.535E-006
COOCH4+ 0.121E-019
HCP+ 0.332E-009
HPO+ 0.580E-009
MG+ 0.000E+000
C2N+ 0.292E-006
CNC+ 0.666E-005
NH3+ 0.872E-007
NO+ 0.444E-006
NS+ 0.537E-007
NA+ 0.000E+000
OCS+ 0.506E-007
P+ 0.451E-004
PH+ 0.106E-009
PO+ 0.495E-008
SO+ 0.216E-005
SI+ 0.611E-001
SIC2+ 0.130E-005
SIC2H+ 0.136E-003
SIC3+ 0.319E-005
SIC+ 0.533E-006
SICH2+ 0.346E-004
SICH3+ 0.601E-011
SIH2+ 0.763E-008
SIH3+ 0.358E-013
SIN+ 0.230E-006
SIS+ 0.620E-004
C2+ 0.954E-005
S+ 0.189E-001
CN+ 0.836E-009
CO+ 0.387E-007
N2+ 0.613E-011
O2+ 0.168E-007
C2H+ 0.946E-005
C2H2+ 0.461E-003
C2H3+ 0.123E-003
C5H2+ 0.348E-007
C6H2+ 0.173E-006
C7H2+ 0.827E-007
C3H3+ 0.171E-005
CO2+ 0.194E-015
HC3N+ 0.170E-006
HCN+ 0.161E-008
C2N2+ 0.377E-009
C3+ 0.932E-006
C5+ 0.712E-008
CH3CH3+ 0.592E-010
PN+ 0.164E-015
H2O+ 0.134E-007
NH2+ 0.412E-008
O+ 0.449E-010
OH+ 0.161E-008
CH3+ 0.140E-003
CH4+ 0.977E-008
CH3OH+ 0.835E-014
N+ 0.102E-009
SO2+ 0.656E-016
CS+ 0.128E-005
CL+ 0.150E-007
C10+ 0.186E-007
C10H2+ 0.538E-008
C3H2+ 0.260E-005
C3H+ 0.988E-005
C4+ 0.833E-007
C4H+ 0.198E-006
C4P+ 0.841E-018
C5H+ 0.246E-006
C6+ 0.599E-007
C6H+ 0.920E-007
C7+ 0.288E-007
C7H+ 0.226E-006
C8+ 0.881E-007
C8H2+ 0.910E-007
C8H+ 0.487E-008
C9+ 0.201E-007
C9H2+ 0.998E-008
C9H+ 0.279E-007
CH3C4H+ 0.777E-009
C7H4+ 0.107E-009
CH3CN+ 0.225E-009
H2CS+ 0.109E-008
H2S2+ 0.183E-015
HC2P+ 0.281E-008
HC5N+ 0.350E-011
HC7N+ 0.251E-007
HC9N+ 0.167E-008
HCSI+ 0.554E-006
HCL+ 0.116E-007
HNSI+ 0.888E-013
HS2+ 0.657E-012
HS+ 0.637E-008
N2O+ 0.344E-009
NH+ 0.386E-010
PH2+ 0.443E-010
S2+ 0.431E-008
SIC2H2+ 0.607E-007
SIC3H+ 0.845E-006
SIC4+ 0.590E-006
SIH4+ 0.500E-024
SIH+ 0.476E-008
SINC+ 0.120E-006
SIO+ 0.299E-006
H2+ 0.570E-008
F+ 0.168E-012
HE+ 0.646E-006
C3N+ 0.284E-009
HCNO+ 0.155E-016
HNCO+ 0.831E-012
HONC+ 0.688E-021
HNO+ 0.957E-011
HCOOH+ 0.320E-012
NO2+ 0.116E-013
CH2CHCNH+ 0.336E-009
HCS+ 0.114E-004
C10H3+ 0.554E-010
C11+ 0.351E-008
C2H5CNH+ 0.223E-012
C2H5OH2+ 0.265E-018
C2H7+ 0.295E-015
C2NH+ 0.260E-006
C3H2O+ 0.310E-009
C3H5+ 0.264E-005
C3H7+ 0.486E-006
C4H4+ 0.955E-012
C4H5+ 0.163E-008
C4H7+ 0.120E-013
C4N+ 0.199E-007
C5H3+ 0.850E-008
C5H5+ 0.203E-009
C5N+ 0.138E-011
C6H3+ 0.199E-008
C6H4+ 0.286E-010
C6H5+ 0.380E-009
C6H7+ 0.501E-009
C7H3+ 0.103E-008
C7H5+ 0.193E-008
C7N+ 0.363E-009
C8H3+ 0.840E-009
C8H4+ 0.651E-010
C8H5+ 0.123E-016
C9H3+ 0.527E-009
C9H4+ 0.749E-010
C9H5+ 0.251E-017
C9N+ 0.232E-010
CF+ 0.186E-005
CH2CHCN+ 0.348E-007
CH2NH2+ 0.249E-014
CH3C3N+ 0.132E-009
CH3C3NH+ 0.254E-008
CH3C5NH+ 0.166E-010
CH3C7NH+ 0.661E-011
CH3CHOH+ 0.389E-013
CH3CNH+ 0.326E-007
CH3CO+ 0.227E-008
CH3COCH4+ 0.328E-017
CH3CS+ 0.945E-010
CH3OCH4+ 0.114E-018
CH3OH2+ 0.164E-011
CH4N+ 0.105E-009
CH5+ 0.104E-006
H2C4N+ 0.134E-009
H2C7N+ 0.169E-008
H2C9N+ 0.113E-009
H2CCL+ 0.321E-010
H2CNO+ 0.977E-011
H2CL+ 0.154E-005
H2F+ 0.203E-010
H2NC+ 0.443E-007
H2NCO+ 0.794E-010
H2NO+ 0.134E-012
H2OCN+ 0.892E-010
H2PO+ 0.128E-014
H3+ 0.213E-005
H3C3O+ 0.274E-009
H3C5N+ 0.394E-011
H3C7N+ 0.514E-011
H3C9N+ 0.201E-011
H3CO+ 0.268E-010
H3CS+ 0.251E-007
H3O+ 0.413E-006
H3S+ 0.211E-012
H3S2+ 0.167E-014
H3SIO+ 0.381E-022
H5C2O2+ 0.462E-020
HC2O+ 0.281E-007
HC2S+ 0.951E-005
HC3NH+ 0.114E-007
HC3O+ 0.160E-010
HC3S+ 0.256E-006
HC4N+ 0.253E-012
HC4S+ 0.146E-008
HC5NH+ 0.519E-010
HCNH+ 0.124E-006
HCNOH+ 0.107E-013
HCO2+ 0.215E-009
HCOOH2+ 0.794E-013
HF+ 0.489E-013
HN2O+ 0.484E-015
HNCOH+ 0.178E-009
HNS+ 0.737E-011
HOCN+ 0.830E-012
HOCS+ 0.105E-010
HPN+ 0.110E-014
HSO+ 0.444E-011
HSO2+ 0.296E-015
HSIO2+ 0.271E-012
HSIS+ 0.139E-007
HEH+ 0.840E-010
N2H+ 0.637E-008
NCCNCH3+ 0.131E-011
NCCNH+ 0.120E-007
NH2CNH+ 0.874E-013
NH4+ 0.276E-009
O2H+ 0.407E-014
OCN+ 0.544E-014
PC2H2+ 0.112E-011
PC2H3+ 0.188E-017
PC2H4+ 0.978E-018
PC3H+ 0.628E-012
PC4H+ 0.150E-012
PCH2+ 0.233E-007
PCH3+ 0.395E-015
PCH4+ 0.193E-015
PH3+ 0.102E-014
PNH2+ 0.471E-012
PNH3+ 0.748E-017
SIC2H3+ 0.283E-007
SIC3H2+ 0.279E-006
SIC4H+ 0.401E-009
SICH4+ 0.381E-011
SIF+ 0.893E-006
SIH5+ 0.493E-020
SINCH+ 0.109E-009
SINH2+ 0.313E-008
SIOH+ 0.715E-005
