C- 0.209E-008
E 0.126E+000
C2- 0.225E-008
C3- 0.719E-008
C4- 0.620E-005
C5- 0.387E-004
C6- 0.419E-004
C7- 0.119E-003
C8- 0.530E-004
C10- 0.103E-004
C2H- 0.232E-010
C3H- 0.139E-009
C3N- 0.509E-005
C4H- 0.191E-007
C5H- 0.156E-004
C6H- 0.292E-003
C7H- 0.132E-003
C8H- 0.339E-004
C9- 0.398E-004
C9H- 0.134E-004
CH- 0.122E-013
O- 0.423E-011
OH- 0.142E-010
S- 0.533E-009
CN- 0.102E-006
H- 0.220E-009
C10H- 0.167E-005
C5N- 0.278E-004
O2- 0.287E-024
C 0.257E+000
C2 0.103E+000
CH2 0.225E-002
C2H2 0.215E-002
CH 0.142E-001
C2H 0.207E-001
CO2 0.536E-005
CO 0.321E+001
H2O 0.756E-003
H2CO 0.333E-005
N 0.192E+000
CN 0.631E-001
NH 0.505E-004
HCN 0.143E-002
O2 0.157E-004
O 0.674E-001
OH 0.339E-002
HCO 0.395E-005
C4 0.470E-004
C3 0.665E-003
C5 0.112E-003
C6 0.220E-004
C7 0.215E-004
C8 0.274E-004
C9 0.710E-005
C10 0.534E-005
C3H 0.676E-003
C4H 0.150E-003
C4N 0.542E-005
C5H 0.339E-004
C6H 0.394E-003
C7H 0.606E-004
C8H 0.468E-004
C9H 0.580E-005
C10H 0.234E-005
CS 0.176E-001
CH3 0.369E-003
CH3CN 0.180E-005
CH3OH 0.705E-011
OCS 0.344E-005
CH4 0.255E-003
H 0.138E+001
H2 0.406E+004
NH2 0.174E-004
NH3 0.129E-005
C10H2 0.204E-005
H2CCC 0.172E-004
HC3N 0.164E-004
HC4H 0.475E-005
C5H2 0.162E-003
HC5N 0.531E-004
C6H2 0.224E-003
C7H2 0.120E-003
C8H2 0.375E-004
C9H2 0.152E-004
HS 0.210E-003
C2N 0.279E-003
C3N 0.215E-002
C5N 0.281E-004
C7N 0.109E-004
HC7N 0.190E-004
C9N 0.829E-006
HC9N 0.152E-005
NO 0.103E-003
NS 0.139E-004
NO2 0.449E-010
SO2 0.108E-008
C2O 0.418E-006
SO 0.234E-005
HNC 0.301E-004
C2H4 0.714E-006
C2H5 0.291E-009
C2H5OH 0.133E-016
C2S 0.144E-002
C3O 0.324E-008
C3S 0.392E-003
C4H3 0.139E-005
C4S 0.272E-005
C6H6 0.212E-004
CCP 0.186E-006
CCL 0.419E-007
CH2CCH2 0.126E-006
CH2CCH 0.117E-003
CH2CN 0.362E-006
CH2CO 0.233E-006
CH3CCH 0.204E-004
CH3CHCH2 0.249E-006
CH3CHO 0.127E-010
CH3COCH3 0.935E-015
CH3OCH3 0.283E-017
CP 0.204E-004
CLO 0.360E-029
FE 0.000E+000
H2S 0.193E-008
H2SIO 0.667E-017
HCOOCH3 0.191E-017
HCP 0.210E-004
HPO 0.435E-012
MG 0.000E+000
NCCN 0.132E-003
NA 0.000E+000
P 0.134E-004
PH 0.473E-007
PO 0.613E-007
SI 0.783E-002
SIC2 0.404E-001
SIC2H 0.360E-003
SIC3 0.262E-003
SIC 0.276E-002
SICH2 0.542E-006
SICH3 0.425E-008
SIH2 0.913E-011
SIH3 0.425E-015
SIN 0.308E-004
SIS 0.718E-002
S 0.205E-001
N2 0.116E+000
C2H3 0.245E-004
CH3CH3 0.240E-007
PN 0.373E-008
CL 0.130E-002
C3H2 0.335E-003
C4P 0.225E-010
CH3C4H 0.491E-005
CH3C6H 0.407E-006
H2CS 0.939E-005
H2S2 0.226E-010
HC2P 0.217E-009
HCSI 0.110E-002
HCL 0.168E-004
HNSI 0.164E-005
HS2 0.132E-009
N2O 0.782E-009
PH2 0.725E-013
S2 0.602E-006
SIC2H2 0.704E-005
SIC3H 0.601E-004
SIC4 0.231E-005
SIH4 0.135E-018
SIH 0.134E-005
SINC 0.149E-007
SIO 0.365E-003
F 0.189E-004
HE 0.691E+003
HCNO 0.176E-007
HNCO 0.127E-007
HONC 0.329E-012
HNO 0.945E-006
HCOOH 0.622E-010
C11 0.861E-007
C2H5CN 0.119E-010
C3P 0.900E-010
CH2CHCCH 0.461E-006
CH2CHCHCH2 0.149E-010
CH2CHCN 0.510E-005
CH2NH 0.444E-008
CH2PH 0.460E-013
CH3C3N 0.801E-005
CH3C5N 0.330E-008
CH3C7N 0.138E-008
CNO 0.426E-015
H2CN 0.119E-004
H2O2 0.481E-026
HCS 0.142E-004
HF 0.479E-004
HNC3 0.146E-007
HOCN 0.109E-007
NH2CN 0.204E-006
O2H 0.109E-011
OCN 0.142E-003
SIO2 0.675E-006
HCO+ 0.651E-005
H+ 0.107E-005
HOC+ 0.166E-006
C+ 0.455E-001
C10H+ 0.996E-008
C2H4+ 0.106E-005
C2H5+ 0.420E-009
C2H5OH+ 0.117E-018
C2O+ 0.500E-009
C2S+ 0.117E-006
C3O+ 0.288E-013
C3S+ 0.621E-006
C4H3+ 0.278E-007
C4S+ 0.827E-007
C6H6+ 0.247E-005
CCP+ 0.679E-008
CCL+ 0.226E-007
CH2+ 0.209E-005
C3H4+ 0.515E-007
CH2CCH+ 0.241E-005
CH2CN+ 0.217E-006
CH2CO+ 0.127E-007
C3H6+ 0.186E-009
CH3CHO+ 0.268E-013
CH3COCH3+ 0.738E-017
CH3OCH3+ 0.250E-019
CH+ 0.233E-005
CP+ 0.229E-009
CLO+ 0.648E-032
FE+ 0.000E+000
H2CO+ 0.152E-007
H2S+ 0.151E-007
H2SIO+ 0.315E-017
C4H2+ 0.409E-006
COOCH4+ 0.701E-020
HCP+ 0.341E-009
HPO+ 0.350E-009
MG+ 0.000E+000
C2N+ 0.212E-006
CNC+ 0.367E-005
NH3+ 0.500E-007
NO+ 0.361E-006
NS+ 0.448E-007
NA+ 0.000E+000
OCS+ 0.283E-007
P+ 0.465E-004
PH+ 0.949E-010
PO+ 0.376E-008
SO+ 0.167E-005
SI+ 0.601E-001
SIC2+ 0.135E-005
SIC2H+ 0.116E-003
SIC3+ 0.228E-005
SIC+ 0.558E-006
SICH2+ 0.295E-004
SICH3+ 0.417E-011
SIH2+ 0.615E-008
SIH3+ 0.187E-013
SIN+ 0.178E-006
SIS+ 0.457E-004
C2+ 0.936E-005
S+ 0.199E-001
CN+ 0.849E-009
CO+ 0.408E-007
N2+ 0.594E-011
O2+ 0.128E-007
C2H+ 0.925E-005
C2H2+ 0.398E-003
C2H3+ 0.864E-004
C5H2+ 0.201E-007
C6H2+ 0.124E-006
C7H2+ 0.666E-007
C3H3+ 0.130E-005
CO2+ 0.163E-015
HC3N+ 0.111E-006
HCN+ 0.153E-008
C2N2+ 0.354E-009
C3+ 0.961E-006
C5+ 0.590E-008
CH3CH3+ 0.422E-010
PN+ 0.174E-015
H2O+ 0.980E-008
NH2+ 0.298E-008
O+ 0.486E-010
OH+ 0.144E-008
CH3+ 0.124E-003
CH4+ 0.583E-008
CH3OH+ 0.425E-014
N+ 0.997E-010
SO2+ 0.420E-016
CS+ 0.131E-005
CL+ 0.151E-007
C10+ 0.205E-007
C10H2+ 0.482E-008
C3H2+ 0.189E-005
C3H+ 0.885E-005
C4+ 0.821E-007
C4H+ 0.192E-006
C4P+ 0.642E-018
C5H+ 0.171E-006
C6+ 0.594E-007
C6H+ 0.798E-007
C7+ 0.291E-007
C7H+ 0.183E-006
C8+ 0.890E-007
C8H2+ 0.810E-007
C8H+ 0.539E-008
C9+ 0.227E-007
C9H2+ 0.882E-008
C9H+ 0.264E-007
CH3C4H+ 0.430E-009
C7H4+ 0.579E-010
CH3CN+ 0.118E-009
H2CS+ 0.717E-009
H2S2+ 0.101E-015
HC2P+ 0.184E-008
HC5N+ 0.254E-011
HC7N+ 0.154E-007
HC9N+ 0.121E-008
HCSI+ 0.576E-006
HCL+ 0.116E-007
HNSI+ 0.824E-013
HS2+ 0.358E-012
HS+ 0.472E-008
N2O+ 0.341E-009
NH+ 0.353E-010
PH2+ 0.390E-010
S2+ 0.288E-008
SIC2H2+ 0.419E-007
SIC3H+ 0.586E-006
SIC4+ 0.391E-006
SIH4+ 0.388E-024
SIH+ 0.296E-008
SINC+ 0.712E-007
SIO+ 0.245E-006
H2+ 0.570E-008
F+ 0.160E-012
HE+ 0.653E-006
C3N+ 0.252E-009
HCNO+ 0.148E-016
HNCO+ 0.678E-012
HONC+ 0.679E-021
HNO+ 0.642E-011
HCOOH+ 0.223E-012
NO2+ 0.106E-013
CH2CHCNH+ 0.184E-009
HCS+ 0.951E-005
C10H3+ 0.404E-010
C11+ 0.401E-008
C2H5CNH+ 0.783E-013
C2H5OH2+ 0.872E-019
C2H7+ 0.160E-015
C2NH+ 0.196E-006
C3H2O+ 0.236E-009
C3H5+ 0.199E-005
C3H7+ 0.329E-006
C4H4+ 0.525E-012
C4H5+ 0.101E-008
C4H7+ 0.601E-014
C4N+ 0.125E-007
C5H3+ 0.577E-008
C5H5+ 0.103E-009
C5N+ 0.106E-011
C6H3+ 0.156E-008
C6H4+ 0.153E-010
C6H5+ 0.410E-009
C6H7+ 0.434E-009
C7H3+ 0.672E-009
C7H5+ 0.179E-008
C7N+ 0.355E-009
C8H3+ 0.539E-009
C8H4+ 0.340E-010
C8H5+ 0.450E-017
C9H3+ 0.359E-009
C9H4+ 0.432E-010
C9H5+ 0.925E-018
C9N+ 0.270E-010
CF+ 0.167E-005
CH2CHCN+ 0.235E-007
CH2NH2+ 0.829E-015
CH3C3N+ 0.124E-009
CH3C3NH+ 0.198E-008
CH3C5NH+ 0.918E-011
CH3C7NH+ 0.329E-011
CH3CHOH+ 0.156E-013
CH3CNH+ 0.134E-007
CH3CO+ 0.173E-008
CH3COCH4+ 0.106E-017
CH3CS+ 0.504E-010
CH3OCH4+ 0.532E-019
CH3OH2+ 0.839E-012
CH4N+ 0.550E-010
CH5+ 0.661E-007
H2C4N+ 0.127E-009
H2C7N+ 0.857E-009
H2C9N+ 0.672E-010
H2CCL+ 0.160E-010
H2CNO+ 0.553E-011
H2CL+ 0.127E-005
H2F+ 0.140E-010
H2NC+ 0.341E-007
H2NCO+ 0.539E-010
H2NO+ 0.961E-013
H2OCN+ 0.594E-010
H2PO+ 0.663E-015
H3+ 0.189E-005
H3C3O+ 0.173E-009
H3C5N+ 0.226E-011
H3C7N+ 0.289E-011
H3C9N+ 0.101E-011
H3CO+ 0.165E-010
H3CS+ 0.136E-007
H3O+ 0.248E-006
H3S+ 0.126E-012
H3S2+ 0.764E-015
H3SIO+ 0.158E-022
H5C2O2+ 0.148E-020
HC2O+ 0.207E-007
HC2S+ 0.733E-005
HC3NH+ 0.596E-008
HC3O+ 0.987E-011
HC3S+ 0.189E-006
HC4N+ 0.203E-012
HC4S+ 0.782E-009
HC5NH+ 0.280E-010
HCNH+ 0.807E-007
HCNOH+ 0.750E-014
HCO2+ 0.123E-009
HCOOH2+ 0.366E-013
HF+ 0.463E-013
HN2O+ 0.278E-015
HNCOH+ 0.119E-009
HNS+ 0.502E-011
HOCN+ 0.678E-012
HOCS+ 0.601E-011
HPN+ 0.857E-015
HSO+ 0.259E-011
HSO2+ 0.148E-015
HSIO2+ 0.161E-012
HSIS+ 0.735E-008
HEH+ 0.839E-010
N2H+ 0.448E-008
NCCNCH3+ 0.905E-012
NCCNH+ 0.919E-008
NH2CNH+ 0.374E-013
NH4+ 0.126E-009
O2H+ 0.320E-014
OCN+ 0.496E-014
PC2H2+ 0.573E-012
PC2H3+ 0.832E-018
PC2H4+ 0.426E-018
PC3H+ 0.351E-012
PC4H+ 0.880E-013
PCH2+ 0.195E-007
PCH3+ 0.181E-015
PCH4+ 0.874E-016
PH3+ 0.783E-015
PNH2+ 0.215E-012
PNH3+ 0.293E-017
SIC2H3+ 0.201E-007
SIC3H2+ 0.190E-006
SIC4H+ 0.238E-009
SICH4+ 0.194E-011
SIF+ 0.673E-006
SIH5+ 0.213E-020
SINCH+ 0.511E-010
SINH2+ 0.136E-008
SIOH+ 0.476E-005
