C- 0.205E-008
E 0.133E+000
C2- 0.191E-008
C3- 0.474E-008
C4- 0.404E-005
C5- 0.346E-004
C6- 0.409E-004
C7- 0.118E-003
C8- 0.560E-004
C10- 0.111E-004
C2H- 0.178E-010
C3H- 0.973E-010
C3N- 0.377E-005
C4H- 0.155E-007
C5H- 0.129E-004
C6H- 0.249E-003
C7H- 0.118E-003
C8H- 0.320E-004
C9- 0.423E-004
C9H- 0.133E-004
CH- 0.932E-014
O- 0.536E-011
OH- 0.151E-010
S- 0.457E-009
CN- 0.868E-007
H- 0.202E-009
C10H- 0.164E-005
C5N- 0.214E-004
O2- 0.514E-025
C 0.252E+000
C2 0.863E-001
CH2 0.198E-002
C2H2 0.147E-002
CH 0.134E-001
C2H 0.159E-001
CO2 0.369E-005
CO 0.278E+001
H2O 0.432E-003
H2CO 0.208E-005
N 0.185E+000
CN 0.477E-001
NH 0.356E-004
HCN 0.633E-003
O2 0.122E-004
O 0.705E-001
OH 0.252E-002
HCO 0.313E-005
C4 0.304E-004
C3 0.473E-003
C5 0.987E-004
C6 0.212E-004
C7 0.211E-004
C8 0.285E-004
C9 0.745E-005
C10 0.564E-005
C3H 0.465E-003
C4H 0.924E-004
C4N 0.370E-005
C5H 0.275E-004
C6H 0.333E-003
C7H 0.533E-004
C8H 0.435E-004
C9H 0.566E-005
C10H 0.226E-005
CS 0.138E-001
CH3 0.241E-003
CH3CN 0.665E-006
CH3OH 0.353E-011
OCS 0.192E-005
CH4 0.130E-003
H 0.129E+001
H2 0.354E+004
NH2 0.103E-004
NH3 0.537E-006
C10H2 0.192E-005
H2CCC 0.126E-004
HC3N 0.798E-005
HC4H 0.264E-005
C5H2 0.126E-003
HC5N 0.315E-004
C6H2 0.167E-003
C7H2 0.991E-004
C8H2 0.327E-004
C9H2 0.139E-004
HS 0.148E-003
C2N 0.212E-003
C3N 0.157E-002
C5N 0.211E-004
C7N 0.916E-005
HC7N 0.979E-005
C9N 0.832E-006
HC9N 0.940E-006
NO 0.822E-004
NS 0.117E-004
NO2 0.366E-010
SO2 0.525E-009
C2O 0.331E-006
SO 0.144E-005
HNC 0.181E-004
C2H4 0.360E-006
C2H5 0.191E-009
C2H5OH 0.362E-017
C2S 0.127E-002
C3O 0.225E-008
C3S 0.320E-003
C4H3 0.100E-005
C4S 0.219E-005
C6H6 0.174E-004
CCP 0.126E-006
CCL 0.326E-007
CH2CCH2 0.119E-006
CH2CCH 0.842E-004
CH2CN 0.250E-006
CH2CO 0.162E-006
CH3CCH 0.152E-004
CH3CHCH2 0.259E-006
CH3CHO 0.458E-011
CH3COCH3 0.364E-015
CH3OCH3 0.141E-017
CP 0.155E-004
CLO 0.289E-029
FE 0.000E+000
H2S 0.112E-008
H2SIO 0.471E-017
HCOOCH3 0.894E-018
HCP 0.150E-004
HPO 0.350E-012
MG 0.000E+000
NCCN 0.107E-003
NA 0.000E+000
P 0.105E-004
PH 0.371E-007
PO 0.500E-007
SI 0.635E-002
SIC2 0.311E-001
SIC2H 0.204E-003
SIC3 0.198E-003
SIC 0.247E-002
SICH2 0.287E-006
SICH3 0.334E-008
SIH2 0.523E-011
SIH3 0.317E-015
SIN 0.272E-004
SIS 0.455E-002
S 0.176E-001
N2 0.960E-001
C2H3 0.180E-004
CH3CH3 0.252E-007
PN 0.377E-008
CL 0.114E-002
C3H2 0.242E-003
C4P 0.162E-010
CH3C4H 0.365E-005
CH3C6H 0.366E-006
H2CS 0.614E-005
H2S2 0.148E-010
HC2P 0.159E-009
HCSI 0.102E-002
HCL 0.923E-005
HNSI 0.114E-005
HS2 0.102E-009
N2O 0.490E-009
PH2 0.662E-013
S2 0.458E-006
SIC2H2 0.567E-005
SIC3H 0.486E-004
SIC4 0.194E-005
SIH4 0.444E-019
SIH 0.670E-006
SINC 0.930E-008
SIO 0.217E-003
F 0.214E-004
HE 0.602E+003
HCNO 0.136E-007
HNCO 0.973E-008
HONC 0.262E-012
HNO 0.792E-006
HCOOH 0.441E-010
C11 0.871E-007
C2H5CN 0.409E-011
C3P 0.918E-012
CH2CHCCH 0.369E-006
CH2CHCHCH2 0.203E-010
CH2CHCN 0.333E-005
CH2NH 0.180E-008
CH2PH 0.288E-013
CH3C3N 0.606E-005
CH3C5N 0.189E-008
CH3C7N 0.765E-009
CNO 0.424E-015
H2CN 0.891E-005
H2O2 0.357E-026
HCS 0.121E-004
HF 0.369E-004
HNC3 0.739E-008
HOCN 0.827E-008
NH2CN 0.110E-006
O2H 0.813E-012
OCN 0.109E-003
SIO2 0.528E-006
HCO+ 0.484E-005
H+ 0.117E-005
HOC+ 0.148E-006
C+ 0.535E-001
C10H+ 0.941E-008
C2H4+ 0.769E-006
C2H5+ 0.180E-009
C2H5OH+ 0.314E-019
C2O+ 0.439E-009
C2S+ 0.112E-006
C3O+ 0.273E-013
C3S+ 0.476E-006
C4H3+ 0.189E-007
C4S+ 0.508E-007
C6H6+ 0.275E-005
CCP+ 0.530E-008
CCL+ 0.138E-007
CH2+ 0.223E-005
C3H4+ 0.354E-007
CH2CCH+ 0.198E-005
CH2CN+ 0.141E-006
CH2CO+ 0.774E-008
C3H6+ 0.140E-009
CH3CHO+ 0.907E-014
CH3COCH3+ 0.303E-017
CH3OCH3+ 0.124E-019
CH+ 0.253E-005
CP+ 0.234E-009
CLO+ 0.577E-032
FE+ 0.000E+000
H2CO+ 0.963E-008
H2S+ 0.127E-007
H2SIO+ 0.156E-017
C4H2+ 0.305E-006
COOCH4+ 0.364E-020
HCP+ 0.340E-009
HPO+ 0.192E-009
MG+ 0.000E+000
C2N+ 0.155E-006
CNC+ 0.183E-005
NH3+ 0.272E-007
NO+ 0.280E-006
NS+ 0.358E-007
NA+ 0.000E+000
OCS+ 0.148E-007
P+ 0.472E-004
PH+ 0.801E-010
PO+ 0.269E-008
SO+ 0.123E-005
SI+ 0.588E-001
SIC2+ 0.138E-005
SIC2H+ 0.958E-004
SIC3+ 0.159E-005
SIC+ 0.566E-006
SICH2+ 0.241E-004
SICH3+ 0.306E-011
SIH2+ 0.486E-008
SIH3+ 0.927E-014
SIN+ 0.134E-006
SIS+ 0.311E-004
C2+ 0.902E-005
S+ 0.209E-001
CN+ 0.823E-009
CO+ 0.416E-007
N2+ 0.574E-011
O2+ 0.950E-008
C2H+ 0.887E-005
C2H2+ 0.335E-003
C2H3+ 0.588E-004
C5H2+ 0.116E-007
C6H2+ 0.864E-007
C7H2+ 0.511E-007
C3H3+ 0.971E-006
CO2+ 0.130E-015
HC3N+ 0.678E-007
HCN+ 0.138E-008
C2N2+ 0.328E-009
C3+ 0.992E-006
C5+ 0.500E-008
CH3CH3+ 0.498E-010
PN+ 0.182E-015
H2O+ 0.684E-008
NH2+ 0.203E-008
O+ 0.510E-010
OH+ 0.125E-008
CH3+ 0.108E-003
CH4+ 0.322E-008
CH3OH+ 0.197E-014
N+ 0.969E-010
SO2+ 0.240E-016
CS+ 0.132E-005
CL+ 0.151E-007
C10+ 0.215E-007
C10H2+ 0.413E-008
C3H2+ 0.135E-005
C3H+ 0.785E-005
C4+ 0.798E-007
C4H+ 0.183E-006
C4P+ 0.475E-018
C5H+ 0.114E-006
C6+ 0.573E-007
C6H+ 0.666E-007
C7+ 0.287E-007
C7H+ 0.144E-006
C8+ 0.864E-007
C8H2+ 0.691E-007
C8H+ 0.576E-008
C9+ 0.246E-007
C9H2+ 0.745E-008
C9H+ 0.239E-007
CH3C4H+ 0.229E-009
C7H4+ 0.294E-010
CH3CN+ 0.599E-010
H2CS+ 0.445E-009
H2S2+ 0.529E-016
HC2P+ 0.118E-008
HC5N+ 0.178E-011
HC7N+ 0.917E-008
HC9N+ 0.859E-009
HCSI+ 0.581E-006
HCL+ 0.116E-007
HNSI+ 0.731E-013
HS2+ 0.202E-012
HS+ 0.338E-008
N2O+ 0.329E-009
NH+ 0.317E-010
PH2+ 0.334E-010
S2+ 0.185E-008
SIC2H2+ 0.281E-007
SIC3H+ 0.394E-006
SIC4+ 0.269E-006
SIH4+ 0.289E-024
SIH+ 0.176E-008
SINC+ 0.424E-007
SIO+ 0.195E-006
H2+ 0.570E-008
F+ 0.146E-012
HE+ 0.663E-006
C3N+ 0.219E-009
HCNO+ 0.136E-016
HNCO+ 0.527E-012
HONC+ 0.639E-021
HNO+ 0.413E-011
HCOOH+ 0.150E-012
NO2+ 0.949E-014
CH2CHCNH+ 0.960E-010
HCS+ 0.769E-005
C10H3+ 0.278E-010
C11+ 0.434E-008
C2H5CNH+ 0.236E-013
C2H5OH2+ 0.254E-019
C2H7+ 0.139E-015
C2NH+ 0.149E-006
C3H2O+ 0.180E-009
C3H5+ 0.146E-005
C3H7+ 0.220E-006
C4H4+ 0.276E-012
C4H5+ 0.612E-009
C4H7+ 0.473E-014
C4N+ 0.756E-008
C5H3+ 0.399E-008
C5H5+ 0.504E-010
C5N+ 0.784E-012
C6H3+ 0.120E-008
C6H4+ 0.799E-011
C6H5+ 0.428E-009
C6H7+ 0.363E-009
C7H3+ 0.420E-009
C7H5+ 0.161E-008
C7N+ 0.341E-009
C8H3+ 0.331E-009
C8H4+ 0.169E-010
C8H5+ 0.175E-017
C9H3+ 0.231E-009
C9H4+ 0.232E-010
C9H5+ 0.370E-018
C9N+ 0.311E-010
CF+ 0.143E-005
CH2CHCN+ 0.153E-007
CH2NH2+ 0.233E-015
CH3C3N+ 0.111E-009
CH3C3NH+ 0.143E-008
CH3C5NH+ 0.466E-011
CH3C7NH+ 0.145E-011
CH3CHOH+ 0.588E-014
CH3CNH+ 0.492E-008
CH3CO+ 0.129E-008
CH3COCH4+ 0.320E-018
CH3CS+ 0.261E-010
CH3OCH4+ 0.223E-019
CH3OH2+ 0.389E-012
CH4N+ 0.272E-010
CH5+ 0.433E-007
H2C4N+ 0.113E-009
H2C7N+ 0.415E-009
H2C9N+ 0.388E-010
H2CCL+ 0.789E-011
H2CNO+ 0.124E-011
H2CL+ 0.107E-005
H2F+ 0.901E-011
H2NC+ 0.269E-007
H2NCO+ 0.360E-010
H2NO+ 0.662E-013
H2OCN+ 0.372E-010
H2PO+ 0.303E-015
H3+ 0.165E-005
H3C3O+ 0.110E-009
H3C5N+ 0.128E-011
H3C7N+ 0.150E-011
H3C9N+ 0.446E-012
H3CO+ 0.932E-011
H3CS+ 0.675E-008
H3O+ 0.141E-006
H3S+ 0.736E-013
H3S2+ 0.359E-015
H3SIO+ 0.612E-023
H5C2O2+ 0.427E-021
HC2O+ 0.170E-007
HC2S+ 0.560E-005
HC3NH+ 0.293E-008
HC3O+ 0.632E-011
HC3S+ 0.135E-006
HC4N+ 0.161E-012
HC4S+ 0.428E-009
HC5NH+ 0.143E-010
HCNH+ 0.540E-007
HCNOH+ 0.492E-014
HCO2+ 0.637E-010
HCOOH2+ 0.149E-013
HF+ 0.422E-013
HN2O+ 0.143E-015
HNCOH+ 0.745E-010
HNS+ 0.316E-011
HOCN+ 0.527E-012
HOCS+ 0.310E-011
HPN+ 0.628E-015
HSO+ 0.141E-011
HSO2+ 0.646E-016
HSIO2+ 0.900E-013
HSIS+ 0.351E-008
HEH+ 0.839E-010
N2H+ 0.306E-008
NCCNCH3+ 0.602E-012
NCCNH+ 0.687E-008
NH2CNH+ 0.145E-013
NH4+ 0.541E-010
O2H+ 0.239E-014
OCN+ 0.443E-014
PC2H2+ 0.269E-012
PC2H3+ 0.325E-018
PC2H4+ 0.168E-018
PC3H+ 0.186E-012
PC4H+ 0.484E-013
PCH2+ 0.157E-007
PCH3+ 0.719E-016
PCH4+ 0.352E-016
PH3+ 0.560E-015
PNH2+ 0.860E-013
PNH3+ 0.979E-018
SIC2H3+ 0.136E-007
SIC3H2+ 0.126E-006
SIC4H+ 0.138E-009
SICH4+ 0.988E-012
SIF+ 0.480E-006
SIH5+ 0.868E-021
SINCH+ 0.215E-010
SINH2+ 0.525E-009
SIOH+ 0.305E-005
