C- 0.194E-008
E 0.139E+000
C2- 0.161E-008
C3- 0.300E-008
C4- 0.283E-005
C5- 0.314E-004
C6- 0.396E-004
C7- 0.116E-003
C8- 0.575E-004
C10- 0.114E-004
C2H- 0.139E-010
C3H- 0.677E-010
C3N- 0.280E-005
C4H- 0.113E-007
C5H- 0.107E-004
C6H- 0.211E-003
C7H- 0.103E-003
C8H- 0.294E-004
C9- 0.438E-004
C9H- 0.127E-004
CH- 0.639E-014
O- 0.565E-011
OH- 0.139E-010
S- 0.386E-009
CN- 0.752E-007
H- 0.185E-009
C10H- 0.155E-005
C5N- 0.162E-004
O2- 0.523E-025
C 0.232E+000
C2 0.717E-001
CH2 0.173E-002
C2H2 0.102E-002
CH 0.122E-001
C2H 0.124E-001
CO2 0.249E-005
CO 0.242E+001
H2O 0.236E-003
H2CO 0.127E-005
N 0.176E+000
CN 0.357E-001
NH 0.242E-004
HCN 0.268E-003
O2 0.928E-005
O 0.623E-001
OH 0.182E-002
HCO 0.254E-005
C4 0.211E-004
C3 0.348E-003
C5 0.880E-004
C6 0.202E-004
C7 0.203E-004
C8 0.288E-004
C9 0.760E-005
C10 0.574E-005
C3H 0.322E-003
C4H 0.606E-004
C4N 0.250E-005
C5H 0.226E-004
C6H 0.279E-003
C7H 0.459E-004
C8H 0.392E-004
C9H 0.532E-005
C10H 0.209E-005
CS 0.108E-001
CH3 0.155E-003
CH3CN 0.233E-006
CH3OH 0.168E-011
OCS 0.107E-005
CH4 0.641E-004
H 0.119E+001
H2 0.308E+004
NH2 0.592E-005
NH3 0.213E-006
C10H2 0.175E-005
H2CCC 0.968E-005
HC3N 0.415E-005
HC4H 0.160E-005
C5H2 0.960E-004
HC5N 0.183E-004
C6H2 0.125E-003
C7H2 0.802E-004
C8H2 0.279E-004
C9H2 0.124E-004
HS 0.994E-004
C2N 0.158E-003
C3N 0.113E-002
C5N 0.155E-004
C7N 0.765E-005
HC7N 0.480E-005
C9N 0.824E-006
HC9N 0.562E-006
NO 0.638E-004
NS 0.948E-005
NO2 0.293E-010
SO2 0.244E-009
C2O 0.257E-006
SO 0.910E-006
HNC 0.117E-004
C2H4 0.172E-006
C2H5 0.102E-009
C2H5OH 0.925E-018
C2S 0.111E-002
C3O 0.156E-008
C3S 0.258E-003
C4H3 0.719E-006
C4S 0.174E-005
C6H6 0.140E-004
CCP 0.839E-007
CCL 0.251E-007
CH2CCH2 0.787E-007
CH2CCH 0.610E-004
CH2CN 0.168E-006
CH2CO 0.113E-006
CH3CCH 0.116E-004
CH3CHCH2 0.155E-006
CH3CHO 0.155E-011
CH3COCH3 0.128E-015
CH3OCH3 0.657E-018
CP 0.115E-004
CLO 0.229E-029
FE 0.000E+000
H2S 0.752E-009
H2SIO 0.324E-017
HCOOCH3 0.396E-018
HCP 0.106E-004
HPO 0.275E-012
MG 0.000E+000
NCCN 0.857E-004
NA 0.000E+000
P 0.810E-005
PH 0.280E-007
PO 0.392E-007
SI 0.515E-002
SIC2 0.236E-001
SIC2H 0.111E-003
SIC3 0.145E-003
SIC 0.211E-002
SICH2 0.147E-006
SICH3 0.257E-008
SIH2 0.290E-011
SIH3 0.233E-015
SIN 0.231E-004
SIS 0.273E-002
S 0.148E-001
N2 0.794E-001
C2H3 0.131E-004
CH3CH3 0.150E-007
PN 0.370E-008
CL 0.995E-003
C3H2 0.175E-003
C4P 0.113E-010
CH3C4H 0.266E-005
CH3C6H 0.331E-006
H2CS 0.386E-005
H2S2 0.949E-011
HC2P 0.114E-009
HCSI 0.914E-003
HCL 0.529E-005
HNSI 0.772E-006
HS2 0.786E-010
N2O 0.292E-009
PH2 0.587E-013
S2 0.334E-006
SIC2H2 0.446E-005
SIC3H 0.383E-004
SIC4 0.163E-005
SIH4 0.154E-019
SIH 0.380E-006
SINC 0.563E-008
SIO 0.131E-003
F 0.226E-004
HE 0.524E+003
HCNO 0.102E-007
HNCO 0.720E-008
HONC 0.201E-012
HNO 0.656E-006
HCOOH 0.307E-010
C11 0.833E-007
C2H5CN 0.132E-011
C3P 0.514E-010
CH2CHCCH 0.290E-006
CH2CHCHCH2 0.967E-011
CH2CHCN 0.207E-005
CH2NH 0.687E-009
CH2PH 0.176E-013
CH3C3N 0.440E-005
CH3C5N 0.101E-008
CH3C7N 0.390E-009
CNO 0.395E-015
H2CN 0.651E-005
H2O2 0.257E-026
HCS 0.102E-004
HF 0.283E-004
HNC3 0.364E-008
HOCN 0.609E-008
NH2CN 0.582E-007
O2H 0.595E-012
OCN 0.806E-004
SIO2 0.411E-006
HCO+ 0.344E-005
H+ 0.126E-005
HOC+ 0.124E-006
C+ 0.604E-001
C10H+ 0.860E-008
C2H4+ 0.551E-006
C2H5+ 0.718E-010
C2H5OH+ 0.780E-020
C2O+ 0.372E-009
C2S+ 0.105E-006
C3O+ 0.247E-013
C3S+ 0.364E-006
C4H3+ 0.128E-007
C4S+ 0.328E-007
C6H6+ 0.296E-005
CCP+ 0.402E-008
CCL+ 0.862E-008
CH2+ 0.232E-005
C3H4+ 0.253E-007
CH2CCH+ 0.158E-005
CH2CN+ 0.865E-007
CH2CO+ 0.452E-008
C3H6+ 0.787E-010
CH3CHO+ 0.294E-014
CH3COCH3+ 0.110E-017
CH3OCH3+ 0.569E-020
CH+ 0.267E-005
CP+ 0.225E-009
CLO+ 0.497E-032
FE+ 0.000E+000
H2CO+ 0.587E-008
H2S+ 0.107E-007
H2SIO+ 0.671E-018
C4H2+ 0.226E-006
COOCH4+ 0.175E-020
HCP+ 0.321E-009
HPO+ 0.995E-010
MG+ 0.000E+000
C2N+ 0.113E-006
CNC+ 0.872E-006
NH3+ 0.143E-007
NO+ 0.210E-006
NS+ 0.277E-007
NA+ 0.000E+000
OCS+ 0.777E-008
P+ 0.466E-004
PH+ 0.642E-010
PO+ 0.185E-008
SO+ 0.869E-006
SI+ 0.565E-001
SIC2+ 0.136E-005
SIC2H+ 0.773E-004
SIC3+ 0.109E-005
SIC+ 0.545E-006
SICH2+ 0.190E-004
SICH3+ 0.227E-011
SIH2+ 0.384E-008
SIH3+ 0.472E-014
SIN+ 0.101E-006
SIS+ 0.197E-004
C2+ 0.860E-005
S+ 0.213E-001
CN+ 0.743E-009
CO+ 0.396E-007
N2+ 0.551E-011
O2+ 0.673E-008
C2H+ 0.841E-005
C2H2+ 0.276E-003
C2H3+ 0.393E-004
C5H2+ 0.636E-008
C6H2+ 0.615E-007
C7H2+ 0.392E-007
C3H3+ 0.712E-006
CO2+ 0.996E-016
HC3N+ 0.407E-007
HCN+ 0.119E-008
C2N2+ 0.300E-009
C3+ 0.995E-006
C5+ 0.433E-008
CH3CH3+ 0.270E-010
PN+ 0.185E-015
H2O+ 0.466E-008
NH2+ 0.134E-008
O+ 0.501E-010
OH+ 0.105E-008
CH3+ 0.925E-004
CH4+ 0.172E-008
CH3OH+ 0.880E-015
N+ 0.935E-010
SO2+ 0.129E-016
CS+ 0.128E-005
CL+ 0.188E-005
C10+ 0.217E-007
C10H2+ 0.350E-008
C3H2+ 0.945E-006
C3H+ 0.676E-005
C4+ 0.750E-007
C4H+ 0.168E-006
C4P+ 0.346E-018
C5H+ 0.754E-007
C6+ 0.533E-007
C6H+ 0.538E-007
C7+ 0.274E-007
C7H+ 0.112E-006
C8+ 0.807E-007
C8H2+ 0.578E-007
C8H+ 0.589E-008
C9+ 0.253E-007
C9H2+ 0.626E-008
C9H+ 0.210E-007
CH3C4H+ 0.123E-009
C7H4+ 0.145E-010
CH3CN+ 0.318E-010
H2CS+ 0.266E-009
H2S2+ 0.279E-016
HC2P+ 0.761E-009
HC5N+ 0.122E-011
HC7N+ 0.575E-008
HC9N+ 0.640E-009
HCSI+ 0.557E-006
HCL+ 0.480E-008
HNSI+ 0.629E-013
HS2+ 0.121E-012
HS+ 0.242E-008
N2O+ 0.307E-009
NH+ 0.282E-010
PH2+ 0.282E-010
S2+ 0.116E-008
SIC2H2+ 0.186E-007
SIC3H+ 0.267E-006
SIC4+ 0.195E-006
SIH4+ 0.211E-024
SIH+ 0.105E-008
SINC+ 0.267E-007
SIO+ 0.152E-006
H2+ 0.570E-008
F+ 0.132E-012
HE+ 0.670E-006
C3N+ 0.188E-009
HCNO+ 0.120E-016
HNCO+ 0.398E-012
HONC+ 0.578E-021
HNO+ 0.253E-011
HCOOH+ 0.979E-013
NO2+ 0.839E-014
CH2CHCNH+ 0.464E-010
HCS+ 0.612E-005
C10H3+ 0.186E-010
C11+ 0.442E-008
C2H5CNH+ 0.672E-014
C2H5OH2+ 0.695E-020
C2H7+ 0.533E-016
C2NH+ 0.105E-006
C3H2O+ 0.130E-009
C3H5+ 0.105E-005
C3H7+ 0.142E-006
C4H4+ 0.146E-012
C4H5+ 0.363E-009
C4H7+ 0.180E-014
C4N+ 0.469E-008
C5H3+ 0.285E-008
C5H5+ 0.248E-010
C5N+ 0.565E-012
C6H3+ 0.901E-009
C6H4+ 0.420E-011
C6H5+ 0.433E-009
C6H7+ 0.299E-009
C7H3+ 0.263E-009
C7H5+ 0.140E-008
C7N+ 0.326E-009
C8H3+ 0.202E-009
C8H4+ 0.836E-011
C8H5+ 0.734E-018
C9H3+ 0.145E-009
C9H4+ 0.121E-010
C9H5+ 0.163E-018
C9N+ 0.352E-010
CF+ 0.118E-005
CH2CHCN+ 0.907E-008
CH2NH2+ 0.603E-016
CH3C3N+ 0.900E-010
CH3C3NH+ 0.961E-009
CH3C5NH+ 0.232E-011
CH3C7NH+ 0.607E-012
CH3CHOH+ 0.226E-014
CH3CNH+ 0.174E-008
CH3CO+ 0.950E-009
CH3COCH4+ 0.879E-019
CH3CS+ 0.121E-010
CH3OCH4+ 0.884E-020
CH3OH2+ 0.171E-012
CH4N+ 0.125E-010
CH5+ 0.285E-007
H2C4N+ 0.924E-010
H2C7N+ 0.215E-009
H2C9N+ 0.239E-010
H2CCL+ 0.385E-011
H2CNO+ 0.968E-012
H2CL+ 0.715E-007
H2F+ 0.590E-011
H2NC+ 0.199E-007
H2NCO+ 0.221E-010
H2NO+ 0.459E-013
H2OCN+ 0.231E-010
H2PO+ 0.130E-015
H3+ 0.144E-005
H3C3O+ 0.650E-010
H3C5N+ 0.702E-012
H3C7N+ 0.768E-012
H3C9N+ 0.187E-012
H3CO+ 0.501E-011
H3CS+ 0.321E-008
H3O+ 0.786E-007
H3S+ 0.436E-013
H3S2+ 0.183E-015
H3SIO+ 0.243E-023
H5C2O2+ 0.109E-021
HC2O+ 0.114E-007
HC2S+ 0.430E-005
HC3NH+ 0.145E-008
HC3O+ 0.373E-011
HC3S+ 0.960E-007
HC4N+ 0.127E-012
HC4S+ 0.248E-009
HC5NH+ 0.735E-011
HCNH+ 0.363E-007
HCNOH+ 0.318E-014
HCO2+ 0.314E-010
HCOOH2+ 0.568E-014
HF+ 0.381E-013
HN2O+ 0.694E-016
HNCOH+ 0.462E-010
HNS+ 0.191E-011
HOCN+ 0.398E-012
HOCS+ 0.158E-011
HPN+ 0.442E-015
HSO+ 0.727E-012
HSO2+ 0.272E-016
HSIO2+ 0.497E-013
HSIS+ 0.159E-008
HEH+ 0.839E-010
N2H+ 0.212E-008
NCCNCH3+ 0.389E-012
NCCNH+ 0.515E-008
NH2CNH+ 0.541E-014
NH4+ 0.227E-010
O2H+ 0.414E-013
OCN+ 0.394E-014
PC2H2+ 0.118E-012
PC2H3+ 0.116E-018
PC2H4+ 0.630E-019
PC3H+ 0.941E-013
PC4H+ 0.260E-013
PCH2+ 0.122E-007
PCH3+ 0.269E-016
PCH4+ 0.138E-016
PH3+ 0.387E-015
PNH2+ 0.323E-013
PNH3+ 0.304E-018
SIC2H3+ 0.938E-008
SIC3H2+ 0.839E-007
SIC4H+ 0.792E-010
SICH4+ 0.484E-012
SIF+ 0.340E-006
SIH5+ 0.370E-021
SINCH+ 0.869E-011
SINH2+ 0.193E-009
SIOH+ 0.193E-005
