C- 0.182E-008
E 0.144E+000
C2- 0.134E-008
C3- 0.205E-008
C4- 0.204E-005
C5- 0.287E-004
C6- 0.382E-004
C7- 0.113E-003
C8- 0.579E-004
C10- 0.115E-004
C2H- 0.108E-010
C3H- 0.473E-010
C3N- 0.203E-005
C4H- 0.865E-008
C5H- 0.887E-005
C6H- 0.178E-003
C7H- 0.887E-004
C8H- 0.262E-004
C9- 0.446E-004
C9H- 0.119E-004
CH- 0.461E-014
O- 0.630E-011
OH- 0.134E-010
S- 0.314E-009
CN- 0.646E-007
H- 0.168E-009
C10H- 0.139E-005
C5N- 0.120E-004
O2- 0.279E-025
C 0.215E+000
C2 0.587E-001
CH2 0.149E-002
C2H2 0.708E-003
CH 0.110E-001
C2H 0.966E-002
CO2 0.162E-005
CO 0.211E+001
H2O 0.120E-003
H2CO 0.758E-006
N 0.167E+000
CN 0.262E-001
NH 0.157E-004
HCN 0.106E-003
O2 0.679E-005
O 0.585E-001
OH 0.127E-002
HCO 0.205E-005
C4 0.151E-004
C3 0.256E-003
C5 0.794E-004
C6 0.192E-004
C7 0.195E-004
C8 0.286E-004
C9 0.762E-005
C10 0.568E-005
C3H 0.222E-003
C4H 0.402E-004
C4N 0.165E-005
C5H 0.185E-004
C6H 0.234E-003
C7H 0.390E-004
C8H 0.345E-004
C9H 0.488E-005
C10H 0.185E-005
CS 0.839E-002
CH3 0.980E-004
CH3CN 0.737E-007
CH3OH 0.734E-012
OCS 0.566E-006
CH4 0.296E-004
H 0.111E+001
H2 0.268E+004
NH2 0.318E-005
NH3 0.759E-007
C10H2 0.153E-005
H2CCC 0.735E-005
HC3N 0.212E-005
HC4H 0.977E-006
C5H2 0.710E-004
HC5N 0.103E-004
C6H2 0.929E-004
C7H2 0.630E-004
C8H2 0.232E-004
C9H2 0.107E-004
HS 0.621E-004
C2N 0.115E-003
C3N 0.800E-003
C5N 0.112E-004
C7N 0.636E-005
HC7N 0.219E-005
C9N 0.801E-006
HC9N 0.316E-006
NO 0.474E-004
NS 0.728E-005
NO2 0.232E-010
SO2 0.100E-009
C2O 0.198E-006
SO 0.526E-006
HNC 0.784E-005
C2H4 0.775E-007
C2H5 0.558E-010
C2H5OH 0.205E-018
C2S 0.949E-003
C3O 0.108E-008
C3S 0.203E-003
C4H3 0.504E-006
C4S 0.136E-005
C6H6 0.112E-004
CCP 0.539E-007
CCL 0.190E-007
CH2CCH2 0.569E-007
CH2CCH 0.435E-004
CH2CN 0.109E-006
CH2CO 0.775E-007
CH3CCH 0.855E-005
CH3CHCH2 0.108E-006
CH3CHO 0.527E-012
CH3COCH3 0.376E-016
CH3OCH3 0.276E-018
CP 0.832E-005
CLO 0.178E-029
FE 0.000E+000
H2S 0.527E-009
H2SIO 0.215E-017
HCOOCH3 0.158E-018
HCP 0.738E-005
HPO 0.211E-012
MG 0.000E+000
NCCN 0.676E-004
NA 0.000E+000
P 0.601E-005
PH 0.201E-007
PO 0.294E-007
SI 0.408E-002
SIC2 0.174E-001
SIC2H 0.570E-004
SIC3 0.103E-003
SIC 0.173E-002
SICH2 0.704E-007
SICH3 0.194E-008
SIH2 0.152E-011
SIH3 0.166E-015
SIN 0.186E-004
SIS 0.151E-002
S 0.120E-001
N2 0.652E-001
C2H3 0.937E-005
CH3CH3 0.105E-007
PN 0.354E-008
CL 0.868E-003
C3H2 0.126E-003
C4P 0.767E-011
CH3C4H 0.189E-005
CH3C6H 0.299E-006
H2CS 0.227E-005
H2S2 0.590E-011
HC2P 0.784E-010
HCSI 0.781E-003
HCL 0.325E-005
HNSI 0.503E-006
HS2 0.595E-010
N2O 0.158E-009
PH2 0.503E-013
S2 0.231E-006
SIC2H2 0.339E-005
SIC3H 0.291E-004
SIC4 0.137E-005
SIH4 0.546E-020
SIH 0.235E-006
SINC 0.322E-008
SIO 0.775E-004
F 0.236E-004
HE 0.456E+003
HCNO 0.734E-008
HNCO 0.508E-008
HONC 0.147E-012
HNO 0.537E-006
HCOOH 0.206E-010
C11 0.750E-007
C2H5CN 0.370E-012
C3P 0.374E-010
CH2CHCCH 0.221E-006
CH2CHCHCH2 0.610E-011
CH2CHCN 0.120E-005
CH2NH 0.231E-009
CH2PH 0.101E-013
CH3C3N 0.303E-005
CH3C5N 0.491E-009
CH3C7N 0.177E-009
CNO 0.345E-015
H2CN 0.460E-005
H2O2 0.175E-026
HCS 0.843E-005
HF 0.208E-004
HNC3 0.179E-008
HOCN 0.428E-008
NH2CN 0.289E-007
O2H 0.420E-012
OCN 0.577E-004
SIO2 0.316E-006
HCO+ 0.238E-005
H+ 0.137E-005
HOC+ 0.100E-006
C+ 0.678E-001
C10H+ 0.761E-008
C2H4+ 0.391E-006
C2H5+ 0.273E-010
C2H5OH+ 0.170E-020
C2O+ 0.310E-009
C2S+ 0.986E-007
C3O+ 0.222E-013
C3S+ 0.278E-006
C4H3+ 0.853E-008
C4S+ 0.213E-007
C6H6+ 0.313E-005
CCP+ 0.296E-008
CCL+ 0.573E-008
CH2+ 0.237E-005
C3H4+ 0.177E-007
CH2CCH+ 0.125E-005
CH2CN+ 0.520E-007
CH2CO+ 0.255E-008
C3H6+ 0.487E-010
CH3CHO+ 0.959E-015
CH3COCH3+ 0.340E-018
CH3OCH3+ 0.238E-020
CH+ 0.276E-005
CP+ 0.209E-009
CLO+ 0.419E-032
FE+ 0.000E+000
H2CO+ 0.359E-008
H2S+ 0.885E-008
H2SIO+ 0.307E-018
C4H2+ 0.165E-006
COOCH4+ 0.758E-021
HCP+ 0.293E-009
HPO+ 0.472E-010
MG+ 0.000E+000
C2N+ 0.836E-007
CNC+ 0.399E-006
NH3+ 0.727E-008
NO+ 0.152E-006
NS+ 0.206E-007
NA+ 0.000E+000
OCS+ 0.388E-008
P+ 0.453E-004
PH+ 0.490E-010
PO+ 0.122E-008
SO+ 0.586E-006
SI+ 0.539E-001
SIC2+ 0.130E-005
SIC2H+ 0.609E-004
SIC3+ 0.740E-006
SIC+ 0.506E-006
SICH2+ 0.145E-004
SICH3+ 0.171E-011
SIH2+ 0.303E-008
SIH3+ 0.237E-014
SIN+ 0.740E-007
SIS+ 0.115E-004
C2+ 0.809E-005
S+ 0.213E-001
CN+ 0.637E-009
CO+ 0.362E-007
N2+ 0.525E-011
O2+ 0.466E-008
C2H+ 0.786E-005
C2H2+ 0.224E-003
C2H3+ 0.260E-004
C5H2+ 0.350E-008
C6H2+ 0.435E-007
C7H2+ 0.294E-007
C3H3+ 0.519E-006
CO2+ 0.722E-016
HC3N+ 0.237E-007
HCN+ 0.971E-009
C2N2+ 0.270E-009
C3+ 0.987E-006
C5+ 0.377E-008
CH3CH3+ 0.183E-010
PN+ 0.186E-015
H2O+ 0.305E-008
NH2+ 0.844E-009
O+ 0.472E-010
OH+ 0.859E-009
CH3+ 0.782E-004
CH4+ 0.860E-009
CH3OH+ 0.362E-015
N+ 0.897E-010
SO2+ 0.613E-017
CS+ 0.121E-005
CL+ 0.164E-005
C10+ 0.211E-007
C10H2+ 0.286E-008
C3H2+ 0.658E-006
C3H+ 0.576E-005
C4+ 0.693E-007
C4H+ 0.152E-006
C4P+ 0.245E-018
C5H+ 0.494E-007
C6+ 0.487E-007
C6H+ 0.424E-007
C7+ 0.258E-007
C7H+ 0.869E-007
C8+ 0.738E-007
C8H2+ 0.471E-007
C8H+ 0.583E-008
C9+ 0.252E-007
C9H2+ 0.511E-008
C9H+ 0.181E-007
CH3C4H+ 0.654E-010
C7H4+ 0.689E-011
CH3CN+ 0.179E-010
H2CS+ 0.154E-009
H2S2+ 0.145E-016
HC2P+ 0.483E-009
HC5N+ 0.831E-012
HC7N+ 0.377E-008
HC9N+ 0.493E-009
HCSI+ 0.516E-006
HCL+ 0.309E-008
HNSI+ 0.520E-013
HS2+ 0.744E-013
HS+ 0.170E-008
N2O+ 0.281E-009
NH+ 0.249E-010
PH2+ 0.235E-010
S2+ 0.699E-009
SIC2H2+ 0.122E-007
SIC3H+ 0.179E-006
SIC4+ 0.143E-006
SIH4+ 0.149E-024
SIH+ 0.621E-009
SINC+ 0.173E-007
SIO+ 0.114E-006
H2+ 0.570E-008
F+ 0.115E-012
HE+ 0.678E-006
C3N+ 0.157E-009
HCNO+ 0.102E-016
HNCO+ 0.289E-012
HONC+ 0.498E-021
HNO+ 0.151E-011
HCOOH+ 0.625E-013
NO2+ 0.732E-014
CH2CHCNH+ 0.213E-010
HCS+ 0.477E-005
C10H3+ 0.120E-010
C11+ 0.432E-008
C2H5CNH+ 0.172E-014
C2H5OH2+ 0.175E-020
C2H7+ 0.250E-016
C2NH+ 0.741E-007
C3H2O+ 0.934E-010
C3H5+ 0.755E-006
C3H7+ 0.919E-007
C4H4+ 0.757E-013
C4H5+ 0.211E-009
C4H7+ 0.847E-015
C4N+ 0.281E-008
C5H3+ 0.208E-008
C5H5+ 0.120E-010
C5N+ 0.400E-012
C6H3+ 0.662E-009
C6H4+ 0.218E-011
C6H5+ 0.428E-009
C6H7+ 0.243E-009
C7H3+ 0.166E-009
C7H5+ 0.119E-008
C7N+ 0.310E-009
C8H3+ 0.121E-009
C8H4+ 0.410E-011
C8H5+ 0.311E-018
C9H3+ 0.889E-010
C9H4+ 0.615E-011
C9H5+ 0.756E-019
C9N+ 0.391E-010
CF+ 0.939E-006
CH2CHCN+ 0.510E-008
CH2NH2+ 0.134E-016
CH3C3N+ 0.678E-010
CH3C3NH+ 0.600E-009
CH3C5NH+ 0.111E-011
CH3C7NH+ 0.234E-012
CH3CHOH+ 0.836E-015
CH3CNH+ 0.583E-009
CH3CO+ 0.692E-009
CH3COCH4+ 0.240E-019
CH3CS+ 0.552E-011
CH3OCH4+ 0.319E-020
CH3OH2+ 0.692E-013
CH4N+ 0.540E-011
CH5+ 0.195E-007
H2C4N+ 0.699E-010
H2C7N+ 0.117E-009
H2C9N+ 0.153E-010
H2CCL+ 0.201E-011
H2CNO+ 0.483E-012
H2CL+ 0.524E-007
H2F+ 0.372E-011
H2NC+ 0.149E-007
H2NCO+ 0.133E-010
H2NO+ 0.314E-013
H2OCN+ 0.138E-010
H2PO+ 0.503E-016
H3+ 0.125E-005
H3C3O+ 0.390E-010
H3C5N+ 0.367E-012
H3C7N+ 0.383E-012
H3C9N+ 0.719E-013
H3CO+ 0.247E-011
H3CS+ 0.141E-008
H3O+ 0.423E-007
H3S+ 0.257E-013
H3S2+ 0.954E-016
H3SIO+ 0.945E-024
H5C2O2+ 0.256E-022
HC2O+ 0.813E-008
HC2S+ 0.328E-005
HC3NH+ 0.704E-009
HC3O+ 0.231E-011
HC3S+ 0.668E-007
HC4N+ 0.984E-013
HC4S+ 0.143E-009
HC5NH+ 0.380E-011
HCNH+ 0.240E-007
HCNOH+ 0.198E-014
HCO2+ 0.145E-010
HCOOH2+ 0.195E-014
HF+ 0.331E-013
HN2O+ 0.306E-016
HNCOH+ 0.276E-010
HNS+ 0.110E-011
HOCN+ 0.289E-012
HOCS+ 0.740E-012
HPN+ 0.303E-015
HSO+ 0.355E-012
HSO2+ 0.103E-016
HSIO2+ 0.269E-013
HSIS+ 0.667E-009
HEH+ 0.839E-010
N2H+ 0.146E-008
NCCNCH3+ 0.246E-012
NCCNH+ 0.382E-008
NH2CNH+ 0.189E-014
NH4+ 0.926E-011
O2H+ 0.242E-013
OCN+ 0.346E-014
PC2H2+ 0.485E-013
PC2H3+ 0.376E-019
PC2H4+ 0.220E-019
PC3H+ 0.462E-013
PC4H+ 0.134E-013
PCH2+ 0.919E-008
PCH3+ 0.897E-017
PCH4+ 0.499E-017
PH3+ 0.256E-015
PNH2+ 0.108E-013
PNH3+ 0.827E-019
SIC2H3+ 0.626E-008
SIC3H2+ 0.550E-007
SIC4H+ 0.448E-010
SICH4+ 0.239E-012
SIF+ 0.230E-006
SIH5+ 0.157E-021
SINCH+ 0.324E-011
SINH2+ 0.640E-010
SIOH+ 0.118E-005
