C- 0.169E-008
E 0.148E+000
C2- 0.109E-008
C3- 0.151E-008
C4- 0.150E-005
C5- 0.265E-004
C6- 0.365E-004
C7- 0.109E-003
C8- 0.571E-004
C10- 0.111E-004
C2H- 0.825E-011
C3H- 0.332E-010
C3N- 0.141E-005
C4H- 0.712E-008
C5H- 0.730E-005
C6H- 0.150E-003
C7H- 0.750E-004
C8H- 0.227E-004
C9- 0.444E-004
C9H- 0.107E-004
CH- 0.356E-014
O- 0.767E-011
OH- 0.139E-010
S- 0.246E-009
CN- 0.547E-007
H- 0.152E-009
C10H- 0.119E-005
C5N- 0.866E-005
O2- 0.420E-026
C 0.201E+000
C2 0.474E-001
CH2 0.125E-002
C2H2 0.485E-003
CH 0.960E-002
C2H 0.746E-002
CO2 0.100E-005
CO 0.183E+001
H2O 0.552E-004
H2CO 0.445E-006
N 0.157E+000
CN 0.188E-001
NH 0.964E-005
HCN 0.392E-004
O2 0.477E-005
O 0.604E-001
OH 0.849E-003
HCO 0.161E-005
C4 0.109E-004
C3 0.188E-003
C5 0.727E-004
C6 0.182E-004
C7 0.186E-004
C8 0.280E-004
C9 0.754E-005
C10 0.546E-005
C3H 0.151E-003
C4H 0.265E-004
C4N 0.106E-005
C5H 0.151E-004
C6H 0.196E-003
C7H 0.327E-004
C8H 0.296E-004
C9H 0.435E-005
C10H 0.157E-005
CS 0.639E-002
CH3 0.608E-004
CH3CN 0.216E-007
CH3OH 0.288E-012
OCS 0.278E-006
CH4 0.126E-004
H 0.103E+001
H2 0.234E+004
NH2 0.159E-005
NH3 0.239E-007
C10H2 0.127E-005
H2CCC 0.546E-005
HC3N 0.104E-005
HC4H 0.591E-006
C5H2 0.509E-004
HC5N 0.568E-005
C6H2 0.682E-004
C7H2 0.480E-004
C8H2 0.185E-004
C9H2 0.886E-005
HS 0.357E-004
C2N 0.809E-004
C3N 0.550E-003
C5N 0.801E-005
C7N 0.528E-005
HC7N 0.936E-006
C9N 0.761E-006
HC9N 0.167E-006
NO 0.335E-004
NS 0.530E-005
NO2 0.181E-010
SO2 0.359E-010
C2O 0.151E-006
SO 0.270E-006
HNC 0.542E-005
C2H4 0.364E-007
C2H5 0.398E-010
C2H5OH 0.386E-019
C2S 0.795E-003
C3O 0.742E-009
C3S 0.157E-003
C4H3 0.343E-006
C4S 0.104E-005
C6H6 0.870E-005
CCP 0.332E-007
CCL 0.140E-007
CH2CCH2 0.479E-007
CH2CCH 0.304E-004
CH2CN 0.683E-007
CH2CO 0.529E-007
CH3CCH 0.606E-005
CH3CHCH2 0.100E-006
CH3CHO 0.209E-012
CH3COCH3 0.902E-017
CH3OCH3 0.102E-018
CP 0.580E-005
CLO 0.135E-029
FE 0.000E+000
H2S 0.372E-009
H2SIO 0.137E-017
HCOOCH3 0.557E-019
HCP 0.496E-005
HPO 0.157E-012
MG 0.000E+000
NCCN 0.523E-004
NA 0.000E+000
P 0.429E-005
PH 0.138E-007
PO 0.210E-007
SI 0.313E-002
SIC2 0.125E-001
SIC2H 0.270E-004
SIC3 0.702E-004
SIC 0.135E-002
SICH2 0.313E-007
SICH3 0.141E-008
SIH2 0.736E-012
SIH3 0.114E-015
SIN 0.141E-004
SIS 0.760E-003
S 0.949E-002
N2 0.531E-001
C2H3 0.666E-005
CH3CH3 0.976E-008
PN 0.333E-008
CL 0.756E-003
C3H2 0.886E-004
C4P 0.495E-011
CH3C4H 0.130E-005
CH3C6H 0.270E-006
H2CS 0.123E-005
H2S2 0.351E-011
HC2P 0.518E-010
HCSI 0.636E-003
HCL 0.214E-005
HNSI 0.313E-006
HS2 0.444E-010
N2O 0.758E-010
PH2 0.416E-013
S2 0.149E-006
SIC2H2 0.248E-005
SIC3H 0.212E-004
SIC4 0.114E-005
SIH4 0.199E-020
SIH 0.155E-006
SINC 0.173E-008
SIO 0.449E-004
F 0.244E-004
HE 0.397E+003
HCNO 0.496E-008
HNCO 0.340E-008
HONC 0.102E-012
HNO 0.434E-006
HCOOH 0.134E-010
C11 0.631E-007
C2H5CN 0.902E-013
C3P 0.264E-010
CH2CHCCH 0.164E-006
CH2CHCHCH2 0.658E-011
CH2CHCN 0.640E-006
CH2NH 0.665E-010
CH2PH 0.551E-014
CH3C3N 0.197E-005
CH3C5N 0.216E-009
CH3C7N 0.701E-010
CNO 0.280E-015
H2CN 0.312E-005
H2O2 0.113E-026
HCS 0.680E-005
HF 0.145E-004
HNC3 0.892E-009
HOCN 0.285E-008
NH2CN 0.134E-007
O2H 0.285E-012
OCN 0.397E-004
SIO2 0.239E-006
HCO+ 0.162E-005
H+ 0.151E-005
HOC+ 0.777E-007
C+ 0.756E-001
C10H+ 0.651E-008
C2H4+ 0.276E-006
C2H5+ 0.103E-010
C2H5OH+ 0.319E-021
C2O+ 0.255E-009
C2S+ 0.907E-007
C3O+ 0.197E-013
C3S+ 0.211E-006
C4H3+ 0.555E-008
C4S+ 0.137E-007
C6H6+ 0.325E-005
CCP+ 0.212E-008
CCL+ 0.408E-008
CH2+ 0.236E-005
C3H4+ 0.119E-007
CH2CCH+ 0.967E-006
CH2CN+ 0.306E-007
CH2CO+ 0.139E-008
C3H6+ 0.364E-010
CH3CHO+ 0.367E-015
CH3COCH3+ 0.859E-019
CH3OCH3+ 0.884E-021
CH+ 0.279E-005
CP+ 0.186E-009
CLO+ 0.344E-032
FE+ 0.000E+000
H2CO+ 0.225E-008
H2S+ 0.730E-008
H2SIO+ 0.154E-018
C4H2+ 0.118E-006
COOCH4+ 0.290E-021
HCP+ 0.256E-009
HPO+ 0.202E-010
MG+ 0.000E+000
C2N+ 0.629E-007
CNC+ 0.185E-006
NH3+ 0.356E-008
NO+ 0.106E-006
NS+ 0.148E-007
NA+ 0.000E+000
OCS+ 0.182E-008
P+ 0.433E-004
PH+ 0.356E-010
PO+ 0.768E-009
SO+ 0.376E-006
SI+ 0.509E-001
SIC2+ 0.119E-005
SIC2H+ 0.467E-004
SIC3+ 0.491E-006
SIC+ 0.455E-006
SICH2+ 0.108E-004
SICH3+ 0.128E-011
SIH2+ 0.237E-008
SIH3+ 0.118E-014
SIN+ 0.529E-007
SIS+ 0.607E-005
C2+ 0.749E-005
S+ 0.211E-001
CN+ 0.516E-009
CO+ 0.314E-007
N2+ 0.497E-011
O2+ 0.314E-008
C2H+ 0.722E-005
C2H2+ 0.179E-003
C2H3+ 0.172E-004
C5H2+ 0.193E-008
C6H2+ 0.307E-007
C7H2+ 0.215E-007
C3H3+ 0.374E-006
CO2+ 0.492E-016
HC3N+ 0.134E-007
HCN+ 0.757E-009
C2N2+ 0.238E-009
C3+ 0.962E-006
C5+ 0.325E-008
CH3CH3+ 0.184E-010
PN+ 0.187E-015
H2O+ 0.192E-008
NH2+ 0.504E-009
O+ 0.427E-010
OH+ 0.676E-009
CH3+ 0.651E-004
CH4+ 0.396E-009
CH3OH+ 0.135E-015
N+ 0.855E-010
SO2+ 0.254E-017
CS+ 0.111E-005
CL+ 0.184E-005
C10+ 0.199E-007
C10H2+ 0.225E-008
C3H2+ 0.456E-006
C3H+ 0.483E-005
C4+ 0.628E-007
C4H+ 0.133E-006
C4P+ 0.169E-018
C5H+ 0.321E-007
C6+ 0.439E-007
C6H+ 0.327E-007
C7+ 0.240E-007
C7H+ 0.676E-007
C8+ 0.666E-007
C8H2+ 0.373E-007
C8H+ 0.558E-008
C9+ 0.244E-007
C9H2+ 0.403E-008
C9H+ 0.151E-007
CH3C4H+ 0.341E-010
C7H4+ 0.320E-011
CH3CN+ 0.111E-010
H2CS+ 0.866E-010
H2S2+ 0.745E-017
HC2P+ 0.300E-009
HC5N+ 0.561E-012
HC7N+ 0.263E-008
HC9N+ 0.393E-009
HCSI+ 0.462E-006
HCL+ 0.192E-008
HNSI+ 0.411E-013
HS2+ 0.462E-013
HS+ 0.118E-008
N2O+ 0.252E-009
NH+ 0.218E-010
PH2+ 0.195E-010
S2+ 0.407E-009
SIC2H2+ 0.790E-008
SIC3H+ 0.117E-006
SIC4+ 0.103E-006
SIH4+ 0.102E-024
SIH+ 0.361E-009
SINC+ 0.113E-007
SIO+ 0.815E-007
H2+ 0.570E-008
F+ 0.949E-013
HE+ 0.688E-006
C3N+ 0.129E-009
HCNO+ 0.813E-017
HNCO+ 0.201E-012
HONC+ 0.406E-021
HNO+ 0.869E-012
HCOOH+ 0.389E-013
NO2+ 0.629E-014
CH2CHCNH+ 0.929E-011
HCS+ 0.364E-005
C10H3+ 0.736E-011
C11+ 0.405E-008
C2H5CNH+ 0.405E-015
C2H5OH2+ 0.449E-021
C2H7+ 0.171E-016
C2NH+ 0.532E-007
C3H2O+ 0.678E-010
C3H5+ 0.534E-006
C3H7+ 0.594E-007
C4H4+ 0.386E-013
C4H5+ 0.120E-009
C4H7+ 0.582E-015
C4N+ 0.160E-008
C5H3+ 0.154E-008
C5H5+ 0.575E-011
C5N+ 0.280E-012
C6H3+ 0.475E-009
C6H4+ 0.111E-011
C6H5+ 0.413E-009
C6H7+ 0.194E-009
C7H3+ 0.108E-009
C7H5+ 0.995E-009
C7N+ 0.294E-009
C8H3+ 0.714E-010
C8H4+ 0.199E-011
C8H5+ 0.128E-018
C9H3+ 0.527E-010
C9H4+ 0.304E-011
C9H5+ 0.353E-019
C9N+ 0.424E-010
CF+ 0.706E-006
CH2CHCN+ 0.270E-008
CH2NH2+ 0.253E-017
CH3C3N+ 0.464E-010
CH3C3NH+ 0.343E-009
CH3C5NH+ 0.511E-012
CH3C7NH+ 0.842E-013
CH3CHOH+ 0.300E-015
CH3CNH+ 0.193E-009
CH3CO+ 0.500E-009
CH3COCH4+ 0.741E-020
CH3CS+ 0.296E-011
CH3OCH4+ 0.102E-020
CH3OH2+ 0.253E-013
CH4N+ 0.219E-011
CH5+ 0.138E-007
H2C4N+ 0.482E-010
H2C7N+ 0.682E-010
H2C9N+ 0.102E-010
H2CCL+ 0.113E-011
H2CNO+ 0.874E-013
H2CL+ 0.202E-007
H2F+ 0.223E-011
H2NC+ 0.114E-007
H2NCO+ 0.790E-011
H2NO+ 0.213E-013
H2OCN+ 0.799E-011
H2PO+ 0.174E-016
H3+ 0.108E-005
H3C3O+ 0.239E-010
H3C5N+ 0.182E-012
H3C7N+ 0.190E-012
H3C9N+ 0.259E-013
H3CO+ 0.110E-011
H3CS+ 0.569E-009
H3O+ 0.222E-007
H3S+ 0.150E-013
H3S2+ 0.507E-016
H3SIO+ 0.361E-024
H5C2O2+ 0.546E-023
HC2O+ 0.642E-008
HC2S+ 0.249E-005
HC3NH+ 0.340E-009
HC3O+ 0.154E-011
HC3S+ 0.453E-007
HC4N+ 0.752E-013
HC4S+ 0.809E-010
HC5NH+ 0.199E-011
HCNH+ 0.153E-007
HCNOH+ 0.117E-014
HCO2+ 0.637E-011
HCOOH2+ 0.604E-015
HF+ 0.272E-013
HN2O+ 0.122E-016
HNCOH+ 0.160E-010
HNS+ 0.602E-012
HOCN+ 0.201E-012
HOCS+ 0.308E-012
HPN+ 0.204E-015
HSO+ 0.164E-012
HSO2+ 0.342E-017
HSIO2+ 0.144E-013
HSIS+ 0.257E-009
HEH+ 0.838E-010
N2H+ 0.100E-008
NCCNCH3+ 0.152E-012
NCCNH+ 0.280E-008
NH2CNH+ 0.619E-015
NH4+ 0.369E-011
O2H+ 0.139E-013
OCN+ 0.300E-014
PC2H2+ 0.200E-013
PC2H3+ 0.119E-019
PC2H4+ 0.784E-020
PC3H+ 0.219E-013
PC4H+ 0.657E-014
PCH2+ 0.669E-008
PCH3+ 0.266E-017
PCH4+ 0.166E-017
PH3+ 0.162E-015
PNH2+ 0.315E-014
PNH3+ 0.194E-019
SIC2H3+ 0.404E-008
SIC3H2+ 0.352E-007
SIC4H+ 0.250E-010
SICH4+ 0.120E-012
SIF+ 0.147E-006
SIH5+ 0.666E-022
SINCH+ 0.114E-011
SINH2+ 0.191E-010
SIOH+ 0.697E-006
