C- 0.154E-008
E 0.150E+000
C2- 0.870E-009
C3- 0.110E-008
C4- 0.112E-005
C5- 0.245E-004
C6- 0.346E-004
C7- 0.104E-003
C8- 0.548E-004
C10- 0.103E-004
C2H- 0.625E-011
C3H- 0.232E-010
C3N- 0.969E-006
C4H- 0.567E-008
C5H- 0.598E-005
C6H- 0.126E-003
C7H- 0.624E-004
C8H- 0.191E-004
C9- 0.431E-004
C9H- 0.931E-005
CH- 0.263E-014
O- 0.874E-011
OH- 0.138E-010
S- 0.188E-009
CN- 0.462E-007
H- 0.136E-009
C10H- 0.966E-006
C5N- 0.623E-005
O2- 0.109E-026
C 0.183E+000
C2 0.377E-001
CH2 0.104E-002
C2H2 0.330E-003
CH 0.818E-002
C2H 0.571E-002
CO2 0.595E-006
CO 0.159E+001
H2O 0.235E-004
H2CO 0.263E-006
N 0.147E+000
CN 0.132E-001
NH 0.564E-005
HCN 0.151E-004
O2 0.323E-005
O 0.592E-001
OH 0.548E-003
HCO 0.127E-005
C4 0.809E-005
C3 0.138E-003
C5 0.671E-004
C6 0.171E-004
C7 0.177E-004
C8 0.267E-004
C9 0.729E-005
C10 0.507E-005
C3H 0.103E-003
C4H 0.176E-004
C4N 0.668E-006
C5H 0.123E-004
C6H 0.164E-003
C7H 0.271E-004
C8H 0.247E-004
C9H 0.377E-005
C10H 0.127E-005
CS 0.481E-002
CH3 0.378E-004
CH3CN 0.661E-008
CH3OH 0.103E-012
OCS 0.132E-006
CH4 0.515E-005
H 0.946E+000
H2 0.204E+004
NH2 0.749E-006
NH3 0.688E-008
C10H2 0.101E-005
H2CCC 0.400E-005
HC3N 0.512E-006
HC4H 0.355E-006
C5H2 0.355E-004
HC5N 0.316E-005
C6H2 0.502E-004
C7H2 0.360E-004
C8H2 0.143E-004
C9H2 0.706E-005
HS 0.190E-004
C2N 0.559E-004
C3N 0.371E-003
C5N 0.570E-005
C7N 0.440E-005
HC7N 0.399E-006
C9N 0.706E-006
HC9N 0.846E-007
NO 0.227E-004
NS 0.366E-005
NO2 0.140E-010
SO2 0.116E-010
C2O 0.114E-006
SO 0.133E-006
HNC 0.383E-005
C2H4 0.176E-007
C2H5 0.268E-010
C2H5OH 0.656E-020
C2S 0.653E-003
C3O 0.510E-009
C3S 0.118E-003
C4H3 0.229E-006
C4S 0.773E-006
C6H6 0.666E-005
CCP 0.199E-007
CCL 0.101E-007
CH2CCH2 0.355E-007
CH2CCH 0.209E-004
CH2CN 0.420E-007
CH2CO 0.361E-007
CH3CCH 0.425E-005
CH3CHCH2 0.759E-007
CH3CHO 0.848E-013
CH3COCH3 0.180E-017
CH3OCH3 0.338E-019
CP 0.394E-005
CLO 0.100E-029
FE 0.000E+000
H2S 0.269E-009
H2SIO 0.848E-018
HCOOCH3 0.177E-019
HCP 0.327E-005
HPO 0.114E-012
MG 0.000E+000
NCCN 0.398E-004
NA 0.000E+000
P 0.296E-005
PH 0.914E-008
PO 0.144E-007
SI 0.237E-002
SIC2 0.870E-002
SIC2H 0.120E-004
SIC3 0.462E-004
SIC 0.101E-002
SICH2 0.134E-007
SICH3 0.100E-008
SIH2 0.339E-012
SIH3 0.766E-016
SIN 0.101E-004
SIS 0.350E-003
S 0.734E-002
N2 0.430E-001
C2H3 0.471E-005
CH3CH3 0.741E-008
PN 0.307E-008
CL 0.659E-003
C3H2 0.619E-004
C4P 0.307E-011
CH3C4H 0.870E-006
CH3C6H 0.242E-006
H2CS 0.631E-006
H2S2 0.203E-011
HC2P 0.330E-010
HCSI 0.495E-003
HCL 0.155E-005
HNSI 0.188E-006
HS2 0.326E-010
N2O 0.334E-010
PH2 0.332E-013
S2 0.921E-007
SIC2H2 0.174E-005
SIC3H 0.149E-004
SIC4 0.944E-006
SIH4 0.785E-021
SIH 0.106E-006
SINC 0.888E-009
SIO 0.257E-004
F 0.242E-004
HE 0.346E+003
HCNO 0.319E-008
HNCO 0.217E-008
HONC 0.670E-013
HNO 0.347E-006
HCOOH 0.843E-011
C11 0.499E-007
C2H5CN 0.206E-013
C3P 0.182E-010
CH2CHCCH 0.119E-006
CH2CHCHCH2 0.480E-011
CH2CHCN 0.315E-006
CH2NH 0.170E-010
CH2PH 0.286E-014
CH3C3N 0.120E-005
CH3C5N 0.888E-010
CH3C7N 0.248E-010
CNO 0.212E-015
H2CN 0.207E-005
H2O2 0.695E-027
HCS 0.536E-005
HF 0.984E-005
HNC3 0.444E-009
HOCN 0.182E-008
NH2CN 0.588E-008
O2H 0.187E-012
OCN 0.265E-004
SIO2 0.178E-006
HCO+ 0.107E-005
H+ 0.165E-005
HOC+ 0.579E-007
C+ 0.825E-001
C10H+ 0.539E-008
C2H4+ 0.195E-006
C2H5+ 0.403E-011
C2H5OH+ 0.541E-022
C2O+ 0.207E-009
C2S+ 0.815E-007
C3O+ 0.171E-013
C3S+ 0.159E-006
C4H3+ 0.346E-008
C4S+ 0.881E-008
C6H6+ 0.328E-005
CCP+ 0.147E-008
CCL+ 0.318E-008
CH2+ 0.230E-005
C3H4+ 0.806E-008
CH2CCH+ 0.732E-006
CH2CN+ 0.175E-007
CH2CO+ 0.750E-009
C3H6+ 0.248E-010
CH3CHO+ 0.145E-015
CH3COCH3+ 0.180E-019
CH3OCH3+ 0.297E-021
CH+ 0.275E-005
CP+ 0.158E-009
CLO+ 0.275E-032
FE+ 0.000E+000
H2CO+ 0.143E-008
H2S+ 0.599E-008
H2SIO+ 0.767E-019
C4H2+ 0.837E-007
COOCH4+ 0.991E-022
HCP+ 0.214E-009
HPO+ 0.798E-011
MG+ 0.000E+000
C2N+ 0.472E-007
CNC+ 0.952E-007
NH3+ 0.173E-008
NO+ 0.712E-007
NS+ 0.101E-007
NA+ 0.000E+000
OCS+ 0.840E-009
P+ 0.407E-004
PH+ 0.248E-010
PO+ 0.465E-009
SO+ 0.231E-006
SI+ 0.474E-001
SIC2+ 0.105E-005
SIC2H+ 0.347E-004
SIC3+ 0.321E-006
SIC+ 0.394E-006
SICH2+ 0.784E-005
SICH3+ 0.940E-012
SIH2+ 0.186E-008
SIH3+ 0.608E-015
SIN+ 0.368E-007
SIS+ 0.293E-005
C2+ 0.684E-005
S+ 0.205E-001
CN+ 0.395E-009
CO+ 0.258E-007
N2+ 0.467E-011
O2+ 0.205E-008
C2H+ 0.653E-005
C2H2+ 0.142E-003
C2H3+ 0.113E-004
C5H2+ 0.105E-008
C6H2+ 0.219E-007
C7H2+ 0.156E-007
C3H3+ 0.267E-006
CO2+ 0.320E-016
HC3N+ 0.749E-008
HCN+ 0.565E-009
C2N2+ 0.207E-009
C3+ 0.908E-006
C5+ 0.278E-008
CH3CH3+ 0.142E-010
PN+ 0.185E-015
H2O+ 0.120E-008
NH2+ 0.295E-009
O+ 0.365E-010
OH+ 0.515E-009
CH3+ 0.533E-004
CH4+ 0.174E-009
CH3OH+ 0.465E-016
N+ 0.811E-010
SO2+ 0.950E-018
CS+ 0.988E-006
CL+ 0.178E-005
C10+ 0.182E-007
C10H2+ 0.171E-008
C3H2+ 0.311E-006
C3H+ 0.394E-005
C4+ 0.552E-007
C4H+ 0.114E-006
C4P+ 0.113E-018
C5H+ 0.211E-007
C6+ 0.391E-007
C6H+ 0.247E-007
C7+ 0.220E-007
C7H+ 0.529E-007
C8+ 0.590E-007
C8H2+ 0.290E-007
C8H+ 0.517E-008
C9+ 0.228E-007
C9H2+ 0.311E-008
C9H+ 0.123E-007
CH3C4H+ 0.177E-010
C7H4+ 0.146E-011
CH3CN+ 0.753E-011
H2CS+ 0.484E-010
H2S2+ 0.388E-017
HC2P+ 0.185E-009
HC5N+ 0.381E-012
HC7N+ 0.197E-008
HC9N+ 0.326E-009
HCSI+ 0.398E-006
HCL+ 0.135E-008
HNSI+ 0.314E-013
HS2+ 0.296E-013
HS+ 0.818E-009
N2O+ 0.223E-009
NH+ 0.190E-010
PH2+ 0.160E-010
S2+ 0.230E-009
SIC2H2+ 0.509E-008
SIC3H+ 0.762E-007
SIC4+ 0.735E-007
SIH4+ 0.677E-025
SIH+ 0.214E-009
SINC+ 0.747E-008
SIO+ 0.559E-007
H2+ 0.570E-008
F+ 0.762E-013
HE+ 0.697E-006
C3N+ 0.103E-009
HCNO+ 0.616E-017
HNCO+ 0.136E-012
HONC+ 0.316E-021
HNO+ 0.491E-012
HCOOH+ 0.238E-013
NO2+ 0.537E-014
CH2CHCNH+ 0.377E-011
HCS+ 0.272E-005
C10H3+ 0.438E-011
C11+ 0.363E-008
C2H5CNH+ 0.988E-016
C2H5OH2+ 0.120E-021
C2H7+ 0.877E-017
C2NH+ 0.374E-007
C3H2O+ 0.484E-010
C3H5+ 0.373E-006
C3H7+ 0.381E-007
C4H4+ 0.195E-013
C4H5+ 0.666E-010
C4H7+ 0.307E-015
C4N+ 0.899E-009
C5H3+ 0.114E-008
C5H5+ 0.275E-011
C5N+ 0.196E-012
C6H3+ 0.332E-009
C6H4+ 0.558E-012
C6H5+ 0.389E-009
C6H7+ 0.154E-009
C7H3+ 0.734E-010
C7H5+ 0.811E-009
C7N+ 0.280E-009
C8H3+ 0.418E-010
C8H4+ 0.974E-012
C8H5+ 0.505E-019
C9H3+ 0.307E-010
C9H4+ 0.149E-011
C9H5+ 0.166E-019
C9N+ 0.450E-010
CF+ 0.511E-006
CH2CHCN+ 0.131E-008
CH2NH2+ 0.420E-018
CH3C3N+ 0.287E-010
CH3C3NH+ 0.180E-009
CH3C5NH+ 0.238E-012
CH3C7NH+ 0.300E-013
CH3CHOH+ 0.109E-015
CH3CNH+ 0.717E-010
CH3CO+ 0.360E-009
CH3COCH4+ 0.235E-020
CH3CS+ 0.162E-011
CH3OCH4+ 0.300E-021
CH3OH2+ 0.853E-014
CH4N+ 0.828E-012
CH5+ 0.992E-008
H2C4N+ 0.300E-010
H2C7N+ 0.433E-010
H2C9N+ 0.715E-011
H2CCL+ 0.689E-012
H2CNO+ 0.254E-013
H2CL+ 0.106E-007
H2F+ 0.133E-011
H2NC+ 0.848E-008
H2NCO+ 0.453E-011
H2NO+ 0.146E-013
H2OCN+ 0.455E-011
H2PO+ 0.551E-017
H3+ 0.940E-006
H3C3O+ 0.145E-010
H3C5N+ 0.833E-013
H3C7N+ 0.981E-013
H3C9N+ 0.925E-014
H3CO+ 0.455E-012
H3CS+ 0.217E-009
H3O+ 0.116E-007
H3S+ 0.888E-014
H3S2+ 0.282E-016
H3SIO+ 0.141E-024
H5C2O2+ 0.107E-023
HC2O+ 0.478E-008
HC2S+ 0.186E-005
HC3NH+ 0.167E-009
HC3O+ 0.102E-011
HC3S+ 0.302E-007
HC4N+ 0.562E-013
HC4S+ 0.450E-010
HC5NH+ 0.108E-011
HCNH+ 0.956E-008
HCNOH+ 0.672E-015
HCO2+ 0.267E-011
HCOOH2+ 0.171E-015
HF+ 0.218E-013
HN2O+ 0.449E-017
HNCOH+ 0.910E-011
HNS+ 0.322E-012
HOCN+ 0.136E-012
HOCS+ 0.123E-012
HPN+ 0.138E-015
HSO+ 0.741E-013
HSO2+ 0.104E-017
HSIO2+ 0.774E-014
HSIS+ 0.925E-010
HEH+ 0.838E-010
N2H+ 0.699E-009
NCCNCH3+ 0.916E-013
NCCNH+ 0.204E-008
NH2CNH+ 0.196E-015
NH4+ 0.148E-011
O2H+ 0.765E-014
OCN+ 0.261E-014
PC2H2+ 0.848E-014
PC2H3+ 0.377E-020
PC2H4+ 0.290E-020
PC3H+ 0.100E-013
PC4H+ 0.311E-014
PCH2+ 0.471E-008
PCH3+ 0.730E-018
PCH4+ 0.532E-018
PH3+ 0.999E-016
PNH2+ 0.838E-015
PNH3+ 0.414E-020
SIC2H3+ 0.257E-008
SIC3H2+ 0.222E-007
SIC4H+ 0.136E-010
SICH4+ 0.603E-013
SIF+ 0.914E-007
SIH5+ 0.296E-022
SINCH+ 0.415E-012
SINH2+ 0.544E-011
SIOH+ 0.400E-006
