C- 0.135E-008
E 0.151E+000
C2- 0.688E-009
C3- 0.779E-009
C4- 0.847E-006
C5- 0.229E-004
C6- 0.324E-004
C7- 0.977E-004
C8- 0.512E-004
C10- 0.931E-005
C2H- 0.468E-011
C3H- 0.159E-010
C3N- 0.659E-006
C4H- 0.428E-008
C5H- 0.490E-005
C6H- 0.106E-003
C7H- 0.513E-004
C8H- 0.156E-004
C9- 0.408E-004
C9H- 0.786E-005
CH- 0.181E-014
O- 0.921E-011
OH- 0.127E-010
S- 0.142E-009
CN- 0.390E-007
H- 0.121E-009
C10H- 0.755E-006
C5N- 0.449E-005
O2- 0.929E-027
C 0.162E+000
C2 0.296E-001
CH2 0.839E-003
C2H2 0.223E-003
CH 0.679E-002
C2H 0.431E-002
CO2 0.342E-006
CO 0.138E+001
H2O 0.930E-005
H2CO 0.157E-006
N 0.136E+000
CN 0.921E-002
NH 0.317E-005
HCN 0.662E-005
O2 0.211E-005
O 0.543E-001
OH 0.342E-003
HCO 0.101E-005
C4 0.607E-005
C3 0.101E-003
C5 0.621E-004
C6 0.159E-004
C7 0.166E-004
C8 0.248E-004
C9 0.686E-005
C10 0.454E-005
C3H 0.697E-004
C4H 0.118E-004
C4N 0.418E-006
C5H 0.100E-004
C6H 0.137E-003
C7H 0.221E-004
C8H 0.201E-004
C9H 0.316E-005
C10H 0.986E-006
CS 0.358E-002
CH3 0.237E-004
CH3CN 0.237E-008
CH3OH 0.339E-013
OCS 0.617E-007
CH4 0.205E-005
H 0.869E+000
H2 0.177E+004
NH2 0.337E-006
NH3 0.184E-008
C10H2 0.761E-006
H2CCC 0.290E-005
HC3N 0.256E-006
HC4H 0.211E-006
C5H2 0.242E-004
HC5N 0.180E-005
C6H2 0.371E-004
C7H2 0.266E-004
C8H2 0.108E-004
C9H2 0.545E-005
HS 0.943E-005
C2N 0.380E-004
C3N 0.247E-003
C5N 0.407E-005
C7N 0.368E-005
HC7N 0.176E-006
C9N 0.639E-006
HC9N 0.419E-007
NO 0.147E-004
NS 0.241E-005
NO2 0.108E-010
SO2 0.342E-011
C2O 0.844E-007
SO 0.647E-007
HNC 0.271E-005
C2H4 0.797E-008
C2H5 0.127E-010
C2H5OH 0.104E-020
C2S 0.524E-003
C3O 0.349E-009
C3S 0.873E-004
C4H3 0.151E-006
C4S 0.565E-006
C6H6 0.501E-005
CCP 0.117E-007
CCL 0.719E-008
CH2CCH2 0.224E-007
CH2CCH 0.142E-004
CH2CN 0.258E-007
CH2CO 0.247E-007
CH3CCH 0.296E-005
CH3CHCH2 0.441E-007
CH3CHO 0.287E-013
CH3COCH3 0.303E-018
CH3OCH3 0.101E-019
CP 0.260E-005
CLO 0.731E-030
FE 0.000E+000
H2S 0.198E-009
H2SIO 0.511E-018
HCOOCH3 0.511E-020
HCP 0.211E-005
HPO 0.804E-013
MG 0.000E+000
NCCN 0.298E-004
NA 0.000E+000
P 0.199E-005
PH 0.589E-008
PO 0.956E-008
SI 0.179E-002
SIC2 0.592E-002
SIC2H 0.511E-005
SIC3 0.294E-004
SIC 0.722E-003
SICH2 0.569E-008
SICH3 0.693E-009
SIH2 0.150E-012
SIH3 0.500E-016
SIN 0.683E-005
SIS 0.148E-003
S 0.559E-002
N2 0.346E-001
C2H3 0.330E-005
CH3CH3 0.430E-008
PN 0.278E-008
CL 0.574E-003
C3H2 0.427E-004
C4P 0.184E-011
CH3C4H 0.569E-006
CH3C6H 0.214E-006
H2CS 0.306E-006
H2S2 0.114E-011
HC2P 0.205E-010
HCSI 0.371E-003
HCL 0.122E-005
HNSI 0.109E-006
HS2 0.238E-010
N2O 0.136E-010
PH2 0.258E-013
S2 0.542E-007
SIC2H2 0.118E-005
SIC3H 0.101E-004
SIC4 0.780E-006
SIH4 0.334E-021
SIH 0.742E-007
SINC 0.438E-009
SIO 0.145E-004
F 0.232E-004
HE 0.301E+003
HCNO 0.195E-008
HNCO 0.134E-008
HONC 0.423E-013
HNO 0.276E-006
HCOOH 0.519E-011
C11 0.371E-007
C2H5CN 0.483E-014
C3P 0.123E-010
CH2CHCCH 0.846E-007
CH2CHCHCH2 0.207E-011
CH2CHCN 0.143E-006
CH2NH 0.391E-011
CH2PH 0.142E-014
CH3C3N 0.696E-006
CH3C5N 0.350E-010
CH3C7N 0.795E-011
CNO 0.150E-015
H2CN 0.134E-005
H2O2 0.413E-027
HCS 0.414E-005
HF 0.659E-005
HNC3 0.220E-009
HOCN 0.112E-008
NH2CN 0.247E-008
O2H 0.119E-012
OCN 0.171E-004
SIO2 0.132E-006
HCO+ 0.688E-006
H+ 0.178E-005
HOC+ 0.418E-007
C+ 0.882E-001
C10H+ 0.429E-008
C2H4+ 0.137E-006
C2H5+ 0.157E-011
C2H5OH+ 0.855E-023
C2O+ 0.164E-009
C2S+ 0.712E-007
C3O+ 0.144E-013
C3S+ 0.117E-006
C4H3+ 0.205E-008
C4S+ 0.567E-008
C6H6+ 0.324E-005
CCP+ 0.995E-009
CCL+ 0.267E-008
CH2+ 0.217E-005
C3H4+ 0.546E-008
CH2CCH+ 0.538E-006
CH2CN+ 0.975E-008
CH2CO+ 0.403E-009
C3H6+ 0.142E-010
CH3CHO+ 0.486E-016
CH3COCH3+ 0.317E-020
CH3OCH3+ 0.899E-022
CH+ 0.263E-005
CP+ 0.128E-009
CLO+ 0.214E-032
FE+ 0.000E+000
H2CO+ 0.901E-009
H2S+ 0.487E-008
H2SIO+ 0.371E-019
C4H2+ 0.578E-007
COOCH4+ 0.304E-022
HCP+ 0.171E-009
HPO+ 0.290E-011
MG+ 0.000E+000
C2N+ 0.349E-007
CNC+ 0.565E-007
NH3+ 0.866E-009
NO+ 0.462E-007
NS+ 0.669E-008
NA+ 0.000E+000
OCS+ 0.383E-009
P+ 0.376E-004
PH+ 0.167E-010
PO+ 0.272E-009
SO+ 0.136E-006
SI+ 0.436E-001
SIC2+ 0.888E-006
SIC2H+ 0.249E-004
SIC3+ 0.205E-006
SIC+ 0.330E-006
SICH2+ 0.557E-005
SICH3+ 0.669E-012
SIH2+ 0.146E-008
SIH3+ 0.323E-015
SIN+ 0.247E-007
SIS+ 0.128E-005
C2+ 0.615E-005
S+ 0.195E-001
CN+ 0.287E-009
CO+ 0.201E-007
N2+ 0.435E-011
O2+ 0.130E-008
C2H+ 0.582E-005
C2H2+ 0.111E-003
C2H3+ 0.742E-005
C5H2+ 0.559E-009
C6H2+ 0.160E-007
C7H2+ 0.114E-007
C3H3+ 0.186E-006
CO2+ 0.200E-016
HC3N+ 0.412E-008
HCN+ 0.406E-009
C2N2+ 0.176E-009
C3+ 0.826E-006
C5+ 0.234E-008
CH3CH3+ 0.782E-011
PN+ 0.181E-015
H2O+ 0.750E-009
NH2+ 0.175E-009
O+ 0.295E-010
OH+ 0.380E-009
CH3+ 0.430E-004
CH4+ 0.753E-010
CH3OH+ 0.149E-016
N+ 0.765E-010
SO2+ 0.321E-018
CS+ 0.851E-006
CL+ 0.140E-005
C10+ 0.160E-007
C10H2+ 0.126E-008
C3H2+ 0.208E-006
C3H+ 0.312E-005
C4+ 0.470E-007
C4H+ 0.935E-007
C4P+ 0.727E-019
C5H+ 0.140E-007
C6+ 0.345E-007
C6H+ 0.183E-007
C7+ 0.200E-007
C7H+ 0.415E-007
C8+ 0.513E-007
C8H2+ 0.221E-007
C8H+ 0.464E-008
C9+ 0.205E-007
C9H2+ 0.235E-008
C9H+ 0.978E-008
CH3C4H+ 0.908E-011
C7H4+ 0.654E-012
CH3CN+ 0.532E-011
H2CS+ 0.271E-010
H2S2+ 0.205E-017
HC2P+ 0.112E-009
HC5N+ 0.262E-012
HC7N+ 0.156E-008
HC9N+ 0.275E-009
HCSI+ 0.332E-006
HCL+ 0.116E-008
HNSI+ 0.234E-013
HS2+ 0.195E-013
HS+ 0.568E-009
N2O+ 0.196E-009
NH+ 0.166E-010
PH2+ 0.131E-010
S2+ 0.126E-009
SIC2H2+ 0.326E-008
SIC3H+ 0.488E-007
SIC4+ 0.508E-007
SIH4+ 0.440E-025
SIH+ 0.129E-009
SINC+ 0.490E-008
SIO+ 0.368E-007
H2+ 0.569E-008
F+ 0.602E-013
HE+ 0.703E-006
C3N+ 0.799E-010
HCNO+ 0.443E-017
HNCO+ 0.899E-013
HONC+ 0.234E-021
HNO+ 0.273E-012
HCOOH+ 0.143E-013
NO2+ 0.454E-014
CH2CHCNH+ 0.142E-011
HCS+ 0.199E-005
C10H3+ 0.253E-011
C11+ 0.309E-008
C2H5CNH+ 0.280E-016
C2H5OH2+ 0.308E-022
C2H7+ 0.314E-017
C2NH+ 0.259E-007
C3H2O+ 0.342E-010
C3H5+ 0.255E-006
C3H7+ 0.241E-007
C4H4+ 0.979E-014
C4H5+ 0.362E-010
C4H7+ 0.115E-015
C4N+ 0.503E-009
C5H3+ 0.838E-009
C5H5+ 0.131E-011
C5N+ 0.138E-012
C6H3+ 0.225E-009
C6H4+ 0.274E-012
C6H5+ 0.358E-009
C6H7+ 0.120E-009
C7H3+ 0.527E-010
C7H5+ 0.642E-009
C7N+ 0.268E-009
C8H3+ 0.243E-010
C8H4+ 0.479E-012
C8H5+ 0.189E-019
C9H3+ 0.177E-010
C9H4+ 0.724E-012
C9H5+ 0.770E-020
C9N+ 0.465E-010
CF+ 0.361E-006
CH2CHCN+ 0.587E-009
CH2NH2+ 0.615E-019
CH3C3N+ 0.160E-010
CH3C3NH+ 0.861E-010
CH3C5NH+ 0.113E-012
CH3C7NH+ 0.110E-013
CH3CHOH+ 0.399E-016
CH3CNH+ 0.315E-010
CH3CO+ 0.258E-009
CH3COCH4+ 0.635E-021
CH3CS+ 0.744E-012
CH3OCH4+ 0.802E-022
CH3OH2+ 0.265E-014
CH4N+ 0.296E-012
CH5+ 0.714E-008
H2C4N+ 0.169E-010
H2C7N+ 0.293E-010
H2C9N+ 0.518E-011
H2CCL+ 0.451E-012
H2CNO+ 0.210E-013
H2CL+ 0.114E-007
H2F+ 0.800E-012
H2NC+ 0.615E-008
H2NCO+ 0.253E-011
H2NO+ 0.101E-013
H2OCN+ 0.255E-011
H2PO+ 0.162E-017
H3+ 0.822E-006
H3C3O+ 0.875E-011
H3C5N+ 0.346E-013
H3C7N+ 0.531E-013
H3C9N+ 0.341E-014
H3CO+ 0.174E-012
H3CS+ 0.801E-010
H3O+ 0.618E-008
H3S+ 0.532E-014
H3S2+ 0.164E-016
H3SIO+ 0.565E-025
H5C2O2+ 0.197E-024
HC2O+ 0.330E-008
HC2S+ 0.138E-005
HC3NH+ 0.828E-010
HC3O+ 0.650E-012
HC3S+ 0.198E-007
HC4N+ 0.408E-013
HC4S+ 0.245E-010
HC5NH+ 0.611E-012
HCNH+ 0.582E-008
HCNOH+ 0.373E-015
HCO2+ 0.106E-011
HCOOH2+ 0.439E-016
HF+ 0.171E-013
HN2O+ 0.154E-017
HNCOH+ 0.510E-011
HNS+ 0.169E-012
HOCN+ 0.899E-013
HOCS+ 0.478E-013
HPN+ 0.930E-016
HSO+ 0.334E-013
HSO2+ 0.292E-018
HSIO2+ 0.420E-014
HSIS+ 0.313E-010
HEH+ 0.838E-010
N2H+ 0.492E-009
NCCNCH3+ 0.540E-013
NCCNH+ 0.148E-008
NH2CNH+ 0.602E-016
NH4+ 0.617E-012
O2H+ 0.411E-014
OCN+ 0.227E-014
PC2H2+ 0.330E-014
PC2H3+ 0.108E-020
PC2H4+ 0.992E-021
PC3H+ 0.440E-014
PC4H+ 0.142E-014
PCH2+ 0.320E-008
PCH3+ 0.191E-018
PCH4+ 0.167E-018
PH3+ 0.600E-016
PNH2+ 0.206E-015
PNH3+ 0.819E-021
SIC2H3+ 0.161E-008
SIC3H2+ 0.138E-007
SIC4H+ 0.718E-011
SICH4+ 0.304E-013
SIF+ 0.560E-007
SIH5+ 0.137E-022
SINCH+ 0.171E-012
SINH2+ 0.160E-011
SIOH+ 0.223E-006
