C- 0.120E-008
E 0.153E+000
C2- 0.535E-009
C3- 0.581E-009
C4- 0.641E-006
C5- 0.216E-004
C6- 0.302E-004
C7- 0.915E-004
C8- 0.470E-004
C10- 0.810E-005
C2H- 0.344E-011
C3H- 0.111E-010
C3N- 0.438E-006
C4H- 0.346E-008
C5H- 0.403E-005
C6H- 0.892E-004
C7H- 0.419E-004
C8H- 0.125E-004
C9- 0.378E-004
C9H- 0.646E-005
CH- 0.131E-014
O- 0.105E-010
OH- 0.127E-010
S- 0.106E-009
CN- 0.325E-007
H- 0.108E-009
C10H- 0.566E-006
C5N- 0.326E-005
O2- 0.217E-027
C 0.144E+000
C2 0.227E-001
CH2 0.662E-003
C2H2 0.148E-003
CH 0.549E-002
C2H 0.318E-002
CO2 0.186E-006
CO 0.119E+001
H2O 0.329E-005
H2CO 0.949E-007
N 0.125E+000
CN 0.624E-002
NH 0.167E-005
HCN 0.334E-005
O2 0.132E-005
O 0.536E-001
OH 0.204E-003
HCO 0.779E-006
C4 0.451E-005
C3 0.718E-004
C5 0.577E-004
C6 0.146E-004
C7 0.153E-004
C8 0.224E-004
C9 0.626E-005
C10 0.389E-005
C3H 0.462E-004
C4H 0.762E-005
C4N 0.256E-006
C5H 0.813E-005
C6H 0.114E-003
C7H 0.178E-004
C8H 0.159E-004
C9H 0.255E-005
C10H 0.729E-006
CS 0.261E-002
CH3 0.150E-004
CH3CN 0.102E-008
CH3OH 0.976E-014
OCS 0.268E-007
CH4 0.792E-006
H 0.796E+000
H2 0.154E+004
NH2 0.141E-006
NH3 0.447E-009
C10H2 0.544E-006
H2CCC 0.202E-005
HC3N 0.123E-006
HC4H 0.119E-006
C5H2 0.160E-004
HC5N 0.105E-005
C6H2 0.273E-004
C7H2 0.193E-004
C8H2 0.780E-005
C9H2 0.403E-005
HS 0.426E-005
C2N 0.250E-004
C3N 0.159E-003
C5N 0.291E-005
C7N 0.308E-005
HC7N 0.801E-007
C9N 0.560E-006
HC9N 0.199E-007
NO 0.906E-005
NS 0.150E-005
NO2 0.822E-011
SO2 0.869E-012
C2O 0.622E-007
SO 0.280E-007
HNC 0.188E-005
C2H4 0.457E-008
C2H5 0.897E-011
C2H5OH 0.151E-021
C2S 0.410E-003
C3O 0.236E-009
C3S 0.626E-004
C4H3 0.961E-007
C4S 0.401E-006
C6H6 0.368E-005
CCP 0.662E-008
CCL 0.497E-008
CH2CCH2 0.156E-007
CH2CCH 0.930E-005
CH2CN 0.155E-007
CH2CO 0.167E-007
CH3CCH 0.196E-005
CH3CHCH2 0.313E-007
CH3CHO 0.117E-013
CH3COCH3 0.404E-019
CH3OCH3 0.258E-020
CP 0.165E-005
CLO 0.517E-030
FE 0.000E+000
H2S 0.144E-009
H2SIO 0.297E-018
HCOOCH3 0.127E-020
HCP 0.132E-005
HPO 0.550E-013
MG 0.000E+000
NCCN 0.219E-004
NA 0.000E+000
P 0.129E-005
PH 0.368E-008
PO 0.604E-008
SI 0.132E-002
SIC2 0.387E-002
SIC2H 0.202E-005
SIC3 0.178E-004
SIC 0.498E-003
SICH2 0.234E-008
SICH3 0.462E-009
SIH2 0.618E-013
SIH3 0.313E-016
SIN 0.434E-005
SIS 0.557E-004
S 0.418E-002
N2 0.275E-001
C2H3 0.229E-005
CH3CH3 0.306E-008
PN 0.249E-008
CL 0.500E-003
C3H2 0.286E-004
C4P 0.104E-011
CH3C4H 0.360E-006
CH3C6H 0.186E-006
H2CS 0.137E-006
H2S2 0.611E-012
HC2P 0.121E-010
HCSI 0.266E-003
HCL 0.984E-006
HNSI 0.599E-007
HS2 0.169E-010
N2O 0.483E-011
PH2 0.193E-013
S2 0.301E-007
SIC2H2 0.757E-006
SIC3H 0.647E-005
SIC4 0.641E-006
SIH4 0.145E-021
SIH 0.518E-007
SINC 0.202E-009
SIO 0.782E-005
F 0.218E-004
HE 0.263E+003
HCNO 0.111E-008
HNCO 0.775E-009
HONC 0.250E-013
HNO 0.216E-006
HCOOH 0.307E-011
C11 0.257E-007
C2H5CN 0.127E-014
C3P 0.802E-011
CH2CHCCH 0.586E-007
CH2CHCHCH2 0.134E-011
CH2CHCN 0.581E-007
CH2NH 0.759E-012
CH2PH 0.661E-015
CH3C3N 0.375E-006
CH3C5N 0.133E-010
CH3C7N 0.228E-011
CNO 0.984E-016
H2CN 0.838E-006
H2O2 0.232E-027
HCS 0.312E-005
HF 0.419E-005
HNC3 0.109E-009
HOCN 0.652E-009
NH2CN 0.953E-009
O2H 0.727E-013
OCN 0.106E-004
SIO2 0.956E-007
HCO+ 0.431E-006
H+ 0.193E-005
HOC+ 0.290E-007
C+ 0.936E-001
C10H+ 0.322E-008
C2H4+ 0.926E-007
C2H5+ 0.742E-012
C2H5OH+ 0.122E-023
C2O+ 0.126E-009
C2S+ 0.605E-007
C3O+ 0.119E-013
C3S+ 0.838E-007
C4H3+ 0.113E-008
C4S+ 0.348E-008
C6H6+ 0.313E-005
CCP+ 0.639E-009
CCL+ 0.225E-008
CH2+ 0.199E-005
C3H4+ 0.349E-008
CH2CCH+ 0.377E-006
CH2CN+ 0.510E-008
CH2CO+ 0.210E-009
C3H6+ 0.920E-011
CH3CHO+ 0.195E-016
CH3COCH3+ 0.435E-021
CH3OCH3+ 0.231E-022
CH+ 0.244E-005
CP+ 0.985E-010
CLO+ 0.158E-032
FE+ 0.000E+000
H2CO+ 0.583E-009
H2S+ 0.390E-008
H2SIO+ 0.189E-019
C4H2+ 0.380E-007
COOCH4+ 0.788E-023
HCP+ 0.130E-009
HPO+ 0.924E-012
MG+ 0.000E+000
C2N+ 0.249E-007
CNC+ 0.366E-007
NH3+ 0.442E-009
NO+ 0.281E-007
NS+ 0.415E-008
NA+ 0.000E+000
OCS+ 0.162E-009
P+ 0.343E-004
PH+ 0.108E-010
PO+ 0.150E-009
SO+ 0.754E-007
SI+ 0.398E-001
SIC2+ 0.714E-006
SIC2H+ 0.169E-004
SIC3+ 0.125E-006
SIC+ 0.269E-006
SICH2+ 0.381E-005
SICH3+ 0.455E-012
SIH2+ 0.113E-008
SIH3+ 0.168E-015
SIN+ 0.156E-007
SIS+ 0.494E-006
C2+ 0.541E-005
S+ 0.183E-001
CN+ 0.199E-009
CO+ 0.149E-007
N2+ 0.401E-011
O2+ 0.783E-009
C2H+ 0.506E-005
C2H2+ 0.835E-004
C2H3+ 0.469E-005
C5H2+ 0.285E-009
C6H2+ 0.115E-007
C7H2+ 0.805E-008
C3H3+ 0.124E-006
CO2+ 0.118E-016
HC3N+ 0.214E-008
HCN+ 0.283E-009
C2N2+ 0.147E-009
C3+ 0.724E-006
C5+ 0.189E-008
CH3CH3+ 0.564E-011
PN+ 0.174E-015
H2O+ 0.469E-009
NH2+ 0.106E-009
O+ 0.228E-010
OH+ 0.272E-009
CH3+ 0.334E-004
CH4+ 0.318E-010
CH3OH+ 0.414E-017
N+ 0.718E-010
SO2+ 0.924E-019
CS+ 0.708E-006
CL+ 0.135E-005
C10+ 0.134E-007
C10H2+ 0.871E-009
C3H2+ 0.133E-006
C3H+ 0.237E-005
C4+ 0.385E-007
C4H+ 0.735E-007
C4P+ 0.440E-019
C5H+ 0.917E-008
C6+ 0.301E-007
C6H+ 0.131E-007
C7+ 0.178E-007
C7H+ 0.320E-007
C8+ 0.433E-007
C8H2+ 0.162E-007
C8H+ 0.402E-008
C9+ 0.177E-007
C9H2+ 0.170E-008
C9H+ 0.739E-008
CH3C4H+ 0.434E-011
C7H4+ 0.274E-012
CH3CN+ 0.369E-011
H2CS+ 0.151E-010
H2S2+ 0.106E-017
HC2P+ 0.657E-010
HC5N+ 0.177E-012
HC7N+ 0.124E-008
HC9N+ 0.228E-009
HCSI+ 0.269E-006
HCL+ 0.872E-009
HNSI+ 0.167E-013
HS2+ 0.127E-013
HS+ 0.381E-009
N2O+ 0.172E-009
NH+ 0.145E-010
PH2+ 0.106E-010
S2+ 0.655E-010
SIC2H2+ 0.204E-008
SIC3H+ 0.298E-007
SIC4+ 0.331E-007
SIH4+ 0.272E-025
SIH+ 0.768E-010
SINC+ 0.310E-008
SIO+ 0.229E-007
H2+ 0.569E-008
F+ 0.452E-013
HE+ 0.711E-006
C3N+ 0.595E-010
HCNO+ 0.296E-017
HNCO+ 0.566E-013
HONC+ 0.162E-021
HNO+ 0.147E-012
HCOOH+ 0.819E-014
NO2+ 0.379E-014
CH2CHCNH+ 0.480E-012
HCS+ 0.140E-005
C10H3+ 0.135E-011
C11+ 0.249E-008
C2H5CNH+ 0.919E-017
C2H5OH2+ 0.989E-023
C2H7+ 0.144E-017
C2NH+ 0.173E-007
C3H2O+ 0.234E-010
C3H5+ 0.166E-006
C3H7+ 0.144E-007
C4H4+ 0.460E-014
C4H5+ 0.182E-010
C4H7+ 0.534E-016
C4N+ 0.266E-009
C5H3+ 0.600E-009
C5H5+ 0.581E-012
C5N+ 0.951E-013
C6H3+ 0.146E-009
C6H4+ 0.123E-012
C6H5+ 0.318E-009
C6H7+ 0.904E-010
C7H3+ 0.389E-010
C7H5+ 0.489E-009
C7N+ 0.255E-009
C8H3+ 0.134E-010
C8H4+ 0.223E-012
C8H5+ 0.619E-020
C9H3+ 0.957E-011
C9H4+ 0.331E-012
C9H5+ 0.329E-020
C9N+ 0.465E-010
CF+ 0.239E-006
CH2CHCN+ 0.237E-009
CH2NH2+ 0.736E-020
CH3C3N+ 0.794E-011
CH3C3NH+ 0.362E-010
CH3C5NH+ 0.523E-013
CH3C7NH+ 0.400E-014
CH3CHOH+ 0.142E-016
CH3CNH+ 0.152E-010
CH3CO+ 0.176E-009
CH3COCH4+ 0.196E-021
CH3CS+ 0.449E-012
CH3OCH4+ 0.180E-022
CH3OH2+ 0.704E-015
CH4N+ 0.954E-013
CH5+ 0.500E-008
H2C4N+ 0.844E-011
H2C7N+ 0.199E-010
H2C9N+ 0.365E-011
H2CCL+ 0.290E-012
H2CNO+ 0.570E-014
H2CL+ 0.591E-008
H2F+ 0.452E-012
H2NC+ 0.432E-008
H2NCO+ 0.135E-011
H2NO+ 0.677E-014
H2OCN+ 0.136E-011
H2PO+ 0.415E-018
H3+ 0.713E-006
H3C3O+ 0.510E-011
H3C5N+ 0.128E-013
H3C7N+ 0.289E-013
H3C9N+ 0.125E-014
H3CO+ 0.601E-013
H3CS+ 0.282E-010
H3O+ 0.327E-008
H3S+ 0.306E-014
H3S2+ 0.931E-017
H3SIO+ 0.220E-025
H5C2O2+ 0.314E-025
HC2O+ 0.238E-008
HC2S+ 0.985E-006
HC3NH+ 0.394E-010
HC3O+ 0.421E-012
HC3S+ 0.123E-007
HC4N+ 0.280E-013
HC4S+ 0.125E-010
HC5NH+ 0.340E-012
HCNH+ 0.341E-008
HCNOH+ 0.192E-015
HCO2+ 0.390E-012
HCOOH2+ 0.979E-017
HF+ 0.128E-013
HN2O+ 0.465E-018
HNCOH+ 0.272E-011
HNS+ 0.833E-013
HOCN+ 0.566E-013
HOCS+ 0.159E-013
HPN+ 0.623E-016
HSO+ 0.146E-013
HSO2+ 0.693E-019
HSIO2+ 0.224E-014
HSIS+ 0.945E-011
HEH+ 0.837E-010
N2H+ 0.341E-009
NCCNCH3+ 0.299E-013
NCCNH+ 0.105E-008
NH2CNH+ 0.171E-016
NH4+ 0.262E-012
O2H+ 0.209E-014
OCN+ 0.197E-014
PC2H2+ 0.163E-014
PC2H3+ 0.380E-021
PC2H4+ 0.432E-021
PC3H+ 0.176E-014
PC4H+ 0.584E-015
PCH2+ 0.206E-008
PCH3+ 0.461E-019
PCH4+ 0.497E-019
PH3+ 0.344E-016
PNH2+ 0.451E-016
PNH3+ 0.143E-021
SIC2H3+ 0.951E-009
SIC3H2+ 0.814E-008
SIC4H+ 0.358E-011
SICH4+ 0.148E-013
SIF+ 0.321E-007
SIH5+ 0.621E-023
SINCH+ 0.802E-013
SINH2+ 0.521E-012
SIOH+ 0.117E-006
