C- 0.105E-008
E 0.152E+000
C2- 0.402E-009
C3- 0.437E-009
C4- 0.477E-006
C5- 0.201E-004
C6- 0.277E-004
C7- 0.845E-004
C8- 0.417E-004
C10- 0.673E-005
C2H- 0.243E-011
C3H- 0.764E-011
C3N- 0.280E-006
C4H- 0.286E-008
C5H- 0.327E-005
C6H- 0.749E-004
C7H- 0.337E-004
C8H- 0.970E-005
C9- 0.340E-004
C9H- 0.513E-005
CH- 0.943E-015
O- 0.120E-010
OH- 0.128E-010
S- 0.764E-010
CN- 0.267E-007
H- 0.949E-010
C10H- 0.403E-006
C5N- 0.237E-005
O2- 0.257E-028
C 0.127E+000
C2 0.171E-001
CH2 0.509E-003
C2H2 0.962E-004
CH 0.430E-002
C2H 0.228E-002
CO2 0.953E-007
CO 0.103E+001
H2O 0.105E-005
H2CO 0.581E-007
N 0.115E+000
CN 0.413E-002
NH 0.837E-006
HCN 0.189E-005
O2 0.783E-006
O 0.543E-001
OH 0.117E-003
HCO 0.583E-006
C4 0.332E-005
C3 0.496E-004
C5 0.540E-004
C6 0.135E-004
C7 0.141E-004
C8 0.200E-004
C9 0.565E-005
C10 0.324E-005
C3H 0.300E-004
C4H 0.478E-005
C4N 0.156E-006
C5H 0.661E-005
C6H 0.962E-004
C7H 0.144E-004
C8H 0.123E-004
C9H 0.203E-005
C10H 0.520E-006
CS 0.187E-002
CH3 0.951E-005
CH3CN 0.510E-009
CH3OH 0.249E-014
OCS 0.111E-007
CH4 0.320E-006
H 0.726E+000
H2 0.134E+004
NH2 0.568E-007
NH3 0.108E-009
C10H2 0.367E-006
H2CCC 0.135E-005
HC3N 0.581E-007
HC4H 0.643E-007
C5H2 0.104E-004
HC5N 0.625E-006
C6H2 0.201E-004
C7H2 0.137E-004
C8H2 0.546E-005
C9H2 0.287E-005
HS 0.177E-005
C2N 0.160E-004
C3N 0.100E-003
C5N 0.212E-005
C7N 0.256E-005
HC7N 0.386E-007
C9N 0.474E-006
HC9N 0.928E-008
NO 0.527E-005
NS 0.879E-006
NO2 0.623E-011
SO2 0.192E-012
C2O 0.452E-007
SO 0.111E-007
HNC 0.127E-005
C2H4 0.318E-008
C2H5 0.783E-011
C2H5OH 0.249E-022
C2S 0.311E-003
C3O 0.158E-009
C3S 0.435E-004
C4H3 0.595E-007
C4S 0.276E-006
C6H6 0.264E-005
CCP 0.362E-008
CCL 0.335E-008
CH2CCH2 0.112E-007
CH2CCH 0.589E-005
CH2CN 0.918E-008
CH2CO 0.112E-007
CH3CCH 0.124E-005
CH3CHCH2 0.238E-007
CH3CHO 0.554E-014
CH3COCH3 0.453E-020
CH3OCH3 0.564E-021
CP 0.101E-005
CLO 0.355E-030
FE 0.000E+000
H2S 0.104E-009
H2SIO 0.168E-018
HCOOCH3 0.269E-021
HCP 0.798E-006
HPO 0.364E-013
MG 0.000E+000
NCCN 0.157E-004
NA 0.000E+000
P 0.801E-006
PH 0.226E-008
PO 0.365E-008
SI 0.951E-003
SIC2 0.244E-002
SIC2H 0.763E-006
SIC3 0.104E-004
SIC 0.333E-003
SICH2 0.964E-009
SICH3 0.298E-009
SIH2 0.244E-013
SIH3 0.189E-016
SIN 0.260E-005
SIS 0.187E-004
S 0.308E-002
N2 0.217E-001
C2H3 0.158E-005
CH3CH3 0.234E-008
PN 0.221E-008
CL 0.435E-003
C3H2 0.186E-004
C4P 0.558E-012
CH3C4H 0.220E-006
CH3C6H 0.159E-006
H2CS 0.579E-007
H2S2 0.311E-012
HC2P 0.688E-011
HCSI 0.182E-003
HCL 0.801E-006
HNSI 0.313E-007
HS2 0.118E-010
N2O 0.152E-011
PH2 0.140E-013
S2 0.157E-007
SIC2H2 0.463E-006
SIC3H 0.395E-005
SIC4 0.523E-006
SIH4 0.654E-022
SIH 0.362E-007
SINC 0.879E-010
SIO 0.406E-005
F 0.201E-004
HE 0.229E+003
HCNO 0.586E-009
HNCO 0.425E-009
HONC 0.139E-013
HNO 0.168E-006
HCOOH 0.174E-011
C11 0.166E-007
C2H5CN 0.410E-015
C3P 0.507E-011
CH2CHCCH 0.397E-007
CH2CHCHCH2 0.979E-012
CH2CHCN 0.212E-007
CH2NH 0.130E-012
CH2PH 0.288E-015
CH3C3N 0.188E-006
CH3C5N 0.520E-011
CH3C7N 0.616E-012
CNO 0.600E-016
H2CN 0.509E-006
H2O2 0.123E-027
HCS 0.230E-005
HF 0.257E-005
HNC3 0.543E-010
HOCN 0.360E-009
NH2CN 0.339E-009
O2H 0.423E-013
OCN 0.633E-005
SIO2 0.681E-007
HCO+ 0.270E-006
H+ 0.208E-005
HOC+ 0.194E-007
C+ 0.980E-001
C10H+ 0.238E-008
C2H4+ 0.636E-007
C2H5+ 0.454E-012
C2H5OH+ 0.194E-024
C2O+ 0.974E-010
C2S+ 0.500E-007
C3O+ 0.960E-014
C3S+ 0.592E-007
C4H3+ 0.593E-009
C4S+ 0.211E-008
C6H6+ 0.297E-005
CCP+ 0.402E-009
CCL+ 0.194E-008
CH2+ 0.178E-005
C3H4+ 0.219E-008
CH2CCH+ 0.261E-006
CH2CN+ 0.265E-008
CH2CO+ 0.114E-009
C3H6+ 0.656E-011
CH3CHO+ 0.921E-017
CH3COCH3+ 0.509E-022
CH3OCH3+ 0.517E-023
CH+ 0.221E-005
CP+ 0.723E-010
CLO+ 0.115E-032
FE+ 0.000E+000
H2CO+ 0.401E-009
H2S+ 0.315E-008
H2SIO+ 0.106E-019
C4H2+ 0.246E-007
COOCH4+ 0.178E-023
HCP+ 0.944E-010
HPO+ 0.269E-012
MG+ 0.000E+000
C2N+ 0.178E-007
CNC+ 0.253E-007
NH3+ 0.250E-009
NO+ 0.165E-007
NS+ 0.248E-008
NA+ 0.000E+000
OCS+ 0.673E-010
P+ 0.310E-004
PH+ 0.687E-011
PO+ 0.808E-010
SO+ 0.404E-007
SI+ 0.360E-001
SIC2+ 0.547E-006
SIC2H+ 0.112E-004
SIC3+ 0.747E-007
SIC+ 0.213E-006
SICH2+ 0.260E-005
SICH3+ 0.303E-012
SIH2+ 0.882E-009
SIH3+ 0.927E-016
SIN+ 0.950E-008
SIS+ 0.172E-006
C2+ 0.465E-005
S+ 0.170E-001
CN+ 0.133E-009
CO+ 0.104E-007
N2+ 0.366E-011
O2+ 0.460E-009
C2H+ 0.430E-005
C2H2+ 0.626E-004
C2H3+ 0.300E-005
C5H2+ 0.145E-009
C6H2+ 0.842E-008
C7H2+ 0.573E-008
C3H3+ 0.823E-007
CO2+ 0.663E-017
HC3N+ 0.110E-008
HCN+ 0.195E-009
C2N2+ 0.120E-009
C3+ 0.611E-006
C5+ 0.148E-008
CH3CH3+ 0.449E-011
PN+ 0.168E-015
H2O+ 0.301E-009
NH2+ 0.698E-010
O+ 0.168E-010
OH+ 0.191E-009
CH3+ 0.258E-004
CH4+ 0.143E-010
CH3OH+ 0.104E-017
N+ 0.673E-010
SO2+ 0.233E-019
CS+ 0.570E-006
CL+ 0.141E-005
C10+ 0.112E-007
C10H2+ 0.585E-009
C3H2+ 0.851E-007
C3H+ 0.176E-005
C4+ 0.304E-007
C4H+ 0.556E-007
C4P+ 0.257E-019
C5H+ 0.605E-008
C6+ 0.268E-007
C6H+ 0.952E-008
C7+ 0.160E-007
C7H+ 0.252E-007
C8+ 0.370E-007
C8H2+ 0.118E-007
C8H+ 0.341E-008
C9+ 0.152E-007
C9H2+ 0.121E-008
C9H+ 0.555E-008
CH3C4H+ 0.206E-011
C7H4+ 0.117E-012
CH3CN+ 0.261E-011
H2CS+ 0.870E-011
H2S2+ 0.572E-018
HC2P+ 0.382E-010
HC5N+ 0.121E-012
HC7N+ 0.102E-008
HC9N+ 0.189E-009
HCSI+ 0.212E-006
HCL+ 0.648E-009
HNSI+ 0.120E-013
HS2+ 0.845E-014
HS+ 0.256E-009
N2O+ 0.150E-009
NH+ 0.128E-010
PH2+ 0.859E-011
S2+ 0.332E-010
SIC2H2+ 0.127E-008
SIC3H+ 0.179E-007
SIC4+ 0.209E-007
SIH4+ 0.165E-025
SIH+ 0.474E-010
SINC+ 0.194E-008
SIO+ 0.136E-007
H2+ 0.569E-008
F+ 0.328E-013
HE+ 0.720E-006
C3N+ 0.431E-010
HCNO+ 0.185E-017
HNCO+ 0.348E-013
HONC+ 0.106E-021
HNO+ 0.806E-013
HCOOH+ 0.462E-014
NO2+ 0.315E-014
CH2CHCNH+ 0.153E-012
HCS+ 0.971E-006
C10H3+ 0.711E-012
C11+ 0.196E-008
C2H5CNH+ 0.356E-017
C2H5OH2+ 0.415E-023
C2H7+ 0.727E-018
C2NH+ 0.118E-007
C3H2O+ 0.162E-010
C3H5+ 0.108E-006
C3H7+ 0.885E-008
C4H4+ 0.218E-014
C4H5+ 0.902E-011
C4H7+ 0.275E-016
C4N+ 0.137E-009
C5H3+ 0.429E-009
C5H5+ 0.258E-012
C5N+ 0.659E-013
C6H3+ 0.927E-010
C6H4+ 0.546E-013
C6H5+ 0.281E-009
C6H7+ 0.689E-010
C7H3+ 0.305E-010
C7H5+ 0.367E-009
C7N+ 0.243E-009
C8H3+ 0.750E-011
C8H4+ 0.108E-012
C8H5+ 0.191E-020
C9H3+ 0.519E-011
C9H4+ 0.154E-012
C9H5+ 0.138E-020
C9N+ 0.449E-010
CF+ 0.154E-006
CH2CHCN+ 0.883E-010
CH2NH2+ 0.797E-021
CH3C3N+ 0.349E-011
CH3C3NH+ 0.138E-010
CH3C5NH+ 0.253E-013
CH3C7NH+ 0.156E-014
CH3CHOH+ 0.534E-017
CH3CNH+ 0.824E-011
CH3CO+ 0.122E-009
CH3COCH4+ 0.707E-022
CH3CS+ 0.315E-012
CH3OCH4+ 0.363E-023
CH3OH2+ 0.172E-015
CH4N+ 0.299E-013
CH5+ 0.358E-008
H2C4N+ 0.374E-011
H2C7N+ 0.142E-010
H2C9N+ 0.264E-011
H2CCL+ 0.191E-012
H2CNO+ 0.101E-014
H2CL+ 0.224E-008
H2F+ 0.255E-012
H2NC+ 0.306E-008
H2NCO+ 0.722E-012
H2NO+ 0.467E-014
H2OCN+ 0.723E-012
H2PO+ 0.100E-018
H3+ 0.627E-006
H3C3O+ 0.308E-011
H3C5N+ 0.443E-014
H3C7N+ 0.167E-013
H3C9N+ 0.494E-015
H3CO+ 0.206E-013
H3CS+ 0.105E-010
H3O+ 0.181E-008
H3S+ 0.181E-014
H3S2+ 0.553E-017
H3SIO+ 0.903E-026
H5C2O2+ 0.475E-026
HC2O+ 0.179E-008
HC2S+ 0.700E-006
HC3NH+ 0.195E-010
HC3O+ 0.281E-012
HC3S+ 0.751E-008
HC4N+ 0.188E-013
HC4S+ 0.617E-011
HC5NH+ 0.198E-012
HCNH+ 0.202E-008
HCNOH+ 0.950E-016
HCO2+ 0.141E-012
HCOOH2+ 0.202E-017
HF+ 0.925E-014
HN2O+ 0.130E-018
HNCOH+ 0.145E-011
HNS+ 0.410E-013
HOCN+ 0.348E-013
HOCS+ 0.498E-014
HPN+ 0.438E-016
HSO+ 0.665E-014
HSO2+ 0.149E-019
HSIO2+ 0.124E-014
HSIS+ 0.268E-011
HEH+ 0.837E-010
N2H+ 0.242E-009
NCCNCH3+ 0.165E-013
NCCNH+ 0.738E-009
NH2CNH+ 0.474E-017
NH4+ 0.125E-012
O2H+ 0.104E-014
OCN+ 0.171E-014
PC2H2+ 0.102E-014
PC2H3+ 0.167E-021
PC2H4+ 0.245E-021
PC3H+ 0.699E-015
PC4H+ 0.234E-015
PCH2+ 0.129E-008
PCH3+ 0.118E-019
PCH4+ 0.161E-019
PH3+ 0.199E-016
PNH2+ 0.996E-017
PNH3+ 0.260E-022
SIC2H3+ 0.550E-009
SIC3H2+ 0.471E-008
SIC4H+ 0.177E-011
SICH4+ 0.747E-014
SIF+ 0.180E-007
SIH5+ 0.302E-023
SINCH+ 0.429E-013
SINH2+ 0.221E-012
SIOH+ 0.598E-007
