C- 0.172E-009
E 0.293E+000
C2- 0.175E-014
C3- 0.529E-011
C4- 0.259E-011
C5- 0.702E-011
C6- 0.476E-012
C7- 0.847E-014
C8- 0.706E-014
C10- 0.650E-019
C2H- 0.176E-005
C3H- 0.531E-011
C3N- 0.103E-009
C4H- 0.269E-011
C5H- 0.125E-007
C6H- 0.772E-009
C7H- 0.143E-010
C8H- 0.964E-014
C9- 0.223E-014
C9H- 0.377E-013
CH- 0.895E-012
O- 0.421E-013
OH- 0.422E-008
S- 0.717E-011
CN- 0.140E-005
H- 0.218E-007
C10H- 0.214E-019
C5N- 0.171E-013
O2- 0.823E-034
C 0.219E+001
C2 0.545E-001
CH2 0.478E-001
C2H2 0.107E+004
CH 0.256E-004
C2H 0.137E-001
CO2 0.129E-003
CO 0.196E+005
H2O 0.629E+002
H2CO 0.144E-005
N 0.152E+000
CN 0.382E-001
NH 0.222E-003
HCN 0.100E+004
O2 0.325E-009
O 0.171E+001
OH 0.104E+000
HCO 0.353E-005
C4 0.957E-008
C3 0.287E-002
C5 0.399E-008
C6 0.475E-010
C7 0.906E-012
C8 0.739E-012
C9 0.869E-013
C10 0.902E-015
C3H 0.287E-002
C4H 0.152E-004
C4N 0.997E-013
C5H 0.459E-005
C6H 0.204E-006
C7H 0.127E-008
C8H 0.298E-011
C9H 0.418E-011
C10H 0.128E-014
CS 0.259E+003
CH3 0.118E-001
CH3CN 0.266E-004
CH3OH 0.105E-008
OCS 0.106E-004
CH4 0.856E+002
H 0.516E+001
H2 0.245E+008
NH2 0.688E-003
NH3 0.147E+001
C10H2 0.147E-017
H2CCC 0.836E-007
HC3N 0.413E-005
HC4H 0.527E-003
C5H2 0.405E-004
HC5N 0.124E-010
C6H2 0.737E-004
C7H2 0.120E-008
C8H2 0.226E-011
C9H2 0.412E-011
HS 0.143E-003
C2N 0.173E-009
C3N 0.372E-005
C5N 0.318E-011
C7N 0.143E-015
HC7N 0.817E-013
C9N 0.327E-018
HC9N 0.294E-018
NO 0.117E-006
NS 0.902E-011
NO2 0.626E-022
SO2 0.119E-018
C2O 0.147E-011
SO 0.731E-008
HNC 0.290E-003
C2H4 0.167E+001
C2H5 0.291E-012
C2H5OH 0.902E-014
C2S 0.145E-006
C3O 0.171E-009
C3S 0.451E-007
C4H3 0.131E-007
C4S 0.143E-011
C6H6 0.665E-004
CCP 0.104E-009
CCL 0.104E-009
CH2CCH2 0.275E-010
CH2CCH 0.147E-002
CH2CN 0.895E-011
CH2CO 0.696E-006
CH3CCH 0.166E-006
CH3CHCH2 0.164E-016
CH3CHO 0.515E-008
CH3COCH3 0.112E-019
CH3OCH3 0.761E-021
CP 0.154E-003
CLO 0.220E-023
FE 0.000E+000
H2S 0.978E-001
H2SIO 0.220E-025
HCOOCH3 0.190E-021
HCP 0.612E+000
HPO 0.281E-016
MG 0.000E+000
NCCN 0.175E-008
NA 0.000E+000
P 0.355E-007
PH 0.728E-008
PO 0.235E-010
SI 0.145E+000
SIC2 0.458E+003
SIC2H 0.479E-002
SIC3 0.602E-005
SIC 0.369E-003
SICH2 0.576E-011
SICH3 0.883E-014
SIH2 0.111E-014
SIH3 0.114E-018
SIN 0.701E-009
SIS 0.146E+003
S 0.561E-001
N2 0.979E+003
C2H3 0.646E-005
CH3CH3 0.644E-022
PN 0.183E-013
CL 0.331E-003
C3H2 0.708E-006
C4P 0.338E-021
CH3C4H 0.888E-005
CH3C6H 0.163E-009
H2CS 0.950E-008
H2S2 0.108E-011
HC2P 0.107E-012
HCSI 0.156E-006
HCL 0.796E+001
HNSI 0.678E-009
HS2 0.108E-011
N2O 0.598E-016
PH2 0.175E-021
S2 0.511E-011
SIC2H2 0.828E-006
SIC3H 0.950E-012
SIC4 0.602E-005
SIH4 0.110E-016
SIH 0.147E-008
SINC 0.154E-011
SIO 0.123E+003
F 0.342E-007
HE 0.416E+007
HCNO 0.927E-019
HNCO 0.673E-010
HONC 0.159E-027
HNO 0.113E-007
HCOOH 0.695E-009
C11 0.484E-019
C2H5CN 0.106E-014
C3P 0.379E-017
CH2CHCCH 0.249E-009
CH2CHCHCH2 0.673E-013
CH2CHCN 0.625E-005
CH2NH 0.180E-008
CH2PH 0.213E-015
CH3C3N 0.220E-010
CH3C5N 0.929E-022
CH3C7N 0.102E-023
CNO 0.412E-034
H2CN 0.241E-007
H2O2 0.352E-024
HCS 0.671E-011
HF 0.416E+000
HNC3 0.194E-006
HOCN 0.672E-010
NH2CN 0.157E-009
O2H 0.113E-020
OCN 0.137E-004
SIO2 0.583E-005
HCO+ 0.216E-003
H+ 0.231E-005
HOC+ 0.678E-009
C+ 0.671E-004
C10H+ 0.324E-013
C2H4+ 0.257E-003
C2H5+ 0.457E-004
C2H5OH+ 0.192E-017
C2O+ 0.251E-018
C2S+ 0.538E-011
C3O+ 0.137E-021
C3S+ 0.101E-009
C4H3+ 0.312E-001
C4S+ 0.252E-013
C6H6+ 0.272E-011
CCP+ 0.202E-007
CCL+ 0.349E-006
CH2+ 0.903E-008
C3H4+ 0.143E-004
CH2CCH+ 0.140E-004
CH2CN+ 0.156E-007
CH2CO+ 0.227E-007
C3H6+ 0.270E-025
CH3CHO+ 0.175E-011
CH3COCH3+ 0.103E-023
CH3OCH3+ 0.121E-024
CH+ 0.104E-007
CP+ 0.436E-015
CLO+ 0.106E-031
FE+ 0.000E+000
H2CO+ 0.884E-009
H2S+ 0.349E-004
H2SIO+ 0.785E-017
C4H2+ 0.537E-003
COOCH4+ 0.227E-028
HCP+ 0.908E-012
HPO+ 0.661E-010
MG+ 0.000E+000
C2N+ 0.570E-008
CNC+ 0.651E-004
NH3+ 0.186E-004
NO+ 0.418E-007
NS+ 0.641E-009
NA+ 0.000E+000
OCS+ 0.908E-008
P+ 0.147E-009
PH+ 0.542E-014
PO+ 0.997E-011
SO+ 0.269E-008
SI+ 0.171E-003
SIC2+ 0.149E-007
SIC2H+ 0.959E-003
SIC3+ 0.301E-008
SIC+ 0.286E-005
SICH2+ 0.106E-004
SICH3+ 0.252E-009
SIH2+ 0.542E-008
SIH3+ 0.915E-013
SIN+ 0.187E-010
SIS+ 0.197E-004
C2+ 0.870E-009
S+ 0.118E-004
CN+ 0.253E-010
CO+ 0.375E-010
N2+ 0.851E-011
O2+ 0.150E-011
C2H+ 0.907E-009
C2H2+ 0.235E-002
C2H3+ 0.149E+000
C5H2+ 0.897E-005
C6H2+ 0.830E-008
C7H2+ 0.618E-009
C3H3+ 0.394E-004
CO2+ 0.586E-018
HC3N+ 0.329E-009
HCN+ 0.325E-010
C2N2+ 0.232E-015
C3+ 0.163E-012
C5+ 0.455E-016
CH3CH3+ 0.108E-019
PN+ 0.781E-022
H2O+ 0.109E-006
NH2+ 0.200E-010
O+ 0.114E-011
OH+ 0.895E-011
CH3+ 0.615E-004
CH4+ 0.775E-006
CH3OH+ 0.141E-012
N+ 0.333E-007
SO2+ 0.176E-031
CS+ 0.613E-006
CL+ 0.127E-007
C10+ 0.652E-020
C10H2+ 0.291E-013
C3H2+ 0.529E-004
C3H+ 0.740E-004
C4+ 0.158E-010
C4H+ 0.866E-010
C4P+ 0.894E-030
C5H+ 0.417E-008
C6+ 0.893E-014
C6H+ 0.160E-011
C7+ 0.668E-012
C7H+ 0.773E-011
C8+ 0.112E-015
C8H2+ 0.355E-010
C8H+ 0.180E-012
C9+ 0.793E-017
C9H2+ 0.345E-010
C9H+ 0.260E-014
CH3C4H+ 0.216E-005
C7H4+ 0.810E-008
CH3CN+ 0.110E-011
H2CS+ 0.530E-009
H2S2+ 0.167E-010
HC2P+ 0.631E-008
HC5N+ 0.139E-013
HC7N+ 0.228E-014
HC9N+ 0.105E-015
HCSI+ 0.161E-008
HCL+ 0.162E-003
HNSI+ 0.199E-014
HS2+ 0.489E-010
HS+ 0.178E-007
N2O+ 0.770E-021
NH+ 0.110E-013
PH2+ 0.274E-014
S2+ 0.378E-009
SIC2H2+ 0.765E-006
SIC3H+ 0.349E-009
SIC4+ 0.241E-008
SIH4+ 0.255E-027
SIH+ 0.696E-007
SINC+ 0.900E-006
SIO+ 0.375E-005
H2+ 0.570E-008
F+ 0.790E-013
HE+ 0.665E-006
C3N+ 0.122E-012
HCNO+ 0.435E-032
HNCO+ 0.296E-012
HONC+ 0.183E-040
HNO+ 0.537E-010
HCOOH+ 0.788E-013
NO2+ 0.250E-019
CH2CHCNH+ 0.576E-009
HCS+ 0.361E-002
C10H3+ 0.224E-017
C11+ 0.524E-017
C2H5CNH+ 0.303E-013
C2H5OH2+ 0.117E-012
C2H7+ 0.127E-029
C2NH+ 0.885E-006
C3H2O+ 0.829E-011
C3H5+ 0.713E-003
C3H7+ 0.488E-023
C4H4+ 0.960E-012
C4H5+ 0.157E-004
C4H7+ 0.840E-008
C4N+ 0.680E-015
C5H3+ 0.110E-003
C5H5+ 0.537E-003
C5N+ 0.210E-013
C6H3+ 0.101E-005
C6H4+ 0.123E-005
C6H5+ 0.114E-002
C6H7+ 0.804E-003
C7H3+ 0.269E-007
C7H5+ 0.806E-008
C7N+ 0.381E-016
C8H3+ 0.612E-009
C8H4+ 0.529E-009
C8H5+ 0.854E-016
C9H3+ 0.240E-009
C9H4+ 0.125E-009
C9H5+ 0.583E-016
C9N+ 0.113E-019
CF+ 0.124E-006
CH2CHCN+ 0.852E-010
CH2NH2+ 0.741E-009
CH3C3N+ 0.816E-013
CH3C3NH+ 0.938E-009
CH3C5NH+ 0.164E-020
CH3C7NH+ 0.196E-022
CH3CHOH+ 0.552E-007
CH3CNH+ 0.354E-003
CH3CO+ 0.427E-007
CH3COCH4+ 0.111E-017
CH3CS+ 0.424E-008
CH3OCH4+ 0.620E-019
CH3OH2+ 0.568E-008
CH4N+ 0.921E-007
CH5+ 0.388E-004
H2C4N+ 0.816E-013
H2C7N+ 0.107E-012
H2C9N+ 0.829E-015
H2CCL+ 0.308E-008
H2CNO+ 0.171E-008
H2CL+ 0.177E-006
H2F+ 0.593E-006
H2NC+ 0.104E-006
H2NCO+ 0.261E-025
H2NO+ 0.380E-016
H2OCN+ 0.172E-008
H2PO+ 0.183E-014
H3+ 0.222E-004
H3C3O+ 0.496E-008
H3C5N+ 0.133E-008
H3C7N+ 0.368E-013
H3C9N+ 0.243E-015
H3CO+ 0.167E-009
H3CS+ 0.345E-006
H3O+ 0.151E-002
H3S+ 0.228E-005
H3S2+ 0.722E-010
H3SIO+ 0.424E-021
H5C2O2+ 0.359E-019
HC2O+ 0.415E-005
HC2S+ 0.123E-004
HC3NH+ 0.882E-004
HC3O+ 0.114E-007
HC3S+ 0.712E-009
HC4N+ 0.816E-013
HC4S+ 0.219E-006
HC5NH+ 0.385E-009
HCNH+ 0.840E-001
HCNOH+ 0.261E-025
HCO2+ 0.697E-009
HCOOH2+ 0.106E-007
HF+ 0.231E-013
HN2O+ 0.112E-023
HNCOH+ 0.344E-008
HNS+ 0.143E-015
HOCN+ 0.135E-014
HOCS+ 0.427E-011
HPN+ 0.112E-019
HSO+ 0.581E-012
HSO2+ 0.430E-026
HSIO2+ 0.461E-012
HSIS+ 0.598E-004
HEH+ 0.840E-010
N2H+ 0.188E-005
NCCNCH3+ 0.137E-018
NCCNH+ 0.386E-011
NH2CNH+ 0.132E-015
NH4+ 0.686E-003
O2H+ 0.261E-018
OCN+ 0.418E-013
PC2H2+ 0.977E-011
PC2H3+ 0.159E-017
PC2H4+ 0.261E-015
PC3H+ 0.154E-015
PC4H+ 0.221E-014
PCH2+ 0.153E-005
PCH3+ 0.990E-016
PCH4+ 0.134E-013
PH3+ 0.339E-020
PNH2+ 0.109E-011
PNH3+ 0.207E-015
SIC2H3+ 0.532E-004
SIC3H2+ 0.298E-009
SIC4H+ 0.424E-003
SICH4+ 0.256E-009
SIF+ 0.154E-006
SIH5+ 0.977E-017
SINCH+ 0.101E-009
SINH2+ 0.605E-007
SIOH+ 0.137E-001
