C- 0.890E-009
E 0.150E+000
C2- 0.298E-009
C3- 0.321E-009
C4- 0.361E-006
C5- 0.190E-004
C6- 0.254E-004
C7- 0.772E-004
C8- 0.363E-004
C10- 0.541E-005
C2H- 0.169E-011
C3H- 0.521E-011
C3N- 0.179E-006
C4H- 0.229E-008
C5H- 0.268E-005
C6H- 0.634E-004
C7H- 0.270E-004
C8H- 0.739E-005
C9- 0.298E-004
C9H- 0.399E-005
CH- 0.638E-015
O- 0.131E-010
OH- 0.123E-010
S- 0.555E-010
CN- 0.219E-007
H- 0.830E-010
C10H- 0.279E-006
C5N- 0.177E-005
O2- 0.103E-028
C 0.109E+000
C2 0.126E-001
CH2 0.382E-003
C2H2 0.616E-004
CH 0.328E-002
C2H 0.160E-002
CO2 0.470E-007
CO 0.894E+000
H2O 0.315E-006
H2CO 0.360E-007
N 0.105E+000
CN 0.269E-002
NH 0.403E-006
HCN 0.114E-005
O2 0.448E-006
O 0.521E-001
OH 0.645E-004
HCO 0.437E-006
C4 0.247E-005
C3 0.337E-004
C5 0.505E-004
C6 0.122E-004
C7 0.128E-004
C8 0.172E-004
C9 0.491E-005
C10 0.258E-005
C3H 0.191E-004
C4H 0.295E-005
C4N 0.957E-007
C5H 0.538E-005
C6H 0.808E-004
C7H 0.114E-004
C8H 0.930E-005
C9H 0.156E-005
C10H 0.356E-006
CS 0.132E-002
CH3 0.608E-005
CH3CN 0.272E-009
CH3OH 0.587E-015
OCS 0.461E-008
CH4 0.148E-006
H 0.657E+000
H2 0.117E+004
NH2 0.232E-007
NH3 0.317E-010
C10H2 0.238E-006
H2CCC 0.877E-006
HC3N 0.277E-007
HC4H 0.339E-007
C5H2 0.674E-005
HC5N 0.388E-006
C6H2 0.149E-004
C7H2 0.975E-005
C8H2 0.373E-005
C9H2 0.199E-005
HS 0.715E-006
C2N 0.101E-004
C3N 0.616E-004
C5N 0.156E-005
C7N 0.212E-005
HC7N 0.199E-007
C9N 0.389E-006
HC9N 0.437E-008
NO 0.293E-005
NS 0.493E-006
NO2 0.470E-011
SO2 0.396E-013
C2O 0.324E-007
SO 0.442E-008
HNC 0.844E-006
C2H4 0.183E-008
C2H5 0.449E-011
C2H5OH 0.504E-023
C2S 0.231E-003
C3O 0.104E-009
C3S 0.295E-004
C4H3 0.363E-007
C4S 0.185E-006
C6H6 0.186E-005
CCP 0.195E-008
CCL 0.222E-008
CH2CCH2 0.697E-008
CH2CCH 0.364E-005
CH2CN 0.544E-008
CH2CO 0.749E-008
CH3CCH 0.775E-006
CH3CHCH2 0.142E-007
CH3CHO 0.202E-014
CH3COCH3 0.512E-021
CH3OCH3 0.109E-021
CP 0.601E-006
CLO 0.238E-030
FE 0.000E+000
H2S 0.759E-010
H2SIO 0.927E-019
HCOOCH3 0.507E-022
HCP 0.469E-006
HPO 0.235E-013
MG 0.000E+000
NCCN 0.111E-004
NA 0.000E+000
P 0.487E-006
PH 0.140E-008
PO 0.213E-008
SI 0.686E-003
SIC2 0.149E-002
SIC2H 0.290E-006
SIC3 0.580E-005
SIC 0.217E-003
SICH2 0.408E-009
SICH3 0.187E-009
SIH2 0.961E-014
SIH3 0.111E-016
SIN 0.151E-005
SIS 0.569E-005
S 0.226E-002
N2 0.170E-001
C2H3 0.107E-005
CH3CH3 0.140E-008
PN 0.195E-008
CL 0.379E-003
C3H2 0.117E-004
C4P 0.286E-012
CH3C4H 0.132E-006
CH3C6H 0.133E-006
H2CS 0.235E-007
H2S2 0.153E-012
HC2P 0.377E-011
HCSI 0.122E-003
HCL 0.674E-006
HNSI 0.157E-007
HS2 0.815E-011
N2O 0.437E-012
PH2 0.983E-014
S2 0.790E-008
SIC2H2 0.271E-006
SIC3H 0.231E-005
SIC4 0.425E-006
SIH4 0.310E-022
SIH 0.255E-007
SINC 0.366E-010
SIO 0.207E-005
F 0.182E-004
HE 0.199E+003
HCNO 0.291E-009
HNCO 0.224E-009
HONC 0.727E-014
HNO 0.129E-006
HCOOH 0.959E-012
C11 0.102E-007
C2H5CN 0.156E-015
C3P 0.312E-011
CH2CHCCH 0.266E-007
CH2CHCHCH2 0.447E-012
CH2CHCN 0.703E-008
CH2NH 0.226E-013
CH2PH 0.119E-015
CH3C3N 0.890E-007
CH3C5N 0.216E-011
CH3C7N 0.174E-012
CNO 0.343E-016
H2CN 0.303E-006
H2O2 0.630E-028
HCS 0.166E-005
HF 0.158E-005
HNC3 0.268E-010
HOCN 0.191E-009
NH2CN 0.113E-009
O2H 0.238E-013
OCN 0.367E-005
SIO2 0.478E-007
HCO+ 0.164E-006
H+ 0.221E-005
HOC+ 0.125E-007
C+ 0.101E+000
C10H+ 0.167E-008
C2H4+ 0.424E-007
C2H5+ 0.248E-012
C2H5OH+ 0.369E-025
C2O+ 0.724E-010
C2S+ 0.399E-007
C3O+ 0.745E-014
C3S+ 0.403E-007
C4H3+ 0.291E-009
C4S+ 0.124E-008
C6H6+ 0.275E-005
CCP+ 0.241E-009
CCL+ 0.169E-008
CH2+ 0.154E-005
C3H4+ 0.135E-008
CH2CCH+ 0.172E-006
CH2CN+ 0.131E-008
CH2CO+ 0.628E-010
C3H6+ 0.379E-011
CH3CHO+ 0.334E-017
CH3COCH3+ 0.588E-023
CH3OCH3+ 0.101E-023
CH+ 0.193E-005
CP+ 0.505E-010
CLO+ 0.803E-033
FE+ 0.000E+000
H2CO+ 0.266E-009
H2S+ 0.252E-008
H2SIO+ 0.571E-020
C4H2+ 0.152E-007
COOCH4+ 0.347E-024
HCP+ 0.651E-010
HPO+ 0.729E-013
MG+ 0.000E+000
C2N+ 0.122E-007
CNC+ 0.174E-007
NH3+ 0.155E-009
NO+ 0.925E-008
NS+ 0.141E-008
NA+ 0.000E+000
OCS+ 0.280E-010
P+ 0.277E-004
PH+ 0.433E-011
PO+ 0.417E-010
SO+ 0.207E-007
SI+ 0.323E-001
SIC2+ 0.399E-006
SIC2H+ 0.707E-005
SIC3+ 0.428E-007
SIC+ 0.164E-006
SICH2+ 0.172E-005
SICH3+ 0.193E-012
SIH2+ 0.684E-009
SIH3+ 0.520E-016
SIN+ 0.555E-008
SIS+ 0.534E-007
C2+ 0.391E-005
S+ 0.156E-001
CN+ 0.882E-010
CO+ 0.694E-008
N2+ 0.331E-011
O2+ 0.259E-009
C2H+ 0.356E-005
C2H2+ 0.457E-004
C2H3+ 0.187E-005
C5H2+ 0.707E-010
C6H2+ 0.624E-008
C7H2+ 0.406E-008
C3H3+ 0.522E-007
CO2+ 0.360E-017
HC3N+ 0.547E-009
HCN+ 0.135E-009
C2N2+ 0.961E-010
C3+ 0.493E-006
C5+ 0.113E-008
CH3CH3+ 0.266E-011
PN+ 0.159E-015
H2O+ 0.198E-009
NH2+ 0.502E-010
O+ 0.119E-010
OH+ 0.131E-009
CH3+ 0.194E-004
CH4+ 0.725E-011
CH3OH+ 0.243E-018
N+ 0.628E-010
SO2+ 0.536E-020
CS+ 0.443E-006
CL+ 0.123E-005
C10+ 0.883E-008
C10H2+ 0.376E-009
C3H2+ 0.520E-007
C3H+ 0.125E-005
C4+ 0.230E-007
C4H+ 0.401E-007
C4P+ 0.141E-019
C5H+ 0.396E-008
C6+ 0.237E-007
C6H+ 0.681E-008
C7+ 0.141E-007
C7H+ 0.196E-007
C8+ 0.306E-007
C8H2+ 0.841E-008
C8H+ 0.281E-008
C9+ 0.125E-007
C9H2+ 0.834E-009
C9H+ 0.401E-008
CH3C4H+ 0.925E-012
C7H4+ 0.488E-013
CH3CN+ 0.178E-011
H2CS+ 0.498E-011
H2S2+ 0.308E-018
HC2P+ 0.216E-010
HC5N+ 0.828E-013
HC7N+ 0.832E-009
HC9N+ 0.153E-009
HCSI+ 0.162E-006
HCL+ 0.553E-009
HNSI+ 0.857E-014
HS2+ 0.564E-014
HS+ 0.170E-009
N2O+ 0.131E-009
NH+ 0.113E-010
PH2+ 0.691E-011
S2+ 0.162E-010
SIC2H2+ 0.778E-009
SIC3H+ 0.103E-007
SIC4+ 0.125E-007
SIH4+ 0.963E-026
SIH+ 0.297E-010
SINC+ 0.118E-008
SIO+ 0.770E-008
H2+ 0.569E-008
F+ 0.238E-013
HE+ 0.726E-006
C3N+ 0.299E-010
HCNO+ 0.108E-017
HNCO+ 0.209E-013
HONC+ 0.648E-022
HNO+ 0.440E-013
HCOOH+ 0.253E-014
NO2+ 0.260E-014
CH2CHCNH+ 0.447E-013
HCS+ 0.651E-006
C10H3+ 0.354E-012
C11+ 0.146E-008
C2H5CNH+ 0.142E-017
C2H5OH2+ 0.146E-023
C2H7+ 0.266E-018
C2NH+ 0.769E-008
C3H2O+ 0.109E-010
C3H5+ 0.670E-007
C3H7+ 0.516E-008
C4H4+ 0.996E-015
C4H5+ 0.422E-011
C4H7+ 0.101E-016
C4N+ 0.701E-010
C5H3+ 0.297E-009
C5H5+ 0.109E-012
C5N+ 0.448E-013
C6H3+ 0.566E-010
C6H4+ 0.225E-013
C6H5+ 0.240E-009
C6H7+ 0.510E-010
C7H3+ 0.241E-010
C7H5+ 0.266E-009
C7N+ 0.229E-009
C8H3+ 0.407E-011
C8H4+ 0.508E-013
C8H5+ 0.533E-021
C9H3+ 0.271E-011
C9H4+ 0.697E-013
C9H5+ 0.544E-021
C9N+ 0.420E-010
CF+ 0.980E-007
CH2CHCN+ 0.301E-010
CH2NH2+ 0.844E-022
CH3C3N+ 0.136E-011
CH3C3NH+ 0.470E-011
CH3C5NH+ 0.123E-013
CH3C7NH+ 0.634E-015
CH3CHOH+ 0.201E-017
CH3CNH+ 0.448E-011
CH3CO+ 0.824E-010
CH3COCH4+ 0.191E-022
CH3CS+ 0.169E-012
CH3OCH4+ 0.657E-024
CH3OH2+ 0.382E-016
CH4N+ 0.920E-014
CH5+ 0.247E-008
H2C4N+ 0.148E-011
H2C7N+ 0.101E-010
H2C9N+ 0.186E-011
H2CCL+ 0.126E-012
H2CNO+ 0.501E-015
H2CL+ 0.177E-008
H2F+ 0.145E-012
H2NC+ 0.208E-008
H2NCO+ 0.374E-012
H2NO+ 0.319E-014
H2OCN+ 0.375E-012
H2PO+ 0.228E-019
H3+ 0.551E-006
H3C3O+ 0.179E-011
H3C5N+ 0.136E-014
H3C7N+ 0.967E-014
H3C9N+ 0.202E-015
H3CO+ 0.739E-014
H3CS+ 0.442E-011
H3O+ 0.102E-008
H3S+ 0.105E-014
H3S2+ 0.330E-017
H3SIO+ 0.374E-026
H5C2O2+ 0.658E-027
HC2O+ 0.124E-008
HC2S+ 0.481E-006
HC3NH+ 0.947E-011
HC3O+ 0.174E-012
HC3S+ 0.441E-008
HC4N+ 0.120E-013
HC4S+ 0.294E-011
HC5NH+ 0.115E-012
HCNH+ 0.120E-008
HCNOH+ 0.443E-016
HCO2+ 0.474E-013
HCOOH2+ 0.380E-018
HF+ 0.669E-014
HN2O+ 0.338E-019
HNCOH+ 0.750E-012
HNS+ 0.195E-013
HOCN+ 0.209E-013
HOCS+ 0.151E-014
HPN+ 0.310E-016
HSO+ 0.308E-014
HSO2+ 0.291E-020
HSIO2+ 0.691E-015
HSIS+ 0.703E-012
HEH+ 0.836E-010
N2H+ 0.171E-009
NCCNCH3+ 0.866E-014
NCCNH+ 0.511E-009
NH2CNH+ 0.125E-017
NH4+ 0.662E-013
O2H+ 0.501E-015
OCN+ 0.150E-014
PC2H2+ 0.516E-015
PC2H3+ 0.597E-022
PC2H4+ 0.112E-021
PC3H+ 0.257E-015
PC4H+ 0.872E-016
PCH2+ 0.771E-009
PCH3+ 0.340E-020
PCH4+ 0.586E-020
PH3+ 0.114E-016
PNH2+ 0.263E-017
PNH3+ 0.569E-023
SIC2H3+ 0.307E-009
SIC3H2+ 0.263E-008
SIC4H+ 0.826E-012
SICH4+ 0.366E-014
SIF+ 0.101E-007
SIH5+ 0.149E-023
SINCH+ 0.242E-013
SINH2+ 0.116E-012
SIOH+ 0.293E-007
