C- 0.738E-009
E 0.146E+000
C2- 0.213E-009
C3- 0.238E-009
C4- 0.273E-006
C5- 0.178E-004
C6- 0.230E-004
C7- 0.695E-004
C8- 0.307E-004
C10- 0.416E-005
C2H- 0.113E-011
C3H- 0.353E-011
C3N- 0.111E-006
C4H- 0.185E-008
C5H- 0.220E-005
C6H- 0.535E-004
C7H- 0.214E-004
C8H- 0.546E-005
C9- 0.254E-004
C9H- 0.302E-005
CH- 0.419E-015
O- 0.140E-010
OH- 0.117E-010
S- 0.395E-010
CN- 0.178E-007
H- 0.714E-010
C10H- 0.185E-006
C5N- 0.133E-005
O2- 0.371E-029
C 0.927E-001
C2 0.901E-002
CH2 0.279E-003
C2H2 0.386E-004
CH 0.242E-002
C2H 0.109E-002
CO2 0.221E-007
CO 0.774E+000
H2O 0.918E-007
H2CO 0.223E-007
N 0.954E-001
CN 0.170E-002
NH 0.187E-006
HCN 0.695E-006
O2 0.244E-006
O 0.504E-001
OH 0.343E-004
HCO 0.321E-006
C4 0.185E-005
C3 0.223E-004
C5 0.474E-004
C6 0.111E-004
C7 0.116E-004
C8 0.146E-004
C9 0.420E-005
C10 0.199E-005
C3H 0.119E-004
C4H 0.176E-005
C4N 0.598E-007
C5H 0.442E-005
C6H 0.684E-004
C7H 0.906E-005
C8H 0.688E-005
C9H 0.118E-005
C10H 0.236E-006
CS 0.906E-003
CH3 0.387E-005
CH3CN 0.148E-009
CH3OH 0.134E-015
OCS 0.191E-008
CH4 0.784E-007
H 0.592E+000
H2 0.102E+004
NH2 0.101E-007
NH3 0.128E-010
C10H2 0.146E-006
H2CCC 0.549E-006
HC3N 0.131E-007
HC4H 0.173E-007
C5H2 0.435E-005
HC5N 0.248E-006
C6H2 0.111E-004
C7H2 0.685E-005
C8H2 0.248E-005
C9H2 0.134E-005
HS 0.292E-006
C2N 0.612E-005
C3N 0.369E-004
C5N 0.118E-005
C7N 0.174E-005
HC7N 0.108E-007
C9N 0.309E-006
HC9N 0.209E-008
NO 0.155E-005
NS 0.263E-006
NO2 0.352E-011
SO2 0.747E-014
C2O 0.228E-007
SO 0.171E-008
HNC 0.548E-006
C2H4 0.105E-008
C2H5 0.254E-011
C2H5OH 0.137E-023
C2S 0.166E-003
C3O 0.668E-010
C3S 0.194E-004
C4H3 0.218E-007
C4S 0.121E-006
C6H6 0.128E-005
CCP 0.102E-008
CCL 0.143E-008
CH2CCH2 0.428E-008
CH2CCH 0.218E-005
CH2CN 0.318E-008
CH2CO 0.492E-008
CH3CCH 0.467E-006
CH3CHCH2 0.834E-008
CH3CHO 0.749E-015
CH3COCH3 0.694E-022
CH3OCH3 0.181E-022
CP 0.343E-006
CLO 0.155E-030
FE 0.000E+000
H2S 0.556E-010
H2SIO 0.500E-019
HCOOCH3 0.820E-023
HCP 0.266E-006
HPO 0.147E-013
MG 0.000E+000
NCCN 0.770E-005
NA 0.000E+000
P 0.288E-006
PH 0.877E-009
PO 0.119E-008
SI 0.490E-003
SIC2 0.875E-003
SIC2H 0.113E-006
SIC3 0.311E-005
SIC 0.138E-003
SICH2 0.175E-009
SICH3 0.113E-009
SIH2 0.389E-014
SIH3 0.629E-017
SIN 0.843E-006
SIS 0.156E-005
S 0.165E-002
N2 0.131E-001
C2H3 0.708E-006
CH3CH3 0.818E-009
PN 0.170E-008
CL 0.330E-003
C3H2 0.719E-005
C4P 0.139E-012
CH3C4H 0.767E-007
CH3C6H 0.109E-006
H2CS 0.923E-008
H2S2 0.714E-013
HC2P 0.198E-011
HCSI 0.785E-004
HCL 0.572E-006
HNSI 0.750E-008
HS2 0.550E-011
N2O 0.112E-012
PH2 0.673E-014
S2 0.376E-008
SIC2H2 0.151E-006
SIC3H 0.128E-005
SIC4 0.343E-006
SIH4 0.152E-022
SIH 0.180E-007
SINC 0.144E-010
SIO 0.102E-005
F 0.163E-004
HE 0.173E+003
HCNO 0.134E-009
HNCO 0.112E-009
HONC 0.357E-014
HNO 0.985E-007
HCOOH 0.507E-012
C11 0.584E-008
C2H5CN 0.615E-016
C3P 0.187E-011
CH2CHCCH 0.175E-007
CH2CHCHCH2 0.194E-012
CH2CHCN 0.210E-008
CH2NH 0.472E-014
CH2PH 0.459E-016
CH3C3N 0.396E-007
CH3C5N 0.953E-012
CH3C7N 0.545E-013
CNO 0.182E-016
H2CN 0.176E-006
H2O2 0.305E-028
HCS 0.118E-005
HF 0.966E-006
HNC3 0.133E-010
HOCN 0.970E-010
NH2CN 0.349E-010
O2H 0.128E-013
OCN 0.207E-005
SIO2 0.330E-007
HCO+ 0.994E-007
H+ 0.232E-005
HOC+ 0.783E-008
C+ 0.102E+000
C10H+ 0.116E-008
C2H4+ 0.284E-007
C2H5+ 0.140E-012
C2H5OH+ 0.953E-026
C2O+ 0.533E-010
C2S+ 0.310E-007
C3O+ 0.562E-014
C3S+ 0.269E-007
C4H3+ 0.137E-009
C4S+ 0.718E-009
C6H6+ 0.251E-005
CCP+ 0.140E-009
CCL+ 0.150E-008
CH2+ 0.129E-005
C3H4+ 0.817E-009
CH2CCH+ 0.111E-006
CH2CN+ 0.635E-009
CH2CO+ 0.363E-010
C3H6+ 0.219E-011
CH3CHO+ 0.125E-017
CH3COCH3+ 0.816E-024
CH3OCH3+ 0.173E-024
CH+ 0.164E-005
CP+ 0.335E-010
CLO+ 0.547E-033
FE+ 0.000E+000
H2CO+ 0.181E-009
H2S+ 0.203E-008
H2SIO+ 0.330E-020
C4H2+ 0.915E-008
COOCH4+ 0.587E-025
HCP+ 0.428E-010
HPO+ 0.194E-013
MG+ 0.000E+000
C2N+ 0.831E-008
CNC+ 0.119E-007
NH3+ 0.106E-009
NO+ 0.499E-008
NS+ 0.767E-009
NA+ 0.000E+000
OCS+ 0.119E-010
P+ 0.246E-004
PH+ 0.278E-011
PO+ 0.210E-010
SO+ 0.103E-007
SI+ 0.287E-001
SIC2+ 0.277E-006
SIC2H+ 0.432E-005
SIC3+ 0.239E-007
SIC+ 0.123E-006
SICH2+ 0.112E-005
SICH3+ 0.120E-012
SIH2+ 0.535E-009
SIH3+ 0.307E-016
SIN+ 0.317E-008
SIS+ 0.150E-007
C2+ 0.320E-005
S+ 0.142E-001
CN+ 0.587E-010
CO+ 0.440E-008
N2+ 0.296E-011
O2+ 0.142E-009
C2H+ 0.288E-005
C2H2+ 0.329E-004
C2H3+ 0.117E-005
C5H2+ 0.345E-010
C6H2+ 0.472E-008
C7H2+ 0.290E-008
C3H3+ 0.328E-007
CO2+ 0.188E-017
HC3N+ 0.268E-009
HCN+ 0.949E-010
C2N2+ 0.757E-010
C3+ 0.382E-006
C5+ 0.837E-009
CH3CH3+ 0.157E-011
PN+ 0.150E-015
H2O+ 0.135E-009
NH2+ 0.392E-010
O+ 0.828E-011
OH+ 0.911E-010
CH3+ 0.143E-004
CH4+ 0.420E-011
CH3OH+ 0.560E-019
N+ 0.586E-010
SO2+ 0.113E-020
CS+ 0.334E-006
CL+ 0.108E-005
C10+ 0.692E-008
C10H2+ 0.234E-009
C3H2+ 0.316E-007
C3H+ 0.861E-006
C4+ 0.167E-007
C4H+ 0.278E-007
C4P+ 0.739E-020
C5H+ 0.262E-008
C6+ 0.214E-007
C6H+ 0.500E-008
C7+ 0.126E-007
C7H+ 0.155E-007
C8+ 0.256E-007
C8H2+ 0.597E-008
C8H+ 0.227E-008
C9+ 0.101E-007
C9H2+ 0.571E-009
C9H+ 0.287E-008
CH3C4H+ 0.407E-012
C7H4+ 0.211E-013
CH3CN+ 0.122E-011
H2CS+ 0.289E-011
H2S2+ 0.171E-018
HC2P+ 0.121E-010
HC5N+ 0.574E-013
HC7N+ 0.688E-009
HC9N+ 0.122E-009
HCSI+ 0.120E-006
HCL+ 0.492E-009
HNSI+ 0.625E-014
HS2+ 0.383E-014
HS+ 0.113E-009
N2O+ 0.114E-009
NH+ 0.100E-010
PH2+ 0.562E-011
S2+ 0.770E-011
SIC2H2+ 0.473E-009
SIC3H+ 0.582E-008
SIC4+ 0.719E-008
SIH4+ 0.552E-026
SIH+ 0.193E-010
SINC+ 0.716E-009
SIO+ 0.419E-008
H2+ 0.569E-008
F+ 0.171E-013
HE+ 0.733E-006
C3N+ 0.201E-010
HCNO+ 0.585E-018
HNCO+ 0.124E-013
HONC+ 0.372E-022
HNO+ 0.251E-013
HCOOH+ 0.135E-014
NO2+ 0.213E-014
CH2CHCNH+ 0.125E-013
HCS+ 0.430E-006
C10H3+ 0.172E-012
C11+ 0.106E-008
C2H5CNH+ 0.584E-018
C2H5OH2+ 0.556E-024
C2H7+ 0.971E-019
C2NH+ 0.505E-008
C3H2O+ 0.733E-011
C3H5+ 0.414E-007
C3H7+ 0.305E-008
C4H4+ 0.462E-015
C4H5+ 0.192E-011
C4H7+ 0.371E-017
C4N+ 0.356E-010
C5H3+ 0.205E-009
C5H5+ 0.462E-013
C5N+ 0.307E-013
C6H3+ 0.339E-010
C6H4+ 0.903E-014
C6H5+ 0.204E-009
C6H7+ 0.381E-010
C7H3+ 0.194E-010
C7H5+ 0.190E-009
C7N+ 0.214E-009
C8H3+ 0.222E-011
C8H4+ 0.246E-013
C8H5+ 0.141E-021
C9H3+ 0.141E-011
C9H4+ 0.319E-013
C9H5+ 0.211E-021
C9N+ 0.380E-010
CF+ 0.617E-007
CH2CHCN+ 0.968E-011
CH2NH2+ 0.110E-022
CH3C3N+ 0.476E-012
CH3C3NH+ 0.145E-011
CH3C5NH+ 0.624E-014
CH3C7NH+ 0.273E-015
CH3CHOH+ 0.797E-018
CH3CNH+ 0.252E-011
CH3CO+ 0.559E-010
CH3COCH4+ 0.523E-023
CH3CS+ 0.903E-013
CH3OCH4+ 0.116E-024
CH3OH2+ 0.833E-017
CH4N+ 0.306E-014
CH5+ 0.172E-008
H2C4N+ 0.521E-012
H2C7N+ 0.740E-011
H2C9N+ 0.131E-011
H2CCL+ 0.842E-013
H2CNO+ 0.268E-015
H2CL+ 0.154E-008
H2F+ 0.841E-013
H2NC+ 0.141E-008
H2NCO+ 0.195E-012
H2NO+ 0.222E-014
H2OCN+ 0.195E-012
H2PO+ 0.534E-020
H3+ 0.490E-006
H3C3O+ 0.107E-011
H3C5N+ 0.397E-015
H3C7N+ 0.580E-014
H3C9N+ 0.878E-016
H3CO+ 0.312E-014
H3CS+ 0.215E-011
H3O+ 0.612E-009
H3S+ 0.625E-015
H3S2+ 0.204E-017
H3SIO+ 0.162E-026
H5C2O2+ 0.913E-028
HC2O+ 0.871E-009
HC2S+ 0.328E-006
HC3NH+ 0.472E-011
HC3O+ 0.108E-012
HC3S+ 0.253E-008
HC4N+ 0.748E-014
HC4S+ 0.137E-011
HC5NH+ 0.696E-013
HCNH+ 0.739E-009
HCNOH+ 0.198E-016
HCO2+ 0.157E-013
HCOOH2+ 0.713E-019
HF+ 0.478E-014
HN2O+ 0.873E-020
HNCOH+ 0.391E-012
HNS+ 0.927E-014
HOCN+ 0.124E-013
HOCS+ 0.451E-015
HPN+ 0.230E-016
HSO+ 0.151E-014
HSO2+ 0.532E-021
HSIO2+ 0.397E-015
HSIS+ 0.176E-012
HEH+ 0.836E-010
N2H+ 0.123E-009
NCCNCH3+ 0.450E-014
NCCNH+ 0.354E-009
NH2CNH+ 0.321E-018
NH4+ 0.392E-013
O2H+ 0.236E-015
OCN+ 0.131E-014
PC2H2+ 0.265E-015
PC2H3+ 0.222E-022
PC2H4+ 0.525E-022
PC3H+ 0.932E-016
PC4H+ 0.315E-016
PCH2+ 0.445E-009
PCH3+ 0.117E-020
PCH4+ 0.253E-020
PH3+ 0.673E-017
PNH2+ 0.966E-018
PNH3+ 0.179E-023
SIC2H3+ 0.168E-009
SIC3H2+ 0.144E-008
SIC4H+ 0.379E-012
SICH4+ 0.184E-014
SIF+ 0.561E-008
SIH5+ 0.784E-024
SINCH+ 0.140E-013
SINH2+ 0.705E-013
SIOH+ 0.140E-007
