C- 0.615E-009
E 0.141E+000
C2- 0.148E-009
C3- 0.185E-009
C4- 0.208E-006
C5- 0.167E-004
C6- 0.206E-004
C7- 0.617E-004
C8- 0.252E-004
C10- 0.306E-005
C2H- 0.732E-012
C3H- 0.249E-011
C3N- 0.679E-007
C4H- 0.157E-008
C5H- 0.181E-005
C6H- 0.453E-004
C7H- 0.168E-004
C8H- 0.393E-005
C9- 0.211E-004
C9H- 0.222E-005
CH- 0.278E-015
O- 0.156E-010
OH- 0.116E-010
S- 0.277E-010
CN- 0.143E-007
H- 0.611E-010
C10H- 0.118E-006
C5N- 0.101E-005
O2- 0.369E-030
C 0.794E-001
C2 0.625E-002
CH2 0.197E-003
C2H2 0.235E-004
CH 0.173E-002
C2H 0.719E-003
CO2 0.982E-008
CO 0.667E+000
H2O 0.296E-007
H2CO 0.138E-007
N 0.864E-001
CN 0.105E-002
NH 0.838E-007
HCN 0.416E-006
O2 0.126E-006
O 0.508E-001
OH 0.174E-004
HCO 0.225E-006
C4 0.139E-005
C3 0.143E-004
C5 0.447E-004
C6 0.998E-005
C7 0.103E-004
C8 0.120E-004
C9 0.349E-005
C10 0.147E-005
C3H 0.719E-005
C4H 0.101E-005
C4N 0.383E-007
C5H 0.364E-005
C6H 0.581E-004
C7H 0.712E-005
C8H 0.496E-005
C9H 0.870E-006
C10H 0.150E-006
CS 0.606E-003
CH3 0.243E-005
CH3CN 0.795E-010
CH3OH 0.347E-016
OCS 0.820E-009
CH4 0.457E-007
H 0.531E+000
H2 0.889E+003
NH2 0.507E-008
NH3 0.671E-011
C10H2 0.856E-007
H2CCC 0.327E-006
HC3N 0.608E-008
HC4H 0.856E-008
C5H2 0.284E-005
HC5N 0.161E-006
C6H2 0.826E-005
C7H2 0.475E-005
C8H2 0.159E-005
C9H2 0.875E-006
HS 0.133E-006
C2N 0.359E-005
C3N 0.214E-004
C5N 0.907E-006
C7N 0.141E-005
HC7N 0.613E-008
C9N 0.235E-006
HC9N 0.102E-008
NO 0.772E-006
NS 0.133E-006
NO2 0.262E-011
SO2 0.130E-014
C2O 0.158E-007
SO 0.625E-009
HNC 0.345E-006
C2H4 0.725E-009
C2H5 0.202E-011
C2H5OH 0.608E-024
C2S 0.116E-003
C3O 0.421E-010
C3S 0.124E-004
C4H3 0.128E-007
C4S 0.765E-007
C6H6 0.864E-006
CCP 0.519E-009
CCL 0.890E-009
CH2CCH2 0.279E-008
CH2CCH 0.125E-005
CH2CN 0.182E-008
CH2CO 0.317E-008
CH3CCH 0.267E-006
CH3CHCH2 0.559E-008
CH3CHO 0.333E-015
CH3COCH3 0.121E-022
CH3OCH3 0.267E-023
CP 0.187E-006
CLO 0.979E-031
FE 0.000E+000
H2S 0.404E-010
H2SIO 0.262E-019
HCOOCH3 0.111E-023
HCP 0.144E-006
HPO 0.881E-014
MG 0.000E+000
NCCN 0.522E-005
NA 0.000E+000
P 0.165E-006
PH 0.563E-009
PO 0.635E-009
SI 0.344E-003
SIC2 0.492E-003
SIC2H 0.466E-007
SIC3 0.159E-005
SIC 0.859E-004
SICH2 0.743E-010
SICH3 0.664E-010
SIH2 0.167E-014
SIH3 0.343E-017
SIN 0.454E-006
SIS 0.377E-006
S 0.118E-002
N2 0.100E-001
C2H3 0.459E-006
CH3CH3 0.551E-009
PN 0.149E-008
CL 0.287E-003
C3H2 0.422E-005
C4P 0.630E-013
CH3C4H 0.434E-007
CH3C6H 0.875E-007
H2CS 0.351E-008
H2S2 0.313E-013
HC2P 0.989E-012
HCSI 0.487E-004
HCL 0.477E-006
HNSI 0.337E-008
HS2 0.361E-011
N2O 0.253E-013
PH2 0.445E-014
S2 0.168E-008
SIC2H2 0.796E-007
SIC3H 0.676E-006
SIC4 0.275E-006
SIH4 0.763E-023
SIH 0.126E-007
SINC 0.535E-011
SIO 0.494E-006
F 0.145E-004
HE 0.151E+003
HCNO 0.568E-010
HNCO 0.531E-010
HONC 0.161E-014
HNO 0.740E-007
HCOOH 0.254E-012
C11 0.314E-008
C2H5CN 0.237E-016
C3P 0.107E-011
CH2CHCCH 0.113E-007
CH2CHCHCH2 0.109E-012
CH2CHCN 0.555E-009
CH2NH 0.137E-014
CH2PH 0.163E-016
CH3C3N 0.164E-007
CH3C5N 0.437E-012
CH3C7N 0.193E-013
CNO 0.891E-017
H2CN 0.988E-007
H2O2 0.138E-028
HCS 0.817E-006
HF 0.570E-006
HNC3 0.655E-011
HOCN 0.467E-010
NH2CN 0.964E-011
O2H 0.648E-014
OCN 0.112E-005
SIO2 0.222E-007
HCO+ 0.604E-007
H+ 0.241E-005
HOC+ 0.472E-008
C+ 0.103E+000
C10H+ 0.767E-009
C2H4+ 0.185E-007
C2H5+ 0.929E-013
C2H5OH+ 0.420E-026
C2O+ 0.383E-010
C2S+ 0.232E-007
C3O+ 0.410E-014
C3S+ 0.174E-007
C4H3+ 0.609E-010
C4S+ 0.401E-009
C6H6+ 0.226E-005
CCP+ 0.777E-010
CCL+ 0.130E-008
CH2+ 0.105E-005
C3H4+ 0.473E-009
CH2CCH+ 0.688E-007
CH2CN+ 0.292E-009
CH2CO+ 0.215E-010
C3H6+ 0.142E-011
CH3CHO+ 0.557E-018
CH3COCH3+ 0.145E-024
CH3OCH3+ 0.261E-025
CH+ 0.134E-005
CP+ 0.210E-010
CLO+ 0.358E-033
FE+ 0.000E+000
H2CO+ 0.126E-009
H2S+ 0.163E-008
H2SIO+ 0.202E-020
C4H2+ 0.530E-008
COOCH4+ 0.825E-026
HCP+ 0.265E-010
HPO+ 0.570E-014
MG+ 0.000E+000
C2N+ 0.548E-008
CNC+ 0.800E-008
NH3+ 0.769E-010
NO+ 0.254E-008
NS+ 0.397E-009
NA+ 0.000E+000
OCS+ 0.533E-011
P+ 0.217E-004
PH+ 0.182E-011
PO+ 0.101E-010
SO+ 0.487E-008
SI+ 0.254E-001
SIC2+ 0.182E-006
SIC2H+ 0.251E-005
SIC3+ 0.129E-007
SIC+ 0.885E-007
SICH2+ 0.709E-006
SICH3+ 0.715E-013
SIH2+ 0.419E-009
SIH3+ 0.185E-016
SIN+ 0.175E-008
SIS+ 0.372E-008
C2+ 0.252E-005
S+ 0.128E-001
CN+ 0.395E-010
CO+ 0.264E-008
N2+ 0.261E-011
O2+ 0.738E-010
C2H+ 0.224E-005
C2H2+ 0.229E-004
C2H3+ 0.713E-006
C5H2+ 0.164E-010
C6H2+ 0.358E-008
C7H2+ 0.205E-008
C3H3+ 0.199E-007
CO2+ 0.937E-018
HC3N+ 0.126E-009
HCN+ 0.677E-010
C2N2+ 0.582E-010
C3+ 0.283E-006
C5+ 0.604E-009
CH3CH3+ 0.111E-011
PN+ 0.141E-015
H2O+ 0.978E-010
NH2+ 0.320E-010
O+ 0.580E-011
OH+ 0.656E-010
CH3+ 0.103E-004
CH4+ 0.262E-011
CH3OH+ 0.146E-019
N+ 0.545E-010
SO2+ 0.216E-021
CS+ 0.242E-006
CL+ 0.109E-005
C10+ 0.525E-008
C10H2+ 0.139E-009
C3H2+ 0.185E-007
C3H+ 0.571E-006
C4+ 0.116E-007
C4H+ 0.184E-007
C4P+ 0.361E-020
C5H+ 0.172E-008
C6+ 0.195E-007
C6H+ 0.373E-008
C7+ 0.112E-007
C7H+ 0.122E-007
C8+ 0.210E-007
C8H2+ 0.414E-008
C8H+ 0.179E-008
C9+ 0.803E-008
C9H2+ 0.380E-009
C9H+ 0.200E-008
CH3C4H+ 0.168E-012
C7H4+ 0.922E-014
CH3CN+ 0.810E-012
H2CS+ 0.166E-011
H2S2+ 0.953E-019
HC2P+ 0.659E-011
HC5N+ 0.398E-013
HC7N+ 0.563E-009
HC9N+ 0.943E-010
HCSI+ 0.859E-007
HCL+ 0.388E-009
HNSI+ 0.461E-014
HS2+ 0.258E-014
HS+ 0.729E-010
N2O+ 0.991E-010
NH+ 0.889E-011
PH2+ 0.456E-011
S2+ 0.348E-011
SIC2H2+ 0.280E-009
SIC3H+ 0.314E-008
SIC4+ 0.391E-008
SIH4+ 0.304E-026
SIH+ 0.127E-010
SINC+ 0.422E-009
SIO+ 0.217E-008
H2+ 0.569E-008
F+ 0.119E-013
HE+ 0.740E-006
C3N+ 0.129E-010
HCNO+ 0.290E-018
HNCO+ 0.720E-014
HONC+ 0.196E-022
HNO+ 0.151E-013
HCOOH+ 0.688E-015
NO2+ 0.173E-014
CH2CHCNH+ 0.333E-014
HCS+ 0.275E-006
C10H3+ 0.787E-013
C11+ 0.742E-009
C2H5CNH+ 0.232E-018
C2H5OH2+ 0.283E-024
C2H7+ 0.422E-019
C2NH+ 0.321E-008
C3H2O+ 0.479E-011
C3H5+ 0.247E-007
C3H7+ 0.175E-008
C4H4+ 0.212E-015
C4H5+ 0.822E-012
C4H7+ 0.156E-017
C4N+ 0.175E-010
C5H3+ 0.138E-009
C5H5+ 0.185E-013
C5N+ 0.207E-013
C6H3+ 0.197E-010
C6H4+ 0.336E-014
C6H5+ 0.171E-009
C6H7+ 0.282E-010
C7H3+ 0.154E-010
C7H5+ 0.132E-009
C7N+ 0.197E-009
C8H3+ 0.117E-011
C8H4+ 0.117E-013
C8H5+ 0.342E-022
C9H3+ 0.704E-012
C9H4+ 0.141E-013
C9H5+ 0.775E-022
C9N+ 0.330E-010
CF+ 0.375E-007
CH2CHCN+ 0.295E-011
CH2NH2+ 0.199E-023
CH3C3N+ 0.146E-012
CH3C3NH+ 0.396E-012
CH3C5NH+ 0.315E-014
CH3C7NH+ 0.120E-015
CH3CHOH+ 0.330E-018
CH3CNH+ 0.139E-011
CH3CO+ 0.369E-010
CH3COCH4+ 0.164E-023
CH3CS+ 0.575E-013
CH3OCH4+ 0.227E-025
CH3OH2+ 0.196E-017
CH4N+ 0.114E-014
CH5+ 0.118E-008
H2C4N+ 0.162E-012
H2C7N+ 0.539E-011
H2C9N+ 0.903E-012
H2CCL+ 0.540E-013
H2CNO+ 0.545E-016
H2CL+ 0.633E-009
H2F+ 0.476E-013
H2NC+ 0.938E-009
H2NCO+ 0.100E-012
H2NO+ 0.154E-014
H2OCN+ 0.100E-012
H2PO+ 0.143E-020
H3+ 0.438E-006
H3C3O+ 0.623E-012
H3C5N+ 0.109E-015
H3C7N+ 0.345E-014
H3C9N+ 0.386E-016
H3CO+ 0.157E-014
H3CS+ 0.115E-011
H3O+ 0.392E-009
H3S+ 0.362E-015
H3S2+ 0.125E-017
H3SIO+ 0.714E-027
H5C2O2+ 0.136E-028
HC2O+ 0.620E-009
HC2S+ 0.217E-006
HC3NH+ 0.232E-011
HC3O+ 0.666E-013
HC3S+ 0.139E-008
HC4N+ 0.444E-014
HC4S+ 0.615E-012
HC5NH+ 0.422E-013
HCNH+ 0.464E-009
HCNOH+ 0.816E-017
HCO2+ 0.496E-014
HCOOH2+ 0.150E-019
HF+ 0.331E-014
HN2O+ 0.250E-020
HNCOH+ 0.201E-012
HNS+ 0.426E-014
HOCN+ 0.720E-014
HOCS+ 0.126E-015
HPN+ 0.175E-016
HSO+ 0.779E-015
HSO2+ 0.894E-022
HSIO2+ 0.229E-015
HSIS+ 0.419E-013
HEH+ 0.835E-010
N2H+ 0.881E-010
NCCNCH3+ 0.223E-014
NCCNH+ 0.241E-009
NH2CNH+ 0.761E-019
NH4+ 0.247E-013
O2H+ 0.107E-015
OCN+ 0.115E-014
PC2H2+ 0.166E-015
PC2H3+ 0.102E-022
PC2H4+ 0.305E-022
PC3H+ 0.318E-016
PC4H+ 0.106E-016
PCH2+ 0.244E-009
PCH3+ 0.452E-021
PCH4+ 0.121E-020
PH3+ 0.408E-017
PNH2+ 0.461E-018
PNH3+ 0.750E-024
SIC2H3+ 0.877E-010
SIC3H2+ 0.758E-009
SIC4H+ 0.169E-012
SICH4+ 0.904E-015
SIF+ 0.303E-008
SIH5+ 0.421E-024
SINCH+ 0.791E-014
SINH2+ 0.450E-013
SIOH+ 0.642E-008
