C- 0.505E-009
E 0.136E+000
C2- 0.995E-010
C3- 0.146E-009
C4- 0.164E-006
C5- 0.157E-004
C6- 0.184E-004
C7- 0.540E-004
C8- 0.202E-004
C10- 0.216E-005
C2H- 0.461E-012
C3H- 0.180E-011
C3N- 0.414E-007
C4H- 0.132E-008
C5H- 0.150E-005
C6H- 0.385E-004
C7H- 0.131E-004
C8H- 0.277E-005
C9- 0.170E-004
C9H- 0.161E-005
CH- 0.176E-015
O- 0.170E-010
OH- 0.113E-010
S- 0.193E-010
CN- 0.115E-007
H- 0.520E-010
C10H- 0.725E-007
C5N- 0.782E-006
O2- 0.654E-031
C 0.668E-001
C2 0.421E-002
CH2 0.135E-003
C2H2 0.139E-004
CH 0.120E-002
C2H 0.459E-003
CO2 0.424E-008
CO 0.575E+000
H2O 0.134E-007
H2CO 0.839E-008
N 0.779E-001
CN 0.626E-003
NH 0.379E-007
HCN 0.245E-006
O2 0.623E-007
O 0.502E-001
OH 0.848E-005
HCO 0.155E-006
C4 0.107E-005
C3 0.900E-005
C5 0.421E-004
C6 0.888E-005
C7 0.900E-005
C8 0.962E-005
C9 0.282E-005
C10 0.104E-005
C3H 0.431E-005
C4H 0.566E-006
C4N 0.255E-007
C5H 0.302E-005
C6H 0.493E-004
C7H 0.553E-005
C8H 0.348E-005
C9H 0.626E-006
C10H 0.922E-007
CS 0.396E-003
CH3 0.150E-005
CH3CN 0.423E-010
CH3OH 0.127E-016
OCS 0.388E-009
CH4 0.278E-007
H 0.474E+000
H2 0.774E+003
NH2 0.301E-008
NH3 0.404E-011
C10H2 0.479E-007
H2CCC 0.188E-006
HC3N 0.286E-008
HC4H 0.422E-008
C5H2 0.189E-005
HC5N 0.108E-006
C6H2 0.617E-005
C7H2 0.326E-005
C8H2 0.997E-006
C9H2 0.559E-006
HS 0.741E-007
C2N 0.204E-005
C3N 0.121E-004
C5N 0.705E-006
C7N 0.112E-005
HC7N 0.364E-008
C9N 0.174E-006
HC9N 0.522E-009
NO 0.367E-006
NS 0.643E-007
NO2 0.193E-011
SO2 0.236E-015
C2O 0.107E-007
SO 0.251E-009
HNC 0.212E-006
C2H4 0.432E-009
C2H5 0.127E-011
C2H5OH 0.270E-024
C2S 0.785E-004
C3O 0.256E-010
C3S 0.767E-005
C4H3 0.747E-008
C4S 0.471E-007
C6H6 0.574E-006
CCP 0.258E-009
CCL 0.542E-009
CH2CCH2 0.169E-008
CH2CCH 0.699E-006
CH2CN 0.102E-008
CH2CO 0.200E-008
CH3CCH 0.149E-006
CH3CHCH2 0.329E-008
CH3CHO 0.203E-015
CH3COCH3 0.266E-023
CH3OCH3 0.412E-024
CP 0.979E-007
CLO 0.601E-031
FE 0.000E+000
H2S 0.296E-010
H2SIO 0.135E-019
HCOOCH3 0.129E-024
HCP 0.755E-007
HPO 0.514E-014
MG 0.000E+000
NCCN 0.349E-005
NA 0.000E+000
P 0.935E-007
PH 0.377E-009
PO 0.326E-009
SI 0.243E-003
SIC2 0.267E-003
SIC2H 0.206E-007
SIC3 0.787E-006
SIC 0.521E-004
SICH2 0.318E-010
SICH3 0.379E-010
SIH2 0.801E-015
SIH3 0.181E-017
SIN 0.240E-006
SIS 0.830E-007
S 0.839E-003
N2 0.757E-002
C2H3 0.291E-006
CH3CH3 0.325E-009
PN 0.129E-008
CL 0.250E-003
C3H2 0.241E-005
C4P 0.272E-013
CH3C4H 0.241E-007
CH3C6H 0.687E-007
H2CS 0.134E-008
H2S2 0.130E-013
HC2P 0.485E-014
HCSI 0.293E-004
HCL 0.404E-006
HNSI 0.144E-008
HS2 0.232E-011
N2O 0.535E-014
PH2 0.287E-014
S2 0.711E-009
SIC2H2 0.402E-007
SIC3H 0.341E-006
SIC4 0.219E-006
SIH4 0.398E-023
SIH 0.895E-008
SINC 0.192E-011
SIO 0.237E-006
F 0.128E-004
HE 0.132E+003
HCNO 0.222E-010
HNCO 0.243E-010
HONC 0.677E-015
HNO 0.550E-007
HCOOH 0.122E-012
C11 0.160E-008
C2H5CN 0.891E-017
C3P 0.594E-012
CH2CHCCH 0.728E-008
CH2CHCHCH2 0.479E-013
CH2CHCN 0.133E-009
CH2NH 0.515E-015
CH2PH 0.544E-017
CH3C3N 0.650E-008
CH3C5N 0.207E-012
CH3C7N 0.766E-014
CNO 0.405E-017
H2CN 0.541E-007
H2O2 0.595E-029
HCS 0.558E-006
HF 0.339E-006
HNC3 0.318E-011
HOCN 0.218E-010
NH2CN 0.244E-011
O2H 0.314E-014
OCN 0.598E-006
SIO2 0.146E-007
HCO+ 0.364E-007
H+ 0.247E-005
HOC+ 0.279E-008
C+ 0.102E+000
C10H+ 0.490E-009
C2H4+ 0.117E-007
C2H5+ 0.541E-013
C2H5OH+ 0.188E-026
C2O+ 0.266E-010
C2S+ 0.169E-007
C3O+ 0.285E-014
C3S+ 0.109E-007
C4H3+ 0.259E-010
C4S+ 0.220E-009
C6H6+ 0.201E-005
CCP+ 0.410E-010
CCL+ 0.113E-008
CH2+ 0.831E-006
C3H4+ 0.267E-009
CH2CCH+ 0.410E-007
CH2CN+ 0.128E-009
CH2CO+ 0.130E-010
C3H6+ 0.820E-012
CH3CHO+ 0.343E-018
CH3COCH3+ 0.311E-025
CH3OCH3+ 0.412E-026
CH+ 0.106E-005
CP+ 0.125E-010
CLO+ 0.226E-033
FE+ 0.000E+000
H2CO+ 0.849E-010
H2S+ 0.131E-008
H2SIO+ 0.125E-020
C4H2+ 0.295E-008
COOCH4+ 0.989E-027
HCP+ 0.155E-010
HPO+ 0.234E-014
MG+ 0.000E+000
C2N+ 0.350E-008
CNC+ 0.525E-008
NH3+ 0.573E-010
NO+ 0.124E-008
NS+ 0.196E-009
NA+ 0.000E+000
OCS+ 0.262E-011
P+ 0.191E-004
PH+ 0.123E-011
PO+ 0.472E-011
SO+ 0.221E-008
SI+ 0.224E-001
SIC2+ 0.114E-006
SIC2H+ 0.140E-005
SIC3+ 0.667E-008
SIC+ 0.618E-007
SICH2+ 0.435E-006
SICH3+ 0.412E-013
SIH2+ 0.328E-009
SIH3+ 0.114E-016
SIN+ 0.939E-009
SIS+ 0.833E-009
C2+ 0.193E-005
S+ 0.115E-001
CN+ 0.273E-010
CO+ 0.152E-008
N2+ 0.228E-011
O2+ 0.369E-010
C2H+ 0.168E-005
C2H2+ 0.154E-004
C2H3+ 0.422E-006
C5H2+ 0.777E-011
C6H2+ 0.274E-008
C7H2+ 0.145E-008
C3H3+ 0.116E-007
CO2+ 0.455E-018
HC3N+ 0.566E-010
HCN+ 0.491E-010
C2N2+ 0.441E-010
C3+ 0.201E-006
C5+ 0.437E-009
CH3CH3+ 0.671E-012
PN+ 0.130E-015
H2O+ 0.758E-010
NH2+ 0.269E-010
O+ 0.423E-011
OH+ 0.499E-010
CH3+ 0.725E-005
CH4+ 0.169E-011
CH3OH+ 0.539E-020
N+ 0.508E-010
SO2+ 0.427E-022
CS+ 0.169E-006
CL+ 0.102E-005
C10+ 0.385E-008
C10H2+ 0.797E-010
C3H2+ 0.104E-007
C3H+ 0.362E-006
C4+ 0.781E-008
C4H+ 0.117E-007
C4P+ 0.165E-020
C5H+ 0.114E-008
C6+ 0.177E-007
C6H+ 0.282E-008
C7+ 0.980E-008
C7H+ 0.953E-008
C8+ 0.169E-007
C8H2+ 0.282E-008
C8H+ 0.138E-008
C9+ 0.617E-008
C9H2+ 0.248E-009
C9H+ 0.135E-008
CH3C4H+ 0.657E-013
C7H4+ 0.419E-014
CH3CN+ 0.520E-012
H2CS+ 0.938E-012
H2S2+ 0.532E-019
HC2P+ 0.348E-011
HC5N+ 0.280E-013
HC7N+ 0.455E-009
HC9N+ 0.706E-010
HCSI+ 0.594E-007
HCL+ 0.330E-009
HNSI+ 0.344E-014
HS2+ 0.175E-014
HS+ 0.463E-010
N2O+ 0.863E-010
NH+ 0.793E-011
PH2+ 0.370E-011
S2+ 0.150E-011
SIC2H2+ 0.162E-009
SIC3H+ 0.163E-008
SIC4+ 0.203E-008
SIH4+ 0.163E-026
SIH+ 0.854E-011
SINC+ 0.244E-009
SIO+ 0.108E-008
H2+ 0.569E-008
F+ 0.836E-014
HE+ 0.746E-006
C3N+ 0.799E-011
HCNO+ 0.133E-018
HNCO+ 0.416E-014
HONC+ 0.964E-023
HNO+ 0.980E-014
HCOOH+ 0.336E-015
NO2+ 0.139E-014
CH2CHCNH+ 0.900E-015
HCS+ 0.170E-006
C10H3+ 0.342E-013
C11+ 0.496E-009
C2H5CNH+ 0.886E-019
C2H5OH2+ 0.124E-024
C2H7+ 0.157E-019
C2NH+ 0.198E-008
C3H2O+ 0.304E-011
C3H5+ 0.141E-007
C3H7+ 0.965E-009
C4H4+ 0.983E-016
C4H5+ 0.333E-012
C4H7+ 0.545E-018
C4N+ 0.860E-011
C5H3+ 0.908E-010
C5H5+ 0.725E-014
C5N+ 0.141E-013
C6H3+ 0.111E-010
C6H4+ 0.117E-014
C6H5+ 0.140E-009
C6H7+ 0.205E-010
C7H3+ 0.121E-010
C7H5+ 0.889E-010
C7N+ 0.178E-009
C8H3+ 0.602E-012
C8H4+ 0.547E-014
C8H5+ 0.793E-023
C9H3+ 0.339E-012
C9H4+ 0.604E-014
C9H5+ 0.279E-022
C9N+ 0.277E-010
CF+ 0.227E-007
CH2CHCN+ 0.907E-012
CH2NH2+ 0.465E-024
CH3C3N+ 0.407E-013
CH3C3NH+ 0.985E-013
CH3C5NH+ 0.159E-014
CH3C7NH+ 0.535E-016
CH3CHOH+ 0.143E-018
CH3CNH+ 0.750E-012
CH3CO+ 0.237E-010
CH3COCH4+ 0.710E-024
CH3CS+ 0.314E-013
CH3OCH4+ 0.608E-026
CH3OH2+ 0.629E-018
CH4N+ 0.490E-015
CH5+ 0.781E-009
H2C4N+ 0.457E-013
H2C7N+ 0.389E-011
H2C9N+ 0.604E-012
H2CCL+ 0.343E-013
H2CNO+ 0.190E-016
H2CL+ 0.393E-009
H2F+ 0.274E-013
H2NC+ 0.604E-009
H2NCO+ 0.514E-013
H2NO+ 0.106E-014
H2OCN+ 0.514E-013
H2PO+ 0.537E-021
H3+ 0.392E-006
H3C3O+ 0.352E-012
H3C5N+ 0.292E-016
H3C7N+ 0.204E-014
H3C9N+ 0.173E-016
H3CO+ 0.873E-015
H3CS+ 0.640E-012
H3O+ 0.269E-009
H3S+ 0.207E-015
H3S2+ 0.778E-018
H3SIO+ 0.318E-027
H5C2O2+ 0.274E-029
HC2O+ 0.420E-009
HC2S+ 0.139E-006
HC3NH+ 0.112E-011
HC3O+ 0.391E-013
HC3S+ 0.737E-009
HC4N+ 0.253E-014
HC4S+ 0.274E-012
HC5NH+ 0.261E-013
HCNH+ 0.297E-009
HCNOH+ 0.314E-017
HCO2+ 0.151E-014
HCOOH2+ 0.432E-020
HF+ 0.230E-014
HN2O+ 0.100E-020
HNCOH+ 0.103E-012
HNS+ 0.191E-014
HOCN+ 0.416E-014
HOCS+ 0.382E-016
HPN+ 0.136E-016
HSO+ 0.431E-015
HSO2+ 0.156E-022
HSIO2+ 0.132E-015
HSIS+ 0.105E-013
HEH+ 0.835E-010
N2H+ 0.629E-010
NCCNCH3+ 0.107E-014
NCCNH+ 0.161E-009
NH2CNH+ 0.168E-019
NH4+ 0.161E-013
O2H+ 0.463E-016
OCN+ 0.101E-014
PC2H2+ 0.893E-016
PC2H3+ 0.421E-023
PC2H4+ 0.152E-022
PC3H+ 0.103E-016
PC4H+ 0.343E-017
PCH2+ 0.127E-009
PCH3+ 0.189E-021
PCH4+ 0.605E-021
PH3+ 0.256E-017
PNH2+ 0.253E-018
PNH3+ 0.365E-024
SIC2H3+ 0.442E-010
SIC3H2+ 0.386E-009
SIC4H+ 0.725E-013
SICH4+ 0.436E-015
SIF+ 0.164E-008
SIH5+ 0.231E-024
SINCH+ 0.441E-014
SINH2+ 0.295E-013
SIOH+ 0.284E-008
