C- 0.409E-009
E 0.130E+000
C2- 0.646E-010
C3- 0.119E-009
C4- 0.132E-006
C5- 0.148E-004
C6- 0.162E-004
C7- 0.464E-004
C8- 0.158E-004
C10- 0.147E-005
C2H- 0.280E-012
C3H- 0.135E-011
C3N- 0.251E-007
C4H- 0.113E-008
C5H- 0.125E-005
C6H- 0.327E-004
C7H- 0.101E-004
C8H- 0.190E-005
C9- 0.134E-004
C9H- 0.113E-005
CH- 0.108E-015
O- 0.183E-010
OH- 0.109E-010
S- 0.132E-010
CN- 0.915E-008
H- 0.439E-010
C10H- 0.431E-007
C5N- 0.609E-006
O2- 0.116E-031
C 0.558E-001
C2 0.274E-002
CH2 0.905E-004
C2H2 0.799E-005
CH 0.800E-003
C2H 0.284E-003
CO2 0.180E-008
CO 0.495E+000
H2O 0.884E-008
H2CO 0.503E-008
N 0.699E-001
CN 0.363E-003
NH 0.180E-007
HCN 0.142E-006
O2 0.293E-007
O 0.496E-001
OH 0.398E-005
HCO 0.104E-006
C4 0.842E-006
C3 0.564E-005
C5 0.397E-004
C6 0.784E-005
C7 0.777E-005
C8 0.752E-005
C9 0.222E-005
C10 0.706E-006
C3H 0.258E-005
C4H 0.314E-006
C4N 0.177E-007
C5H 0.251E-005
C6H 0.419E-004
C7H 0.426E-005
C8H 0.239E-005
C9H 0.442E-006
C10H 0.549E-007
CS 0.251E-003
CH3 0.905E-006
CH3CN 0.222E-010
CH3OH 0.620E-017
OCS 0.204E-009
CH4 0.169E-007
H 0.421E+000
H2 0.674E+003
NH2 0.201E-008
NH3 0.257E-011
C10H2 0.257E-007
H2CCC 0.104E-006
HC3N 0.135E-008
HC4H 0.209E-008
C5H2 0.129E-005
HC5N 0.734E-007
C6H2 0.461E-005
C7H2 0.222E-005
C8H2 0.608E-006
C9H2 0.348E-006
HS 0.492E-007
C2N 0.112E-005
C3N 0.670E-005
C5N 0.556E-006
C7N 0.872E-006
HC7N 0.224E-008
C9N 0.124E-006
HC9N 0.280E-009
NO 0.166E-006
NS 0.299E-007
NO2 0.141E-011
SO2 0.511E-016
C2O 0.704E-008
SO 0.116E-009
HNC 0.127E-006
C2H4 0.251E-009
C2H5 0.773E-012
C2H5OH 0.132E-024
C2S 0.518E-004
C3O 0.154E-010
C3S 0.462E-005
C4H3 0.434E-008
C4S 0.282E-007
C6H6 0.375E-006
CCP 0.125E-009
CCL 0.321E-009
CH2CCH2 0.101E-008
CH2CCH 0.378E-006
CH2CN 0.557E-009
CH2CO 0.124E-008
CH3CCH 0.802E-007
CH3CHCH2 0.188E-008
CH3CHO 0.125E-015
CH3COCH3 0.692E-024
CH3OCH3 0.867E-025
CP 0.490E-007
CLO 0.360E-031
FE 0.000E+000
H2S 0.217E-010
H2SIO 0.679E-020
HCOOCH3 0.128E-025
HCP 0.377E-007
HPO 0.291E-014
MG 0.000E+000
NCCN 0.229E-005
NA 0.000E+000
P 0.531E-007
PH 0.263E-009
PO 0.161E-009
SI 0.171E-003
SIC2 0.139E-003
SIC2H 0.949E-008
SIC3 0.374E-006
SIC 0.309E-004
SICH2 0.135E-010
SICH3 0.210E-010
SIH2 0.426E-015
SIH3 0.928E-018
SIN 0.124E-006
SIS 0.166E-007
S 0.590E-003
N2 0.564E-002
C2H3 0.179E-006
CH3CH3 0.187E-009
PN 0.113E-008
CL 0.218E-003
C3H2 0.132E-005
C4P 0.110E-013
CH3C4H 0.131E-007
CH3C6H 0.530E-007
H2CS 0.512E-009
H2S2 0.509E-014
HC2P 0.215E-012
HCSI 0.170E-004
HCL 0.343E-006
HNSI 0.586E-009
HS2 0.146E-011
N2O 0.112E-014
PH2 0.180E-014
S2 0.284E-009
SIC2H2 0.195E-007
SIC3H 0.165E-006
SIC4 0.173E-006
SIH4 0.215E-023
SIH 0.635E-008
SINC 0.672E-012
SIO 0.114E-006
F 0.112E-004
HE 0.115E+003
HCNO 0.797E-011
HNCO 0.108E-010
HONC 0.262E-015
HNO 0.403E-007
HCOOH 0.558E-013
C11 0.770E-009
C2H5CN 0.324E-017
C3P 0.317E-012
CH2CHCCH 0.462E-008
CH2CHCHCH2 0.196E-013
CH2CHCN 0.289E-010
CH2NH 0.209E-015
CH2PH 0.168E-017
CH3C3N 0.245E-008
CH3C5N 0.100E-012
CH3C7N 0.323E-014
CNO 0.170E-017
H2CN 0.287E-007
H2O2 0.240E-029
HCS 0.374E-006
HF 0.201E-006
HNC3 0.154E-011
HOCN 0.991E-011
NH2CN 0.555E-012
O2H 0.144E-014
OCN 0.312E-006
SIO2 0.941E-008
HCO+ 0.223E-007
H+ 0.249E-005
HOC+ 0.164E-008
C+ 0.100E+000
C10H+ 0.305E-009
C2H4+ 0.733E-008
C2H5+ 0.308E-013
C2H5OH+ 0.942E-027
C2O+ 0.181E-010
C2S+ 0.118E-007
C3O+ 0.193E-014
C3S+ 0.669E-008
C4H3+ 0.108E-010
C4S+ 0.120E-009
C6H6+ 0.176E-005
CCP+ 0.207E-010
CCL+ 0.992E-009
CH2+ 0.638E-006
C3H4+ 0.147E-009
CH2CCH+ 0.237E-007
CH2CN+ 0.546E-010
CH2CO+ 0.794E-011
C3H6+ 0.462E-012
CH3CHO+ 0.216E-018
CH3COCH3+ 0.775E-026
CH3OCH3+ 0.888E-027
CH+ 0.810E-006
CP+ 0.700E-011
CLO+ 0.139E-033
FE+ 0.000E+000
H2CO+ 0.574E-010
H2S+ 0.106E-008
H2SIO+ 0.807E-021
C4H2+ 0.161E-008
COOCH4+ 0.101E-027
HCP+ 0.863E-011
HPO+ 0.141E-014
MG+ 0.000E+000
C2N+ 0.219E-008
CNC+ 0.339E-008
NH3+ 0.439E-010
NO+ 0.578E-009
NS+ 0.939E-010
NA+ 0.000E+000
OCS+ 0.143E-011
P+ 0.167E-004
PH+ 0.865E-012
PO+ 0.214E-011
SO+ 0.973E-009
SI+ 0.197E-001
SIC2+ 0.681E-007
SIC2H+ 0.748E-006
SIC3+ 0.340E-008
SIC+ 0.416E-007
SICH2+ 0.261E-006
SICH3+ 0.231E-013
SIH2+ 0.258E-009
SIH3+ 0.731E-017
SIN+ 0.497E-009
SIS+ 0.170E-009
C2+ 0.143E-005
S+ 0.103E-001
CN+ 0.193E-010
CO+ 0.846E-009
N2+ 0.196E-011
O2+ 0.178E-010
C2H+ 0.123E-005
C2H2+ 0.102E-004
C2H3+ 0.246E-006
C5H2+ 0.378E-011
C6H2+ 0.212E-008
C7H2+ 0.102E-008
C3H3+ 0.664E-008
CO2+ 0.218E-018
HC3N+ 0.250E-010
HCN+ 0.359E-010
C2N2+ 0.328E-010
C3+ 0.137E-006
C5+ 0.320E-009
CH3CH3+ 0.399E-012
PN+ 0.119E-015
H2O+ 0.637E-010
NH2+ 0.230E-010
O+ 0.335E-011
OH+ 0.413E-010
CH3+ 0.500E-005
CH4+ 0.109E-011
CH3OH+ 0.271E-020
N+ 0.474E-010
SO2+ 0.997E-023
CS+ 0.114E-006
CL+ 0.950E-006
C10+ 0.277E-008
C10H2+ 0.442E-010
C3H2+ 0.576E-008
C3H+ 0.223E-006
C4+ 0.510E-008
C4H+ 0.719E-008
C4P+ 0.709E-021
C5H+ 0.771E-009
C6+ 0.163E-007
C6H+ 0.220E-008
C7+ 0.859E-008
C7H+ 0.749E-008
C8+ 0.135E-007
C8H2+ 0.190E-008
C8H+ 0.104E-008
C9+ 0.467E-008
C9H2+ 0.161E-009
C9H+ 0.904E-009
CH3C4H+ 0.249E-013
C7H4+ 0.206E-014
CH3CN+ 0.328E-012
H2CS+ 0.521E-012
H2S2+ 0.300E-019
HC2P+ 0.181E-011
HC5N+ 0.202E-013
HC7N+ 0.365E-009
HC9N+ 0.517E-010
HCSI+ 0.397E-007
HCL+ 0.288E-009
HNSI+ 0.263E-014
HS2+ 0.119E-014
HS+ 0.292E-010
N2O+ 0.752E-010
NH+ 0.709E-011
PH2+ 0.303E-011
S2+ 0.624E-012
SIC2H2+ 0.917E-010
SIC3H+ 0.826E-009
SIC4+ 0.101E-008
SIH4+ 0.857E-027
SIH+ 0.590E-011
SINC+ 0.139E-009
SIO+ 0.525E-009
H2+ 0.568E-008
F+ 0.584E-014
HE+ 0.752E-006
C3N+ 0.477E-011
HCNO+ 0.561E-019
HNCO+ 0.244E-014
HONC+ 0.436E-023
HNO+ 0.711E-014
HCOOH+ 0.158E-015
NO2+ 0.111E-014
CH2CHCNH+ 0.270E-015
HCS+ 0.102E-006
C10H3+ 0.142E-013
C11+ 0.321E-009
C2H5CNH+ 0.334E-019
C2H5OH2+ 0.611E-025
C2H7+ 0.580E-020
C2NH+ 0.120E-008
C3H2O+ 0.190E-011
C3H5+ 0.797E-008
C3H7+ 0.530E-009
C4H4+ 0.473E-016
C4H5+ 0.130E-012
C4H7+ 0.184E-018
C4N+ 0.426E-011
C5H3+ 0.591E-010
C5H5+ 0.288E-014
C5N+ 0.977E-014
C6H3+ 0.613E-011
C6H4+ 0.388E-015
C6H5+ 0.114E-009
C6H7+ 0.150E-010
C7H3+ 0.937E-011
C7H5+ 0.592E-010
C7N+ 0.158E-009
C8H3+ 0.306E-012
C8H4+ 0.258E-014
C8H5+ 0.183E-023
C9H3+ 0.159E-012
C9H4+ 0.255E-014
C9H5+ 0.101E-022
C9N+ 0.224E-010
CF+ 0.138E-007
CH2CHCN+ 0.306E-012
CH2NH2+ 0.121E-024
CH3C3N+ 0.105E-013
CH3C3NH+ 0.229E-013
CH3C5NH+ 0.811E-015
CH3C7NH+ 0.247E-016
CH3CHOH+ 0.669E-019
CH3CNH+ 0.406E-012
CH3CO+ 0.152E-010
CH3COCH4+ 0.316E-024
CH3CS+ 0.167E-013
CH3OCH4+ 0.219E-026
CH3OH2+ 0.294E-018
CH4N+ 0.237E-015
CH5+ 0.517E-009
H2C4N+ 0.119E-013
H2C7N+ 0.282E-011
H2C9N+ 0.400E-012
H2CCL+ 0.218E-013
H2CNO+ 0.744E-017
H2CL+ 0.266E-009
H2F+ 0.160E-013
H2NC+ 0.386E-009
H2NCO+ 0.270E-013
H2NO+ 0.734E-015
H2OCN+ 0.270E-013
H2PO+ 0.294E-021
H3+ 0.354E-006
H3C3O+ 0.199E-012
H3C5N+ 0.810E-017
H3C7N+ 0.120E-014
H3C9N+ 0.789E-017
H3CO+ 0.520E-015
H3CS+ 0.358E-012
H3O+ 0.203E-009
H3S+ 0.119E-015
H3S2+ 0.492E-018
H3SIO+ 0.146E-027
H5C2O2+ 0.802E-030
HC2O+ 0.282E-009
HC2S+ 0.875E-007
HC3NH+ 0.544E-012
HC3O+ 0.227E-013
HC3S+ 0.380E-009
HC4N+ 0.140E-014
HC4S+ 0.123E-012
HC5NH+ 0.167E-013
HCNH+ 0.193E-009
HCNOH+ 0.113E-017
HCO2+ 0.453E-015
HCOOH2+ 0.183E-020
HF+ 0.160E-014
HN2O+ 0.594E-021
HNCOH+ 0.541E-013
HNS+ 0.850E-015
HOCN+ 0.244E-014
HOCS+ 0.134E-016
HPN+ 0.109E-016
HSO+ 0.261E-015
HSO2+ 0.325E-023
HSIO2+ 0.769E-016
HSIS+ 0.319E-014
HEH+ 0.834E-010
N2H+ 0.453E-010
NCCNCH3+ 0.498E-015
NCCNH+ 0.108E-009
NH2CNH+ 0.347E-020
NH4+ 0.109E-013
O2H+ 0.195E-016
OCN+ 0.889E-015
PC2H2+ 0.470E-016
PC2H3+ 0.177E-023
PC2H4+ 0.746E-023
PC3H+ 0.335E-017
PC4H+ 0.110E-017
PCH2+ 0.633E-010
PCH3+ 0.832E-022
PCH4+ 0.309E-021
PH3+ 0.170E-017
PNH2+ 0.147E-018
PNH3+ 0.194E-024
SIC2H3+ 0.217E-010
SIC3H2+ 0.192E-009
SIC4H+ 0.313E-013
SICH4+ 0.213E-015
SIF+ 0.899E-009
SIH5+ 0.134E-024
SINCH+ 0.243E-014
SINH2+ 0.200E-013
SIOH+ 0.124E-008
