C- 0.330E-009
E 0.124E+000
C2- 0.405E-010
C3- 0.997E-010
C4- 0.109E-006
C5- 0.139E-004
C6- 0.141E-004
C7- 0.392E-004
C8- 0.120E-004
C10- 0.955E-006
C2H- 0.165E-012
C3H- 0.107E-011
C3N- 0.155E-007
C4H- 0.970E-009
C5H- 0.104E-005
C6H- 0.278E-004
C7H- 0.763E-005
C8H- 0.127E-005
C9- 0.102E-004
C9H- 0.782E-006
CH- 0.650E-016
O- 0.196E-010
OH- 0.106E-010
S- 0.903E-011
CN- 0.726E-008
H- 0.369E-010
C10H- 0.248E-007
C5N- 0.478E-006
O2- 0.207E-032
C 0.465E-001
C2 0.172E-002
CH2 0.590E-004
C2H2 0.445E-005
CH 0.518E-003
C2H 0.170E-003
CO2 0.771E-009
CO 0.425E+000
H2O 0.722E-008
H2CO 0.295E-008
N 0.625E-001
CN 0.204E-003
NH 0.942E-008
HCN 0.802E-007
O2 0.132E-007
O 0.492E-001
OH 0.180E-005
HCO 0.681E-007
C4 0.679E-006
C3 0.356E-005
C5 0.374E-004
C6 0.681E-005
C7 0.656E-005
C8 0.570E-005
C9 0.170E-005
C10 0.460E-006
C3H 0.157E-005
C4H 0.174E-006
C4N 0.127E-007
C5H 0.210E-005
C6H 0.356E-004
C7H 0.323E-005
C8H 0.159E-005
C9H 0.304E-006
C10H 0.315E-007
CS 0.154E-003
CH3 0.535E-006
CH3CN 0.114E-010
CH3OH 0.343E-017
OCS 0.118E-009
CH4 0.100E-007
H 0.372E+000
H2 0.587E+003
NH2 0.143E-008
NH3 0.167E-011
C10H2 0.132E-007
H2CCC 0.555E-007
HC3N 0.655E-009
HC4H 0.106E-008
C5H2 0.904E-006
HC5N 0.505E-007
C6H2 0.345E-005
C7H2 0.149E-005
C8H2 0.361E-006
C9H2 0.212E-006
HS 0.359E-007
C2N 0.597E-006
C3N 0.363E-005
C5N 0.441E-006
C7N 0.665E-006
HC7N 0.141E-008
C9N 0.849E-007
HC9N 0.155E-009
NO 0.726E-007
NS 0.134E-007
NO2 0.101E-011
SO2 0.155E-016
C2O 0.452E-008
SO 0.642E-010
HNC 0.742E-007
C2H4 0.140E-009
C2H5 0.449E-012
C2H5OH 0.675E-025
C2S 0.332E-004
C3O 0.887E-011
C3S 0.271E-005
C4H3 0.251E-008
C4S 0.165E-007
C6H6 0.242E-006
CCP 0.593E-010
CCL 0.184E-009
CH2CCH2 0.587E-009
CH2CCH 0.198E-006
CH2CN 0.296E-009
CH2CO 0.749E-009
CH3CCH 0.418E-007
CH3CHCH2 0.103E-008
CH3CHO 0.753E-016
CH3COCH3 0.214E-024
CH3OCH3 0.268E-025
CP 0.234E-007
CLO 0.209E-031
FE 0.000E+000
H2S 0.159E-010
H2SIO 0.334E-020
HCOOCH3 0.108E-026
HCP 0.180E-007
HPO 0.159E-014
MG 0.000E+000
NCCN 0.149E-005
NA 0.000E+000
P 0.308E-007
PH 0.191E-009
PO 0.764E-010
SI 0.121E-003
SIC2 0.697E-004
SIC2H 0.446E-008
SIC3 0.171E-006
SIC 0.178E-004
SICH2 0.570E-011
SICH3 0.114E-010
SIH2 0.246E-015
SIH3 0.462E-018
SIN 0.629E-007
SIS 0.305E-008
S 0.412E-003
N2 0.415E-002
C2H3 0.107E-006
CH3CH3 0.103E-009
PN 0.977E-009
CL 0.190E-003
C3H2 0.704E-006
C4P 0.423E-014
CH3C4H 0.701E-008
CH3C6H 0.402E-007
H2CS 0.196E-009
H2S2 0.186E-014
HC2P 0.933E-013
HCSI 0.958E-005
HCL 0.293E-006
HNSI 0.225E-009
HS2 0.888E-012
N2O 0.277E-015
PH2 0.110E-014
S2 0.106E-009
SIC2H2 0.904E-008
SIC3H 0.769E-007
SIC4 0.135E-006
SIH4 0.119E-023
SIH 0.454E-008
SINC 0.238E-012
SIO 0.554E-007
F 0.986E-005
HE 0.998E+002
HCNO 0.262E-011
HNCO 0.476E-011
HONC 0.931E-016
HNO 0.292E-007
HCOOH 0.242E-013
C11 0.353E-009
C2H5CN 0.114E-017
C3P 0.163E-012
CH2CHCCH 0.291E-008
CH2CHCHCH2 0.745E-014
CH2CHCN 0.573E-011
CH2NH 0.858E-016
CH2PH 0.479E-018
CH3C3N 0.885E-009
CH3C5N 0.486E-013
CH3C7N 0.141E-014
CNO 0.655E-018
H2CN 0.148E-007
H2O2 0.909E-030
HCS 0.246E-006
HF 0.119E-006
HNC3 0.730E-012
HOCN 0.446E-011
NH2CN 0.113E-012
O2H 0.622E-015
OCN 0.160E-006
SIO2 0.590E-008
HCO+ 0.138E-007
H+ 0.247E-005
HOC+ 0.986E-009
C+ 0.975E-001
C10H+ 0.183E-009
C2H4+ 0.441E-008
C2H5+ 0.168E-013
C2H5OH+ 0.495E-027
C2O+ 0.119E-010
C2S+ 0.806E-008
C3O+ 0.124E-014
C3S+ 0.398E-008
C4H3+ 0.437E-011
C4S+ 0.649E-010
C6H6+ 0.154E-005
CCP+ 0.992E-011
CCL+ 0.864E-009
CH2+ 0.479E-006
C3H4+ 0.787E-010
CH2CCH+ 0.132E-007
CH2CN+ 0.222E-010
CH2CO+ 0.483E-011
C3H6+ 0.249E-012
CH3CHO+ 0.133E-018
CH3COCH3+ 0.227E-026
CH3OCH3+ 0.281E-027
CH+ 0.599E-006
CP+ 0.371E-011
CLO+ 0.828E-034
FE+ 0.000E+000
H2CO+ 0.382E-010
H2S+ 0.850E-009
H2SIO+ 0.532E-021
C4H2+ 0.856E-009
COOCH4+ 0.867E-029
HCP+ 0.451E-011
HPO+ 0.106E-014
MG+ 0.000E+000
C2N+ 0.133E-008
CNC+ 0.214E-008
NH3+ 0.338E-010
NO+ 0.260E-009
NS+ 0.434E-010
NA+ 0.000E+000
OCS+ 0.848E-012
P+ 0.146E-004
PH+ 0.629E-012
PO+ 0.938E-012
SO+ 0.411E-009
SI+ 0.172E-001
SIC2+ 0.387E-007
SIC2H+ 0.383E-006
SIC3+ 0.170E-008
SIC+ 0.271E-007
SICH2+ 0.151E-006
SICH3+ 0.125E-013
SIH2+ 0.203E-009
SIH3+ 0.476E-017
SIN+ 0.256E-009
SIS+ 0.318E-010
C2+ 0.102E-005
S+ 0.914E-002
CN+ 0.138E-010
CO+ 0.459E-009
N2+ 0.167E-011
O2+ 0.819E-011
C2H+ 0.858E-006
C2H2+ 0.644E-005
C2H3+ 0.139E-006
C5H2+ 0.189E-011
C6H2+ 0.165E-008
C7H2+ 0.710E-009
C3H3+ 0.364E-008
CO2+ 0.106E-018
HC3N+ 0.107E-010
HCN+ 0.262E-010
C2N2+ 0.241E-010
C3+ 0.889E-007
C5+ 0.242E-009
CH3CH3+ 0.228E-012
PN+ 0.108E-015
H2O+ 0.575E-010
NH2+ 0.197E-010
O+ 0.295E-011
OH+ 0.370E-010
CH3+ 0.338E-005
CH4+ 0.685E-012
CH3OH+ 0.154E-020
N+ 0.444E-010
SO2+ 0.321E-023
CS+ 0.735E-007
CL+ 0.880E-006
C10+ 0.193E-008
C10H2+ 0.236E-010
C3H2+ 0.306E-008
C3H+ 0.131E-006
C4+ 0.326E-008
C4H+ 0.430E-008
C4P+ 0.284E-021
C5H+ 0.534E-009
C6+ 0.149E-007
C6H+ 0.173E-008
C7+ 0.744E-008
C7H+ 0.583E-008
C8+ 0.106E-007
C8H2+ 0.125E-008
C8H+ 0.763E-009
C9+ 0.343E-008
C9H2+ 0.102E-009
C9H+ 0.588E-009
CH3C4H+ 0.895E-014
C7H4+ 0.109E-014
CH3CN+ 0.198E-012
H2CS+ 0.282E-012
H2S2+ 0.167E-019
HC2P+ 0.907E-012
HC5N+ 0.149E-013
HC7N+ 0.287E-009
HC9N+ 0.366E-010
HCSI+ 0.256E-007
HCL+ 0.253E-009
HNSI+ 0.202E-014
HS2+ 0.809E-015
HS+ 0.181E-010
N2O+ 0.655E-010
NH+ 0.636E-011
PH2+ 0.248E-011
S2+ 0.247E-012
SIC2H2+ 0.504E-010
SIC3H+ 0.402E-009
SIC4+ 0.487E-009
SIH4+ 0.437E-027
SIH+ 0.414E-011
SINC+ 0.782E-010
SIO+ 0.248E-009
H2+ 0.568E-008
F+ 0.407E-014
HE+ 0.759E-006
C3N+ 0.274E-011
HCNO+ 0.216E-019
HNCO+ 0.146E-014
HONC+ 0.181E-023
HNO+ 0.564E-014
HCOOH+ 0.707E-016
NO2+ 0.868E-015
CH2CHCNH+ 0.907E-016
HCS+ 0.594E-007
C10H3+ 0.557E-014
C11+ 0.200E-009
C2H5CNH+ 0.121E-019
C2H5OH2+ 0.311E-025
C2H7+ 0.207E-020
C2NH+ 0.700E-009
C3H2O+ 0.115E-011
C3H5+ 0.431E-008
C3H7+ 0.280E-009
C4H4+ 0.233E-016
C4H5+ 0.484E-013
C4H7+ 0.574E-019
C4N+ 0.213E-011
C5H3+ 0.378E-010
C5H5+ 0.118E-014
C5N+ 0.688E-014
C6H3+ 0.331E-011
C6H4+ 0.120E-015
C6H5+ 0.923E-010
C6H7+ 0.109E-010
C7H3+ 0.712E-011
C7H5+ 0.386E-010
C7N+ 0.137E-009
C8H3+ 0.150E-012
C8H4+ 0.118E-014
C8H5+ 0.422E-024
C9H3+ 0.714E-013
C9H4+ 0.103E-014
C9H5+ 0.367E-023
C9N+ 0.175E-010
CF+ 0.823E-008
CH2CHCN+ 0.116E-012
CH2NH2+ 0.324E-025
CH3C3N+ 0.263E-014
CH3C3NH+ 0.518E-014
CH3C5NH+ 0.411E-015
CH3C7NH+ 0.115E-016
CH3CHOH+ 0.326E-019
CH3CNH+ 0.213E-012
CH3CO+ 0.952E-011
CH3COCH4+ 0.136E-024
CH3CS+ 0.850E-014
CH3OCH4+ 0.867E-027
CH3OH2+ 0.167E-018
CH4N+ 0.120E-015
CH5+ 0.335E-009
H2C4N+ 0.302E-014
H2C7N+ 0.200E-011
H2C9N+ 0.256E-012
H2CCL+ 0.136E-013
H2CNO+ 0.308E-017
H2CL+ 0.185E-009
H2F+ 0.940E-014
H2NC+ 0.241E-009
H2NCO+ 0.145E-013
H2NO+ 0.504E-015
H2OCN+ 0.145E-013
H2PO+ 0.197E-021
H3+ 0.320E-006
H3C3O+ 0.108E-012
H3C5N+ 0.237E-017
H3C7N+ 0.701E-015
H3C9N+ 0.356E-017
H3CO+ 0.315E-015
H3CS+ 0.195E-012
H3O+ 0.164E-009
H3S+ 0.675E-016
H3S2+ 0.311E-018
H3SIO+ 0.667E-028
H5C2O2+ 0.280E-030
HC2O+ 0.182E-009
HC2S+ 0.534E-007
HC3NH+ 0.259E-012
HC3O+ 0.128E-013
HC3S+ 0.188E-009
HC4N+ 0.753E-015
HC4S+ 0.562E-013
HC5NH+ 0.109E-013
HCNH+ 0.126E-009
HCNOH+ 0.374E-018
HCO2+ 0.133E-015
HCOOH2+ 0.973E-021
HF+ 0.111E-014
HN2O+ 0.439E-021
HNCOH+ 0.291E-013
HNS+ 0.372E-015
HOCN+ 0.146E-014
HOCS+ 0.547E-017
HPN+ 0.879E-017
HSO+ 0.168E-015
HSO2+ 0.935E-024
HSIO2+ 0.442E-016
HSIS+ 0.127E-014
HEH+ 0.834E-010
N2H+ 0.323E-010
NCCNCH3+ 0.225E-015
NCCNH+ 0.711E-010
NH2CNH+ 0.647E-021
NH4+ 0.749E-014
O2H+ 0.791E-017
OCN+ 0.783E-015
PC2H2+ 0.237E-016
PC2H3+ 0.743E-024
PC2H4+ 0.352E-023
PC3H+ 0.107E-017
PC4H+ 0.350E-018
PCH2+ 0.298E-010
PCH3+ 0.371E-022
PCH4+ 0.155E-021
PH3+ 0.117E-017
PNH2+ 0.881E-019
PNH3+ 0.106E-024
SIC2H3+ 0.103E-010
SIC3H2+ 0.926E-010
SIC4H+ 0.136E-013
SICH4+ 0.102E-015
SIF+ 0.489E-009
SIH5+ 0.788E-025
SINCH+ 0.131E-014
SINH2+ 0.138E-013
SIOH+ 0.524E-009
