C- 0.266E-009
E 0.117E+000
C2- 0.245E-010
C3- 0.855E-010
C4- 0.914E-007
C5- 0.130E-004
C6- 0.120E-004
C7- 0.324E-004
C8- 0.881E-005
C10- 0.597E-006
C2H- 0.926E-013
C3H- 0.876E-012
C3N- 0.965E-008
C4H- 0.837E-009
C5H- 0.868E-006
C6H- 0.236E-004
C7H- 0.569E-005
C8H- 0.828E-006
C9- 0.761E-005
C9H- 0.526E-006
CH- 0.374E-016
O- 0.209E-010
OH- 0.102E-010
S- 0.609E-011
CN- 0.538E-008
H- 0.308E-010
C10H- 0.138E-007
C5N- 0.375E-006
O2- 0.357E-033
C 0.388E-001
C2 0.104E-002
CH2 0.377E-004
C2H2 0.189E-005
CH 0.327E-003
C2H 0.967E-004
CO2 0.345E-009
CO 0.364E+000
H2O 0.641E-008
H2CO 0.170E-008
N 0.558E-001
CN 0.111E-003
NH 0.558E-008
HCN 0.446E-007
O2 0.564E-008
O 0.487E-001
OH 0.791E-006
HCO 0.437E-007
C4 0.557E-006
C3 0.230E-005
C5 0.353E-004
C6 0.584E-005
C7 0.544E-005
C8 0.421E-005
C9 0.127E-005
C10 0.288E-006
C3H 0.983E-006
C4H 0.987E-007
C4N 0.936E-008
C5H 0.175E-005
C6H 0.303E-004
C7H 0.241E-005
C8H 0.104E-005
C9H 0.205E-006
C10H 0.175E-007
CS 0.913E-004
CH3 0.297E-006
CH3CN 0.578E-011
CH3OH 0.193E-017
OCS 0.716E-010
CH4 0.582E-008
H 0.328E+000
H2 0.511E+003
NH2 0.105E-008
NH3 0.111E-011
C10H2 0.653E-008
H2CCC 0.285E-007
HC3N 0.324E-009
HC4H 0.552E-009
C5H2 0.647E-006
HC5N 0.350E-007
C6H2 0.258E-005
C7H2 0.980E-006
C8H2 0.208E-006
C9H2 0.126E-006
HS 0.271E-007
C2N 0.308E-006
C3N 0.193E-005
C5N 0.351E-006
C7N 0.496E-006
HC7N 0.897E-009
C9N 0.564E-007
HC9N 0.877E-010
NO 0.311E-007
NS 0.583E-008
NO2 0.721E-012
SO2 0.694E-017
C2O 0.289E-008
SO 0.410E-010
HNC 0.426E-007
C2H4 0.757E-010
C2H5 0.252E-012
C2H5OH 0.361E-025
C2S 0.207E-004
C3O 0.934E-011
C3S 0.155E-005
C4H3 0.145E-008
C4S 0.937E-008
C6H6 0.155E-006
CCP 0.270E-010
CCL 0.103E-009
CH2CCH2 0.338E-009
CH2CCH 0.101E-006
CH2CN 0.153E-009
CH2CO 0.445E-009
CH3CCH 0.210E-007
CH3CHCH2 0.552E-009
CH3CHO 0.440E-016
CH3COCH3 0.752E-025
CH3OCH3 0.993E-026
CP 0.106E-007
CLO 0.119E-031
FE 0.000E+000
H2S 0.117E-010
H2SIO 0.161E-020
HCOOCH3 0.788E-028
HCP 0.815E-008
HPO 0.847E-015
MG 0.000E+000
NCCN 0.952E-006
NA 0.000E+000
P 0.188E-007
PH 0.143E-009
PO 0.350E-010
SI 0.853E-004
SIC2 0.337E-004
SIC2H 0.209E-008
SIC3 0.761E-007
SIC 0.100E-004
SICH2 0.238E-011
SICH3 0.604E-011
SIH2 0.150E-015
SIH3 0.224E-018
SIN 0.311E-007
SIS 0.516E-009
S 0.285E-003
N2 0.301E-002
C2H3 0.641E-007
CH3CH3 0.550E-010
PN 0.847E-009
CL 0.165E-003
C3H2 0.362E-006
C4P 0.153E-014
CH3C4H 0.370E-008
CH3C6H 0.300E-007
H2CS 0.753E-010
H2S2 0.639E-015
HC2P 0.383E-013
HCSI 0.520E-005
HCL 0.250E-006
HNSI 0.818E-010
HS2 0.526E-012
N2O 0.968E-016
PH2 0.661E-015
S2 0.372E-010
SIC2H2 0.405E-008
SIC3H 0.345E-007
SIC4 0.105E-006
SIH4 0.684E-024
SIH 0.326E-008
SINC 0.878E-013
SIO 0.272E-007
F 0.862E-005
HE 0.870E+002
HCNO 0.788E-012
HNCO 0.213E-011
HONC 0.301E-016
HNO 0.208E-007
HCOOH 0.985E-014
C11 0.156E-009
C2H5CN 0.390E-018
C3P 0.797E-013
CH2CHCCH 0.182E-008
CH2CHCHCH2 0.266E-014
CH2CHCN 0.104E-011
CH2NH 0.350E-016
CH2PH 0.127E-018
CH3C3N 0.309E-009
CH3C5N 0.237E-013
CH3C7N 0.631E-015
CNO 0.231E-018
H2CN 0.732E-008
H2O2 0.320E-030
HCS 0.159E-006
HF 0.703E-007
HNC3 0.342E-012
HOCN 0.204E-011
NH2CN 0.204E-013
O2H 0.253E-015
OCN 0.815E-007
SIO2 0.361E-008
HCO+ 0.880E-008
H+ 0.243E-005
HOC+ 0.624E-009
C+ 0.940E-001
C10H+ 0.107E-009
C2H4+ 0.260E-008
C2H5+ 0.100E-013
C2H5OH+ 0.273E-027
C2O+ 0.770E-011
C2S+ 0.531E-008
C3O+ 0.142E-014
C3S+ 0.232E-008
C4H3+ 0.213E-011
C4S+ 0.355E-010
C6H6+ 0.133E-005
CCP+ 0.451E-011
CCL+ 0.754E-009
CH2+ 0.355E-006
C3H4+ 0.411E-010
CH2CCH+ 0.705E-008
CH2CN+ 0.877E-011
CH2CO+ 0.293E-011
C3H6+ 0.131E-012
CH3CHO+ 0.802E-019
CH3COCH3+ 0.775E-027
CH3OCH3+ 0.107E-027
CH+ 0.430E-006
CP+ 0.185E-011
CLO+ 0.480E-034
FE+ 0.000E+000
H2CO+ 0.255E-010
H2S+ 0.686E-009
H2SIO+ 0.365E-021
C4H2+ 0.451E-009
COOCH4+ 0.648E-030
HCP+ 0.223E-011
HPO+ 0.866E-015
MG+ 0.000E+000
C2N+ 0.795E-009
CNC+ 0.134E-008
NH3+ 0.265E-010
NO+ 0.115E-009
NS+ 0.197E-010
NA+ 0.000E+000
OCS+ 0.527E-012
P+ 0.128E-004
PH+ 0.472E-012
PO+ 0.402E-012
SO+ 0.169E-009
SI+ 0.151E-001
SIC2+ 0.211E-007
SIC2H+ 0.189E-006
SIC3+ 0.863E-009
SIC+ 0.171E-007
SICH2+ 0.859E-007
SICH3+ 0.666E-014
SIH2+ 0.161E-009
SIH3+ 0.319E-017
SIN+ 0.129E-009
SIS+ 0.559E-011
C2+ 0.700E-006
S+ 0.809E-002
CN+ 0.988E-011
CO+ 0.247E-009
N2+ 0.139E-011
O2+ 0.364E-011
C2H+ 0.579E-006
C2H2+ 0.396E-005
C2H3+ 0.213E-005
C5H2+ 0.114E-011
C6H2+ 0.129E-008
C7H2+ 0.490E-009
C3H3+ 0.194E-008
CO2+ 0.539E-019
HC3N+ 0.449E-011
HCN+ 0.190E-010
C2N2+ 0.174E-010
C3+ 0.552E-007
C5+ 0.190E-009
CH3CH3+ 0.127E-012
PN+ 0.977E-016
H2O+ 0.548E-010
NH2+ 0.171E-010
O+ 0.283E-011
OH+ 0.355E-010
CH3+ 0.227E-005
CH4+ 0.424E-012
CH3OH+ 0.898E-021
N+ 0.417E-010
SO2+ 0.152E-023
CS+ 0.459E-007
CL+ 0.812E-006
C10+ 0.132E-008
C10H2+ 0.121E-010
C3H2+ 0.211E-008
C3H+ 0.742E-007
C4+ 0.207E-008
C4H+ 0.253E-008
C4P+ 0.107E-021
C5H+ 0.381E-009
C6+ 0.137E-007
C6H+ 0.139E-008
C7+ 0.641E-008
C7H+ 0.454E-008
C8+ 0.816E-008
C8H2+ 0.808E-009
C8H+ 0.547E-009
C9+ 0.247E-008
C9H2+ 0.632E-010
C9H+ 0.378E-009
CH3C4H+ 0.825E-014
C7H4+ 0.697E-014
CH3CN+ 0.117E-012
H2CS+ 0.145E-012
H2S2+ 0.930E-020
HC2P+ 0.359E-012
HC5N+ 0.112E-013
HC7N+ 0.222E-009
HC9N+ 0.252E-010
HCSI+ 0.161E-007
HCL+ 0.226E-009
HNSI+ 0.157E-014
HS2+ 0.553E-015
HS+ 0.112E-010
N2O+ 0.570E-010
NH+ 0.574E-011
PH2+ 0.204E-011
S2+ 0.944E-013
SIC2H2+ 0.280E-010
SIC3H+ 0.191E-009
SIC4+ 0.228E-009
SIH4+ 0.218E-027
SIH+ 0.296E-011
SINC+ 0.436E-010
SIO+ 0.115E-009
H2+ 0.568E-008
F+ 0.284E-014
HE+ 0.765E-006
C3N+ 0.151E-011
HCNO+ 0.760E-020
HNCO+ 0.913E-015
HONC+ 0.682E-024
HNO+ 0.485E-014
HCOOH+ 0.300E-016
NO2+ 0.673E-015
CH2CHCNH+ 0.344E-016
HCS+ 0.336E-007
C10H3+ 0.207E-014
C11+ 0.120E-009
C2H5CNH+ 0.430E-020
C2H5OH2+ 0.165E-025
C2H7+ 0.739E-021
C2NH+ 0.657E-009
C3H2O+ 0.673E-012
C3H5+ 0.227E-008
C3H7+ 0.145E-009
C4H4+ 0.122E-016
C4H5+ 0.175E-013
C4H7+ 0.101E-018
C4N+ 0.109E-011
C5H3+ 0.240E-010
C5H5+ 0.231E-014
C5N+ 0.498E-014
C6H3+ 0.178E-011
C6H4+ 0.360E-016
C6H5+ 0.742E-010
C6H7+ 0.794E-011
C7H3+ 0.537E-011
C7H5+ 0.249E-010
C7N+ 0.116E-009
C8H3+ 0.267E-012
C8H4+ 0.100E-013
C8H5+ 0.119E-024
C9H3+ 0.731E-013
C9H4+ 0.100E-013
C9H5+ 0.138E-023
C9N+ 0.132E-010
CF+ 0.491E-008
CH2CHCN+ 0.490E-013
CH2NH2+ 0.897E-026
CH3C3N+ 0.705E-015
CH3C3NH+ 0.127E-014
CH3C5NH+ 0.210E-015
CH3C7NH+ 0.539E-017
CH3CHOH+ 0.131E-019
CH3CNH+ 0.111E-012
CH3CO+ 0.596E-011
CH3COCH4+ 0.573E-025
CH3CS+ 0.421E-014
CH3OCH4+ 0.353E-027
CH3OH2+ 0.103E-018
CH4N+ 0.623E-016
CH5+ 0.217E-009
H2C4N+ 0.822E-015
H2C7N+ 0.141E-011
H2C9N+ 0.161E-012
H2CCL+ 0.849E-014
H2CNO+ 0.145E-017
H2CL+ 0.138E-009
H2F+ 0.558E-014
H2NC+ 0.150E-009
H2NCO+ 0.823E-014
H2NO+ 0.346E-015
H2OCN+ 0.823E-014
H2PO+ 0.147E-021
H3+ 0.291E-006
H3C3O+ 0.143E-011
H3C5N+ 0.838E-018
H3C7N+ 0.408E-015
H3C9N+ 0.172E-017
H3CO+ 0.196E-015
H3CS+ 0.104E-012
H3O+ 0.142E-009
H3S+ 0.388E-016
H3S2+ 0.199E-018
H3SIO+ 0.310E-028
H5C2O2+ 0.106E-030
HC2O+ 0.170E-009
HC2S+ 0.318E-007
HC3NH+ 0.121E-012
HC3O+ 0.950E-014
HC3S+ 0.907E-010
HC4N+ 0.400E-015
HC4S+ 0.266E-013
HC5NH+ 0.739E-014
HCNH+ 0.825E-010
HCNOH+ 0.115E-018
HCO2+ 0.394E-016
HCOOH2+ 0.587E-021
HF+ 0.765E-015
HN2O+ 0.356E-021
HNCOH+ 0.165E-013
HNS+ 0.163E-015
HOCN+ 0.913E-015
HOCS+ 0.256E-017
HPN+ 0.725E-017
HSO+ 0.116E-015
HSO2+ 0.400E-024
HSIO2+ 0.252E-016
HSIS+ 0.627E-015
HEH+ 0.833E-010
N2H+ 0.230E-010
NCCNCH3+ 0.101E-015
NCCNH+ 0.466E-010
NH2CNH+ 0.109E-021
NH4+ 0.527E-014
O2H+ 0.311E-017
OCN+ 0.691E-015
PC2H2+ 0.116E-016
PC2H3+ 0.311E-024
PC2H4+ 0.163E-023
PC3H+ 0.449E-018
PC4H+ 0.117E-018
PCH2+ 0.133E-010
PCH3+ 0.168E-022
PCH4+ 0.768E-022
PH3+ 0.832E-018
PNH2+ 0.539E-019
PNH3+ 0.606E-025
SIC2H3+ 0.472E-011
SIC3H2+ 0.435E-010
SIC4H+ 0.609E-014
SICH4+ 0.496E-016
SIF+ 0.267E-009
SIH5+ 0.482E-025
SINCH+ 0.696E-015
SINH2+ 0.968E-014
SIOH+ 0.221E-009
