C- 0.214E-009
E 0.110E+000
C2- 0.143E-010
C3- 0.747E-010
C4- 0.778E-007
C5- 0.121E-004
C6- 0.101E-004
C7- 0.262E-004
C8- 0.630E-005
C10- 0.360E-006
C2H- 0.510E-013
C3H- 0.743E-012
C3N- 0.616E-008
C4H- 0.724E-009
C5H- 0.722E-006
C6H- 0.200E-004
C7H- 0.417E-005
C8H- 0.524E-006
C9- 0.550E-005
C9H- 0.346E-006
CH- 0.211E-016
O- 0.223E-010
OH- 0.984E-011
S- 0.408E-011
CN- 0.447E-008
H- 0.257E-010
C10H- 0.744E-008
C5N- 0.295E-006
O2- 0.511E-034
C 0.324E-001
C2 0.608E-003
CH2 0.239E-004
C2H2 0.973E-006
CH 0.202E-003
C2H 0.540E-004
CO2 0.167E-009
CO 0.311E+000
H2O 0.589E-008
H2CO 0.962E-009
N 0.495E-001
CN 0.581E-004
NH 0.369E-008
HCN 0.245E-007
O2 0.233E-008
O 0.483E-001
OH 0.341E-006
HCO 0.276E-007
C4 0.462E-006
C3 0.154E-005
C5 0.330E-004
C6 0.492E-005
C7 0.441E-005
C8 0.301E-005
C9 0.919E-006
C10 0.174E-006
C3H 0.645E-006
C4H 0.577E-007
C4N 0.702E-008
C5H 0.146E-005
C6H 0.256E-004
C7H 0.177E-005
C8H 0.655E-006
C9H 0.134E-006
C10H 0.941E-008
CS 0.523E-004
CH3 0.169E-006
CH3CN 0.285E-011
CH3OH 0.109E-017
OCS 0.444E-010
CH4 0.327E-008
H 0.288E+000
H2 0.445E+003
NH2 0.783E-009
NH3 0.745E-012
C10H2 0.310E-008
H2CCC 0.141E-007
HC3N 0.167E-009
HC4H 0.299E-009
C5H2 0.471E-006
HC5N 0.243E-007
C6H2 0.192E-005
C7H2 0.635E-006
C8H2 0.116E-006
C9H2 0.732E-007
HS 0.207E-007
C2N 0.153E-006
C3N 0.103E-005
C5N 0.280E-006
C7N 0.360E-006
HC7N 0.573E-009
C9N 0.362E-007
HC9N 0.499E-010
NO 0.134E-007
NS 0.248E-008
NO2 0.505E-012
SO2 0.420E-017
C2O 0.175E-008
SO 0.285E-010
HNC 0.242E-007
C2H4 0.396E-010
C2H5 0.136E-012
C2H5OH 0.194E-025
C2S 0.126E-004
C3O 0.502E-011
C3S 0.864E-006
C4H3 0.838E-009
C4S 0.520E-008
C6H6 0.980E-007
CCP 0.120E-010
CCL 0.560E-010
CH2CCH2 0.192E-009
CH2CCH 0.495E-007
CH2CN 0.762E-010
CH2CO 0.261E-009
CH3CCH 0.103E-007
CH3CHCH2 0.284E-009
CH3CHO 0.249E-016
CH3COCH3 0.281E-025
CH3OCH3 0.384E-026
CP 0.455E-008
CLO 0.659E-032
FE 0.000E+000
H2S 0.866E-011
H2SIO 0.758E-021
HCOOCH3 0.568E-029
HCP 0.350E-008
HPO 0.437E-015
MG 0.000E+000
NCCN 0.602E-006
NA 0.000E+000
P 0.123E-007
PH 0.110E-009
PO 0.156E-010
SI 0.603E-004
SIC2 0.156E-004
SIC2H 0.969E-009
SIC3 0.328E-007
SIC 0.550E-005
SICH2 0.993E-012
SICH3 0.313E-011
SIH2 0.944E-016
SIH3 0.106E-018
SIN 0.150E-007
SIS 0.810E-010
S 0.196E-003
N2 0.214E-002
C2H3 0.358E-007
CH3CH3 0.284E-010
PN 0.734E-009
CL 0.144E-003
C3H2 0.180E-006
C4P 0.518E-015
CH3C4H 0.193E-008
CH3C6H 0.221E-007
H2CS 0.288E-010
H2S2 0.206E-015
HC2P 0.149E-013
HCSI 0.275E-005
HCL 0.214E-006
HNSI 0.282E-010
HS2 0.301E-012
N2O 0.463E-016
PH2 0.388E-015
S2 0.122E-010
SIC2H2 0.175E-008
SIC3H 0.150E-007
SIC4 0.809E-007
SIH4 0.401E-024
SIH 0.236E-008
SINC 0.346E-013
SIO 0.135E-007
F 0.753E-005
HE 0.757E+002
HCNO 0.217E-012
HNCO 0.100E-011
HONC 0.885E-017
HNO 0.146E-007
HCOOH 0.377E-014
C11 0.661E-010
C2H5CN 0.130E-018
C3P 0.373E-013
CH2CHCCH 0.113E-008
CH2CHCHCH2 0.894E-015
CH2CHCN 0.177E-012
CH2NH 0.142E-016
CH2PH 0.314E-019
CH3C3N 0.105E-009
CH3C5N 0.117E-013
CH3C7N 0.284E-015
CNO 0.747E-019
H2CN 0.351E-008
H2O2 0.104E-030
HCS 0.101E-006
HF 0.414E-007
HNC3 0.157E-012
HOCN 0.978E-012
NH2CN 0.323E-014
O2H 0.966E-016
OCN 0.412E-007
SIO2 0.214E-008
HCO+ 0.577E-008
H+ 0.237E-005
HOC+ 0.425E-009
C+ 0.900E-001
C10H+ 0.607E-010
C2H4+ 0.148E-008
C2H5+ 0.491E-014
C2H5OH+ 0.152E-027
C2O+ 0.474E-011
C2S+ 0.341E-008
C3O+ 0.840E-015
C3S+ 0.133E-008
C4H3+ 0.844E-012
C4S+ 0.196E-010
C6H6+ 0.114E-005
CCP+ 0.194E-011
CCL+ 0.657E-009
CH2+ 0.262E-006
C3H4+ 0.208E-010
CH2CCH+ 0.367E-008
CH2CN+ 0.338E-011
CH2CO+ 0.176E-011
C3H6+ 0.663E-013
CH3CHO+ 0.466E-019
CH3COCH3+ 0.287E-027
CH3OCH3+ 0.426E-028
CH+ 0.303E-006
CP+ 0.869E-012
CLO+ 0.270E-034
FE+ 0.000E+000
H2CO+ 0.171E-010
H2S+ 0.553E-009
H2SIO+ 0.256E-021
C4H2+ 0.236E-009
COOCH4+ 0.473E-031
HCP+ 0.103E-011
HPO+ 0.735E-015
MG+ 0.000E+000
C2N+ 0.466E-009
CNC+ 0.827E-009
NH3+ 0.209E-010
NO+ 0.518E-010
NS+ 0.892E-011
NA+ 0.000E+000
OCS+ 0.334E-012
P+ 0.111E-004
PH+ 0.360E-012
PO+ 0.169E-012
SO+ 0.685E-010
SI+ 0.131E-001
SIC2+ 0.110E-007
SIC2H+ 0.893E-007
SIC3+ 0.450E-009
SIC+ 0.105E-007
SICH2+ 0.476E-007
SICH3+ 0.345E-014
SIH2+ 0.128E-009
SIH3+ 0.217E-017
SIN+ 0.640E-010
SIS+ 0.991E-012
C2+ 0.464E-006
S+ 0.713E-002
CN+ 0.707E-011
CO+ 0.137E-009
N2+ 0.115E-011
O2+ 0.156E-011
C2H+ 0.377E-006
C2H2+ 0.236E-005
C2H3+ 0.117E-005
C5H2+ 0.616E-012
C6H2+ 0.101E-008
C7H2+ 0.333E-009
C3H3+ 0.100E-008
CO2+ 0.295E-019
HC3N+ 0.187E-011
HCN+ 0.138E-010
C2N2+ 0.124E-010
C3+ 0.333E-007
C5+ 0.155E-009
CH3CH3+ 0.686E-013
PN+ 0.874E-016
H2O+ 0.541E-010
NH2+ 0.148E-010
O+ 0.290E-011
OH+ 0.357E-010
CH3+ 0.152E-005
CH4+ 0.256E-012
CH3OH+ 0.527E-021
N+ 0.395E-010
SO2+ 0.962E-024
CS+ 0.278E-007
CL+ 0.748E-006
C10+ 0.876E-009
C10H2+ 0.603E-011
C3H2+ 0.105E-008
C3H+ 0.408E-007
C4+ 0.132E-008
C4H+ 0.149E-008
C4P+ 0.374E-022
C5H+ 0.277E-009
C6+ 0.125E-007
C6H+ 0.112E-008
C7+ 0.545E-008
C7H+ 0.349E-008
C8+ 0.616E-008
C8H2+ 0.510E-009
C8H+ 0.381E-009
C9+ 0.173E-008
C9H2+ 0.385E-010
C9H+ 0.237E-009
CH3C4H+ 0.264E-014
C7H4+ 0.309E-014
CH3CN+ 0.665E-013
H2CS+ 0.758E-013
H2S2+ 0.507E-020
HC2P+ 0.169E-012
HC5N+ 0.856E-014
HC7N+ 0.167E-009
HC9N+ 0.168E-010
HCSI+ 0.979E-008
HCL+ 0.203E-009
HNSI+ 0.123E-014
HS2+ 0.378E-015
HS+ 0.695E-011
N2O+ 0.497E-010
NH+ 0.520E-011
PH2+ 0.168E-011
S2+ 0.352E-013
SIC2H2+ 0.145E-010
SIC3H+ 0.873E-010
SIC4+ 0.105E-009
SIH4+ 0.106E-027
SIH+ 0.214E-011
SINC+ 0.242E-010
SIO+ 0.537E-010
H2+ 0.568E-008
F+ 0.197E-014
HE+ 0.771E-006
C3N+ 0.816E-012
HCNO+ 0.245E-020
HNCO+ 0.602E-015
HONC+ 0.234E-024
HNO+ 0.436E-014
HCOOH+ 0.120E-016
NO2+ 0.514E-015
CH2CHCNH+ 0.138E-016
HCS+ 0.184E-007
C10H3+ 0.724E-015
C11+ 0.697E-010
C2H5CNH+ 0.150E-020
C2H5OH2+ 0.882E-026
C2H7+ 0.261E-021
C2NH+ 0.350E-009
C3H2O+ 0.382E-012
C3H5+ 0.116E-008
C3H7+ 0.732E-010
C4H4+ 0.635E-017
C4H5+ 0.612E-014
C4H7+ 0.296E-019
C4N+ 0.575E-012
C5H3+ 0.151E-010
C5H5+ 0.778E-015
C5N+ 0.366E-014
C6H3+ 0.933E-012
C6H4+ 0.998E-017
C6H5+ 0.593E-010
C6H7+ 0.576E-011
C7H3+ 0.395E-011
C7H5+ 0.159E-010
C7N+ 0.960E-010
C8H3+ 0.130E-012
C8H4+ 0.437E-014
C8H5+ 0.291E-025
C9H3+ 0.305E-013
C9H4+ 0.380E-014
C9H5+ 0.532E-024
C9N+ 0.965E-011
CF+ 0.291E-008
CH2CHCN+ 0.219E-013
CH2NH2+ 0.255E-026
CH3C3N+ 0.226E-015
CH3C3NH+ 0.372E-015
CH3C5NH+ 0.108E-015
CH3C7NH+ 0.254E-017
CH3CHOH+ 0.661E-020
CH3CNH+ 0.560E-013
CH3CO+ 0.372E-011
CH3COCH4+ 0.232E-025
CH3CS+ 0.201E-014
CH3OCH4+ 0.144E-027
CH3OH2+ 0.660E-019
CH4N+ 0.330E-016
CH5+ 0.141E-009
H2C4N+ 0.268E-015
H2C7N+ 0.977E-012
H2C9N+ 0.982E-013
H2CCL+ 0.532E-014
H2CNO+ 0.737E-018
H2CL+ 0.106E-009
H2F+ 0.332E-014
H2NC+ 0.932E-010
H2NCO+ 0.493E-014
H2NO+ 0.235E-015
H2OCN+ 0.493E-014
H2PO+ 0.115E-021
H3+ 0.265E-006
H3C3O+ 0.761E-012
H3C5N+ 0.275E-018
H3C7N+ 0.235E-015
H3C9N+ 0.736E-018
H3CO+ 0.125E-015
H3CS+ 0.538E-013
H3O+ 0.127E-009
H3S+ 0.221E-016
H3S2+ 0.128E-018
H3SIO+ 0.144E-028
H5C2O2+ 0.406E-031
HC2O+ 0.102E-009
HC2S+ 0.186E-007
HC3NH+ 0.561E-013
HC3O+ 0.513E-014
HC3S+ 0.422E-010
HC4N+ 0.211E-015
HC4S+ 0.131E-013
HC5NH+ 0.506E-014
HCNH+ 0.540E-010
HCNOH+ 0.324E-019
HCO2+ 0.119E-016
HCOOH2+ 0.380E-021
HF+ 0.526E-015
HN2O+ 0.299E-021
HNCOH+ 0.986E-014
HNS+ 0.722E-016
HOCN+ 0.602E-015
HOCS+ 0.129E-017
HPN+ 0.603E-017
HSO+ 0.820E-016
HSO2+ 0.230E-024
HSIO2+ 0.141E-016
HSIS+ 0.341E-015
HEH+ 0.832E-010
N2H+ 0.163E-010
NCCNCH3+ 0.445E-016
NCCNH+ 0.303E-010
NH2CNH+ 0.163E-022
NH4+ 0.375E-014
O2H+ 0.118E-017
OCN+ 0.612E-015
PC2H2+ 0.554E-017
PC2H3+ 0.129E-024
PC2H4+ 0.735E-024
PC3H+ 0.152E-018
PC4H+ 0.418E-019
PCH2+ 0.561E-011
PCH3+ 0.751E-023
PCH4+ 0.371E-022
PH3+ 0.605E-018
PNH2+ 0.335E-019
PNH3+ 0.352E-025
SIC2H3+ 0.210E-011
SIC3H2+ 0.198E-010
SIC4H+ 0.299E-014
SICH4+ 0.241E-016
SIF+ 0.146E-009
SIH5+ 0.300E-025
SINCH+ 0.367E-015
SINH2+ 0.686E-014
SIOH+ 0.938E-010
