C- 0.176E-009
E 0.104E+000
C2- 0.807E-011
C3- 0.662E-010
C4- 0.667E-007
C5- 0.113E-004
C6- 0.834E-005
C7- 0.207E-004
C8- 0.437E-005
C10- 0.209E-006
C2H- 0.273E-013
C3H- 0.649E-012
C3N- 0.401E-008
C4H- 0.628E-009
C5H- 0.596E-006
C6H- 0.168E-004
C7H- 0.299E-005
C8H- 0.322E-006
C9- 0.387E-005
C9H- 0.221E-006
CH- 0.116E-016
O- 0.238E-010
OH- 0.954E-011
S- 0.270E-011
CN- 0.347E-008
H- 0.214E-010
C10H- 0.388E-008
C5N- 0.230E-006
O2- 0.200E-035
C 0.276E-001
C2 0.343E-003
CH2 0.152E-004
C2H2 0.479E-006
CH 0.123E-003
C2H 0.292E-004
CO2 0.878E-010
CO 0.265E+000
H2O 0.549E-008
H2CO 0.538E-009
N 0.439E-001
CN 0.294E-004
NH 0.264E-008
HCN 0.135E-007
O2 0.930E-009
O 0.483E-001
OH 0.150E-006
HCO 0.173E-007
C4 0.384E-006
C3 0.108E-005
C5 0.308E-004
C6 0.405E-005
C7 0.349E-005
C8 0.209E-005
C9 0.648E-006
C10 0.101E-006
C3H 0.448E-006
C4H 0.351E-007
C4N 0.530E-008
C5H 0.121E-005
C6H 0.216E-004
C7H 0.127E-005
C8H 0.402E-006
C9H 0.856E-007
C10H 0.491E-008
CS 0.411E-006
CH3 0.954E-007
CH3CN 0.137E-011
CH3OH 0.621E-018
OCS 0.274E-010
CH4 0.179E-008
H 0.252E+000
H2 0.388E+003
NH2 0.588E-009
NH3 0.505E-012
C10H2 0.141E-008
H2CCC 0.676E-008
HC3N 0.884E-010
HC4H 0.168E-009
C5H2 0.346E-006
HC5N 0.168E-007
C6H2 0.142E-005
C7H2 0.402E-006
C8H2 0.629E-007
C9H2 0.412E-007
HS 0.157E-007
C2N 0.733E-007
C3N 0.550E-006
C5N 0.222E-006
C7N 0.254E-006
HC7N 0.362E-009
C9N 0.224E-007
HC9N 0.280E-010
NO 0.608E-008
NS 0.105E-008
NO2 0.348E-012
SO2 0.297E-017
C2O 0.103E-008
SO 0.201E-010
HNC 0.137E-007
C2H4 0.213E-010
C2H5 0.796E-013
C2H5OH 0.116E-025
C2S 0.745E-005
C3O 0.272E-011
C3S 0.470E-006
C4H3 0.482E-009
C4S 0.282E-008
C6H6 0.616E-007
CCP 0.517E-011
CCL 0.294E-010
CH2CCH2 0.110E-009
CH2CCH 0.236E-007
CH2CN 0.367E-010
CH2CO 0.151E-009
CH3CCH 0.484E-008
CH3CHCH2 0.149E-009
CH3CHO 0.160E-016
CH3COCH3 0.128E-025
CH3OCH3 0.151E-026
CP 0.184E-008
CLO 0.356E-032
FE 0.000E+000
H2S 0.638E-011
H2SIO 0.349E-021
HCOOCH3 0.654E-030
HCP 0.141E-008
HPO 0.218E-015
MG 0.000E+000
NCCN 0.376E-006
NA 0.000E+000
P 0.859E-008
PH 0.849E-010
PO 0.686E-011
SI 0.426E-004
SIC2 0.698E-005
SIC2H 0.439E-009
SIC3 0.138E-007
SIC 0.296E-005
SICH2 0.412E-012
SICH3 0.159E-011
SIH2 0.607E-016
SIH3 0.485E-019
SIN 0.706E-008
SIS 0.118E-010
S 0.133E-003
N2 0.150E-002
C2H3 0.195E-007
CH3CH3 0.149E-010
PN 0.635E-009
CL 0.125E-003
C3H2 0.867E-007
C4P 0.164E-015
CH3C4H 0.994E-009
CH3C6H 0.160E-007
H2CS 0.110E-010
H2S2 0.625E-016
HC2P 0.543E-014
HCSI 0.141E-005
HCL 0.182E-006
HNSI 0.921E-011
HS2 0.167E-012
N2O 0.253E-016
PH2 0.224E-015
S2 0.370E-011
SIC2H2 0.728E-009
SIC3H 0.628E-008
SIC4 0.615E-007
SIH4 0.239E-024
SIH 0.172E-008
SINC 0.146E-013
SIO 0.672E-008
F 0.657E-005
HE 0.660E+002
HCNO 0.547E-013
HNCO 0.511E-012
HONC 0.233E-017
HNO 0.100E-007
HCOOH 0.134E-014
C11 0.273E-010
C2H5CN 0.427E-019
C3P 0.165E-013
CH2CHCCH 0.696E-009
CH2CHCHCH2 0.318E-015
CH2CHCN 0.291E-013
CH2NH 0.571E-017
CH2PH 0.738E-020
CH3C3N 0.344E-010
CH3C5N 0.583E-014
CH3C7N 0.129E-015
CNO 0.220E-019
H2CN 0.162E-008
H2O2 0.313E-031
HCS 0.631E-007
HF 0.240E-007
HNC3 0.709E-013
HOCN 0.506E-012
NH2CN 0.443E-015
O2H 0.343E-016
OCN 0.208E-007
SIO2 0.123E-008
HCO+ 0.393E-008
H+ 0.228E-005
HOC+ 0.312E-009
C+ 0.859E-001
C10H+ 0.335E-010
C2H4+ 0.819E-009
C2H5+ 0.250E-014
C2H5OH+ 0.947E-028
C2O+ 0.283E-011
C2S+ 0.213E-008
C3O+ 0.498E-015
C3S+ 0.744E-009
C4H3+ 0.345E-012
C4S+ 0.110E-010
C6H6+ 0.983E-006
CCP+ 0.780E-012
CCL+ 0.566E-009
CH2+ 0.195E-006
C3H4+ 0.102E-010
CH2CCH+ 0.185E-008
CH2CN+ 0.129E-011
CH2CO+ 0.105E-011
C3H6+ 0.341E-013
CH3CHO+ 0.310E-019
CH3COCH3+ 0.130E-027
CH3OCH3+ 0.173E-028
CH+ 0.211E-006
CP+ 0.382E-012
CLO+ 0.148E-034
FE+ 0.000E+000
H2CO+ 0.117E-010
H2S+ 0.446E-009
H2SIO+ 0.183E-021
C4H2+ 0.125E-009
COOCH4+ 0.549E-032
HCP+ 0.448E-012
HPO+ 0.635E-015
MG+ 0.000E+000
C2N+ 0.270E-009
CNC+ 0.505E-009
NH3+ 0.166E-010
NO+ 0.244E-010
NS+ 0.412E-011
NA+ 0.000E+000
OCS+ 0.206E-012
P+ 0.969E-005
PH+ 0.278E-012
PO+ 0.716E-013
SO+ 0.282E-010
SI+ 0.115E-001
SIC2+ 0.548E-008
SIC2H+ 0.406E-007
SIC3+ 0.247E-009
SIC+ 0.638E-008
SICH2+ 0.260E-007
SICH3+ 0.175E-014
SIH2+ 0.101E-009
SIH3+ 0.150E-017
SIN+ 0.309E-010
SIS+ 0.216E-012
C2+ 0.298E-006
S+ 0.626E-002
CN+ 0.507E-011
CO+ 0.812E-010
N2+ 0.927E-012
O2+ 0.659E-012
C2H+ 0.236E-006
C2H2+ 0.135E-005
C2H3+ 0.647E-006
C5H2+ 0.352E-012
C6H2+ 0.786E-009
C7H2+ 0.222E-009
C3H3+ 0.502E-009
CO2+ 0.177E-019
HC3N+ 0.778E-012
HCN+ 0.100E-010
C2N2+ 0.878E-011
C3+ 0.194E-007
C5+ 0.129E-009
CH3CH3+ 0.380E-013
PN+ 0.776E-016
H2O+ 0.548E-010
NH2+ 0.130E-010
O+ 0.311E-011
OH+ 0.370E-010
CH3+ 0.103E-005
CH4+ 0.151E-012
CH3OH+ 0.311E-021
N+ 0.376E-010
SO2+ 0.709E-024
CS+ 0.131E-007
CL+ 0.721E-006
C10+ 0.566E-009
C10H2+ 0.289E-011
C3H2+ 0.513E-009
C3H+ 0.217E-007
C4+ 0.867E-009
C4H+ 0.886E-009
C4P+ 0.121E-022
C5H+ 0.204E-009
C6+ 0.113E-007
C6H+ 0.900E-009
C7+ 0.458E-008
C7H+ 0.265E-008
C8+ 0.454E-008
C8H2+ 0.314E-009
C8H+ 0.258E-009
C9+ 0.118E-008
C9H2+ 0.228E-010
C9H+ 0.145E-009
CH3C4H+ 0.895E-015
C7H4+ 0.143E-014
CH3CN+ 0.365E-013
H2CS+ 0.392E-013
H2S2+ 0.269E-020
HC2P+ 0.756E-013
HC5N+ 0.658E-014
HC7N+ 0.123E-009
HC9N+ 0.108E-010
HCSI+ 0.587E-008
HCL+ 0.176E-009
HNSI+ 0.971E-015
HS2+ 0.258E-015
HS+ 0.430E-011
N2O+ 0.433E-010
NH+ 0.474E-011
PH2+ 0.139E-011
S2+ 0.131E-013
SIC2H2+ 0.729E-011
SIC3H+ 0.387E-010
SIC4+ 0.479E-010
SIH4+ 0.504E-028
SIH+ 0.157E-011
SINC+ 0.133E-010
SIO+ 0.257E-010
H2+ 0.567E-008
F+ 0.134E-014
HE+ 0.778E-006
C3N+ 0.427E-012
HCNO+ 0.726E-021
HNCO+ 0.422E-015
HONC+ 0.718E-025
HNO+ 0.404E-014
HCOOH+ 0.446E-017
NO2+ 0.385E-015
CH2CHCNH+ 0.557E-017
HCS+ 0.788E-008
C10H3+ 0.237E-015
C11+ 0.391E-010
C2H5CNH+ 0.513E-021
C2H5OH2+ 0.502E-026
C2H7+ 0.983E-022
C2NH+ 0.184E-009
C3H2O+ 0.209E-012
C3H5+ 0.577E-009
C3H7+ 0.359E-010
C4H4+ 0.337E-017
C4H5+ 0.211E-014
C4H7+ 0.901E-020
C4N+ 0.312E-012
C5H3+ 0.939E-011
C5H5+ 0.295E-015
C5N+ 0.272E-014
C6H3+ 0.484E-012
C6H4+ 0.262E-017
C6H5+ 0.472E-010
C6H7+ 0.417E-011
C7H3+ 0.287E-011
C7H5+ 0.100E-010
C7N+ 0.769E-010
C8H3+ 0.637E-013
C8H4+ 0.193E-014
C8H5+ 0.763E-026
C9H3+ 0.125E-013
C9H4+ 0.143E-014
C9H5+ 0.212E-024
C9N+ 0.679E-011
CF+ 0.169E-008
CH2CHCN+ 0.981E-014
CH2NH2+ 0.751E-027
CH3C3N+ 0.910E-016
CH3C3NH+ 0.136E-015
CH3C5NH+ 0.559E-016
CH3C7NH+ 0.121E-017
CH3CHOH+ 0.329E-020
CH3CNH+ 0.275E-013
CH3CO+ 0.235E-011
CH3COCH4+ 0.111E-025
CH3CS+ 0.983E-015
CH3OCH4+ 0.598E-028
CH3OH2+ 0.435E-019
CH4N+ 0.179E-016
CH5+ 0.927E-010
H2C4N+ 0.109E-015
H2C7N+ 0.658E-012
H2C9N+ 0.581E-013
H2CCL+ 0.334E-014
H2CNO+ 0.251E-018
H2CL+ 0.588E-010
H2F+ 0.196E-014
H2NC+ 0.586E-010
H2NCO+ 0.314E-014
H2NO+ 0.157E-015
H2OCN+ 0.314E-014
H2PO+ 0.920E-022
H3+ 0.242E-006
H3C3O+ 0.412E-012
H3C5N+ 0.944E-019
H3C7N+ 0.134E-015
H3C9N+ 0.304E-018
H3CO+ 0.826E-016
H3CS+ 0.271E-013
H3O+ 0.118E-009
H3S+ 0.126E-016
H3S2+ 0.822E-019
H3SIO+ 0.676E-029
H5C2O2+ 0.159E-031
HC2O+ 0.607E-010
HC2S+ 0.105E-007
HC3NH+ 0.253E-013
HC3O+ 0.280E-014
HC3S+ 0.190E-010
HC4N+ 0.112E-015
HC4S+ 0.665E-014
HC5NH+ 0.350E-014
HCNH+ 0.357E-010
HCNOH+ 0.843E-020
HCO2+ 0.380E-017
HCOOH2+ 0.261E-021
HF+ 0.357E-015
HN2O+ 0.256E-021
HNCOH+ 0.629E-014
HNS+ 0.328E-016
HOCN+ 0.422E-015
HOCS+ 0.668E-018
HPN+ 0.504E-017
HSO+ 0.590E-016
HSO2+ 0.155E-024
HSIO2+ 0.768E-017
HSIS+ 0.189E-015
HEH+ 0.831E-010
N2H+ 0.113E-010
NCCNCH3+ 0.197E-016
NCCNH+ 0.194E-010
NH2CNH+ 0.213E-023
NH4+ 0.270E-014
O2H+ 0.439E-018
OCN+ 0.542E-015
PC2H2+ 0.274E-017
PC2H3+ 0.564E-025
PC2H4+ 0.345E-024
PC3H+ 0.546E-019
PC4H+ 0.162E-019
PCH2+ 0.221E-011
PCH3+ 0.332E-023
PCH4+ 0.175E-022
PH3+ 0.446E-018
PNH2+ 0.210E-019
PNH3+ 0.208E-025
SIC2H3+ 0.902E-012
SIC3H2+ 0.877E-011
SIC4H+ 0.162E-014
SICH4+ 0.118E-016
SIF+ 0.784E-010
SIH5+ 0.190E-025
SINCH+ 0.194E-015
SINH2+ 0.489E-014
SIOH+ 0.411E-010
