C- 0.145E-009
E 0.973E-001
C2- 0.443E-011
C3- 0.587E-010
C4- 0.571E-007
C5- 0.103E-004
C6- 0.671E-005
C7- 0.159E-004
C8- 0.295E-005
C10- 0.117E-006
C2H- 0.142E-013
C3H- 0.492E-012
C3N- 0.266E-008
C4H- 0.508E-009
C5H- 0.488E-006
C6H- 0.141E-004
C7H- 0.210E-005
C8H- 0.191E-006
C9- 0.264E-005
C9H- 0.137E-006
CH- 0.623E-017
O- 0.253E-010
OH- 0.920E-011
S- 0.181E-011
CN- 0.267E-008
H- 0.178E-010
C10H- 0.197E-008
C5N- 0.178E-006
O2- 0.260E-036
C 0.237E-001
C2 0.188E-003
CH2 0.993E-005
C2H2 0.229E-006
CH 0.759E-004
C2H 0.154E-004
CO2 0.507E-010
CO 0.225E+000
H2O 0.515E-008
H2CO 0.302E-009
N 0.388E-001
CN 0.144E-004
NH 0.198E-008
HCN 0.752E-008
O2 0.376E-009
O 0.483E-001
OH 0.714E-007
HCO 0.110E-007
C4 0.319E-006
C3 0.794E-006
C5 0.284E-004
C6 0.327E-005
C7 0.270E-005
C8 0.142E-005
C9 0.444E-006
C10 0.574E-007
C3H 0.327E-006
C4H 0.221E-007
C4N 0.401E-008
C5H 0.991E-006
C6H 0.181E-004
C7H 0.893E-006
C8H 0.239E-006
C9H 0.531E-007
C10H 0.250E-008
CS 0.152E-004
CH3 0.544E-007
CH3CN 0.641E-012
CH3OH 0.358E-018
OCS 0.167E-010
CH4 0.966E-009
H 0.221E+000
H2 0.338E+003
NH2 0.446E-009
NH3 0.346E-012
C10H2 0.623E-009
H2CCC 0.315E-008
HC3N 0.483E-010
HC4H 0.949E-010
C5H2 0.254E-006
HC5N 0.115E-007
C6H2 0.104E-005
C7H2 0.248E-006
C8H2 0.330E-007
C9H2 0.225E-007
HS 0.120E-007
C2N 0.343E-007
C3N 0.301E-006
C5N 0.175E-006
C7N 0.174E-006
HC7N 0.225E-009
C9N 0.134E-007
HC9N 0.155E-010
NO 0.300E-008
NS 0.449E-009
NO2 0.235E-012
SO2 0.227E-017
C2O 0.591E-009
SO 0.144E-010
HNC 0.795E-008
C2H4 0.111E-010
C2H5 0.444E-013
C2H5OH 0.676E-026
C2S 0.429E-005
C3O 0.142E-011
C3S 0.249E-006
C4H3 0.278E-009
C4S 0.149E-008
C6H6 0.385E-007
CCP 0.216E-011
CCL 0.150E-010
CH2CCH2 0.630E-010
CH2CCH 0.110E-007
CH2CN 0.172E-010
CH2CO 0.881E-010
CH3CCH 0.223E-008
CH3CHCH2 0.756E-010
CH3CHO 0.977E-017
CH3COCH3 0.586E-026
CH3OCH3 0.619E-027
CP 0.696E-009
CLO 0.187E-032
FE 0.000E+000
H2S 0.472E-011
H2SIO 0.157E-021
HCOOCH3 0.175E-030
HCP 0.536E-009
HPO 0.106E-015
MG 0.000E+000
NCCN 0.232E-006
NA 0.000E+000
P 0.642E-008
PH 0.663E-010
PO 0.305E-011
SI 0.300E-004
SIC2 0.300E-005
SIC2H 0.195E-009
SIC3 0.573E-008
SIC 0.157E-005
SICH2 0.173E-012
SICH3 0.792E-012
SIH2 0.397E-016
SIH3 0.217E-019
SIN 0.327E-008
SIS 0.161E-011
S 0.917E-004
N2 0.103E-002
C2H3 0.103E-007
CH3CH3 0.762E-011
PN 0.550E-009
CL 0.109E-003
C3H2 0.406E-007
C4P 0.486E-016
CH3C4H 0.508E-009
CH3C6H 0.115E-007
H2CS 0.422E-011
H2S2 0.186E-016
HC2P 0.186E-014
HCSI 0.718E-006
HCL 0.154E-006
HNSI 0.290E-011
HS2 0.890E-013
N2O 0.143E-016
PH2 0.128E-015
S2 0.107E-011
SIC2H2 0.294E-009
SIC3H 0.256E-008
SIC4 0.463E-007
SIH4 0.144E-024
SIH 0.126E-008
SINC 0.658E-014
SIO 0.339E-008
F 0.573E-005
HE 0.575E+002
HCNO 0.133E-013
HNCO 0.289E-012
HONC 0.553E-018
HNO 0.677E-008
HCOOH 0.446E-015
C11 0.111E-010
C2H5CN 0.141E-019
C3P 0.692E-014
CH2CHCCH 0.427E-009
CH2CHCHCH2 0.109E-015
CH2CHCN 0.502E-014
CH2NH 0.234E-017
CH2PH 0.174E-020
CH3C3N 0.111E-010
CH3C5N 0.297E-014
CH3C7N 0.598E-016
CNO 0.602E-020
H2CN 0.724E-009
H2O2 0.858E-032
HCS 0.385E-007
HF 0.138E-007
HNC3 0.314E-013
HOCN 0.288E-012
NH2CN 0.527E-016
O2H 0.113E-016
OCN 0.106E-007
SIO2 0.679E-009
HCO+ 0.279E-008
H+ 0.219E-005
HOC+ 0.245E-009
C+ 0.817E-001
C10H+ 0.180E-010
C2H4+ 0.444E-009
C2H5+ 0.125E-014
C2H5OH+ 0.577E-028
C2O+ 0.165E-011
C2S+ 0.130E-008
C3O+ 0.283E-015
C3S+ 0.413E-009
C4H3+ 0.147E-012
C4S+ 0.629E-011
C6H6+ 0.842E-006
CCP+ 0.296E-012
CCL+ 0.487E-009
CH2+ 0.150E-006
C3H4+ 0.494E-011
CH2CCH+ 0.912E-009
CH2CN+ 0.494E-012
CH2CO+ 0.635E-012
C3H6+ 0.171E-013
CH3CHO+ 0.196E-019
CH3COCH3+ 0.598E-028
CH3OCH3+ 0.730E-029
CH+ 0.148E-006
CP+ 0.157E-012
CLO+ 0.792E-035
FE+ 0.000E+000
H2CO+ 0.831E-011
H2S+ 0.360E-009
H2SIO+ 0.134E-021
C4H2+ 0.689E-010
COOCH4+ 0.148E-032
HCP+ 0.182E-012
HPO+ 0.553E-015
MG+ 0.000E+000
C2N+ 0.157E-009
CNC+ 0.306E-009
NH3+ 0.134E-010
NO+ 0.126E-010
NS+ 0.202E-011
NA+ 0.000E+000
OCS+ 0.132E-012
P+ 0.844E-005
PH+ 0.216E-012
PO+ 0.321E-013
SO+ 0.127E-010
SI+ 0.100E-001
SIC2+ 0.264E-008
SIC2H+ 0.179E-007
SIC3+ 0.147E-009
SIC+ 0.385E-008
SICH2+ 0.142E-007
SICH3+ 0.867E-015
SIH2+ 0.807E-010
SIH3+ 0.104E-017
SIN+ 0.149E-010
SIS+ 0.782E-013
C2+ 0.186E-006
S+ 0.549E-002
CN+ 0.370E-011
CO+ 0.537E-010
N2+ 0.737E-012
O2+ 0.289E-012
C2H+ 0.145E-006
C2H2+ 0.760E-006
C2H3+ 0.347E-006
C5H2+ 0.210E-012
C6H2+ 0.611E-009
C7H2+ 0.145E-009
C3H3+ 0.247E-009
CO2+ 0.116E-019
HC3N+ 0.329E-012
HCN+ 0.748E-011
C2N2+ 0.612E-011
C3+ 0.110E-007
C5+ 0.110E-009
CH3CH3+ 0.205E-013
PN+ 0.687E-016
H2O+ 0.561E-010
NH2+ 0.114E-010
O+ 0.340E-011
OH+ 0.390E-010
CH3+ 0.723E-006
CH4+ 0.886E-013
CH3OH+ 0.187E-021
N+ 0.362E-010
SO2+ 0.561E-024
CS+ 0.941E-008
CL+ 0.688E-006
C10+ 0.357E-009
C10H2+ 0.134E-011
C3H2+ 0.247E-009
C3H+ 0.113E-007
C4+ 0.592E-009
C4H+ 0.547E-009
C4P+ 0.368E-023
C5H+ 0.152E-009
C6+ 0.101E-007
C6H+ 0.724E-009
C7+ 0.380E-008
C7H+ 0.200E-008
C8+ 0.328E-008
C8H2+ 0.189E-009
C8H+ 0.170E-009
C9+ 0.793E-009
C9H2+ 0.131E-010
C9H+ 0.877E-010
CH3C4H+ 0.347E-015
C7H4+ 0.669E-015
CH3CN+ 0.196E-013
H2CS+ 0.206E-013
H2S2+ 0.139E-020
HC2P+ 0.331E-013
HC5N+ 0.508E-014
HC7N+ 0.879E-010
HC9N+ 0.679E-011
HCSI+ 0.352E-008
HCL+ 0.155E-009
HNSI+ 0.766E-015
HS2+ 0.176E-015
HS+ 0.273E-011
N2O+ 0.377E-010
NH+ 0.436E-011
PH2+ 0.115E-011
S2+ 0.519E-014
SIC2H2+ 0.358E-011
SIC3H+ 0.168E-010
SIC4+ 0.221E-010
SIH4+ 0.233E-028
SIH+ 0.116E-011
SINC+ 0.739E-011
SIO+ 0.132E-010
H2+ 0.567E-008
F+ 0.913E-015
HE+ 0.786E-006
C3N+ 0.220E-012
HCNO+ 0.207E-021
HNCO+ 0.315E-015
HONC+ 0.199E-025
HNO+ 0.380E-014
HCOOH+ 0.155E-017
NO2+ 0.284E-015
CH2CHCNH+ 0.226E-017
HCS+ 0.517E-008
C10H3+ 0.740E-016
C11+ 0.214E-010
C2H5CNH+ 0.178E-021
C2H5OH2+ 0.281E-026
C2H7+ 0.373E-022
C2NH+ 0.946E-010
C3H2O+ 0.112E-012
C3H5+ 0.282E-009
C3H7+ 0.173E-010
C4H4+ 0.182E-017
C4H5+ 0.731E-015
C4H7+ 0.259E-020
C4N+ 0.174E-012
C5H3+ 0.582E-011
C5H5+ 0.131E-015
C5N+ 0.203E-014
C6H3+ 0.249E-012
C6H4+ 0.666E-018
C6H5+ 0.376E-010
C6H7+ 0.303E-011
C7H3+ 0.206E-011
C7H5+ 0.628E-011
C7N+ 0.597E-010
C8H3+ 0.303E-013
C8H4+ 0.821E-015
C8H5+ 0.211E-026
C9H3+ 0.490E-014
C9H4+ 0.511E-015
C9H5+ 0.849E-025
C9N+ 0.462E-011
CF+ 0.979E-009
CH2CHCN+ 0.440E-014
CH2NH2+ 0.236E-027
CH3C3N+ 0.437E-016
CH3C3NH+ 0.601E-016
CH3C5NH+ 0.298E-016
CH3C7NH+ 0.583E-018
CH3CHOH+ 0.162E-020
CH3CNH+ 0.133E-013
CH3CO+ 0.153E-011
CH3COCH4+ 0.515E-026
CH3CS+ 0.467E-015
CH3OCH4+ 0.261E-028
CH3OH2+ 0.299E-019
CH4N+ 0.101E-016
CH5+ 0.631E-010
H2C4N+ 0.534E-016
H2C7N+ 0.432E-012
H2C9N+ 0.334E-013
H2CCL+ 0.217E-014
H2CNO+ 0.118E-018
H2CL+ 0.358E-010
H2F+ 0.115E-014
H2NC+ 0.380E-010
H2NCO+ 0.215E-014
H2NO+ 0.103E-015
H2OCN+ 0.215E-014
H2PO+ 0.752E-022
H3+ 0.222E-006
H3C3O+ 0.216E-012
H3C5N+ 0.342E-019
H3C7N+ 0.769E-016
H3C9N+ 0.121E-018
H3CO+ 0.572E-016
H3CS+ 0.134E-013
H3O+ 0.110E-009
H3S+ 0.744E-017
H3S2+ 0.532E-019
H3SIO+ 0.323E-029
H5C2O2+ 0.653E-032
HC2O+ 0.353E-010
HC2S+ 0.587E-008
HC3NH+ 0.113E-013
HC3O+ 0.152E-014
HC3S+ 0.830E-011
HC4N+ 0.616E-016
HC4S+ 0.343E-014
HC5NH+ 0.244E-014
HCNH+ 0.241E-010
HCNOH+ 0.212E-020
HCO2+ 0.139E-017
HCOOH2+ 0.188E-021
HF+ 0.240E-015
HN2O+ 0.221E-021
HNCOH+ 0.429E-014
HNS+ 0.158E-016
HOCN+ 0.315E-015
HOCS+ 0.360E-018
HPN+ 0.425E-017
HSO+ 0.437E-016
HSO2+ 0.113E-024
HSIO2+ 0.407E-017
HSIS+ 0.109E-015
HEH+ 0.830E-010
N2H+ 0.781E-011
NCCNCH3+ 0.894E-017
NCCNH+ 0.124E-010
NH2CNH+ 0.243E-024
NH4+ 0.198E-014
O2H+ 0.166E-018
OCN+ 0.482E-015
PC2H2+ 0.131E-017
PC2H3+ 0.241E-025
PC2H4+ 0.157E-024
PC3H+ 0.206E-019
PC4H+ 0.701E-020
PCH2+ 0.822E-012
PCH3+ 0.146E-023
PCH4+ 0.820E-023
PH3+ 0.333E-018
PNH2+ 0.134E-019
PNH3+ 0.125E-025
SIC2H3+ 0.378E-012
SIC3H2+ 0.379E-011
SIC4H+ 0.961E-015
SICH4+ 0.598E-017
SIF+ 0.420E-010
SIH5+ 0.123E-025
SINCH+ 0.104E-015
SINH2+ 0.352E-014
SIOH+ 0.194E-010
