C- 0.188E-009
E 0.288E+000
C2- 0.245E-014
C3- 0.693E-011
C4- 0.397E-011
C5- 0.117E-010
C6- 0.886E-012
C7- 0.175E-013
C8- 0.137E-013
C10- 0.177E-018
C2H- 0.182E-005
C3H- 0.696E-011
C3N- 0.139E-009
C4H- 0.526E-011
C5H- 0.214E-007
C6H- 0.125E-008
C7H- 0.265E-010
C8H- 0.198E-013
C9- 0.457E-014
C9H- 0.886E-013
CH- 0.127E-011
O- 0.494E-013
OH- 0.422E-008
S- 0.785E-011
CN- 0.143E-005
H- 0.217E-007
C10H- 0.599E-019
C5N- 0.350E-013
O2- 0.177E-033
C 0.215E+001
C2 0.534E-001
CH2 0.471E-001
C2H2 0.934E+003
CH 0.258E-004
C2H 0.150E-001
CO2 0.115E-003
CO 0.171E+005
H2O 0.547E+002
H2CO 0.136E-005
N 0.149E+000
CN 0.439E-001
NH 0.216E-003
HCN 0.872E+003
O2 0.372E-009
O 0.178E+001
OH 0.948E-001
HCO 0.334E-005
C4 0.117E-007
C3 0.294E-002
C5 0.545E-008
C6 0.694E-010
C7 0.148E-011
C8 0.113E-011
C9 0.141E-012
C10 0.154E-014
C3H 0.294E-002
C4H 0.167E-004
C4N 0.133E-012
C5H 0.614E-005
C6H 0.260E-006
C7H 0.185E-008
C8H 0.482E-011
C9H 0.768E-011
C10H 0.239E-014
CS 0.226E+003
CH3 0.109E-001
CH3CN 0.324E-004
CH3OH 0.114E-008
OCS 0.116E-004
CH4 0.746E+002
H 0.485E+001
H2 0.213E+008
NH2 0.682E-003
NH3 0.128E+001
C10H2 0.301E-017
H2CCC 0.833E-007
HC3N 0.480E-005
HC4H 0.572E-003
C5H2 0.516E-004
HC5N 0.179E-010
C6H2 0.909E-004
C7H2 0.173E-008
C8H2 0.374E-011
C9H2 0.762E-011
HS 0.141E-003
C2N 0.227E-009
C3N 0.393E-005
C5N 0.487E-011
C7N 0.257E-015
HC7N 0.147E-012
C9N 0.753E-018
HC9N 0.676E-018
NO 0.117E-006
NS 0.116E-010
NO2 0.130E-021
SO2 0.211E-018
C2O 0.202E-011
SO 0.836E-008
HNC 0.338E-003
C2H4 0.146E+001
C2H5 0.251E-012
C2H5OH 0.103E-013
C2S 0.191E-006
C3O 0.231E-009
C3S 0.496E-007
C4H3 0.140E-007
C4S 0.236E-011
C6H6 0.826E-004
CCP 0.136E-009
CCL 0.135E-009
CH2CCH2 0.114E-008
CH2CCH 0.147E-002
CH2CN 0.108E-010
CH2CO 0.525E-006
CH3CCH 0.201E-006
CH3CHCH2 0.177E-016
CH3CHO 0.598E-008
CH3COCH3 0.190E-019
CH3OCH3 0.116E-020
CP 0.151E-003
CLO 0.153E-023
FE 0.000E+000
H2S 0.852E-001
H2SIO 0.495E-025
HCOOCH3 0.330E-021
HCP 0.533E+000
HPO 0.379E-016
MG 0.000E+000
NCCN 0.223E-008
NA 0.000E+000
P 0.392E-007
PH 0.751E-008
PO 0.261E-010
SI 0.142E+000
SIC2 0.399E+003
SIC2H 0.472E-002
SIC3 0.835E-005
SIC 0.388E-003
SICH2 0.653E-011
SICH3 0.120E-013
SIH2 0.169E-014
SIH3 0.181E-018
SIN 0.939E-009
SIS 0.127E+003
S 0.550E-001
N2 0.853E+003
C2H3 0.699E-005
CH3CH3 0.885E-022
PN 0.240E-013
CL 0.378E-003
C3H2 0.825E-006
C4P 0.698E-021
CH3C4H 0.113E-004
CH3C6H 0.229E-009
H2CS 0.124E-007
H2S2 0.148E-011
HC2P 0.140E-012
HCSI 0.216E-006
HCL 0.693E+001
HNSI 0.908E-009
HS2 0.148E-011
N2O 0.660E-016
PH2 0.275E-021
S2 0.728E-011
SIC2H2 0.114E-005
SIC3H 0.157E-011
SIC4 0.835E-005
SIH4 0.151E-016
SIH 0.188E-008
SINC 0.210E-011
SIO 0.107E+003
F 0.349E-007
HE 0.362E+007
HCNO 0.124E-018
HNCO 0.879E-010
HONC 0.295E-027
HNO 0.129E-007
HCOOH 0.803E-009
C11 0.103E-018
C2H5CN 0.182E-014
C3P 0.512E-017
CH2CHCCH 0.356E-009
CH2CHCHCH2 0.616E-013
CH2CHCN 0.680E-005
CH2NH 0.188E-008
CH2PH 0.283E-015
CH3C3N 0.274E-010
CH3C5N 0.208E-021
CH3C7N 0.251E-023
CNO 0.756E-034
H2CN 0.244E-007
H2O2 0.316E-024
HCS 0.847E-011
HF 0.362E+000
HNC3 0.218E-006
HOCN 0.877E-010
NH2CN 0.186E-009
O2H 0.132E-020
OCN 0.110E-004
SIO2 0.509E-005
HCO+ 0.213E-003
H+ 0.228E-005
HOC+ 0.808E-009
C+ 0.801E-004
C10H+ 0.487E-013
C2H4+ 0.252E-003
C2H5+ 0.440E-004
C2H5OH+ 0.247E-017
C2O+ 0.306E-018
C2S+ 0.607E-011
C3O+ 0.254E-021
C3S+ 0.122E-009
C4H3+ 0.301E-001
C4S+ 0.334E-013
C6H6+ 0.459E-011
CCP+ 0.224E-007
CCL+ 0.392E-006
CH2+ 0.886E-008
C3H4+ 0.140E-004
CH2CCH+ 0.130E-004
CH2CN+ 0.154E-007
CH2CO+ 0.231E-007
C3H6+ 0.393E-025
CH3CHO+ 0.229E-011
CH3COCH3+ 0.196E-023
CH3OCH3+ 0.215E-024
CH+ 0.997E-008
CP+ 0.582E-015
CLO+ 0.101E-031
FE+ 0.000E+000
H2CO+ 0.922E-009
H2S+ 0.342E-004
H2SIO+ 0.109E-016
C4H2+ 0.525E-003
COOCH4+ 0.488E-028
HCP+ 0.107E-011
HPO+ 0.669E-010
MG+ 0.000E+000
C2N+ 0.623E-008
CNC+ 0.729E-004
NH3+ 0.193E-004
NO+ 0.409E-007
NS+ 0.693E-009
NA+ 0.000E+000
OCS+ 0.106E-007
P+ 0.149E-009
PH+ 0.641E-014
PO+ 0.104E-010
SO+ 0.305E-008
SI+ 0.185E-003
SIC2+ 0.165E-007
SIC2H+ 0.955E-003
SIC3+ 0.351E-008
SIC+ 0.335E-005
SICH2+ 0.117E-004
SICH3+ 0.278E-009
SIH2+ 0.563E-008
SIH3+ 0.111E-012
SIN+ 0.232E-010
SIS+ 0.217E-004
C2+ 0.974E-009
S+ 0.130E-004
CN+ 0.257E-010
CO+ 0.375E-010
N2+ 0.849E-011
O2+ 0.173E-011
C2H+ 0.101E-008
C2H2+ 0.235E-002
C2H3+ 0.147E+000
C5H2+ 0.970E-005
C6H2+ 0.112E-007
C7H2+ 0.759E-009
C3H3+ 0.383E-004
CO2+ 0.598E-018
HC3N+ 0.437E-009
HCN+ 0.331E-010
C2N2+ 0.240E-015
C3+ 0.243E-012
C5+ 0.698E-016
CH3CH3+ 0.117E-019
PN+ 0.123E-021
H2O+ 0.109E-006
NH2+ 0.227E-010
O+ 0.117E-011
OH+ 0.935E-011
CH3+ 0.588E-004
CH4+ 0.770E-006
CH3OH+ 0.172E-012
N+ 0.332E-007
SO2+ 0.364E-031
CS+ 0.613E-006
CL+ 0.145E-007
C10+ 0.156E-019
C10H2+ 0.443E-013
C3H2+ 0.573E-004
C3H+ 0.818E-004
C4+ 0.193E-010
C4H+ 0.102E-009
C4P+ 0.221E-029
C5H+ 0.481E-008
C6+ 0.126E-013
C6H+ 0.208E-011
C7+ 0.112E-011
C7H+ 0.121E-010
C8+ 0.203E-015
C8H2+ 0.487E-010
C8H+ 0.266E-012
C9+ 0.145E-016
C9H2+ 0.422E-010
C9H+ 0.443E-014
CH3C4H+ 0.207E-005
C7H4+ 0.906E-008
CH3CN+ 0.128E-011
H2CS+ 0.548E-009
H2S2+ 0.182E-010
HC2P+ 0.645E-008
HC5N+ 0.169E-013
HC7N+ 0.310E-014
HC9N+ 0.142E-015
HCSI+ 0.187E-008
HCL+ 0.159E-003
HNSI+ 0.232E-014
HS2+ 0.508E-010
HS+ 0.160E-007
N2O+ 0.949E-021
NH+ 0.121E-013
PH2+ 0.294E-014
S2+ 0.400E-009
SIC2H2+ 0.829E-006
SIC3H+ 0.394E-009
SIC4+ 0.260E-008
SIH4+ 0.462E-027
SIH+ 0.752E-007
SINC+ 0.976E-006
SIO+ 0.376E-005
H2+ 0.570E-008
F+ 0.802E-013
HE+ 0.663E-006
C3N+ 0.148E-012
HCNO+ 0.678E-032
HNCO+ 0.300E-012
HONC+ 0.396E-040
HNO+ 0.642E-010
HCOOH+ 0.103E-012
NO2+ 0.357E-019
CH2CHCNH+ 0.673E-009
HCS+ 0.355E-002
C10H3+ 0.413E-017
C11+ 0.888E-017
C2H5CNH+ 0.413E-013
C2H5OH2+ 0.113E-012
C2H7+ 0.205E-029
C2NH+ 0.959E-006
C3H2O+ 0.888E-011
C3H5+ 0.688E-003
C3H7+ 0.592E-023
C4H4+ 0.112E-011
C4H5+ 0.152E-004
C4H7+ 0.810E-008
C4N+ 0.108E-014
C5H3+ 0.115E-003
C5H5+ 0.515E-003
C5N+ 0.265E-013
C6H3+ 0.991E-006
C6H4+ 0.120E-005
C6H5+ 0.108E-002
C6H7+ 0.796E-003
C7H3+ 0.310E-007
C7H5+ 0.890E-008
C7N+ 0.661E-016
C8H3+ 0.845E-009
C8H4+ 0.741E-009
C8H5+ 0.126E-015
C9H3+ 0.327E-009
C9H4+ 0.176E-009
C9H5+ 0.956E-016
C9N+ 0.213E-019
CF+ 0.140E-006
CH2CHCN+ 0.986E-010
CH2NH2+ 0.807E-009
CH3C3N+ 0.894E-013
CH3C3NH+ 0.935E-009
CH3C5NH+ 0.285E-020
CH3C7NH+ 0.381E-022
CH3CHOH+ 0.533E-007
CH3CNH+ 0.341E-003
CH3CO+ 0.419E-007
CH3COCH4+ 0.145E-017
CH3CS+ 0.442E-008
CH3OCH4+ 0.752E-019
CH3OH2+ 0.523E-008
CH4N+ 0.896E-007
CH5+ 0.388E-004
H2C4N+ 0.894E-013
H2C7N+ 0.137E-012
H2C9N+ 0.127E-014
H2CCL+ 0.311E-008
H2CNO+ 0.176E-008
H2CL+ 0.176E-006
H2F+ 0.605E-006
H2NC+ 0.118E-006
H2NCO+ 0.395E-025
H2NO+ 0.487E-016
H2OCN+ 0.177E-008
H2PO+ 0.196E-014
H3+ 0.220E-004
H3C3O+ 0.531E-008
H3C5N+ 0.142E-008
H3C7N+ 0.450E-013
H3C9N+ 0.378E-015
H3CO+ 0.173E-009
H3CS+ 0.357E-006
H3O+ 0.147E-002
H3S+ 0.224E-005
H3S2+ 0.769E-010
H3SIO+ 0.605E-021
H5C2O2+ 0.426E-019
HC2O+ 0.469E-005
HC2S+ 0.129E-004
HC3NH+ 0.880E-004
HC3O+ 0.126E-007
HC3S+ 0.800E-009
HC4N+ 0.894E-013
HC4S+ 0.233E-006
HC5NH+ 0.448E-009
HCNH+ 0.826E-001
HCNOH+ 0.395E-025
HCO2+ 0.725E-009
HCOOH2+ 0.109E-007
HF+ 0.234E-013
HN2O+ 0.137E-023
HNCOH+ 0.352E-008
HNS+ 0.187E-015
HOCN+ 0.135E-014
HOCS+ 0.518E-011
HPN+ 0.172E-019
HSO+ 0.641E-012
HSO2+ 0.881E-026
HSIO2+ 0.473E-012
HSIS+ 0.589E-004
HEH+ 0.840E-010
N2H+ 0.186E-005
NCCNCH3+ 0.176E-018
NCCNH+ 0.393E-011
NH2CNH+ 0.175E-015
NH4+ 0.712E-003
O2H+ 0.335E-018
OCN+ 0.436E-013
PC2H2+ 0.100E-010
PC2H3+ 0.191E-017
PC2H4+ 0.276E-015
PC3H+ 0.207E-015
PC4H+ 0.269E-014
PCH2+ 0.154E-005
PCH3+ 0.118E-015
PCH4+ 0.141E-013
PH3+ 0.494E-020
PNH2+ 0.112E-011
PNH3+ 0.220E-015
SIC2H3+ 0.583E-004
SIC3H2+ 0.339E-009
SIC4H+ 0.454E-003
SICH4+ 0.281E-009
SIF+ 0.163E-006
SIH5+ 0.121E-016
SINCH+ 0.109E-009
SINH2+ 0.641E-007
SIOH+ 0.134E-001
