C- 0.119E-009
E 0.914E-001
C2- 0.243E-011
C3- 0.516E-010
C4- 0.490E-007
C5- 0.937E-005
C6- 0.528E-005
C7- 0.119E-004
C8- 0.193E-005
C10- 0.647E-007
C2H- 0.756E-014
C3H- 0.489E-012
C3N- 0.179E-008
C4H- 0.455E-009
C5H- 0.397E-006
C6H- 0.117E-004
C7H- 0.144E-005
C8H- 0.111E-006
C9- 0.175E-005
C9H- 0.828E-007
CH- 0.337E-017
O- 0.266E-010
OH- 0.877E-011
S- 0.121E-011
CN- 0.203E-008
H- 0.149E-010
C10H- 0.985E-009
C5N- 0.137E-006
O2- 0.329E-037
C 0.201E-001
C2 0.103E-003
CH2 0.674E-005
C2H2 0.112E-006
CH 0.482E-004
C2H 0.806E-005
CO2 0.320E-010
CO 0.190E+000
H2O 0.484E-008
H2CO 0.173E-009
N 0.342E-001
CN 0.700E-005
NH 0.152E-008
HCN 0.436E-008
O2 0.167E-009
O 0.477E-001
OH 0.405E-007
HCO 0.738E-008
C4 0.265E-006
C3 0.606E-006
C5 0.259E-004
C6 0.257E-005
C7 0.203E-005
C8 0.929E-006
C9 0.296E-006
C10 0.317E-007
C3H 0.248E-006
C4H 0.150E-007
C4N 0.303E-008
C5H 0.805E-006
C6H 0.151E-004
C7H 0.613E-006
C8H 0.138E-006
C9H 0.320E-007
C10H 0.124E-008
CS 0.773E-005
CH3 0.321E-007
CH3CN 0.296E-012
CH3OH 0.214E-018
OCS 0.100E-010
CH4 0.521E-009
H 0.193E+000
H2 0.294E+003
NH2 0.342E-009
NH3 0.240E-012
C10H2 0.268E-009
H2CCC 0.145E-008
HC3N 0.273E-010
HC4H 0.586E-010
C5H2 0.187E-006
HC5N 0.789E-008
C6H2 0.765E-006
C7H2 0.150E-006
C8H2 0.169E-007
C9H2 0.120E-007
HS 0.913E-008
C2N 0.159E-007
C3N 0.171E-006
C5N 0.137E-006
C7N 0.116E-006
HC7N 0.138E-009
C9N 0.781E-008
HC9N 0.834E-011
NO 0.164E-008
NS 0.203E-009
NO2 0.156E-012
SO2 0.181E-017
C2O 0.331E-009
SO 0.110E-010
HNC 0.476E-008
C2H4 0.505E-011
C2H5 0.198E-013
C2H5OH 0.312E-026
C2S 0.242E-005
C3O 0.670E-012
C3S 0.129E-006
C4H3 0.161E-009
C4S 0.771E-009
C6H6 0.240E-007
CCP 0.889E-012
CCL 0.745E-011
CH2CCH2 0.354E-010
CH2CCH 0.504E-008
CH2CN 0.789E-011
CH2CO 0.525E-010
CH3CCH 0.102E-008
CH3CHCH2 0.343E-010
CH3CHO 0.430E-017
CH3COCH3 0.192E-026
CH3OCH3 0.273E-027
CP 0.249E-009
CLO 0.968E-033
FE 0.000E+000
H2S 0.351E-011
H2SIO 0.690E-022
HCOOCH3 0.677E-031
HCP 0.191E-009
HPO 0.500E-016
MG 0.000E+000
NCCN 0.142E-006
NA 0.000E+000
P 0.504E-008
PH 0.521E-010
PO 0.145E-011
SI 0.213E-004
SIC2 0.125E-005
SIC2H 0.856E-010
SIC3 0.238E-008
SIC 0.837E-006
SICH2 0.742E-013
SICH3 0.389E-012
SIH2 0.263E-016
SIH3 0.949E-020
SIN 0.151E-008
SIS 0.210E-012
S 0.629E-004
N2 0.697E-003
C2H3 0.536E-008
CH3CH3 0.346E-011
PN 0.475E-009
CL 0.949E-004
C3H2 0.187E-007
C4P 0.136E-016
CH3C4H 0.258E-009
CH3C6H 0.817E-008
H2CS 0.166E-011
H2S2 0.593E-017
HC2P 0.602E-015
HCSI 0.368E-006
HCL 0.134E-006
HNSI 0.923E-012
HS2 0.458E-013
N2O 0.835E-017
PH2 0.740E-016
S2 0.302E-012
SIC2H2 0.116E-009
SIC3H 0.102E-008
SIC4 0.344E-007
SIH4 0.886E-025
SIH 0.938E-009
SINC 0.316E-014
SIO 0.175E-008
F 0.500E-005
HE 0.500E+002
HCNO 0.347E-014
HNCO 0.180E-012
HONC 0.119E-018
HNO 0.449E-008
HCOOH 0.138E-015
C11 0.447E-011
C2H5CN 0.476E-020
C3P 0.275E-014
CH2CHCCH 0.262E-009
CH2CHCHCH2 0.313E-016
CH2CHCN 0.105E-014
CH2NH 0.100E-017
CH2PH 0.455E-021
CH3C3N 0.352E-011
CH3C5N 0.156E-014
CH3C7N 0.282E-016
CNO 0.159E-020
H2CN 0.318E-009
H2O2 0.216E-032
HCS 0.231E-007
HF 0.803E-008
HNC3 0.137E-013
HOCN 0.180E-012
NH2CN 0.557E-017
O2H 0.345E-017
OCN 0.546E-008
SIO2 0.364E-009
HCO+ 0.204E-008
H+ 0.209E-005
HOC+ 0.200E-009
C+ 0.775E-001
C10H+ 0.947E-011
C2H4+ 0.237E-009
C2H5+ 0.549E-015
C2H5OH+ 0.272E-028
C2O+ 0.934E-012
C2S+ 0.779E-009
C3O+ 0.145E-015
C3S+ 0.228E-009
C4H3+ 0.650E-013
C4S+ 0.375E-011
C6H6+ 0.720E-006
CCP+ 0.105E-012
CCL+ 0.427E-009
CH2+ 0.119E-006
C3H4+ 0.236E-011
CH2CCH+ 0.441E-009
CH2CN+ 0.194E-012
CH2CO+ 0.390E-012
C3H6+ 0.760E-014
CH3CHO+ 0.885E-020
CH3COCH3+ 0.199E-028
CH3OCH3+ 0.331E-029
CH+ 0.107E-006
CP+ 0.609E-013
CLO+ 0.413E-035
FE+ 0.000E+000
H2CO+ 0.605E-011
H2S+ 0.289E-009
H2SIO+ 0.965E-022
C4H2+ 0.395E-010
COOCH4+ 0.578E-033
HCP+ 0.693E-013
HPO+ 0.482E-015
MG+ 0.000E+000
C2N+ 0.919E-010
CNC+ 0.185E-009
NH3+ 0.108E-010
NO+ 0.715E-011
NS+ 0.108E-011
NA+ 0.000E+000
OCS+ 0.817E-013
P+ 0.735E-005
PH+ 0.169E-012
PO+ 0.163E-013
SO+ 0.677E-011
SI+ 0.872E-002
SIC2+ 0.124E-008
SIC2H+ 0.765E-008
SIC3+ 0.935E-010
SIC+ 0.237E-008
SICH2+ 0.791E-008
SICH3+ 0.423E-015
SIH2+ 0.641E-010
SIH3+ 0.732E-018
SIN+ 0.718E-011
SIS+ 0.433E-013
C2+ 0.116E-006
S+ 0.481E-002
CN+ 0.277E-011
CO+ 0.402E-010
N2+ 0.575E-012
O2+ 0.145E-012
C2H+ 0.879E-007
C2H2+ 0.422E-006
C2H3+ 0.168E-006
C5H2+ 0.130E-012
C6H2+ 0.471E-009
C7H2+ 0.924E-010
C3H3+ 0.119E-009
CO2+ 0.829E-020
HC3N+ 0.142E-012
HCN+ 0.575E-011
C2N2+ 0.422E-011
C3+ 0.613E-008
C5+ 0.940E-010
CH3CH3+ 0.965E-014
PN+ 0.604E-016
H2O+ 0.567E-010
NH2+ 0.101E-010
O+ 0.372E-011
OH+ 0.407E-010
CH3+ 0.525E-006
CH4+ 0.523E-013
CH3OH+ 0.117E-021
N+ 0.352E-010
SO2+ 0.461E-024
CS+ 0.543E-008
CL+ 0.601E-006
C10+ 0.219E-009
C10H2+ 0.607E-012
C3H2+ 0.113E-009
C3H+ 0.575E-008
C4+ 0.424E-009
C4H+ 0.354E-009
C4P+ 0.104E-023
C5H+ 0.114E-009
C6+ 0.894E-008
C6H+ 0.575E-009
C7+ 0.310E-008
C7H+ 0.148E-008
C8+ 0.230E-008
C8H2+ 0.110E-009
C8H+ 0.109E-009
C9+ 0.517E-009
C9H2+ 0.736E-011
C9H+ 0.516E-010
CH3C4H+ 0.165E-015
C7H4+ 0.303E-015
CH3CN+ 0.103E-013
H2CS+ 0.111E-013
H2S2+ 0.695E-021
HC2P+ 0.147E-013
HC5N+ 0.391E-014
HC7N+ 0.608E-010
HC9N+ 0.411E-011
HCSI+ 0.215E-008
HCL+ 0.146E-009
HNSI+ 0.602E-015
HS2+ 0.121E-015
HS+ 0.178E-011
N2O+ 0.328E-010
NH+ 0.404E-011
PH2+ 0.949E-012
S2+ 0.227E-014
SIC2H2+ 0.173E-011
SIC3H+ 0.711E-011
SIC4+ 0.106E-010
SIH4+ 0.105E-028
SIH+ 0.861E-012
SINC+ 0.412E-011
SIO+ 0.754E-011
H2+ 0.567E-008
F+ 0.628E-015
HE+ 0.794E-006
C3N+ 0.112E-012
HCNO+ 0.634E-022
HNCO+ 0.249E-015
HONC+ 0.499E-026
HNO+ 0.353E-014
HCOOH+ 0.502E-018
NO2+ 0.204E-015
CH2CHCNH+ 0.894E-018
HCS+ 0.271E-008
C10H3+ 0.222E-016
C11+ 0.114E-010
C2H5CNH+ 0.631E-022
C2H5OH2+ 0.134E-026
C2H7+ 0.128E-022
C2NH+ 0.460E-010
C3H2O+ 0.589E-013
C3H5+ 0.134E-009
C3H7+ 0.817E-011
C4H4+ 0.994E-018
C4H5+ 0.259E-015
C4H7+ 0.588E-021
C4N+ 0.100E-012
C5H3+ 0.359E-011
C5H5+ 0.679E-016
C5N+ 0.152E-014
C6H3+ 0.127E-012
C6H4+ 0.166E-018
C6H5+ 0.297E-010
C6H7+ 0.218E-011
C7H3+ 0.146E-011
C7H5+ 0.392E-011
C7N+ 0.451E-010
C8H3+ 0.132E-013
C8H4+ 0.313E-015
C8H5+ 0.658E-027
C9H3+ 0.176E-014
C9H4+ 0.160E-015
C9H5+ 0.368E-025
C9N+ 0.305E-011
CF+ 0.569E-009
CH2CHCN+ 0.193E-014
CH2NH2+ 0.793E-028
CH3C3N+ 0.232E-016
CH3C3NH+ 0.292E-016
CH3C5NH+ 0.164E-016
CH3C7NH+ 0.286E-018
CH3CHOH+ 0.796E-021
CH3CNH+ 0.633E-014
CH3CO+ 0.103E-011
CH3COCH4+ 0.173E-026
CH3CS+ 0.192E-015
CH3OCH4+ 0.123E-028
CH3OH2+ 0.212E-019
CH4N+ 0.599E-017
CH5+ 0.444E-010
H2C4N+ 0.289E-016
H2C7N+ 0.274E-012
H2C9N+ 0.186E-013
H2CCL+ 0.149E-014
H2CNO+ 0.122E-018
H2CL+ 0.407E-010
H2F+ 0.685E-015
H2NC+ 0.254E-010
H2NCO+ 0.154E-014
H2NO+ 0.667E-016
H2OCN+ 0.154E-014
H2PO+ 0.614E-022
H3+ 0.203E-006
H3C3O+ 0.100E-012
H3C5N+ 0.131E-019
H3C7N+ 0.437E-016
H3C9N+ 0.467E-019
H3CO+ 0.408E-016
H3CS+ 0.663E-014
H3O+ 0.101E-009
H3S+ 0.449E-017
H3S2+ 0.344E-019
H3SIO+ 0.157E-029
H5C2O2+ 0.283E-032
HC2O+ 0.195E-010
HC2S+ 0.320E-008
HC3NH+ 0.498E-014
HC3O+ 0.781E-015
HC3S+ 0.356E-011
HC4N+ 0.351E-016
HC4S+ 0.192E-014
HC5NH+ 0.169E-014
HCNH+ 0.168E-010
HCNOH+ 0.576E-021
HCO2+ 0.621E-018
HCOOH2+ 0.140E-021
HF+ 0.164E-015
HN2O+ 0.191E-021
HNCOH+ 0.308E-014
HNS+ 0.815E-017
HOCN+ 0.249E-015
HOCS+ 0.208E-018
HPN+ 0.356E-017
HSO+ 0.318E-016
HSO2+ 0.847E-025
HSIO2+ 0.208E-017
HSIS+ 0.619E-016
HEH+ 0.829E-010
N2H+ 0.528E-011
NCCNCH3+ 0.416E-017
NCCNH+ 0.778E-011
NH2CNH+ 0.245E-025
NH4+ 0.145E-014
O2H+ 0.688E-019
OCN+ 0.431E-015
PC2H2+ 0.538E-018
PC2H3+ 0.884E-026
PC2H4+ 0.611E-025
PC3H+ 0.777E-020
PC4H+ 0.330E-020
PCH2+ 0.285E-012
PCH3+ 0.642E-024
PCH4+ 0.382E-023
PH3+ 0.248E-018
PNH2+ 0.861E-020
PNH3+ 0.756E-026
SIC2H3+ 0.156E-012
SIC3H2+ 0.162E-011
SIC4H+ 0.608E-015
SICH4+ 0.311E-017
SIF+ 0.227E-010
SIH5+ 0.794E-026
SINCH+ 0.578E-016
SINH2+ 0.251E-014
SIOH+ 0.103E-010
