C- 0.102E-009
E 0.858E-001
C2- 0.134E-011
C3- 0.455E-010
C4- 0.417E-007
C5- 0.840E-005
C6- 0.404E-005
C7- 0.869E-005
C8- 0.123E-005
C10- 0.347E-007
C2H- 0.407E-014
C3H- 0.426E-012
C3N- 0.120E-008
C4H- 0.383E-009
C5H- 0.318E-006
C6H- 0.967E-005
C7H- 0.964E-006
C8H- 0.623E-007
C9- 0.113E-005
C9H- 0.482E-007
CH- 0.187E-017
O- 0.285E-010
OH- 0.847E-011
S- 0.805E-012
CN- 0.153E-008
H- 0.124E-010
C10H- 0.479E-009
C5N- 0.104E-006
O2- 0.636E-038
C 0.178E-001
C2 0.560E-004
CH2 0.476E-005
C2H2 0.520E-007
CH 0.319E-004
C2H 0.423E-005
CO2 0.216E-010
CO 0.159E+000
H2O 0.455E-008
H2CO 0.103E-009
N 0.301E-001
CN 0.336E-005
NH 0.119E-008
HCN 0.262E-008
O2 0.893E-010
O 0.479E-001
OH 0.282E-007
HCO 0.502E-008
C4 0.218E-006
C3 0.472E-006
C5 0.234E-004
C6 0.197E-005
C7 0.148E-005
C8 0.591E-006
C9 0.191E-006
C10 0.171E-007
C3H 0.192E-006
C4H 0.103E-007
C4N 0.227E-008
C5H 0.646E-006
C6H 0.125E-004
C7H 0.411E-006
C8H 0.776E-007
C9H 0.186E-007
C10H 0.604E-009
CS 0.375E-005
CH3 0.198E-007
CH3CN 0.137E-012
CH3OH 0.135E-018
OCS 0.589E-011
CH4 0.286E-009
H 0.169E+000
H2 0.256E+003
NH2 0.263E-009
NH3 0.167E-012
C10H2 0.112E-009
H2CCC 0.659E-009
HC3N 0.154E-010
HC4H 0.358E-010
C5H2 0.136E-006
HC5N 0.531E-008
C6H2 0.553E-006
C7H2 0.882E-007
C8H2 0.828E-008
C9H2 0.613E-008
HS 0.693E-008
C2N 0.735E-008
C3N 0.100E-006
C5N 0.106E-006
C7N 0.741E-007
HC7N 0.819E-010
C9N 0.437E-008
HC9N 0.432E-011
NO 0.965E-009
NS 0.985E-010
NO2 0.101E-012
SO2 0.143E-017
C2O 0.186E-009
SO 0.769E-011
HNC 0.295E-008
C2H4 0.268E-011
C2H5 0.116E-013
C2H5OH 0.191E-026
C2S 0.132E-005
C3O 0.353E-012
C3S 0.651E-007
C4H3 0.926E-010
C4S 0.387E-009
C6H6 0.149E-007
CCP 0.359E-012
CCL 0.358E-011
CH2CCH2 0.205E-010
CH2CCH 0.228E-008
CH2CN 0.357E-011
CH2CO 0.322E-010
CH3CCH 0.460E-009
CH3CHCH2 0.174E-010
CH3CHO 0.285E-017
CH3COCH3 0.107E-026
CH3OCH3 0.131E-027
CP 0.820E-010
CLO 0.484E-033
FE 0.000E+000
H2S 0.260E-011
H2SIO 0.294E-022
HCOOCH3 0.294E-031
HCP 0.631E-010
HPO 0.228E-016
MG 0.000E+000
NCCN 0.859E-007
NA 0.000E+000
P 0.404E-008
PH 0.409E-010
PO 0.764E-012
SI 0.149E-004
SIC2 0.501E-006
SIC2H 0.371E-010
SIC3 0.100E-008
SIC 0.454E-006
SICH2 0.324E-013
SICH3 0.186E-012
SIH2 0.175E-016
SIH3 0.402E-020
SIN 0.699E-009
SIS 0.262E-013
S 0.431E-004
N2 0.459E-003
C2H3 0.279E-008
CH3CH3 0.177E-011
PN 0.411E-009
CL 0.826E-004
C3H2 0.847E-008
C4P 0.349E-017
CH3C4H 0.129E-009
CH3C6H 0.574E-008
H2CS 0.675E-012
H2S2 0.219E-017
HC2P 0.179E-015
HCSI 0.193E-006
HCL 0.112E-006
HNSI 0.314E-012
HS2 0.225E-013
N2O 0.466E-017
PH2 0.431E-016
S2 0.876E-013
SIC2H2 0.438E-010
SIC3H 0.391E-009
SIC4 0.253E-007
SIH4 0.543E-025
SIH 0.697E-009
SINC 0.160E-014
SIO 0.928E-009
F 0.435E-005
HE 0.436E+002
HCNO 0.117E-014
HNCO 0.121E-012
HONC 0.231E-019
HNO 0.290E-008
HCOOH 0.387E-016
C11 0.180E-011
C2H5CN 0.166E-020
C3P 0.102E-014
CH2CHCCH 0.160E-009
CH2CHCHCH2 0.119E-016
CH2CHCN 0.279E-015
CH2NH 0.448E-018
CH2PH 0.139E-021
CH3C3N 0.109E-011
CH3C5N 0.840E-015
CH3C7N 0.134E-016
CNO 0.447E-021
H2CN 0.138E-009
H2O2 0.485E-033
HCS 0.135E-007
HF 0.449E-008
HNC3 0.595E-014
HOCN 0.121E-012
NH2CN 0.540E-018
O2H 0.961E-018
OCN 0.284E-008
SIO2 0.187E-009
HCO+ 0.154E-008
H+ 0.199E-005
HOC+ 0.167E-009
C+ 0.737E-001
C10H+ 0.486E-011
C2H4+ 0.127E-009
C2H5+ 0.280E-015
C2H5OH+ 0.175E-028
C2O+ 0.531E-012
C2S+ 0.455E-009
C3O+ 0.828E-016
C3S+ 0.125E-009
C4H3+ 0.311E-013
C4S+ 0.225E-011
C6H6+ 0.616E-006
CCP+ 0.345E-013
CCL+ 0.363E-009
CH2+ 0.989E-007
C3H4+ 0.112E-011
CH2CCH+ 0.213E-009
CH2CN+ 0.781E-013
CH2CO+ 0.247E-012
C3H6+ 0.382E-014
CH3CHO+ 0.606E-020
CH3COCH3+ 0.112E-028
CH3OCH3+ 0.163E-029
CH+ 0.805E-007
CP+ 0.218E-013
CLO+ 0.209E-035
FE+ 0.000E+000
H2CO+ 0.468E-011
H2S+ 0.232E-009
H2SIO+ 0.713E-022
C4H2+ 0.238E-010
COOCH4+ 0.254E-033
HCP+ 0.244E-013
HPO+ 0.420E-015
MG+ 0.000E+000
C2N+ 0.548E-010
CNC+ 0.111E-009
NH3+ 0.877E-011
NO+ 0.438E-011
NS+ 0.628E-012
NA+ 0.000E+000
OCS+ 0.495E-013
P+ 0.641E-005
PH+ 0.132E-012
PO+ 0.980E-014
SO+ 0.441E-011
SI+ 0.760E-002
SIC2+ 0.570E-009
SIC2H+ 0.320E-008
SIC3+ 0.630E-010
SIC+ 0.151E-008
SICH2+ 0.456E-008
SICH3+ 0.201E-015
SIH2+ 0.509E-010
SIH3+ 0.515E-018
SIN+ 0.355E-011
SIS+ 0.280E-013
C2+ 0.722E-007
S+ 0.420E-002
CN+ 0.216E-011
CO+ 0.334E-010
N2+ 0.439E-012
O2+ 0.923E-013
C2H+ 0.535E-007
C2H2+ 0.235E-006
C2H3+ 0.923E-007
C5H2+ 0.834E-013
C6H2+ 0.359E-009
C7H2+ 0.571E-010
C3H3+ 0.574E-010
CO2+ 0.638E-020
HC3N+ 0.630E-013
HCN+ 0.459E-011
C2N2+ 0.287E-011
C3+ 0.340E-008
C5+ 0.804E-010
CH3CH3+ 0.524E-014
PN+ 0.529E-016
H2O+ 0.583E-010
NH2+ 0.900E-011
O+ 0.416E-011
OH+ 0.434E-010
CH3+ 0.397E-006
CH4+ 0.316E-013
CH3OH+ 0.763E-022
N+ 0.346E-010
SO2+ 0.373E-024
CS+ 0.317E-008
CL+ 0.592E-006
C10+ 0.131E-009
C10H2+ 0.266E-012
C3H2+ 0.544E-010
C3H+ 0.292E-008
C4+ 0.317E-009
C4H+ 0.240E-009
C4P+ 0.272E-024
C5H+ 0.854E-010
C6+ 0.783E-008
C6H+ 0.453E-009
C7+ 0.249E-008
C7H+ 0.108E-008
C8+ 0.158E-008
C8H2+ 0.625E-010
C8H+ 0.677E-010
C9+ 0.329E-009
C9H2+ 0.397E-011
C9H+ 0.296E-010
CH3C4H+ 0.986E-016
C7H4+ 0.159E-015
CH3CN+ 0.542E-014
H2CS+ 0.623E-014
H2S2+ 0.331E-021
HC2P+ 0.625E-014
HC5N+ 0.299E-014
HC7N+ 0.405E-010
HC9N+ 0.239E-011
HCSI+ 0.136E-008
HCL+ 0.124E-009
HNSI+ 0.473E-015
HS2+ 0.828E-016
HS+ 0.118E-011
N2O+ 0.286E-010
NH+ 0.377E-011
PH2+ 0.784E-012
S2+ 0.112E-014
SIC2H2+ 0.833E-012
SIC3H+ 0.297E-011
SIC4+ 0.531E-011
SIH4+ 0.458E-029
SIH+ 0.643E-012
SINC+ 0.230E-011
SIO+ 0.490E-011
H2+ 0.566E-008
F+ 0.416E-015
HE+ 0.805E-006
C3N+ 0.573E-013
HCNO+ 0.251E-022
HNCO+ 0.204E-015
HONC+ 0.113E-026
HNO+ 0.333E-014
HCOOH+ 0.148E-018
NO2+ 0.144E-015
CH2CHCNH+ 0.352E-018
HCS+ 0.144E-008
C10H3+ 0.643E-017
C11+ 0.600E-011
C2H5CNH+ 0.233E-022
C2H5OH2+ 0.764E-027
C2H7+ 0.523E-023
C2NH+ 0.235E-010
C3H2O+ 0.309E-013
C3H5+ 0.637E-010
C3H7+ 0.383E-011
C4H4+ 0.543E-018
C4H5+ 0.942E-016
C4H7+ 0.174E-021
C4N+ 0.577E-013
C5H3+ 0.220E-011
C5H5+ 0.406E-016
C5N+ 0.113E-014
C6H3+ 0.645E-013
C6H4+ 0.422E-019
C6H5+ 0.235E-010
C6H7+ 0.157E-011
C7H3+ 0.103E-011
C7H5+ 0.243E-011
C7N+ 0.327E-010
C8H3+ 0.631E-014
C8H4+ 0.134E-015
C8H5+ 0.220E-027
C9H3+ 0.674E-015
C9H4+ 0.555E-016
C9H5+ 0.158E-025
C9N+ 0.193E-011
CF+ 0.319E-009
CH2CHCN+ 0.843E-015
CH2NH2+ 0.288E-028
CH3C3N+ 0.132E-016
CH3C3NH+ 0.152E-016
CH3C5NH+ 0.920E-017
CH3C7NH+ 0.142E-018
CH3CHOH+ 0.382E-021
CH3CNH+ 0.302E-014
CH3CO+ 0.713E-012
CH3COCH4+ 0.954E-027
CH3CS+ 0.920E-016
CH3OCH4+ 0.628E-029
CH3OH2+ 0.158E-019
CH4N+ 0.371E-017
CH5+ 0.325E-010
H2C4N+ 0.167E-016
H2C7N+ 0.168E-012
H2C9N+ 0.991E-014
H2CCL+ 0.103E-014
H2CNO+ 0.470E-019
H2CL+ 0.189E-010
H2F+ 0.393E-015
H2NC+ 0.177E-010
H2NCO+ 0.115E-014
H2NO+ 0.420E-016
H2OCN+ 0.115E-014
H2PO+ 0.504E-022
H3+ 0.185E-006
H3C3O+ 0.531E-013
H3C5N+ 0.544E-020
H3C7N+ 0.248E-016
H3C9N+ 0.177E-019
H3CO+ 0.310E-016
H3CS+ 0.333E-014
H3O+ 0.951E-010
H3S+ 0.275E-017
H3S2+ 0.222E-019
H3SIO+ 0.789E-030
H5C2O2+ 0.133E-032
HC2O+ 0.114E-010
HC2S+ 0.170E-008
HC3NH+ 0.218E-014
HC3O+ 0.448E-015
HC3S+ 0.150E-011
HC4N+ 0.210E-016
HC4S+ 0.107E-014
HC5NH+ 0.117E-014
HCNH+ 0.122E-010
HCNOH+ 0.202E-021
HCO2+ 0.351E-018
HCOOH2+ 0.108E-021
HF+ 0.107E-015
HN2O+ 0.165E-021
HNCOH+ 0.230E-014
HNS+ 0.450E-017
HOCN+ 0.204E-015
HOCS+ 0.117E-018
HPN+ 0.299E-017
HSO+ 0.235E-016
HSO2+ 0.630E-025
HSIO2+ 0.102E-017
HSIS+ 0.353E-016
HEH+ 0.829E-010
N2H+ 0.350E-011
NCCNCH3+ 0.199E-017
NCCNH+ 0.482E-011
NH2CNH+ 0.227E-026
NH4+ 0.107E-014
O2H+ 0.346E-019
OCN+ 0.384E-015
PC2H2+ 0.263E-018
PC2H3+ 0.386E-026
PC2H4+ 0.283E-025
PC3H+ 0.313E-020
PC4H+ 0.167E-020
PCH2+ 0.915E-013
PCH3+ 0.288E-024
PCH4+ 0.181E-023
PH3+ 0.185E-018
PNH2+ 0.555E-020
PNH3+ 0.459E-026
SIC2H3+ 0.629E-013
SIC3H2+ 0.678E-012
SIC4H+ 0.404E-015
SICH4+ 0.167E-017
SIF+ 0.118E-010
SIH5+ 0.517E-026
SINCH+ 0.334E-016
SINH2+ 0.180E-014
SIOH+ 0.619E-011
