C- 0.868E-010
E 0.808E-001
C2- 0.772E-012
C3- 0.397E-010
C4- 0.352E-007
C5- 0.743E-005
C6- 0.301E-005
C7- 0.614E-005
C8- 0.756E-006
C10- 0.183E-007
C2H- 0.233E-014
C3H- 0.363E-012
C3N- 0.800E-009
C4H- 0.316E-009
C5H- 0.251E-006
C6H- 0.791E-005
C7H- 0.630E-006
C8H- 0.339E-007
C9- 0.704E-006
C9H- 0.271E-007
CH- 0.110E-017
O- 0.302E-010
OH- 0.812E-011
S- 0.539E-012
CN- 0.114E-008
H- 0.104E-010
C10H- 0.229E-009
C5N- 0.782E-007
O2- 0.119E-039
C 0.157E-001
C2 0.318E-004
CH2 0.351E-005
C2H2 0.253E-007
CH 0.223E-004
C2H 0.230E-005
CO2 0.157E-010
CO 0.133E+000
H2O 0.427E-008
H2CO 0.645E-010
N 0.264E-001
CN 0.165E-005
NH 0.940E-009
HCN 0.165E-008
O2 0.616E-010
O 0.478E-001
OH 0.230E-007
HCO 0.360E-008
C4 0.177E-006
C3 0.372E-006
C5 0.208E-004
C6 0.148E-005
C7 0.105E-005
C8 0.366E-006
C9 0.120E-006
C10 0.906E-008
C3H 0.150E-006
C4H 0.719E-008
C4N 0.168E-008
C5H 0.511E-006
C6H 0.102E-004
C7H 0.269E-006
C8H 0.423E-007
C9H 0.105E-007
C10H 0.289E-009
CS 0.175E-005
CH3 0.130E-007
CH3CN 0.648E-013
CH3OH 0.897E-019
OCS 0.337E-011
CH4 0.165E-009
H 0.147E+000
H2 0.223E+003
NH2 0.204E-009
NH3 0.117E-012
C10H2 0.457E-010
H2CCC 0.305E-009
HC3N 0.882E-011
HC4H 0.222E-010
C5H2 0.974E-007
HC5N 0.353E-008
C6H2 0.397E-006
C7H2 0.506E-007
C8H2 0.395E-008
C9H2 0.303E-008
HS 0.526E-008
C2N 0.349E-008
C3N 0.604E-007
C5N 0.808E-007
C7N 0.460E-007
HC7N 0.474E-010
C9N 0.237E-008
HC9N 0.217E-011
NO 0.592E-009
NS 0.526E-010
NO2 0.642E-013
SO2 0.114E-017
C2O 0.107E-009
SO 0.555E-011
HNC 0.191E-008
C2H4 0.134E-011
C2H5 0.612E-014
C2H5OH 0.105E-026
C2S 0.703E-006
C3O 0.183E-012
C3S 0.320E-007
C4H3 0.536E-010
C4S 0.189E-009
C6H6 0.920E-008
CCP 0.148E-012
CCL 0.169E-011
CH2CCH2 0.119E-010
CH2CCH 0.104E-008
CH2CN 0.164E-011
CH2CO 0.205E-010
CH3CCH 0.211E-009
CH3CHCH2 0.854E-011
CH3CHO 0.162E-017
CH3COCH3 0.519E-027
CH3OCH3 0.691E-028
CP 0.252E-010
CLO 0.236E-033
FE 0.000E+000
H2S 0.194E-011
H2SIO 0.122E-022
HCOOCH3 0.140E-031
HCP 0.193E-010
HPO 0.100E-016
MG 0.000E+000
NCCN 0.513E-007
NA 0.000E+000
P 0.331E-008
PH 0.322E-010
PO 0.466E-012
SI 0.105E-004
SIC2 0.197E-006
SIC2H 0.163E-010
SIC3 0.443E-009
SIC 0.258E-006
SICH2 0.146E-013
SICH3 0.872E-013
SIH2 0.117E-016
SIH3 0.165E-020
SIN 0.336E-009
SIS 0.370E-014
S 0.297E-004
N2 0.296E-003
C2H3 0.148E-008
CH3CH3 0.872E-012
PN 0.355E-009
CL 0.719E-004
C3H2 0.388E-008
C4P 0.842E-018
CH3C4H 0.640E-010
CH3C6H 0.399E-008
H2CS 0.292E-012
H2S2 0.101E-017
HC2P 0.497E-016
HCSI 0.107E-006
HCL 0.947E-007
HNSI 0.128E-012
HS2 0.106E-013
N2O 0.261E-017
PH2 0.257E-016
S2 0.291E-013
SIC2H2 0.161E-010
SIC3H 0.147E-009
SIC4 0.183E-007
SIH4 0.335E-025
SIH 0.521E-009
SINC 0.862E-015
SIO 0.520E-009
F 0.379E-005
HE 0.380E+002
HCNO 0.582E-015
HNCO 0.851E-013
HONC 0.442E-020
HNO 0.184E-008
HCOOH 0.996E-017
C11 0.724E-012
C2H5CN 0.615E-021
C3P 0.354E-015
CH2CHCCH 0.974E-010
CH2CHCHCH2 0.441E-017
CH2CHCN 0.918E-016
CH2NH 0.214E-018
CH2PH 0.522E-022
CH3C3N 0.329E-012
CH3C5N 0.463E-015
CH3C7N 0.646E-017
CNO 0.163E-021
H2CN 0.611E-010
H2O2 0.982E-034
HCS 0.773E-008
HF 0.250E-008
HNC3 0.262E-014
HOCN 0.854E-013
NH2CN 0.643E-019
O2H 0.245E-018
OCN 0.151E-008
SIO2 0.920E-010
HCO+ 0.119E-008
H+ 0.189E-005
HOC+ 0.141E-009
C+ 0.701E-001
C10H+ 0.244E-011
C2H4+ 0.705E-010
C2H5+ 0.137E-015
C2H5OH+ 0.998E-029
C2O+ 0.308E-012
C2S+ 0.261E-009
C3O+ 0.463E-016
C3S+ 0.695E-010
C4H3+ 0.156E-013
C4S+ 0.137E-011
C6H6+ 0.526E-006
CCP+ 0.106E-013
CCL+ 0.311E-009
CH2+ 0.852E-007
C3H4+ 0.538E-012
CH2CCH+ 0.104E-009
CH2CN+ 0.330E-013
CH2CO+ 0.162E-012
C3H6+ 0.184E-014
CH3CHO+ 0.355E-020
CH3COCH3+ 0.553E-029
CH3OCH3+ 0.888E-030
CH+ 0.640E-007
CP+ 0.728E-014
CLO+ 0.103E-035
FE+ 0.000E+000
H2CO+ 0.374E-011
H2S+ 0.185E-009
H2SIO+ 0.524E-022
C4H2+ 0.150E-010
COOCH4+ 0.122E-033
HCP+ 0.797E-014
HPO+ 0.365E-015
MG+ 0.000E+000
C2N+ 0.336E-010
CNC+ 0.662E-010
NH3+ 0.715E-011
NO+ 0.280E-011
NS+ 0.398E-012
NA+ 0.000E+000
OCS+ 0.294E-013
P+ 0.558E-005
PH+ 0.103E-012
PO+ 0.690E-014
SO+ 0.334E-011
SI+ 0.662E-002
SIC2+ 0.263E-009
SIC2H+ 0.134E-008
SIC3+ 0.438E-010
SIC+ 0.102E-008
SICH2+ 0.276E-008
SICH3+ 0.940E-016
SIH2+ 0.403E-010
SIH3+ 0.363E-018
SIN+ 0.185E-011
SIS+ 0.188E-013
C2+ 0.469E-007
S+ 0.367E-002
CN+ 0.176E-011
CO+ 0.298E-010
N2+ 0.329E-012
O2+ 0.748E-013
C2H+ 0.339E-007
C2H2+ 0.136E-006
C2H3+ 0.499E-007
C5H2+ 0.546E-013
C6H2+ 0.271E-009
C7H2+ 0.344E-010
C3H3+ 0.280E-010
CO2+ 0.525E-020
HC3N+ 0.291E-013
HCN+ 0.380E-011
C2N2+ 0.192E-011
C3+ 0.192E-008
C5+ 0.686E-010
CH3CH3+ 0.270E-014
PN+ 0.462E-016
H2O+ 0.594E-010
NH2+ 0.807E-011
O+ 0.466E-011
OH+ 0.460E-010
CH3+ 0.311E-006
CH4+ 0.200E-013
CH3OH+ 0.528E-022
N+ 0.345E-010
SO2+ 0.304E-024
CS+ 0.193E-008
CL+ 0.556E-006
C10+ 0.767E-010
C10H2+ 0.114E-012
C3H2+ 0.263E-010
C3H+ 0.151E-008
C4+ 0.245E-009
C4H+ 0.170E-009
C4P+ 0.664E-025
C5H+ 0.636E-010
C6+ 0.675E-008
C6H+ 0.352E-009
C7+ 0.197E-008
C7H+ 0.775E-009
C8+ 0.106E-008
C8H2+ 0.344E-010
C8H+ 0.409E-010
C9+ 0.204E-009
C9H2+ 0.206E-011
C9H+ 0.166E-010
CH3C4H+ 0.656E-016
C7H4+ 0.867E-016
CH3CN+ 0.293E-014
H2CS+ 0.371E-014
H2S2+ 0.150E-021
HC2P+ 0.277E-014
HC5N+ 0.226E-014
HC7N+ 0.261E-010
HC9N+ 0.134E-011
HCSI+ 0.904E-009
HCL+ 0.109E-009
HNSI+ 0.369E-015
HS2+ 0.568E-016
HS+ 0.800E-012
N2O+ 0.249E-010
NH+ 0.356E-011
PH2+ 0.646E-012
S2+ 0.604E-015
SIC2H2+ 0.410E-012
SIC3H+ 0.125E-011
SIC4+ 0.283E-011
SIH4+ 0.193E-029
SIH+ 0.482E-012
SINC+ 0.130E-011
SIO+ 0.360E-011
H2+ 0.566E-008
F+ 0.275E-015
HE+ 0.817E-006
C3N+ 0.300E-013
HCNO+ 0.147E-022
HNCO+ 0.172E-015
HONC+ 0.254E-027
HNO+ 0.311E-014
HCOOH+ 0.397E-019
NO2+ 0.983E-016
CH2CHCNH+ 0.139E-018
HCS+ 0.797E-009
C10H3+ 0.188E-017
C11+ 0.310E-011
C2H5CNH+ 0.908E-023
C2H5OH2+ 0.406E-027
C2H7+ 0.208E-023
C2NH+ 0.122E-010
C3H2O+ 0.166E-013
C3H5+ 0.306E-010
C3H7+ 0.181E-011
C4H4+ 0.297E-018
C4H5+ 0.359E-016
C4H7+ 0.480E-022
C4N+ 0.335E-013
C5H3+ 0.135E-011
C5H5+ 0.256E-016
C5N+ 0.839E-015
C6H3+ 0.324E-013
C6H4+ 0.114E-019
C6H5+ 0.185E-010
C6H7+ 0.113E-011
C7H3+ 0.714E-012
C7H5+ 0.150E-011
C7N+ 0.230E-010
C8H3+ 0.297E-014
C8H4+ 0.557E-016
C8H5+ 0.780E-028
C9H3+ 0.253E-015
C9H4+ 0.184E-016
C9H5+ 0.683E-026
C9N+ 0.118E-011
CF+ 0.178E-009
CH2CHCN+ 0.371E-015
CH2NH2+ 0.114E-028
CH3C3N+ 0.783E-017
CH3C3NH+ 0.823E-017
CH3C5NH+ 0.528E-017
CH3C7NH+ 0.710E-019
CH3CHOH+ 0.189E-021
CH3CNH+ 0.148E-014
CH3CO+ 0.508E-012
CH3COCH4+ 0.458E-027
CH3CS+ 0.416E-016
CH3OCH4+ 0.353E-029
CH3OH2+ 0.121E-019
CH4N+ 0.239E-017
CH5+ 0.246E-010
H2C4N+ 0.101E-016
H2C7N+ 0.989E-013
H2C9N+ 0.510E-014
H2CCL+ 0.739E-015
H2CNO+ 0.239E-019
H2CL+ 0.118E-010
H2F+ 0.224E-015
H2NC+ 0.127E-010
H2NCO+ 0.884E-015
H2NO+ 0.257E-016
H2OCN+ 0.884E-015
H2PO+ 0.412E-022
H3+ 0.169E-006
H3C3O+ 0.273E-013
H3C5N+ 0.247E-020
H3C7N+ 0.140E-016
H3C9N+ 0.674E-020
H3CO+ 0.243E-016
H3CS+ 0.175E-014
H3O+ 0.882E-010
H3S+ 0.173E-017
H3S2+ 0.143E-019
H3SIO+ 0.416E-030
H5C2O2+ 0.677E-033
HC2O+ 0.673E-011
HC2S+ 0.889E-009
HC3NH+ 0.969E-015
HC3O+ 0.261E-015
HC3S+ 0.639E-012
HC4N+ 0.130E-016
HC4S+ 0.605E-015
HC5NH+ 0.793E-015
HCNH+ 0.911E-011
HCNOH+ 0.104E-021
HCO2+ 0.234E-018
HCOOH2+ 0.844E-022
HF+ 0.701E-016
HN2O+ 0.142E-021
HNCOH+ 0.177E-014
HNS+ 0.264E-017
HOCN+ 0.172E-015
HOCS+ 0.683E-019
HPN+ 0.249E-017
HSO+ 0.173E-016
HSO2+ 0.471E-025
HSIO2+ 0.477E-018
HSIS+ 0.201E-016
HEH+ 0.827E-010
N2H+ 0.227E-011
NCCNCH3+ 0.970E-018
NCCNH+ 0.294E-011
NH2CNH+ 0.255E-027
NH4+ 0.796E-015
O2H+ 0.225E-019
OCN+ 0.344E-015
PC2H2+ 0.121E-018
PC2H3+ 0.159E-026
PC2H4+ 0.123E-025
PC3H+ 0.129E-020
PC4H+ 0.901E-021
PCH2+ 0.273E-013
PCH3+ 0.136E-024
PCH4+ 0.898E-024
PH3+ 0.138E-018
PNH2+ 0.359E-020
PNH3+ 0.280E-026
SIC2H3+ 0.257E-013
SIC3H2+ 0.287E-012
SIC4H+ 0.271E-015
SICH4+ 0.927E-018
SIF+ 0.607E-011
SIH5+ 0.337E-026
SINCH+ 0.201E-016
SINH2+ 0.127E-014
SIOH+ 0.420E-011
