C- 0.740E-010
E 0.765E-001
C2- 0.478E-012
C3- 0.343E-010
C4- 0.296E-007
C5- 0.650E-005
C6- 0.218E-005
C7- 0.422E-005
C8- 0.454E-006
C10- 0.957E-008
C2H- 0.145E-014
C3H- 0.302E-012
C3N- 0.531E-009
C4H- 0.256E-009
C5H- 0.197E-006
C6H- 0.643E-005
C7H- 0.403E-006
C8H- 0.181E-007
C9- 0.426E-006
C9H- 0.148E-007
CH- 0.691E-018
O- 0.321E-010
OH- 0.776E-011
S- 0.366E-012
CN- 0.840E-009
H- 0.873E-011
C10H- 0.108E-009
C5N- 0.580E-007
O2- -0.499E-041
C 0.138E-001
C2 0.191E-004
CH2 0.267E-005
C2H2 0.132E-007
CH 0.164E-004
C2H 0.133E-005
CO2 0.120E-010
CO 0.110E+000
H2O 0.401E-008
H2CO 0.429E-010
N 0.232E-001
CN 0.852E-006
NH 0.751E-009
HCN 0.108E-008
O2 0.508E-010
O 0.475E-001
OH 0.204E-007
HCO 0.272E-008
C4 0.144E-006
C3 0.294E-006
C5 0.183E-004
C6 0.107E-005
C7 0.723E-006
C8 0.220E-006
C9 0.726E-007
C10 0.473E-008
C3H 0.117E-006
C4H 0.508E-008
C4N 0.123E-008
C5H 0.399E-006
C6H 0.829E-005
C7H 0.172E-006
C8H 0.224E-007
C9H 0.567E-008
C10H 0.135E-009
CS 0.790E-006
CH3 0.902E-008
CH3CN 0.320E-013
CH3OH 0.629E-019
OCS 0.189E-011
CH4 0.101E-009
H 0.129E+000
H2 0.194E+003
NH2 0.159E-009
NH3 0.819E-013
C10H2 0.184E-010
H2CCC 0.146E-009
HC3N 0.504E-011
HC4H 0.140E-010
C5H2 0.690E-007
HC5N 0.231E-008
C6H2 0.282E-006
C7H2 0.283E-007
C8H2 0.184E-008
C9H2 0.145E-008
HS 0.400E-008
C2N 0.174E-008
C3N 0.372E-007
C5N 0.608E-007
C7N 0.276E-007
HC7N 0.267E-010
C9N 0.125E-008
HC9N 0.105E-011
NO 0.369E-009
NS 0.306E-010
NO2 0.398E-013
SO2 0.915E-018
C2O 0.642E-010
SO 0.411E-011
HNC 0.127E-008
C2H4 0.655E-012
C2H5 0.304E-014
C2H5OH 0.530E-027
C2S 0.364E-006
C3O 0.949E-013
C3S 0.153E-007
C4H3 0.311E-010
C4S 0.901E-010
C6H6 0.567E-008
CCP 0.641E-013
CCL 0.792E-012
CH2CCH2 0.695E-011
CH2CCH 0.493E-009
CH2CN 0.784E-012
CH2CO 0.135E-010
CH3CCH 0.100E-009
CH3CHCH2 0.411E-011
CH3CHO 0.827E-018
CH3COCH3 0.225E-027
CH3OCH3 0.397E-028
CP 0.719E-011
CLO 0.112E-033
FE 0.000E+000
H2S 0.145E-011
H2SIO 0.489E-023
HCOOCH3 0.728E-032
HCP 0.546E-011
HPO 0.431E-017
MG 0.000E+000
NCCN 0.303E-007
NA 0.000E+000
P 0.274E-008
PH 0.254E-010
PO 0.322E-012
SI 0.747E-005
SIC2 0.771E-007
SIC2H 0.746E-011
SIC3 0.210E-009
SIC 0.155E-006
SICH2 0.683E-014
SICH3 0.400E-013
SIH2 0.788E-017
SIH3 0.659E-021
SIN 0.171E-009
SIS 0.834E-015
S 0.207E-004
N2 0.187E-003
C2H3 0.823E-009
CH3CH3 0.421E-012
PN 0.306E-009
CL 0.626E-004
C3H2 0.183E-008
C4P 0.194E-018
CH3C4H 0.314E-010
CH3C6H 0.275E-008
H2CS 0.136E-012
H2S2 0.542E-018
HC2P 0.128E-016
HCSI 0.624E-007
HCL 0.808E-007
HNSI 0.654E-013
HS2 0.474E-014
N2O 0.147E-017
PH2 0.159E-016
S2 0.117E-013
SIC2H2 0.580E-011
SIC3H 0.542E-010
SIC4 0.130E-007
SIH4 0.208E-025
SIH 0.392E-009
SINC 0.492E-015
SIO 0.311E-009
F 0.331E-005
HE 0.331E+002
HCNO 0.376E-015
HNCO 0.619E-013
HONC 0.101E-020
HNO 0.114E-008
HCOOH 0.234E-017
C11 0.293E-012
C2H5CN 0.245E-021
C3P 0.115E-015
CH2CHCCH 0.593E-010
CH2CHCHCH2 0.162E-017
CH2CHCN 0.337E-016
CH2NH 0.108E-018
CH2PH 0.229E-022
CH3C3N 0.978E-013
CH3C5N 0.258E-015
CH3C7N 0.310E-017
CNO 0.857E-022
H2CN 0.288E-010
H2O2 0.178E-034
HCS 0.431E-008
HF 0.139E-008
HNC3 0.118E-014
HOCN 0.622E-013
NH2CN 0.135E-019
O2H 0.573E-019
OCN 0.816E-009
SIO2 0.434E-010
HCO+ 0.918E-009
H+ 0.180E-005
HOC+ 0.118E-009
C+ 0.669E-001
C10H+ 0.119E-011
C2H4+ 0.408E-010
C2H5+ 0.651E-016
C2H5OH+ 0.519E-029
C2O+ 0.186E-012
C2S+ 0.147E-009
C3O+ 0.261E-016
C3S+ 0.388E-010
C4H3+ 0.809E-014
C4S+ 0.844E-012
C6H6+ 0.450E-006
CCP+ 0.299E-014
CCL+ 0.267E-009
CH2+ 0.752E-007
C3H4+ 0.266E-012
CH2CCH+ 0.520E-010
CH2CN+ 0.148E-013
CH2CO+ 0.110E-012
C3H6+ 0.870E-015
CH3CHO+ 0.186E-020
CH3COCH3+ 0.242E-029
CH3OCH3+ 0.522E-030
CH+ 0.536E-007
CP+ 0.226E-014
CLO+ 0.493E-036
FE+ 0.000E+000
H2CO+ 0.304E-011
H2S+ 0.147E-009
H2SIO+ 0.380E-022
C4H2+ 0.963E-011
COOCH4+ 0.640E-034
HCP+ 0.242E-014
HPO+ 0.315E-015
MG+ 0.000E+000
C2N+ 0.210E-010
CNC+ 0.392E-010
NH3+ 0.581E-011
NO+ 0.181E-011
NS+ 0.265E-012
NA+ 0.000E+000
OCS+ 0.170E-013
P+ 0.486E-005
PH+ 0.803E-013
PO+ 0.536E-014
SO+ 0.273E-011
SI+ 0.577E-002
SIC2+ 0.126E-009
SIC2H+ 0.580E-009
SIC3+ 0.308E-010
SIC+ 0.725E-009
SICH2+ 0.175E-008
SICH3+ 0.428E-016
SIH2+ 0.318E-010
SIH3+ 0.255E-018
SIN+ 0.103E-011
SIS+ 0.127E-013
C2+ 0.324E-007
S+ 0.320E-002
CN+ 0.148E-011
CO+ 0.276E-010
N2+ 0.241E-012
O2+ 0.694E-013
C2H+ 0.227E-007
C2H2+ 0.824E-007
C2H3+ 0.273E-007
C5H2+ 0.361E-013
C6H2+ 0.201E-009
C7H2+ 0.202E-010
C3H3+ 0.140E-010
CO2+ 0.455E-020
HC3N+ 0.140E-013
HCN+ 0.324E-011
C2N2+ 0.127E-011
C3+ 0.112E-008
C5+ 0.581E-010
CH3CH3+ 0.135E-014
PN+ 0.400E-016
H2O+ 0.598E-010
NH2+ 0.727E-011
O+ 0.522E-011
OH+ 0.483E-010
CH3+ 0.248E-006
CH4+ 0.133E-013
CH3OH+ 0.383E-022
N+ 0.348E-010
SO2+ 0.248E-024
CS+ 0.124E-008
CL+ 0.503E-006
C10+ 0.434E-010
C10H2+ 0.480E-013
C3H2+ 0.130E-010
C3H+ 0.800E-009
C4+ 0.193E-009
C4H+ 0.123E-009
C4P+ 0.154E-025
C5H+ 0.469E-010
C6+ 0.572E-008
C6H+ 0.267E-009
C7+ 0.153E-008
C7H+ 0.546E-009
C8+ 0.686E-009
C8H2+ 0.183E-010
C8H+ 0.240E-010
C9+ 0.122E-009
C9H2+ 0.103E-011
C9H+ 0.896E-011
CH3C4H+ 0.454E-016
C7H4+ 0.497E-016
CH3CN+ 0.165E-014
H2CS+ 0.233E-014
H2S2+ 0.645E-022
HC2P+ 0.130E-014
HC5N+ 0.167E-014
HC7N+ 0.161E-010
HC9N+ 0.725E-012
HCSI+ 0.635E-009
HCL+ 0.973E-010
HNSI+ 0.285E-015
HS2+ 0.389E-016
HS+ 0.553E-012
N2O+ 0.217E-010
NH+ 0.338E-011
PH2+ 0.530E-012
S2+ 0.346E-015
SIC2H2+ 0.209E-012
SIC3H+ 0.534E-012
SIC4+ 0.160E-011
SIH4+ 0.783E-030
SIH+ 0.361E-012
SINC+ 0.736E-012
SIO+ 0.288E-011
H2+ 0.566E-008
F+ 0.181E-015
HE+ 0.831E-006
C3N+ 0.162E-013
HCNO+ 0.112E-022
HNCO+ 0.147E-015
HONC+ 0.682E-028
HNO+ 0.285E-014
HCOOH+ 0.970E-020
NO2+ 0.654E-016
CH2CHCNH+ 0.555E-019
HCS+ 0.461E-009
C10H3+ 0.558E-018
C11+ 0.157E-011
C2H5CNH+ 0.375E-023
C2H5OH2+ 0.204E-027
C2H7+ 0.805E-024
C2NH+ 0.651E-011
C3H2O+ 0.925E-014
C3H5+ 0.150E-010
C3H7+ 0.866E-012
C4H4+ 0.161E-018
C4H5+ 0.143E-016
C4H7+ 0.131E-022
C4N+ 0.194E-013
C5H3+ 0.821E-012
C5H5+ 0.164E-016
C5N+ 0.612E-015
C6H3+ 0.162E-013
C6H4+ 0.334E-020
C6H5+ 0.145E-010
C6H7+ 0.798E-012
C7H3+ 0.490E-012
C7H5+ 0.924E-012
C7N+ 0.156E-010
C8H3+ 0.140E-014
C8H4+ 0.232E-016
C8H5+ 0.289E-028
C9H3+ 0.948E-016
C9H4+ 0.602E-017
C9H5+ 0.296E-026
C9N+ 0.702E-012
CF+ 0.982E-010
CH2CHCN+ 0.165E-015
CH2NH2+ 0.476E-029
CH3C3N+ 0.469E-017
CH3C3NH+ 0.448E-017
CH3C5NH+ 0.303E-017
CH3C7NH+ 0.351E-019
CH3CHOH+ 0.971E-022
CH3CNH+ 0.748E-015
CH3CO+ 0.364E-012
CH3COCH4+ 0.199E-027
CH3CS+ 0.182E-016
CH3OCH4+ 0.212E-029
CH3OH2+ 0.935E-020
CH4N+ 0.157E-017
CH5+ 0.188E-010
H2C4N+ 0.622E-017
H2C7N+ 0.555E-013
H2C9N+ 0.250E-014
H2CCL+ 0.543E-015
H2CNO+ 0.188E-019
H2CL+ 0.960E-011
H2F+ 0.126E-015
H2NC+ 0.921E-011
H2NCO+ 0.684E-015
H2NO+ 0.152E-016
H2OCN+ 0.684E-015
H2PO+ 0.333E-022
H3+ 0.153E-006
H3C3O+ 0.140E-013
H3C5N+ 0.121E-020
H3C7N+ 0.781E-017
H3C9N+ 0.262E-020
H3CO+ 0.193E-016
H3CS+ 0.970E-015
H3O+ 0.803E-010
H3S+ 0.110E-017
H3S2+ 0.919E-020
H3SIO+ 0.228E-030
H5C2O2+ 0.369E-033
HC2O+ 0.411E-011
HC2S+ 0.453E-009
HC3NH+ 0.438E-015
HC3O+ 0.155E-015
HC3S+ 0.278E-012
HC4N+ 0.822E-017
HC4S+ 0.344E-015
HC5NH+ 0.526E-015
HCNH+ 0.698E-011
HCNOH+ 0.699E-022
HCO2+ 0.169E-018
HCOOH2+ 0.658E-022
HF+ 0.455E-016
HN2O+ 0.122E-021
HNCOH+ 0.137E-014
HNS+ 0.162E-017
HOCN+ 0.147E-015
HOCS+ 0.412E-019
HPN+ 0.205E-017
HSO+ 0.126E-016
HSO2+ 0.350E-025
HSIO2+ 0.211E-018
HSIS+ 0.114E-016
HEH+ 0.826E-010
N2H+ 0.143E-011
NCCNCH3+ 0.474E-018
NCCNH+ 0.175E-011
NH2CNH+ 0.500E-028
NH4+ 0.587E-015
O2H+ 0.174E-019
OCN+ 0.307E-015
PC2H2+ 0.531E-019
PC2H3+ 0.626E-027
PC2H4+ 0.509E-026
PC3H+ 0.546E-021
PC4H+ 0.498E-021
PCH2+ 0.749E-014
PCH3+ 0.673E-025
PCH4+ 0.468E-024
PH3+ 0.102E-018
PNH2+ 0.232E-020
PNH3+ 0.169E-026
SIC2H3+ 0.108E-013
SIC3H2+ 0.125E-012
SIC4H+ 0.181E-015
SICH4+ 0.525E-018
SIF+ 0.309E-011
SIH5+ 0.217E-026
SINCH+ 0.126E-016
SINH2+ 0.888E-015
SIOH+ 0.307E-011
