C- 0.635E-010
E 0.719E-001
C2- 0.315E-012
C3- 0.291E-010
C4- 0.245E-007
C5- 0.555E-005
C6- 0.154E-005
C7- 0.281E-005
C8- 0.263E-006
C10- 0.488E-008
C2H- 0.958E-015
C3H- 0.246E-012
C3N- 0.347E-009
C4H- 0.203E-009
C5H- 0.150E-006
C6H- 0.514E-005
C7H- 0.252E-006
C8H- 0.927E-008
C9- 0.249E-006
C9H- 0.769E-008
CH- 0.466E-018
O- 0.339E-010
OH- 0.735E-011
S- 0.248E-012
CN- 0.608E-009
H- 0.731E-011
C10H- 0.493E-010
C5N- 0.422E-007
O2- 0.854E-041
C 0.123E-001
C2 0.124E-004
CH2 0.208E-005
C2H2 0.719E-008
CH 0.126E-004
C2H 0.827E-006
CO2 0.945E-011
CO 0.894E-001
H2O 0.375E-008
H2CO 0.300E-010
N 0.203E-001
CN 0.467E-006
NH 0.606E-009
HCN 0.727E-009
O2 0.456E-010
O 0.474E-001
OH 0.187E-007
HCO 0.208E-008
C4 0.115E-006
C3 0.233E-006
C5 0.158E-004
C6 0.762E-006
C7 0.487E-006
C8 0.129E-006
C9 0.429E-007
C10 0.244E-008
C3H 0.909E-007
C4H 0.359E-008
C4N 0.894E-009
C5H 0.308E-006
C6H 0.670E-005
C7H 0.109E-006
C8H 0.116E-007
C9H 0.298E-008
C10H 0.623E-010
CS 0.346E-006
CH3 0.656E-008
CH3CN 0.169E-013
CH3OH 0.456E-019
OCS 0.102E-011
CH4 0.660E-010
H 0.112E+000
H2 0.169E+003
NH2 0.125E-009
NH3 0.579E-013
C10H2 0.723E-011
H2CCC 0.731E-010
HC3N 0.285E-011
HC4H 0.881E-011
C5H2 0.479E-007
HC5N 0.149E-008
C6H2 0.198E-006
C7H2 0.155E-007
C8H2 0.826E-009
C9H2 0.662E-009
HS 0.303E-008
C2N 0.916E-009
C3N 0.230E-007
C5N 0.453E-007
C7N 0.160E-007
HC7N 0.147E-010
C9N 0.630E-009
HC9N 0.483E-012
NO 0.230E-009
NS 0.189E-010
NO2 0.240E-013
SO2 0.728E-018
C2O 0.411E-010
SO 0.297E-011
HNC 0.870E-009
C2H4 0.352E-012
C2H5 0.171E-014
C2H5OH 0.308E-027
C2S 0.182E-006
C3O 0.539E-013
C3S 0.705E-008
C4H3 0.180E-010
C4S 0.414E-010
C6H6 0.348E-008
CCP 0.295E-013
CCL 0.376E-012
CH2CCH2 0.412E-011
CH2CCH 0.242E-009
CH2CN 0.394E-012
CH2CO 0.909E-011
CH3CCH 0.500E-010
CH3CHCH2 0.216E-011
CH3CHO 0.493E-018
CH3COCH3 0.119E-027
CH3OCH3 0.242E-028
CP 0.190E-011
CLO 0.513E-034
FE 0.000E+000
H2S 0.109E-011
H2SIO 0.189E-023
HCOOCH3 0.404E-032
HCP 0.141E-011
HPO 0.179E-017
MG 0.000E+000
NCCN 0.176E-007
NA 0.000E+000
P 0.228E-008
PH 0.200E-010
PO 0.241E-012
SI 0.529E-005
SIC2 0.310E-007
SIC2H 0.360E-011
SIC3 0.109E-009
SIC 0.982E-007
SICH2 0.325E-014
SICH3 0.179E-013
SIH2 0.532E-017
SIH3 0.253E-021
SIN 0.918E-010
SIS 0.336E-015
S 0.145E-004
N2 0.114E-003
C2H3 0.483E-009
CH3CH3 0.223E-012
PN 0.264E-009
CL 0.545E-004
C3H2 0.899E-009
C4P 0.445E-019
CH3C4H 0.151E-010
CH3C6H 0.187E-008
H2CS 0.681E-013
H2S2 0.315E-018
HC2P 0.300E-017
HCSI 0.386E-007
HCL 0.681E-007
HNSI 0.389E-013
HS2 0.202E-014
N2O 0.829E-018
PH2 0.101E-016
S2 0.559E-014
SIC2H2 0.204E-011
SIC3H 0.197E-010
SIC4 0.917E-008
SIH4 0.129E-025
SIH 0.294E-009
SINC 0.292E-015
SIO 0.198E-009
F 0.288E-005
HE 0.288E+002
HCNO 0.268E-015
HNCO 0.458E-013
HONC 0.355E-021
HNO 0.684E-009
HCOOH 0.497E-018
C11 0.118E-012
C2H5CN 0.105E-021
C3P 0.342E-016
CH2CHCCH 0.359E-010
CH2CHCHCH2 0.693E-018
CH2CHCN 0.131E-016
CH2NH 0.572E-019
CH2PH 0.112E-022
CH3C3N 0.284E-013
CH3C5N 0.144E-015
CH3C7N 0.147E-017
CNO 0.592E-022
H2CN 0.147E-010
H2O2 0.282E-035
HCS 0.233E-008
HF 0.748E-009
HNC3 0.557E-015
HOCN 0.460E-013
NH2CN 0.448E-020
O2H 0.122E-019
OCN 0.447E-009
SIO2 0.195E-010
HCO+ 0.724E-009
H+ 0.171E-005
HOC+ 0.100E-009
C+ 0.641E-001
C10H+ 0.576E-012
C2H4+ 0.257E-010
C2H5+ 0.345E-016
C2H5OH+ 0.314E-029
C2O+ 0.122E-012
C2S+ 0.816E-010
C3O+ 0.161E-016
C3S+ 0.224E-010
C4H3+ 0.446E-014
C4S+ 0.529E-012
C6H6+ 0.385E-006
CCP+ 0.795E-015
CCL+ 0.230E-009
CH2+ 0.679E-007
C3H4+ 0.139E-012
CH2CCH+ 0.277E-010
CH2CN+ 0.725E-014
CH2CO+ 0.765E-013
C3H6+ 0.455E-015
CH3CHO+ 0.114E-020
CH3COCH3+ 0.132E-029
CH3OCH3+ 0.328E-030
CH+ 0.465E-007
CP+ 0.658E-015
CLO+ 0.230E-036
FE+ 0.000E+000
H2CO+ 0.257E-011
H2S+ 0.118E-009
H2SIO+ 0.284E-022
C4H2+ 0.640E-011
COOCH4+ 0.361E-034
HCP+ 0.682E-015
HPO+ 0.273E-015
MG+ 0.000E+000
C2N+ 0.136E-010
CNC+ 0.233E-010
NH3+ 0.482E-011
NO+ 0.118E-011
NS+ 0.185E-012
NA+ 0.000E+000
OCS+ 0.967E-014
P+ 0.423E-005
PH+ 0.634E-013
PO+ 0.440E-014
SO+ 0.231E-011
SI+ 0.503E-002
SIC2+ 0.645E-010
SIC2H+ 0.271E-009
SIC3+ 0.219E-010
SIC+ 0.541E-009
SICH2+ 0.117E-008
SICH3+ 0.192E-016
SIH2+ 0.252E-010
SIH3+ 0.183E-018
SIN+ 0.623E-012
SIS+ 0.865E-014
C2+ 0.240E-007
S+ 0.279E-002
CN+ 0.128E-011
CO+ 0.261E-010
N2+ 0.172E-012
O2+ 0.693E-013
C2H+ 0.163E-007
C2H2+ 0.540E-007
C2H3+ 0.166E-007
C5H2+ 0.243E-013
C6H2+ 0.149E-009
C7H2+ 0.116E-010
C3H3+ 0.745E-011
CO2+ 0.408E-020
HC3N+ 0.729E-014
HCN+ 0.283E-011
C2N2+ 0.825E-012
C3+ 0.688E-009
C5+ 0.492E-010
CH3CH3+ 0.749E-015
PN+ 0.349E-016
H2O+ 0.608E-010
NH2+ 0.661E-011
O+ 0.590E-011
OH+ 0.513E-010
CH3+ 0.204E-006
CH4+ 0.935E-014
CH3OH+ 0.289E-022
N+ 0.357E-010
SO2+ 0.202E-024
CS+ 0.844E-009
CL+ 0.469E-006
C10+ 0.242E-010
C10H2+ 0.199E-013
C3H2+ 0.696E-011
C3H+ 0.450E-009
C4+ 0.155E-009
C4H+ 0.913E-010
C4P+ 0.357E-026
C5H+ 0.349E-010
C6+ 0.485E-008
C6H+ 0.204E-009
C7+ 0.119E-008
C7H+ 0.385E-009
C8+ 0.443E-009
C8H2+ 0.969E-011
C8H+ 0.138E-010
C9+ 0.726E-010
C9H2+ 0.496E-012
C9H+ 0.479E-011
CH3C4H+ 0.325E-016
C7H4+ 0.306E-016
CH3CN+ 0.101E-014
H2CS+ 0.154E-014
H2S2+ 0.266E-022
HC2P+ 0.650E-015
HC5N+ 0.124E-014
HC7N+ 0.965E-011
HC9N+ 0.380E-012
HCSI+ 0.467E-009
HCL+ 0.857E-010
HNSI+ 0.222E-015
HS2+ 0.270E-016
HS+ 0.391E-012
N2O+ 0.189E-010
NH+ 0.325E-011
PH2+ 0.437E-012
S2+ 0.208E-015
SIC2H2+ 0.113E-012
SIC3H+ 0.240E-012
SIC4+ 0.959E-012
SIH4+ 0.307E-030
SIH+ 0.275E-012
SINC+ 0.422E-012
SIO+ 0.242E-011
H2+ 0.565E-008
F+ 0.117E-015
HE+ 0.848E-006
C3N+ 0.933E-014
HCNO+ 0.939E-023
HNCO+ 0.127E-015
HONC+ 0.286E-028
HNO+ 0.266E-014
HCOOH+ 0.215E-020
NO2+ 0.424E-016
CH2CHCNH+ 0.240E-019
HCS+ 0.285E-009
C10H3+ 0.175E-018
C11+ 0.794E-012
C2H5CNH+ 0.171E-023
C2H5OH2+ 0.116E-027
C2H7+ 0.354E-024
C2NH+ 0.382E-011
C3H2O+ 0.555E-014
C3H5+ 0.787E-011
C3H7+ 0.448E-012
C4H4+ 0.888E-019
C4H5+ 0.615E-017
C4H7+ 0.437E-023
C4N+ 0.113E-013
C5H3+ 0.503E-012
C5H5+ 0.107E-016
C5N+ 0.450E-015
C6H3+ 0.808E-014
C6H4+ 0.115E-020
C6H5+ 0.114E-010
C6H7+ 0.573E-012
C7H3+ 0.336E-012
C7H5+ 0.571E-012
C7N+ 0.102E-010
C8H3+ 0.723E-015
C8H4+ 0.107E-016
C8H5+ 0.114E-028
C9H3+ 0.384E-016
C9H4+ 0.215E-017
C9H5+ 0.130E-026
C9N+ 0.401E-012
CF+ 0.535E-010
CH2CHCN+ 0.792E-016
CH2NH2+ 0.214E-029
CH3C3N+ 0.292E-017
CH3C3NH+ 0.254E-017
CH3C5NH+ 0.178E-017
CH3C7NH+ 0.175E-019
CH3CHOH+ 0.540E-022
CH3CNH+ 0.415E-015
CH3CO+ 0.267E-012
CH3COCH4+ 0.105E-027
CH3CS+ 0.885E-017
CH3OCH4+ 0.136E-029
CH3OH2+ 0.750E-020
CH4N+ 0.108E-017
CH5+ 0.150E-010
H2C4N+ 0.396E-017
H2C7N+ 0.306E-013
H2C9N+ 0.120E-014
H2CCL+ 0.408E-015
H2CNO+ 0.127E-019
H2CL+ 0.651E-011
H2F+ 0.705E-016
H2NC+ 0.693E-011
H2NCO+ 0.538E-015
H2NO+ 0.886E-017
H2OCN+ 0.539E-015
H2PO+ 0.272E-022
H3+ 0.139E-006
H3C3O+ 0.793E-014
H3C5N+ 0.648E-021
H3C7N+ 0.443E-017
H3C9N+ 0.108E-020
H3CO+ 0.160E-016
H3CS+ 0.578E-015
H3O+ 0.744E-010
H3S+ 0.718E-018
H3S2+ 0.600E-020
H3SIO+ 0.137E-030
H5C2O2+ 0.220E-033
HC2O+ 0.277E-011
HC2S+ 0.229E-009
HC3NH+ 0.213E-015
HC3O+ 0.100E-015
HC3S+ 0.127E-012
HC4N+ 0.536E-017
HC4S+ 0.197E-015
HC5NH+ 0.352E-015
HCNH+ 0.552E-011
HCNOH+ 0.523E-022
HCO2+ 0.129E-018
HCOOH2+ 0.526E-022
HF+ 0.289E-016
HN2O+ 0.105E-021
HNCOH+ 0.108E-014
HNS+ 0.104E-017
HOCN+ 0.127E-015
HOCS+ 0.252E-019
HPN+ 0.172E-017
HSO+ 0.938E-017
HSO2+ 0.262E-025
HSIO2+ 0.902E-019
HSIS+ 0.664E-017
HEH+ 0.825E-010
N2H+ 0.890E-012
NCCNCH3+ 0.237E-018
NCCNH+ 0.104E-011
NH2CNH+ 0.157E-028
NH4+ 0.445E-015
O2H+ 0.149E-019
OCN+ 0.274E-015
PC2H2+ 0.261E-019
PC2H3+ 0.278E-027
PC2H4+ 0.237E-026
PC3H+ 0.255E-021
PC4H+ 0.289E-021
PCH2+ 0.193E-014
PCH3+ 0.362E-025
PCH4+ 0.264E-024
PH3+ 0.771E-019
PNH2+ 0.152E-020
PNH3+ 0.105E-026
SIC2H3+ 0.482E-014
SIC3H2+ 0.569E-013
SIC4H+ 0.122E-015
SICH4+ 0.312E-018
SIF+ 0.155E-011
SIH5+ 0.144E-026
SINCH+ 0.811E-017
SINH2+ 0.628E-015
SIOH+ 0.238E-011
