C- 0.563E-010
E 0.690E-001
C2- 0.225E-012
C3- 0.247E-010
C4- 0.203E-007
C5- 0.473E-005
C6- 0.106E-005
C7- 0.182E-005
C8- 0.149E-006
C10- 0.246E-008
C2H- 0.677E-015
C3H- 0.199E-012
C3N- 0.227E-009
C4H- 0.160E-009
C5H- 0.115E-006
C6H- 0.411E-005
C7H- 0.156E-006
C8H- 0.466E-008
C9- 0.140E-006
C9H- 0.386E-008
CH- 0.336E-018
O- 0.366E-010
OH- 0.709E-011
S- 0.172E-012
CN- 0.439E-009
H- 0.619E-011
C10H- 0.222E-010
C5N- 0.305E-007
O2- 0.136E-040
C 0.111E-001
C2 0.855E-005
CH2 0.164E-005
C2H2 0.403E-008
CH 0.982E-005
C2H 0.542E-006
CO2 0.756E-011
CO 0.717E-001
H2O 0.351E-008
H2CO 0.215E-010
N 0.177E-001
CN 0.272E-006
NH 0.493E-009
HCN 0.496E-009
O2 0.420E-010
O 0.475E-001
OH 0.172E-007
HCO 0.158E-008
C4 0.915E-007
C3 0.182E-006
C5 0.135E-004
C6 0.522E-006
C7 0.313E-006
C8 0.722E-007
C9 0.241E-007
C10 0.123E-008
C3H 0.696E-007
C4H 0.252E-008
C4N 0.638E-009
C5H 0.233E-006
C6H 0.532E-005
C7H 0.667E-007
C8H 0.580E-008
C9H 0.148E-008
C10H 0.278E-010
CS 0.149E-006
CH3 0.489E-008
CH3CN 0.903E-014
CH3OH 0.336E-019
OCS 0.537E-012
CH4 0.447E-010
H 0.980E-001
H2 0.147E+003
NH2 0.982E-010
NH3 0.406E-013
C10H2 0.277E-011
H2CCC 0.380E-010
HC3N 0.160E-011
HC4H 0.556E-011
C5H2 0.327E-007
HC5N 0.942E-009
C6H2 0.138E-006
C7H2 0.829E-008
C8H2 0.361E-009
C9H2 0.290E-009
HS 0.230E-008
C2N 0.508E-009
C3N 0.143E-007
C5N 0.329E-007
C7N 0.894E-008
HC7N 0.786E-011
C9N 0.306E-009
HC9N 0.213E-012
NO 0.142E-009
NS 0.120E-010
NO2 0.140E-013
SO2 0.568E-018
C2O 0.278E-010
SO 0.202E-011
HNC 0.599E-009
C2H4 0.205E-012
C2H5 0.110E-014
C2H5OH 0.195E-027
C2S 0.882E-007
C3O 0.327E-013
C3S 0.314E-008
C4H3 0.104E-010
C4S 0.183E-010
C6H6 0.212E-008
CCP 0.144E-013
CCL 0.186E-012
CH2CCH2 0.244E-011
CH2CCH 0.123E-009
CH2CN 0.208E-012
CH2CO 0.610E-011
CH3CCH 0.254E-010
CH3CHCH2 0.120E-011
CH3CHO 0.358E-018
CH3COCH3 0.820E-028
CH3OCH3 0.150E-028
CP 0.472E-012
CLO 0.226E-034
FE 0.000E+000
H2S 0.816E-012
H2SIO 0.699E-024
HCOOCH3 0.230E-032
HCP 0.331E-012
HPO 0.726E-018
MG 0.000E+000
NCCN 0.100E-007
NA 0.000E+000
P 0.191E-008
PH 0.157E-010
PO 0.187E-012
SI 0.378E-005
SIC2 0.133E-007
SIC2H 0.184E-011
SIC3 0.604E-010
SIC 0.650E-007
SICH2 0.158E-014
SICH3 0.773E-014
SIH2 0.358E-017
SIH3 0.931E-022
SIN 0.518E-010
SIS 0.175E-015
S 0.103E-004
N2 0.680E-004
C2H3 0.296E-009
CH3CH3 0.125E-012
PN 0.227E-009
CL 0.474E-004
C3H2 0.459E-009
C4P 0.115E-019
CH3C4H 0.714E-011
CH3C6H 0.126E-008
H2CS 0.361E-013
H2S2 0.188E-018
HC2P 0.650E-018
HCSI 0.247E-007
HCL 0.559E-007
HNSI 0.247E-013
HS2 0.808E-015
N2O 0.468E-018
PH2 0.662E-017
S2 0.294E-014
SIC2H2 0.716E-012
SIC3H 0.717E-011
SIC4 0.632E-008
SIH4 0.790E-026
SIH 0.221E-009
SINC 0.177E-015
SIO 0.132E-009
F 0.251E-005
HE 0.251E+002
HCNO 0.195E-015
HNCO 0.339E-013
HONC 0.197E-021
HNO 0.399E-009
HCOOH 0.955E-019
C11 0.468E-013
C2H5CN 0.460E-022
C3P 0.934E-017
CH2CHCCH 0.217E-010
CH2CHCHCH2 0.341E-018
CH2CHCN 0.527E-017
CH2NH 0.309E-019
CH2PH 0.589E-023
CH3C3N 0.798E-014
CH3C5N 0.783E-016
CH3C7N 0.677E-018
CNO 0.489E-022
H2CN 0.823E-011
H2O2 0.389E-036
HCS 0.122E-008
HF 0.391E-009
HNC3 0.266E-015
HOCN 0.341E-013
NH2CN 0.177E-020
O2H 0.250E-020
OCN 0.247E-009
SIO2 0.825E-011
HCO+ 0.551E-009
H+ 0.163E-005
HOC+ 0.821E-010
C+ 0.616E-001
C10H+ 0.263E-012
C2H4+ 0.162E-010
C2H5+ 0.193E-016
C2H5OH+ 0.207E-029
C2O+ 0.824E-013
C2S+ 0.441E-010
C3O+ 0.106E-016
C3S+ 0.129E-010
C4H3+ 0.244E-014
C4S+ 0.325E-012
C6H6+ 0.329E-006
CCP+ 0.195E-015
CCL+ 0.189E-009
CH2+ 0.614E-007
C3H4+ 0.731E-013
CH2CCH+ 0.149E-010
CH2CN+ 0.365E-014
CH2CO+ 0.522E-013
C3H6+ 0.248E-015
CH3CHO+ 0.845E-021
CH3COCH3+ 0.933E-030
CH3OCH3+ 0.206E-030
CH+ 0.412E-007
CP+ 0.182E-015
CLO+ 0.101E-036
FE+ 0.000E+000
H2CO+ 0.211E-011
H2S+ 0.922E-010
H2SIO+ 0.202E-022
C4H2+ 0.409E-011
COOCH4+ 0.206E-034
HCP+ 0.179E-015
HPO+ 0.232E-015
MG+ 0.000E+000
C2N+ 0.880E-011
CNC+ 0.135E-010
NH3+ 0.388E-011
NO+ 0.755E-012
NS+ 0.129E-012
NA+ 0.000E+000
OCS+ 0.525E-014
P+ 0.369E-005
PH+ 0.491E-013
PO+ 0.360E-014
SO+ 0.192E-011
SI+ 0.438E-002
SIC2+ 0.361E-010
SIC2H+ 0.135E-009
SIC3+ 0.151E-010
SIC+ 0.414E-009
SICH2+ 0.784E-009
SICH3+ 0.821E-017
SIH2+ 0.196E-010
SIH3+ 0.126E-018
SIN+ 0.389E-012
SIS+ 0.578E-014
C2+ 0.188E-007
S+ 0.244E-002
CN+ 0.113E-011
CO+ 0.247E-010
N2+ 0.120E-012
O2+ 0.690E-013
C2H+ 0.122E-007
C2H2+ 0.362E-007
C2H3+ 0.110E-007
C5H2+ 0.159E-013
C6H2+ 0.107E-009
C7H2+ 0.641E-011
C3H3+ 0.395E-011
CO2+ 0.370E-020
HC3N+ 0.379E-014
HCN+ 0.247E-011
C2N2+ 0.522E-012
C3+ 0.437E-009
C5+ 0.410E-010
CH3CH3+ 0.435E-015
PN+ 0.298E-016
H2O+ 0.604E-010
NH2+ 0.597E-011
O+ 0.670E-011
OH+ 0.540E-010
CH3+ 0.165E-006
CH4+ 0.660E-014
CH3OH+ 0.217E-022
N+ 0.370E-010
SO2+ 0.158E-024
CS+ 0.598E-009
CL+ 0.461E-006
C10+ 0.127E-010
C10H2+ 0.785E-014
C3H2+ 0.385E-011
C3H+ 0.257E-009
C4+ 0.122E-009
C4H+ 0.663E-010
C4P+ 0.913E-027
C5H+ 0.251E-010
C6+ 0.397E-008
C6H+ 0.149E-009
C7+ 0.899E-009
C7H+ 0.261E-009
C8+ 0.272E-009
C8H2+ 0.484E-011
C8H+ 0.763E-011
C9+ 0.406E-010
C9H2+ 0.224E-012
C9H+ 0.239E-011
CH3C4H+ 0.225E-016
C7H4+ 0.189E-016
CH3CN+ 0.610E-015
H2CS+ 0.102E-014
H2S2+ 0.996E-023
HC2P+ 0.325E-015
HC5N+ 0.881E-015
HC7N+ 0.544E-011
HC9N+ 0.186E-012
HCSI+ 0.350E-009
HCL+ 0.697E-010
HNSI+ 0.168E-015
HS2+ 0.183E-016
HS+ 0.270E-012
N2O+ 0.164E-010
NH+ 0.314E-011
PH2+ 0.354E-012
S2+ 0.125E-015
SIC2H2+ 0.630E-013
SIC3H+ 0.110E-012
SIC4+ 0.579E-012
SIH4+ 0.112E-030
SIH+ 0.206E-012
SINC+ 0.238E-012
SIO+ 0.207E-011
H2+ 0.564E-008
F+ 0.729E-016
HE+ 0.868E-006
C3N+ 0.546E-014
HCNO+ 0.807E-023
HNCO+ 0.109E-015
HONC+ 0.187E-028
HNO+ 0.238E-014
HCOOH+ 0.423E-021
NO2+ 0.262E-016
CH2CHCNH+ 0.982E-020
HCS+ 0.180E-009
C10H3+ 0.531E-019
C11+ 0.385E-012
C2H5CNH+ 0.764E-024
C2H5OH2+ 0.672E-028
C2H7+ 0.157E-024
C2NH+ 0.229E-011
C3H2O+ 0.327E-014
C3H5+ 0.407E-011
C3H7+ 0.223E-012
C4H4+ 0.470E-019
C4H5+ 0.263E-017
C4H7+ 0.166E-023
C4N+ 0.638E-014
C5H3+ 0.301E-012
C5H5+ 0.685E-017
C5N+ 0.318E-015
C6H3+ 0.392E-014
C6H4+ 0.415E-021
C6H5+ 0.884E-011
C6H7+ 0.396E-012
C7H3+ 0.224E-012
C7H5+ 0.345E-012
C7N+ 0.638E-011
C8H3+ 0.386E-015
C8H4+ 0.518E-017
C8H5+ 0.441E-029
C9H3+ 0.157E-016
C9H4+ 0.799E-018
C9H5+ 0.549E-027
C9N+ 0.218E-012
CF+ 0.277E-010
CH2CHCN+ 0.367E-016
CH2NH2+ 0.931E-030
CH3C3N+ 0.170E-017
CH3C3NH+ 0.133E-017
CH3C5NH+ 0.981E-018
CH3C7NH+ 0.818E-020
CH3CHOH+ 0.288E-022
CH3CNH+ 0.223E-015
CH3CO+ 0.185E-012
CH3COCH4+ 0.665E-028
CH3CS+ 0.451E-017
CH3OCH4+ 0.856E-030
CH3OH2+ 0.578E-020
CH4N+ 0.714E-018
CH5+ 0.114E-010
H2C4N+ 0.238E-017
H2C7N+ 0.155E-013
H2C9N+ 0.529E-015
H2CCL+ 0.287E-015
H2CNO+ 0.330E-020
H2CL+ 0.210E-011
H2F+ 0.371E-016
H2NC+ 0.501E-011
H2NCO+ 0.411E-015
H2NO+ 0.482E-017
H2OCN+ 0.411E-015
H2PO+ 0.214E-022
H3+ 0.124E-006
H3C3O+ 0.472E-014
H3C5N+ 0.344E-021
H3C7N+ 0.241E-017
H3C9N+ 0.435E-021
H3CO+ 0.127E-016
H3CS+ 0.350E-015
H3O+ 0.660E-010
H3S+ 0.449E-018
H3S2+ 0.376E-020
H3SIO+ 0.810E-031
H5C2O2+ 0.126E-033
HC2O+ 0.190E-011
HC2S+ 0.110E-009
HC3NH+ 0.102E-015
HC3O+ 0.636E-016
HC3S+ 0.588E-013
HC4N+ 0.333E-017
HC4S+ 0.111E-015
HC5NH+ 0.221E-015
HCNH+ 0.427E-011
HCNOH+ 0.390E-022
HCO2+ 0.937E-019
HCOOH2+ 0.397E-022
HF+ 0.178E-016
HN2O+ 0.880E-022
HNCOH+ 0.822E-015
HNS+ 0.660E-018
HOCN+ 0.109E-015
HOCS+ 0.141E-019
HPN+ 0.137E-017
HSO+ 0.676E-017
HSO2+ 0.185E-025
HSIO2+ 0.350E-019
HSIS+ 0.374E-017
HEH+ 0.822E-010
N2H+ 0.526E-012
NCCNCH3+ 0.112E-018
NCCNH+ 0.585E-012
NH2CNH+ 0.568E-029
NH4+ 0.322E-015
O2H+ 0.129E-019
OCN+ 0.240E-015
PC2H2+ 0.137E-019
PC2H3+ 0.130E-027
PC2H4+ 0.116E-026
PC3H+ 0.121E-021
PC4H+ 0.159E-021
PCH2+ 0.458E-015
PCH3+ 0.195E-025
PCH4+ 0.148E-024
PH3+ 0.560E-019
PNH2+ 0.966E-021
PNH3+ 0.616E-027
SIC2H3+ 0.220E-014
SIC3H2+ 0.263E-013
SIC4H+ 0.776E-016
SICH4+ 0.178E-018
SIF+ 0.734E-012
SIH5+ 0.904E-027
SINCH+ 0.519E-017
SINH2+ 0.424E-015
SIOH+ 0.183E-011
