C- 0.479E-010
E 0.655E-001
C2- 0.164E-012
C3- 0.204E-010
C4- 0.164E-007
C5- 0.393E-005
C6- 0.712E-006
C7- 0.114E-005
C8- 0.812E-007
C10- 0.121E-008
C2H- 0.484E-015
C3H- 0.155E-012
C3N- 0.146E-009
C4H- 0.122E-009
C5H- 0.856E-007
C6H- 0.323E-005
C7H- 0.949E-007
C8H- 0.229E-008
C9- 0.763E-007
C9H- 0.186E-008
CH- 0.243E-018
O- 0.387E-010
OH- 0.668E-011
S- 0.120E-012
CN- 0.312E-009
H- 0.522E-011
C10H- 0.963E-011
C5N- 0.216E-007
O2- 0.571E-041
C 0.976E-002
C2 0.616E-005
CH2 0.130E-005
C2H2 0.247E-008
CH 0.781E-005
C2H 0.369E-006
CO2 0.612E-011
CO 0.566E-001
H2O 0.327E-008
H2CO 0.157E-010
N 0.155E-001
CN 0.168E-006
NH 0.404E-009
HCN 0.342E-009
O2 0.388E-010
O 0.472E-001
OH 0.158E-007
HCO 0.126E-008
C4 0.724E-007
C3 0.142E-006
C5 0.113E-004
C6 0.354E-006
C7 0.199E-006
C8 0.398E-007
C9 0.132E-007
C10 0.609E-009
C3H 0.528E-007
C4H 0.177E-008
C4N 0.451E-009
C5H 0.175E-006
C6H 0.422E-005
C7H 0.410E-007
C8H 0.286E-008
C9H 0.719E-009
C10H 0.121E-010
CS 0.648E-007
CH3 0.372E-008
CH3CN 0.504E-014
CH3OH 0.251E-019
OCS 0.274E-012
CH4 0.313E-010
H 0.855E-001
H2 0.128E+003
NH2 0.776E-010
NH3 0.288E-013
C10H2 0.104E-011
H2CCC 0.207E-010
HC3N 0.902E-012
HC4H 0.350E-011
C5H2 0.219E-007
HC5N 0.588E-009
C6H2 0.951E-007
C7H2 0.441E-008
C8H2 0.155E-009
C9H2 0.122E-009
HS 0.175E-008
C2N 0.292E-009
C3N 0.888E-008
C5N 0.238E-007
C7N 0.486E-008
HC7N 0.416E-011
C9N 0.144E-009
HC9N 0.901E-013
NO 0.878E-010
NS 0.781E-011
NO2 0.799E-014
SO2 0.459E-018
C2O 0.194E-010
SO 0.154E-011
HNC 0.416E-009
C2H4 0.107E-012
C2H5 0.567E-015
C2H5OH 0.101E-027
C2S 0.415E-007
C3O 0.183E-013
C3S 0.135E-008
C4H3 0.605E-011
C4S 0.784E-011
C6H6 0.129E-008
CCP 0.747E-014
CCL 0.996E-013
CH2CCH2 0.145E-011
CH2CCH 0.656E-010
CH2CN 0.115E-012
CH2CO 0.409E-011
CH3CCH 0.137E-010
CH3CHCH2 0.630E-012
CH3CHO 0.184E-018
CH3COCH3 0.353E-028
CH3OCH3 0.948E-029
CP 0.119E-012
CLO 0.960E-035
FE 0.000E+000
H2S 0.618E-012
H2SIO 0.249E-024
HCOOCH3 0.134E-032
HCP 0.716E-013
HPO 0.296E-018
MG 0.000E+000
NCCN 0.562E-008
NA 0.000E+000
P 0.161E-008
PH 0.124E-010
PO 0.148E-012
SI 0.274E-005
SIC2 0.637E-008
SIC2H 0.995E-012
SIC3 0.356E-010
SIC 0.442E-007
SICH2 0.789E-015
SICH3 0.326E-014
SIH2 0.243E-017
SIH3 0.330E-022
SIN 0.304E-010
SIS 0.968E-016
S 0.738E-005
N2 0.394E-004
C2H3 0.188E-009
CH3CH3 0.654E-013
PN 0.196E-009
CL 0.413E-004
C3H2 0.245E-009
C4P 0.388E-020
CH3C4H 0.332E-011
CH3C6H 0.835E-009
H2CS 0.201E-013
H2S2 0.114E-018
HC2P 0.133E-018
HCSI 0.162E-007
HCL 0.479E-007
HNSI 0.161E-013
HS2 0.307E-015
N2O 0.285E-018
PH2 0.446E-017
S2 0.164E-014
SIC2H2 0.259E-012
SIC3H 0.269E-011
SIC4 0.429E-008
SIH4 0.492E-026
SIH 0.167E-009
SINC 0.110E-015
SIO 0.913E-010
F 0.218E-005
HE 0.218E+002
HCNO 0.145E-015
HNCO 0.250E-013
HONC 0.124E-021
HNO 0.227E-009
HCOOH 0.179E-019
C11 0.183E-013
C2H5CN 0.212E-022
C3P 0.236E-017
CH2CHCCH 0.130E-010
CH2CHCHCH2 0.142E-018
CH2CHCN 0.221E-017
CH2NH 0.171E-019
CH2PH 0.324E-023
CH3C3N 0.223E-014
CH3C5N 0.423E-016
CH3C7N 0.309E-018
CNO 0.391E-022
H2CN 0.494E-011
H2O2 0.472E-037
HCS 0.621E-009
HF 0.207E-009
HNC3 0.134E-015
HOCN 0.251E-013
NH2CN 0.770E-021
O2H 0.606E-021
OCN 0.137E-009
SIO2 0.334E-011
HCO+ 0.427E-009
H+ 0.155E-005
HOC+ 0.679E-010
C+ 0.594E-001
C10H+ 0.119E-012
C2H4+ 0.109E-010
C2H5+ 0.100E-016
C2H5OH+ 0.110E-029
C2O+ 0.585E-013
C2S+ 0.236E-010
C3O+ 0.640E-017
C3S+ 0.777E-011
C4H3+ 0.138E-014
C4S+ 0.204E-012
C6H6+ 0.282E-006
CCP+ 0.489E-016
CCL+ 0.165E-009
CH2+ 0.561E-007
C3H4+ 0.408E-013
CH2CCH+ 0.850E-011
CH2CN+ 0.198E-014
CH2CO+ 0.360E-013
C3H6+ 0.129E-015
CH3CHO+ 0.443E-021
CH3COCH3+ 0.407E-030
CH3OCH3+ 0.134E-030
CH+ 0.370E-007
CP+ 0.523E-016
CLO+ 0.438E-037
FE+ 0.000E+000
H2CO+ 0.177E-011
H2S+ 0.730E-010
H2SIO+ 0.148E-022
C4H2+ 0.268E-011
COOCH4+ 0.122E-034
HCP+ 0.478E-016
HPO+ 0.198E-015
MG+ 0.000E+000
C2N+ 0.586E-011
CNC+ 0.795E-011
NH3+ 0.320E-011
NO+ 0.489E-012
NS+ 0.917E-013
NA+ 0.000E+000
OCS+ 0.283E-014
P+ 0.321E-005
PH+ 0.387E-013
PO+ 0.300E-014
SO+ 0.162E-011
SI+ 0.381E-002
SIC2+ 0.222E-010
SIC2H+ 0.749E-010
SIC3+ 0.105E-010
SIC+ 0.324E-009
SICH2+ 0.541E-009
SICH3+ 0.348E-017
SIH2+ 0.154E-010
SIH3+ 0.901E-019
SIN+ 0.256E-012
SIS+ 0.393E-014
C2+ 0.153E-007
S+ 0.212E-002
CN+ 0.100E-011
CO+ 0.235E-010
N2+ 0.812E-013
O2+ 0.696E-013
C2H+ 0.955E-008
C2H2+ 0.256E-007
C2H3+ 0.675E-008
C5H2+ 0.106E-013
C6H2+ 0.767E-010
C7H2+ 0.356E-011
C3H3+ 0.224E-011
CO2+ 0.340E-020
HC3N+ 0.211E-014
HCN+ 0.218E-011
C2N2+ 0.325E-012
C3+ 0.292E-009
C5+ 0.342E-010
CH3CH3+ 0.235E-015
PN+ 0.258E-016
H2O+ 0.602E-010
NH2+ 0.546E-011
O+ 0.757E-011
OH+ 0.568E-010
CH3+ 0.136E-006
CH4+ 0.484E-014
CH3OH+ 0.167E-022
N+ 0.389E-010
SO2+ 0.130E-024
CS+ 0.441E-009
CL+ 0.404E-006
C10+ 0.667E-011
C10H2+ 0.308E-014
C3H2+ 0.217E-011
C3H+ 0.156E-009
C4+ 0.973E-010
C4H+ 0.487E-010
C4P+ 0.309E-027
C5H+ 0.184E-010
C6+ 0.328E-008
C6H+ 0.110E-009
C7+ 0.685E-009
C7H+ 0.180E-009
C8+ 0.168E-009
C8H2+ 0.245E-011
C8H+ 0.421E-011
C9+ 0.226E-010
C9H2+ 0.983E-013
C9H+ 0.119E-011
CH3C4H+ 0.160E-016
C7H4+ 0.118E-016
CH3CN+ 0.393E-015
H2CS+ 0.697E-015
H2S2+ 0.362E-023
HC2P+ 0.180E-015
HC5N+ 0.630E-015
HC7N+ 0.301E-011
HC9N+ 0.893E-013
HCSI+ 0.268E-009
HCL+ 0.632E-010
HNSI+ 0.128E-015
HS2+ 0.127E-016
HS+ 0.194E-012
N2O+ 0.143E-010
NH+ 0.305E-011
PH2+ 0.289E-012
S2+ 0.788E-016
SIC2H2+ 0.367E-013
SIC3H+ 0.535E-013
SIC4+ 0.362E-012
SIH4+ 0.400E-031
SIH+ 0.157E-012
SINC+ 0.137E-012
SIO+ 0.179E-011
H2+ 0.564E-008
F+ 0.464E-016
HE+ 0.892E-006
C3N+ 0.338E-014
HCNO+ 0.711E-023
HNCO+ 0.928E-016
HONC+ 0.139E-028
HNO+ 0.216E-014
HCOOH+ 0.822E-022
NO2+ 0.159E-016
CH2CHCNH+ 0.442E-020
HCS+ 0.119E-009
C10H3+ 0.169E-019
C11+ 0.187E-012
C2H5CNH+ 0.367E-024
C2H5OH2+ 0.358E-028
C2H7+ 0.667E-025
C2NH+ 0.141E-011
C3H2O+ 0.202E-014
C3H5+ 0.227E-011
C3H7+ 0.121E-012
C4H4+ 0.255E-019
C4H5+ 0.122E-017
C4H7+ 0.549E-024
C4N+ 0.366E-014
C5H3+ 0.183E-012
C5H5+ 0.444E-017
C5N+ 0.228E-015
C6H3+ 0.192E-014
C6H4+ 0.168E-021
C6H5+ 0.691E-011
C6H7+ 0.279E-012
C7H3+ 0.150E-012
C7H5+ 0.211E-012
C7N+ 0.389E-011
C8H3+ 0.197E-015
C8H4+ 0.235E-017
C8H5+ 0.177E-029
C9H3+ 0.629E-017
C9H4+ 0.278E-018
C9H5+ 0.237E-027
C9N+ 0.115E-012
CF+ 0.148E-010
CH2CHCN+ 0.185E-016
CH2NH2+ 0.428E-030
CH3C3N+ 0.102E-017
CH3C3NH+ 0.721E-018
CH3C5NH+ 0.553E-018
CH3C7NH+ 0.391E-020
CH3CHOH+ 0.173E-022
CH3CNH+ 0.129E-015
CH3CO+ 0.130E-012
CH3COCH4+ 0.295E-028
CH3CS+ 0.213E-017
CH3OCH4+ 0.562E-030
CH3OH2+ 0.458E-020
CH4N+ 0.490E-018
CH5+ 0.901E-011
H2C4N+ 0.147E-017
H2C7N+ 0.778E-014
H2C9N+ 0.231E-015
H2CCL+ 0.217E-015
H2CNO+ 0.380E-020
H2CL+ 0.229E-011
H2F+ 0.202E-016
H2NC+ 0.373E-011
H2NCO+ 0.316E-015
H2NO+ 0.260E-017
H2OCN+ 0.316E-015
H2PO+ 0.171E-022
H3+ 0.112E-006
H3C3O+ 0.258E-014
H3C5N+ 0.194E-021
H3C7N+ 0.134E-017
H3C9N+ 0.185E-021
H3CO+ 0.105E-016
H3CS+ 0.221E-015
H3O+ 0.594E-010
H3S+ 0.297E-018
H3S2+ 0.243E-020
H3SIO+ 0.516E-031
H5C2O2+ 0.773E-034
HC2O+ 0.134E-011
HC2S+ 0.532E-010
HC3NH+ 0.522E-016
HC3O+ 0.404E-016
HC3S+ 0.289E-013
HC4N+ 0.212E-017
HC4S+ 0.630E-016
HC5NH+ 0.141E-015
HCNH+ 0.338E-011
HCNOH+ 0.303E-022
HCO2+ 0.701E-019
HCOOH2+ 0.307E-022
HF+ 0.111E-016
HN2O+ 0.746E-022
HNCOH+ 0.632E-015
HNS+ 0.436E-018
HOCN+ 0.928E-016
HOCS+ 0.901E-020
HPN+ 0.112E-017
HSO+ 0.503E-017
HSO2+ 0.137E-025
HSIO2+ 0.132E-019
HSIS+ 0.219E-017
HEH+ 0.820E-010
N2H+ 0.308E-012
NCCNCH3+ 0.534E-019
NCCNH+ 0.329E-012
NH2CNH+ 0.230E-029
NH4+ 0.241E-015
O2H+ 0.114E-019
OCN+ 0.209E-015
PC2H2+ 0.644E-020
PC2H3+ 0.553E-028
PC2H4+ 0.511E-027
PC3H+ 0.596E-022
PC4H+ 0.909E-022
PCH2+ 0.114E-015
PCH3+ 0.111E-025
PCH4+ 0.876E-025
PH3+ 0.417E-019
PNH2+ 0.628E-021
PNH3+ 0.375E-027
SIC2H3+ 0.109E-014
SIC3H2+ 0.128E-013
SIC4H+ 0.498E-016
SICH4+ 0.107E-018
SIF+ 0.357E-012
SIH5+ 0.591E-027
SINCH+ 0.340E-017
SINH2+ 0.291E-015
SIOH+ 0.144E-011
