C- 0.422E-010
E 0.630E-001
C2- 0.123E-012
C3- 0.167E-010
C4- 0.133E-007
C5- 0.324E-005
C6- 0.469E-006
C7- 0.697E-006
C8- 0.428E-007
C10- 0.580E-009
C2H- 0.351E-015
C3H- 0.120E-012
C3N- 0.942E-010
C4H- 0.928E-010
C5H- 0.633E-007
C6H- 0.253E-005
C7H- 0.577E-007
C8H- 0.110E-008
C9- 0.397E-007
C9H- 0.853E-009
CH- 0.179E-018
O- 0.415E-010
OH- 0.636E-011
S- 0.851E-013
CN- 0.219E-009
H- 0.443E-011
C10H- 0.404E-011
C5N- 0.151E-007
O2- 0.469E-044
C 0.878E-002
C2 0.452E-005
CH2 0.103E-005
C2H2 0.144E-008
CH 0.623E-005
C2H 0.254E-006
CO2 0.489E-011
CO 0.432E-001
H2O 0.304E-008
H2CO 0.115E-010
N 0.135E-001
CN 0.106E-006
NH 0.332E-009
HCN 0.235E-009
O2 0.358E-010
O 0.472E-001
OH 0.144E-007
HCO 0.956E-009
C4 0.566E-007
C3 0.110E-006
C5 0.936E-005
C6 0.234E-006
C7 0.122E-006
C8 0.210E-007
C9 0.690E-008
C10 0.293E-009
C3H 0.395E-007
C4H 0.123E-008
C4N 0.313E-009
C5H 0.129E-006
C6H 0.330E-005
C7H 0.250E-007
C8H 0.137E-008
C9H 0.329E-009
C10H 0.510E-011
CS 0.291E-007
CH3 0.284E-008
CH3CN 0.276E-014
CH3OH 0.186E-019
OCS 0.134E-012
CH4 0.219E-010
H 0.746E-001
H2 0.112E+003
NH2 0.611E-010
NH3 0.202E-013
C10H2 0.377E-012
H2CCC 0.114E-010
HC3N 0.502E-012
HC4H 0.219E-011
C5H2 0.144E-007
HC5N 0.360E-009
C6H2 0.647E-007
C7H2 0.231E-008
C8H2 0.646E-010
C9H2 0.488E-010
HS 0.133E-008
C2N 0.172E-009
C3N 0.550E-008
C5N 0.168E-007
C7N 0.254E-008
HC7N 0.216E-011
C9N 0.646E-010
HC9N 0.361E-013
NO 0.541E-010
NS 0.509E-011
NO2 0.439E-014
SO2 0.353E-018
C2O 0.138E-010
SO 0.102E-011
HNC 0.102E-009
C2H4 0.667E-013
C2H5 0.392E-015
C2H5OH 0.683E-028
C2S 0.187E-007
C3O 0.111E-013
C3S 0.555E-009
C4H3 0.349E-011
C4S 0.318E-011
C6H6 0.776E-009
CCP 0.389E-014
CCL 0.577E-013
CH2CCH2 0.859E-012
CH2CCH 0.352E-010
CH2CN 0.637E-013
CH2CO 0.266E-011
CH3CCH 0.734E-011
CH3CHCH2 0.372E-012
CH3CHO 0.145E-018
CH3COCH3 0.268E-028
CH3OCH3 0.592E-029
CP 0.338E-013
CLO 0.388E-035
FE 0.000E+000
H2S 0.466E-012
H2SIO 0.835E-025
HCOOCH3 0.771E-033
HCP 0.142E-013
HPO 0.124E-018
MG 0.000E+000
NCCN 0.307E-008
NA 0.000E+000
P 0.137E-008
PH 0.978E-011
PO 0.118E-012
SI 0.200E-005
SIC2 0.334E-008
SIC2H 0.548E-012
SIC3 0.214E-010
SIC 0.303E-007
SICH2 0.399E-015
SICH3 0.131E-014
SIH2 0.165E-017
SIH3 0.110E-022
SIN 0.180E-010
SIS 0.541E-016
S 0.538E-005
N2 0.220E-004
C2H3 0.120E-009
CH3CH3 0.391E-013
PN 0.168E-009
CL 0.359E-004
C3H2 0.133E-009
C4P 0.167E-020
CH3C4H 0.150E-011
CH3C6H 0.546E-009
H2CS 0.114E-013
H2S2 0.685E-019
HC2P 0.281E-019
HCSI 0.107E-007
HCL 0.387E-007
HNSI 0.104E-013
HS2 0.108E-015
N2O 0.177E-018
PH2 0.304E-017
S2 0.938E-015
SIC2H2 0.976E-013
SIC3H 0.104E-011
SIC4 0.285E-008
SIH4 0.301E-026
SIH 0.125E-009
SINC 0.683E-016
SIO 0.636E-010
F 0.190E-005
HE 0.190E+002
HCNO 0.103E-015
HNCO 0.180E-013
HONC 0.923E-022
HNO 0.124E-009
HCOOH 0.397E-020
C11 0.695E-014
C2H5CN 0.952E-023
C3P 0.535E-018
CH2CHCCH 0.779E-011
CH2CHCHCH2 0.763E-019
CH2CHCN 0.926E-018
CH2NH 0.945E-020
CH2PH 0.180E-023
CH3C3N 0.609E-015
CH3C5N 0.222E-016
CH3C7N 0.137E-018
CNO 0.351E-022
H2CN 0.307E-011
H2O2 0.480E-038
HCS 0.303E-009
HF 0.103E-009
HNC3 0.674E-016
HOCN 0.181E-013
NH2CN 0.346E-021
O2H 0.228E-021
OCN 0.759E-010
SIO2 0.126E-011
HCO+ 0.320E-009
H+ 0.148E-005
HOC+ 0.547E-010
C+ 0.576E-001
C10H+ 0.512E-013
C2H4+ 0.719E-011
C2H5+ 0.606E-017
C2H5OH+ 0.769E-030
C2O+ 0.419E-013
C2S+ 0.123E-010
C3O+ 0.423E-017
C3S+ 0.473E-011
C4H3+ 0.772E-015
C4S+ 0.126E-012
C6H6+ 0.242E-006
CCP+ 0.133E-016
CCL+ 0.134E-009
CH2+ 0.511E-007
C3H4+ 0.225E-013
CH2CCH+ 0.484E-011
CH2CN+ 0.108E-014
CH2CO+ 0.238E-013
C3H6+ 0.754E-016
CH3CHO+ 0.355E-021
CH3COCH3+ 0.321E-030
CH3OCH3+ 0.851E-031
CH+ 0.334E-007
CP+ 0.175E-016
CLO+ 0.179E-037
FE+ 0.000E+000
H2CO+ 0.145E-011
H2S+ 0.570E-010
H2SIO+ 0.106E-022
C4H2+ 0.169E-011
COOCH4+ 0.708E-035
HCP+ 0.141E-016
HPO+ 0.167E-015
MG+ 0.000E+000
C2N+ 0.204E-011
CNC+ 0.459E-011
NH3+ 0.259E-011
NO+ 0.314E-012
NS+ 0.649E-013
NA+ 0.000E+000
OCS+ 0.147E-014
P+ 0.280E-005
PH+ 0.302E-013
PO+ 0.247E-014
SO+ 0.134E-011
SI+ 0.332E-002
SIC2+ 0.144E-010
SIC2H+ 0.433E-010
SIC3+ 0.709E-011
SIC+ 0.255E-009
SICH2+ 0.368E-009
SICH3+ 0.141E-017
SIH2+ 0.119E-010
SIH3+ 0.629E-019
SIN+ 0.170E-012
SIS+ 0.262E-014
C2+ 0.126E-007
S+ 0.185E-002
CN+ 0.892E-012
CO+ 0.221E-010
N2+ 0.534E-013
O2+ 0.697E-013
C2H+ 0.750E-008
C2H2+ 0.179E-007
C2H3+ 0.471E-008
C5H2+ 0.682E-014
C6H2+ 0.538E-010
C7H2+ 0.192E-011
C3H3+ 0.126E-011
CO2+ 0.308E-020
HC3N+ 0.116E-014
HCN+ 0.191E-011
C2N2+ 0.196E-012
C3+ 0.197E-009
C5+ 0.282E-010
CH3CH3+ 0.145E-015
PN+ 0.220E-016
H2O+ 0.593E-010
NH2+ 0.496E-011
O+ 0.863E-011
OH+ 0.597E-010
CH3+ 0.110E-006
CH4+ 0.350E-014
CH3OH+ 0.126E-022
N+ 0.413E-010
SO2+ 0.100E-024
CS+ 0.328E-009
CL+ 0.402E-006
C10+ 0.331E-011
C10H2+ 0.114E-014
C3H2+ 0.128E-011
C3H+ 0.948E-010
C4+ 0.763E-010
C4H+ 0.350E-010
C4P+ 0.132E-027
C5H+ 0.132E-010
C6+ 0.264E-008
C6H+ 0.783E-010
C7+ 0.513E-009
C7H+ 0.121E-009
C8+ 0.101E-009
C8H2+ 0.120E-011
C8H+ 0.227E-011
C9+ 0.119E-010
C9H2+ 0.404E-013
C9H+ 0.555E-012
CH3C4H+ 0.111E-016
C7H4+ 0.736E-017
CH3CN+ 0.246E-015
H2CS+ 0.473E-015
H2S2+ 0.120E-023
HC2P+ 0.931E-016
HC5N+ 0.435E-015
HC7N+ 0.158E-011
HC9N+ 0.401E-013
HCSI+ 0.205E-009
HCL+ 0.505E-010
HNSI+ 0.960E-016
HS2+ 0.867E-017
HS+ 0.136E-012
N2O+ 0.125E-010
NH+ 0.298E-011
PH2+ 0.234E-012
S2+ 0.499E-016
SIC2H2+ 0.213E-013
SIC3H+ 0.261E-013
SIC4+ 0.224E-012
SIH4+ 0.132E-031
SIH+ 0.119E-012
SINC+ 0.443E-013
SIO+ 0.153E-011
H2+ 0.563E-008
F+ 0.280E-016
HE+ 0.923E-006
C3N+ 0.210E-014
HCNO+ 0.601E-023
HNCO+ 0.766E-016
HONC+ 0.121E-028
HNO+ 0.192E-014
HCOOH+ 0.186E-022
NO2+ 0.919E-017
CH2CHCNH+ 0.191E-020
HCS+ 0.787E-010
C10H3+ 0.512E-020
C11+ 0.877E-013
C2H5CNH+ 0.168E-024
C2H5OH2+ 0.219E-028
C2H7+ 0.314E-025
C2NH+ 0.881E-012
C3H2O+ 0.119E-014
C3H5+ 0.124E-011
C3H7+ 0.641E-013
C4H4+ 0.134E-019
C4H5+ 0.550E-018
C4H7+ 0.236E-024
C4N+ 0.206E-014
C5H3+ 0.109E-012
C5H5+ 0.284E-017
C5N+ 0.159E-015
C6H3+ 0.922E-015
C6H4+ 0.688E-022
C6H5+ 0.534E-011
C6H7+ 0.192E-012
C7H3+ 0.977E-013
C7H5+ 0.127E-012
C7N+ 0.227E-011
C8H3+ 0.110E-015
C8H4+ 0.118E-017
C8H5+ 0.694E-030
C9H3+ 0.265E-017
C9H4+ 0.107E-018
C9H5+ 0.984E-028
C9N+ 0.578E-013
CF+ 0.736E-011
CH2CHCN+ 0.905E-017
CH2NH2+ 0.188E-030
CH3C3N+ 0.576E-018
CH3C3NH+ 0.365E-018
CH3C5NH+ 0.297E-018
CH3C7NH+ 0.178E-020
CH3CHOH+ 0.945E-023
CH3CNH+ 0.715E-016
CH3CO+ 0.864E-013
CH3COCH4+ 0.204E-028
CH3CS+ 0.116E-017
CH3OCH4+ 0.357E-030
CH3OH2+ 0.353E-020
CH4N+ 0.326E-018
CH5+ 0.690E-011
H2C4N+ 0.864E-018
H2C7N+ 0.366E-014
H2C9N+ 0.930E-016
H2CCL+ 0.150E-015
H2CNO+ 0.690E-021
H2CL+ 0.558E-012
H2F+ 0.102E-016
H2NC+ 0.270E-011
H2NCO+ 0.232E-015
H2NO+ 0.132E-017
H2OCN+ 0.232E-015
H2PO+ 0.133E-022
H3+ 0.100E-006
H3C3O+ 0.155E-014
H3C5N+ 0.108E-021
H3C7N+ 0.721E-018
H3C9N+ 0.756E-022
H3CO+ 0.835E-017
H3CS+ 0.138E-015
H3O+ 0.522E-010
H3S+ 0.188E-018
H3S2+ 0.153E-020
H3SIO+ 0.325E-031
H5C2O2+ 0.455E-034
HC2O+ 0.963E-012
HC2S+ 0.248E-010
HC3NH+ 0.264E-016
HC3O+ 0.256E-016
HC3S+ 0.142E-013
HC4N+ 0.129E-017
HC4S+ 0.350E-016
HC5NH+ 0.861E-016
HCNH+ 0.262E-011
HCNOH+ 0.223E-022
HCO2+ 0.501E-019
HCOOH2+ 0.227E-022
HF+ 0.657E-017
HN2O+ 0.624E-022
HNCOH+ 0.465E-015
HNS+ 0.286E-018
HOCN+ 0.766E-016
HOCS+ 0.495E-020
HPN+ 0.895E-018
HSO+ 0.369E-017
HSO2+ 0.953E-026
HSIO2+ 0.454E-020
HSIS+ 0.127E-017
HEH+ 0.818E-010
N2H+ 0.173E-012
NCCNCH3+ 0.242E-019
NCCNH+ 0.177E-012
NH2CNH+ 0.941E-030
NH4+ 0.176E-015
O2H+ 0.100E-019
OCN+ 0.176E-015
PC2H2+ 0.361E-020
PC2H3+ 0.277E-028
PC2H4+ 0.266E-027
PC3H+ 0.305E-022
PC4H+ 0.498E-022
PCH2+ 0.322E-016
PCH3+ 0.622E-026
PCH4+ 0.507E-025
PH3+ 0.305E-019
PNH2+ 0.399E-021
PNH3+ 0.220E-027
SIC2H3+ 0.546E-015
SIC3H2+ 0.622E-014
SIC4H+ 0.306E-016
SICH4+ 0.631E-019
SIF+ 0.162E-012
SIH5+ 0.374E-027
SINCH+ 0.220E-017
SINH2+ 0.194E-015
SIOH+ 0.111E-011
