C- 0.361E-010
E 0.608E-001
C2- 0.931E-013
C3- 0.135E-010
C4- 0.106E-007
C5- 0.264E-005
C6- 0.305E-006
C7- 0.417E-006
C8- 0.220E-007
C10- 0.272E-009
C2H- 0.252E-015
C3H- 0.902E-013
C3N- 0.608E-010
C4H- 0.690E-010
C5H- 0.464E-007
C6H- 0.196E-005
C7H- 0.352E-007
C8H- 0.520E-009
C9- 0.199E-007
C9H- 0.376E-009
CH- 0.129E-018
O- 0.443E-010
OH- 0.600E-011
S- 0.618E-013
CN- 0.153E-009
H- 0.377E-011
C10H- 0.164E-011
C5N- 0.105E-007
O2- 0.183E-042
C 0.766E-002
C2 0.335E-005
CH2 0.812E-006
C2H2 0.877E-009
CH 0.500E-005
C2H 0.176E-006
CO2 0.388E-011
CO 0.318E-001
H2O 0.282E-008
H2CO 0.849E-011
N 0.118E-001
CN 0.691E-007
NH 0.275E-009
HCN 0.163E-009
O2 0.328E-010
O 0.469E-001
OH 0.131E-007
HCO 0.752E-009
C4 0.441E-007
C3 0.846E-007
C5 0.764E-005
C6 0.152E-006
C7 0.728E-007
C8 0.108E-007
C9 0.346E-008
C10 0.137E-009
C3H 0.293E-007
C4H 0.855E-009
C4N 0.216E-009
C5H 0.942E-007
C6H 0.256E-005
C7H 0.152E-007
C8H 0.650E-009
C9H 0.145E-009
C10H 0.206E-011
CS 0.140E-007
CH3 0.218E-008
CH3CN 0.149E-014
CH3OH 0.138E-019
OCS 0.632E-013
CH4 0.154E-010
H 0.651E-001
H2 0.974E+002
NH2 0.482E-010
NH3 0.142E-013
C10H2 0.132E-012
H2CCC 0.641E-011
HC3N 0.282E-012
HC4H 0.136E-011
C5H2 0.928E-008
HC5N 0.218E-009
C6H2 0.437E-007
C7H2 0.122E-008
C8H2 0.268E-010
C9H2 0.187E-010
HS 0.101E-008
C2N 0.101E-009
C3N 0.343E-008
C5N 0.117E-007
C7N 0.130E-008
HC7N 0.113E-011
C9N 0.280E-010
HC9N 0.139E-013
NO 0.338E-010
NS 0.333E-011
NO2 0.234E-014
SO2 0.280E-018
C2O 0.971E-011
SO 0.755E-012
HNC 0.200E-009
C2H4 0.359E-013
C2H5 0.214E-015
C2H5OH 0.358E-028
C2S 0.820E-008
C3O 0.588E-014
C3S 0.220E-009
C4H3 0.202E-011
C4S 0.124E-011
C6H6 0.466E-009
CCP 0.205E-014
CCL 0.362E-013
CH2CCH2 0.506E-012
CH2CCH 0.191E-010
CH2CN 0.355E-013
CH2CO 0.167E-011
CH3CCH 0.399E-011
CH3CHCH2 0.198E-012
CH3CHO 0.805E-019
CH3COCH3 0.127E-028
CH3OCH3 0.368E-029
CP 0.129E-013
CLO 0.150E-035
FE 0.000E+000
H2S 0.354E-012
H2SIO 0.267E-025
HCOOCH3 0.441E-033
HCP 0.285E-014
HPO 0.567E-019
MG 0.000E+000
NCCN 0.164E-008
NA 0.000E+000
P 0.117E-008
PH 0.771E-011
PO 0.933E-013
SI 0.149E-005
SIC2 0.188E-008
SIC2H 0.306E-012
SIC3 0.131E-010
SIC 0.208E-007
SICH2 0.210E-015
SICH3 0.513E-015
SIH2 0.112E-017
SIH3 0.354E-023
SIN 0.107E-010
SIS 0.306E-016
S 0.399E-005
N2 0.119E-004
C2H3 0.767E-010
CH3CH3 0.209E-013
PN 0.144E-009
CL 0.313E-004
C3H2 0.729E-010
C4P 0.822E-021
CH3C4H 0.662E-012
CH3C6H 0.352E-009
H2CS 0.661E-014
H2S2 0.416E-019
HC2P 0.685E-020
HCSI 0.707E-008
HCL 0.326E-007
HNSI 0.668E-014
HS2 0.361E-016
N2O 0.120E-018
PH2 0.210E-017
S2 0.555E-015
SIC2H2 0.397E-013
SIC3H 0.429E-012
SIC4 0.185E-008
SIH4 0.185E-026
SIH 0.946E-010
SINC 0.426E-016
SIO 0.446E-010
F 0.166E-005
HE 0.166E+002
HCNO 0.721E-016
HNCO 0.126E-013
HONC 0.637E-022
HNO 0.663E-010
HCOOH 0.151E-020
C11 0.255E-014
C2H5CN 0.423E-023
C3P 0.111E-018
CH2CHCCH 0.464E-011
CH2CHCHCH2 0.334E-019
CH2CHCN 0.391E-018
CH2NH 0.526E-020
CH2PH 0.100E-023
CH3C3N 0.171E-015
CH3C5N 0.114E-016
CH3C7N 0.606E-019
CNO 0.289E-022
H2CN 0.196E-011
H2O2 0.422E-039
HCS 0.143E-009
HF 0.523E-010
HNC3 0.340E-016
HOCN 0.126E-013
NH2CN 0.161E-021
O2H 0.134E-021
OCN 0.420E-010
SIO2 0.449E-012
HCO+ 0.237E-009
H+ 0.141E-005
HOC+ 0.435E-010
C+ 0.560E-001
C10H+ 0.212E-013
C2H4+ 0.470E-011
C2H5+ 0.319E-017
C2H5OH+ 0.410E-030
C2O+ 0.297E-013
C2S+ 0.641E-011
C3O+ 0.242E-017
C3S+ 0.293E-011
C4H3+ 0.430E-015
C4S+ 0.779E-013
C6H6+ 0.208E-006
CCP+ 0.464E-017
CCL+ 0.114E-009
CH2+ 0.464E-007
C3H4+ 0.125E-013
CH2CCH+ 0.277E-011
CH2CN+ 0.594E-015
CH2CO+ 0.151E-013
C3H6+ 0.395E-016
CH3CHO+ 0.199E-021
CH3COCH3+ 0.154E-030
CH3OCH3+ 0.536E-031
CH+ 0.301E-007
CP+ 0.776E-017
CLO+ 0.695E-038
FE+ 0.000E+000
H2CO+ 0.118E-011
H2S+ 0.444E-010
H2SIO+ 0.746E-023
C4H2+ 0.105E-011
COOCH4+ 0.408E-035
HCP+ 0.549E-017
HPO+ 0.140E-015
MG+ 0.000E+000
C2N+ 0.257E-011
CNC+ 0.264E-011
NH3+ 0.209E-011
NO+ 0.204E-012
NS+ 0.460E-013
NA+ 0.000E+000
OCS+ 0.744E-015
P+ 0.244E-005
PH+ 0.236E-013
PO+ 0.202E-014
SO+ 0.110E-011
SI+ 0.289E-002
SIC2+ 0.964E-011
SIC2H+ 0.257E-010
SIC3+ 0.473E-011
SIC+ 0.201E-009
SICH2+ 0.249E-009
SICH3+ 0.553E-018
SIH2+ 0.923E-011
SIH3+ 0.438E-019
SIN+ 0.115E-012
SIS+ 0.176E-014
C2+ 0.104E-007
S+ 0.161E-002
CN+ 0.794E-012
CO+ 0.205E-010
N2+ 0.342E-013
O2+ 0.691E-013
C2H+ 0.588E-008
C2H2+ 0.125E-007
C2H3+ 0.294E-008
C5H2+ 0.436E-014
C6H2+ 0.373E-010
C7H2+ 0.104E-011
C3H3+ 0.708E-012
CO2+ 0.278E-020
HC3N+ 0.647E-015
HCN+ 0.166E-011
C2N2+ 0.115E-012
C3+ 0.135E-009
C5+ 0.230E-010
CH3CH3+ 0.792E-016
PN+ 0.187E-016
H2O+ 0.576E-010
NH2+ 0.451E-011
O+ 0.979E-011
OH+ 0.622E-010
CH3+ 0.889E-007
CH4+ 0.251E-014
CH3OH+ 0.946E-023
N+ 0.443E-010
SO2+ 0.795E-025
CS+ 0.246E-009
CL+ 0.360E-006
C10+ 0.158E-011
C10H2+ 0.413E-015
C3H2+ 0.726E-012
C3H+ 0.580E-010
C4+ 0.592E-010
C4H+ 0.247E-010
C4P+ 0.640E-028
C5H+ 0.935E-011
C6+ 0.211E-008
C6H+ 0.551E-010
C7+ 0.382E-009
C7H+ 0.806E-010
C8+ 0.601E-010
C8H2+ 0.590E-012
C8H+ 0.122E-011
C9+ 0.608E-011
C9H2+ 0.159E-013
C9H+ 0.250E-012
CH3C4H+ 0.762E-017
C7H4+ 0.451E-017
CH3CN+ 0.152E-015
H2CS+ 0.322E-015
H2S2+ 0.374E-024
HC2P+ 0.505E-016
HC5N+ 0.295E-015
HC7N+ 0.802E-012
HC9N+ 0.173E-013
HCSI+ 0.156E-009
HCL+ 0.434E-010
HNSI+ 0.713E-016
HS2+ 0.594E-017
HS+ 0.961E-013
N2O+ 0.109E-010
NH+ 0.293E-011
PH2+ 0.188E-012
S2+ 0.323E-016
SIC2H2+ 0.123E-013
SIC3H+ 0.129E-013
SIC4+ 0.139E-012
SIH4+ 0.415E-032
SIH+ 0.903E-013
SINC+ 0.450E-013
SIO+ 0.131E-011
H2+ 0.562E-008
F+ 0.172E-016
HE+ 0.958E-006
C3N+ 0.133E-014
HCNO+ 0.502E-023
HNCO+ 0.612E-016
HONC+ 0.983E-029
HNO+ 0.167E-014
HCOOH+ 0.717E-023
NO2+ 0.512E-017
CH2CHCNH+ 0.816E-021
HCS+ 0.523E-010
C10H3+ 0.152E-020
C11+ 0.399E-013
C2H5CNH+ 0.754E-025
C2H5OH2+ 0.113E-028
C2H7+ 0.129E-025
C2NH+ 0.531E-012
C3H2O+ 0.666E-015
C3H5+ 0.683E-012
C3H7+ 0.337E-013
C4H4+ 0.700E-020
C4H5+ 0.249E-018
C4H7+ 0.799E-025
C4N+ 0.117E-014
C5H3+ 0.648E-013
C5H5+ 0.181E-017
C5N+ 0.109E-015
C6H3+ 0.440E-015
C6H4+ 0.282E-022
C6H5+ 0.411E-011
C6H7+ 0.131E-012
C7H3+ 0.628E-013
C7H5+ 0.760E-013
C7N+ 0.129E-011
C8H3+ 0.546E-016
C8H4+ 0.525E-018
C8H5+ 0.268E-030
C9H3+ 0.104E-017
C9H4+ 0.369E-019
C9H5+ 0.404E-028
C9N+ 0.279E-013
CF+ 0.371E-011
CH2CHCN+ 0.442E-017
CH2NH2+ 0.821E-031
CH3C3N+ 0.316E-018
CH3C3NH+ 0.179E-018
CH3C5NH+ 0.156E-018
CH3C7NH+ 0.809E-021
CH3CHOH+ 0.531E-023
CH3CNH+ 0.389E-016
CH3CO+ 0.547E-013
CH3COCH4+ 0.955E-029
CH3CS+ 0.550E-018
CH3OCH4+ 0.224E-030
CH3OH2+ 0.268E-020
CH4N+ 0.215E-018
CH5+ 0.522E-011
H2C4N+ 0.494E-018
H2C7N+ 0.166E-014
H2C9N+ 0.358E-016
H2CCL+ 0.107E-015
H2CNO+ 0.481E-021
H2CL+ 0.403E-012
H2F+ 0.526E-017
H2NC+ 0.194E-011
H2NCO+ 0.165E-015
H2NO+ 0.648E-018
H2OCN+ 0.165E-015
H2PO+ 0.103E-022
H3+ 0.887E-007
H3C3O+ 0.790E-015
H3C5N+ 0.604E-022
H3C7N+ 0.385E-018
H3C9N+ 0.308E-022
H3CO+ 0.658E-017
H3CS+ 0.860E-016
H3O+ 0.450E-010
H3S+ 0.120E-018
H3S2+ 0.963E-021
H3SIO+ 0.204E-031
H5C2O2+ 0.264E-034
HC2O+ 0.666E-012
HC2S+ 0.114E-010
HC3NH+ 0.134E-016
HC3O+ 0.153E-016
HC3S+ 0.705E-014
HC4N+ 0.771E-018
HC4S+ 0.193E-016
HC5NH+ 0.514E-016
HCNH+ 0.202E-011
HCNOH+ 0.162E-022
HCO2+ 0.350E-019
HCOOH2+ 0.165E-022
HF+ 0.394E-017
HN2O+ 0.518E-022
HNCOH+ 0.329E-015
HNS+ 0.190E-018
HOCN+ 0.612E-016
HOCS+ 0.299E-020
HPN+ 0.706E-018
HSO+ 0.271E-017
HSO2+ 0.677E-026
HSIO2+ 0.146E-020
HSIS+ 0.739E-018
HEH+ 0.815E-010
N2H+ 0.940E-013
NCCNCH3+ 0.107E-019
NCCNH+ 0.921E-013
NH2CNH+ 0.395E-030
NH4+ 0.127E-015
O2H+ 0.873E-020
OCN+ 0.144E-015
PC2H2+ 0.173E-020
PC2H3+ 0.119E-028
PC2H4+ 0.117E-027
PC3H+ 0.150E-022
PC4H+ 0.269E-022
PCH2+ 0.123E-016
PCH3+ 0.348E-026
PCH4+ 0.292E-025
PH3+ 0.221E-019
PNH2+ 0.253E-021
PNH3+ 0.129E-027
SIC2H3+ 0.278E-015
SIC3H2+ 0.305E-014
SIC4H+ 0.183E-016
SICH4+ 0.373E-019
SIF+ 0.739E-013
SIH5+ 0.235E-027
SINCH+ 0.142E-017
SINH2+ 0.128E-015
SIOH+ 0.852E-012
