C- 0.306E-010
E 0.587E-001
C2- 0.699E-013
C3- 0.107E-010
C4- 0.836E-008
C5- 0.212E-005
C6- 0.196E-006
C7- 0.244E-006
C8- 0.108E-007
C10- 0.123E-009
C2H- 0.179E-015
C3H- 0.664E-013
C3N- 0.393E-010
C4H- 0.504E-010
C5H- 0.335E-007
C6H- 0.150E-005
C7H- 0.215E-007
C8H- 0.243E-009
C9- 0.953E-008
C9H- 0.158E-009
CH- 0.921E-019
O- 0.471E-010
OH- 0.564E-011
S- 0.455E-013
CN- 0.106E-009
H- 0.321E-011
C10H- 0.637E-012
C5N- 0.717E-008
O2- 0.958E-046
C 0.662E-002
C2 0.248E-005
CH2 0.641E-006
C2H2 0.518E-009
CH 0.401E-005
C2H 0.121E-006
CO2 0.301E-011
CO 0.220E-001
H2O 0.260E-008
H2CO 0.623E-011
N 0.103E-001
CN 0.453E-007
NH 0.228E-009
HCN 0.112E-009
O2 0.297E-010
O 0.465E-001
OH 0.119E-007
HCO 0.577E-009
C4 0.340E-007
C3 0.644E-007
C5 0.616E-005
C6 0.982E-007
C7 0.427E-007
C8 0.534E-008
C9 0.166E-008
C10 0.621E-010
C3H 0.214E-007
C4H 0.587E-009
C4N 0.146E-009
C5H 0.680E-007
C6H 0.196E-005
C7H 0.933E-008
C8H 0.304E-009
C9H 0.608E-010
C10H 0.798E-012
CS 0.726E-008
CH3 0.168E-008
CH3CN 0.794E-015
CH3OH 0.101E-019
OCS 0.285E-013
CH4 0.108E-010
H 0.569E-001
H2 0.849E+002
NH2 0.379E-010
NH3 0.994E-014
C10H2 0.445E-013
H2CCC 0.358E-011
HC3N 0.158E-012
HC4H 0.840E-012
C5H2 0.589E-008
HC5N 0.130E-009
C6H2 0.292E-007
C7H2 0.647E-009
C8H2 0.110E-010
C9H2 0.683E-011
HS 0.766E-009
C2N 0.599E-010
C3N 0.214E-008
C5N 0.810E-008
C7N 0.646E-009
HC7N 0.590E-012
C9N 0.115E-010
HC9N 0.505E-014
NO 0.215E-010
NS 0.218E-011
NO2 0.120E-014
SO2 0.217E-018
C2O 0.675E-011
SO 0.527E-012
HNC 0.139E-009
C2H4 0.204E-013
C2H5 0.129E-015
C2H5OH 0.204E-028
C2S 0.348E-008
C3O 0.302E-014
C3S 0.834E-010
C4H3 0.117E-011
C4S 0.455E-012
C6H6 0.278E-009
CCP 0.107E-014
CCL 0.237E-013
CH2CCH2 0.297E-012
CH2CCH 0.103E-010
CH2CN 0.196E-013
CH2CO 0.987E-012
CH3CCH 0.216E-011
CH3CHCH2 0.110E-012
CH3CHO 0.513E-019
CH3COCH3 0.722E-029
CH3OCH3 0.225E-029
CP 0.647E-014
CLO 0.547E-036
FE 0.000E+000
H2S 0.269E-012
H2SIO 0.805E-026
HCOOCH3 0.248E-033
HCP 0.685E-015
HPO 0.292E-019
MG 0.000E+000
NCCN 0.856E-009
NA 0.000E+000
P 0.997E-009
PH 0.608E-011
PO 0.739E-013
SI 0.112E-005
SIC2 0.109E-008
SIC2H 0.170E-012
SIC3 0.794E-011
SIC 0.143E-007
SICH2 0.113E-015
SICH3 0.192E-015
SIH2 0.763E-018
SIH3 0.107E-023
SIN 0.637E-011
SIS 0.175E-016
S 0.301E-005
N2 0.620E-005
C2H3 0.486E-010
CH3CH3 0.117E-013
PN 0.124E-009
CL 0.272E-004
C3H2 0.399E-010
C4P 0.416E-021
CH3C4H 0.283E-012
CH3C6H 0.224E-009
H2CS 0.385E-014
H2S2 0.252E-019
HC2P 0.237E-020
HCSI 0.465E-008
HCL 0.267E-007
HNSI 0.426E-014
HS2 0.111E-016
N2O 0.861E-019
PH2 0.146E-017
S2 0.334E-015
SIC2H2 0.173E-013
SIC3H 0.183E-012
SIC4 0.118E-008
SIH4 0.114E-026
SIH 0.713E-010
SINC 0.266E-016
SIO 0.311E-010
F 0.144E-005
HE 0.144E+002
HCNO 0.471E-016
HNCO 0.829E-014
HONC 0.444E-022
HNO 0.341E-010
HCOOH 0.882E-021
C11 0.885E-015
C2H5CN 0.183E-023
C3P 0.207E-019
CH2CHCCH 0.275E-011
CH2CHCHCH2 0.160E-019
CH2CHCN 0.163E-018
CH2NH 0.292E-020
CH2PH 0.557E-024
CH3C3N 0.502E-016
CH3C5N 0.576E-017
CH3C7N 0.266E-019
CNO 0.235E-022
H2CN 0.126E-011
H2O2 0.307E-040
HCS 0.648E-010
HF 0.256E-010
HNC3 0.171E-016
HOCN 0.833E-014
NH2CN 0.755E-022
O2H 0.912E-022
OCN 0.231E-010
SIO2 0.149E-012
HCO+ 0.172E-009
H+ 0.135E-005
HOC+ 0.342E-010
C+ 0.545E-001
C10H+ 0.840E-014
C2H4+ 0.304E-011
C2H5+ 0.178E-017
C2H5OH+ 0.240E-030
C2O+ 0.209E-013
C2S+ 0.332E-011
C3O+ 0.134E-017
C3S+ 0.184E-011
C4H3+ 0.239E-015
C4S+ 0.478E-013
C6H6+ 0.178E-006
CCP+ 0.202E-017
CCL+ 0.943E-010
CH2+ 0.421E-007
C3H4+ 0.690E-014
CH2CCH+ 0.158E-011
CH2CN+ 0.326E-015
CH2CO+ 0.910E-014
C3H6+ 0.216E-016
CH3CHO+ 0.129E-021
CH3COCH3+ 0.898E-031
CH3OCH3+ 0.332E-031
CH+ 0.272E-007
CP+ 0.430E-017
CLO+ 0.256E-038
FE+ 0.000E+000
H2CO+ 0.947E-012
H2S+ 0.345E-010
H2SIO+ 0.527E-023
C4H2+ 0.643E-012
COOCH4+ 0.232E-035
HCP+ 0.277E-017
HPO+ 0.117E-015
MG+ 0.000E+000
C2N+ 0.172E-011
CNC+ 0.153E-011
NH3+ 0.168E-011
NO+ 0.136E-012
NS+ 0.327E-013
NA+ 0.000E+000
OCS+ 0.371E-015
P+ 0.212E-005
PH+ 0.184E-013
PO+ 0.164E-014
SO+ 0.894E-012
SI+ 0.252E-002
SIC2+ 0.650E-011
SIC2H+ 0.154E-010
SIC3+ 0.313E-011
SIC+ 0.158E-009
SICH2+ 0.168E-009
SICH3+ 0.211E-018
SIH2+ 0.712E-011
SIH3+ 0.306E-019
SIN+ 0.787E-013
SIS+ 0.117E-014
C2+ 0.862E-008
S+ 0.141E-002
CN+ 0.706E-012
CO+ 0.188E-010
N2+ 0.212E-013
O2+ 0.683E-013
C2H+ 0.458E-008
C2H2+ 0.866E-008
C2H3+ 0.190E-008
C5H2+ 0.275E-014
C6H2+ 0.255E-010
C7H2+ 0.567E-012
C3H3+ 0.398E-012
CO2+ 0.245E-020
HC3N+ 0.363E-015
HCN+ 0.144E-011
C2N2+ 0.657E-013
C3+ 0.931E-010
C5+ 0.186E-010
CH3CH3+ 0.452E-016
PN+ 0.158E-016
H2O+ 0.557E-010
NH2+ 0.410E-011
O+ 0.111E-010
OH+ 0.649E-010
CH3+ 0.716E-007
CH4+ 0.179E-014
CH3OH+ 0.703E-023
N+ 0.479E-010
SO2+ 0.615E-025
CS+ 0.185E-009
CL+ 0.337E-006
C10+ 0.729E-012
C10H2+ 0.142E-015
C3H2+ 0.415E-012
C3H+ 0.355E-010
C4+ 0.454E-010
C4H+ 0.173E-010
C4P+ 0.321E-028
C5H+ 0.659E-011
C6+ 0.167E-008
C6H+ 0.384E-010
C7+ 0.285E-009
C7H+ 0.536E-010
C8+ 0.356E-010
C8H2+ 0.290E-012
C8H+ 0.652E-012
C9+ 0.299E-011
C9H2+ 0.595E-014
C9H+ 0.108E-012
CH3C4H+ 0.524E-017
C7H4+ 0.275E-017
CH3CN+ 0.923E-016
H2CS+ 0.219E-015
H2S2+ 0.110E-024
HC2P+ 0.264E-016
HC5N+ 0.197E-015
HC7N+ 0.395E-012
HC9N+ 0.705E-014
HCSI+ 0.119E-009
HCL+ 0.359E-010
HNSI+ 0.526E-016
HS2+ 0.407E-017
HS+ 0.678E-013
N2O+ 0.947E-011
NH+ 0.288E-011
PH2+ 0.151E-012
S2+ 0.213E-016
SIC2H2+ 0.701E-014
SIC3H+ 0.636E-014
SIC4+ 0.858E-013
SIH4+ 0.123E-032
SIH+ 0.687E-013
SINC+ 0.259E-013
SIO+ 0.111E-011
H2+ 0.561E-008
F+ 0.103E-016
HE+ 0.100E-005
C3N+ 0.843E-015
HCNO+ 0.393E-023
HNCO+ 0.459E-016
HONC+ 0.807E-029
HNO+ 0.145E-014
HCOOH+ 0.426E-023
NO2+ 0.273E-017
CH2CHCNH+ 0.348E-021
HCS+ 0.347E-010
C10H3+ 0.444E-021
C11+ 0.176E-013
C2H5CNH+ 0.331E-025
C2H5OH2+ 0.615E-029
C2H7+ 0.551E-026
C2NH+ 0.321E-012
C3H2O+ 0.348E-015
C3H5+ 0.375E-012
C3H7+ 0.177E-013
C4H4+ 0.363E-020
C4H5+ 0.112E-018
C4H7+ 0.294E-025
C4N+ 0.664E-015
C5H3+ 0.383E-013
C5H5+ 0.116E-017
C5N+ 0.746E-016
C6H3+ 0.209E-015
C6H4+ 0.117E-022
C6H5+ 0.317E-011
C6H7+ 0.896E-013
C7H3+ 0.398E-013
C7H5+ 0.453E-013
C7N+ 0.714E-012
C8H3+ 0.279E-016
C8H4+ 0.239E-018
C8H5+ 0.102E-030
C9H3+ 0.418E-018
C9H4+ 0.132E-019
C9H5+ 0.163E-028
C9N+ 0.127E-013
CF+ 0.181E-011
CH2CHCN+ 0.215E-017
CH2NH2+ 0.353E-031
CH3C3N+ 0.169E-018
CH3C3NH+ 0.851E-019
CH3C5NH+ 0.807E-019
CH3C7NH+ 0.366E-021
CH3CHOH+ 0.287E-023
CH3CNH+ 0.209E-016
CH3CO+ 0.325E-013
CH3COCH4+ 0.517E-029
CH3CS+ 0.275E-018
CH3OCH4+ 0.139E-030
CH3OH2+ 0.202E-020
CH4N+ 0.141E-018
CH5+ 0.394E-011
H2C4N+ 0.276E-018
H2C7N+ 0.730E-015
H2C9N+ 0.130E-016
H2CCL+ 0.736E-016
H2CNO+ 0.159E-021
H2CL+ 0.162E-012
H2F+ 0.263E-017
H2NC+ 0.138E-011
H2NCO+ 0.109E-015
H2NO+ 0.306E-018
H2OCN+ 0.109E-015
H2PO+ 0.789E-023
H3+ 0.786E-007
H3C3O+ 0.394E-015
H3C5N+ 0.342E-022
H3C7N+ 0.205E-018
H3C9N+ 0.124E-022
H3CO+ 0.516E-017
H3CS+ 0.534E-016
H3O+ 0.386E-010
H3S+ 0.764E-019
H3S2+ 0.606E-021
H3SIO+ 0.129E-031
H5C2O2+ 0.151E-034
HC2O+ 0.460E-012
HC2S+ 0.525E-011
HC3NH+ 0.675E-017
HC3O+ 0.907E-017
HC3S+ 0.349E-014
HC4N+ 0.452E-018
HC4S+ 0.106E-016
HC5NH+ 0.301E-016
HCNH+ 0.154E-011
HCNOH+ 0.110E-022
HCO2+ 0.239E-019
HCOOH2+ 0.116E-022
HF+ 0.230E-017
HN2O+ 0.427E-022
HNCOH+ 0.219E-015
HNS+ 0.128E-018
HOCN+ 0.459E-016
HOCS+ 0.171E-020
HPN+ 0.555E-018
HSO+ 0.201E-017
HSO2+ 0.468E-026
HSIO2+ 0.437E-021
HSIS+ 0.438E-018
HEH+ 0.812E-010
N2H+ 0.496E-013
NCCNCH3+ 0.455E-020
NCCNH+ 0.465E-013
NH2CNH+ 0.167E-030
NH4+ 0.920E-016
O2H+ 0.760E-020
OCN+ 0.110E-015
PC2H2+ 0.876E-021
PC2H3+ 0.541E-029
PC2H4+ 0.550E-028
PC3H+ 0.748E-023
PC4H+ 0.143E-022
PCH2+ 0.610E-017
PCH3+ 0.194E-026
PCH4+ 0.167E-025
PH3+ 0.161E-019
PNH2+ 0.160E-021
PNH3+ 0.749E-028
SIC2H3+ 0.142E-015
SIC3H2+ 0.148E-014
SIC4H+ 0.106E-016
SICH4+ 0.223E-019
SIF+ 0.326E-013
SIH5+ 0.148E-027
SINCH+ 0.910E-018
SINH2+ 0.837E-016
SIOH+ 0.648E-012
